[2024-12-11T21:26:24.355+0000] {local_task_job_runner.py:123} INFO - ::group::Pre task execution logs
[2024-12-11T21:26:24.372+0000] {taskinstance.py:2613} INFO - Dependencies all met for dep_context=non-requeueable deps ti=<TaskInstance: fetch_and_store_google_books.insert_book_data scheduled__2024-11-18T00:00:00+00:00 [queued]>
[2024-12-11T21:26:24.380+0000] {taskinstance.py:2613} INFO - Dependencies all met for dep_context=requeueable deps ti=<TaskInstance: fetch_and_store_google_books.insert_book_data scheduled__2024-11-18T00:00:00+00:00 [queued]>
[2024-12-11T21:26:24.380+0000] {taskinstance.py:2866} INFO - Starting attempt 1 of 2
[2024-12-11T21:26:24.393+0000] {taskinstance.py:2889} INFO - Executing <Task(PythonOperator): insert_book_data> on 2024-11-18 00:00:00+00:00
[2024-12-11T21:26:24.402+0000] {warnings.py:112} WARNING - /home/***/.local/lib/python3.12/site-packages/***/task/task_runner/standard_task_runner.py:70: DeprecationWarning: This process (pid=2201) is multi-threaded, use of fork() may lead to deadlocks in the child.
  pid = os.fork()

[2024-12-11T21:26:24.404+0000] {standard_task_runner.py:72} INFO - Started process 2206 to run task
[2024-12-11T21:26:24.404+0000] {standard_task_runner.py:104} INFO - Running: ['***', 'tasks', 'run', 'fetch_and_store_google_books', 'insert_book_data', 'scheduled__2024-11-18T00:00:00+00:00', '--job-id', '1146', '--raw', '--subdir', 'DAGS_FOLDER/dag2.py', '--cfg-path', '/tmp/tmpiy7jv9j2']
[2024-12-11T21:26:24.406+0000] {standard_task_runner.py:105} INFO - Job 1146: Subtask insert_book_data
[2024-12-11T21:26:24.460+0000] {task_command.py:467} INFO - Running <TaskInstance: fetch_and_store_google_books.insert_book_data scheduled__2024-11-18T00:00:00+00:00 [running]> on host bb74d1700244
[2024-12-11T21:26:24.544+0000] {taskinstance.py:3132} INFO - Exporting env vars: AIRFLOW_CTX_DAG_OWNER='***' AIRFLOW_CTX_DAG_ID='fetch_and_store_google_books' AIRFLOW_CTX_TASK_ID='insert_book_data' AIRFLOW_CTX_EXECUTION_DATE='2024-11-18T00:00:00+00:00' AIRFLOW_CTX_TRY_NUMBER='1' AIRFLOW_CTX_DAG_RUN_ID='scheduled__2024-11-18T00:00:00+00:00'
[2024-12-11T21:26:24.546+0000] {logging_mixin.py:190} INFO - Task instance is in running state
[2024-12-11T21:26:24.546+0000] {logging_mixin.py:190} INFO -  Previous state of the Task instance: queued
[2024-12-11T21:26:24.547+0000] {logging_mixin.py:190} INFO - Current task name:insert_book_data state:running start_date:2024-12-11 21:26:24.373340+00:00
[2024-12-11T21:26:24.548+0000] {logging_mixin.py:190} INFO - Dag name:fetch_and_store_google_books and current dag run status:running
[2024-12-11T21:26:24.549+0000] {taskinstance.py:731} INFO - ::endgroup::
[2024-12-11T21:26:24.570+0000] {base.py:84} INFO - Retrieving connection 'books_connection2'
[2024-12-11T21:26:24.573+0000] {sql.py:544} INFO - Running statement: 
    INSERT INTO google_books (title, authors, price, rating, link)
    VALUES (%s, %s, %s, %s, %s)
    , parameters: ('Data Engineering on Azure', 'Vlad Riscutia', 'Not Available', 'No Rating', 'http://books.google.co.in/books?id=q1Q5EAAAQBAJ&dq=data+engineering&hl=&source=gbs_api')
[2024-12-11T21:26:24.575+0000] {sql.py:553} INFO - Rows affected: 1
[2024-12-11T21:26:24.579+0000] {sql.py:544} INFO - Running statement: 
    INSERT INTO google_books (title, authors, price, rating, link)
    VALUES (%s, %s, %s, %s, %s)
    , parameters: ('Data Engineering with Python', 'Paul Crickard', 'Not Available', 'No Rating', 'https://play.google.com/store/books/details?id=9RYFEAAAQBAJ&source=gbs_api')
[2024-12-11T21:26:24.581+0000] {sql.py:553} INFO - Rows affected: 1
[2024-12-11T21:26:24.585+0000] {sql.py:544} INFO - Running statement: 
    INSERT INTO google_books (title, authors, price, rating, link)
    VALUES (%s, %s, %s, %s, %s)
    , parameters: ('Data Engineering with Google Cloud Platform', 'Adi Wijaya', 'Not Available', 'No Rating', 'https://play.google.com/store/books/details?id=AH9gEAAAQBAJ&source=gbs_api')
[2024-12-11T21:26:24.586+0000] {sql.py:553} INFO - Rows affected: 1
[2024-12-11T21:26:24.591+0000] {sql.py:544} INFO - Running statement: 
    INSERT INTO google_books (title, authors, price, rating, link)
    VALUES (%s, %s, %s, %s, %s)
    , parameters: ('Data Engineering with Apache Spark, Delta Lake, and Lakehouse', 'Manoj Kukreja, Danil Zburivsky', 'Not Available', 'No Rating', 'https://play.google.com/store/books/details?id=XiJEEAAAQBAJ&source=gbs_api')
[2024-12-11T21:26:24.592+0000] {sql.py:553} INFO - Rows affected: 1
[2024-12-11T21:26:24.597+0000] {sql.py:544} INFO - Running statement: 
    INSERT INTO google_books (title, authors, price, rating, link)
    VALUES (%s, %s, %s, %s, %s)
    , parameters: ('Fundamentals of Data Engineering', 'Joe Reis, Matt Housley', 'Not Available', 'No Rating', 'http://books.google.co.in/books?id=3qd2EAAAQBAJ&dq=data+engineering&hl=&source=gbs_api')
[2024-12-11T21:26:24.598+0000] {sql.py:553} INFO - Rows affected: 1
[2024-12-11T21:26:24.603+0000] {sql.py:544} INFO - Running statement: 
    INSERT INTO google_books (title, authors, price, rating, link)
    VALUES (%s, %s, %s, %s, %s)
    , parameters: ('97 Things Every Data Engineer Should Know', 'Tobias Macey', 'Not Available', 'No Rating', 'https://play.google.com/store/books/details?id=ZTQzEAAAQBAJ&source=gbs_api')
[2024-12-11T21:26:24.604+0000] {sql.py:553} INFO - Rows affected: 1
[2024-12-11T21:26:24.609+0000] {sql.py:544} INFO - Running statement: 
    INSERT INTO google_books (title, authors, price, rating, link)
    VALUES (%s, %s, %s, %s, %s)
    , parameters: ('The Rails Way', 'Obie Fernandez', 'Not Available', 'No Rating', 'http://books.google.co.in/books?id=bSfoGQkZYcQC&dq=data+engineering&hl=&source=gbs_api')
[2024-12-11T21:26:24.611+0000] {sql.py:553} INFO - Rows affected: 1
[2024-12-11T21:26:24.616+0000] {sql.py:544} INFO - Running statement: 
    INSERT INTO google_books (title, authors, price, rating, link)
    VALUES (%s, %s, %s, %s, %s)
    , parameters: ('The Pragmatic Programmer', 'David Thomas, Andrew Hunt', 'Not Available', 'No Rating', 'https://play.google.com/store/books/details?id=LhOlDwAAQBAJ&source=gbs_api')
[2024-12-11T21:26:24.617+0000] {sql.py:553} INFO - Rows affected: 1
[2024-12-11T21:26:24.621+0000] {sql.py:544} INFO - Running statement: 
    INSERT INTO google_books (title, authors, price, rating, link)
    VALUES (%s, %s, %s, %s, %s)
    , parameters: ('Data Pipelines Pocket Reference', 'James Densmore', 'Not Available', 'No Rating', 'http://books.google.co.in/books?id=SxgcEAAAQBAJ&dq=data+engineering&hl=&source=gbs_api')
[2024-12-11T21:26:24.625+0000] {sql.py:553} INFO - Rows affected: 1
[2024-12-11T21:26:24.631+0000] {sql.py:544} INFO - Running statement: 
    INSERT INTO google_books (title, authors, price, rating, link)
    VALUES (%s, %s, %s, %s, %s)
    , parameters: ('Official Google Cloud Certified Professional Data Engineer Study Guide', 'Dan Sullivan', 'Not Available', 'No Rating', 'https://play.google.com/store/books/details?id=NDXnDwAAQBAJ&source=gbs_api')
[2024-12-11T21:26:24.633+0000] {sql.py:553} INFO - Rows affected: 1
[2024-12-11T21:26:24.638+0000] {sql.py:544} INFO - Running statement: 
    INSERT INTO google_books (title, authors, price, rating, link)
    VALUES (%s, %s, %s, %s, %s)
    , parameters: ('Data-Driven Science and Engineering', 'Steven L. Brunton, J. Nathan Kutz', 'Not Available', 'No Rating', 'http://books.google.co.in/books?id=rxNkEAAAQBAJ&dq=data+engineering&hl=&source=gbs_api')
[2024-12-11T21:26:24.640+0000] {sql.py:553} INFO - Rows affected: 1
[2024-12-11T21:26:24.644+0000] {sql.py:544} INFO - Running statement: 
    INSERT INTO google_books (title, authors, price, rating, link)
    VALUES (%s, %s, %s, %s, %s)
    , parameters: ('Azure Data Engineering Cookbook', 'Ahmad Osama', 'Not Available', 'No Rating', 'https://play.google.com/store/books/details?id=G3UjEAAAQBAJ&source=gbs_api')
[2024-12-11T21:26:24.646+0000] {sql.py:553} INFO - Rows affected: 1
[2024-12-11T21:26:24.650+0000] {sql.py:544} INFO - Running statement: 
    INSERT INTO google_books (title, authors, price, rating, link)
    VALUES (%s, %s, %s, %s, %s)
    , parameters: ('Data Engineering and Communication Technology', 'K. Ashoka Reddy, B. Rama Devi, Boby George, K. Srujan Raju', 'Not Available', 'No Rating', 'https://play.google.com/store/books/details?id=48wvEAAAQBAJ&source=gbs_api')
[2024-12-11T21:26:24.652+0000] {sql.py:553} INFO - Rows affected: 1
[2024-12-11T21:26:24.656+0000] {sql.py:544} INFO - Running statement: 
    INSERT INTO google_books (title, authors, price, rating, link)
    VALUES (%s, %s, %s, %s, %s)
    , parameters: ('Emerging Research in Data Engineering Systems and Computer Communications', 'P. Venkata Krishna, Mohammad S. Obaidat', 'Not Available', 'No Rating', 'https://play.google.com/store/books/details?id=KIvPDwAAQBAJ&source=gbs_api')
[2024-12-11T21:26:24.658+0000] {sql.py:553} INFO - Rows affected: 1
[2024-12-11T21:26:24.663+0000] {sql.py:544} INFO - Running statement: 
    INSERT INTO google_books (title, authors, price, rating, link)
    VALUES (%s, %s, %s, %s, %s)
    , parameters: ('Advances in Artificial Intelligence and Data Engineering', 'Niranjan N. Chiplunkar, Takanori Fukao', 'Not Available', 'No Rating', 'http://books.google.co.in/books?id=iIhezgEACAAJ&dq=data+engineering&hl=&source=gbs_api')
[2024-12-11T21:26:24.664+0000] {sql.py:553} INFO - Rows affected: 1
[2024-12-11T21:26:24.669+0000] {sql.py:544} INFO - Running statement: 
    INSERT INTO google_books (title, authors, price, rating, link)
    VALUES (%s, %s, %s, %s, %s)
    , parameters: ('Azure Data Engineer Associate Certification Guide', 'Newton Alex', 'Not Available', 'No Rating', 'https://play.google.com/store/books/details?id=NCdcEAAAQBAJ&source=gbs_api')
[2024-12-11T21:26:24.671+0000] {sql.py:553} INFO - Rows affected: 1
[2024-12-11T21:26:24.676+0000] {sql.py:544} INFO - Running statement: 
    INSERT INTO google_books (title, authors, price, rating, link)
    VALUES (%s, %s, %s, %s, %s)
    , parameters: ('Perspectives on Data Science for Software Engineering', 'Tim Menzies, Laurie Williams, Thomas Zimmermann', 'Not Available', 5, 'https://play.google.com/store/books/details?id=Kc7nCQAAQBAJ&source=gbs_api')
[2024-12-11T21:26:24.677+0000] {sql.py:553} INFO - Rows affected: 1
[2024-12-11T21:26:24.682+0000] {sql.py:544} INFO - Running statement: 
    INSERT INTO google_books (title, authors, price, rating, link)
    VALUES (%s, %s, %s, %s, %s)
    , parameters: ('Data-Driven Engineering Design', 'Ang Liu, Yuchen Wang, Xingzhi Wang', 'Not Available', 'No Rating', 'https://play.google.com/store/books/details?id=glJHEAAAQBAJ&source=gbs_api')
[2024-12-11T21:26:24.683+0000] {sql.py:553} INFO - Rows affected: 1
[2024-12-11T21:26:24.687+0000] {sql.py:544} INFO - Running statement: 
    INSERT INTO google_books (title, authors, price, rating, link)
    VALUES (%s, %s, %s, %s, %s)
    , parameters: ('Data Engineering and Intelligent Computing', 'Suresh Chandra Satapathy, Vikrant Bhateja, K. Srujan Raju, B. Janakiramaiah', 'Not Available', 'No Rating', 'https://play.google.com/store/books/details?id=niYmDwAAQBAJ&source=gbs_api')
[2024-12-11T21:26:24.689+0000] {sql.py:553} INFO - Rows affected: 1
[2024-12-11T21:26:24.694+0000] {sql.py:544} INFO - Running statement: 
    INSERT INTO google_books (title, authors, price, rating, link)
    VALUES (%s, %s, %s, %s, %s)
    , parameters: ('Data Science from Scratch', 'Joel Grus', 'Not Available', 5, 'http://books.google.co.in/books?id=24kdCAAAQBAJ&dq=data+engineering&hl=&source=gbs_api')
[2024-12-11T21:26:24.695+0000] {sql.py:553} INFO - Rows affected: 1
[2024-12-11T21:26:24.700+0000] {sql.py:544} INFO - Running statement: 
    INSERT INTO google_books (title, authors, price, rating, link)
    VALUES (%s, %s, %s, %s, %s)
    , parameters: ('Systems, Patterns and Data Engineering with Geometric Calculi', 'Sebastià Xambó-Descamps', 'Not Available', 'No Rating', 'https://play.google.com/store/books/details?id=RvI4EAAAQBAJ&source=gbs_api')
[2024-12-11T21:26:24.702+0000] {sql.py:553} INFO - Rows affected: 1
[2024-12-11T21:26:24.706+0000] {sql.py:544} INFO - Running statement: 
    INSERT INTO google_books (title, authors, price, rating, link)
    VALUES (%s, %s, %s, %s, %s)
    , parameters: ('Enterprise Big Data Engineering, Analytics, and Management', 'Atzmueller, Martin', 'Not Available', 'No Rating', 'https://play.google.com/store/books/details?id=P5BJDAAAQBAJ&source=gbs_api')
[2024-12-11T21:26:24.707+0000] {sql.py:553} INFO - Rows affected: 1
[2024-12-11T21:26:24.713+0000] {sql.py:544} INFO - Running statement: 
    INSERT INTO google_books (title, authors, price, rating, link)
    VALUES (%s, %s, %s, %s, %s)
    , parameters: ('Intelligent Data Engineering and Analytics', 'Suresh Chandra Satapathy, Yu-Dong Zhang, Vikrant Bhateja, Ritanjali Majhi', 'Not Available', 'No Rating', 'https://play.google.com/store/books/details?id=lQ36DwAAQBAJ&source=gbs_api')
[2024-12-11T21:26:24.714+0000] {sql.py:553} INFO - Rows affected: 1
[2024-12-11T21:26:24.720+0000] {sql.py:544} INFO - Running statement: 
    INSERT INTO google_books (title, authors, price, rating, link)
    VALUES (%s, %s, %s, %s, %s)
    , parameters: ('Big Data in Engineering Applications', 'Sanjiban Sekhar Roy, Pijush Samui, Ravinesh Deo, Stavros Ntalampiras', 'Not Available', 5, 'https://play.google.com/store/books/details?id=3XZZDwAAQBAJ&source=gbs_api')
[2024-12-11T21:26:24.721+0000] {sql.py:553} INFO - Rows affected: 1
[2024-12-11T21:26:24.727+0000] {sql.py:544} INFO - Running statement: 
    INSERT INTO google_books (title, authors, price, rating, link)
    VALUES (%s, %s, %s, %s, %s)
    , parameters: ('Intelligent Data Engineering and Automated Learning – IDEAL 2020', 'Cesar Analide, Paulo Novais, David Camacho, Hujun Yin', 'Not Available', 'No Rating', 'https://play.google.com/store/books/details?id=NScGEAAAQBAJ&source=gbs_api')
[2024-12-11T21:26:24.728+0000] {sql.py:553} INFO - Rows affected: 1
[2024-12-11T21:26:24.733+0000] {sql.py:544} INFO - Running statement: 
    INSERT INTO google_books (title, authors, price, rating, link)
    VALUES (%s, %s, %s, %s, %s)
    , parameters: ('Advanced Data Analysis and Modelling in Chemical Engineering', "Denis Constales, Gregory S. Yablonsky, Dagmar R. D'hooge, Joris W. Thybaut, Guy B. Marin", 'Not Available', 'No Rating', 'https://play.google.com/store/books/details?id=IQ6dBAAAQBAJ&source=gbs_api')
[2024-12-11T21:26:24.734+0000] {sql.py:553} INFO - Rows affected: 1
[2024-12-11T21:26:24.739+0000] {sql.py:544} INFO - Running statement: 
    INSERT INTO google_books (title, authors, price, rating, link)
    VALUES (%s, %s, %s, %s, %s)
    , parameters: ('Data Analytics for Engineering and Construction Project Risk Management', 'Ivan Damnjanovic, Kenneth Reinschmidt', 'Not Available', 'No Rating', 'https://play.google.com/store/books/details?id=uv-ZDwAAQBAJ&source=gbs_api')
[2024-12-11T21:26:24.740+0000] {sql.py:553} INFO - Rows affected: 1
[2024-12-11T21:26:24.745+0000] {sql.py:544} INFO - Running statement: 
    INSERT INTO google_books (title, authors, price, rating, link)
    VALUES (%s, %s, %s, %s, %s)
    , parameters: ('Computational Methods and Data Engineering', 'Vijendra Singh, Vijayan K. Asari, Sanjay Kumar, R. B. Patel', 'Not Available', 'No Rating', 'https://play.google.com/store/books/details?id=a374DwAAQBAJ&source=gbs_api')
[2024-12-11T21:26:24.746+0000] {sql.py:553} INFO - Rows affected: 1
[2024-12-11T21:26:24.751+0000] {sql.py:544} INFO - Running statement: 
    INSERT INTO google_books (title, authors, price, rating, link)
    VALUES (%s, %s, %s, %s, %s)
    , parameters: ('Big Data Analytics in Traffic and Transportation Engineering: Emerging Research and Opportunities', 'Moridpour, Sara, Toran Pour, Alireza, Saghapour, Tayebeh', 'Not Available', 'No Rating', 'https://play.google.com/store/books/details?id=MvGCDwAAQBAJ&source=gbs_api')
[2024-12-11T21:26:24.752+0000] {sql.py:553} INFO - Rows affected: 1
[2024-12-11T21:26:24.756+0000] {sql.py:544} INFO - Running statement: 
    INSERT INTO google_books (title, authors, price, rating, link)
    VALUES (%s, %s, %s, %s, %s)
    , parameters: ('Proceedings of the International Conference on Data Engineering and Communication Technology', 'Suresh Chandra Satapathy, Vikrant Bhateja, Amit Joshi', 'Not Available', 5, 'https://play.google.com/store/books/details?id=e7_mDAAAQBAJ&source=gbs_api')
[2024-12-11T21:26:24.758+0000] {sql.py:553} INFO - Rows affected: 1
[2024-12-11T21:26:24.762+0000] {sql.py:544} INFO - Running statement: 
    INSERT INTO google_books (title, authors, price, rating, link)
    VALUES (%s, %s, %s, %s, %s)
    , parameters: ('Architecting Modern Data Platforms', 'Jan Kunigk, Ian Buss, Paul Wilkinson, Lars George', 'Not Available', 'No Rating', 'https://play.google.com/store/books/details?id=1qd9DwAAQBAJ&source=gbs_api')
[2024-12-11T21:26:24.763+0000] {sql.py:553} INFO - Rows affected: 1
[2024-12-11T21:26:24.768+0000] {sql.py:544} INFO - Running statement: 
    INSERT INTO google_books (title, authors, price, rating, link)
    VALUES (%s, %s, %s, %s, %s)
    , parameters: ('Sharing Data and Models in Software Engineering', 'Tim Menzies, Ekrem Kocaguneli, Burak Turhan, Leandro Minku, Fayola Peters', 'Not Available', 'No Rating', 'https://play.google.com/store/books/details?id=Qj3LAwAAQBAJ&source=gbs_api')
[2024-12-11T21:26:24.769+0000] {sql.py:553} INFO - Rows affected: 1
[2024-12-11T21:26:24.773+0000] {sql.py:544} INFO - Running statement: 
    INSERT INTO google_books (title, authors, price, rating, link)
    VALUES (%s, %s, %s, %s, %s)
    , parameters: ('Data Engineering and Data Science', 'Kukatlapalli Pradeep Kumar, Aynur Unal, Vinay Jha Pillai, Hari Murthy, M. Niranjanamurthy', 'Not Available', 'No Rating', 'https://play.google.com/store/books/details?id=5wfUEAAAQBAJ&source=gbs_api')
[2024-12-11T21:26:24.775+0000] {sql.py:553} INFO - Rows affected: 1
[2024-12-11T21:26:24.779+0000] {sql.py:544} INFO - Running statement: 
    INSERT INTO google_books (title, authors, price, rating, link)
    VALUES (%s, %s, %s, %s, %s)
    , parameters: ('Reference Data for Engineers', 'Mac E. Van Valkenburg, Wendy M. Middleton', 'Not Available', 5, 'http://books.google.co.in/books?id=R67HARlhisYC&dq=data+engineering&hl=&source=gbs_api')
[2024-12-11T21:26:24.781+0000] {sql.py:553} INFO - Rows affected: 1
[2024-12-11T21:26:24.785+0000] {sql.py:544} INFO - Running statement: 
    INSERT INTO google_books (title, authors, price, rating, link)
    VALUES (%s, %s, %s, %s, %s)
    , parameters: ('Engineering Data on Mixing', 'Reiji Reiji Mezaki, Masafumi Masafumi Mochizuki, Kohei Ogawa', 'Not Available', 'No Rating', 'https://play.google.com/store/books/details?id=6PDnxdmwlKUC&source=gbs_api')
[2024-12-11T21:26:24.787+0000] {sql.py:553} INFO - Rows affected: 1
[2024-12-11T21:26:24.792+0000] {sql.py:544} INFO - Running statement: 
    INSERT INTO google_books (title, authors, price, rating, link)
    VALUES (%s, %s, %s, %s, %s)
    , parameters: ('Recent Advances in Artificial Intelligence and Data Engineering', 'Pushparaj Shetty D., Surendra Shetty', 'Not Available', 'No Rating', 'https://play.google.com/store/books/details?id=6bJLEAAAQBAJ&source=gbs_api')
[2024-12-11T21:26:24.793+0000] {sql.py:553} INFO - Rows affected: 1
[2024-12-11T21:26:24.798+0000] {sql.py:544} INFO - Running statement: 
    INSERT INTO google_books (title, authors, price, rating, link)
    VALUES (%s, %s, %s, %s, %s)
    , parameters: ('Concise Metals Engineering Data Book', 'Joseph R. Davis', 'Not Available', 'No Rating', 'https://play.google.com/store/books/details?id=A_SS2k2EsJ0C&source=gbs_api')
[2024-12-11T21:26:24.799+0000] {sql.py:553} INFO - Rows affected: 1
[2024-12-11T21:26:24.803+0000] {sql.py:544} INFO - Running statement: 
    INSERT INTO google_books (title, authors, price, rating, link)
    VALUES (%s, %s, %s, %s, %s)
    , parameters: ('Engineering Agile Big-Data Systems', 'Feeney, Kevin, Davies, Jim, Hellmann, Sebastian', 'Not Available', 'No Rating', 'http://books.google.co.in/books?id=btd8DwAAQBAJ&dq=data+engineering&hl=&source=gbs_api')
[2024-12-11T21:26:24.804+0000] {sql.py:553} INFO - Rows affected: 1
[2024-12-11T21:26:24.808+0000] {sql.py:544} INFO - Running statement: 
    INSERT INTO google_books (title, authors, price, rating, link)
    VALUES (%s, %s, %s, %s, %s)
    , parameters: ('Deep Learning and Missing Data in Engineering Systems', 'Collins Achepsah Leke, Tshilidzi Marwala', 'Not Available', 'No Rating', 'http://books.google.co.in/books?id=8H3augEACAAJ&dq=data+engineering&hl=&source=gbs_api')
[2024-12-11T21:26:24.809+0000] {sql.py:553} INFO - Rows affected: 1
[2024-12-11T21:26:24.813+0000] {sql.py:544} INFO - Running statement: 
    INSERT INTO google_books (title, authors, price, rating, link)
    VALUES (%s, %s, %s, %s, %s)
    , parameters: ('Feature Engineering and Selection', 'Max Kuhn, Kjell Johnson', 'Not Available', 'No Rating', 'https://play.google.com/store/books/details?id=q5alDwAAQBAJ&source=gbs_api')
[2024-12-11T21:26:24.815+0000] {sql.py:553} INFO - Rows affected: 1
[2024-12-11T21:26:24.819+0000] {sql.py:544} INFO - Running statement: 
    INSERT INTO google_books (title, authors, price, rating, link)
    VALUES (%s, %s, %s, %s, %s)
    , parameters: ('Quantitative Methods of Data Analysis for the Physical Sciences and Engineering', 'Douglas G. Martinson', 'Not Available', 'No Rating', 'http://books.google.co.in/books?id=5jdqDwAAQBAJ&dq=data+engineering&hl=&source=gbs_api')
[2024-12-11T21:26:24.820+0000] {sql.py:553} INFO - Rows affected: 1
[2024-12-11T21:26:24.824+0000] {sql.py:544} INFO - Running statement: 
    INSERT INTO google_books (title, authors, price, rating, link)
    VALUES (%s, %s, %s, %s, %s)
    , parameters: ('Feature Engineering for Machine Learning', 'Alice Zheng, Amanda Casari', 'Not Available', 'No Rating', 'https://play.google.com/store/books/details?id=sthSDwAAQBAJ&source=gbs_api')
[2024-12-11T21:26:24.826+0000] {sql.py:553} INFO - Rows affected: 1
[2024-12-11T21:26:24.830+0000] {sql.py:544} INFO - Running statement: 
    INSERT INTO google_books (title, authors, price, rating, link)
    VALUES (%s, %s, %s, %s, %s)
    , parameters: ('Data Structure and Software Engineering', 'James L. Antonakos', 'Not Available', 'No Rating', 'https://play.google.com/store/books/details?id=uOtMBgAAQBAJ&source=gbs_api')
[2024-12-11T21:26:24.831+0000] {sql.py:553} INFO - Rows affected: 1
[2024-12-11T21:26:24.836+0000] {sql.py:544} INFO - Running statement: 
    INSERT INTO google_books (title, authors, price, rating, link)
    VALUES (%s, %s, %s, %s, %s)
    , parameters: ('Web Scalability for Startup Engineers', 'Artur Ejsmont', 'Not Available', 'No Rating', 'https://play.google.com/store/books/details?id=rnnlCQAAQBAJ&source=gbs_api')
[2024-12-11T21:26:24.837+0000] {sql.py:553} INFO - Rows affected: 1
[2024-12-11T21:26:24.842+0000] {sql.py:544} INFO - Running statement: 
    INSERT INTO google_books (title, authors, price, rating, link)
    VALUES (%s, %s, %s, %s, %s)
    , parameters: ('Modern Data Engineering with Apache Spark', 'Scott Haines', 'Not Available', 'No Rating', 'http://books.google.co.in/books?id=HmGbzgEACAAJ&dq=data+engineering&hl=&source=gbs_api')
[2024-12-11T21:26:24.843+0000] {sql.py:553} INFO - Rows affected: 1
[2024-12-11T21:26:24.847+0000] {sql.py:544} INFO - Running statement: 
    INSERT INTO google_books (title, authors, price, rating, link)
    VALUES (%s, %s, %s, %s, %s)
    , parameters: ('Data Engineering', 'Brian Shive', 'Not Available', 'No Rating', 'http://books.google.co.in/books?id=qGS9wAEACAAJ&dq=data+engineering&hl=&source=gbs_api')
[2024-12-11T21:26:24.849+0000] {sql.py:553} INFO - Rows affected: 1
[2024-12-11T21:26:24.853+0000] {sql.py:544} INFO - Running statement: 
    INSERT INTO google_books (title, authors, price, rating, link)
    VALUES (%s, %s, %s, %s, %s)
    , parameters: ('Google Cloud Platform for Data Engineering', 'Alasdair Gilchrist', 'Not Available', 'No Rating', 'http://books.google.co.in/books?id=B75nywEACAAJ&dq=data+engineering&hl=&source=gbs_api')
[2024-12-11T21:26:24.855+0000] {sql.py:553} INFO - Rows affected: 1
[2024-12-11T21:26:24.856+0000] {python.py:240} INFO - Done. Returned value was: None
[2024-12-11T21:26:24.869+0000] {taskinstance.py:340} INFO - ::group::Post task execution logs
[2024-12-11T21:26:24.870+0000] {taskinstance.py:352} INFO - Marking task as SUCCESS. dag_id=fetch_and_store_google_books, task_id=insert_book_data, run_id=scheduled__2024-11-18T00:00:00+00:00, execution_date=20241118T000000, start_date=20241211T212624, end_date=20241211T212624
[2024-12-11T21:26:24.928+0000] {logging_mixin.py:190} INFO - Task instance in success state
[2024-12-11T21:26:24.928+0000] {logging_mixin.py:190} INFO -  Previous state of the Task instance: running
[2024-12-11T21:26:24.929+0000] {logging_mixin.py:190} INFO - Dag name:fetch_and_store_google_books queued_at:2024-12-11 21:26:06.922758+00:00
[2024-12-11T21:26:24.929+0000] {logging_mixin.py:190} INFO - Task hostname:bb74d1700244 operator:PythonOperator
[2024-12-11T21:26:24.980+0000] {local_task_job_runner.py:266} INFO - Task exited with return code 0
[2024-12-11T21:26:24.997+0000] {taskinstance.py:3895} INFO - 0 downstream tasks scheduled from follow-on schedule check
[2024-12-11T21:26:24.999+0000] {local_task_job_runner.py:245} INFO - ::endgroup::
