[2024-12-13T00:54:57.016+0000] {processor.py:186} INFO - Started process (PID=67978) to work on /home/airflow/.local/lib/python3.12/site-packages/airflow/example_dags/example_sensors.py
[2024-12-13T00:54:57.017+0000] {processor.py:914} INFO - Processing file /home/airflow/.local/lib/python3.12/site-packages/airflow/example_dags/example_sensors.py for tasks to queue
[2024-12-13T00:54:57.019+0000] {logging_mixin.py:190} INFO - [2024-12-13T00:54:57.019+0000] {dagbag.py:588} INFO - Filling up the DagBag from /home/airflow/.local/lib/python3.12/site-packages/airflow/example_dags/example_sensors.py
[2024-12-13T00:54:57.030+0000] {processor.py:925} INFO - DAG(s) 'example_sensors' retrieved from /home/airflow/.local/lib/python3.12/site-packages/airflow/example_dags/example_sensors.py
[2024-12-13T00:54:57.054+0000] {logging_mixin.py:190} INFO - [2024-12-13T00:54:57.053+0000] {dag.py:3239} INFO - Sync 1 DAGs
[2024-12-13T00:54:57.066+0000] {logging_mixin.py:190} INFO - [2024-12-13T00:54:57.066+0000] {dag.py:4180} INFO - Setting next_dagrun for example_sensors to None, run_after=None
[2024-12-13T00:54:57.082+0000] {processor.py:208} INFO - Processing /home/airflow/.local/lib/python3.12/site-packages/airflow/example_dags/example_sensors.py took 0.071 seconds
[2024-12-13T00:55:28.483+0000] {processor.py:186} INFO - Started process (PID=68044) to work on /home/airflow/.local/lib/python3.12/site-packages/airflow/example_dags/example_sensors.py
[2024-12-13T00:55:28.483+0000] {processor.py:914} INFO - Processing file /home/airflow/.local/lib/python3.12/site-packages/airflow/example_dags/example_sensors.py for tasks to queue
[2024-12-13T00:55:28.485+0000] {logging_mixin.py:190} INFO - [2024-12-13T00:55:28.485+0000] {dagbag.py:588} INFO - Filling up the DagBag from /home/airflow/.local/lib/python3.12/site-packages/airflow/example_dags/example_sensors.py
[2024-12-13T00:55:28.494+0000] {processor.py:925} INFO - DAG(s) 'example_sensors' retrieved from /home/airflow/.local/lib/python3.12/site-packages/airflow/example_dags/example_sensors.py
[2024-12-13T00:55:28.518+0000] {logging_mixin.py:190} INFO - [2024-12-13T00:55:28.518+0000] {dag.py:3239} INFO - Sync 1 DAGs
[2024-12-13T00:55:28.529+0000] {logging_mixin.py:190} INFO - [2024-12-13T00:55:28.529+0000] {dag.py:4180} INFO - Setting next_dagrun for example_sensors to None, run_after=None
[2024-12-13T00:55:28.545+0000] {processor.py:208} INFO - Processing /home/airflow/.local/lib/python3.12/site-packages/airflow/example_dags/example_sensors.py took 0.067 seconds
[2024-12-13T00:55:59.299+0000] {processor.py:186} INFO - Started process (PID=68104) to work on /home/airflow/.local/lib/python3.12/site-packages/airflow/example_dags/example_sensors.py
[2024-12-13T00:55:59.300+0000] {processor.py:914} INFO - Processing file /home/airflow/.local/lib/python3.12/site-packages/airflow/example_dags/example_sensors.py for tasks to queue
[2024-12-13T00:55:59.302+0000] {logging_mixin.py:190} INFO - [2024-12-13T00:55:59.302+0000] {dagbag.py:588} INFO - Filling up the DagBag from /home/airflow/.local/lib/python3.12/site-packages/airflow/example_dags/example_sensors.py
[2024-12-13T00:55:59.310+0000] {processor.py:925} INFO - DAG(s) 'example_sensors' retrieved from /home/airflow/.local/lib/python3.12/site-packages/airflow/example_dags/example_sensors.py
[2024-12-13T00:55:59.331+0000] {logging_mixin.py:190} INFO - [2024-12-13T00:55:59.331+0000] {dag.py:3239} INFO - Sync 1 DAGs
[2024-12-13T00:55:59.351+0000] {logging_mixin.py:190} INFO - [2024-12-13T00:55:59.351+0000] {dag.py:4180} INFO - Setting next_dagrun for example_sensors to None, run_after=None
[2024-12-13T00:55:59.369+0000] {processor.py:208} INFO - Processing /home/airflow/.local/lib/python3.12/site-packages/airflow/example_dags/example_sensors.py took 0.075 seconds
[2024-12-13T00:56:30.045+0000] {processor.py:186} INFO - Started process (PID=68169) to work on /home/airflow/.local/lib/python3.12/site-packages/airflow/example_dags/example_sensors.py
[2024-12-13T00:56:30.045+0000] {processor.py:914} INFO - Processing file /home/airflow/.local/lib/python3.12/site-packages/airflow/example_dags/example_sensors.py for tasks to queue
[2024-12-13T00:56:30.047+0000] {logging_mixin.py:190} INFO - [2024-12-13T00:56:30.047+0000] {dagbag.py:588} INFO - Filling up the DagBag from /home/airflow/.local/lib/python3.12/site-packages/airflow/example_dags/example_sensors.py
[2024-12-13T00:56:30.057+0000] {processor.py:925} INFO - DAG(s) 'example_sensors' retrieved from /home/airflow/.local/lib/python3.12/site-packages/airflow/example_dags/example_sensors.py
[2024-12-13T00:56:30.079+0000] {logging_mixin.py:190} INFO - [2024-12-13T00:56:30.078+0000] {dag.py:3239} INFO - Sync 1 DAGs
[2024-12-13T00:56:30.091+0000] {logging_mixin.py:190} INFO - [2024-12-13T00:56:30.091+0000] {dag.py:4180} INFO - Setting next_dagrun for example_sensors to None, run_after=None
[2024-12-13T00:56:30.105+0000] {processor.py:208} INFO - Processing /home/airflow/.local/lib/python3.12/site-packages/airflow/example_dags/example_sensors.py took 0.066 seconds
[2024-12-13T00:57:01.141+0000] {processor.py:186} INFO - Started process (PID=68233) to work on /home/airflow/.local/lib/python3.12/site-packages/airflow/example_dags/example_sensors.py
[2024-12-13T00:57:01.142+0000] {processor.py:914} INFO - Processing file /home/airflow/.local/lib/python3.12/site-packages/airflow/example_dags/example_sensors.py for tasks to queue
[2024-12-13T00:57:01.144+0000] {logging_mixin.py:190} INFO - [2024-12-13T00:57:01.144+0000] {dagbag.py:588} INFO - Filling up the DagBag from /home/airflow/.local/lib/python3.12/site-packages/airflow/example_dags/example_sensors.py
[2024-12-13T00:57:01.153+0000] {processor.py:925} INFO - DAG(s) 'example_sensors' retrieved from /home/airflow/.local/lib/python3.12/site-packages/airflow/example_dags/example_sensors.py
[2024-12-13T00:57:01.179+0000] {logging_mixin.py:190} INFO - [2024-12-13T00:57:01.179+0000] {dag.py:3239} INFO - Sync 1 DAGs
[2024-12-13T00:57:01.191+0000] {logging_mixin.py:190} INFO - [2024-12-13T00:57:01.191+0000] {dag.py:4180} INFO - Setting next_dagrun for example_sensors to None, run_after=None
[2024-12-13T00:57:01.206+0000] {processor.py:208} INFO - Processing /home/airflow/.local/lib/python3.12/site-packages/airflow/example_dags/example_sensors.py took 0.070 seconds
[2024-12-13T00:57:32.196+0000] {processor.py:186} INFO - Started process (PID=68298) to work on /home/airflow/.local/lib/python3.12/site-packages/airflow/example_dags/example_sensors.py
[2024-12-13T00:57:32.197+0000] {processor.py:914} INFO - Processing file /home/airflow/.local/lib/python3.12/site-packages/airflow/example_dags/example_sensors.py for tasks to queue
[2024-12-13T00:57:32.199+0000] {logging_mixin.py:190} INFO - [2024-12-13T00:57:32.198+0000] {dagbag.py:588} INFO - Filling up the DagBag from /home/airflow/.local/lib/python3.12/site-packages/airflow/example_dags/example_sensors.py
[2024-12-13T00:57:32.211+0000] {processor.py:925} INFO - DAG(s) 'example_sensors' retrieved from /home/airflow/.local/lib/python3.12/site-packages/airflow/example_dags/example_sensors.py
[2024-12-13T00:57:32.235+0000] {logging_mixin.py:190} INFO - [2024-12-13T00:57:32.235+0000] {dag.py:3239} INFO - Sync 1 DAGs
[2024-12-13T00:57:32.249+0000] {logging_mixin.py:190} INFO - [2024-12-13T00:57:32.248+0000] {dag.py:4180} INFO - Setting next_dagrun for example_sensors to None, run_after=None
[2024-12-13T00:57:32.264+0000] {processor.py:208} INFO - Processing /home/airflow/.local/lib/python3.12/site-packages/airflow/example_dags/example_sensors.py took 0.073 seconds
[2024-12-13T00:58:03.148+0000] {processor.py:186} INFO - Started process (PID=68363) to work on /home/airflow/.local/lib/python3.12/site-packages/airflow/example_dags/example_sensors.py
[2024-12-13T00:58:03.149+0000] {processor.py:914} INFO - Processing file /home/airflow/.local/lib/python3.12/site-packages/airflow/example_dags/example_sensors.py for tasks to queue
[2024-12-13T00:58:03.151+0000] {logging_mixin.py:190} INFO - [2024-12-13T00:58:03.151+0000] {dagbag.py:588} INFO - Filling up the DagBag from /home/airflow/.local/lib/python3.12/site-packages/airflow/example_dags/example_sensors.py
[2024-12-13T00:58:03.161+0000] {processor.py:925} INFO - DAG(s) 'example_sensors' retrieved from /home/airflow/.local/lib/python3.12/site-packages/airflow/example_dags/example_sensors.py
[2024-12-13T00:58:03.185+0000] {logging_mixin.py:190} INFO - [2024-12-13T00:58:03.185+0000] {dag.py:3239} INFO - Sync 1 DAGs
[2024-12-13T00:58:03.199+0000] {logging_mixin.py:190} INFO - [2024-12-13T00:58:03.198+0000] {dag.py:4180} INFO - Setting next_dagrun for example_sensors to None, run_after=None
[2024-12-13T00:58:03.214+0000] {processor.py:208} INFO - Processing /home/airflow/.local/lib/python3.12/site-packages/airflow/example_dags/example_sensors.py took 0.071 seconds
[2024-12-13T00:58:33.614+0000] {processor.py:186} INFO - Started process (PID=68428) to work on /home/airflow/.local/lib/python3.12/site-packages/airflow/example_dags/example_sensors.py
[2024-12-13T00:58:33.614+0000] {processor.py:914} INFO - Processing file /home/airflow/.local/lib/python3.12/site-packages/airflow/example_dags/example_sensors.py for tasks to queue
[2024-12-13T00:58:33.616+0000] {logging_mixin.py:190} INFO - [2024-12-13T00:58:33.616+0000] {dagbag.py:588} INFO - Filling up the DagBag from /home/airflow/.local/lib/python3.12/site-packages/airflow/example_dags/example_sensors.py
[2024-12-13T00:58:33.625+0000] {processor.py:925} INFO - DAG(s) 'example_sensors' retrieved from /home/airflow/.local/lib/python3.12/site-packages/airflow/example_dags/example_sensors.py
[2024-12-13T00:58:33.648+0000] {logging_mixin.py:190} INFO - [2024-12-13T00:58:33.648+0000] {dag.py:3239} INFO - Sync 1 DAGs
[2024-12-13T00:58:33.660+0000] {logging_mixin.py:190} INFO - [2024-12-13T00:58:33.660+0000] {dag.py:4180} INFO - Setting next_dagrun for example_sensors to None, run_after=None
[2024-12-13T00:58:33.677+0000] {processor.py:208} INFO - Processing /home/airflow/.local/lib/python3.12/site-packages/airflow/example_dags/example_sensors.py took 0.068 seconds
[2024-12-13T00:59:04.123+0000] {processor.py:186} INFO - Started process (PID=68492) to work on /home/airflow/.local/lib/python3.12/site-packages/airflow/example_dags/example_sensors.py
[2024-12-13T00:59:04.124+0000] {processor.py:914} INFO - Processing file /home/airflow/.local/lib/python3.12/site-packages/airflow/example_dags/example_sensors.py for tasks to queue
[2024-12-13T00:59:04.127+0000] {logging_mixin.py:190} INFO - [2024-12-13T00:59:04.126+0000] {dagbag.py:588} INFO - Filling up the DagBag from /home/airflow/.local/lib/python3.12/site-packages/airflow/example_dags/example_sensors.py
[2024-12-13T00:59:04.136+0000] {processor.py:925} INFO - DAG(s) 'example_sensors' retrieved from /home/airflow/.local/lib/python3.12/site-packages/airflow/example_dags/example_sensors.py
[2024-12-13T00:59:04.160+0000] {logging_mixin.py:190} INFO - [2024-12-13T00:59:04.160+0000] {dag.py:3239} INFO - Sync 1 DAGs
[2024-12-13T00:59:04.172+0000] {logging_mixin.py:190} INFO - [2024-12-13T00:59:04.172+0000] {dag.py:4180} INFO - Setting next_dagrun for example_sensors to None, run_after=None
[2024-12-13T00:59:04.190+0000] {processor.py:208} INFO - Processing /home/airflow/.local/lib/python3.12/site-packages/airflow/example_dags/example_sensors.py took 0.073 seconds
[2024-12-13T00:59:34.245+0000] {processor.py:186} INFO - Started process (PID=68556) to work on /home/airflow/.local/lib/python3.12/site-packages/airflow/example_dags/example_sensors.py
[2024-12-13T00:59:34.245+0000] {processor.py:914} INFO - Processing file /home/airflow/.local/lib/python3.12/site-packages/airflow/example_dags/example_sensors.py for tasks to queue
[2024-12-13T00:59:34.248+0000] {logging_mixin.py:190} INFO - [2024-12-13T00:59:34.247+0000] {dagbag.py:588} INFO - Filling up the DagBag from /home/airflow/.local/lib/python3.12/site-packages/airflow/example_dags/example_sensors.py
[2024-12-13T00:59:34.257+0000] {processor.py:925} INFO - DAG(s) 'example_sensors' retrieved from /home/airflow/.local/lib/python3.12/site-packages/airflow/example_dags/example_sensors.py
[2024-12-13T00:59:34.280+0000] {logging_mixin.py:190} INFO - [2024-12-13T00:59:34.279+0000] {dag.py:3239} INFO - Sync 1 DAGs
[2024-12-13T00:59:34.291+0000] {logging_mixin.py:190} INFO - [2024-12-13T00:59:34.291+0000] {dag.py:4180} INFO - Setting next_dagrun for example_sensors to None, run_after=None
[2024-12-13T00:59:34.309+0000] {processor.py:208} INFO - Processing /home/airflow/.local/lib/python3.12/site-packages/airflow/example_dags/example_sensors.py took 0.070 seconds
[2024-12-13T01:00:05.394+0000] {processor.py:186} INFO - Started process (PID=68622) to work on /home/airflow/.local/lib/python3.12/site-packages/airflow/example_dags/example_sensors.py
[2024-12-13T01:00:05.395+0000] {processor.py:914} INFO - Processing file /home/airflow/.local/lib/python3.12/site-packages/airflow/example_dags/example_sensors.py for tasks to queue
[2024-12-13T01:00:05.397+0000] {logging_mixin.py:190} INFO - [2024-12-13T01:00:05.397+0000] {dagbag.py:588} INFO - Filling up the DagBag from /home/airflow/.local/lib/python3.12/site-packages/airflow/example_dags/example_sensors.py
[2024-12-13T01:00:05.407+0000] {processor.py:925} INFO - DAG(s) 'example_sensors' retrieved from /home/airflow/.local/lib/python3.12/site-packages/airflow/example_dags/example_sensors.py
[2024-12-13T01:00:05.430+0000] {logging_mixin.py:190} INFO - [2024-12-13T01:00:05.430+0000] {dag.py:3239} INFO - Sync 1 DAGs
[2024-12-13T01:00:05.443+0000] {logging_mixin.py:190} INFO - [2024-12-13T01:00:05.443+0000] {dag.py:4180} INFO - Setting next_dagrun for example_sensors to None, run_after=None
[2024-12-13T01:00:05.461+0000] {processor.py:208} INFO - Processing /home/airflow/.local/lib/python3.12/site-packages/airflow/example_dags/example_sensors.py took 0.072 seconds
[2024-12-13T01:00:38.098+0000] {processor.py:186} INFO - Started process (PID=68688) to work on /home/airflow/.local/lib/python3.12/site-packages/airflow/example_dags/example_sensors.py
[2024-12-13T01:00:38.099+0000] {processor.py:914} INFO - Processing file /home/airflow/.local/lib/python3.12/site-packages/airflow/example_dags/example_sensors.py for tasks to queue
[2024-12-13T01:00:38.101+0000] {logging_mixin.py:190} INFO - [2024-12-13T01:00:38.101+0000] {dagbag.py:588} INFO - Filling up the DagBag from /home/airflow/.local/lib/python3.12/site-packages/airflow/example_dags/example_sensors.py
[2024-12-13T01:00:38.110+0000] {processor.py:925} INFO - DAG(s) 'example_sensors' retrieved from /home/airflow/.local/lib/python3.12/site-packages/airflow/example_dags/example_sensors.py
[2024-12-13T01:00:38.131+0000] {logging_mixin.py:190} INFO - [2024-12-13T01:00:38.131+0000] {dag.py:3239} INFO - Sync 1 DAGs
[2024-12-13T01:00:38.143+0000] {logging_mixin.py:190} INFO - [2024-12-13T01:00:38.143+0000] {dag.py:4180} INFO - Setting next_dagrun for example_sensors to None, run_after=None
[2024-12-13T01:00:38.164+0000] {processor.py:208} INFO - Processing /home/airflow/.local/lib/python3.12/site-packages/airflow/example_dags/example_sensors.py took 0.070 seconds
[2024-12-13T01:01:14.068+0000] {processor.py:186} INFO - Started process (PID=68753) to work on /home/airflow/.local/lib/python3.12/site-packages/airflow/example_dags/example_sensors.py
[2024-12-13T01:01:14.069+0000] {processor.py:914} INFO - Processing file /home/airflow/.local/lib/python3.12/site-packages/airflow/example_dags/example_sensors.py for tasks to queue
[2024-12-13T01:01:14.073+0000] {logging_mixin.py:190} INFO - [2024-12-13T01:01:14.072+0000] {dagbag.py:588} INFO - Filling up the DagBag from /home/airflow/.local/lib/python3.12/site-packages/airflow/example_dags/example_sensors.py
[2024-12-13T01:01:14.089+0000] {processor.py:925} INFO - DAG(s) 'example_sensors' retrieved from /home/airflow/.local/lib/python3.12/site-packages/airflow/example_dags/example_sensors.py
[2024-12-13T01:01:14.128+0000] {logging_mixin.py:190} INFO - [2024-12-13T01:01:14.127+0000] {dag.py:3239} INFO - Sync 1 DAGs
[2024-12-13T01:01:14.149+0000] {logging_mixin.py:190} INFO - [2024-12-13T01:01:14.149+0000] {dag.py:4180} INFO - Setting next_dagrun for example_sensors to None, run_after=None
[2024-12-13T01:01:14.175+0000] {processor.py:208} INFO - Processing /home/airflow/.local/lib/python3.12/site-packages/airflow/example_dags/example_sensors.py took 0.114 seconds
[2024-12-13T01:01:45.226+0000] {processor.py:186} INFO - Started process (PID=68818) to work on /home/airflow/.local/lib/python3.12/site-packages/airflow/example_dags/example_sensors.py
[2024-12-13T01:01:45.227+0000] {processor.py:914} INFO - Processing file /home/airflow/.local/lib/python3.12/site-packages/airflow/example_dags/example_sensors.py for tasks to queue
[2024-12-13T01:01:45.229+0000] {logging_mixin.py:190} INFO - [2024-12-13T01:01:45.229+0000] {dagbag.py:588} INFO - Filling up the DagBag from /home/airflow/.local/lib/python3.12/site-packages/airflow/example_dags/example_sensors.py
[2024-12-13T01:01:45.242+0000] {processor.py:925} INFO - DAG(s) 'example_sensors' retrieved from /home/airflow/.local/lib/python3.12/site-packages/airflow/example_dags/example_sensors.py
[2024-12-13T01:01:45.270+0000] {logging_mixin.py:190} INFO - [2024-12-13T01:01:45.270+0000] {dag.py:3239} INFO - Sync 1 DAGs
[2024-12-13T01:01:45.284+0000] {logging_mixin.py:190} INFO - [2024-12-13T01:01:45.283+0000] {dag.py:4180} INFO - Setting next_dagrun for example_sensors to None, run_after=None
[2024-12-13T01:01:45.309+0000] {processor.py:208} INFO - Processing /home/airflow/.local/lib/python3.12/site-packages/airflow/example_dags/example_sensors.py took 0.089 seconds
[2024-12-13T01:02:18.554+0000] {processor.py:186} INFO - Started process (PID=68884) to work on /home/airflow/.local/lib/python3.12/site-packages/airflow/example_dags/example_sensors.py
[2024-12-13T01:02:18.555+0000] {processor.py:914} INFO - Processing file /home/airflow/.local/lib/python3.12/site-packages/airflow/example_dags/example_sensors.py for tasks to queue
[2024-12-13T01:02:18.558+0000] {logging_mixin.py:190} INFO - [2024-12-13T01:02:18.557+0000] {dagbag.py:588} INFO - Filling up the DagBag from /home/airflow/.local/lib/python3.12/site-packages/airflow/example_dags/example_sensors.py
[2024-12-13T01:02:18.570+0000] {processor.py:925} INFO - DAG(s) 'example_sensors' retrieved from /home/airflow/.local/lib/python3.12/site-packages/airflow/example_dags/example_sensors.py
[2024-12-13T01:02:18.601+0000] {logging_mixin.py:190} INFO - [2024-12-13T01:02:18.600+0000] {dag.py:3239} INFO - Sync 1 DAGs
[2024-12-13T01:02:18.613+0000] {logging_mixin.py:190} INFO - [2024-12-13T01:02:18.613+0000] {dag.py:4180} INFO - Setting next_dagrun for example_sensors to None, run_after=None
[2024-12-13T01:02:18.630+0000] {processor.py:208} INFO - Processing /home/airflow/.local/lib/python3.12/site-packages/airflow/example_dags/example_sensors.py took 0.083 seconds
[2024-12-13T01:02:52.099+0000] {processor.py:186} INFO - Started process (PID=68949) to work on /home/airflow/.local/lib/python3.12/site-packages/airflow/example_dags/example_sensors.py
[2024-12-13T01:02:52.100+0000] {processor.py:914} INFO - Processing file /home/airflow/.local/lib/python3.12/site-packages/airflow/example_dags/example_sensors.py for tasks to queue
[2024-12-13T01:02:52.102+0000] {logging_mixin.py:190} INFO - [2024-12-13T01:02:52.102+0000] {dagbag.py:588} INFO - Filling up the DagBag from /home/airflow/.local/lib/python3.12/site-packages/airflow/example_dags/example_sensors.py
[2024-12-13T01:02:52.112+0000] {processor.py:925} INFO - DAG(s) 'example_sensors' retrieved from /home/airflow/.local/lib/python3.12/site-packages/airflow/example_dags/example_sensors.py
[2024-12-13T01:02:52.139+0000] {logging_mixin.py:190} INFO - [2024-12-13T01:02:52.138+0000] {dag.py:3239} INFO - Sync 1 DAGs
[2024-12-13T01:02:52.152+0000] {logging_mixin.py:190} INFO - [2024-12-13T01:02:52.152+0000] {dag.py:4180} INFO - Setting next_dagrun for example_sensors to None, run_after=None
[2024-12-13T01:02:52.171+0000] {processor.py:208} INFO - Processing /home/airflow/.local/lib/python3.12/site-packages/airflow/example_dags/example_sensors.py took 0.078 seconds
[2024-12-13T01:03:24.729+0000] {processor.py:186} INFO - Started process (PID=69014) to work on /home/airflow/.local/lib/python3.12/site-packages/airflow/example_dags/example_sensors.py
[2024-12-13T01:03:24.730+0000] {processor.py:914} INFO - Processing file /home/airflow/.local/lib/python3.12/site-packages/airflow/example_dags/example_sensors.py for tasks to queue
[2024-12-13T01:03:24.732+0000] {logging_mixin.py:190} INFO - [2024-12-13T01:03:24.732+0000] {dagbag.py:588} INFO - Filling up the DagBag from /home/airflow/.local/lib/python3.12/site-packages/airflow/example_dags/example_sensors.py
[2024-12-13T01:03:24.745+0000] {processor.py:925} INFO - DAG(s) 'example_sensors' retrieved from /home/airflow/.local/lib/python3.12/site-packages/airflow/example_dags/example_sensors.py
[2024-12-13T01:03:24.775+0000] {logging_mixin.py:190} INFO - [2024-12-13T01:03:24.775+0000] {dag.py:3239} INFO - Sync 1 DAGs
[2024-12-13T01:03:24.791+0000] {logging_mixin.py:190} INFO - [2024-12-13T01:03:24.790+0000] {dag.py:4180} INFO - Setting next_dagrun for example_sensors to None, run_after=None
[2024-12-13T01:03:24.809+0000] {processor.py:208} INFO - Processing /home/airflow/.local/lib/python3.12/site-packages/airflow/example_dags/example_sensors.py took 0.086 seconds
[2024-12-13T01:03:57.738+0000] {processor.py:186} INFO - Started process (PID=69079) to work on /home/airflow/.local/lib/python3.12/site-packages/airflow/example_dags/example_sensors.py
[2024-12-13T01:03:57.739+0000] {processor.py:914} INFO - Processing file /home/airflow/.local/lib/python3.12/site-packages/airflow/example_dags/example_sensors.py for tasks to queue
[2024-12-13T01:03:57.741+0000] {logging_mixin.py:190} INFO - [2024-12-13T01:03:57.741+0000] {dagbag.py:588} INFO - Filling up the DagBag from /home/airflow/.local/lib/python3.12/site-packages/airflow/example_dags/example_sensors.py
[2024-12-13T01:03:57.753+0000] {processor.py:925} INFO - DAG(s) 'example_sensors' retrieved from /home/airflow/.local/lib/python3.12/site-packages/airflow/example_dags/example_sensors.py
[2024-12-13T01:03:57.778+0000] {logging_mixin.py:190} INFO - [2024-12-13T01:03:57.778+0000] {dag.py:3239} INFO - Sync 1 DAGs
[2024-12-13T01:03:57.791+0000] {logging_mixin.py:190} INFO - [2024-12-13T01:03:57.791+0000] {dag.py:4180} INFO - Setting next_dagrun for example_sensors to None, run_after=None
[2024-12-13T01:03:57.810+0000] {processor.py:208} INFO - Processing /home/airflow/.local/lib/python3.12/site-packages/airflow/example_dags/example_sensors.py took 0.077 seconds
[2024-12-13T01:04:31.011+0000] {processor.py:186} INFO - Started process (PID=69144) to work on /home/airflow/.local/lib/python3.12/site-packages/airflow/example_dags/example_sensors.py
[2024-12-13T01:04:31.012+0000] {processor.py:914} INFO - Processing file /home/airflow/.local/lib/python3.12/site-packages/airflow/example_dags/example_sensors.py for tasks to queue
[2024-12-13T01:04:31.014+0000] {logging_mixin.py:190} INFO - [2024-12-13T01:04:31.014+0000] {dagbag.py:588} INFO - Filling up the DagBag from /home/airflow/.local/lib/python3.12/site-packages/airflow/example_dags/example_sensors.py
[2024-12-13T01:04:31.028+0000] {processor.py:925} INFO - DAG(s) 'example_sensors' retrieved from /home/airflow/.local/lib/python3.12/site-packages/airflow/example_dags/example_sensors.py
[2024-12-13T01:04:31.055+0000] {logging_mixin.py:190} INFO - [2024-12-13T01:04:31.055+0000] {dag.py:3239} INFO - Sync 1 DAGs
[2024-12-13T01:04:31.069+0000] {logging_mixin.py:190} INFO - [2024-12-13T01:04:31.068+0000] {dag.py:4180} INFO - Setting next_dagrun for example_sensors to None, run_after=None
[2024-12-13T01:04:31.089+0000] {processor.py:208} INFO - Processing /home/airflow/.local/lib/python3.12/site-packages/airflow/example_dags/example_sensors.py took 0.084 seconds
[2024-12-13T01:05:03.935+0000] {processor.py:186} INFO - Started process (PID=69209) to work on /home/airflow/.local/lib/python3.12/site-packages/airflow/example_dags/example_sensors.py
[2024-12-13T01:05:03.936+0000] {processor.py:914} INFO - Processing file /home/airflow/.local/lib/python3.12/site-packages/airflow/example_dags/example_sensors.py for tasks to queue
[2024-12-13T01:05:03.938+0000] {logging_mixin.py:190} INFO - [2024-12-13T01:05:03.938+0000] {dagbag.py:588} INFO - Filling up the DagBag from /home/airflow/.local/lib/python3.12/site-packages/airflow/example_dags/example_sensors.py
[2024-12-13T01:05:03.949+0000] {processor.py:925} INFO - DAG(s) 'example_sensors' retrieved from /home/airflow/.local/lib/python3.12/site-packages/airflow/example_dags/example_sensors.py
[2024-12-13T01:05:03.977+0000] {logging_mixin.py:190} INFO - [2024-12-13T01:05:03.976+0000] {dag.py:3239} INFO - Sync 1 DAGs
[2024-12-13T01:05:03.994+0000] {logging_mixin.py:190} INFO - [2024-12-13T01:05:03.994+0000] {dag.py:4180} INFO - Setting next_dagrun for example_sensors to None, run_after=None
[2024-12-13T01:05:04.010+0000] {processor.py:208} INFO - Processing /home/airflow/.local/lib/python3.12/site-packages/airflow/example_dags/example_sensors.py took 0.081 seconds
[2024-12-13T01:05:37.429+0000] {processor.py:186} INFO - Started process (PID=69274) to work on /home/airflow/.local/lib/python3.12/site-packages/airflow/example_dags/example_sensors.py
[2024-12-13T01:05:37.430+0000] {processor.py:914} INFO - Processing file /home/airflow/.local/lib/python3.12/site-packages/airflow/example_dags/example_sensors.py for tasks to queue
[2024-12-13T01:05:37.433+0000] {logging_mixin.py:190} INFO - [2024-12-13T01:05:37.433+0000] {dagbag.py:588} INFO - Filling up the DagBag from /home/airflow/.local/lib/python3.12/site-packages/airflow/example_dags/example_sensors.py
[2024-12-13T01:05:37.443+0000] {processor.py:925} INFO - DAG(s) 'example_sensors' retrieved from /home/airflow/.local/lib/python3.12/site-packages/airflow/example_dags/example_sensors.py
[2024-12-13T01:05:37.469+0000] {logging_mixin.py:190} INFO - [2024-12-13T01:05:37.468+0000] {dag.py:3239} INFO - Sync 1 DAGs
[2024-12-13T01:05:37.485+0000] {logging_mixin.py:190} INFO - [2024-12-13T01:05:37.485+0000] {dag.py:4180} INFO - Setting next_dagrun for example_sensors to None, run_after=None
[2024-12-13T01:05:37.504+0000] {processor.py:208} INFO - Processing /home/airflow/.local/lib/python3.12/site-packages/airflow/example_dags/example_sensors.py took 0.083 seconds
[2024-12-13T01:06:11.089+0000] {processor.py:186} INFO - Started process (PID=69339) to work on /home/airflow/.local/lib/python3.12/site-packages/airflow/example_dags/example_sensors.py
[2024-12-13T01:06:11.090+0000] {processor.py:914} INFO - Processing file /home/airflow/.local/lib/python3.12/site-packages/airflow/example_dags/example_sensors.py for tasks to queue
[2024-12-13T01:06:11.092+0000] {logging_mixin.py:190} INFO - [2024-12-13T01:06:11.091+0000] {dagbag.py:588} INFO - Filling up the DagBag from /home/airflow/.local/lib/python3.12/site-packages/airflow/example_dags/example_sensors.py
[2024-12-13T01:06:11.101+0000] {processor.py:925} INFO - DAG(s) 'example_sensors' retrieved from /home/airflow/.local/lib/python3.12/site-packages/airflow/example_dags/example_sensors.py
[2024-12-13T01:06:11.127+0000] {logging_mixin.py:190} INFO - [2024-12-13T01:06:11.127+0000] {dag.py:3239} INFO - Sync 1 DAGs
[2024-12-13T01:06:11.141+0000] {logging_mixin.py:190} INFO - [2024-12-13T01:06:11.140+0000] {dag.py:4180} INFO - Setting next_dagrun for example_sensors to None, run_after=None
[2024-12-13T01:06:11.161+0000] {processor.py:208} INFO - Processing /home/airflow/.local/lib/python3.12/site-packages/airflow/example_dags/example_sensors.py took 0.077 seconds
[2024-12-13T01:06:44.051+0000] {processor.py:186} INFO - Started process (PID=69404) to work on /home/airflow/.local/lib/python3.12/site-packages/airflow/example_dags/example_sensors.py
[2024-12-13T01:06:44.051+0000] {processor.py:914} INFO - Processing file /home/airflow/.local/lib/python3.12/site-packages/airflow/example_dags/example_sensors.py for tasks to queue
[2024-12-13T01:06:44.053+0000] {logging_mixin.py:190} INFO - [2024-12-13T01:06:44.053+0000] {dagbag.py:588} INFO - Filling up the DagBag from /home/airflow/.local/lib/python3.12/site-packages/airflow/example_dags/example_sensors.py
[2024-12-13T01:06:44.063+0000] {processor.py:925} INFO - DAG(s) 'example_sensors' retrieved from /home/airflow/.local/lib/python3.12/site-packages/airflow/example_dags/example_sensors.py
[2024-12-13T01:06:44.089+0000] {logging_mixin.py:190} INFO - [2024-12-13T01:06:44.089+0000] {dag.py:3239} INFO - Sync 1 DAGs
[2024-12-13T01:06:44.103+0000] {logging_mixin.py:190} INFO - [2024-12-13T01:06:44.103+0000] {dag.py:4180} INFO - Setting next_dagrun for example_sensors to None, run_after=None
[2024-12-13T01:06:44.121+0000] {processor.py:208} INFO - Processing /home/airflow/.local/lib/python3.12/site-packages/airflow/example_dags/example_sensors.py took 0.076 seconds
[2024-12-13T01:07:17.684+0000] {processor.py:186} INFO - Started process (PID=69469) to work on /home/airflow/.local/lib/python3.12/site-packages/airflow/example_dags/example_sensors.py
[2024-12-13T01:07:17.685+0000] {processor.py:914} INFO - Processing file /home/airflow/.local/lib/python3.12/site-packages/airflow/example_dags/example_sensors.py for tasks to queue
[2024-12-13T01:07:17.687+0000] {logging_mixin.py:190} INFO - [2024-12-13T01:07:17.686+0000] {dagbag.py:588} INFO - Filling up the DagBag from /home/airflow/.local/lib/python3.12/site-packages/airflow/example_dags/example_sensors.py
[2024-12-13T01:07:17.696+0000] {processor.py:925} INFO - DAG(s) 'example_sensors' retrieved from /home/airflow/.local/lib/python3.12/site-packages/airflow/example_dags/example_sensors.py
[2024-12-13T01:07:17.719+0000] {logging_mixin.py:190} INFO - [2024-12-13T01:07:17.719+0000] {dag.py:3239} INFO - Sync 1 DAGs
[2024-12-13T01:07:17.733+0000] {logging_mixin.py:190} INFO - [2024-12-13T01:07:17.732+0000] {dag.py:4180} INFO - Setting next_dagrun for example_sensors to None, run_after=None
[2024-12-13T01:07:17.749+0000] {processor.py:208} INFO - Processing /home/airflow/.local/lib/python3.12/site-packages/airflow/example_dags/example_sensors.py took 0.070 seconds
[2024-12-13T01:07:50.450+0000] {processor.py:186} INFO - Started process (PID=69534) to work on /home/airflow/.local/lib/python3.12/site-packages/airflow/example_dags/example_sensors.py
[2024-12-13T01:07:50.451+0000] {processor.py:914} INFO - Processing file /home/airflow/.local/lib/python3.12/site-packages/airflow/example_dags/example_sensors.py for tasks to queue
[2024-12-13T01:07:50.453+0000] {logging_mixin.py:190} INFO - [2024-12-13T01:07:50.452+0000] {dagbag.py:588} INFO - Filling up the DagBag from /home/airflow/.local/lib/python3.12/site-packages/airflow/example_dags/example_sensors.py
[2024-12-13T01:07:50.462+0000] {processor.py:925} INFO - DAG(s) 'example_sensors' retrieved from /home/airflow/.local/lib/python3.12/site-packages/airflow/example_dags/example_sensors.py
[2024-12-13T01:07:50.486+0000] {logging_mixin.py:190} INFO - [2024-12-13T01:07:50.486+0000] {dag.py:3239} INFO - Sync 1 DAGs
[2024-12-13T01:07:50.499+0000] {logging_mixin.py:190} INFO - [2024-12-13T01:07:50.499+0000] {dag.py:4180} INFO - Setting next_dagrun for example_sensors to None, run_after=None
[2024-12-13T01:07:50.516+0000] {processor.py:208} INFO - Processing /home/airflow/.local/lib/python3.12/site-packages/airflow/example_dags/example_sensors.py took 0.071 seconds
[2024-12-13T01:08:23.995+0000] {processor.py:186} INFO - Started process (PID=69599) to work on /home/airflow/.local/lib/python3.12/site-packages/airflow/example_dags/example_sensors.py
[2024-12-13T01:08:23.996+0000] {processor.py:914} INFO - Processing file /home/airflow/.local/lib/python3.12/site-packages/airflow/example_dags/example_sensors.py for tasks to queue
[2024-12-13T01:08:23.999+0000] {logging_mixin.py:190} INFO - [2024-12-13T01:08:23.999+0000] {dagbag.py:588} INFO - Filling up the DagBag from /home/airflow/.local/lib/python3.12/site-packages/airflow/example_dags/example_sensors.py
[2024-12-13T01:08:24.012+0000] {processor.py:925} INFO - DAG(s) 'example_sensors' retrieved from /home/airflow/.local/lib/python3.12/site-packages/airflow/example_dags/example_sensors.py
[2024-12-13T01:08:24.041+0000] {logging_mixin.py:190} INFO - [2024-12-13T01:08:24.040+0000] {dag.py:3239} INFO - Sync 1 DAGs
[2024-12-13T01:08:24.056+0000] {logging_mixin.py:190} INFO - [2024-12-13T01:08:24.056+0000] {dag.py:4180} INFO - Setting next_dagrun for example_sensors to None, run_after=None
[2024-12-13T01:08:24.076+0000] {processor.py:208} INFO - Processing /home/airflow/.local/lib/python3.12/site-packages/airflow/example_dags/example_sensors.py took 0.090 seconds
[2024-12-13T01:08:57.485+0000] {processor.py:186} INFO - Started process (PID=69664) to work on /home/airflow/.local/lib/python3.12/site-packages/airflow/example_dags/example_sensors.py
[2024-12-13T01:08:57.493+0000] {processor.py:914} INFO - Processing file /home/airflow/.local/lib/python3.12/site-packages/airflow/example_dags/example_sensors.py for tasks to queue
[2024-12-13T01:08:57.499+0000] {logging_mixin.py:190} INFO - [2024-12-13T01:08:57.499+0000] {dagbag.py:588} INFO - Filling up the DagBag from /home/airflow/.local/lib/python3.12/site-packages/airflow/example_dags/example_sensors.py
[2024-12-13T01:08:57.529+0000] {processor.py:925} INFO - DAG(s) 'example_sensors' retrieved from /home/airflow/.local/lib/python3.12/site-packages/airflow/example_dags/example_sensors.py
[2024-12-13T01:08:57.581+0000] {logging_mixin.py:190} INFO - [2024-12-13T01:08:57.581+0000] {dag.py:3239} INFO - Sync 1 DAGs
[2024-12-13T01:08:57.620+0000] {logging_mixin.py:190} INFO - [2024-12-13T01:08:57.620+0000] {dag.py:4180} INFO - Setting next_dagrun for example_sensors to None, run_after=None
[2024-12-13T01:08:57.653+0000] {processor.py:208} INFO - Processing /home/airflow/.local/lib/python3.12/site-packages/airflow/example_dags/example_sensors.py took 0.176 seconds
[2024-12-13T01:09:30.325+0000] {processor.py:186} INFO - Started process (PID=69729) to work on /home/airflow/.local/lib/python3.12/site-packages/airflow/example_dags/example_sensors.py
[2024-12-13T01:09:30.325+0000] {processor.py:914} INFO - Processing file /home/airflow/.local/lib/python3.12/site-packages/airflow/example_dags/example_sensors.py for tasks to queue
[2024-12-13T01:09:30.327+0000] {logging_mixin.py:190} INFO - [2024-12-13T01:09:30.327+0000] {dagbag.py:588} INFO - Filling up the DagBag from /home/airflow/.local/lib/python3.12/site-packages/airflow/example_dags/example_sensors.py
[2024-12-13T01:09:30.337+0000] {processor.py:925} INFO - DAG(s) 'example_sensors' retrieved from /home/airflow/.local/lib/python3.12/site-packages/airflow/example_dags/example_sensors.py
[2024-12-13T01:09:30.363+0000] {logging_mixin.py:190} INFO - [2024-12-13T01:09:30.363+0000] {dag.py:3239} INFO - Sync 1 DAGs
[2024-12-13T01:09:30.377+0000] {logging_mixin.py:190} INFO - [2024-12-13T01:09:30.377+0000] {dag.py:4180} INFO - Setting next_dagrun for example_sensors to None, run_after=None
[2024-12-13T01:09:30.393+0000] {processor.py:208} INFO - Processing /home/airflow/.local/lib/python3.12/site-packages/airflow/example_dags/example_sensors.py took 0.074 seconds
[2024-12-13T01:10:04.346+0000] {processor.py:186} INFO - Started process (PID=69794) to work on /home/airflow/.local/lib/python3.12/site-packages/airflow/example_dags/example_sensors.py
[2024-12-13T01:10:04.347+0000] {processor.py:914} INFO - Processing file /home/airflow/.local/lib/python3.12/site-packages/airflow/example_dags/example_sensors.py for tasks to queue
[2024-12-13T01:10:04.349+0000] {logging_mixin.py:190} INFO - [2024-12-13T01:10:04.349+0000] {dagbag.py:588} INFO - Filling up the DagBag from /home/airflow/.local/lib/python3.12/site-packages/airflow/example_dags/example_sensors.py
[2024-12-13T01:10:04.360+0000] {processor.py:925} INFO - DAG(s) 'example_sensors' retrieved from /home/airflow/.local/lib/python3.12/site-packages/airflow/example_dags/example_sensors.py
[2024-12-13T01:10:04.384+0000] {logging_mixin.py:190} INFO - [2024-12-13T01:10:04.384+0000] {dag.py:3239} INFO - Sync 1 DAGs
[2024-12-13T01:10:04.399+0000] {logging_mixin.py:190} INFO - [2024-12-13T01:10:04.398+0000] {dag.py:4180} INFO - Setting next_dagrun for example_sensors to None, run_after=None
[2024-12-13T01:10:04.417+0000] {processor.py:208} INFO - Processing /home/airflow/.local/lib/python3.12/site-packages/airflow/example_dags/example_sensors.py took 0.077 seconds
[2024-12-13T01:10:38.538+0000] {processor.py:186} INFO - Started process (PID=69859) to work on /home/airflow/.local/lib/python3.12/site-packages/airflow/example_dags/example_sensors.py
[2024-12-13T01:10:38.539+0000] {processor.py:914} INFO - Processing file /home/airflow/.local/lib/python3.12/site-packages/airflow/example_dags/example_sensors.py for tasks to queue
[2024-12-13T01:10:38.541+0000] {logging_mixin.py:190} INFO - [2024-12-13T01:10:38.541+0000] {dagbag.py:588} INFO - Filling up the DagBag from /home/airflow/.local/lib/python3.12/site-packages/airflow/example_dags/example_sensors.py
[2024-12-13T01:10:38.552+0000] {processor.py:925} INFO - DAG(s) 'example_sensors' retrieved from /home/airflow/.local/lib/python3.12/site-packages/airflow/example_dags/example_sensors.py
[2024-12-13T01:10:38.577+0000] {logging_mixin.py:190} INFO - [2024-12-13T01:10:38.577+0000] {dag.py:3239} INFO - Sync 1 DAGs
[2024-12-13T01:10:38.589+0000] {logging_mixin.py:190} INFO - [2024-12-13T01:10:38.589+0000] {dag.py:4180} INFO - Setting next_dagrun for example_sensors to None, run_after=None
[2024-12-13T01:10:38.606+0000] {processor.py:208} INFO - Processing /home/airflow/.local/lib/python3.12/site-packages/airflow/example_dags/example_sensors.py took 0.075 seconds
[2024-12-13T01:11:10.817+0000] {processor.py:186} INFO - Started process (PID=69924) to work on /home/airflow/.local/lib/python3.12/site-packages/airflow/example_dags/example_sensors.py
[2024-12-13T01:11:10.819+0000] {processor.py:914} INFO - Processing file /home/airflow/.local/lib/python3.12/site-packages/airflow/example_dags/example_sensors.py for tasks to queue
[2024-12-13T01:11:10.832+0000] {logging_mixin.py:190} INFO - [2024-12-13T01:11:10.832+0000] {dagbag.py:588} INFO - Filling up the DagBag from /home/airflow/.local/lib/python3.12/site-packages/airflow/example_dags/example_sensors.py
[2024-12-13T01:11:10.853+0000] {processor.py:925} INFO - DAG(s) 'example_sensors' retrieved from /home/airflow/.local/lib/python3.12/site-packages/airflow/example_dags/example_sensors.py
[2024-12-13T01:11:10.880+0000] {logging_mixin.py:190} INFO - [2024-12-13T01:11:10.880+0000] {dag.py:3239} INFO - Sync 1 DAGs
[2024-12-13T01:11:10.895+0000] {logging_mixin.py:190} INFO - [2024-12-13T01:11:10.894+0000] {dag.py:4180} INFO - Setting next_dagrun for example_sensors to None, run_after=None
[2024-12-13T01:11:10.912+0000] {processor.py:208} INFO - Processing /home/airflow/.local/lib/python3.12/site-packages/airflow/example_dags/example_sensors.py took 0.103 seconds
[2024-12-13T01:11:44.800+0000] {processor.py:186} INFO - Started process (PID=69989) to work on /home/airflow/.local/lib/python3.12/site-packages/airflow/example_dags/example_sensors.py
[2024-12-13T01:11:44.801+0000] {processor.py:914} INFO - Processing file /home/airflow/.local/lib/python3.12/site-packages/airflow/example_dags/example_sensors.py for tasks to queue
[2024-12-13T01:11:44.804+0000] {logging_mixin.py:190} INFO - [2024-12-13T01:11:44.803+0000] {dagbag.py:588} INFO - Filling up the DagBag from /home/airflow/.local/lib/python3.12/site-packages/airflow/example_dags/example_sensors.py
[2024-12-13T01:11:44.813+0000] {processor.py:925} INFO - DAG(s) 'example_sensors' retrieved from /home/airflow/.local/lib/python3.12/site-packages/airflow/example_dags/example_sensors.py
[2024-12-13T01:11:44.839+0000] {logging_mixin.py:190} INFO - [2024-12-13T01:11:44.839+0000] {dag.py:3239} INFO - Sync 1 DAGs
[2024-12-13T01:11:44.854+0000] {logging_mixin.py:190} INFO - [2024-12-13T01:11:44.854+0000] {dag.py:4180} INFO - Setting next_dagrun for example_sensors to None, run_after=None
[2024-12-13T01:11:44.871+0000] {processor.py:208} INFO - Processing /home/airflow/.local/lib/python3.12/site-packages/airflow/example_dags/example_sensors.py took 0.076 seconds
[2024-12-13T01:12:17.717+0000] {processor.py:186} INFO - Started process (PID=70054) to work on /home/airflow/.local/lib/python3.12/site-packages/airflow/example_dags/example_sensors.py
[2024-12-13T01:12:17.718+0000] {processor.py:914} INFO - Processing file /home/airflow/.local/lib/python3.12/site-packages/airflow/example_dags/example_sensors.py for tasks to queue
[2024-12-13T01:12:17.720+0000] {logging_mixin.py:190} INFO - [2024-12-13T01:12:17.720+0000] {dagbag.py:588} INFO - Filling up the DagBag from /home/airflow/.local/lib/python3.12/site-packages/airflow/example_dags/example_sensors.py
[2024-12-13T01:12:17.731+0000] {processor.py:925} INFO - DAG(s) 'example_sensors' retrieved from /home/airflow/.local/lib/python3.12/site-packages/airflow/example_dags/example_sensors.py
[2024-12-13T01:12:17.754+0000] {logging_mixin.py:190} INFO - [2024-12-13T01:12:17.754+0000] {dag.py:3239} INFO - Sync 1 DAGs
[2024-12-13T01:12:17.770+0000] {logging_mixin.py:190} INFO - [2024-12-13T01:12:17.769+0000] {dag.py:4180} INFO - Setting next_dagrun for example_sensors to None, run_after=None
[2024-12-13T01:12:17.787+0000] {processor.py:208} INFO - Processing /home/airflow/.local/lib/python3.12/site-packages/airflow/example_dags/example_sensors.py took 0.075 seconds
[2024-12-13T01:12:50.400+0000] {processor.py:186} INFO - Started process (PID=70119) to work on /home/airflow/.local/lib/python3.12/site-packages/airflow/example_dags/example_sensors.py
[2024-12-13T01:12:50.401+0000] {processor.py:914} INFO - Processing file /home/airflow/.local/lib/python3.12/site-packages/airflow/example_dags/example_sensors.py for tasks to queue
[2024-12-13T01:12:50.403+0000] {logging_mixin.py:190} INFO - [2024-12-13T01:12:50.402+0000] {dagbag.py:588} INFO - Filling up the DagBag from /home/airflow/.local/lib/python3.12/site-packages/airflow/example_dags/example_sensors.py
[2024-12-13T01:12:50.412+0000] {processor.py:925} INFO - DAG(s) 'example_sensors' retrieved from /home/airflow/.local/lib/python3.12/site-packages/airflow/example_dags/example_sensors.py
[2024-12-13T01:12:50.447+0000] {logging_mixin.py:190} INFO - [2024-12-13T01:12:50.447+0000] {dag.py:3239} INFO - Sync 1 DAGs
[2024-12-13T01:12:50.461+0000] {logging_mixin.py:190} INFO - [2024-12-13T01:12:50.461+0000] {dag.py:4180} INFO - Setting next_dagrun for example_sensors to None, run_after=None
[2024-12-13T01:12:50.479+0000] {processor.py:208} INFO - Processing /home/airflow/.local/lib/python3.12/site-packages/airflow/example_dags/example_sensors.py took 0.084 seconds
[2024-12-13T01:13:23.989+0000] {processor.py:186} INFO - Started process (PID=70184) to work on /home/airflow/.local/lib/python3.12/site-packages/airflow/example_dags/example_sensors.py
[2024-12-13T01:13:23.989+0000] {processor.py:914} INFO - Processing file /home/airflow/.local/lib/python3.12/site-packages/airflow/example_dags/example_sensors.py for tasks to queue
[2024-12-13T01:13:23.991+0000] {logging_mixin.py:190} INFO - [2024-12-13T01:13:23.991+0000] {dagbag.py:588} INFO - Filling up the DagBag from /home/airflow/.local/lib/python3.12/site-packages/airflow/example_dags/example_sensors.py
[2024-12-13T01:13:24.007+0000] {processor.py:925} INFO - DAG(s) 'example_sensors' retrieved from /home/airflow/.local/lib/python3.12/site-packages/airflow/example_dags/example_sensors.py
[2024-12-13T01:13:24.032+0000] {logging_mixin.py:190} INFO - [2024-12-13T01:13:24.032+0000] {dag.py:3239} INFO - Sync 1 DAGs
[2024-12-13T01:13:24.046+0000] {logging_mixin.py:190} INFO - [2024-12-13T01:13:24.045+0000] {dag.py:4180} INFO - Setting next_dagrun for example_sensors to None, run_after=None
[2024-12-13T01:13:24.063+0000] {processor.py:208} INFO - Processing /home/airflow/.local/lib/python3.12/site-packages/airflow/example_dags/example_sensors.py took 0.080 seconds
[2024-12-13T01:13:57.321+0000] {processor.py:186} INFO - Started process (PID=70249) to work on /home/airflow/.local/lib/python3.12/site-packages/airflow/example_dags/example_sensors.py
[2024-12-13T01:13:57.321+0000] {processor.py:914} INFO - Processing file /home/airflow/.local/lib/python3.12/site-packages/airflow/example_dags/example_sensors.py for tasks to queue
[2024-12-13T01:13:57.324+0000] {logging_mixin.py:190} INFO - [2024-12-13T01:13:57.323+0000] {dagbag.py:588} INFO - Filling up the DagBag from /home/airflow/.local/lib/python3.12/site-packages/airflow/example_dags/example_sensors.py
[2024-12-13T01:13:57.334+0000] {processor.py:925} INFO - DAG(s) 'example_sensors' retrieved from /home/airflow/.local/lib/python3.12/site-packages/airflow/example_dags/example_sensors.py
[2024-12-13T01:13:57.357+0000] {logging_mixin.py:190} INFO - [2024-12-13T01:13:57.357+0000] {dag.py:3239} INFO - Sync 1 DAGs
[2024-12-13T01:13:57.371+0000] {logging_mixin.py:190} INFO - [2024-12-13T01:13:57.371+0000] {dag.py:4180} INFO - Setting next_dagrun for example_sensors to None, run_after=None
[2024-12-13T01:13:57.394+0000] {processor.py:208} INFO - Processing /home/airflow/.local/lib/python3.12/site-packages/airflow/example_dags/example_sensors.py took 0.078 seconds
[2024-12-13T01:14:31.237+0000] {processor.py:186} INFO - Started process (PID=70314) to work on /home/airflow/.local/lib/python3.12/site-packages/airflow/example_dags/example_sensors.py
[2024-12-13T01:14:31.238+0000] {processor.py:914} INFO - Processing file /home/airflow/.local/lib/python3.12/site-packages/airflow/example_dags/example_sensors.py for tasks to queue
[2024-12-13T01:14:31.240+0000] {logging_mixin.py:190} INFO - [2024-12-13T01:14:31.240+0000] {dagbag.py:588} INFO - Filling up the DagBag from /home/airflow/.local/lib/python3.12/site-packages/airflow/example_dags/example_sensors.py
[2024-12-13T01:14:31.250+0000] {processor.py:925} INFO - DAG(s) 'example_sensors' retrieved from /home/airflow/.local/lib/python3.12/site-packages/airflow/example_dags/example_sensors.py
[2024-12-13T01:14:31.275+0000] {logging_mixin.py:190} INFO - [2024-12-13T01:14:31.275+0000] {dag.py:3239} INFO - Sync 1 DAGs
[2024-12-13T01:14:31.289+0000] {logging_mixin.py:190} INFO - [2024-12-13T01:14:31.288+0000] {dag.py:4180} INFO - Setting next_dagrun for example_sensors to None, run_after=None
[2024-12-13T01:14:31.306+0000] {processor.py:208} INFO - Processing /home/airflow/.local/lib/python3.12/site-packages/airflow/example_dags/example_sensors.py took 0.074 seconds
[2024-12-13T01:15:04.704+0000] {processor.py:186} INFO - Started process (PID=70379) to work on /home/airflow/.local/lib/python3.12/site-packages/airflow/example_dags/example_sensors.py
[2024-12-13T01:15:04.705+0000] {processor.py:914} INFO - Processing file /home/airflow/.local/lib/python3.12/site-packages/airflow/example_dags/example_sensors.py for tasks to queue
[2024-12-13T01:15:04.707+0000] {logging_mixin.py:190} INFO - [2024-12-13T01:15:04.707+0000] {dagbag.py:588} INFO - Filling up the DagBag from /home/airflow/.local/lib/python3.12/site-packages/airflow/example_dags/example_sensors.py
[2024-12-13T01:15:04.718+0000] {processor.py:925} INFO - DAG(s) 'example_sensors' retrieved from /home/airflow/.local/lib/python3.12/site-packages/airflow/example_dags/example_sensors.py
[2024-12-13T01:15:04.746+0000] {logging_mixin.py:190} INFO - [2024-12-13T01:15:04.746+0000] {dag.py:3239} INFO - Sync 1 DAGs
[2024-12-13T01:15:04.761+0000] {logging_mixin.py:190} INFO - [2024-12-13T01:15:04.760+0000] {dag.py:4180} INFO - Setting next_dagrun for example_sensors to None, run_after=None
[2024-12-13T01:15:04.780+0000] {processor.py:208} INFO - Processing /home/airflow/.local/lib/python3.12/site-packages/airflow/example_dags/example_sensors.py took 0.082 seconds
[2024-12-13T01:15:37.196+0000] {processor.py:186} INFO - Started process (PID=70444) to work on /home/airflow/.local/lib/python3.12/site-packages/airflow/example_dags/example_sensors.py
[2024-12-13T01:15:37.197+0000] {processor.py:914} INFO - Processing file /home/airflow/.local/lib/python3.12/site-packages/airflow/example_dags/example_sensors.py for tasks to queue
[2024-12-13T01:15:37.199+0000] {logging_mixin.py:190} INFO - [2024-12-13T01:15:37.199+0000] {dagbag.py:588} INFO - Filling up the DagBag from /home/airflow/.local/lib/python3.12/site-packages/airflow/example_dags/example_sensors.py
[2024-12-13T01:15:37.210+0000] {processor.py:925} INFO - DAG(s) 'example_sensors' retrieved from /home/airflow/.local/lib/python3.12/site-packages/airflow/example_dags/example_sensors.py
[2024-12-13T01:15:37.235+0000] {logging_mixin.py:190} INFO - [2024-12-13T01:15:37.234+0000] {dag.py:3239} INFO - Sync 1 DAGs
[2024-12-13T01:15:37.248+0000] {logging_mixin.py:190} INFO - [2024-12-13T01:15:37.248+0000] {dag.py:4180} INFO - Setting next_dagrun for example_sensors to None, run_after=None
[2024-12-13T01:15:37.265+0000] {processor.py:208} INFO - Processing /home/airflow/.local/lib/python3.12/site-packages/airflow/example_dags/example_sensors.py took 0.075 seconds
[2024-12-13T01:16:11.427+0000] {processor.py:186} INFO - Started process (PID=70509) to work on /home/airflow/.local/lib/python3.12/site-packages/airflow/example_dags/example_sensors.py
[2024-12-13T01:16:11.428+0000] {processor.py:914} INFO - Processing file /home/airflow/.local/lib/python3.12/site-packages/airflow/example_dags/example_sensors.py for tasks to queue
[2024-12-13T01:16:11.431+0000] {logging_mixin.py:190} INFO - [2024-12-13T01:16:11.430+0000] {dagbag.py:588} INFO - Filling up the DagBag from /home/airflow/.local/lib/python3.12/site-packages/airflow/example_dags/example_sensors.py
[2024-12-13T01:16:11.441+0000] {processor.py:925} INFO - DAG(s) 'example_sensors' retrieved from /home/airflow/.local/lib/python3.12/site-packages/airflow/example_dags/example_sensors.py
[2024-12-13T01:16:11.468+0000] {logging_mixin.py:190} INFO - [2024-12-13T01:16:11.467+0000] {dag.py:3239} INFO - Sync 1 DAGs
[2024-12-13T01:16:11.485+0000] {logging_mixin.py:190} INFO - [2024-12-13T01:16:11.485+0000] {dag.py:4180} INFO - Setting next_dagrun for example_sensors to None, run_after=None
[2024-12-13T01:16:11.504+0000] {processor.py:208} INFO - Processing /home/airflow/.local/lib/python3.12/site-packages/airflow/example_dags/example_sensors.py took 0.083 seconds
[2024-12-13T01:16:43.591+0000] {processor.py:186} INFO - Started process (PID=70574) to work on /home/airflow/.local/lib/python3.12/site-packages/airflow/example_dags/example_sensors.py
[2024-12-13T01:16:43.591+0000] {processor.py:914} INFO - Processing file /home/airflow/.local/lib/python3.12/site-packages/airflow/example_dags/example_sensors.py for tasks to queue
[2024-12-13T01:16:43.594+0000] {logging_mixin.py:190} INFO - [2024-12-13T01:16:43.593+0000] {dagbag.py:588} INFO - Filling up the DagBag from /home/airflow/.local/lib/python3.12/site-packages/airflow/example_dags/example_sensors.py
[2024-12-13T01:16:43.604+0000] {processor.py:925} INFO - DAG(s) 'example_sensors' retrieved from /home/airflow/.local/lib/python3.12/site-packages/airflow/example_dags/example_sensors.py
[2024-12-13T01:16:43.632+0000] {logging_mixin.py:190} INFO - [2024-12-13T01:16:43.632+0000] {dag.py:3239} INFO - Sync 1 DAGs
[2024-12-13T01:16:43.647+0000] {logging_mixin.py:190} INFO - [2024-12-13T01:16:43.647+0000] {dag.py:4180} INFO - Setting next_dagrun for example_sensors to None, run_after=None
[2024-12-13T01:16:43.665+0000] {processor.py:208} INFO - Processing /home/airflow/.local/lib/python3.12/site-packages/airflow/example_dags/example_sensors.py took 0.081 seconds
[2024-12-13T01:17:16.894+0000] {processor.py:186} INFO - Started process (PID=70639) to work on /home/airflow/.local/lib/python3.12/site-packages/airflow/example_dags/example_sensors.py
[2024-12-13T01:17:16.895+0000] {processor.py:914} INFO - Processing file /home/airflow/.local/lib/python3.12/site-packages/airflow/example_dags/example_sensors.py for tasks to queue
[2024-12-13T01:17:16.897+0000] {logging_mixin.py:190} INFO - [2024-12-13T01:17:16.897+0000] {dagbag.py:588} INFO - Filling up the DagBag from /home/airflow/.local/lib/python3.12/site-packages/airflow/example_dags/example_sensors.py
[2024-12-13T01:17:16.907+0000] {processor.py:925} INFO - DAG(s) 'example_sensors' retrieved from /home/airflow/.local/lib/python3.12/site-packages/airflow/example_dags/example_sensors.py
[2024-12-13T01:17:16.931+0000] {logging_mixin.py:190} INFO - [2024-12-13T01:17:16.931+0000] {dag.py:3239} INFO - Sync 1 DAGs
[2024-12-13T01:17:16.944+0000] {logging_mixin.py:190} INFO - [2024-12-13T01:17:16.944+0000] {dag.py:4180} INFO - Setting next_dagrun for example_sensors to None, run_after=None
[2024-12-13T01:17:16.960+0000] {processor.py:208} INFO - Processing /home/airflow/.local/lib/python3.12/site-packages/airflow/example_dags/example_sensors.py took 0.071 seconds
[2024-12-13T01:17:50.685+0000] {processor.py:186} INFO - Started process (PID=70704) to work on /home/airflow/.local/lib/python3.12/site-packages/airflow/example_dags/example_sensors.py
[2024-12-13T01:17:50.686+0000] {processor.py:914} INFO - Processing file /home/airflow/.local/lib/python3.12/site-packages/airflow/example_dags/example_sensors.py for tasks to queue
[2024-12-13T01:17:50.688+0000] {logging_mixin.py:190} INFO - [2024-12-13T01:17:50.687+0000] {dagbag.py:588} INFO - Filling up the DagBag from /home/airflow/.local/lib/python3.12/site-packages/airflow/example_dags/example_sensors.py
[2024-12-13T01:17:50.698+0000] {processor.py:925} INFO - DAG(s) 'example_sensors' retrieved from /home/airflow/.local/lib/python3.12/site-packages/airflow/example_dags/example_sensors.py
[2024-12-13T01:17:50.722+0000] {logging_mixin.py:190} INFO - [2024-12-13T01:17:50.722+0000] {dag.py:3239} INFO - Sync 1 DAGs
[2024-12-13T01:17:50.735+0000] {logging_mixin.py:190} INFO - [2024-12-13T01:17:50.735+0000] {dag.py:4180} INFO - Setting next_dagrun for example_sensors to None, run_after=None
[2024-12-13T01:17:50.752+0000] {processor.py:208} INFO - Processing /home/airflow/.local/lib/python3.12/site-packages/airflow/example_dags/example_sensors.py took 0.072 seconds
[2024-12-13T01:18:24.337+0000] {processor.py:186} INFO - Started process (PID=70769) to work on /home/airflow/.local/lib/python3.12/site-packages/airflow/example_dags/example_sensors.py
[2024-12-13T01:18:24.338+0000] {processor.py:914} INFO - Processing file /home/airflow/.local/lib/python3.12/site-packages/airflow/example_dags/example_sensors.py for tasks to queue
[2024-12-13T01:18:24.340+0000] {logging_mixin.py:190} INFO - [2024-12-13T01:18:24.340+0000] {dagbag.py:588} INFO - Filling up the DagBag from /home/airflow/.local/lib/python3.12/site-packages/airflow/example_dags/example_sensors.py
[2024-12-13T01:18:24.349+0000] {processor.py:925} INFO - DAG(s) 'example_sensors' retrieved from /home/airflow/.local/lib/python3.12/site-packages/airflow/example_dags/example_sensors.py
[2024-12-13T01:18:24.373+0000] {logging_mixin.py:190} INFO - [2024-12-13T01:18:24.372+0000] {dag.py:3239} INFO - Sync 1 DAGs
[2024-12-13T01:18:24.386+0000] {logging_mixin.py:190} INFO - [2024-12-13T01:18:24.385+0000] {dag.py:4180} INFO - Setting next_dagrun for example_sensors to None, run_after=None
[2024-12-13T01:18:24.402+0000] {processor.py:208} INFO - Processing /home/airflow/.local/lib/python3.12/site-packages/airflow/example_dags/example_sensors.py took 0.070 seconds
[2024-12-13T01:18:59.124+0000] {processor.py:186} INFO - Started process (PID=70834) to work on /home/airflow/.local/lib/python3.12/site-packages/airflow/example_dags/example_sensors.py
[2024-12-13T01:18:59.125+0000] {processor.py:914} INFO - Processing file /home/airflow/.local/lib/python3.12/site-packages/airflow/example_dags/example_sensors.py for tasks to queue
[2024-12-13T01:18:59.128+0000] {logging_mixin.py:190} INFO - [2024-12-13T01:18:59.128+0000] {dagbag.py:588} INFO - Filling up the DagBag from /home/airflow/.local/lib/python3.12/site-packages/airflow/example_dags/example_sensors.py
[2024-12-13T01:18:59.143+0000] {processor.py:925} INFO - DAG(s) 'example_sensors' retrieved from /home/airflow/.local/lib/python3.12/site-packages/airflow/example_dags/example_sensors.py
[2024-12-13T01:18:59.178+0000] {logging_mixin.py:190} INFO - [2024-12-13T01:18:59.178+0000] {dag.py:3239} INFO - Sync 1 DAGs
[2024-12-13T01:18:59.194+0000] {logging_mixin.py:190} INFO - [2024-12-13T01:18:59.193+0000] {dag.py:4180} INFO - Setting next_dagrun for example_sensors to None, run_after=None
[2024-12-13T01:18:59.217+0000] {processor.py:208} INFO - Processing /home/airflow/.local/lib/python3.12/site-packages/airflow/example_dags/example_sensors.py took 0.100 seconds
[2024-12-13T01:19:31.107+0000] {processor.py:186} INFO - Started process (PID=70899) to work on /home/airflow/.local/lib/python3.12/site-packages/airflow/example_dags/example_sensors.py
[2024-12-13T01:19:31.108+0000] {processor.py:914} INFO - Processing file /home/airflow/.local/lib/python3.12/site-packages/airflow/example_dags/example_sensors.py for tasks to queue
[2024-12-13T01:19:31.111+0000] {logging_mixin.py:190} INFO - [2024-12-13T01:19:31.110+0000] {dagbag.py:588} INFO - Filling up the DagBag from /home/airflow/.local/lib/python3.12/site-packages/airflow/example_dags/example_sensors.py
[2024-12-13T01:19:31.123+0000] {processor.py:925} INFO - DAG(s) 'example_sensors' retrieved from /home/airflow/.local/lib/python3.12/site-packages/airflow/example_dags/example_sensors.py
[2024-12-13T01:19:31.161+0000] {logging_mixin.py:190} INFO - [2024-12-13T01:19:31.161+0000] {dag.py:3239} INFO - Sync 1 DAGs
[2024-12-13T01:19:31.180+0000] {logging_mixin.py:190} INFO - [2024-12-13T01:19:31.180+0000] {dag.py:4180} INFO - Setting next_dagrun for example_sensors to None, run_after=None
[2024-12-13T01:19:31.201+0000] {processor.py:208} INFO - Processing /home/airflow/.local/lib/python3.12/site-packages/airflow/example_dags/example_sensors.py took 0.100 seconds
[2024-12-13T01:20:03.870+0000] {processor.py:186} INFO - Started process (PID=70964) to work on /home/airflow/.local/lib/python3.12/site-packages/airflow/example_dags/example_sensors.py
[2024-12-13T01:20:03.871+0000] {processor.py:914} INFO - Processing file /home/airflow/.local/lib/python3.12/site-packages/airflow/example_dags/example_sensors.py for tasks to queue
[2024-12-13T01:20:03.874+0000] {logging_mixin.py:190} INFO - [2024-12-13T01:20:03.874+0000] {dagbag.py:588} INFO - Filling up the DagBag from /home/airflow/.local/lib/python3.12/site-packages/airflow/example_dags/example_sensors.py
[2024-12-13T01:20:03.885+0000] {processor.py:925} INFO - DAG(s) 'example_sensors' retrieved from /home/airflow/.local/lib/python3.12/site-packages/airflow/example_dags/example_sensors.py
[2024-12-13T01:20:03.911+0000] {logging_mixin.py:190} INFO - [2024-12-13T01:20:03.911+0000] {dag.py:3239} INFO - Sync 1 DAGs
[2024-12-13T01:20:03.926+0000] {logging_mixin.py:190} INFO - [2024-12-13T01:20:03.926+0000] {dag.py:4180} INFO - Setting next_dagrun for example_sensors to None, run_after=None
[2024-12-13T01:20:03.942+0000] {processor.py:208} INFO - Processing /home/airflow/.local/lib/python3.12/site-packages/airflow/example_dags/example_sensors.py took 0.078 seconds
[2024-12-13T01:20:37.488+0000] {processor.py:186} INFO - Started process (PID=71029) to work on /home/airflow/.local/lib/python3.12/site-packages/airflow/example_dags/example_sensors.py
[2024-12-13T01:20:37.489+0000] {processor.py:914} INFO - Processing file /home/airflow/.local/lib/python3.12/site-packages/airflow/example_dags/example_sensors.py for tasks to queue
[2024-12-13T01:20:37.492+0000] {logging_mixin.py:190} INFO - [2024-12-13T01:20:37.491+0000] {dagbag.py:588} INFO - Filling up the DagBag from /home/airflow/.local/lib/python3.12/site-packages/airflow/example_dags/example_sensors.py
[2024-12-13T01:20:37.505+0000] {processor.py:925} INFO - DAG(s) 'example_sensors' retrieved from /home/airflow/.local/lib/python3.12/site-packages/airflow/example_dags/example_sensors.py
[2024-12-13T01:20:37.532+0000] {logging_mixin.py:190} INFO - [2024-12-13T01:20:37.531+0000] {dag.py:3239} INFO - Sync 1 DAGs
[2024-12-13T01:20:37.548+0000] {logging_mixin.py:190} INFO - [2024-12-13T01:20:37.548+0000] {dag.py:4180} INFO - Setting next_dagrun for example_sensors to None, run_after=None
[2024-12-13T01:20:37.564+0000] {processor.py:208} INFO - Processing /home/airflow/.local/lib/python3.12/site-packages/airflow/example_dags/example_sensors.py took 0.081 seconds
[2024-12-13T01:21:12.308+0000] {processor.py:186} INFO - Started process (PID=71094) to work on /home/airflow/.local/lib/python3.12/site-packages/airflow/example_dags/example_sensors.py
[2024-12-13T01:21:12.309+0000] {processor.py:914} INFO - Processing file /home/airflow/.local/lib/python3.12/site-packages/airflow/example_dags/example_sensors.py for tasks to queue
[2024-12-13T01:21:12.311+0000] {logging_mixin.py:190} INFO - [2024-12-13T01:21:12.310+0000] {dagbag.py:588} INFO - Filling up the DagBag from /home/airflow/.local/lib/python3.12/site-packages/airflow/example_dags/example_sensors.py
[2024-12-13T01:21:12.323+0000] {processor.py:925} INFO - DAG(s) 'example_sensors' retrieved from /home/airflow/.local/lib/python3.12/site-packages/airflow/example_dags/example_sensors.py
[2024-12-13T01:21:12.347+0000] {logging_mixin.py:190} INFO - [2024-12-13T01:21:12.347+0000] {dag.py:3239} INFO - Sync 1 DAGs
[2024-12-13T01:21:12.360+0000] {logging_mixin.py:190} INFO - [2024-12-13T01:21:12.360+0000] {dag.py:4180} INFO - Setting next_dagrun for example_sensors to None, run_after=None
[2024-12-13T01:21:12.377+0000] {processor.py:208} INFO - Processing /home/airflow/.local/lib/python3.12/site-packages/airflow/example_dags/example_sensors.py took 0.075 seconds
[2024-12-13T01:21:44.424+0000] {processor.py:186} INFO - Started process (PID=71159) to work on /home/airflow/.local/lib/python3.12/site-packages/airflow/example_dags/example_sensors.py
[2024-12-13T01:21:44.425+0000] {processor.py:914} INFO - Processing file /home/airflow/.local/lib/python3.12/site-packages/airflow/example_dags/example_sensors.py for tasks to queue
[2024-12-13T01:21:44.427+0000] {logging_mixin.py:190} INFO - [2024-12-13T01:21:44.427+0000] {dagbag.py:588} INFO - Filling up the DagBag from /home/airflow/.local/lib/python3.12/site-packages/airflow/example_dags/example_sensors.py
[2024-12-13T01:21:44.436+0000] {processor.py:925} INFO - DAG(s) 'example_sensors' retrieved from /home/airflow/.local/lib/python3.12/site-packages/airflow/example_dags/example_sensors.py
[2024-12-13T01:21:44.462+0000] {logging_mixin.py:190} INFO - [2024-12-13T01:21:44.461+0000] {dag.py:3239} INFO - Sync 1 DAGs
[2024-12-13T01:21:44.477+0000] {logging_mixin.py:190} INFO - [2024-12-13T01:21:44.477+0000] {dag.py:4180} INFO - Setting next_dagrun for example_sensors to None, run_after=None
[2024-12-13T01:21:44.497+0000] {processor.py:208} INFO - Processing /home/airflow/.local/lib/python3.12/site-packages/airflow/example_dags/example_sensors.py took 0.078 seconds
[2024-12-13T01:22:16.814+0000] {processor.py:186} INFO - Started process (PID=71224) to work on /home/airflow/.local/lib/python3.12/site-packages/airflow/example_dags/example_sensors.py
[2024-12-13T01:22:16.815+0000] {processor.py:914} INFO - Processing file /home/airflow/.local/lib/python3.12/site-packages/airflow/example_dags/example_sensors.py for tasks to queue
[2024-12-13T01:22:16.817+0000] {logging_mixin.py:190} INFO - [2024-12-13T01:22:16.817+0000] {dagbag.py:588} INFO - Filling up the DagBag from /home/airflow/.local/lib/python3.12/site-packages/airflow/example_dags/example_sensors.py
[2024-12-13T01:22:16.827+0000] {processor.py:925} INFO - DAG(s) 'example_sensors' retrieved from /home/airflow/.local/lib/python3.12/site-packages/airflow/example_dags/example_sensors.py
[2024-12-13T01:22:16.851+0000] {logging_mixin.py:190} INFO - [2024-12-13T01:22:16.851+0000] {dag.py:3239} INFO - Sync 1 DAGs
[2024-12-13T01:22:16.864+0000] {logging_mixin.py:190} INFO - [2024-12-13T01:22:16.864+0000] {dag.py:4180} INFO - Setting next_dagrun for example_sensors to None, run_after=None
[2024-12-13T01:22:16.882+0000] {processor.py:208} INFO - Processing /home/airflow/.local/lib/python3.12/site-packages/airflow/example_dags/example_sensors.py took 0.072 seconds
[2024-12-13T01:22:50.425+0000] {processor.py:186} INFO - Started process (PID=71289) to work on /home/airflow/.local/lib/python3.12/site-packages/airflow/example_dags/example_sensors.py
[2024-12-13T01:22:50.426+0000] {processor.py:914} INFO - Processing file /home/airflow/.local/lib/python3.12/site-packages/airflow/example_dags/example_sensors.py for tasks to queue
[2024-12-13T01:22:50.427+0000] {logging_mixin.py:190} INFO - [2024-12-13T01:22:50.427+0000] {dagbag.py:588} INFO - Filling up the DagBag from /home/airflow/.local/lib/python3.12/site-packages/airflow/example_dags/example_sensors.py
[2024-12-13T01:22:50.437+0000] {processor.py:925} INFO - DAG(s) 'example_sensors' retrieved from /home/airflow/.local/lib/python3.12/site-packages/airflow/example_dags/example_sensors.py
[2024-12-13T01:22:50.462+0000] {logging_mixin.py:190} INFO - [2024-12-13T01:22:50.462+0000] {dag.py:3239} INFO - Sync 1 DAGs
[2024-12-13T01:22:50.475+0000] {logging_mixin.py:190} INFO - [2024-12-13T01:22:50.474+0000] {dag.py:4180} INFO - Setting next_dagrun for example_sensors to None, run_after=None
[2024-12-13T01:22:50.492+0000] {processor.py:208} INFO - Processing /home/airflow/.local/lib/python3.12/site-packages/airflow/example_dags/example_sensors.py took 0.072 seconds
[2024-12-13T01:23:24.903+0000] {processor.py:186} INFO - Started process (PID=71354) to work on /home/airflow/.local/lib/python3.12/site-packages/airflow/example_dags/example_sensors.py
[2024-12-13T01:23:24.904+0000] {processor.py:914} INFO - Processing file /home/airflow/.local/lib/python3.12/site-packages/airflow/example_dags/example_sensors.py for tasks to queue
[2024-12-13T01:23:24.906+0000] {logging_mixin.py:190} INFO - [2024-12-13T01:23:24.905+0000] {dagbag.py:588} INFO - Filling up the DagBag from /home/airflow/.local/lib/python3.12/site-packages/airflow/example_dags/example_sensors.py
[2024-12-13T01:23:24.916+0000] {processor.py:925} INFO - DAG(s) 'example_sensors' retrieved from /home/airflow/.local/lib/python3.12/site-packages/airflow/example_dags/example_sensors.py
[2024-12-13T01:23:24.939+0000] {logging_mixin.py:190} INFO - [2024-12-13T01:23:24.939+0000] {dag.py:3239} INFO - Sync 1 DAGs
[2024-12-13T01:23:24.952+0000] {logging_mixin.py:190} INFO - [2024-12-13T01:23:24.952+0000] {dag.py:4180} INFO - Setting next_dagrun for example_sensors to None, run_after=None
[2024-12-13T01:23:24.968+0000] {processor.py:208} INFO - Processing /home/airflow/.local/lib/python3.12/site-packages/airflow/example_dags/example_sensors.py took 0.070 seconds
[2024-12-13T01:24:00.077+0000] {processor.py:186} INFO - Started process (PID=71419) to work on /home/airflow/.local/lib/python3.12/site-packages/airflow/example_dags/example_sensors.py
[2024-12-13T01:24:00.079+0000] {processor.py:914} INFO - Processing file /home/airflow/.local/lib/python3.12/site-packages/airflow/example_dags/example_sensors.py for tasks to queue
[2024-12-13T01:24:00.081+0000] {logging_mixin.py:190} INFO - [2024-12-13T01:24:00.081+0000] {dagbag.py:588} INFO - Filling up the DagBag from /home/airflow/.local/lib/python3.12/site-packages/airflow/example_dags/example_sensors.py
[2024-12-13T01:24:00.091+0000] {processor.py:925} INFO - DAG(s) 'example_sensors' retrieved from /home/airflow/.local/lib/python3.12/site-packages/airflow/example_dags/example_sensors.py
[2024-12-13T01:24:00.276+0000] {logging_mixin.py:190} INFO - [2024-12-13T01:24:00.276+0000] {dag.py:3239} INFO - Sync 1 DAGs
[2024-12-13T01:24:00.287+0000] {logging_mixin.py:190} INFO - [2024-12-13T01:24:00.287+0000] {dag.py:4180} INFO - Setting next_dagrun for example_sensors to None, run_after=None
[2024-12-13T01:24:00.302+0000] {processor.py:208} INFO - Processing /home/airflow/.local/lib/python3.12/site-packages/airflow/example_dags/example_sensors.py took 0.230 seconds
[2024-12-13T01:24:31.953+0000] {processor.py:186} INFO - Started process (PID=71484) to work on /home/airflow/.local/lib/python3.12/site-packages/airflow/example_dags/example_sensors.py
[2024-12-13T01:24:31.954+0000] {processor.py:914} INFO - Processing file /home/airflow/.local/lib/python3.12/site-packages/airflow/example_dags/example_sensors.py for tasks to queue
[2024-12-13T01:24:31.956+0000] {logging_mixin.py:190} INFO - [2024-12-13T01:24:31.956+0000] {dagbag.py:588} INFO - Filling up the DagBag from /home/airflow/.local/lib/python3.12/site-packages/airflow/example_dags/example_sensors.py
[2024-12-13T01:24:31.965+0000] {processor.py:925} INFO - DAG(s) 'example_sensors' retrieved from /home/airflow/.local/lib/python3.12/site-packages/airflow/example_dags/example_sensors.py
[2024-12-13T01:24:31.991+0000] {logging_mixin.py:190} INFO - [2024-12-13T01:24:31.991+0000] {dag.py:3239} INFO - Sync 1 DAGs
[2024-12-13T01:24:32.165+0000] {logging_mixin.py:190} INFO - [2024-12-13T01:24:32.165+0000] {dag.py:4180} INFO - Setting next_dagrun for example_sensors to None, run_after=None
[2024-12-13T01:24:32.181+0000] {processor.py:208} INFO - Processing /home/airflow/.local/lib/python3.12/site-packages/airflow/example_dags/example_sensors.py took 0.233 seconds
[2024-12-13T01:25:05.389+0000] {processor.py:186} INFO - Started process (PID=71549) to work on /home/airflow/.local/lib/python3.12/site-packages/airflow/example_dags/example_sensors.py
[2024-12-13T01:25:05.390+0000] {processor.py:914} INFO - Processing file /home/airflow/.local/lib/python3.12/site-packages/airflow/example_dags/example_sensors.py for tasks to queue
[2024-12-13T01:25:05.391+0000] {logging_mixin.py:190} INFO - [2024-12-13T01:25:05.391+0000] {dagbag.py:588} INFO - Filling up the DagBag from /home/airflow/.local/lib/python3.12/site-packages/airflow/example_dags/example_sensors.py
[2024-12-13T01:25:05.401+0000] {processor.py:925} INFO - DAG(s) 'example_sensors' retrieved from /home/airflow/.local/lib/python3.12/site-packages/airflow/example_dags/example_sensors.py
[2024-12-13T01:25:05.425+0000] {logging_mixin.py:190} INFO - [2024-12-13T01:25:05.425+0000] {dag.py:3239} INFO - Sync 1 DAGs
[2024-12-13T01:25:05.596+0000] {logging_mixin.py:190} INFO - [2024-12-13T01:25:05.596+0000] {dag.py:4180} INFO - Setting next_dagrun for example_sensors to None, run_after=None
[2024-12-13T01:25:05.611+0000] {processor.py:208} INFO - Processing /home/airflow/.local/lib/python3.12/site-packages/airflow/example_dags/example_sensors.py took 0.228 seconds
[2024-12-13T01:25:36.330+0000] {processor.py:186} INFO - Started process (PID=71614) to work on /home/airflow/.local/lib/python3.12/site-packages/airflow/example_dags/example_sensors.py
[2024-12-13T01:25:36.331+0000] {processor.py:914} INFO - Processing file /home/airflow/.local/lib/python3.12/site-packages/airflow/example_dags/example_sensors.py for tasks to queue
[2024-12-13T01:25:36.333+0000] {logging_mixin.py:190} INFO - [2024-12-13T01:25:36.333+0000] {dagbag.py:588} INFO - Filling up the DagBag from /home/airflow/.local/lib/python3.12/site-packages/airflow/example_dags/example_sensors.py
[2024-12-13T01:25:36.343+0000] {processor.py:925} INFO - DAG(s) 'example_sensors' retrieved from /home/airflow/.local/lib/python3.12/site-packages/airflow/example_dags/example_sensors.py
[2024-12-13T01:25:36.366+0000] {logging_mixin.py:190} INFO - [2024-12-13T01:25:36.366+0000] {dag.py:3239} INFO - Sync 1 DAGs
[2024-12-13T01:25:36.379+0000] {logging_mixin.py:190} INFO - [2024-12-13T01:25:36.379+0000] {dag.py:4180} INFO - Setting next_dagrun for example_sensors to None, run_after=None
[2024-12-13T01:25:36.395+0000] {processor.py:208} INFO - Processing /home/airflow/.local/lib/python3.12/site-packages/airflow/example_dags/example_sensors.py took 0.070 seconds
[2024-12-13T01:26:09.117+0000] {processor.py:186} INFO - Started process (PID=71679) to work on /home/airflow/.local/lib/python3.12/site-packages/airflow/example_dags/example_sensors.py
[2024-12-13T01:26:09.117+0000] {processor.py:914} INFO - Processing file /home/airflow/.local/lib/python3.12/site-packages/airflow/example_dags/example_sensors.py for tasks to queue
[2024-12-13T01:26:09.119+0000] {logging_mixin.py:190} INFO - [2024-12-13T01:26:09.119+0000] {dagbag.py:588} INFO - Filling up the DagBag from /home/airflow/.local/lib/python3.12/site-packages/airflow/example_dags/example_sensors.py
[2024-12-13T01:26:09.130+0000] {processor.py:925} INFO - DAG(s) 'example_sensors' retrieved from /home/airflow/.local/lib/python3.12/site-packages/airflow/example_dags/example_sensors.py
[2024-12-13T01:26:09.155+0000] {logging_mixin.py:190} INFO - [2024-12-13T01:26:09.154+0000] {dag.py:3239} INFO - Sync 1 DAGs
[2024-12-13T01:26:09.169+0000] {logging_mixin.py:190} INFO - [2024-12-13T01:26:09.168+0000] {dag.py:4180} INFO - Setting next_dagrun for example_sensors to None, run_after=None
[2024-12-13T01:26:09.188+0000] {processor.py:208} INFO - Processing /home/airflow/.local/lib/python3.12/site-packages/airflow/example_dags/example_sensors.py took 0.077 seconds
[2024-12-13T01:26:41.344+0000] {processor.py:186} INFO - Started process (PID=71745) to work on /home/airflow/.local/lib/python3.12/site-packages/airflow/example_dags/example_sensors.py
[2024-12-13T01:26:41.345+0000] {processor.py:914} INFO - Processing file /home/airflow/.local/lib/python3.12/site-packages/airflow/example_dags/example_sensors.py for tasks to queue
[2024-12-13T01:26:41.347+0000] {logging_mixin.py:190} INFO - [2024-12-13T01:26:41.347+0000] {dagbag.py:588} INFO - Filling up the DagBag from /home/airflow/.local/lib/python3.12/site-packages/airflow/example_dags/example_sensors.py
[2024-12-13T01:26:41.357+0000] {processor.py:925} INFO - DAG(s) 'example_sensors' retrieved from /home/airflow/.local/lib/python3.12/site-packages/airflow/example_dags/example_sensors.py
[2024-12-13T01:26:41.383+0000] {logging_mixin.py:190} INFO - [2024-12-13T01:26:41.383+0000] {dag.py:3239} INFO - Sync 1 DAGs
[2024-12-13T01:26:41.397+0000] {logging_mixin.py:190} INFO - [2024-12-13T01:26:41.397+0000] {dag.py:4180} INFO - Setting next_dagrun for example_sensors to None, run_after=None
[2024-12-13T01:26:41.414+0000] {processor.py:208} INFO - Processing /home/airflow/.local/lib/python3.12/site-packages/airflow/example_dags/example_sensors.py took 0.075 seconds
[2024-12-13T01:27:15.300+0000] {processor.py:186} INFO - Started process (PID=71810) to work on /home/airflow/.local/lib/python3.12/site-packages/airflow/example_dags/example_sensors.py
[2024-12-13T01:27:15.301+0000] {processor.py:914} INFO - Processing file /home/airflow/.local/lib/python3.12/site-packages/airflow/example_dags/example_sensors.py for tasks to queue
[2024-12-13T01:27:15.303+0000] {logging_mixin.py:190} INFO - [2024-12-13T01:27:15.303+0000] {dagbag.py:588} INFO - Filling up the DagBag from /home/airflow/.local/lib/python3.12/site-packages/airflow/example_dags/example_sensors.py
[2024-12-13T01:27:15.313+0000] {processor.py:925} INFO - DAG(s) 'example_sensors' retrieved from /home/airflow/.local/lib/python3.12/site-packages/airflow/example_dags/example_sensors.py
[2024-12-13T01:27:15.337+0000] {logging_mixin.py:190} INFO - [2024-12-13T01:27:15.337+0000] {dag.py:3239} INFO - Sync 1 DAGs
[2024-12-13T01:27:15.351+0000] {logging_mixin.py:190} INFO - [2024-12-13T01:27:15.351+0000] {dag.py:4180} INFO - Setting next_dagrun for example_sensors to None, run_after=None
[2024-12-13T01:27:15.371+0000] {processor.py:208} INFO - Processing /home/airflow/.local/lib/python3.12/site-packages/airflow/example_dags/example_sensors.py took 0.077 seconds
[2024-12-13T01:27:48.413+0000] {processor.py:186} INFO - Started process (PID=71876) to work on /home/airflow/.local/lib/python3.12/site-packages/airflow/example_dags/example_sensors.py
[2024-12-13T01:27:48.414+0000] {processor.py:914} INFO - Processing file /home/airflow/.local/lib/python3.12/site-packages/airflow/example_dags/example_sensors.py for tasks to queue
[2024-12-13T01:27:48.416+0000] {logging_mixin.py:190} INFO - [2024-12-13T01:27:48.416+0000] {dagbag.py:588} INFO - Filling up the DagBag from /home/airflow/.local/lib/python3.12/site-packages/airflow/example_dags/example_sensors.py
[2024-12-13T01:27:48.430+0000] {processor.py:925} INFO - DAG(s) 'example_sensors' retrieved from /home/airflow/.local/lib/python3.12/site-packages/airflow/example_dags/example_sensors.py
[2024-12-13T01:27:48.461+0000] {logging_mixin.py:190} INFO - [2024-12-13T01:27:48.461+0000] {dag.py:3239} INFO - Sync 1 DAGs
[2024-12-13T01:27:48.474+0000] {logging_mixin.py:190} INFO - [2024-12-13T01:27:48.474+0000] {dag.py:4180} INFO - Setting next_dagrun for example_sensors to None, run_after=None
[2024-12-13T01:27:48.491+0000] {processor.py:208} INFO - Processing /home/airflow/.local/lib/python3.12/site-packages/airflow/example_dags/example_sensors.py took 0.085 seconds
[2024-12-13T01:28:21.206+0000] {processor.py:186} INFO - Started process (PID=71941) to work on /home/airflow/.local/lib/python3.12/site-packages/airflow/example_dags/example_sensors.py
[2024-12-13T01:28:21.207+0000] {processor.py:914} INFO - Processing file /home/airflow/.local/lib/python3.12/site-packages/airflow/example_dags/example_sensors.py for tasks to queue
[2024-12-13T01:28:21.209+0000] {logging_mixin.py:190} INFO - [2024-12-13T01:28:21.209+0000] {dagbag.py:588} INFO - Filling up the DagBag from /home/airflow/.local/lib/python3.12/site-packages/airflow/example_dags/example_sensors.py
[2024-12-13T01:28:21.218+0000] {processor.py:925} INFO - DAG(s) 'example_sensors' retrieved from /home/airflow/.local/lib/python3.12/site-packages/airflow/example_dags/example_sensors.py
[2024-12-13T01:28:21.243+0000] {logging_mixin.py:190} INFO - [2024-12-13T01:28:21.243+0000] {dag.py:3239} INFO - Sync 1 DAGs
[2024-12-13T01:28:21.256+0000] {logging_mixin.py:190} INFO - [2024-12-13T01:28:21.256+0000] {dag.py:4180} INFO - Setting next_dagrun for example_sensors to None, run_after=None
[2024-12-13T01:28:21.272+0000] {processor.py:208} INFO - Processing /home/airflow/.local/lib/python3.12/site-packages/airflow/example_dags/example_sensors.py took 0.072 seconds
[2024-12-13T01:28:55.103+0000] {processor.py:186} INFO - Started process (PID=72007) to work on /home/airflow/.local/lib/python3.12/site-packages/airflow/example_dags/example_sensors.py
[2024-12-13T01:28:55.104+0000] {processor.py:914} INFO - Processing file /home/airflow/.local/lib/python3.12/site-packages/airflow/example_dags/example_sensors.py for tasks to queue
[2024-12-13T01:28:55.106+0000] {logging_mixin.py:190} INFO - [2024-12-13T01:28:55.105+0000] {dagbag.py:588} INFO - Filling up the DagBag from /home/airflow/.local/lib/python3.12/site-packages/airflow/example_dags/example_sensors.py
[2024-12-13T01:28:55.115+0000] {processor.py:925} INFO - DAG(s) 'example_sensors' retrieved from /home/airflow/.local/lib/python3.12/site-packages/airflow/example_dags/example_sensors.py
[2024-12-13T01:28:55.140+0000] {logging_mixin.py:190} INFO - [2024-12-13T01:28:55.139+0000] {dag.py:3239} INFO - Sync 1 DAGs
[2024-12-13T01:28:55.152+0000] {logging_mixin.py:190} INFO - [2024-12-13T01:28:55.152+0000] {dag.py:4180} INFO - Setting next_dagrun for example_sensors to None, run_after=None
[2024-12-13T01:28:55.170+0000] {processor.py:208} INFO - Processing /home/airflow/.local/lib/python3.12/site-packages/airflow/example_dags/example_sensors.py took 0.072 seconds
[2024-12-13T01:29:27.904+0000] {processor.py:186} INFO - Started process (PID=72072) to work on /home/airflow/.local/lib/python3.12/site-packages/airflow/example_dags/example_sensors.py
[2024-12-13T01:29:27.905+0000] {processor.py:914} INFO - Processing file /home/airflow/.local/lib/python3.12/site-packages/airflow/example_dags/example_sensors.py for tasks to queue
[2024-12-13T01:29:27.907+0000] {logging_mixin.py:190} INFO - [2024-12-13T01:29:27.907+0000] {dagbag.py:588} INFO - Filling up the DagBag from /home/airflow/.local/lib/python3.12/site-packages/airflow/example_dags/example_sensors.py
[2024-12-13T01:29:27.917+0000] {processor.py:925} INFO - DAG(s) 'example_sensors' retrieved from /home/airflow/.local/lib/python3.12/site-packages/airflow/example_dags/example_sensors.py
[2024-12-13T01:29:27.940+0000] {logging_mixin.py:190} INFO - [2024-12-13T01:29:27.940+0000] {dag.py:3239} INFO - Sync 1 DAGs
[2024-12-13T01:29:27.953+0000] {logging_mixin.py:190} INFO - [2024-12-13T01:29:27.952+0000] {dag.py:4180} INFO - Setting next_dagrun for example_sensors to None, run_after=None
[2024-12-13T01:29:27.968+0000] {processor.py:208} INFO - Processing /home/airflow/.local/lib/python3.12/site-packages/airflow/example_dags/example_sensors.py took 0.068 seconds
[2024-12-13T01:30:01.736+0000] {processor.py:186} INFO - Started process (PID=72137) to work on /home/airflow/.local/lib/python3.12/site-packages/airflow/example_dags/example_sensors.py
[2024-12-13T01:30:01.737+0000] {processor.py:914} INFO - Processing file /home/airflow/.local/lib/python3.12/site-packages/airflow/example_dags/example_sensors.py for tasks to queue
[2024-12-13T01:30:01.739+0000] {logging_mixin.py:190} INFO - [2024-12-13T01:30:01.738+0000] {dagbag.py:588} INFO - Filling up the DagBag from /home/airflow/.local/lib/python3.12/site-packages/airflow/example_dags/example_sensors.py
[2024-12-13T01:30:01.751+0000] {processor.py:925} INFO - DAG(s) 'example_sensors' retrieved from /home/airflow/.local/lib/python3.12/site-packages/airflow/example_dags/example_sensors.py
[2024-12-13T01:30:01.774+0000] {logging_mixin.py:190} INFO - [2024-12-13T01:30:01.774+0000] {dag.py:3239} INFO - Sync 1 DAGs
[2024-12-13T01:30:01.787+0000] {logging_mixin.py:190} INFO - [2024-12-13T01:30:01.787+0000] {dag.py:4180} INFO - Setting next_dagrun for example_sensors to None, run_after=None
[2024-12-13T01:30:01.804+0000] {processor.py:208} INFO - Processing /home/airflow/.local/lib/python3.12/site-packages/airflow/example_dags/example_sensors.py took 0.074 seconds
[2024-12-13T01:30:34.599+0000] {processor.py:186} INFO - Started process (PID=72202) to work on /home/airflow/.local/lib/python3.12/site-packages/airflow/example_dags/example_sensors.py
[2024-12-13T01:30:34.599+0000] {processor.py:914} INFO - Processing file /home/airflow/.local/lib/python3.12/site-packages/airflow/example_dags/example_sensors.py for tasks to queue
[2024-12-13T01:30:34.601+0000] {logging_mixin.py:190} INFO - [2024-12-13T01:30:34.601+0000] {dagbag.py:588} INFO - Filling up the DagBag from /home/airflow/.local/lib/python3.12/site-packages/airflow/example_dags/example_sensors.py
[2024-12-13T01:30:34.611+0000] {processor.py:925} INFO - DAG(s) 'example_sensors' retrieved from /home/airflow/.local/lib/python3.12/site-packages/airflow/example_dags/example_sensors.py
[2024-12-13T01:30:34.634+0000] {logging_mixin.py:190} INFO - [2024-12-13T01:30:34.633+0000] {dag.py:3239} INFO - Sync 1 DAGs
[2024-12-13T01:30:34.646+0000] {logging_mixin.py:190} INFO - [2024-12-13T01:30:34.646+0000] {dag.py:4180} INFO - Setting next_dagrun for example_sensors to None, run_after=None
[2024-12-13T01:30:34.662+0000] {processor.py:208} INFO - Processing /home/airflow/.local/lib/python3.12/site-packages/airflow/example_dags/example_sensors.py took 0.068 seconds
[2024-12-13T01:31:08.663+0000] {processor.py:186} INFO - Started process (PID=72267) to work on /home/airflow/.local/lib/python3.12/site-packages/airflow/example_dags/example_sensors.py
[2024-12-13T01:31:08.664+0000] {processor.py:914} INFO - Processing file /home/airflow/.local/lib/python3.12/site-packages/airflow/example_dags/example_sensors.py for tasks to queue
[2024-12-13T01:31:08.666+0000] {logging_mixin.py:190} INFO - [2024-12-13T01:31:08.666+0000] {dagbag.py:588} INFO - Filling up the DagBag from /home/airflow/.local/lib/python3.12/site-packages/airflow/example_dags/example_sensors.py
[2024-12-13T01:31:08.675+0000] {processor.py:925} INFO - DAG(s) 'example_sensors' retrieved from /home/airflow/.local/lib/python3.12/site-packages/airflow/example_dags/example_sensors.py
[2024-12-13T01:31:08.699+0000] {logging_mixin.py:190} INFO - [2024-12-13T01:31:08.699+0000] {dag.py:3239} INFO - Sync 1 DAGs
[2024-12-13T01:31:08.712+0000] {logging_mixin.py:190} INFO - [2024-12-13T01:31:08.712+0000] {dag.py:4180} INFO - Setting next_dagrun for example_sensors to None, run_after=None
[2024-12-13T01:31:08.727+0000] {processor.py:208} INFO - Processing /home/airflow/.local/lib/python3.12/site-packages/airflow/example_dags/example_sensors.py took 0.070 seconds
[2024-12-13T01:31:41.795+0000] {processor.py:186} INFO - Started process (PID=72333) to work on /home/airflow/.local/lib/python3.12/site-packages/airflow/example_dags/example_sensors.py
[2024-12-13T01:31:41.796+0000] {processor.py:914} INFO - Processing file /home/airflow/.local/lib/python3.12/site-packages/airflow/example_dags/example_sensors.py for tasks to queue
[2024-12-13T01:31:41.799+0000] {logging_mixin.py:190} INFO - [2024-12-13T01:31:41.798+0000] {dagbag.py:588} INFO - Filling up the DagBag from /home/airflow/.local/lib/python3.12/site-packages/airflow/example_dags/example_sensors.py
[2024-12-13T01:31:41.810+0000] {processor.py:925} INFO - DAG(s) 'example_sensors' retrieved from /home/airflow/.local/lib/python3.12/site-packages/airflow/example_dags/example_sensors.py
[2024-12-13T01:31:41.836+0000] {logging_mixin.py:190} INFO - [2024-12-13T01:31:41.836+0000] {dag.py:3239} INFO - Sync 1 DAGs
[2024-12-13T01:31:41.852+0000] {logging_mixin.py:190} INFO - [2024-12-13T01:31:41.852+0000] {dag.py:4180} INFO - Setting next_dagrun for example_sensors to None, run_after=None
[2024-12-13T01:31:41.871+0000] {processor.py:208} INFO - Processing /home/airflow/.local/lib/python3.12/site-packages/airflow/example_dags/example_sensors.py took 0.082 seconds
[2024-12-13T01:32:14.874+0000] {processor.py:186} INFO - Started process (PID=72399) to work on /home/airflow/.local/lib/python3.12/site-packages/airflow/example_dags/example_sensors.py
[2024-12-13T01:32:14.875+0000] {processor.py:914} INFO - Processing file /home/airflow/.local/lib/python3.12/site-packages/airflow/example_dags/example_sensors.py for tasks to queue
[2024-12-13T01:32:14.877+0000] {logging_mixin.py:190} INFO - [2024-12-13T01:32:14.877+0000] {dagbag.py:588} INFO - Filling up the DagBag from /home/airflow/.local/lib/python3.12/site-packages/airflow/example_dags/example_sensors.py
[2024-12-13T01:32:14.889+0000] {processor.py:925} INFO - DAG(s) 'example_sensors' retrieved from /home/airflow/.local/lib/python3.12/site-packages/airflow/example_dags/example_sensors.py
[2024-12-13T01:32:14.914+0000] {logging_mixin.py:190} INFO - [2024-12-13T01:32:14.914+0000] {dag.py:3239} INFO - Sync 1 DAGs
[2024-12-13T01:32:14.930+0000] {logging_mixin.py:190} INFO - [2024-12-13T01:32:14.929+0000] {dag.py:4180} INFO - Setting next_dagrun for example_sensors to None, run_after=None
[2024-12-13T01:32:14.947+0000] {processor.py:208} INFO - Processing /home/airflow/.local/lib/python3.12/site-packages/airflow/example_dags/example_sensors.py took 0.078 seconds
[2024-12-13T01:32:49.829+0000] {processor.py:186} INFO - Started process (PID=72476) to work on /home/airflow/.local/lib/python3.12/site-packages/airflow/example_dags/example_sensors.py
[2024-12-13T01:32:49.830+0000] {processor.py:914} INFO - Processing file /home/airflow/.local/lib/python3.12/site-packages/airflow/example_dags/example_sensors.py for tasks to queue
[2024-12-13T01:32:49.832+0000] {logging_mixin.py:190} INFO - [2024-12-13T01:32:49.832+0000] {dagbag.py:588} INFO - Filling up the DagBag from /home/airflow/.local/lib/python3.12/site-packages/airflow/example_dags/example_sensors.py
[2024-12-13T01:32:49.842+0000] {processor.py:925} INFO - DAG(s) 'example_sensors' retrieved from /home/airflow/.local/lib/python3.12/site-packages/airflow/example_dags/example_sensors.py
[2024-12-13T01:32:49.865+0000] {logging_mixin.py:190} INFO - [2024-12-13T01:32:49.865+0000] {dag.py:3239} INFO - Sync 1 DAGs
[2024-12-13T01:32:49.878+0000] {logging_mixin.py:190} INFO - [2024-12-13T01:32:49.878+0000] {dag.py:4180} INFO - Setting next_dagrun for example_sensors to None, run_after=None
[2024-12-13T01:32:49.894+0000] {processor.py:208} INFO - Processing /home/airflow/.local/lib/python3.12/site-packages/airflow/example_dags/example_sensors.py took 0.070 seconds
[2024-12-13T01:33:24.038+0000] {processor.py:186} INFO - Started process (PID=72549) to work on /home/airflow/.local/lib/python3.12/site-packages/airflow/example_dags/example_sensors.py
[2024-12-13T01:33:24.040+0000] {processor.py:914} INFO - Processing file /home/airflow/.local/lib/python3.12/site-packages/airflow/example_dags/example_sensors.py for tasks to queue
[2024-12-13T01:33:24.043+0000] {logging_mixin.py:190} INFO - [2024-12-13T01:33:24.042+0000] {dagbag.py:588} INFO - Filling up the DagBag from /home/airflow/.local/lib/python3.12/site-packages/airflow/example_dags/example_sensors.py
[2024-12-13T01:33:24.057+0000] {processor.py:925} INFO - DAG(s) 'example_sensors' retrieved from /home/airflow/.local/lib/python3.12/site-packages/airflow/example_dags/example_sensors.py
[2024-12-13T01:33:24.088+0000] {logging_mixin.py:190} INFO - [2024-12-13T01:33:24.088+0000] {dag.py:3239} INFO - Sync 1 DAGs
[2024-12-13T01:33:24.106+0000] {logging_mixin.py:190} INFO - [2024-12-13T01:33:24.105+0000] {dag.py:4180} INFO - Setting next_dagrun for example_sensors to None, run_after=None
[2024-12-13T01:33:24.129+0000] {processor.py:208} INFO - Processing /home/airflow/.local/lib/python3.12/site-packages/airflow/example_dags/example_sensors.py took 0.098 seconds
[2024-12-13T01:33:57.779+0000] {processor.py:186} INFO - Started process (PID=72614) to work on /home/airflow/.local/lib/python3.12/site-packages/airflow/example_dags/example_sensors.py
[2024-12-13T01:33:57.780+0000] {processor.py:914} INFO - Processing file /home/airflow/.local/lib/python3.12/site-packages/airflow/example_dags/example_sensors.py for tasks to queue
[2024-12-13T01:33:57.782+0000] {logging_mixin.py:190} INFO - [2024-12-13T01:33:57.782+0000] {dagbag.py:588} INFO - Filling up the DagBag from /home/airflow/.local/lib/python3.12/site-packages/airflow/example_dags/example_sensors.py
[2024-12-13T01:33:57.795+0000] {processor.py:925} INFO - DAG(s) 'example_sensors' retrieved from /home/airflow/.local/lib/python3.12/site-packages/airflow/example_dags/example_sensors.py
[2024-12-13T01:33:57.821+0000] {logging_mixin.py:190} INFO - [2024-12-13T01:33:57.821+0000] {dag.py:3239} INFO - Sync 1 DAGs
[2024-12-13T01:33:57.837+0000] {logging_mixin.py:190} INFO - [2024-12-13T01:33:57.837+0000] {dag.py:4180} INFO - Setting next_dagrun for example_sensors to None, run_after=None
[2024-12-13T01:33:57.858+0000] {processor.py:208} INFO - Processing /home/airflow/.local/lib/python3.12/site-packages/airflow/example_dags/example_sensors.py took 0.085 seconds
[2024-12-13T01:34:29.991+0000] {processor.py:186} INFO - Started process (PID=72679) to work on /home/airflow/.local/lib/python3.12/site-packages/airflow/example_dags/example_sensors.py
[2024-12-13T01:34:29.992+0000] {processor.py:914} INFO - Processing file /home/airflow/.local/lib/python3.12/site-packages/airflow/example_dags/example_sensors.py for tasks to queue
[2024-12-13T01:34:29.994+0000] {logging_mixin.py:190} INFO - [2024-12-13T01:34:29.994+0000] {dagbag.py:588} INFO - Filling up the DagBag from /home/airflow/.local/lib/python3.12/site-packages/airflow/example_dags/example_sensors.py
[2024-12-13T01:34:30.005+0000] {processor.py:925} INFO - DAG(s) 'example_sensors' retrieved from /home/airflow/.local/lib/python3.12/site-packages/airflow/example_dags/example_sensors.py
[2024-12-13T01:34:30.030+0000] {logging_mixin.py:190} INFO - [2024-12-13T01:34:30.030+0000] {dag.py:3239} INFO - Sync 1 DAGs
[2024-12-13T01:34:30.049+0000] {logging_mixin.py:190} INFO - [2024-12-13T01:34:30.049+0000] {dag.py:4180} INFO - Setting next_dagrun for example_sensors to None, run_after=None
[2024-12-13T01:34:30.069+0000] {processor.py:208} INFO - Processing /home/airflow/.local/lib/python3.12/site-packages/airflow/example_dags/example_sensors.py took 0.084 seconds
[2024-12-13T01:35:04.022+0000] {processor.py:186} INFO - Started process (PID=72744) to work on /home/airflow/.local/lib/python3.12/site-packages/airflow/example_dags/example_sensors.py
[2024-12-13T01:35:04.023+0000] {processor.py:914} INFO - Processing file /home/airflow/.local/lib/python3.12/site-packages/airflow/example_dags/example_sensors.py for tasks to queue
[2024-12-13T01:35:04.025+0000] {logging_mixin.py:190} INFO - [2024-12-13T01:35:04.025+0000] {dagbag.py:588} INFO - Filling up the DagBag from /home/airflow/.local/lib/python3.12/site-packages/airflow/example_dags/example_sensors.py
[2024-12-13T01:35:04.035+0000] {processor.py:925} INFO - DAG(s) 'example_sensors' retrieved from /home/airflow/.local/lib/python3.12/site-packages/airflow/example_dags/example_sensors.py
[2024-12-13T01:35:04.061+0000] {logging_mixin.py:190} INFO - [2024-12-13T01:35:04.061+0000] {dag.py:3239} INFO - Sync 1 DAGs
[2024-12-13T01:35:04.076+0000] {logging_mixin.py:190} INFO - [2024-12-13T01:35:04.076+0000] {dag.py:4180} INFO - Setting next_dagrun for example_sensors to None, run_after=None
[2024-12-13T01:35:04.094+0000] {processor.py:208} INFO - Processing /home/airflow/.local/lib/python3.12/site-packages/airflow/example_dags/example_sensors.py took 0.077 seconds
[2024-12-13T01:35:37.516+0000] {processor.py:186} INFO - Started process (PID=72809) to work on /home/airflow/.local/lib/python3.12/site-packages/airflow/example_dags/example_sensors.py
[2024-12-13T01:35:37.517+0000] {processor.py:914} INFO - Processing file /home/airflow/.local/lib/python3.12/site-packages/airflow/example_dags/example_sensors.py for tasks to queue
[2024-12-13T01:35:37.520+0000] {logging_mixin.py:190} INFO - [2024-12-13T01:35:37.519+0000] {dagbag.py:588} INFO - Filling up the DagBag from /home/airflow/.local/lib/python3.12/site-packages/airflow/example_dags/example_sensors.py
[2024-12-13T01:35:37.529+0000] {processor.py:925} INFO - DAG(s) 'example_sensors' retrieved from /home/airflow/.local/lib/python3.12/site-packages/airflow/example_dags/example_sensors.py
[2024-12-13T01:35:37.552+0000] {logging_mixin.py:190} INFO - [2024-12-13T01:35:37.552+0000] {dag.py:3239} INFO - Sync 1 DAGs
[2024-12-13T01:35:37.564+0000] {logging_mixin.py:190} INFO - [2024-12-13T01:35:37.564+0000] {dag.py:4180} INFO - Setting next_dagrun for example_sensors to None, run_after=None
[2024-12-13T01:35:37.584+0000] {processor.py:208} INFO - Processing /home/airflow/.local/lib/python3.12/site-packages/airflow/example_dags/example_sensors.py took 0.073 seconds
[2024-12-13T01:36:10.482+0000] {processor.py:186} INFO - Started process (PID=72874) to work on /home/airflow/.local/lib/python3.12/site-packages/airflow/example_dags/example_sensors.py
[2024-12-13T01:36:10.483+0000] {processor.py:914} INFO - Processing file /home/airflow/.local/lib/python3.12/site-packages/airflow/example_dags/example_sensors.py for tasks to queue
[2024-12-13T01:36:10.486+0000] {logging_mixin.py:190} INFO - [2024-12-13T01:36:10.486+0000] {dagbag.py:588} INFO - Filling up the DagBag from /home/airflow/.local/lib/python3.12/site-packages/airflow/example_dags/example_sensors.py
[2024-12-13T01:36:10.496+0000] {processor.py:925} INFO - DAG(s) 'example_sensors' retrieved from /home/airflow/.local/lib/python3.12/site-packages/airflow/example_dags/example_sensors.py
[2024-12-13T01:36:10.525+0000] {logging_mixin.py:190} INFO - [2024-12-13T01:36:10.525+0000] {dag.py:3239} INFO - Sync 1 DAGs
[2024-12-13T01:36:10.540+0000] {logging_mixin.py:190} INFO - [2024-12-13T01:36:10.540+0000] {dag.py:4180} INFO - Setting next_dagrun for example_sensors to None, run_after=None
[2024-12-13T01:36:10.562+0000] {processor.py:208} INFO - Processing /home/airflow/.local/lib/python3.12/site-packages/airflow/example_dags/example_sensors.py took 0.086 seconds
[2024-12-13T01:36:44.972+0000] {processor.py:186} INFO - Started process (PID=72939) to work on /home/airflow/.local/lib/python3.12/site-packages/airflow/example_dags/example_sensors.py
[2024-12-13T01:36:44.973+0000] {processor.py:914} INFO - Processing file /home/airflow/.local/lib/python3.12/site-packages/airflow/example_dags/example_sensors.py for tasks to queue
[2024-12-13T01:36:44.975+0000] {logging_mixin.py:190} INFO - [2024-12-13T01:36:44.975+0000] {dagbag.py:588} INFO - Filling up the DagBag from /home/airflow/.local/lib/python3.12/site-packages/airflow/example_dags/example_sensors.py
[2024-12-13T01:36:44.984+0000] {processor.py:925} INFO - DAG(s) 'example_sensors' retrieved from /home/airflow/.local/lib/python3.12/site-packages/airflow/example_dags/example_sensors.py
[2024-12-13T01:36:45.011+0000] {logging_mixin.py:190} INFO - [2024-12-13T01:36:45.011+0000] {dag.py:3239} INFO - Sync 1 DAGs
[2024-12-13T01:36:45.023+0000] {logging_mixin.py:190} INFO - [2024-12-13T01:36:45.023+0000] {dag.py:4180} INFO - Setting next_dagrun for example_sensors to None, run_after=None
[2024-12-13T01:36:45.041+0000] {processor.py:208} INFO - Processing /home/airflow/.local/lib/python3.12/site-packages/airflow/example_dags/example_sensors.py took 0.074 seconds
