[2024-12-13T00:54:56.685+0000] {processor.py:186} INFO - Started process (PID=67973) to work on /home/airflow/.local/lib/python3.12/site-packages/airflow/example_dags/example_task_group.py
[2024-12-13T00:54:56.686+0000] {processor.py:914} INFO - Processing file /home/airflow/.local/lib/python3.12/site-packages/airflow/example_dags/example_task_group.py for tasks to queue
[2024-12-13T00:54:56.689+0000] {logging_mixin.py:190} INFO - [2024-12-13T00:54:56.689+0000] {dagbag.py:588} INFO - Filling up the DagBag from /home/airflow/.local/lib/python3.12/site-packages/airflow/example_dags/example_task_group.py
[2024-12-13T00:54:56.700+0000] {processor.py:925} INFO - DAG(s) 'example_task_group' retrieved from /home/airflow/.local/lib/python3.12/site-packages/airflow/example_dags/example_task_group.py
[2024-12-13T00:54:56.723+0000] {logging_mixin.py:190} INFO - [2024-12-13T00:54:56.723+0000] {dag.py:3239} INFO - Sync 1 DAGs
[2024-12-13T00:54:56.739+0000] {logging_mixin.py:190} INFO - [2024-12-13T00:54:56.739+0000] {dag.py:4180} INFO - Setting next_dagrun for example_task_group to None, run_after=None
[2024-12-13T00:54:56.757+0000] {processor.py:208} INFO - Processing /home/airflow/.local/lib/python3.12/site-packages/airflow/example_dags/example_task_group.py took 0.078 seconds
[2024-12-13T00:55:28.047+0000] {processor.py:186} INFO - Started process (PID=68039) to work on /home/airflow/.local/lib/python3.12/site-packages/airflow/example_dags/example_task_group.py
[2024-12-13T00:55:28.047+0000] {processor.py:914} INFO - Processing file /home/airflow/.local/lib/python3.12/site-packages/airflow/example_dags/example_task_group.py for tasks to queue
[2024-12-13T00:55:28.049+0000] {logging_mixin.py:190} INFO - [2024-12-13T00:55:28.049+0000] {dagbag.py:588} INFO - Filling up the DagBag from /home/airflow/.local/lib/python3.12/site-packages/airflow/example_dags/example_task_group.py
[2024-12-13T00:55:28.056+0000] {processor.py:925} INFO - DAG(s) 'example_task_group' retrieved from /home/airflow/.local/lib/python3.12/site-packages/airflow/example_dags/example_task_group.py
[2024-12-13T00:55:28.080+0000] {logging_mixin.py:190} INFO - [2024-12-13T00:55:28.080+0000] {dag.py:3239} INFO - Sync 1 DAGs
[2024-12-13T00:55:28.092+0000] {logging_mixin.py:190} INFO - [2024-12-13T00:55:28.092+0000] {dag.py:4180} INFO - Setting next_dagrun for example_task_group to None, run_after=None
[2024-12-13T00:55:28.106+0000] {processor.py:208} INFO - Processing /home/airflow/.local/lib/python3.12/site-packages/airflow/example_dags/example_task_group.py took 0.064 seconds
[2024-12-13T00:55:58.875+0000] {processor.py:186} INFO - Started process (PID=68098) to work on /home/airflow/.local/lib/python3.12/site-packages/airflow/example_dags/example_task_group.py
[2024-12-13T00:55:58.876+0000] {processor.py:914} INFO - Processing file /home/airflow/.local/lib/python3.12/site-packages/airflow/example_dags/example_task_group.py for tasks to queue
[2024-12-13T00:55:58.878+0000] {logging_mixin.py:190} INFO - [2024-12-13T00:55:58.877+0000] {dagbag.py:588} INFO - Filling up the DagBag from /home/airflow/.local/lib/python3.12/site-packages/airflow/example_dags/example_task_group.py
[2024-12-13T00:55:58.885+0000] {processor.py:925} INFO - DAG(s) 'example_task_group' retrieved from /home/airflow/.local/lib/python3.12/site-packages/airflow/example_dags/example_task_group.py
[2024-12-13T00:55:58.903+0000] {logging_mixin.py:190} INFO - [2024-12-13T00:55:58.903+0000] {dag.py:3239} INFO - Sync 1 DAGs
[2024-12-13T00:55:58.917+0000] {logging_mixin.py:190} INFO - [2024-12-13T00:55:58.917+0000] {dag.py:4180} INFO - Setting next_dagrun for example_task_group to None, run_after=None
[2024-12-13T00:55:58.934+0000] {processor.py:208} INFO - Processing /home/airflow/.local/lib/python3.12/site-packages/airflow/example_dags/example_task_group.py took 0.063 seconds
[2024-12-13T00:56:29.613+0000] {processor.py:186} INFO - Started process (PID=68163) to work on /home/airflow/.local/lib/python3.12/site-packages/airflow/example_dags/example_task_group.py
[2024-12-13T00:56:29.614+0000] {processor.py:914} INFO - Processing file /home/airflow/.local/lib/python3.12/site-packages/airflow/example_dags/example_task_group.py for tasks to queue
[2024-12-13T00:56:29.616+0000] {logging_mixin.py:190} INFO - [2024-12-13T00:56:29.615+0000] {dagbag.py:588} INFO - Filling up the DagBag from /home/airflow/.local/lib/python3.12/site-packages/airflow/example_dags/example_task_group.py
[2024-12-13T00:56:29.623+0000] {processor.py:925} INFO - DAG(s) 'example_task_group' retrieved from /home/airflow/.local/lib/python3.12/site-packages/airflow/example_dags/example_task_group.py
[2024-12-13T00:56:29.646+0000] {logging_mixin.py:190} INFO - [2024-12-13T00:56:29.645+0000] {dag.py:3239} INFO - Sync 1 DAGs
[2024-12-13T00:56:29.661+0000] {logging_mixin.py:190} INFO - [2024-12-13T00:56:29.661+0000] {dag.py:4180} INFO - Setting next_dagrun for example_task_group to None, run_after=None
[2024-12-13T00:56:29.680+0000] {processor.py:208} INFO - Processing /home/airflow/.local/lib/python3.12/site-packages/airflow/example_dags/example_task_group.py took 0.072 seconds
[2024-12-13T00:57:00.860+0000] {processor.py:186} INFO - Started process (PID=68228) to work on /home/airflow/.local/lib/python3.12/site-packages/airflow/example_dags/example_task_group.py
[2024-12-13T00:57:00.861+0000] {processor.py:914} INFO - Processing file /home/airflow/.local/lib/python3.12/site-packages/airflow/example_dags/example_task_group.py for tasks to queue
[2024-12-13T00:57:00.863+0000] {logging_mixin.py:190} INFO - [2024-12-13T00:57:00.863+0000] {dagbag.py:588} INFO - Filling up the DagBag from /home/airflow/.local/lib/python3.12/site-packages/airflow/example_dags/example_task_group.py
[2024-12-13T00:57:00.871+0000] {processor.py:925} INFO - DAG(s) 'example_task_group' retrieved from /home/airflow/.local/lib/python3.12/site-packages/airflow/example_dags/example_task_group.py
[2024-12-13T00:57:00.890+0000] {logging_mixin.py:190} INFO - [2024-12-13T00:57:00.890+0000] {dag.py:3239} INFO - Sync 1 DAGs
[2024-12-13T00:57:00.903+0000] {logging_mixin.py:190} INFO - [2024-12-13T00:57:00.903+0000] {dag.py:4180} INFO - Setting next_dagrun for example_task_group to None, run_after=None
[2024-12-13T00:57:00.919+0000] {processor.py:208} INFO - Processing /home/airflow/.local/lib/python3.12/site-packages/airflow/example_dags/example_task_group.py took 0.064 seconds
[2024-12-13T00:57:31.749+0000] {processor.py:186} INFO - Started process (PID=68293) to work on /home/airflow/.local/lib/python3.12/site-packages/airflow/example_dags/example_task_group.py
[2024-12-13T00:57:31.750+0000] {processor.py:914} INFO - Processing file /home/airflow/.local/lib/python3.12/site-packages/airflow/example_dags/example_task_group.py for tasks to queue
[2024-12-13T00:57:31.753+0000] {logging_mixin.py:190} INFO - [2024-12-13T00:57:31.752+0000] {dagbag.py:588} INFO - Filling up the DagBag from /home/airflow/.local/lib/python3.12/site-packages/airflow/example_dags/example_task_group.py
[2024-12-13T00:57:31.763+0000] {processor.py:925} INFO - DAG(s) 'example_task_group' retrieved from /home/airflow/.local/lib/python3.12/site-packages/airflow/example_dags/example_task_group.py
[2024-12-13T00:57:31.786+0000] {logging_mixin.py:190} INFO - [2024-12-13T00:57:31.785+0000] {dag.py:3239} INFO - Sync 1 DAGs
[2024-12-13T00:57:31.800+0000] {logging_mixin.py:190} INFO - [2024-12-13T00:57:31.800+0000] {dag.py:4180} INFO - Setting next_dagrun for example_task_group to None, run_after=None
[2024-12-13T00:57:31.816+0000] {processor.py:208} INFO - Processing /home/airflow/.local/lib/python3.12/site-packages/airflow/example_dags/example_task_group.py took 0.074 seconds
[2024-12-13T00:58:02.625+0000] {processor.py:186} INFO - Started process (PID=68358) to work on /home/airflow/.local/lib/python3.12/site-packages/airflow/example_dags/example_task_group.py
[2024-12-13T00:58:02.626+0000] {processor.py:914} INFO - Processing file /home/airflow/.local/lib/python3.12/site-packages/airflow/example_dags/example_task_group.py for tasks to queue
[2024-12-13T00:58:02.628+0000] {logging_mixin.py:190} INFO - [2024-12-13T00:58:02.628+0000] {dagbag.py:588} INFO - Filling up the DagBag from /home/airflow/.local/lib/python3.12/site-packages/airflow/example_dags/example_task_group.py
[2024-12-13T00:58:02.637+0000] {processor.py:925} INFO - DAG(s) 'example_task_group' retrieved from /home/airflow/.local/lib/python3.12/site-packages/airflow/example_dags/example_task_group.py
[2024-12-13T00:58:02.656+0000] {logging_mixin.py:190} INFO - [2024-12-13T00:58:02.655+0000] {dag.py:3239} INFO - Sync 1 DAGs
[2024-12-13T00:58:02.667+0000] {logging_mixin.py:190} INFO - [2024-12-13T00:58:02.667+0000] {dag.py:4180} INFO - Setting next_dagrun for example_task_group to None, run_after=None
[2024-12-13T00:58:02.683+0000] {processor.py:208} INFO - Processing /home/airflow/.local/lib/python3.12/site-packages/airflow/example_dags/example_task_group.py took 0.063 seconds
[2024-12-13T00:58:33.097+0000] {processor.py:186} INFO - Started process (PID=68422) to work on /home/airflow/.local/lib/python3.12/site-packages/airflow/example_dags/example_task_group.py
[2024-12-13T00:58:33.098+0000] {processor.py:914} INFO - Processing file /home/airflow/.local/lib/python3.12/site-packages/airflow/example_dags/example_task_group.py for tasks to queue
[2024-12-13T00:58:33.100+0000] {logging_mixin.py:190} INFO - [2024-12-13T00:58:33.100+0000] {dagbag.py:588} INFO - Filling up the DagBag from /home/airflow/.local/lib/python3.12/site-packages/airflow/example_dags/example_task_group.py
[2024-12-13T00:58:33.108+0000] {processor.py:925} INFO - DAG(s) 'example_task_group' retrieved from /home/airflow/.local/lib/python3.12/site-packages/airflow/example_dags/example_task_group.py
[2024-12-13T00:58:33.129+0000] {logging_mixin.py:190} INFO - [2024-12-13T00:58:33.128+0000] {dag.py:3239} INFO - Sync 1 DAGs
[2024-12-13T00:58:33.142+0000] {logging_mixin.py:190} INFO - [2024-12-13T00:58:33.141+0000] {dag.py:4180} INFO - Setting next_dagrun for example_task_group to None, run_after=None
[2024-12-13T00:58:33.157+0000] {processor.py:208} INFO - Processing /home/airflow/.local/lib/python3.12/site-packages/airflow/example_dags/example_task_group.py took 0.065 seconds
[2024-12-13T00:59:03.540+0000] {processor.py:186} INFO - Started process (PID=68486) to work on /home/airflow/.local/lib/python3.12/site-packages/airflow/example_dags/example_task_group.py
[2024-12-13T00:59:03.541+0000] {processor.py:914} INFO - Processing file /home/airflow/.local/lib/python3.12/site-packages/airflow/example_dags/example_task_group.py for tasks to queue
[2024-12-13T00:59:03.543+0000] {logging_mixin.py:190} INFO - [2024-12-13T00:59:03.542+0000] {dagbag.py:588} INFO - Filling up the DagBag from /home/airflow/.local/lib/python3.12/site-packages/airflow/example_dags/example_task_group.py
[2024-12-13T00:59:03.559+0000] {processor.py:925} INFO - DAG(s) 'example_task_group' retrieved from /home/airflow/.local/lib/python3.12/site-packages/airflow/example_dags/example_task_group.py
[2024-12-13T00:59:03.581+0000] {logging_mixin.py:190} INFO - [2024-12-13T00:59:03.581+0000] {dag.py:3239} INFO - Sync 1 DAGs
[2024-12-13T00:59:03.597+0000] {logging_mixin.py:190} INFO - [2024-12-13T00:59:03.597+0000] {dag.py:4180} INFO - Setting next_dagrun for example_task_group to None, run_after=None
[2024-12-13T00:59:03.616+0000] {processor.py:208} INFO - Processing /home/airflow/.local/lib/python3.12/site-packages/airflow/example_dags/example_task_group.py took 0.081 seconds
[2024-12-13T00:59:33.990+0000] {processor.py:186} INFO - Started process (PID=68551) to work on /home/airflow/.local/lib/python3.12/site-packages/airflow/example_dags/example_task_group.py
[2024-12-13T00:59:33.991+0000] {processor.py:914} INFO - Processing file /home/airflow/.local/lib/python3.12/site-packages/airflow/example_dags/example_task_group.py for tasks to queue
[2024-12-13T00:59:33.993+0000] {logging_mixin.py:190} INFO - [2024-12-13T00:59:33.993+0000] {dagbag.py:588} INFO - Filling up the DagBag from /home/airflow/.local/lib/python3.12/site-packages/airflow/example_dags/example_task_group.py
[2024-12-13T00:59:34.002+0000] {processor.py:925} INFO - DAG(s) 'example_task_group' retrieved from /home/airflow/.local/lib/python3.12/site-packages/airflow/example_dags/example_task_group.py
[2024-12-13T00:59:34.021+0000] {logging_mixin.py:190} INFO - [2024-12-13T00:59:34.021+0000] {dag.py:3239} INFO - Sync 1 DAGs
[2024-12-13T00:59:34.033+0000] {logging_mixin.py:190} INFO - [2024-12-13T00:59:34.033+0000] {dag.py:4180} INFO - Setting next_dagrun for example_task_group to None, run_after=None
[2024-12-13T00:59:34.049+0000] {processor.py:208} INFO - Processing /home/airflow/.local/lib/python3.12/site-packages/airflow/example_dags/example_task_group.py took 0.064 seconds
[2024-12-13T01:00:05.028+0000] {processor.py:186} INFO - Started process (PID=68616) to work on /home/airflow/.local/lib/python3.12/site-packages/airflow/example_dags/example_task_group.py
[2024-12-13T01:00:05.029+0000] {processor.py:914} INFO - Processing file /home/airflow/.local/lib/python3.12/site-packages/airflow/example_dags/example_task_group.py for tasks to queue
[2024-12-13T01:00:05.031+0000] {logging_mixin.py:190} INFO - [2024-12-13T01:00:05.031+0000] {dagbag.py:588} INFO - Filling up the DagBag from /home/airflow/.local/lib/python3.12/site-packages/airflow/example_dags/example_task_group.py
[2024-12-13T01:00:05.039+0000] {processor.py:925} INFO - DAG(s) 'example_task_group' retrieved from /home/airflow/.local/lib/python3.12/site-packages/airflow/example_dags/example_task_group.py
[2024-12-13T01:00:05.059+0000] {logging_mixin.py:190} INFO - [2024-12-13T01:00:05.059+0000] {dag.py:3239} INFO - Sync 1 DAGs
[2024-12-13T01:00:05.071+0000] {logging_mixin.py:190} INFO - [2024-12-13T01:00:05.071+0000] {dag.py:4180} INFO - Setting next_dagrun for example_task_group to None, run_after=None
[2024-12-13T01:00:05.087+0000] {processor.py:208} INFO - Processing /home/airflow/.local/lib/python3.12/site-packages/airflow/example_dags/example_task_group.py took 0.063 seconds
[2024-12-13T01:00:37.785+0000] {processor.py:186} INFO - Started process (PID=68683) to work on /home/airflow/.local/lib/python3.12/site-packages/airflow/example_dags/example_task_group.py
[2024-12-13T01:00:37.785+0000] {processor.py:914} INFO - Processing file /home/airflow/.local/lib/python3.12/site-packages/airflow/example_dags/example_task_group.py for tasks to queue
[2024-12-13T01:00:37.787+0000] {logging_mixin.py:190} INFO - [2024-12-13T01:00:37.787+0000] {dagbag.py:588} INFO - Filling up the DagBag from /home/airflow/.local/lib/python3.12/site-packages/airflow/example_dags/example_task_group.py
[2024-12-13T01:00:37.795+0000] {processor.py:925} INFO - DAG(s) 'example_task_group' retrieved from /home/airflow/.local/lib/python3.12/site-packages/airflow/example_dags/example_task_group.py
[2024-12-13T01:00:37.813+0000] {logging_mixin.py:190} INFO - [2024-12-13T01:00:37.813+0000] {dag.py:3239} INFO - Sync 1 DAGs
[2024-12-13T01:00:37.825+0000] {logging_mixin.py:190} INFO - [2024-12-13T01:00:37.825+0000] {dag.py:4180} INFO - Setting next_dagrun for example_task_group to None, run_after=None
[2024-12-13T01:00:37.840+0000] {processor.py:208} INFO - Processing /home/airflow/.local/lib/python3.12/site-packages/airflow/example_dags/example_task_group.py took 0.060 seconds
[2024-12-13T01:01:13.552+0000] {processor.py:186} INFO - Started process (PID=68748) to work on /home/airflow/.local/lib/python3.12/site-packages/airflow/example_dags/example_task_group.py
[2024-12-13T01:01:13.554+0000] {processor.py:914} INFO - Processing file /home/airflow/.local/lib/python3.12/site-packages/airflow/example_dags/example_task_group.py for tasks to queue
[2024-12-13T01:01:13.557+0000] {logging_mixin.py:190} INFO - [2024-12-13T01:01:13.556+0000] {dagbag.py:588} INFO - Filling up the DagBag from /home/airflow/.local/lib/python3.12/site-packages/airflow/example_dags/example_task_group.py
[2024-12-13T01:01:13.569+0000] {processor.py:925} INFO - DAG(s) 'example_task_group' retrieved from /home/airflow/.local/lib/python3.12/site-packages/airflow/example_dags/example_task_group.py
[2024-12-13T01:01:13.596+0000] {logging_mixin.py:190} INFO - [2024-12-13T01:01:13.596+0000] {dag.py:3239} INFO - Sync 1 DAGs
[2024-12-13T01:01:13.613+0000] {logging_mixin.py:190} INFO - [2024-12-13T01:01:13.612+0000] {dag.py:4180} INFO - Setting next_dagrun for example_task_group to None, run_after=None
[2024-12-13T01:01:13.635+0000] {processor.py:208} INFO - Processing /home/airflow/.local/lib/python3.12/site-packages/airflow/example_dags/example_task_group.py took 0.095 seconds
[2024-12-13T01:01:44.850+0000] {processor.py:186} INFO - Started process (PID=68813) to work on /home/airflow/.local/lib/python3.12/site-packages/airflow/example_dags/example_task_group.py
[2024-12-13T01:01:44.851+0000] {processor.py:914} INFO - Processing file /home/airflow/.local/lib/python3.12/site-packages/airflow/example_dags/example_task_group.py for tasks to queue
[2024-12-13T01:01:44.854+0000] {logging_mixin.py:190} INFO - [2024-12-13T01:01:44.853+0000] {dagbag.py:588} INFO - Filling up the DagBag from /home/airflow/.local/lib/python3.12/site-packages/airflow/example_dags/example_task_group.py
[2024-12-13T01:01:44.863+0000] {processor.py:925} INFO - DAG(s) 'example_task_group' retrieved from /home/airflow/.local/lib/python3.12/site-packages/airflow/example_dags/example_task_group.py
[2024-12-13T01:01:44.885+0000] {logging_mixin.py:190} INFO - [2024-12-13T01:01:44.884+0000] {dag.py:3239} INFO - Sync 1 DAGs
[2024-12-13T01:01:44.901+0000] {logging_mixin.py:190} INFO - [2024-12-13T01:01:44.901+0000] {dag.py:4180} INFO - Setting next_dagrun for example_task_group to None, run_after=None
[2024-12-13T01:01:44.920+0000] {processor.py:208} INFO - Processing /home/airflow/.local/lib/python3.12/site-packages/airflow/example_dags/example_task_group.py took 0.075 seconds
[2024-12-13T01:02:18.143+0000] {processor.py:186} INFO - Started process (PID=68879) to work on /home/airflow/.local/lib/python3.12/site-packages/airflow/example_dags/example_task_group.py
[2024-12-13T01:02:18.144+0000] {processor.py:914} INFO - Processing file /home/airflow/.local/lib/python3.12/site-packages/airflow/example_dags/example_task_group.py for tasks to queue
[2024-12-13T01:02:18.147+0000] {logging_mixin.py:190} INFO - [2024-12-13T01:02:18.146+0000] {dagbag.py:588} INFO - Filling up the DagBag from /home/airflow/.local/lib/python3.12/site-packages/airflow/example_dags/example_task_group.py
[2024-12-13T01:02:18.157+0000] {processor.py:925} INFO - DAG(s) 'example_task_group' retrieved from /home/airflow/.local/lib/python3.12/site-packages/airflow/example_dags/example_task_group.py
[2024-12-13T01:02:18.182+0000] {logging_mixin.py:190} INFO - [2024-12-13T01:02:18.182+0000] {dag.py:3239} INFO - Sync 1 DAGs
[2024-12-13T01:02:18.199+0000] {logging_mixin.py:190} INFO - [2024-12-13T01:02:18.199+0000] {dag.py:4180} INFO - Setting next_dagrun for example_task_group to None, run_after=None
[2024-12-13T01:02:18.219+0000] {processor.py:208} INFO - Processing /home/airflow/.local/lib/python3.12/site-packages/airflow/example_dags/example_task_group.py took 0.081 seconds
[2024-12-13T01:02:51.798+0000] {processor.py:186} INFO - Started process (PID=68944) to work on /home/airflow/.local/lib/python3.12/site-packages/airflow/example_dags/example_task_group.py
[2024-12-13T01:02:51.799+0000] {processor.py:914} INFO - Processing file /home/airflow/.local/lib/python3.12/site-packages/airflow/example_dags/example_task_group.py for tasks to queue
[2024-12-13T01:02:51.801+0000] {logging_mixin.py:190} INFO - [2024-12-13T01:02:51.800+0000] {dagbag.py:588} INFO - Filling up the DagBag from /home/airflow/.local/lib/python3.12/site-packages/airflow/example_dags/example_task_group.py
[2024-12-13T01:02:51.809+0000] {processor.py:925} INFO - DAG(s) 'example_task_group' retrieved from /home/airflow/.local/lib/python3.12/site-packages/airflow/example_dags/example_task_group.py
[2024-12-13T01:02:51.830+0000] {logging_mixin.py:190} INFO - [2024-12-13T01:02:51.829+0000] {dag.py:3239} INFO - Sync 1 DAGs
[2024-12-13T01:02:51.845+0000] {logging_mixin.py:190} INFO - [2024-12-13T01:02:51.844+0000] {dag.py:4180} INFO - Setting next_dagrun for example_task_group to None, run_after=None
[2024-12-13T01:02:51.865+0000] {processor.py:208} INFO - Processing /home/airflow/.local/lib/python3.12/site-packages/airflow/example_dags/example_task_group.py took 0.072 seconds
[2024-12-13T01:03:24.399+0000] {processor.py:186} INFO - Started process (PID=69009) to work on /home/airflow/.local/lib/python3.12/site-packages/airflow/example_dags/example_task_group.py
[2024-12-13T01:03:24.400+0000] {processor.py:914} INFO - Processing file /home/airflow/.local/lib/python3.12/site-packages/airflow/example_dags/example_task_group.py for tasks to queue
[2024-12-13T01:03:24.404+0000] {logging_mixin.py:190} INFO - [2024-12-13T01:03:24.403+0000] {dagbag.py:588} INFO - Filling up the DagBag from /home/airflow/.local/lib/python3.12/site-packages/airflow/example_dags/example_task_group.py
[2024-12-13T01:03:24.416+0000] {processor.py:925} INFO - DAG(s) 'example_task_group' retrieved from /home/airflow/.local/lib/python3.12/site-packages/airflow/example_dags/example_task_group.py
[2024-12-13T01:03:24.439+0000] {logging_mixin.py:190} INFO - [2024-12-13T01:03:24.439+0000] {dag.py:3239} INFO - Sync 1 DAGs
[2024-12-13T01:03:24.454+0000] {logging_mixin.py:190} INFO - [2024-12-13T01:03:24.453+0000] {dag.py:4180} INFO - Setting next_dagrun for example_task_group to None, run_after=None
[2024-12-13T01:03:24.473+0000] {processor.py:208} INFO - Processing /home/airflow/.local/lib/python3.12/site-packages/airflow/example_dags/example_task_group.py took 0.082 seconds
[2024-12-13T01:03:57.441+0000] {processor.py:186} INFO - Started process (PID=69074) to work on /home/airflow/.local/lib/python3.12/site-packages/airflow/example_dags/example_task_group.py
[2024-12-13T01:03:57.442+0000] {processor.py:914} INFO - Processing file /home/airflow/.local/lib/python3.12/site-packages/airflow/example_dags/example_task_group.py for tasks to queue
[2024-12-13T01:03:57.445+0000] {logging_mixin.py:190} INFO - [2024-12-13T01:03:57.444+0000] {dagbag.py:588} INFO - Filling up the DagBag from /home/airflow/.local/lib/python3.12/site-packages/airflow/example_dags/example_task_group.py
[2024-12-13T01:03:57.460+0000] {processor.py:925} INFO - DAG(s) 'example_task_group' retrieved from /home/airflow/.local/lib/python3.12/site-packages/airflow/example_dags/example_task_group.py
[2024-12-13T01:03:57.494+0000] {logging_mixin.py:190} INFO - [2024-12-13T01:03:57.494+0000] {dag.py:3239} INFO - Sync 1 DAGs
[2024-12-13T01:03:57.515+0000] {logging_mixin.py:190} INFO - [2024-12-13T01:03:57.515+0000] {dag.py:4180} INFO - Setting next_dagrun for example_task_group to None, run_after=None
[2024-12-13T01:03:57.535+0000] {processor.py:208} INFO - Processing /home/airflow/.local/lib/python3.12/site-packages/airflow/example_dags/example_task_group.py took 0.103 seconds
[2024-12-13T01:04:30.712+0000] {processor.py:186} INFO - Started process (PID=69139) to work on /home/airflow/.local/lib/python3.12/site-packages/airflow/example_dags/example_task_group.py
[2024-12-13T01:04:30.713+0000] {processor.py:914} INFO - Processing file /home/airflow/.local/lib/python3.12/site-packages/airflow/example_dags/example_task_group.py for tasks to queue
[2024-12-13T01:04:30.715+0000] {logging_mixin.py:190} INFO - [2024-12-13T01:04:30.715+0000] {dagbag.py:588} INFO - Filling up the DagBag from /home/airflow/.local/lib/python3.12/site-packages/airflow/example_dags/example_task_group.py
[2024-12-13T01:04:30.725+0000] {processor.py:925} INFO - DAG(s) 'example_task_group' retrieved from /home/airflow/.local/lib/python3.12/site-packages/airflow/example_dags/example_task_group.py
[2024-12-13T01:04:30.744+0000] {logging_mixin.py:190} INFO - [2024-12-13T01:04:30.744+0000] {dag.py:3239} INFO - Sync 1 DAGs
[2024-12-13T01:04:30.759+0000] {logging_mixin.py:190} INFO - [2024-12-13T01:04:30.758+0000] {dag.py:4180} INFO - Setting next_dagrun for example_task_group to None, run_after=None
[2024-12-13T01:04:30.778+0000] {processor.py:208} INFO - Processing /home/airflow/.local/lib/python3.12/site-packages/airflow/example_dags/example_task_group.py took 0.073 seconds
[2024-12-13T01:05:03.644+0000] {processor.py:186} INFO - Started process (PID=69204) to work on /home/airflow/.local/lib/python3.12/site-packages/airflow/example_dags/example_task_group.py
[2024-12-13T01:05:03.645+0000] {processor.py:914} INFO - Processing file /home/airflow/.local/lib/python3.12/site-packages/airflow/example_dags/example_task_group.py for tasks to queue
[2024-12-13T01:05:03.647+0000] {logging_mixin.py:190} INFO - [2024-12-13T01:05:03.647+0000] {dagbag.py:588} INFO - Filling up the DagBag from /home/airflow/.local/lib/python3.12/site-packages/airflow/example_dags/example_task_group.py
[2024-12-13T01:05:03.655+0000] {processor.py:925} INFO - DAG(s) 'example_task_group' retrieved from /home/airflow/.local/lib/python3.12/site-packages/airflow/example_dags/example_task_group.py
[2024-12-13T01:05:03.679+0000] {logging_mixin.py:190} INFO - [2024-12-13T01:05:03.679+0000] {dag.py:3239} INFO - Sync 1 DAGs
[2024-12-13T01:05:03.696+0000] {logging_mixin.py:190} INFO - [2024-12-13T01:05:03.696+0000] {dag.py:4180} INFO - Setting next_dagrun for example_task_group to None, run_after=None
[2024-12-13T01:05:03.714+0000] {processor.py:208} INFO - Processing /home/airflow/.local/lib/python3.12/site-packages/airflow/example_dags/example_task_group.py took 0.075 seconds
[2024-12-13T01:05:37.115+0000] {processor.py:186} INFO - Started process (PID=69269) to work on /home/airflow/.local/lib/python3.12/site-packages/airflow/example_dags/example_task_group.py
[2024-12-13T01:05:37.116+0000] {processor.py:914} INFO - Processing file /home/airflow/.local/lib/python3.12/site-packages/airflow/example_dags/example_task_group.py for tasks to queue
[2024-12-13T01:05:37.119+0000] {logging_mixin.py:190} INFO - [2024-12-13T01:05:37.118+0000] {dagbag.py:588} INFO - Filling up the DagBag from /home/airflow/.local/lib/python3.12/site-packages/airflow/example_dags/example_task_group.py
[2024-12-13T01:05:37.129+0000] {processor.py:925} INFO - DAG(s) 'example_task_group' retrieved from /home/airflow/.local/lib/python3.12/site-packages/airflow/example_dags/example_task_group.py
[2024-12-13T01:05:37.151+0000] {logging_mixin.py:190} INFO - [2024-12-13T01:05:37.151+0000] {dag.py:3239} INFO - Sync 1 DAGs
[2024-12-13T01:05:37.168+0000] {logging_mixin.py:190} INFO - [2024-12-13T01:05:37.167+0000] {dag.py:4180} INFO - Setting next_dagrun for example_task_group to None, run_after=None
[2024-12-13T01:05:37.188+0000] {processor.py:208} INFO - Processing /home/airflow/.local/lib/python3.12/site-packages/airflow/example_dags/example_task_group.py took 0.082 seconds
[2024-12-13T01:06:10.813+0000] {processor.py:186} INFO - Started process (PID=69334) to work on /home/airflow/.local/lib/python3.12/site-packages/airflow/example_dags/example_task_group.py
[2024-12-13T01:06:10.814+0000] {processor.py:914} INFO - Processing file /home/airflow/.local/lib/python3.12/site-packages/airflow/example_dags/example_task_group.py for tasks to queue
[2024-12-13T01:06:10.817+0000] {logging_mixin.py:190} INFO - [2024-12-13T01:06:10.816+0000] {dagbag.py:588} INFO - Filling up the DagBag from /home/airflow/.local/lib/python3.12/site-packages/airflow/example_dags/example_task_group.py
[2024-12-13T01:06:10.829+0000] {processor.py:925} INFO - DAG(s) 'example_task_group' retrieved from /home/airflow/.local/lib/python3.12/site-packages/airflow/example_dags/example_task_group.py
[2024-12-13T01:06:10.855+0000] {logging_mixin.py:190} INFO - [2024-12-13T01:06:10.854+0000] {dag.py:3239} INFO - Sync 1 DAGs
[2024-12-13T01:06:10.873+0000] {logging_mixin.py:190} INFO - [2024-12-13T01:06:10.873+0000] {dag.py:4180} INFO - Setting next_dagrun for example_task_group to None, run_after=None
[2024-12-13T01:06:10.893+0000] {processor.py:208} INFO - Processing /home/airflow/.local/lib/python3.12/site-packages/airflow/example_dags/example_task_group.py took 0.086 seconds
[2024-12-13T01:06:43.752+0000] {processor.py:186} INFO - Started process (PID=69399) to work on /home/airflow/.local/lib/python3.12/site-packages/airflow/example_dags/example_task_group.py
[2024-12-13T01:06:43.753+0000] {processor.py:914} INFO - Processing file /home/airflow/.local/lib/python3.12/site-packages/airflow/example_dags/example_task_group.py for tasks to queue
[2024-12-13T01:06:43.756+0000] {logging_mixin.py:190} INFO - [2024-12-13T01:06:43.755+0000] {dagbag.py:588} INFO - Filling up the DagBag from /home/airflow/.local/lib/python3.12/site-packages/airflow/example_dags/example_task_group.py
[2024-12-13T01:06:43.766+0000] {processor.py:925} INFO - DAG(s) 'example_task_group' retrieved from /home/airflow/.local/lib/python3.12/site-packages/airflow/example_dags/example_task_group.py
[2024-12-13T01:06:43.791+0000] {logging_mixin.py:190} INFO - [2024-12-13T01:06:43.791+0000] {dag.py:3239} INFO - Sync 1 DAGs
[2024-12-13T01:06:43.806+0000] {logging_mixin.py:190} INFO - [2024-12-13T01:06:43.806+0000] {dag.py:4180} INFO - Setting next_dagrun for example_task_group to None, run_after=None
[2024-12-13T01:06:43.828+0000] {processor.py:208} INFO - Processing /home/airflow/.local/lib/python3.12/site-packages/airflow/example_dags/example_task_group.py took 0.082 seconds
[2024-12-13T01:07:17.436+0000] {processor.py:186} INFO - Started process (PID=69464) to work on /home/airflow/.local/lib/python3.12/site-packages/airflow/example_dags/example_task_group.py
[2024-12-13T01:07:17.438+0000] {processor.py:914} INFO - Processing file /home/airflow/.local/lib/python3.12/site-packages/airflow/example_dags/example_task_group.py for tasks to queue
[2024-12-13T01:07:17.442+0000] {logging_mixin.py:190} INFO - [2024-12-13T01:07:17.442+0000] {dagbag.py:588} INFO - Filling up the DagBag from /home/airflow/.local/lib/python3.12/site-packages/airflow/example_dags/example_task_group.py
[2024-12-13T01:07:17.451+0000] {processor.py:925} INFO - DAG(s) 'example_task_group' retrieved from /home/airflow/.local/lib/python3.12/site-packages/airflow/example_dags/example_task_group.py
[2024-12-13T01:07:17.474+0000] {logging_mixin.py:190} INFO - [2024-12-13T01:07:17.474+0000] {dag.py:3239} INFO - Sync 1 DAGs
[2024-12-13T01:07:17.490+0000] {logging_mixin.py:190} INFO - [2024-12-13T01:07:17.490+0000] {dag.py:4180} INFO - Setting next_dagrun for example_task_group to None, run_after=None
[2024-12-13T01:07:17.506+0000] {processor.py:208} INFO - Processing /home/airflow/.local/lib/python3.12/site-packages/airflow/example_dags/example_task_group.py took 0.078 seconds
[2024-12-13T01:07:50.091+0000] {processor.py:186} INFO - Started process (PID=69529) to work on /home/airflow/.local/lib/python3.12/site-packages/airflow/example_dags/example_task_group.py
[2024-12-13T01:07:50.092+0000] {processor.py:914} INFO - Processing file /home/airflow/.local/lib/python3.12/site-packages/airflow/example_dags/example_task_group.py for tasks to queue
[2024-12-13T01:07:50.094+0000] {logging_mixin.py:190} INFO - [2024-12-13T01:07:50.094+0000] {dagbag.py:588} INFO - Filling up the DagBag from /home/airflow/.local/lib/python3.12/site-packages/airflow/example_dags/example_task_group.py
[2024-12-13T01:07:50.102+0000] {processor.py:925} INFO - DAG(s) 'example_task_group' retrieved from /home/airflow/.local/lib/python3.12/site-packages/airflow/example_dags/example_task_group.py
[2024-12-13T01:07:50.123+0000] {logging_mixin.py:190} INFO - [2024-12-13T01:07:50.123+0000] {dag.py:3239} INFO - Sync 1 DAGs
[2024-12-13T01:07:50.149+0000] {logging_mixin.py:190} INFO - [2024-12-13T01:07:50.149+0000] {dag.py:4180} INFO - Setting next_dagrun for example_task_group to None, run_after=None
[2024-12-13T01:07:50.187+0000] {processor.py:208} INFO - Processing /home/airflow/.local/lib/python3.12/site-packages/airflow/example_dags/example_task_group.py took 0.101 seconds
[2024-12-13T01:08:23.644+0000] {processor.py:186} INFO - Started process (PID=69594) to work on /home/airflow/.local/lib/python3.12/site-packages/airflow/example_dags/example_task_group.py
[2024-12-13T01:08:23.645+0000] {processor.py:914} INFO - Processing file /home/airflow/.local/lib/python3.12/site-packages/airflow/example_dags/example_task_group.py for tasks to queue
[2024-12-13T01:08:23.648+0000] {logging_mixin.py:190} INFO - [2024-12-13T01:08:23.647+0000] {dagbag.py:588} INFO - Filling up the DagBag from /home/airflow/.local/lib/python3.12/site-packages/airflow/example_dags/example_task_group.py
[2024-12-13T01:08:23.656+0000] {processor.py:925} INFO - DAG(s) 'example_task_group' retrieved from /home/airflow/.local/lib/python3.12/site-packages/airflow/example_dags/example_task_group.py
[2024-12-13T01:08:23.678+0000] {logging_mixin.py:190} INFO - [2024-12-13T01:08:23.678+0000] {dag.py:3239} INFO - Sync 1 DAGs
[2024-12-13T01:08:23.691+0000] {logging_mixin.py:190} INFO - [2024-12-13T01:08:23.691+0000] {dag.py:4180} INFO - Setting next_dagrun for example_task_group to None, run_after=None
[2024-12-13T01:08:23.710+0000] {processor.py:208} INFO - Processing /home/airflow/.local/lib/python3.12/site-packages/airflow/example_dags/example_task_group.py took 0.072 seconds
[2024-12-13T01:08:57.015+0000] {processor.py:186} INFO - Started process (PID=69659) to work on /home/airflow/.local/lib/python3.12/site-packages/airflow/example_dags/example_task_group.py
[2024-12-13T01:08:57.016+0000] {processor.py:914} INFO - Processing file /home/airflow/.local/lib/python3.12/site-packages/airflow/example_dags/example_task_group.py for tasks to queue
[2024-12-13T01:08:57.018+0000] {logging_mixin.py:190} INFO - [2024-12-13T01:08:57.018+0000] {dagbag.py:588} INFO - Filling up the DagBag from /home/airflow/.local/lib/python3.12/site-packages/airflow/example_dags/example_task_group.py
[2024-12-13T01:08:57.027+0000] {processor.py:925} INFO - DAG(s) 'example_task_group' retrieved from /home/airflow/.local/lib/python3.12/site-packages/airflow/example_dags/example_task_group.py
[2024-12-13T01:08:57.049+0000] {logging_mixin.py:190} INFO - [2024-12-13T01:08:57.049+0000] {dag.py:3239} INFO - Sync 1 DAGs
[2024-12-13T01:08:57.062+0000] {logging_mixin.py:190} INFO - [2024-12-13T01:08:57.062+0000] {dag.py:4180} INFO - Setting next_dagrun for example_task_group to None, run_after=None
[2024-12-13T01:08:57.081+0000] {processor.py:208} INFO - Processing /home/airflow/.local/lib/python3.12/site-packages/airflow/example_dags/example_task_group.py took 0.072 seconds
[2024-12-13T01:09:29.999+0000] {processor.py:186} INFO - Started process (PID=69724) to work on /home/airflow/.local/lib/python3.12/site-packages/airflow/example_dags/example_task_group.py
[2024-12-13T01:09:29.999+0000] {processor.py:914} INFO - Processing file /home/airflow/.local/lib/python3.12/site-packages/airflow/example_dags/example_task_group.py for tasks to queue
[2024-12-13T01:09:30.001+0000] {logging_mixin.py:190} INFO - [2024-12-13T01:09:30.001+0000] {dagbag.py:588} INFO - Filling up the DagBag from /home/airflow/.local/lib/python3.12/site-packages/airflow/example_dags/example_task_group.py
[2024-12-13T01:09:30.009+0000] {processor.py:925} INFO - DAG(s) 'example_task_group' retrieved from /home/airflow/.local/lib/python3.12/site-packages/airflow/example_dags/example_task_group.py
[2024-12-13T01:09:30.030+0000] {logging_mixin.py:190} INFO - [2024-12-13T01:09:30.030+0000] {dag.py:3239} INFO - Sync 1 DAGs
[2024-12-13T01:09:30.043+0000] {logging_mixin.py:190} INFO - [2024-12-13T01:09:30.042+0000] {dag.py:4180} INFO - Setting next_dagrun for example_task_group to None, run_after=None
[2024-12-13T01:09:30.059+0000] {processor.py:208} INFO - Processing /home/airflow/.local/lib/python3.12/site-packages/airflow/example_dags/example_task_group.py took 0.066 seconds
[2024-12-13T01:10:04.121+0000] {processor.py:186} INFO - Started process (PID=69789) to work on /home/airflow/.local/lib/python3.12/site-packages/airflow/example_dags/example_task_group.py
[2024-12-13T01:10:04.122+0000] {processor.py:914} INFO - Processing file /home/airflow/.local/lib/python3.12/site-packages/airflow/example_dags/example_task_group.py for tasks to queue
[2024-12-13T01:10:04.124+0000] {logging_mixin.py:190} INFO - [2024-12-13T01:10:04.124+0000] {dagbag.py:588} INFO - Filling up the DagBag from /home/airflow/.local/lib/python3.12/site-packages/airflow/example_dags/example_task_group.py
[2024-12-13T01:10:04.132+0000] {processor.py:925} INFO - DAG(s) 'example_task_group' retrieved from /home/airflow/.local/lib/python3.12/site-packages/airflow/example_dags/example_task_group.py
[2024-12-13T01:10:04.152+0000] {logging_mixin.py:190} INFO - [2024-12-13T01:10:04.152+0000] {dag.py:3239} INFO - Sync 1 DAGs
[2024-12-13T01:10:04.166+0000] {logging_mixin.py:190} INFO - [2024-12-13T01:10:04.166+0000] {dag.py:4180} INFO - Setting next_dagrun for example_task_group to None, run_after=None
[2024-12-13T01:10:04.183+0000] {processor.py:208} INFO - Processing /home/airflow/.local/lib/python3.12/site-packages/airflow/example_dags/example_task_group.py took 0.068 seconds
[2024-12-13T01:10:38.137+0000] {processor.py:186} INFO - Started process (PID=69854) to work on /home/airflow/.local/lib/python3.12/site-packages/airflow/example_dags/example_task_group.py
[2024-12-13T01:10:38.138+0000] {processor.py:914} INFO - Processing file /home/airflow/.local/lib/python3.12/site-packages/airflow/example_dags/example_task_group.py for tasks to queue
[2024-12-13T01:10:38.141+0000] {logging_mixin.py:190} INFO - [2024-12-13T01:10:38.140+0000] {dagbag.py:588} INFO - Filling up the DagBag from /home/airflow/.local/lib/python3.12/site-packages/airflow/example_dags/example_task_group.py
[2024-12-13T01:10:38.149+0000] {processor.py:925} INFO - DAG(s) 'example_task_group' retrieved from /home/airflow/.local/lib/python3.12/site-packages/airflow/example_dags/example_task_group.py
[2024-12-13T01:10:38.170+0000] {logging_mixin.py:190} INFO - [2024-12-13T01:10:38.170+0000] {dag.py:3239} INFO - Sync 1 DAGs
[2024-12-13T01:10:38.185+0000] {logging_mixin.py:190} INFO - [2024-12-13T01:10:38.185+0000] {dag.py:4180} INFO - Setting next_dagrun for example_task_group to None, run_after=None
[2024-12-13T01:10:38.204+0000] {processor.py:208} INFO - Processing /home/airflow/.local/lib/python3.12/site-packages/airflow/example_dags/example_task_group.py took 0.072 seconds
[2024-12-13T01:11:10.500+0000] {processor.py:186} INFO - Started process (PID=69919) to work on /home/airflow/.local/lib/python3.12/site-packages/airflow/example_dags/example_task_group.py
[2024-12-13T01:11:10.501+0000] {processor.py:914} INFO - Processing file /home/airflow/.local/lib/python3.12/site-packages/airflow/example_dags/example_task_group.py for tasks to queue
[2024-12-13T01:11:10.503+0000] {logging_mixin.py:190} INFO - [2024-12-13T01:11:10.503+0000] {dagbag.py:588} INFO - Filling up the DagBag from /home/airflow/.local/lib/python3.12/site-packages/airflow/example_dags/example_task_group.py
[2024-12-13T01:11:10.511+0000] {processor.py:925} INFO - DAG(s) 'example_task_group' retrieved from /home/airflow/.local/lib/python3.12/site-packages/airflow/example_dags/example_task_group.py
[2024-12-13T01:11:10.532+0000] {logging_mixin.py:190} INFO - [2024-12-13T01:11:10.531+0000] {dag.py:3239} INFO - Sync 1 DAGs
[2024-12-13T01:11:10.547+0000] {logging_mixin.py:190} INFO - [2024-12-13T01:11:10.547+0000] {dag.py:4180} INFO - Setting next_dagrun for example_task_group to None, run_after=None
[2024-12-13T01:11:10.566+0000] {processor.py:208} INFO - Processing /home/airflow/.local/lib/python3.12/site-packages/airflow/example_dags/example_task_group.py took 0.070 seconds
[2024-12-13T01:11:44.480+0000] {processor.py:186} INFO - Started process (PID=69984) to work on /home/airflow/.local/lib/python3.12/site-packages/airflow/example_dags/example_task_group.py
[2024-12-13T01:11:44.481+0000] {processor.py:914} INFO - Processing file /home/airflow/.local/lib/python3.12/site-packages/airflow/example_dags/example_task_group.py for tasks to queue
[2024-12-13T01:11:44.483+0000] {logging_mixin.py:190} INFO - [2024-12-13T01:11:44.483+0000] {dagbag.py:588} INFO - Filling up the DagBag from /home/airflow/.local/lib/python3.12/site-packages/airflow/example_dags/example_task_group.py
[2024-12-13T01:11:44.492+0000] {processor.py:925} INFO - DAG(s) 'example_task_group' retrieved from /home/airflow/.local/lib/python3.12/site-packages/airflow/example_dags/example_task_group.py
[2024-12-13T01:11:44.513+0000] {logging_mixin.py:190} INFO - [2024-12-13T01:11:44.513+0000] {dag.py:3239} INFO - Sync 1 DAGs
[2024-12-13T01:11:44.527+0000] {logging_mixin.py:190} INFO - [2024-12-13T01:11:44.527+0000] {dag.py:4180} INFO - Setting next_dagrun for example_task_group to None, run_after=None
[2024-12-13T01:11:44.545+0000] {processor.py:208} INFO - Processing /home/airflow/.local/lib/python3.12/site-packages/airflow/example_dags/example_task_group.py took 0.070 seconds
[2024-12-13T01:12:17.413+0000] {processor.py:186} INFO - Started process (PID=70049) to work on /home/airflow/.local/lib/python3.12/site-packages/airflow/example_dags/example_task_group.py
[2024-12-13T01:12:17.414+0000] {processor.py:914} INFO - Processing file /home/airflow/.local/lib/python3.12/site-packages/airflow/example_dags/example_task_group.py for tasks to queue
[2024-12-13T01:12:17.417+0000] {logging_mixin.py:190} INFO - [2024-12-13T01:12:17.416+0000] {dagbag.py:588} INFO - Filling up the DagBag from /home/airflow/.local/lib/python3.12/site-packages/airflow/example_dags/example_task_group.py
[2024-12-13T01:12:17.427+0000] {processor.py:925} INFO - DAG(s) 'example_task_group' retrieved from /home/airflow/.local/lib/python3.12/site-packages/airflow/example_dags/example_task_group.py
[2024-12-13T01:12:17.446+0000] {logging_mixin.py:190} INFO - [2024-12-13T01:12:17.446+0000] {dag.py:3239} INFO - Sync 1 DAGs
[2024-12-13T01:12:17.460+0000] {logging_mixin.py:190} INFO - [2024-12-13T01:12:17.460+0000] {dag.py:4180} INFO - Setting next_dagrun for example_task_group to None, run_after=None
[2024-12-13T01:12:17.477+0000] {processor.py:208} INFO - Processing /home/airflow/.local/lib/python3.12/site-packages/airflow/example_dags/example_task_group.py took 0.070 seconds
[2024-12-13T01:12:50.109+0000] {processor.py:186} INFO - Started process (PID=70114) to work on /home/airflow/.local/lib/python3.12/site-packages/airflow/example_dags/example_task_group.py
[2024-12-13T01:12:50.111+0000] {processor.py:914} INFO - Processing file /home/airflow/.local/lib/python3.12/site-packages/airflow/example_dags/example_task_group.py for tasks to queue
[2024-12-13T01:12:50.114+0000] {logging_mixin.py:190} INFO - [2024-12-13T01:12:50.113+0000] {dagbag.py:588} INFO - Filling up the DagBag from /home/airflow/.local/lib/python3.12/site-packages/airflow/example_dags/example_task_group.py
[2024-12-13T01:12:50.124+0000] {processor.py:925} INFO - DAG(s) 'example_task_group' retrieved from /home/airflow/.local/lib/python3.12/site-packages/airflow/example_dags/example_task_group.py
[2024-12-13T01:12:50.149+0000] {logging_mixin.py:190} INFO - [2024-12-13T01:12:50.148+0000] {dag.py:3239} INFO - Sync 1 DAGs
[2024-12-13T01:12:50.164+0000] {logging_mixin.py:190} INFO - [2024-12-13T01:12:50.164+0000] {dag.py:4180} INFO - Setting next_dagrun for example_task_group to None, run_after=None
[2024-12-13T01:12:50.186+0000] {processor.py:208} INFO - Processing /home/airflow/.local/lib/python3.12/site-packages/airflow/example_dags/example_task_group.py took 0.086 seconds
[2024-12-13T01:13:23.655+0000] {processor.py:186} INFO - Started process (PID=70179) to work on /home/airflow/.local/lib/python3.12/site-packages/airflow/example_dags/example_task_group.py
[2024-12-13T01:13:23.656+0000] {processor.py:914} INFO - Processing file /home/airflow/.local/lib/python3.12/site-packages/airflow/example_dags/example_task_group.py for tasks to queue
[2024-12-13T01:13:23.658+0000] {logging_mixin.py:190} INFO - [2024-12-13T01:13:23.657+0000] {dagbag.py:588} INFO - Filling up the DagBag from /home/airflow/.local/lib/python3.12/site-packages/airflow/example_dags/example_task_group.py
[2024-12-13T01:13:23.665+0000] {processor.py:925} INFO - DAG(s) 'example_task_group' retrieved from /home/airflow/.local/lib/python3.12/site-packages/airflow/example_dags/example_task_group.py
[2024-12-13T01:13:23.685+0000] {logging_mixin.py:190} INFO - [2024-12-13T01:13:23.685+0000] {dag.py:3239} INFO - Sync 1 DAGs
[2024-12-13T01:13:23.700+0000] {logging_mixin.py:190} INFO - [2024-12-13T01:13:23.699+0000] {dag.py:4180} INFO - Setting next_dagrun for example_task_group to None, run_after=None
[2024-12-13T01:13:23.717+0000] {processor.py:208} INFO - Processing /home/airflow/.local/lib/python3.12/site-packages/airflow/example_dags/example_task_group.py took 0.068 seconds
[2024-12-13T01:13:57.055+0000] {processor.py:186} INFO - Started process (PID=70244) to work on /home/airflow/.local/lib/python3.12/site-packages/airflow/example_dags/example_task_group.py
[2024-12-13T01:13:57.056+0000] {processor.py:914} INFO - Processing file /home/airflow/.local/lib/python3.12/site-packages/airflow/example_dags/example_task_group.py for tasks to queue
[2024-12-13T01:13:57.058+0000] {logging_mixin.py:190} INFO - [2024-12-13T01:13:57.058+0000] {dagbag.py:588} INFO - Filling up the DagBag from /home/airflow/.local/lib/python3.12/site-packages/airflow/example_dags/example_task_group.py
[2024-12-13T01:13:57.065+0000] {processor.py:925} INFO - DAG(s) 'example_task_group' retrieved from /home/airflow/.local/lib/python3.12/site-packages/airflow/example_dags/example_task_group.py
[2024-12-13T01:13:57.087+0000] {logging_mixin.py:190} INFO - [2024-12-13T01:13:57.087+0000] {dag.py:3239} INFO - Sync 1 DAGs
[2024-12-13T01:13:57.105+0000] {logging_mixin.py:190} INFO - [2024-12-13T01:13:57.104+0000] {dag.py:4180} INFO - Setting next_dagrun for example_task_group to None, run_after=None
[2024-12-13T01:13:57.126+0000] {processor.py:208} INFO - Processing /home/airflow/.local/lib/python3.12/site-packages/airflow/example_dags/example_task_group.py took 0.076 seconds
[2024-12-13T01:14:30.887+0000] {processor.py:186} INFO - Started process (PID=70309) to work on /home/airflow/.local/lib/python3.12/site-packages/airflow/example_dags/example_task_group.py
[2024-12-13T01:14:30.888+0000] {processor.py:914} INFO - Processing file /home/airflow/.local/lib/python3.12/site-packages/airflow/example_dags/example_task_group.py for tasks to queue
[2024-12-13T01:14:30.890+0000] {logging_mixin.py:190} INFO - [2024-12-13T01:14:30.890+0000] {dagbag.py:588} INFO - Filling up the DagBag from /home/airflow/.local/lib/python3.12/site-packages/airflow/example_dags/example_task_group.py
[2024-12-13T01:14:30.899+0000] {processor.py:925} INFO - DAG(s) 'example_task_group' retrieved from /home/airflow/.local/lib/python3.12/site-packages/airflow/example_dags/example_task_group.py
[2024-12-13T01:14:30.920+0000] {logging_mixin.py:190} INFO - [2024-12-13T01:14:30.920+0000] {dag.py:3239} INFO - Sync 1 DAGs
[2024-12-13T01:14:30.942+0000] {logging_mixin.py:190} INFO - [2024-12-13T01:14:30.941+0000] {dag.py:4180} INFO - Setting next_dagrun for example_task_group to None, run_after=None
[2024-12-13T01:14:30.963+0000] {processor.py:208} INFO - Processing /home/airflow/.local/lib/python3.12/site-packages/airflow/example_dags/example_task_group.py took 0.080 seconds
[2024-12-13T01:15:04.299+0000] {processor.py:186} INFO - Started process (PID=70374) to work on /home/airflow/.local/lib/python3.12/site-packages/airflow/example_dags/example_task_group.py
[2024-12-13T01:15:04.300+0000] {processor.py:914} INFO - Processing file /home/airflow/.local/lib/python3.12/site-packages/airflow/example_dags/example_task_group.py for tasks to queue
[2024-12-13T01:15:04.303+0000] {logging_mixin.py:190} INFO - [2024-12-13T01:15:04.302+0000] {dagbag.py:588} INFO - Filling up the DagBag from /home/airflow/.local/lib/python3.12/site-packages/airflow/example_dags/example_task_group.py
[2024-12-13T01:15:04.314+0000] {processor.py:925} INFO - DAG(s) 'example_task_group' retrieved from /home/airflow/.local/lib/python3.12/site-packages/airflow/example_dags/example_task_group.py
[2024-12-13T01:15:04.336+0000] {logging_mixin.py:190} INFO - [2024-12-13T01:15:04.336+0000] {dag.py:3239} INFO - Sync 1 DAGs
[2024-12-13T01:15:04.350+0000] {logging_mixin.py:190} INFO - [2024-12-13T01:15:04.349+0000] {dag.py:4180} INFO - Setting next_dagrun for example_task_group to None, run_after=None
[2024-12-13T01:15:04.387+0000] {processor.py:208} INFO - Processing /home/airflow/.local/lib/python3.12/site-packages/airflow/example_dags/example_task_group.py took 0.094 seconds
[2024-12-13T01:15:36.946+0000] {processor.py:186} INFO - Started process (PID=70439) to work on /home/airflow/.local/lib/python3.12/site-packages/airflow/example_dags/example_task_group.py
[2024-12-13T01:15:36.947+0000] {processor.py:914} INFO - Processing file /home/airflow/.local/lib/python3.12/site-packages/airflow/example_dags/example_task_group.py for tasks to queue
[2024-12-13T01:15:36.949+0000] {logging_mixin.py:190} INFO - [2024-12-13T01:15:36.948+0000] {dagbag.py:588} INFO - Filling up the DagBag from /home/airflow/.local/lib/python3.12/site-packages/airflow/example_dags/example_task_group.py
[2024-12-13T01:15:36.957+0000] {processor.py:925} INFO - DAG(s) 'example_task_group' retrieved from /home/airflow/.local/lib/python3.12/site-packages/airflow/example_dags/example_task_group.py
[2024-12-13T01:15:36.977+0000] {logging_mixin.py:190} INFO - [2024-12-13T01:15:36.976+0000] {dag.py:3239} INFO - Sync 1 DAGs
[2024-12-13T01:15:36.990+0000] {logging_mixin.py:190} INFO - [2024-12-13T01:15:36.989+0000] {dag.py:4180} INFO - Setting next_dagrun for example_task_group to None, run_after=None
[2024-12-13T01:15:37.006+0000] {processor.py:208} INFO - Processing /home/airflow/.local/lib/python3.12/site-packages/airflow/example_dags/example_task_group.py took 0.067 seconds
[2024-12-13T01:16:11.149+0000] {processor.py:186} INFO - Started process (PID=70504) to work on /home/airflow/.local/lib/python3.12/site-packages/airflow/example_dags/example_task_group.py
[2024-12-13T01:16:11.150+0000] {processor.py:914} INFO - Processing file /home/airflow/.local/lib/python3.12/site-packages/airflow/example_dags/example_task_group.py for tasks to queue
[2024-12-13T01:16:11.153+0000] {logging_mixin.py:190} INFO - [2024-12-13T01:16:11.152+0000] {dagbag.py:588} INFO - Filling up the DagBag from /home/airflow/.local/lib/python3.12/site-packages/airflow/example_dags/example_task_group.py
[2024-12-13T01:16:11.162+0000] {processor.py:925} INFO - DAG(s) 'example_task_group' retrieved from /home/airflow/.local/lib/python3.12/site-packages/airflow/example_dags/example_task_group.py
[2024-12-13T01:16:11.186+0000] {logging_mixin.py:190} INFO - [2024-12-13T01:16:11.186+0000] {dag.py:3239} INFO - Sync 1 DAGs
[2024-12-13T01:16:11.200+0000] {logging_mixin.py:190} INFO - [2024-12-13T01:16:11.200+0000] {dag.py:4180} INFO - Setting next_dagrun for example_task_group to None, run_after=None
[2024-12-13T01:16:11.217+0000] {processor.py:208} INFO - Processing /home/airflow/.local/lib/python3.12/site-packages/airflow/example_dags/example_task_group.py took 0.075 seconds
[2024-12-13T01:16:43.331+0000] {processor.py:186} INFO - Started process (PID=70569) to work on /home/airflow/.local/lib/python3.12/site-packages/airflow/example_dags/example_task_group.py
[2024-12-13T01:16:43.332+0000] {processor.py:914} INFO - Processing file /home/airflow/.local/lib/python3.12/site-packages/airflow/example_dags/example_task_group.py for tasks to queue
[2024-12-13T01:16:43.334+0000] {logging_mixin.py:190} INFO - [2024-12-13T01:16:43.334+0000] {dagbag.py:588} INFO - Filling up the DagBag from /home/airflow/.local/lib/python3.12/site-packages/airflow/example_dags/example_task_group.py
[2024-12-13T01:16:43.342+0000] {processor.py:925} INFO - DAG(s) 'example_task_group' retrieved from /home/airflow/.local/lib/python3.12/site-packages/airflow/example_dags/example_task_group.py
[2024-12-13T01:16:43.362+0000] {logging_mixin.py:190} INFO - [2024-12-13T01:16:43.362+0000] {dag.py:3239} INFO - Sync 1 DAGs
[2024-12-13T01:16:43.375+0000] {logging_mixin.py:190} INFO - [2024-12-13T01:16:43.375+0000] {dag.py:4180} INFO - Setting next_dagrun for example_task_group to None, run_after=None
[2024-12-13T01:16:43.390+0000] {processor.py:208} INFO - Processing /home/airflow/.local/lib/python3.12/site-packages/airflow/example_dags/example_task_group.py took 0.065 seconds
[2024-12-13T01:17:16.587+0000] {processor.py:186} INFO - Started process (PID=70634) to work on /home/airflow/.local/lib/python3.12/site-packages/airflow/example_dags/example_task_group.py
[2024-12-13T01:17:16.588+0000] {processor.py:914} INFO - Processing file /home/airflow/.local/lib/python3.12/site-packages/airflow/example_dags/example_task_group.py for tasks to queue
[2024-12-13T01:17:16.590+0000] {logging_mixin.py:190} INFO - [2024-12-13T01:17:16.589+0000] {dagbag.py:588} INFO - Filling up the DagBag from /home/airflow/.local/lib/python3.12/site-packages/airflow/example_dags/example_task_group.py
[2024-12-13T01:17:16.598+0000] {processor.py:925} INFO - DAG(s) 'example_task_group' retrieved from /home/airflow/.local/lib/python3.12/site-packages/airflow/example_dags/example_task_group.py
[2024-12-13T01:17:16.618+0000] {logging_mixin.py:190} INFO - [2024-12-13T01:17:16.618+0000] {dag.py:3239} INFO - Sync 1 DAGs
[2024-12-13T01:17:16.632+0000] {logging_mixin.py:190} INFO - [2024-12-13T01:17:16.632+0000] {dag.py:4180} INFO - Setting next_dagrun for example_task_group to None, run_after=None
[2024-12-13T01:17:16.648+0000] {processor.py:208} INFO - Processing /home/airflow/.local/lib/python3.12/site-packages/airflow/example_dags/example_task_group.py took 0.066 seconds
[2024-12-13T01:17:50.424+0000] {processor.py:186} INFO - Started process (PID=70699) to work on /home/airflow/.local/lib/python3.12/site-packages/airflow/example_dags/example_task_group.py
[2024-12-13T01:17:50.425+0000] {processor.py:914} INFO - Processing file /home/airflow/.local/lib/python3.12/site-packages/airflow/example_dags/example_task_group.py for tasks to queue
[2024-12-13T01:17:50.427+0000] {logging_mixin.py:190} INFO - [2024-12-13T01:17:50.426+0000] {dagbag.py:588} INFO - Filling up the DagBag from /home/airflow/.local/lib/python3.12/site-packages/airflow/example_dags/example_task_group.py
[2024-12-13T01:17:50.435+0000] {processor.py:925} INFO - DAG(s) 'example_task_group' retrieved from /home/airflow/.local/lib/python3.12/site-packages/airflow/example_dags/example_task_group.py
[2024-12-13T01:17:50.455+0000] {logging_mixin.py:190} INFO - [2024-12-13T01:17:50.455+0000] {dag.py:3239} INFO - Sync 1 DAGs
[2024-12-13T01:17:50.468+0000] {logging_mixin.py:190} INFO - [2024-12-13T01:17:50.468+0000] {dag.py:4180} INFO - Setting next_dagrun for example_task_group to None, run_after=None
[2024-12-13T01:17:50.486+0000] {processor.py:208} INFO - Processing /home/airflow/.local/lib/python3.12/site-packages/airflow/example_dags/example_task_group.py took 0.067 seconds
[2024-12-13T01:18:24.062+0000] {processor.py:186} INFO - Started process (PID=70764) to work on /home/airflow/.local/lib/python3.12/site-packages/airflow/example_dags/example_task_group.py
[2024-12-13T01:18:24.063+0000] {processor.py:914} INFO - Processing file /home/airflow/.local/lib/python3.12/site-packages/airflow/example_dags/example_task_group.py for tasks to queue
[2024-12-13T01:18:24.065+0000] {logging_mixin.py:190} INFO - [2024-12-13T01:18:24.064+0000] {dagbag.py:588} INFO - Filling up the DagBag from /home/airflow/.local/lib/python3.12/site-packages/airflow/example_dags/example_task_group.py
[2024-12-13T01:18:24.073+0000] {processor.py:925} INFO - DAG(s) 'example_task_group' retrieved from /home/airflow/.local/lib/python3.12/site-packages/airflow/example_dags/example_task_group.py
[2024-12-13T01:18:24.093+0000] {logging_mixin.py:190} INFO - [2024-12-13T01:18:24.092+0000] {dag.py:3239} INFO - Sync 1 DAGs
[2024-12-13T01:18:24.108+0000] {logging_mixin.py:190} INFO - [2024-12-13T01:18:24.108+0000] {dag.py:4180} INFO - Setting next_dagrun for example_task_group to None, run_after=None
[2024-12-13T01:18:24.131+0000] {processor.py:208} INFO - Processing /home/airflow/.local/lib/python3.12/site-packages/airflow/example_dags/example_task_group.py took 0.074 seconds
[2024-12-13T01:18:58.658+0000] {processor.py:186} INFO - Started process (PID=70829) to work on /home/airflow/.local/lib/python3.12/site-packages/airflow/example_dags/example_task_group.py
[2024-12-13T01:18:58.660+0000] {processor.py:914} INFO - Processing file /home/airflow/.local/lib/python3.12/site-packages/airflow/example_dags/example_task_group.py for tasks to queue
[2024-12-13T01:18:58.663+0000] {logging_mixin.py:190} INFO - [2024-12-13T01:18:58.663+0000] {dagbag.py:588} INFO - Filling up the DagBag from /home/airflow/.local/lib/python3.12/site-packages/airflow/example_dags/example_task_group.py
[2024-12-13T01:18:58.675+0000] {processor.py:925} INFO - DAG(s) 'example_task_group' retrieved from /home/airflow/.local/lib/python3.12/site-packages/airflow/example_dags/example_task_group.py
[2024-12-13T01:18:58.715+0000] {logging_mixin.py:190} INFO - [2024-12-13T01:18:58.715+0000] {dag.py:3239} INFO - Sync 1 DAGs
[2024-12-13T01:18:58.750+0000] {logging_mixin.py:190} INFO - [2024-12-13T01:18:58.749+0000] {dag.py:4180} INFO - Setting next_dagrun for example_task_group to None, run_after=None
[2024-12-13T01:18:58.801+0000] {processor.py:208} INFO - Processing /home/airflow/.local/lib/python3.12/site-packages/airflow/example_dags/example_task_group.py took 0.150 seconds
[2024-12-13T01:19:30.730+0000] {processor.py:186} INFO - Started process (PID=70894) to work on /home/airflow/.local/lib/python3.12/site-packages/airflow/example_dags/example_task_group.py
[2024-12-13T01:19:30.731+0000] {processor.py:914} INFO - Processing file /home/airflow/.local/lib/python3.12/site-packages/airflow/example_dags/example_task_group.py for tasks to queue
[2024-12-13T01:19:30.738+0000] {logging_mixin.py:190} INFO - [2024-12-13T01:19:30.737+0000] {dagbag.py:588} INFO - Filling up the DagBag from /home/airflow/.local/lib/python3.12/site-packages/airflow/example_dags/example_task_group.py
[2024-12-13T01:19:30.755+0000] {processor.py:925} INFO - DAG(s) 'example_task_group' retrieved from /home/airflow/.local/lib/python3.12/site-packages/airflow/example_dags/example_task_group.py
[2024-12-13T01:19:30.802+0000] {logging_mixin.py:190} INFO - [2024-12-13T01:19:30.799+0000] {dag.py:3239} INFO - Sync 1 DAGs
[2024-12-13T01:19:30.859+0000] {logging_mixin.py:190} INFO - [2024-12-13T01:19:30.858+0000] {dag.py:4180} INFO - Setting next_dagrun for example_task_group to None, run_after=None
[2024-12-13T01:19:30.896+0000] {processor.py:208} INFO - Processing /home/airflow/.local/lib/python3.12/site-packages/airflow/example_dags/example_task_group.py took 0.175 seconds
[2024-12-13T01:20:03.482+0000] {processor.py:186} INFO - Started process (PID=70959) to work on /home/airflow/.local/lib/python3.12/site-packages/airflow/example_dags/example_task_group.py
[2024-12-13T01:20:03.483+0000] {processor.py:914} INFO - Processing file /home/airflow/.local/lib/python3.12/site-packages/airflow/example_dags/example_task_group.py for tasks to queue
[2024-12-13T01:20:03.487+0000] {logging_mixin.py:190} INFO - [2024-12-13T01:20:03.486+0000] {dagbag.py:588} INFO - Filling up the DagBag from /home/airflow/.local/lib/python3.12/site-packages/airflow/example_dags/example_task_group.py
[2024-12-13T01:20:03.503+0000] {processor.py:925} INFO - DAG(s) 'example_task_group' retrieved from /home/airflow/.local/lib/python3.12/site-packages/airflow/example_dags/example_task_group.py
[2024-12-13T01:20:03.562+0000] {logging_mixin.py:190} INFO - [2024-12-13T01:20:03.562+0000] {dag.py:3239} INFO - Sync 1 DAGs
[2024-12-13T01:20:03.593+0000] {logging_mixin.py:190} INFO - [2024-12-13T01:20:03.592+0000] {dag.py:4180} INFO - Setting next_dagrun for example_task_group to None, run_after=None
[2024-12-13T01:20:03.616+0000] {processor.py:208} INFO - Processing /home/airflow/.local/lib/python3.12/site-packages/airflow/example_dags/example_task_group.py took 0.143 seconds
[2024-12-13T01:20:37.194+0000] {processor.py:186} INFO - Started process (PID=71024) to work on /home/airflow/.local/lib/python3.12/site-packages/airflow/example_dags/example_task_group.py
[2024-12-13T01:20:37.195+0000] {processor.py:914} INFO - Processing file /home/airflow/.local/lib/python3.12/site-packages/airflow/example_dags/example_task_group.py for tasks to queue
[2024-12-13T01:20:37.198+0000] {logging_mixin.py:190} INFO - [2024-12-13T01:20:37.197+0000] {dagbag.py:588} INFO - Filling up the DagBag from /home/airflow/.local/lib/python3.12/site-packages/airflow/example_dags/example_task_group.py
[2024-12-13T01:20:37.207+0000] {processor.py:925} INFO - DAG(s) 'example_task_group' retrieved from /home/airflow/.local/lib/python3.12/site-packages/airflow/example_dags/example_task_group.py
[2024-12-13T01:20:37.232+0000] {logging_mixin.py:190} INFO - [2024-12-13T01:20:37.232+0000] {dag.py:3239} INFO - Sync 1 DAGs
[2024-12-13T01:20:37.247+0000] {logging_mixin.py:190} INFO - [2024-12-13T01:20:37.247+0000] {dag.py:4180} INFO - Setting next_dagrun for example_task_group to None, run_after=None
[2024-12-13T01:20:37.265+0000] {processor.py:208} INFO - Processing /home/airflow/.local/lib/python3.12/site-packages/airflow/example_dags/example_task_group.py took 0.078 seconds
[2024-12-13T01:21:11.853+0000] {processor.py:186} INFO - Started process (PID=71089) to work on /home/airflow/.local/lib/python3.12/site-packages/airflow/example_dags/example_task_group.py
[2024-12-13T01:21:11.855+0000] {processor.py:914} INFO - Processing file /home/airflow/.local/lib/python3.12/site-packages/airflow/example_dags/example_task_group.py for tasks to queue
[2024-12-13T01:21:11.858+0000] {logging_mixin.py:190} INFO - [2024-12-13T01:21:11.857+0000] {dagbag.py:588} INFO - Filling up the DagBag from /home/airflow/.local/lib/python3.12/site-packages/airflow/example_dags/example_task_group.py
[2024-12-13T01:21:11.879+0000] {processor.py:925} INFO - DAG(s) 'example_task_group' retrieved from /home/airflow/.local/lib/python3.12/site-packages/airflow/example_dags/example_task_group.py
[2024-12-13T01:21:11.910+0000] {logging_mixin.py:190} INFO - [2024-12-13T01:21:11.910+0000] {dag.py:3239} INFO - Sync 1 DAGs
[2024-12-13T01:21:11.927+0000] {logging_mixin.py:190} INFO - [2024-12-13T01:21:11.927+0000] {dag.py:4180} INFO - Setting next_dagrun for example_task_group to None, run_after=None
[2024-12-13T01:21:11.951+0000] {processor.py:208} INFO - Processing /home/airflow/.local/lib/python3.12/site-packages/airflow/example_dags/example_task_group.py took 0.105 seconds
[2024-12-13T01:21:44.144+0000] {processor.py:186} INFO - Started process (PID=71154) to work on /home/airflow/.local/lib/python3.12/site-packages/airflow/example_dags/example_task_group.py
[2024-12-13T01:21:44.145+0000] {processor.py:914} INFO - Processing file /home/airflow/.local/lib/python3.12/site-packages/airflow/example_dags/example_task_group.py for tasks to queue
[2024-12-13T01:21:44.147+0000] {logging_mixin.py:190} INFO - [2024-12-13T01:21:44.147+0000] {dagbag.py:588} INFO - Filling up the DagBag from /home/airflow/.local/lib/python3.12/site-packages/airflow/example_dags/example_task_group.py
[2024-12-13T01:21:44.156+0000] {processor.py:925} INFO - DAG(s) 'example_task_group' retrieved from /home/airflow/.local/lib/python3.12/site-packages/airflow/example_dags/example_task_group.py
[2024-12-13T01:21:44.179+0000] {logging_mixin.py:190} INFO - [2024-12-13T01:21:44.178+0000] {dag.py:3239} INFO - Sync 1 DAGs
[2024-12-13T01:21:44.193+0000] {logging_mixin.py:190} INFO - [2024-12-13T01:21:44.193+0000] {dag.py:4180} INFO - Setting next_dagrun for example_task_group to None, run_after=None
[2024-12-13T01:21:44.211+0000] {processor.py:208} INFO - Processing /home/airflow/.local/lib/python3.12/site-packages/airflow/example_dags/example_task_group.py took 0.073 seconds
[2024-12-13T01:22:16.557+0000] {processor.py:186} INFO - Started process (PID=71219) to work on /home/airflow/.local/lib/python3.12/site-packages/airflow/example_dags/example_task_group.py
[2024-12-13T01:22:16.558+0000] {processor.py:914} INFO - Processing file /home/airflow/.local/lib/python3.12/site-packages/airflow/example_dags/example_task_group.py for tasks to queue
[2024-12-13T01:22:16.560+0000] {logging_mixin.py:190} INFO - [2024-12-13T01:22:16.560+0000] {dagbag.py:588} INFO - Filling up the DagBag from /home/airflow/.local/lib/python3.12/site-packages/airflow/example_dags/example_task_group.py
[2024-12-13T01:22:16.568+0000] {processor.py:925} INFO - DAG(s) 'example_task_group' retrieved from /home/airflow/.local/lib/python3.12/site-packages/airflow/example_dags/example_task_group.py
[2024-12-13T01:22:16.588+0000] {logging_mixin.py:190} INFO - [2024-12-13T01:22:16.588+0000] {dag.py:3239} INFO - Sync 1 DAGs
[2024-12-13T01:22:16.601+0000] {logging_mixin.py:190} INFO - [2024-12-13T01:22:16.600+0000] {dag.py:4180} INFO - Setting next_dagrun for example_task_group to None, run_after=None
[2024-12-13T01:22:16.617+0000] {processor.py:208} INFO - Processing /home/airflow/.local/lib/python3.12/site-packages/airflow/example_dags/example_task_group.py took 0.064 seconds
[2024-12-13T01:22:50.080+0000] {processor.py:186} INFO - Started process (PID=71284) to work on /home/airflow/.local/lib/python3.12/site-packages/airflow/example_dags/example_task_group.py
[2024-12-13T01:22:50.081+0000] {processor.py:914} INFO - Processing file /home/airflow/.local/lib/python3.12/site-packages/airflow/example_dags/example_task_group.py for tasks to queue
[2024-12-13T01:22:50.083+0000] {logging_mixin.py:190} INFO - [2024-12-13T01:22:50.082+0000] {dagbag.py:588} INFO - Filling up the DagBag from /home/airflow/.local/lib/python3.12/site-packages/airflow/example_dags/example_task_group.py
[2024-12-13T01:22:50.090+0000] {processor.py:925} INFO - DAG(s) 'example_task_group' retrieved from /home/airflow/.local/lib/python3.12/site-packages/airflow/example_dags/example_task_group.py
[2024-12-13T01:22:50.117+0000] {logging_mixin.py:190} INFO - [2024-12-13T01:22:50.117+0000] {dag.py:3239} INFO - Sync 1 DAGs
[2024-12-13T01:22:50.134+0000] {logging_mixin.py:190} INFO - [2024-12-13T01:22:50.134+0000] {dag.py:4180} INFO - Setting next_dagrun for example_task_group to None, run_after=None
[2024-12-13T01:22:50.150+0000] {processor.py:208} INFO - Processing /home/airflow/.local/lib/python3.12/site-packages/airflow/example_dags/example_task_group.py took 0.075 seconds
[2024-12-13T01:23:24.661+0000] {processor.py:186} INFO - Started process (PID=71349) to work on /home/airflow/.local/lib/python3.12/site-packages/airflow/example_dags/example_task_group.py
[2024-12-13T01:23:24.662+0000] {processor.py:914} INFO - Processing file /home/airflow/.local/lib/python3.12/site-packages/airflow/example_dags/example_task_group.py for tasks to queue
[2024-12-13T01:23:24.664+0000] {logging_mixin.py:190} INFO - [2024-12-13T01:23:24.664+0000] {dagbag.py:588} INFO - Filling up the DagBag from /home/airflow/.local/lib/python3.12/site-packages/airflow/example_dags/example_task_group.py
[2024-12-13T01:23:24.673+0000] {processor.py:925} INFO - DAG(s) 'example_task_group' retrieved from /home/airflow/.local/lib/python3.12/site-packages/airflow/example_dags/example_task_group.py
[2024-12-13T01:23:24.692+0000] {logging_mixin.py:190} INFO - [2024-12-13T01:23:24.691+0000] {dag.py:3239} INFO - Sync 1 DAGs
[2024-12-13T01:23:24.704+0000] {logging_mixin.py:190} INFO - [2024-12-13T01:23:24.704+0000] {dag.py:4180} INFO - Setting next_dagrun for example_task_group to None, run_after=None
[2024-12-13T01:23:24.720+0000] {processor.py:208} INFO - Processing /home/airflow/.local/lib/python3.12/site-packages/airflow/example_dags/example_task_group.py took 0.064 seconds
[2024-12-13T01:23:59.291+0000] {processor.py:186} INFO - Started process (PID=71414) to work on /home/airflow/.local/lib/python3.12/site-packages/airflow/example_dags/example_task_group.py
[2024-12-13T01:23:59.291+0000] {processor.py:914} INFO - Processing file /home/airflow/.local/lib/python3.12/site-packages/airflow/example_dags/example_task_group.py for tasks to queue
[2024-12-13T01:23:59.294+0000] {logging_mixin.py:190} INFO - [2024-12-13T01:23:59.293+0000] {dagbag.py:588} INFO - Filling up the DagBag from /home/airflow/.local/lib/python3.12/site-packages/airflow/example_dags/example_task_group.py
[2024-12-13T01:23:59.301+0000] {processor.py:925} INFO - DAG(s) 'example_task_group' retrieved from /home/airflow/.local/lib/python3.12/site-packages/airflow/example_dags/example_task_group.py
[2024-12-13T01:23:59.321+0000] {logging_mixin.py:190} INFO - [2024-12-13T01:23:59.320+0000] {dag.py:3239} INFO - Sync 1 DAGs
[2024-12-13T01:23:59.485+0000] {logging_mixin.py:190} INFO - [2024-12-13T01:23:59.485+0000] {dag.py:4180} INFO - Setting next_dagrun for example_task_group to None, run_after=None
[2024-12-13T01:23:59.501+0000] {processor.py:208} INFO - Processing /home/airflow/.local/lib/python3.12/site-packages/airflow/example_dags/example_task_group.py took 0.215 seconds
[2024-12-13T01:24:31.195+0000] {processor.py:186} INFO - Started process (PID=71479) to work on /home/airflow/.local/lib/python3.12/site-packages/airflow/example_dags/example_task_group.py
[2024-12-13T01:24:31.196+0000] {processor.py:914} INFO - Processing file /home/airflow/.local/lib/python3.12/site-packages/airflow/example_dags/example_task_group.py for tasks to queue
[2024-12-13T01:24:31.198+0000] {logging_mixin.py:190} INFO - [2024-12-13T01:24:31.198+0000] {dagbag.py:588} INFO - Filling up the DagBag from /home/airflow/.local/lib/python3.12/site-packages/airflow/example_dags/example_task_group.py
[2024-12-13T01:24:31.205+0000] {processor.py:925} INFO - DAG(s) 'example_task_group' retrieved from /home/airflow/.local/lib/python3.12/site-packages/airflow/example_dags/example_task_group.py
[2024-12-13T01:24:31.225+0000] {logging_mixin.py:190} INFO - [2024-12-13T01:24:31.225+0000] {dag.py:3239} INFO - Sync 1 DAGs
[2024-12-13T01:24:31.238+0000] {logging_mixin.py:190} INFO - [2024-12-13T01:24:31.238+0000] {dag.py:4180} INFO - Setting next_dagrun for example_task_group to None, run_after=None
[2024-12-13T01:24:31.409+0000] {processor.py:208} INFO - Processing /home/airflow/.local/lib/python3.12/site-packages/airflow/example_dags/example_task_group.py took 0.219 seconds
[2024-12-13T01:25:04.619+0000] {processor.py:186} INFO - Started process (PID=71544) to work on /home/airflow/.local/lib/python3.12/site-packages/airflow/example_dags/example_task_group.py
[2024-12-13T01:25:04.620+0000] {processor.py:914} INFO - Processing file /home/airflow/.local/lib/python3.12/site-packages/airflow/example_dags/example_task_group.py for tasks to queue
[2024-12-13T01:25:04.622+0000] {logging_mixin.py:190} INFO - [2024-12-13T01:25:04.622+0000] {dagbag.py:588} INFO - Filling up the DagBag from /home/airflow/.local/lib/python3.12/site-packages/airflow/example_dags/example_task_group.py
[2024-12-13T01:25:04.630+0000] {processor.py:925} INFO - DAG(s) 'example_task_group' retrieved from /home/airflow/.local/lib/python3.12/site-packages/airflow/example_dags/example_task_group.py
[2024-12-13T01:25:04.652+0000] {logging_mixin.py:190} INFO - [2024-12-13T01:25:04.652+0000] {dag.py:3239} INFO - Sync 1 DAGs
[2024-12-13T01:25:04.666+0000] {logging_mixin.py:190} INFO - [2024-12-13T01:25:04.666+0000] {dag.py:4180} INFO - Setting next_dagrun for example_task_group to None, run_after=None
[2024-12-13T01:25:04.841+0000] {processor.py:208} INFO - Processing /home/airflow/.local/lib/python3.12/site-packages/airflow/example_dags/example_task_group.py took 0.227 seconds
[2024-12-13T01:25:35.024+0000] {processor.py:186} INFO - Started process (PID=71609) to work on /home/airflow/.local/lib/python3.12/site-packages/airflow/example_dags/example_task_group.py
[2024-12-13T01:25:35.025+0000] {processor.py:914} INFO - Processing file /home/airflow/.local/lib/python3.12/site-packages/airflow/example_dags/example_task_group.py for tasks to queue
[2024-12-13T01:25:35.027+0000] {logging_mixin.py:190} INFO - [2024-12-13T01:25:35.027+0000] {dagbag.py:588} INFO - Filling up the DagBag from /home/airflow/.local/lib/python3.12/site-packages/airflow/example_dags/example_task_group.py
[2024-12-13T01:25:35.035+0000] {processor.py:925} INFO - DAG(s) 'example_task_group' retrieved from /home/airflow/.local/lib/python3.12/site-packages/airflow/example_dags/example_task_group.py
[2024-12-13T01:25:35.054+0000] {logging_mixin.py:190} INFO - [2024-12-13T01:25:35.053+0000] {dag.py:3239} INFO - Sync 1 DAGs
[2024-12-13T01:25:35.066+0000] {logging_mixin.py:190} INFO - [2024-12-13T01:25:35.066+0000] {dag.py:4180} INFO - Setting next_dagrun for example_task_group to None, run_after=None
[2024-12-13T01:25:35.083+0000] {processor.py:208} INFO - Processing /home/airflow/.local/lib/python3.12/site-packages/airflow/example_dags/example_task_group.py took 0.065 seconds
[2024-12-13T01:26:08.795+0000] {processor.py:186} INFO - Started process (PID=71674) to work on /home/airflow/.local/lib/python3.12/site-packages/airflow/example_dags/example_task_group.py
[2024-12-13T01:26:08.796+0000] {processor.py:914} INFO - Processing file /home/airflow/.local/lib/python3.12/site-packages/airflow/example_dags/example_task_group.py for tasks to queue
[2024-12-13T01:26:08.798+0000] {logging_mixin.py:190} INFO - [2024-12-13T01:26:08.797+0000] {dagbag.py:588} INFO - Filling up the DagBag from /home/airflow/.local/lib/python3.12/site-packages/airflow/example_dags/example_task_group.py
[2024-12-13T01:26:08.805+0000] {processor.py:925} INFO - DAG(s) 'example_task_group' retrieved from /home/airflow/.local/lib/python3.12/site-packages/airflow/example_dags/example_task_group.py
[2024-12-13T01:26:08.824+0000] {logging_mixin.py:190} INFO - [2024-12-13T01:26:08.824+0000] {dag.py:3239} INFO - Sync 1 DAGs
[2024-12-13T01:26:08.838+0000] {logging_mixin.py:190} INFO - [2024-12-13T01:26:08.837+0000] {dag.py:4180} INFO - Setting next_dagrun for example_task_group to None, run_after=None
[2024-12-13T01:26:08.853+0000] {processor.py:208} INFO - Processing /home/airflow/.local/lib/python3.12/site-packages/airflow/example_dags/example_task_group.py took 0.063 seconds
[2024-12-13T01:26:41.058+0000] {processor.py:186} INFO - Started process (PID=71740) to work on /home/airflow/.local/lib/python3.12/site-packages/airflow/example_dags/example_task_group.py
[2024-12-13T01:26:41.059+0000] {processor.py:914} INFO - Processing file /home/airflow/.local/lib/python3.12/site-packages/airflow/example_dags/example_task_group.py for tasks to queue
[2024-12-13T01:26:41.061+0000] {logging_mixin.py:190} INFO - [2024-12-13T01:26:41.061+0000] {dagbag.py:588} INFO - Filling up the DagBag from /home/airflow/.local/lib/python3.12/site-packages/airflow/example_dags/example_task_group.py
[2024-12-13T01:26:41.069+0000] {processor.py:925} INFO - DAG(s) 'example_task_group' retrieved from /home/airflow/.local/lib/python3.12/site-packages/airflow/example_dags/example_task_group.py
[2024-12-13T01:26:41.087+0000] {logging_mixin.py:190} INFO - [2024-12-13T01:26:41.087+0000] {dag.py:3239} INFO - Sync 1 DAGs
[2024-12-13T01:26:41.100+0000] {logging_mixin.py:190} INFO - [2024-12-13T01:26:41.100+0000] {dag.py:4180} INFO - Setting next_dagrun for example_task_group to None, run_after=None
[2024-12-13T01:26:41.116+0000] {processor.py:208} INFO - Processing /home/airflow/.local/lib/python3.12/site-packages/airflow/example_dags/example_task_group.py took 0.062 seconds
[2024-12-13T01:27:15.035+0000] {processor.py:186} INFO - Started process (PID=71805) to work on /home/airflow/.local/lib/python3.12/site-packages/airflow/example_dags/example_task_group.py
[2024-12-13T01:27:15.036+0000] {processor.py:914} INFO - Processing file /home/airflow/.local/lib/python3.12/site-packages/airflow/example_dags/example_task_group.py for tasks to queue
[2024-12-13T01:27:15.038+0000] {logging_mixin.py:190} INFO - [2024-12-13T01:27:15.038+0000] {dagbag.py:588} INFO - Filling up the DagBag from /home/airflow/.local/lib/python3.12/site-packages/airflow/example_dags/example_task_group.py
[2024-12-13T01:27:15.046+0000] {processor.py:925} INFO - DAG(s) 'example_task_group' retrieved from /home/airflow/.local/lib/python3.12/site-packages/airflow/example_dags/example_task_group.py
[2024-12-13T01:27:15.068+0000] {logging_mixin.py:190} INFO - [2024-12-13T01:27:15.068+0000] {dag.py:3239} INFO - Sync 1 DAGs
[2024-12-13T01:27:15.085+0000] {logging_mixin.py:190} INFO - [2024-12-13T01:27:15.085+0000] {dag.py:4180} INFO - Setting next_dagrun for example_task_group to None, run_after=None
[2024-12-13T01:27:15.102+0000] {processor.py:208} INFO - Processing /home/airflow/.local/lib/python3.12/site-packages/airflow/example_dags/example_task_group.py took 0.073 seconds
[2024-12-13T01:27:48.145+0000] {processor.py:186} INFO - Started process (PID=71871) to work on /home/airflow/.local/lib/python3.12/site-packages/airflow/example_dags/example_task_group.py
[2024-12-13T01:27:48.146+0000] {processor.py:914} INFO - Processing file /home/airflow/.local/lib/python3.12/site-packages/airflow/example_dags/example_task_group.py for tasks to queue
[2024-12-13T01:27:48.148+0000] {logging_mixin.py:190} INFO - [2024-12-13T01:27:48.148+0000] {dagbag.py:588} INFO - Filling up the DagBag from /home/airflow/.local/lib/python3.12/site-packages/airflow/example_dags/example_task_group.py
[2024-12-13T01:27:48.156+0000] {processor.py:925} INFO - DAG(s) 'example_task_group' retrieved from /home/airflow/.local/lib/python3.12/site-packages/airflow/example_dags/example_task_group.py
[2024-12-13T01:27:48.176+0000] {logging_mixin.py:190} INFO - [2024-12-13T01:27:48.176+0000] {dag.py:3239} INFO - Sync 1 DAGs
[2024-12-13T01:27:48.189+0000] {logging_mixin.py:190} INFO - [2024-12-13T01:27:48.189+0000] {dag.py:4180} INFO - Setting next_dagrun for example_task_group to None, run_after=None
[2024-12-13T01:27:48.207+0000] {processor.py:208} INFO - Processing /home/airflow/.local/lib/python3.12/site-packages/airflow/example_dags/example_task_group.py took 0.067 seconds
[2024-12-13T01:28:20.913+0000] {processor.py:186} INFO - Started process (PID=71936) to work on /home/airflow/.local/lib/python3.12/site-packages/airflow/example_dags/example_task_group.py
[2024-12-13T01:28:20.913+0000] {processor.py:914} INFO - Processing file /home/airflow/.local/lib/python3.12/site-packages/airflow/example_dags/example_task_group.py for tasks to queue
[2024-12-13T01:28:20.916+0000] {logging_mixin.py:190} INFO - [2024-12-13T01:28:20.915+0000] {dagbag.py:588} INFO - Filling up the DagBag from /home/airflow/.local/lib/python3.12/site-packages/airflow/example_dags/example_task_group.py
[2024-12-13T01:28:20.923+0000] {processor.py:925} INFO - DAG(s) 'example_task_group' retrieved from /home/airflow/.local/lib/python3.12/site-packages/airflow/example_dags/example_task_group.py
[2024-12-13T01:28:20.961+0000] {logging_mixin.py:190} INFO - [2024-12-13T01:28:20.960+0000] {dag.py:3239} INFO - Sync 1 DAGs
[2024-12-13T01:28:20.974+0000] {logging_mixin.py:190} INFO - [2024-12-13T01:28:20.974+0000] {dag.py:4180} INFO - Setting next_dagrun for example_task_group to None, run_after=None
[2024-12-13T01:28:20.991+0000] {processor.py:208} INFO - Processing /home/airflow/.local/lib/python3.12/site-packages/airflow/example_dags/example_task_group.py took 0.084 seconds
[2024-12-13T01:28:54.857+0000] {processor.py:186} INFO - Started process (PID=72002) to work on /home/airflow/.local/lib/python3.12/site-packages/airflow/example_dags/example_task_group.py
[2024-12-13T01:28:54.858+0000] {processor.py:914} INFO - Processing file /home/airflow/.local/lib/python3.12/site-packages/airflow/example_dags/example_task_group.py for tasks to queue
[2024-12-13T01:28:54.859+0000] {logging_mixin.py:190} INFO - [2024-12-13T01:28:54.859+0000] {dagbag.py:588} INFO - Filling up the DagBag from /home/airflow/.local/lib/python3.12/site-packages/airflow/example_dags/example_task_group.py
[2024-12-13T01:28:54.868+0000] {processor.py:925} INFO - DAG(s) 'example_task_group' retrieved from /home/airflow/.local/lib/python3.12/site-packages/airflow/example_dags/example_task_group.py
[2024-12-13T01:28:54.888+0000] {logging_mixin.py:190} INFO - [2024-12-13T01:28:54.888+0000] {dag.py:3239} INFO - Sync 1 DAGs
[2024-12-13T01:28:54.901+0000] {logging_mixin.py:190} INFO - [2024-12-13T01:28:54.900+0000] {dag.py:4180} INFO - Setting next_dagrun for example_task_group to None, run_after=None
[2024-12-13T01:28:54.918+0000] {processor.py:208} INFO - Processing /home/airflow/.local/lib/python3.12/site-packages/airflow/example_dags/example_task_group.py took 0.065 seconds
[2024-12-13T01:29:27.603+0000] {processor.py:186} INFO - Started process (PID=72067) to work on /home/airflow/.local/lib/python3.12/site-packages/airflow/example_dags/example_task_group.py
[2024-12-13T01:29:27.604+0000] {processor.py:914} INFO - Processing file /home/airflow/.local/lib/python3.12/site-packages/airflow/example_dags/example_task_group.py for tasks to queue
[2024-12-13T01:29:27.606+0000] {logging_mixin.py:190} INFO - [2024-12-13T01:29:27.605+0000] {dagbag.py:588} INFO - Filling up the DagBag from /home/airflow/.local/lib/python3.12/site-packages/airflow/example_dags/example_task_group.py
[2024-12-13T01:29:27.613+0000] {processor.py:925} INFO - DAG(s) 'example_task_group' retrieved from /home/airflow/.local/lib/python3.12/site-packages/airflow/example_dags/example_task_group.py
[2024-12-13T01:29:27.632+0000] {logging_mixin.py:190} INFO - [2024-12-13T01:29:27.632+0000] {dag.py:3239} INFO - Sync 1 DAGs
[2024-12-13T01:29:27.652+0000] {logging_mixin.py:190} INFO - [2024-12-13T01:29:27.652+0000] {dag.py:4180} INFO - Setting next_dagrun for example_task_group to None, run_after=None
[2024-12-13T01:29:27.671+0000] {processor.py:208} INFO - Processing /home/airflow/.local/lib/python3.12/site-packages/airflow/example_dags/example_task_group.py took 0.073 seconds
[2024-12-13T01:30:01.473+0000] {processor.py:186} INFO - Started process (PID=72132) to work on /home/airflow/.local/lib/python3.12/site-packages/airflow/example_dags/example_task_group.py
[2024-12-13T01:30:01.474+0000] {processor.py:914} INFO - Processing file /home/airflow/.local/lib/python3.12/site-packages/airflow/example_dags/example_task_group.py for tasks to queue
[2024-12-13T01:30:01.476+0000] {logging_mixin.py:190} INFO - [2024-12-13T01:30:01.475+0000] {dagbag.py:588} INFO - Filling up the DagBag from /home/airflow/.local/lib/python3.12/site-packages/airflow/example_dags/example_task_group.py
[2024-12-13T01:30:01.484+0000] {processor.py:925} INFO - DAG(s) 'example_task_group' retrieved from /home/airflow/.local/lib/python3.12/site-packages/airflow/example_dags/example_task_group.py
[2024-12-13T01:30:01.506+0000] {logging_mixin.py:190} INFO - [2024-12-13T01:30:01.506+0000] {dag.py:3239} INFO - Sync 1 DAGs
[2024-12-13T01:30:01.522+0000] {logging_mixin.py:190} INFO - [2024-12-13T01:30:01.522+0000] {dag.py:4180} INFO - Setting next_dagrun for example_task_group to None, run_after=None
[2024-12-13T01:30:01.539+0000] {processor.py:208} INFO - Processing /home/airflow/.local/lib/python3.12/site-packages/airflow/example_dags/example_task_group.py took 0.072 seconds
[2024-12-13T01:30:34.277+0000] {processor.py:186} INFO - Started process (PID=72197) to work on /home/airflow/.local/lib/python3.12/site-packages/airflow/example_dags/example_task_group.py
[2024-12-13T01:30:34.278+0000] {processor.py:914} INFO - Processing file /home/airflow/.local/lib/python3.12/site-packages/airflow/example_dags/example_task_group.py for tasks to queue
[2024-12-13T01:30:34.280+0000] {logging_mixin.py:190} INFO - [2024-12-13T01:30:34.279+0000] {dagbag.py:588} INFO - Filling up the DagBag from /home/airflow/.local/lib/python3.12/site-packages/airflow/example_dags/example_task_group.py
[2024-12-13T01:30:34.287+0000] {processor.py:925} INFO - DAG(s) 'example_task_group' retrieved from /home/airflow/.local/lib/python3.12/site-packages/airflow/example_dags/example_task_group.py
[2024-12-13T01:30:34.306+0000] {logging_mixin.py:190} INFO - [2024-12-13T01:30:34.305+0000] {dag.py:3239} INFO - Sync 1 DAGs
[2024-12-13T01:30:34.318+0000] {logging_mixin.py:190} INFO - [2024-12-13T01:30:34.318+0000] {dag.py:4180} INFO - Setting next_dagrun for example_task_group to None, run_after=None
[2024-12-13T01:30:34.333+0000] {processor.py:208} INFO - Processing /home/airflow/.local/lib/python3.12/site-packages/airflow/example_dags/example_task_group.py took 0.061 seconds
[2024-12-13T01:31:08.354+0000] {processor.py:186} INFO - Started process (PID=72262) to work on /home/airflow/.local/lib/python3.12/site-packages/airflow/example_dags/example_task_group.py
[2024-12-13T01:31:08.355+0000] {processor.py:914} INFO - Processing file /home/airflow/.local/lib/python3.12/site-packages/airflow/example_dags/example_task_group.py for tasks to queue
[2024-12-13T01:31:08.357+0000] {logging_mixin.py:190} INFO - [2024-12-13T01:31:08.357+0000] {dagbag.py:588} INFO - Filling up the DagBag from /home/airflow/.local/lib/python3.12/site-packages/airflow/example_dags/example_task_group.py
[2024-12-13T01:31:08.365+0000] {processor.py:925} INFO - DAG(s) 'example_task_group' retrieved from /home/airflow/.local/lib/python3.12/site-packages/airflow/example_dags/example_task_group.py
[2024-12-13T01:31:08.385+0000] {logging_mixin.py:190} INFO - [2024-12-13T01:31:08.385+0000] {dag.py:3239} INFO - Sync 1 DAGs
[2024-12-13T01:31:08.398+0000] {logging_mixin.py:190} INFO - [2024-12-13T01:31:08.397+0000] {dag.py:4180} INFO - Setting next_dagrun for example_task_group to None, run_after=None
[2024-12-13T01:31:08.413+0000] {processor.py:208} INFO - Processing /home/airflow/.local/lib/python3.12/site-packages/airflow/example_dags/example_task_group.py took 0.064 seconds
[2024-12-13T01:31:41.550+0000] {processor.py:186} INFO - Started process (PID=72328) to work on /home/airflow/.local/lib/python3.12/site-packages/airflow/example_dags/example_task_group.py
[2024-12-13T01:31:41.551+0000] {processor.py:914} INFO - Processing file /home/airflow/.local/lib/python3.12/site-packages/airflow/example_dags/example_task_group.py for tasks to queue
[2024-12-13T01:31:41.553+0000] {logging_mixin.py:190} INFO - [2024-12-13T01:31:41.553+0000] {dagbag.py:588} INFO - Filling up the DagBag from /home/airflow/.local/lib/python3.12/site-packages/airflow/example_dags/example_task_group.py
[2024-12-13T01:31:41.562+0000] {processor.py:925} INFO - DAG(s) 'example_task_group' retrieved from /home/airflow/.local/lib/python3.12/site-packages/airflow/example_dags/example_task_group.py
[2024-12-13T01:31:41.583+0000] {logging_mixin.py:190} INFO - [2024-12-13T01:31:41.583+0000] {dag.py:3239} INFO - Sync 1 DAGs
[2024-12-13T01:31:41.596+0000] {logging_mixin.py:190} INFO - [2024-12-13T01:31:41.596+0000] {dag.py:4180} INFO - Setting next_dagrun for example_task_group to None, run_after=None
[2024-12-13T01:31:41.613+0000] {processor.py:208} INFO - Processing /home/airflow/.local/lib/python3.12/site-packages/airflow/example_dags/example_task_group.py took 0.068 seconds
[2024-12-13T01:32:14.555+0000] {processor.py:186} INFO - Started process (PID=72394) to work on /home/airflow/.local/lib/python3.12/site-packages/airflow/example_dags/example_task_group.py
[2024-12-13T01:32:14.556+0000] {processor.py:914} INFO - Processing file /home/airflow/.local/lib/python3.12/site-packages/airflow/example_dags/example_task_group.py for tasks to queue
[2024-12-13T01:32:14.558+0000] {logging_mixin.py:190} INFO - [2024-12-13T01:32:14.558+0000] {dagbag.py:588} INFO - Filling up the DagBag from /home/airflow/.local/lib/python3.12/site-packages/airflow/example_dags/example_task_group.py
[2024-12-13T01:32:14.566+0000] {processor.py:925} INFO - DAG(s) 'example_task_group' retrieved from /home/airflow/.local/lib/python3.12/site-packages/airflow/example_dags/example_task_group.py
[2024-12-13T01:32:14.587+0000] {logging_mixin.py:190} INFO - [2024-12-13T01:32:14.587+0000] {dag.py:3239} INFO - Sync 1 DAGs
[2024-12-13T01:32:14.600+0000] {logging_mixin.py:190} INFO - [2024-12-13T01:32:14.600+0000] {dag.py:4180} INFO - Setting next_dagrun for example_task_group to None, run_after=None
[2024-12-13T01:32:14.618+0000] {processor.py:208} INFO - Processing /home/airflow/.local/lib/python3.12/site-packages/airflow/example_dags/example_task_group.py took 0.068 seconds
[2024-12-13T01:32:49.439+0000] {processor.py:186} INFO - Started process (PID=72471) to work on /home/airflow/.local/lib/python3.12/site-packages/airflow/example_dags/example_task_group.py
[2024-12-13T01:32:49.440+0000] {processor.py:914} INFO - Processing file /home/airflow/.local/lib/python3.12/site-packages/airflow/example_dags/example_task_group.py for tasks to queue
[2024-12-13T01:32:49.442+0000] {logging_mixin.py:190} INFO - [2024-12-13T01:32:49.441+0000] {dagbag.py:588} INFO - Filling up the DagBag from /home/airflow/.local/lib/python3.12/site-packages/airflow/example_dags/example_task_group.py
[2024-12-13T01:32:49.452+0000] {processor.py:925} INFO - DAG(s) 'example_task_group' retrieved from /home/airflow/.local/lib/python3.12/site-packages/airflow/example_dags/example_task_group.py
[2024-12-13T01:32:49.477+0000] {logging_mixin.py:190} INFO - [2024-12-13T01:32:49.476+0000] {dag.py:3239} INFO - Sync 1 DAGs
[2024-12-13T01:32:49.493+0000] {logging_mixin.py:190} INFO - [2024-12-13T01:32:49.492+0000] {dag.py:4180} INFO - Setting next_dagrun for example_task_group to None, run_after=None
[2024-12-13T01:32:49.517+0000] {processor.py:208} INFO - Processing /home/airflow/.local/lib/python3.12/site-packages/airflow/example_dags/example_task_group.py took 0.084 seconds
[2024-12-13T01:33:23.717+0000] {processor.py:186} INFO - Started process (PID=72544) to work on /home/airflow/.local/lib/python3.12/site-packages/airflow/example_dags/example_task_group.py
[2024-12-13T01:33:23.718+0000] {processor.py:914} INFO - Processing file /home/airflow/.local/lib/python3.12/site-packages/airflow/example_dags/example_task_group.py for tasks to queue
[2024-12-13T01:33:23.720+0000] {logging_mixin.py:190} INFO - [2024-12-13T01:33:23.719+0000] {dagbag.py:588} INFO - Filling up the DagBag from /home/airflow/.local/lib/python3.12/site-packages/airflow/example_dags/example_task_group.py
[2024-12-13T01:33:23.731+0000] {processor.py:925} INFO - DAG(s) 'example_task_group' retrieved from /home/airflow/.local/lib/python3.12/site-packages/airflow/example_dags/example_task_group.py
[2024-12-13T01:33:23.752+0000] {logging_mixin.py:190} INFO - [2024-12-13T01:33:23.752+0000] {dag.py:3239} INFO - Sync 1 DAGs
[2024-12-13T01:33:23.769+0000] {logging_mixin.py:190} INFO - [2024-12-13T01:33:23.768+0000] {dag.py:4180} INFO - Setting next_dagrun for example_task_group to None, run_after=None
[2024-12-13T01:33:23.787+0000] {processor.py:208} INFO - Processing /home/airflow/.local/lib/python3.12/site-packages/airflow/example_dags/example_task_group.py took 0.076 seconds
[2024-12-13T01:33:57.470+0000] {processor.py:186} INFO - Started process (PID=72609) to work on /home/airflow/.local/lib/python3.12/site-packages/airflow/example_dags/example_task_group.py
[2024-12-13T01:33:57.471+0000] {processor.py:914} INFO - Processing file /home/airflow/.local/lib/python3.12/site-packages/airflow/example_dags/example_task_group.py for tasks to queue
[2024-12-13T01:33:57.473+0000] {logging_mixin.py:190} INFO - [2024-12-13T01:33:57.473+0000] {dagbag.py:588} INFO - Filling up the DagBag from /home/airflow/.local/lib/python3.12/site-packages/airflow/example_dags/example_task_group.py
[2024-12-13T01:33:57.481+0000] {processor.py:925} INFO - DAG(s) 'example_task_group' retrieved from /home/airflow/.local/lib/python3.12/site-packages/airflow/example_dags/example_task_group.py
[2024-12-13T01:33:57.501+0000] {logging_mixin.py:190} INFO - [2024-12-13T01:33:57.501+0000] {dag.py:3239} INFO - Sync 1 DAGs
[2024-12-13T01:33:57.516+0000] {logging_mixin.py:190} INFO - [2024-12-13T01:33:57.516+0000] {dag.py:4180} INFO - Setting next_dagrun for example_task_group to None, run_after=None
[2024-12-13T01:33:57.537+0000] {processor.py:208} INFO - Processing /home/airflow/.local/lib/python3.12/site-packages/airflow/example_dags/example_task_group.py took 0.071 seconds
[2024-12-13T01:34:29.633+0000] {processor.py:186} INFO - Started process (PID=72674) to work on /home/airflow/.local/lib/python3.12/site-packages/airflow/example_dags/example_task_group.py
[2024-12-13T01:34:29.634+0000] {processor.py:914} INFO - Processing file /home/airflow/.local/lib/python3.12/site-packages/airflow/example_dags/example_task_group.py for tasks to queue
[2024-12-13T01:34:29.636+0000] {logging_mixin.py:190} INFO - [2024-12-13T01:34:29.636+0000] {dagbag.py:588} INFO - Filling up the DagBag from /home/airflow/.local/lib/python3.12/site-packages/airflow/example_dags/example_task_group.py
[2024-12-13T01:34:29.648+0000] {processor.py:925} INFO - DAG(s) 'example_task_group' retrieved from /home/airflow/.local/lib/python3.12/site-packages/airflow/example_dags/example_task_group.py
[2024-12-13T01:34:29.672+0000] {logging_mixin.py:190} INFO - [2024-12-13T01:34:29.671+0000] {dag.py:3239} INFO - Sync 1 DAGs
[2024-12-13T01:34:29.691+0000] {logging_mixin.py:190} INFO - [2024-12-13T01:34:29.690+0000] {dag.py:4180} INFO - Setting next_dagrun for example_task_group to None, run_after=None
[2024-12-13T01:34:29.714+0000] {processor.py:208} INFO - Processing /home/airflow/.local/lib/python3.12/site-packages/airflow/example_dags/example_task_group.py took 0.087 seconds
[2024-12-13T01:35:03.749+0000] {processor.py:186} INFO - Started process (PID=72739) to work on /home/airflow/.local/lib/python3.12/site-packages/airflow/example_dags/example_task_group.py
[2024-12-13T01:35:03.750+0000] {processor.py:914} INFO - Processing file /home/airflow/.local/lib/python3.12/site-packages/airflow/example_dags/example_task_group.py for tasks to queue
[2024-12-13T01:35:03.753+0000] {logging_mixin.py:190} INFO - [2024-12-13T01:35:03.752+0000] {dagbag.py:588} INFO - Filling up the DagBag from /home/airflow/.local/lib/python3.12/site-packages/airflow/example_dags/example_task_group.py
[2024-12-13T01:35:03.761+0000] {processor.py:925} INFO - DAG(s) 'example_task_group' retrieved from /home/airflow/.local/lib/python3.12/site-packages/airflow/example_dags/example_task_group.py
[2024-12-13T01:35:03.780+0000] {logging_mixin.py:190} INFO - [2024-12-13T01:35:03.780+0000] {dag.py:3239} INFO - Sync 1 DAGs
[2024-12-13T01:35:03.792+0000] {logging_mixin.py:190} INFO - [2024-12-13T01:35:03.792+0000] {dag.py:4180} INFO - Setting next_dagrun for example_task_group to None, run_after=None
[2024-12-13T01:35:03.809+0000] {processor.py:208} INFO - Processing /home/airflow/.local/lib/python3.12/site-packages/airflow/example_dags/example_task_group.py took 0.064 seconds
[2024-12-13T01:35:37.279+0000] {processor.py:186} INFO - Started process (PID=72804) to work on /home/airflow/.local/lib/python3.12/site-packages/airflow/example_dags/example_task_group.py
[2024-12-13T01:35:37.280+0000] {processor.py:914} INFO - Processing file /home/airflow/.local/lib/python3.12/site-packages/airflow/example_dags/example_task_group.py for tasks to queue
[2024-12-13T01:35:37.282+0000] {logging_mixin.py:190} INFO - [2024-12-13T01:35:37.282+0000] {dagbag.py:588} INFO - Filling up the DagBag from /home/airflow/.local/lib/python3.12/site-packages/airflow/example_dags/example_task_group.py
[2024-12-13T01:35:37.290+0000] {processor.py:925} INFO - DAG(s) 'example_task_group' retrieved from /home/airflow/.local/lib/python3.12/site-packages/airflow/example_dags/example_task_group.py
[2024-12-13T01:35:37.310+0000] {logging_mixin.py:190} INFO - [2024-12-13T01:35:37.310+0000] {dag.py:3239} INFO - Sync 1 DAGs
[2024-12-13T01:35:37.328+0000] {logging_mixin.py:190} INFO - [2024-12-13T01:35:37.327+0000] {dag.py:4180} INFO - Setting next_dagrun for example_task_group to None, run_after=None
[2024-12-13T01:35:37.348+0000] {processor.py:208} INFO - Processing /home/airflow/.local/lib/python3.12/site-packages/airflow/example_dags/example_task_group.py took 0.074 seconds
[2024-12-13T01:36:10.220+0000] {processor.py:186} INFO - Started process (PID=72869) to work on /home/airflow/.local/lib/python3.12/site-packages/airflow/example_dags/example_task_group.py
[2024-12-13T01:36:10.221+0000] {processor.py:914} INFO - Processing file /home/airflow/.local/lib/python3.12/site-packages/airflow/example_dags/example_task_group.py for tasks to queue
[2024-12-13T01:36:10.224+0000] {logging_mixin.py:190} INFO - [2024-12-13T01:36:10.224+0000] {dagbag.py:588} INFO - Filling up the DagBag from /home/airflow/.local/lib/python3.12/site-packages/airflow/example_dags/example_task_group.py
[2024-12-13T01:36:10.235+0000] {processor.py:925} INFO - DAG(s) 'example_task_group' retrieved from /home/airflow/.local/lib/python3.12/site-packages/airflow/example_dags/example_task_group.py
[2024-12-13T01:36:10.255+0000] {logging_mixin.py:190} INFO - [2024-12-13T01:36:10.255+0000] {dag.py:3239} INFO - Sync 1 DAGs
[2024-12-13T01:36:10.268+0000] {logging_mixin.py:190} INFO - [2024-12-13T01:36:10.268+0000] {dag.py:4180} INFO - Setting next_dagrun for example_task_group to None, run_after=None
[2024-12-13T01:36:10.286+0000] {processor.py:208} INFO - Processing /home/airflow/.local/lib/python3.12/site-packages/airflow/example_dags/example_task_group.py took 0.073 seconds
[2024-12-13T01:36:44.672+0000] {processor.py:186} INFO - Started process (PID=72934) to work on /home/airflow/.local/lib/python3.12/site-packages/airflow/example_dags/example_task_group.py
[2024-12-13T01:36:44.673+0000] {processor.py:914} INFO - Processing file /home/airflow/.local/lib/python3.12/site-packages/airflow/example_dags/example_task_group.py for tasks to queue
[2024-12-13T01:36:44.676+0000] {logging_mixin.py:190} INFO - [2024-12-13T01:36:44.675+0000] {dagbag.py:588} INFO - Filling up the DagBag from /home/airflow/.local/lib/python3.12/site-packages/airflow/example_dags/example_task_group.py
[2024-12-13T01:36:44.684+0000] {processor.py:925} INFO - DAG(s) 'example_task_group' retrieved from /home/airflow/.local/lib/python3.12/site-packages/airflow/example_dags/example_task_group.py
[2024-12-13T01:36:44.705+0000] {logging_mixin.py:190} INFO - [2024-12-13T01:36:44.705+0000] {dag.py:3239} INFO - Sync 1 DAGs
[2024-12-13T01:36:44.718+0000] {logging_mixin.py:190} INFO - [2024-12-13T01:36:44.717+0000] {dag.py:4180} INFO - Setting next_dagrun for example_task_group to None, run_after=None
[2024-12-13T01:36:44.734+0000] {processor.py:208} INFO - Processing /home/airflow/.local/lib/python3.12/site-packages/airflow/example_dags/example_task_group.py took 0.067 seconds
