[2024-12-13T00:54:57.283+0000] {processor.py:186} INFO - Started process (PID=67983) to work on /home/airflow/.local/lib/python3.12/site-packages/airflow/example_dags/tutorial_dag.py
[2024-12-13T00:54:57.283+0000] {processor.py:914} INFO - Processing file /home/airflow/.local/lib/python3.12/site-packages/airflow/example_dags/tutorial_dag.py for tasks to queue
[2024-12-13T00:54:57.285+0000] {logging_mixin.py:190} INFO - [2024-12-13T00:54:57.285+0000] {dagbag.py:588} INFO - Filling up the DagBag from /home/airflow/.local/lib/python3.12/site-packages/airflow/example_dags/tutorial_dag.py
[2024-12-13T00:54:57.292+0000] {processor.py:925} INFO - DAG(s) 'tutorial_dag' retrieved from /home/airflow/.local/lib/python3.12/site-packages/airflow/example_dags/tutorial_dag.py
[2024-12-13T00:54:57.310+0000] {logging_mixin.py:190} INFO - [2024-12-13T00:54:57.310+0000] {dag.py:3239} INFO - Sync 1 DAGs
[2024-12-13T00:54:57.323+0000] {logging_mixin.py:190} INFO - [2024-12-13T00:54:57.323+0000] {dag.py:4180} INFO - Setting next_dagrun for tutorial_dag to None, run_after=None
[2024-12-13T00:54:57.338+0000] {processor.py:208} INFO - Processing /home/airflow/.local/lib/python3.12/site-packages/airflow/example_dags/tutorial_dag.py took 0.060 seconds
[2024-12-13T00:55:28.824+0000] {processor.py:186} INFO - Started process (PID=68049) to work on /home/airflow/.local/lib/python3.12/site-packages/airflow/example_dags/tutorial_dag.py
[2024-12-13T00:55:28.824+0000] {processor.py:914} INFO - Processing file /home/airflow/.local/lib/python3.12/site-packages/airflow/example_dags/tutorial_dag.py for tasks to queue
[2024-12-13T00:55:28.826+0000] {logging_mixin.py:190} INFO - [2024-12-13T00:55:28.826+0000] {dagbag.py:588} INFO - Filling up the DagBag from /home/airflow/.local/lib/python3.12/site-packages/airflow/example_dags/tutorial_dag.py
[2024-12-13T00:55:28.833+0000] {processor.py:925} INFO - DAG(s) 'tutorial_dag' retrieved from /home/airflow/.local/lib/python3.12/site-packages/airflow/example_dags/tutorial_dag.py
[2024-12-13T00:55:28.850+0000] {logging_mixin.py:190} INFO - [2024-12-13T00:55:28.850+0000] {dag.py:3239} INFO - Sync 1 DAGs
[2024-12-13T00:55:28.863+0000] {logging_mixin.py:190} INFO - [2024-12-13T00:55:28.862+0000] {dag.py:4180} INFO - Setting next_dagrun for tutorial_dag to None, run_after=None
[2024-12-13T00:55:28.879+0000] {processor.py:208} INFO - Processing /home/airflow/.local/lib/python3.12/site-packages/airflow/example_dags/tutorial_dag.py took 0.061 seconds
[2024-12-13T00:55:59.505+0000] {processor.py:186} INFO - Started process (PID=68114) to work on /home/airflow/.local/lib/python3.12/site-packages/airflow/example_dags/tutorial_dag.py
[2024-12-13T00:55:59.505+0000] {processor.py:914} INFO - Processing file /home/airflow/.local/lib/python3.12/site-packages/airflow/example_dags/tutorial_dag.py for tasks to queue
[2024-12-13T00:55:59.507+0000] {logging_mixin.py:190} INFO - [2024-12-13T00:55:59.507+0000] {dagbag.py:588} INFO - Filling up the DagBag from /home/airflow/.local/lib/python3.12/site-packages/airflow/example_dags/tutorial_dag.py
[2024-12-13T00:55:59.513+0000] {processor.py:925} INFO - DAG(s) 'tutorial_dag' retrieved from /home/airflow/.local/lib/python3.12/site-packages/airflow/example_dags/tutorial_dag.py
[2024-12-13T00:55:59.532+0000] {logging_mixin.py:190} INFO - [2024-12-13T00:55:59.532+0000] {dag.py:3239} INFO - Sync 1 DAGs
[2024-12-13T00:55:59.544+0000] {logging_mixin.py:190} INFO - [2024-12-13T00:55:59.543+0000] {dag.py:4180} INFO - Setting next_dagrun for tutorial_dag to None, run_after=None
[2024-12-13T00:55:59.563+0000] {processor.py:208} INFO - Processing /home/airflow/.local/lib/python3.12/site-packages/airflow/example_dags/tutorial_dag.py took 0.063 seconds
[2024-12-13T00:56:30.246+0000] {processor.py:186} INFO - Started process (PID=68173) to work on /home/airflow/.local/lib/python3.12/site-packages/airflow/example_dags/tutorial_dag.py
[2024-12-13T00:56:30.247+0000] {processor.py:914} INFO - Processing file /home/airflow/.local/lib/python3.12/site-packages/airflow/example_dags/tutorial_dag.py for tasks to queue
[2024-12-13T00:56:30.249+0000] {logging_mixin.py:190} INFO - [2024-12-13T00:56:30.249+0000] {dagbag.py:588} INFO - Filling up the DagBag from /home/airflow/.local/lib/python3.12/site-packages/airflow/example_dags/tutorial_dag.py
[2024-12-13T00:56:30.255+0000] {processor.py:925} INFO - DAG(s) 'tutorial_dag' retrieved from /home/airflow/.local/lib/python3.12/site-packages/airflow/example_dags/tutorial_dag.py
[2024-12-13T00:56:30.272+0000] {logging_mixin.py:190} INFO - [2024-12-13T00:56:30.272+0000] {dag.py:3239} INFO - Sync 1 DAGs
[2024-12-13T00:56:30.284+0000] {logging_mixin.py:190} INFO - [2024-12-13T00:56:30.284+0000] {dag.py:4180} INFO - Setting next_dagrun for tutorial_dag to None, run_after=None
[2024-12-13T00:56:30.299+0000] {processor.py:208} INFO - Processing /home/airflow/.local/lib/python3.12/site-packages/airflow/example_dags/tutorial_dag.py took 0.057 seconds
[2024-12-13T00:57:01.369+0000] {processor.py:186} INFO - Started process (PID=68238) to work on /home/airflow/.local/lib/python3.12/site-packages/airflow/example_dags/tutorial_dag.py
[2024-12-13T00:57:01.370+0000] {processor.py:914} INFO - Processing file /home/airflow/.local/lib/python3.12/site-packages/airflow/example_dags/tutorial_dag.py for tasks to queue
[2024-12-13T00:57:01.373+0000] {logging_mixin.py:190} INFO - [2024-12-13T00:57:01.372+0000] {dagbag.py:588} INFO - Filling up the DagBag from /home/airflow/.local/lib/python3.12/site-packages/airflow/example_dags/tutorial_dag.py
[2024-12-13T00:57:01.379+0000] {processor.py:925} INFO - DAG(s) 'tutorial_dag' retrieved from /home/airflow/.local/lib/python3.12/site-packages/airflow/example_dags/tutorial_dag.py
[2024-12-13T00:57:01.396+0000] {logging_mixin.py:190} INFO - [2024-12-13T00:57:01.396+0000] {dag.py:3239} INFO - Sync 1 DAGs
[2024-12-13T00:57:01.409+0000] {logging_mixin.py:190} INFO - [2024-12-13T00:57:01.409+0000] {dag.py:4180} INFO - Setting next_dagrun for tutorial_dag to None, run_after=None
[2024-12-13T00:57:01.425+0000] {processor.py:208} INFO - Processing /home/airflow/.local/lib/python3.12/site-packages/airflow/example_dags/tutorial_dag.py took 0.061 seconds
[2024-12-13T00:57:32.599+0000] {processor.py:186} INFO - Started process (PID=68303) to work on /home/airflow/.local/lib/python3.12/site-packages/airflow/example_dags/tutorial_dag.py
[2024-12-13T00:57:32.599+0000] {processor.py:914} INFO - Processing file /home/airflow/.local/lib/python3.12/site-packages/airflow/example_dags/tutorial_dag.py for tasks to queue
[2024-12-13T00:57:32.602+0000] {logging_mixin.py:190} INFO - [2024-12-13T00:57:32.602+0000] {dagbag.py:588} INFO - Filling up the DagBag from /home/airflow/.local/lib/python3.12/site-packages/airflow/example_dags/tutorial_dag.py
[2024-12-13T00:57:32.610+0000] {processor.py:925} INFO - DAG(s) 'tutorial_dag' retrieved from /home/airflow/.local/lib/python3.12/site-packages/airflow/example_dags/tutorial_dag.py
[2024-12-13T00:57:32.628+0000] {logging_mixin.py:190} INFO - [2024-12-13T00:57:32.628+0000] {dag.py:3239} INFO - Sync 1 DAGs
[2024-12-13T00:57:32.642+0000] {logging_mixin.py:190} INFO - [2024-12-13T00:57:32.641+0000] {dag.py:4180} INFO - Setting next_dagrun for tutorial_dag to None, run_after=None
[2024-12-13T00:57:32.658+0000] {processor.py:208} INFO - Processing /home/airflow/.local/lib/python3.12/site-packages/airflow/example_dags/tutorial_dag.py took 0.065 seconds
[2024-12-13T00:58:03.420+0000] {processor.py:186} INFO - Started process (PID=68368) to work on /home/airflow/.local/lib/python3.12/site-packages/airflow/example_dags/tutorial_dag.py
[2024-12-13T00:58:03.421+0000] {processor.py:914} INFO - Processing file /home/airflow/.local/lib/python3.12/site-packages/airflow/example_dags/tutorial_dag.py for tasks to queue
[2024-12-13T00:58:03.423+0000] {logging_mixin.py:190} INFO - [2024-12-13T00:58:03.423+0000] {dagbag.py:588} INFO - Filling up the DagBag from /home/airflow/.local/lib/python3.12/site-packages/airflow/example_dags/tutorial_dag.py
[2024-12-13T00:58:03.431+0000] {processor.py:925} INFO - DAG(s) 'tutorial_dag' retrieved from /home/airflow/.local/lib/python3.12/site-packages/airflow/example_dags/tutorial_dag.py
[2024-12-13T00:58:03.450+0000] {logging_mixin.py:190} INFO - [2024-12-13T00:58:03.449+0000] {dag.py:3239} INFO - Sync 1 DAGs
[2024-12-13T00:58:03.465+0000] {logging_mixin.py:190} INFO - [2024-12-13T00:58:03.465+0000] {dag.py:4180} INFO - Setting next_dagrun for tutorial_dag to None, run_after=None
[2024-12-13T00:58:03.484+0000] {processor.py:208} INFO - Processing /home/airflow/.local/lib/python3.12/site-packages/airflow/example_dags/tutorial_dag.py took 0.069 seconds
[2024-12-13T00:58:34.121+0000] {processor.py:186} INFO - Started process (PID=68433) to work on /home/airflow/.local/lib/python3.12/site-packages/airflow/example_dags/tutorial_dag.py
[2024-12-13T00:58:34.121+0000] {processor.py:914} INFO - Processing file /home/airflow/.local/lib/python3.12/site-packages/airflow/example_dags/tutorial_dag.py for tasks to queue
[2024-12-13T00:58:34.123+0000] {logging_mixin.py:190} INFO - [2024-12-13T00:58:34.123+0000] {dagbag.py:588} INFO - Filling up the DagBag from /home/airflow/.local/lib/python3.12/site-packages/airflow/example_dags/tutorial_dag.py
[2024-12-13T00:58:34.130+0000] {processor.py:925} INFO - DAG(s) 'tutorial_dag' retrieved from /home/airflow/.local/lib/python3.12/site-packages/airflow/example_dags/tutorial_dag.py
[2024-12-13T00:58:34.148+0000] {logging_mixin.py:190} INFO - [2024-12-13T00:58:34.147+0000] {dag.py:3239} INFO - Sync 1 DAGs
[2024-12-13T00:58:34.160+0000] {logging_mixin.py:190} INFO - [2024-12-13T00:58:34.160+0000] {dag.py:4180} INFO - Setting next_dagrun for tutorial_dag to None, run_after=None
[2024-12-13T00:58:34.177+0000] {processor.py:208} INFO - Processing /home/airflow/.local/lib/python3.12/site-packages/airflow/example_dags/tutorial_dag.py took 0.061 seconds
[2024-12-13T00:59:04.515+0000] {processor.py:186} INFO - Started process (PID=68498) to work on /home/airflow/.local/lib/python3.12/site-packages/airflow/example_dags/tutorial_dag.py
[2024-12-13T00:59:04.516+0000] {processor.py:914} INFO - Processing file /home/airflow/.local/lib/python3.12/site-packages/airflow/example_dags/tutorial_dag.py for tasks to queue
[2024-12-13T00:59:04.518+0000] {logging_mixin.py:190} INFO - [2024-12-13T00:59:04.518+0000] {dagbag.py:588} INFO - Filling up the DagBag from /home/airflow/.local/lib/python3.12/site-packages/airflow/example_dags/tutorial_dag.py
[2024-12-13T00:59:04.527+0000] {processor.py:925} INFO - DAG(s) 'tutorial_dag' retrieved from /home/airflow/.local/lib/python3.12/site-packages/airflow/example_dags/tutorial_dag.py
[2024-12-13T00:59:04.546+0000] {logging_mixin.py:190} INFO - [2024-12-13T00:59:04.545+0000] {dag.py:3239} INFO - Sync 1 DAGs
[2024-12-13T00:59:04.559+0000] {logging_mixin.py:190} INFO - [2024-12-13T00:59:04.558+0000] {dag.py:4180} INFO - Setting next_dagrun for tutorial_dag to None, run_after=None
[2024-12-13T00:59:04.576+0000] {processor.py:208} INFO - Processing /home/airflow/.local/lib/python3.12/site-packages/airflow/example_dags/tutorial_dag.py took 0.066 seconds
[2024-12-13T00:59:34.747+0000] {processor.py:186} INFO - Started process (PID=68562) to work on /home/airflow/.local/lib/python3.12/site-packages/airflow/example_dags/tutorial_dag.py
[2024-12-13T00:59:34.748+0000] {processor.py:914} INFO - Processing file /home/airflow/.local/lib/python3.12/site-packages/airflow/example_dags/tutorial_dag.py for tasks to queue
[2024-12-13T00:59:34.750+0000] {logging_mixin.py:190} INFO - [2024-12-13T00:59:34.750+0000] {dagbag.py:588} INFO - Filling up the DagBag from /home/airflow/.local/lib/python3.12/site-packages/airflow/example_dags/tutorial_dag.py
[2024-12-13T00:59:34.757+0000] {processor.py:925} INFO - DAG(s) 'tutorial_dag' retrieved from /home/airflow/.local/lib/python3.12/site-packages/airflow/example_dags/tutorial_dag.py
[2024-12-13T00:59:34.775+0000] {logging_mixin.py:190} INFO - [2024-12-13T00:59:34.774+0000] {dag.py:3239} INFO - Sync 1 DAGs
[2024-12-13T00:59:34.787+0000] {logging_mixin.py:190} INFO - [2024-12-13T00:59:34.787+0000] {dag.py:4180} INFO - Setting next_dagrun for tutorial_dag to None, run_after=None
[2024-12-13T00:59:34.803+0000] {processor.py:208} INFO - Processing /home/airflow/.local/lib/python3.12/site-packages/airflow/example_dags/tutorial_dag.py took 0.062 seconds
[2024-12-13T01:00:05.884+0000] {processor.py:186} INFO - Started process (PID=68627) to work on /home/airflow/.local/lib/python3.12/site-packages/airflow/example_dags/tutorial_dag.py
[2024-12-13T01:00:05.885+0000] {processor.py:914} INFO - Processing file /home/airflow/.local/lib/python3.12/site-packages/airflow/example_dags/tutorial_dag.py for tasks to queue
[2024-12-13T01:00:05.887+0000] {logging_mixin.py:190} INFO - [2024-12-13T01:00:05.887+0000] {dagbag.py:588} INFO - Filling up the DagBag from /home/airflow/.local/lib/python3.12/site-packages/airflow/example_dags/tutorial_dag.py
[2024-12-13T01:00:05.894+0000] {processor.py:925} INFO - DAG(s) 'tutorial_dag' retrieved from /home/airflow/.local/lib/python3.12/site-packages/airflow/example_dags/tutorial_dag.py
[2024-12-13T01:00:05.912+0000] {logging_mixin.py:190} INFO - [2024-12-13T01:00:05.912+0000] {dag.py:3239} INFO - Sync 1 DAGs
[2024-12-13T01:00:05.925+0000] {logging_mixin.py:190} INFO - [2024-12-13T01:00:05.925+0000] {dag.py:4180} INFO - Setting next_dagrun for tutorial_dag to None, run_after=None
[2024-12-13T01:00:05.942+0000] {processor.py:208} INFO - Processing /home/airflow/.local/lib/python3.12/site-packages/airflow/example_dags/tutorial_dag.py took 0.063 seconds
[2024-12-13T01:00:38.593+0000] {processor.py:186} INFO - Started process (PID=68693) to work on /home/airflow/.local/lib/python3.12/site-packages/airflow/example_dags/tutorial_dag.py
[2024-12-13T01:00:38.593+0000] {processor.py:914} INFO - Processing file /home/airflow/.local/lib/python3.12/site-packages/airflow/example_dags/tutorial_dag.py for tasks to queue
[2024-12-13T01:00:38.595+0000] {logging_mixin.py:190} INFO - [2024-12-13T01:00:38.595+0000] {dagbag.py:588} INFO - Filling up the DagBag from /home/airflow/.local/lib/python3.12/site-packages/airflow/example_dags/tutorial_dag.py
[2024-12-13T01:00:38.602+0000] {processor.py:925} INFO - DAG(s) 'tutorial_dag' retrieved from /home/airflow/.local/lib/python3.12/site-packages/airflow/example_dags/tutorial_dag.py
[2024-12-13T01:00:38.619+0000] {logging_mixin.py:190} INFO - [2024-12-13T01:00:38.619+0000] {dag.py:3239} INFO - Sync 1 DAGs
[2024-12-13T01:00:38.631+0000] {logging_mixin.py:190} INFO - [2024-12-13T01:00:38.630+0000] {dag.py:4180} INFO - Setting next_dagrun for tutorial_dag to None, run_after=None
[2024-12-13T01:00:38.646+0000] {processor.py:208} INFO - Processing /home/airflow/.local/lib/python3.12/site-packages/airflow/example_dags/tutorial_dag.py took 0.059 seconds
[2024-12-13T01:01:14.975+0000] {processor.py:186} INFO - Started process (PID=68759) to work on /home/airflow/.local/lib/python3.12/site-packages/airflow/example_dags/tutorial_dag.py
[2024-12-13T01:01:14.976+0000] {processor.py:914} INFO - Processing file /home/airflow/.local/lib/python3.12/site-packages/airflow/example_dags/tutorial_dag.py for tasks to queue
[2024-12-13T01:01:14.980+0000] {logging_mixin.py:190} INFO - [2024-12-13T01:01:14.979+0000] {dagbag.py:588} INFO - Filling up the DagBag from /home/airflow/.local/lib/python3.12/site-packages/airflow/example_dags/tutorial_dag.py
[2024-12-13T01:01:14.988+0000] {processor.py:925} INFO - DAG(s) 'tutorial_dag' retrieved from /home/airflow/.local/lib/python3.12/site-packages/airflow/example_dags/tutorial_dag.py
[2024-12-13T01:01:15.010+0000] {logging_mixin.py:190} INFO - [2024-12-13T01:01:15.010+0000] {dag.py:3239} INFO - Sync 1 DAGs
[2024-12-13T01:01:15.029+0000] {logging_mixin.py:190} INFO - [2024-12-13T01:01:15.029+0000] {dag.py:4180} INFO - Setting next_dagrun for tutorial_dag to None, run_after=None
[2024-12-13T01:01:15.050+0000] {processor.py:208} INFO - Processing /home/airflow/.local/lib/python3.12/site-packages/airflow/example_dags/tutorial_dag.py took 0.085 seconds
[2024-12-13T01:01:45.838+0000] {processor.py:186} INFO - Started process (PID=68824) to work on /home/airflow/.local/lib/python3.12/site-packages/airflow/example_dags/tutorial_dag.py
[2024-12-13T01:01:45.839+0000] {processor.py:914} INFO - Processing file /home/airflow/.local/lib/python3.12/site-packages/airflow/example_dags/tutorial_dag.py for tasks to queue
[2024-12-13T01:01:45.843+0000] {logging_mixin.py:190} INFO - [2024-12-13T01:01:45.842+0000] {dagbag.py:588} INFO - Filling up the DagBag from /home/airflow/.local/lib/python3.12/site-packages/airflow/example_dags/tutorial_dag.py
[2024-12-13T01:01:45.851+0000] {processor.py:925} INFO - DAG(s) 'tutorial_dag' retrieved from /home/airflow/.local/lib/python3.12/site-packages/airflow/example_dags/tutorial_dag.py
[2024-12-13T01:01:45.872+0000] {logging_mixin.py:190} INFO - [2024-12-13T01:01:45.871+0000] {dag.py:3239} INFO - Sync 1 DAGs
[2024-12-13T01:01:45.885+0000] {logging_mixin.py:190} INFO - [2024-12-13T01:01:45.885+0000] {dag.py:4180} INFO - Setting next_dagrun for tutorial_dag to None, run_after=None
[2024-12-13T01:01:45.906+0000] {processor.py:208} INFO - Processing /home/airflow/.local/lib/python3.12/site-packages/airflow/example_dags/tutorial_dag.py took 0.073 seconds
[2024-12-13T01:02:18.801+0000] {processor.py:186} INFO - Started process (PID=68889) to work on /home/airflow/.local/lib/python3.12/site-packages/airflow/example_dags/tutorial_dag.py
[2024-12-13T01:02:18.802+0000] {processor.py:914} INFO - Processing file /home/airflow/.local/lib/python3.12/site-packages/airflow/example_dags/tutorial_dag.py for tasks to queue
[2024-12-13T01:02:18.804+0000] {logging_mixin.py:190} INFO - [2024-12-13T01:02:18.804+0000] {dagbag.py:588} INFO - Filling up the DagBag from /home/airflow/.local/lib/python3.12/site-packages/airflow/example_dags/tutorial_dag.py
[2024-12-13T01:02:18.811+0000] {processor.py:925} INFO - DAG(s) 'tutorial_dag' retrieved from /home/airflow/.local/lib/python3.12/site-packages/airflow/example_dags/tutorial_dag.py
[2024-12-13T01:02:18.830+0000] {logging_mixin.py:190} INFO - [2024-12-13T01:02:18.830+0000] {dag.py:3239} INFO - Sync 1 DAGs
[2024-12-13T01:02:18.842+0000] {logging_mixin.py:190} INFO - [2024-12-13T01:02:18.842+0000] {dag.py:4180} INFO - Setting next_dagrun for tutorial_dag to None, run_after=None
[2024-12-13T01:02:18.860+0000] {processor.py:208} INFO - Processing /home/airflow/.local/lib/python3.12/site-packages/airflow/example_dags/tutorial_dag.py took 0.065 seconds
[2024-12-13T01:02:52.381+0000] {processor.py:186} INFO - Started process (PID=68954) to work on /home/airflow/.local/lib/python3.12/site-packages/airflow/example_dags/tutorial_dag.py
[2024-12-13T01:02:52.382+0000] {processor.py:914} INFO - Processing file /home/airflow/.local/lib/python3.12/site-packages/airflow/example_dags/tutorial_dag.py for tasks to queue
[2024-12-13T01:02:52.385+0000] {logging_mixin.py:190} INFO - [2024-12-13T01:02:52.384+0000] {dagbag.py:588} INFO - Filling up the DagBag from /home/airflow/.local/lib/python3.12/site-packages/airflow/example_dags/tutorial_dag.py
[2024-12-13T01:02:52.393+0000] {processor.py:925} INFO - DAG(s) 'tutorial_dag' retrieved from /home/airflow/.local/lib/python3.12/site-packages/airflow/example_dags/tutorial_dag.py
[2024-12-13T01:02:52.413+0000] {logging_mixin.py:190} INFO - [2024-12-13T01:02:52.412+0000] {dag.py:3239} INFO - Sync 1 DAGs
[2024-12-13T01:02:52.427+0000] {logging_mixin.py:190} INFO - [2024-12-13T01:02:52.426+0000] {dag.py:4180} INFO - Setting next_dagrun for tutorial_dag to None, run_after=None
[2024-12-13T01:02:52.446+0000] {processor.py:208} INFO - Processing /home/airflow/.local/lib/python3.12/site-packages/airflow/example_dags/tutorial_dag.py took 0.071 seconds
[2024-12-13T01:03:24.989+0000] {processor.py:186} INFO - Started process (PID=69019) to work on /home/airflow/.local/lib/python3.12/site-packages/airflow/example_dags/tutorial_dag.py
[2024-12-13T01:03:24.990+0000] {processor.py:914} INFO - Processing file /home/airflow/.local/lib/python3.12/site-packages/airflow/example_dags/tutorial_dag.py for tasks to queue
[2024-12-13T01:03:24.992+0000] {logging_mixin.py:190} INFO - [2024-12-13T01:03:24.992+0000] {dagbag.py:588} INFO - Filling up the DagBag from /home/airflow/.local/lib/python3.12/site-packages/airflow/example_dags/tutorial_dag.py
[2024-12-13T01:03:25.000+0000] {processor.py:925} INFO - DAG(s) 'tutorial_dag' retrieved from /home/airflow/.local/lib/python3.12/site-packages/airflow/example_dags/tutorial_dag.py
[2024-12-13T01:03:25.020+0000] {logging_mixin.py:190} INFO - [2024-12-13T01:03:25.020+0000] {dag.py:3239} INFO - Sync 1 DAGs
[2024-12-13T01:03:25.033+0000] {logging_mixin.py:190} INFO - [2024-12-13T01:03:25.032+0000] {dag.py:4180} INFO - Setting next_dagrun for tutorial_dag to None, run_after=None
[2024-12-13T01:03:25.049+0000] {processor.py:208} INFO - Processing /home/airflow/.local/lib/python3.12/site-packages/airflow/example_dags/tutorial_dag.py took 0.065 seconds
[2024-12-13T01:03:58.062+0000] {processor.py:186} INFO - Started process (PID=69084) to work on /home/airflow/.local/lib/python3.12/site-packages/airflow/example_dags/tutorial_dag.py
[2024-12-13T01:03:58.063+0000] {processor.py:914} INFO - Processing file /home/airflow/.local/lib/python3.12/site-packages/airflow/example_dags/tutorial_dag.py for tasks to queue
[2024-12-13T01:03:58.065+0000] {logging_mixin.py:190} INFO - [2024-12-13T01:03:58.065+0000] {dagbag.py:588} INFO - Filling up the DagBag from /home/airflow/.local/lib/python3.12/site-packages/airflow/example_dags/tutorial_dag.py
[2024-12-13T01:03:58.072+0000] {processor.py:925} INFO - DAG(s) 'tutorial_dag' retrieved from /home/airflow/.local/lib/python3.12/site-packages/airflow/example_dags/tutorial_dag.py
[2024-12-13T01:03:58.092+0000] {logging_mixin.py:190} INFO - [2024-12-13T01:03:58.092+0000] {dag.py:3239} INFO - Sync 1 DAGs
[2024-12-13T01:03:58.106+0000] {logging_mixin.py:190} INFO - [2024-12-13T01:03:58.106+0000] {dag.py:4180} INFO - Setting next_dagrun for tutorial_dag to None, run_after=None
[2024-12-13T01:03:58.129+0000] {processor.py:208} INFO - Processing /home/airflow/.local/lib/python3.12/site-packages/airflow/example_dags/tutorial_dag.py took 0.072 seconds
[2024-12-13T01:04:31.281+0000] {processor.py:186} INFO - Started process (PID=69149) to work on /home/airflow/.local/lib/python3.12/site-packages/airflow/example_dags/tutorial_dag.py
[2024-12-13T01:04:31.281+0000] {processor.py:914} INFO - Processing file /home/airflow/.local/lib/python3.12/site-packages/airflow/example_dags/tutorial_dag.py for tasks to queue
[2024-12-13T01:04:31.284+0000] {logging_mixin.py:190} INFO - [2024-12-13T01:04:31.283+0000] {dagbag.py:588} INFO - Filling up the DagBag from /home/airflow/.local/lib/python3.12/site-packages/airflow/example_dags/tutorial_dag.py
[2024-12-13T01:04:31.291+0000] {processor.py:925} INFO - DAG(s) 'tutorial_dag' retrieved from /home/airflow/.local/lib/python3.12/site-packages/airflow/example_dags/tutorial_dag.py
[2024-12-13T01:04:31.308+0000] {logging_mixin.py:190} INFO - [2024-12-13T01:04:31.308+0000] {dag.py:3239} INFO - Sync 1 DAGs
[2024-12-13T01:04:31.324+0000] {logging_mixin.py:190} INFO - [2024-12-13T01:04:31.324+0000] {dag.py:4180} INFO - Setting next_dagrun for tutorial_dag to None, run_after=None
[2024-12-13T01:04:31.342+0000] {processor.py:208} INFO - Processing /home/airflow/.local/lib/python3.12/site-packages/airflow/example_dags/tutorial_dag.py took 0.066 seconds
[2024-12-13T01:05:04.223+0000] {processor.py:186} INFO - Started process (PID=69214) to work on /home/airflow/.local/lib/python3.12/site-packages/airflow/example_dags/tutorial_dag.py
[2024-12-13T01:05:04.224+0000] {processor.py:914} INFO - Processing file /home/airflow/.local/lib/python3.12/site-packages/airflow/example_dags/tutorial_dag.py for tasks to queue
[2024-12-13T01:05:04.226+0000] {logging_mixin.py:190} INFO - [2024-12-13T01:05:04.226+0000] {dagbag.py:588} INFO - Filling up the DagBag from /home/airflow/.local/lib/python3.12/site-packages/airflow/example_dags/tutorial_dag.py
[2024-12-13T01:05:04.233+0000] {processor.py:925} INFO - DAG(s) 'tutorial_dag' retrieved from /home/airflow/.local/lib/python3.12/site-packages/airflow/example_dags/tutorial_dag.py
[2024-12-13T01:05:04.252+0000] {logging_mixin.py:190} INFO - [2024-12-13T01:05:04.252+0000] {dag.py:3239} INFO - Sync 1 DAGs
[2024-12-13T01:05:04.268+0000] {logging_mixin.py:190} INFO - [2024-12-13T01:05:04.268+0000] {dag.py:4180} INFO - Setting next_dagrun for tutorial_dag to None, run_after=None
[2024-12-13T01:05:04.285+0000] {processor.py:208} INFO - Processing /home/airflow/.local/lib/python3.12/site-packages/airflow/example_dags/tutorial_dag.py took 0.068 seconds
[2024-12-13T01:05:37.710+0000] {processor.py:186} INFO - Started process (PID=69279) to work on /home/airflow/.local/lib/python3.12/site-packages/airflow/example_dags/tutorial_dag.py
[2024-12-13T01:05:37.711+0000] {processor.py:914} INFO - Processing file /home/airflow/.local/lib/python3.12/site-packages/airflow/example_dags/tutorial_dag.py for tasks to queue
[2024-12-13T01:05:37.713+0000] {logging_mixin.py:190} INFO - [2024-12-13T01:05:37.713+0000] {dagbag.py:588} INFO - Filling up the DagBag from /home/airflow/.local/lib/python3.12/site-packages/airflow/example_dags/tutorial_dag.py
[2024-12-13T01:05:37.721+0000] {processor.py:925} INFO - DAG(s) 'tutorial_dag' retrieved from /home/airflow/.local/lib/python3.12/site-packages/airflow/example_dags/tutorial_dag.py
[2024-12-13T01:05:37.741+0000] {logging_mixin.py:190} INFO - [2024-12-13T01:05:37.741+0000] {dag.py:3239} INFO - Sync 1 DAGs
[2024-12-13T01:05:37.757+0000] {logging_mixin.py:190} INFO - [2024-12-13T01:05:37.757+0000] {dag.py:4180} INFO - Setting next_dagrun for tutorial_dag to None, run_after=None
[2024-12-13T01:05:37.775+0000] {processor.py:208} INFO - Processing /home/airflow/.local/lib/python3.12/site-packages/airflow/example_dags/tutorial_dag.py took 0.071 seconds
[2024-12-13T01:06:11.393+0000] {processor.py:186} INFO - Started process (PID=69344) to work on /home/airflow/.local/lib/python3.12/site-packages/airflow/example_dags/tutorial_dag.py
[2024-12-13T01:06:11.394+0000] {processor.py:914} INFO - Processing file /home/airflow/.local/lib/python3.12/site-packages/airflow/example_dags/tutorial_dag.py for tasks to queue
[2024-12-13T01:06:11.397+0000] {logging_mixin.py:190} INFO - [2024-12-13T01:06:11.397+0000] {dagbag.py:588} INFO - Filling up the DagBag from /home/airflow/.local/lib/python3.12/site-packages/airflow/example_dags/tutorial_dag.py
[2024-12-13T01:06:11.404+0000] {processor.py:925} INFO - DAG(s) 'tutorial_dag' retrieved from /home/airflow/.local/lib/python3.12/site-packages/airflow/example_dags/tutorial_dag.py
[2024-12-13T01:06:11.423+0000] {logging_mixin.py:190} INFO - [2024-12-13T01:06:11.422+0000] {dag.py:3239} INFO - Sync 1 DAGs
[2024-12-13T01:06:11.435+0000] {logging_mixin.py:190} INFO - [2024-12-13T01:06:11.435+0000] {dag.py:4180} INFO - Setting next_dagrun for tutorial_dag to None, run_after=None
[2024-12-13T01:06:11.453+0000] {processor.py:208} INFO - Processing /home/airflow/.local/lib/python3.12/site-packages/airflow/example_dags/tutorial_dag.py took 0.065 seconds
[2024-12-13T01:06:44.327+0000] {processor.py:186} INFO - Started process (PID=69409) to work on /home/airflow/.local/lib/python3.12/site-packages/airflow/example_dags/tutorial_dag.py
[2024-12-13T01:06:44.327+0000] {processor.py:914} INFO - Processing file /home/airflow/.local/lib/python3.12/site-packages/airflow/example_dags/tutorial_dag.py for tasks to queue
[2024-12-13T01:06:44.330+0000] {logging_mixin.py:190} INFO - [2024-12-13T01:06:44.330+0000] {dagbag.py:588} INFO - Filling up the DagBag from /home/airflow/.local/lib/python3.12/site-packages/airflow/example_dags/tutorial_dag.py
[2024-12-13T01:06:44.337+0000] {processor.py:925} INFO - DAG(s) 'tutorial_dag' retrieved from /home/airflow/.local/lib/python3.12/site-packages/airflow/example_dags/tutorial_dag.py
[2024-12-13T01:06:44.357+0000] {logging_mixin.py:190} INFO - [2024-12-13T01:06:44.356+0000] {dag.py:3239} INFO - Sync 1 DAGs
[2024-12-13T01:06:44.369+0000] {logging_mixin.py:190} INFO - [2024-12-13T01:06:44.369+0000] {dag.py:4180} INFO - Setting next_dagrun for tutorial_dag to None, run_after=None
[2024-12-13T01:06:44.387+0000] {processor.py:208} INFO - Processing /home/airflow/.local/lib/python3.12/site-packages/airflow/example_dags/tutorial_dag.py took 0.065 seconds
[2024-12-13T01:07:17.984+0000] {processor.py:186} INFO - Started process (PID=69474) to work on /home/airflow/.local/lib/python3.12/site-packages/airflow/example_dags/tutorial_dag.py
[2024-12-13T01:07:17.985+0000] {processor.py:914} INFO - Processing file /home/airflow/.local/lib/python3.12/site-packages/airflow/example_dags/tutorial_dag.py for tasks to queue
[2024-12-13T01:07:17.988+0000] {logging_mixin.py:190} INFO - [2024-12-13T01:07:17.987+0000] {dagbag.py:588} INFO - Filling up the DagBag from /home/airflow/.local/lib/python3.12/site-packages/airflow/example_dags/tutorial_dag.py
[2024-12-13T01:07:17.996+0000] {processor.py:925} INFO - DAG(s) 'tutorial_dag' retrieved from /home/airflow/.local/lib/python3.12/site-packages/airflow/example_dags/tutorial_dag.py
[2024-12-13T01:07:18.018+0000] {logging_mixin.py:190} INFO - [2024-12-13T01:07:18.018+0000] {dag.py:3239} INFO - Sync 1 DAGs
[2024-12-13T01:07:18.036+0000] {logging_mixin.py:190} INFO - [2024-12-13T01:07:18.036+0000] {dag.py:4180} INFO - Setting next_dagrun for tutorial_dag to None, run_after=None
[2024-12-13T01:07:18.058+0000] {processor.py:208} INFO - Processing /home/airflow/.local/lib/python3.12/site-packages/airflow/example_dags/tutorial_dag.py took 0.079 seconds
[2024-12-13T01:07:50.684+0000] {processor.py:186} INFO - Started process (PID=69539) to work on /home/airflow/.local/lib/python3.12/site-packages/airflow/example_dags/tutorial_dag.py
[2024-12-13T01:07:50.685+0000] {processor.py:914} INFO - Processing file /home/airflow/.local/lib/python3.12/site-packages/airflow/example_dags/tutorial_dag.py for tasks to queue
[2024-12-13T01:07:50.687+0000] {logging_mixin.py:190} INFO - [2024-12-13T01:07:50.687+0000] {dagbag.py:588} INFO - Filling up the DagBag from /home/airflow/.local/lib/python3.12/site-packages/airflow/example_dags/tutorial_dag.py
[2024-12-13T01:07:50.695+0000] {processor.py:925} INFO - DAG(s) 'tutorial_dag' retrieved from /home/airflow/.local/lib/python3.12/site-packages/airflow/example_dags/tutorial_dag.py
[2024-12-13T01:07:50.714+0000] {logging_mixin.py:190} INFO - [2024-12-13T01:07:50.714+0000] {dag.py:3239} INFO - Sync 1 DAGs
[2024-12-13T01:07:50.728+0000] {logging_mixin.py:190} INFO - [2024-12-13T01:07:50.728+0000] {dag.py:4180} INFO - Setting next_dagrun for tutorial_dag to None, run_after=None
[2024-12-13T01:07:50.744+0000] {processor.py:208} INFO - Processing /home/airflow/.local/lib/python3.12/site-packages/airflow/example_dags/tutorial_dag.py took 0.065 seconds
[2024-12-13T01:08:24.264+0000] {processor.py:186} INFO - Started process (PID=69604) to work on /home/airflow/.local/lib/python3.12/site-packages/airflow/example_dags/tutorial_dag.py
[2024-12-13T01:08:24.265+0000] {processor.py:914} INFO - Processing file /home/airflow/.local/lib/python3.12/site-packages/airflow/example_dags/tutorial_dag.py for tasks to queue
[2024-12-13T01:08:24.267+0000] {logging_mixin.py:190} INFO - [2024-12-13T01:08:24.267+0000] {dagbag.py:588} INFO - Filling up the DagBag from /home/airflow/.local/lib/python3.12/site-packages/airflow/example_dags/tutorial_dag.py
[2024-12-13T01:08:24.275+0000] {processor.py:925} INFO - DAG(s) 'tutorial_dag' retrieved from /home/airflow/.local/lib/python3.12/site-packages/airflow/example_dags/tutorial_dag.py
[2024-12-13T01:08:24.294+0000] {logging_mixin.py:190} INFO - [2024-12-13T01:08:24.293+0000] {dag.py:3239} INFO - Sync 1 DAGs
[2024-12-13T01:08:24.307+0000] {logging_mixin.py:190} INFO - [2024-12-13T01:08:24.307+0000] {dag.py:4180} INFO - Setting next_dagrun for tutorial_dag to None, run_after=None
[2024-12-13T01:08:24.325+0000] {processor.py:208} INFO - Processing /home/airflow/.local/lib/python3.12/site-packages/airflow/example_dags/tutorial_dag.py took 0.066 seconds
[2024-12-13T01:08:57.906+0000] {processor.py:186} INFO - Started process (PID=69669) to work on /home/airflow/.local/lib/python3.12/site-packages/airflow/example_dags/tutorial_dag.py
[2024-12-13T01:08:57.907+0000] {processor.py:914} INFO - Processing file /home/airflow/.local/lib/python3.12/site-packages/airflow/example_dags/tutorial_dag.py for tasks to queue
[2024-12-13T01:08:57.911+0000] {logging_mixin.py:190} INFO - [2024-12-13T01:08:57.910+0000] {dagbag.py:588} INFO - Filling up the DagBag from /home/airflow/.local/lib/python3.12/site-packages/airflow/example_dags/tutorial_dag.py
[2024-12-13T01:08:57.922+0000] {processor.py:925} INFO - DAG(s) 'tutorial_dag' retrieved from /home/airflow/.local/lib/python3.12/site-packages/airflow/example_dags/tutorial_dag.py
[2024-12-13T01:08:57.951+0000] {logging_mixin.py:190} INFO - [2024-12-13T01:08:57.951+0000] {dag.py:3239} INFO - Sync 1 DAGs
[2024-12-13T01:08:57.975+0000] {logging_mixin.py:190} INFO - [2024-12-13T01:08:57.974+0000] {dag.py:4180} INFO - Setting next_dagrun for tutorial_dag to None, run_after=None
[2024-12-13T01:08:57.999+0000] {processor.py:208} INFO - Processing /home/airflow/.local/lib/python3.12/site-packages/airflow/example_dags/tutorial_dag.py took 0.100 seconds
[2024-12-13T01:09:30.575+0000] {processor.py:186} INFO - Started process (PID=69734) to work on /home/airflow/.local/lib/python3.12/site-packages/airflow/example_dags/tutorial_dag.py
[2024-12-13T01:09:30.576+0000] {processor.py:914} INFO - Processing file /home/airflow/.local/lib/python3.12/site-packages/airflow/example_dags/tutorial_dag.py for tasks to queue
[2024-12-13T01:09:30.578+0000] {logging_mixin.py:190} INFO - [2024-12-13T01:09:30.578+0000] {dagbag.py:588} INFO - Filling up the DagBag from /home/airflow/.local/lib/python3.12/site-packages/airflow/example_dags/tutorial_dag.py
[2024-12-13T01:09:30.585+0000] {processor.py:925} INFO - DAG(s) 'tutorial_dag' retrieved from /home/airflow/.local/lib/python3.12/site-packages/airflow/example_dags/tutorial_dag.py
[2024-12-13T01:09:30.605+0000] {logging_mixin.py:190} INFO - [2024-12-13T01:09:30.605+0000] {dag.py:3239} INFO - Sync 1 DAGs
[2024-12-13T01:09:30.618+0000] {logging_mixin.py:190} INFO - [2024-12-13T01:09:30.618+0000] {dag.py:4180} INFO - Setting next_dagrun for tutorial_dag to None, run_after=None
[2024-12-13T01:09:30.639+0000] {processor.py:208} INFO - Processing /home/airflow/.local/lib/python3.12/site-packages/airflow/example_dags/tutorial_dag.py took 0.070 seconds
[2024-12-13T01:10:04.788+0000] {processor.py:186} INFO - Started process (PID=69799) to work on /home/airflow/.local/lib/python3.12/site-packages/airflow/example_dags/tutorial_dag.py
[2024-12-13T01:10:04.789+0000] {processor.py:914} INFO - Processing file /home/airflow/.local/lib/python3.12/site-packages/airflow/example_dags/tutorial_dag.py for tasks to queue
[2024-12-13T01:10:04.791+0000] {logging_mixin.py:190} INFO - [2024-12-13T01:10:04.791+0000] {dagbag.py:588} INFO - Filling up the DagBag from /home/airflow/.local/lib/python3.12/site-packages/airflow/example_dags/tutorial_dag.py
[2024-12-13T01:10:04.798+0000] {processor.py:925} INFO - DAG(s) 'tutorial_dag' retrieved from /home/airflow/.local/lib/python3.12/site-packages/airflow/example_dags/tutorial_dag.py
[2024-12-13T01:10:04.817+0000] {logging_mixin.py:190} INFO - [2024-12-13T01:10:04.817+0000] {dag.py:3239} INFO - Sync 1 DAGs
[2024-12-13T01:10:04.831+0000] {logging_mixin.py:190} INFO - [2024-12-13T01:10:04.831+0000] {dag.py:4180} INFO - Setting next_dagrun for tutorial_dag to None, run_after=None
[2024-12-13T01:10:04.850+0000] {processor.py:208} INFO - Processing /home/airflow/.local/lib/python3.12/site-packages/airflow/example_dags/tutorial_dag.py took 0.069 seconds
[2024-12-13T01:10:38.885+0000] {processor.py:186} INFO - Started process (PID=69864) to work on /home/airflow/.local/lib/python3.12/site-packages/airflow/example_dags/tutorial_dag.py
[2024-12-13T01:10:38.886+0000] {processor.py:914} INFO - Processing file /home/airflow/.local/lib/python3.12/site-packages/airflow/example_dags/tutorial_dag.py for tasks to queue
[2024-12-13T01:10:38.888+0000] {logging_mixin.py:190} INFO - [2024-12-13T01:10:38.888+0000] {dagbag.py:588} INFO - Filling up the DagBag from /home/airflow/.local/lib/python3.12/site-packages/airflow/example_dags/tutorial_dag.py
[2024-12-13T01:10:38.894+0000] {processor.py:925} INFO - DAG(s) 'tutorial_dag' retrieved from /home/airflow/.local/lib/python3.12/site-packages/airflow/example_dags/tutorial_dag.py
[2024-12-13T01:10:38.911+0000] {logging_mixin.py:190} INFO - [2024-12-13T01:10:38.911+0000] {dag.py:3239} INFO - Sync 1 DAGs
[2024-12-13T01:10:38.923+0000] {logging_mixin.py:190} INFO - [2024-12-13T01:10:38.923+0000] {dag.py:4180} INFO - Setting next_dagrun for tutorial_dag to None, run_after=None
[2024-12-13T01:10:38.940+0000] {processor.py:208} INFO - Processing /home/airflow/.local/lib/python3.12/site-packages/airflow/example_dags/tutorial_dag.py took 0.060 seconds
[2024-12-13T01:11:11.091+0000] {processor.py:186} INFO - Started process (PID=69929) to work on /home/airflow/.local/lib/python3.12/site-packages/airflow/example_dags/tutorial_dag.py
[2024-12-13T01:11:11.092+0000] {processor.py:914} INFO - Processing file /home/airflow/.local/lib/python3.12/site-packages/airflow/example_dags/tutorial_dag.py for tasks to queue
[2024-12-13T01:11:11.094+0000] {logging_mixin.py:190} INFO - [2024-12-13T01:11:11.094+0000] {dagbag.py:588} INFO - Filling up the DagBag from /home/airflow/.local/lib/python3.12/site-packages/airflow/example_dags/tutorial_dag.py
[2024-12-13T01:11:11.101+0000] {processor.py:925} INFO - DAG(s) 'tutorial_dag' retrieved from /home/airflow/.local/lib/python3.12/site-packages/airflow/example_dags/tutorial_dag.py
[2024-12-13T01:11:11.120+0000] {logging_mixin.py:190} INFO - [2024-12-13T01:11:11.120+0000] {dag.py:3239} INFO - Sync 1 DAGs
[2024-12-13T01:11:11.135+0000] {logging_mixin.py:190} INFO - [2024-12-13T01:11:11.134+0000] {dag.py:4180} INFO - Setting next_dagrun for tutorial_dag to None, run_after=None
[2024-12-13T01:11:11.151+0000] {processor.py:208} INFO - Processing /home/airflow/.local/lib/python3.12/site-packages/airflow/example_dags/tutorial_dag.py took 0.066 seconds
[2024-12-13T01:11:45.043+0000] {processor.py:186} INFO - Started process (PID=69994) to work on /home/airflow/.local/lib/python3.12/site-packages/airflow/example_dags/tutorial_dag.py
[2024-12-13T01:11:45.043+0000] {processor.py:914} INFO - Processing file /home/airflow/.local/lib/python3.12/site-packages/airflow/example_dags/tutorial_dag.py for tasks to queue
[2024-12-13T01:11:45.046+0000] {logging_mixin.py:190} INFO - [2024-12-13T01:11:45.045+0000] {dagbag.py:588} INFO - Filling up the DagBag from /home/airflow/.local/lib/python3.12/site-packages/airflow/example_dags/tutorial_dag.py
[2024-12-13T01:11:45.052+0000] {processor.py:925} INFO - DAG(s) 'tutorial_dag' retrieved from /home/airflow/.local/lib/python3.12/site-packages/airflow/example_dags/tutorial_dag.py
[2024-12-13T01:11:45.070+0000] {logging_mixin.py:190} INFO - [2024-12-13T01:11:45.070+0000] {dag.py:3239} INFO - Sync 1 DAGs
[2024-12-13T01:11:45.084+0000] {logging_mixin.py:190} INFO - [2024-12-13T01:11:45.084+0000] {dag.py:4180} INFO - Setting next_dagrun for tutorial_dag to None, run_after=None
[2024-12-13T01:11:45.101+0000] {processor.py:208} INFO - Processing /home/airflow/.local/lib/python3.12/site-packages/airflow/example_dags/tutorial_dag.py took 0.064 seconds
[2024-12-13T01:12:17.964+0000] {processor.py:186} INFO - Started process (PID=70059) to work on /home/airflow/.local/lib/python3.12/site-packages/airflow/example_dags/tutorial_dag.py
[2024-12-13T01:12:17.965+0000] {processor.py:914} INFO - Processing file /home/airflow/.local/lib/python3.12/site-packages/airflow/example_dags/tutorial_dag.py for tasks to queue
[2024-12-13T01:12:17.967+0000] {logging_mixin.py:190} INFO - [2024-12-13T01:12:17.967+0000] {dagbag.py:588} INFO - Filling up the DagBag from /home/airflow/.local/lib/python3.12/site-packages/airflow/example_dags/tutorial_dag.py
[2024-12-13T01:12:17.977+0000] {processor.py:925} INFO - DAG(s) 'tutorial_dag' retrieved from /home/airflow/.local/lib/python3.12/site-packages/airflow/example_dags/tutorial_dag.py
[2024-12-13T01:12:17.998+0000] {logging_mixin.py:190} INFO - [2024-12-13T01:12:17.997+0000] {dag.py:3239} INFO - Sync 1 DAGs
[2024-12-13T01:12:18.012+0000] {logging_mixin.py:190} INFO - [2024-12-13T01:12:18.012+0000] {dag.py:4180} INFO - Setting next_dagrun for tutorial_dag to None, run_after=None
[2024-12-13T01:12:18.031+0000] {processor.py:208} INFO - Processing /home/airflow/.local/lib/python3.12/site-packages/airflow/example_dags/tutorial_dag.py took 0.071 seconds
[2024-12-13T01:12:50.672+0000] {processor.py:186} INFO - Started process (PID=70124) to work on /home/airflow/.local/lib/python3.12/site-packages/airflow/example_dags/tutorial_dag.py
[2024-12-13T01:12:50.673+0000] {processor.py:914} INFO - Processing file /home/airflow/.local/lib/python3.12/site-packages/airflow/example_dags/tutorial_dag.py for tasks to queue
[2024-12-13T01:12:50.675+0000] {logging_mixin.py:190} INFO - [2024-12-13T01:12:50.675+0000] {dagbag.py:588} INFO - Filling up the DagBag from /home/airflow/.local/lib/python3.12/site-packages/airflow/example_dags/tutorial_dag.py
[2024-12-13T01:12:50.682+0000] {processor.py:925} INFO - DAG(s) 'tutorial_dag' retrieved from /home/airflow/.local/lib/python3.12/site-packages/airflow/example_dags/tutorial_dag.py
[2024-12-13T01:12:50.700+0000] {logging_mixin.py:190} INFO - [2024-12-13T01:12:50.700+0000] {dag.py:3239} INFO - Sync 1 DAGs
[2024-12-13T01:12:50.714+0000] {logging_mixin.py:190} INFO - [2024-12-13T01:12:50.714+0000] {dag.py:4180} INFO - Setting next_dagrun for tutorial_dag to None, run_after=None
[2024-12-13T01:12:50.733+0000] {processor.py:208} INFO - Processing /home/airflow/.local/lib/python3.12/site-packages/airflow/example_dags/tutorial_dag.py took 0.067 seconds
[2024-12-13T01:13:24.246+0000] {processor.py:186} INFO - Started process (PID=70189) to work on /home/airflow/.local/lib/python3.12/site-packages/airflow/example_dags/tutorial_dag.py
[2024-12-13T01:13:24.247+0000] {processor.py:914} INFO - Processing file /home/airflow/.local/lib/python3.12/site-packages/airflow/example_dags/tutorial_dag.py for tasks to queue
[2024-12-13T01:13:24.249+0000] {logging_mixin.py:190} INFO - [2024-12-13T01:13:24.249+0000] {dagbag.py:588} INFO - Filling up the DagBag from /home/airflow/.local/lib/python3.12/site-packages/airflow/example_dags/tutorial_dag.py
[2024-12-13T01:13:24.256+0000] {processor.py:925} INFO - DAG(s) 'tutorial_dag' retrieved from /home/airflow/.local/lib/python3.12/site-packages/airflow/example_dags/tutorial_dag.py
[2024-12-13T01:13:24.274+0000] {logging_mixin.py:190} INFO - [2024-12-13T01:13:24.274+0000] {dag.py:3239} INFO - Sync 1 DAGs
[2024-12-13T01:13:24.287+0000] {logging_mixin.py:190} INFO - [2024-12-13T01:13:24.287+0000] {dag.py:4180} INFO - Setting next_dagrun for tutorial_dag to None, run_after=None
[2024-12-13T01:13:24.303+0000] {processor.py:208} INFO - Processing /home/airflow/.local/lib/python3.12/site-packages/airflow/example_dags/tutorial_dag.py took 0.062 seconds
[2024-12-13T01:13:57.616+0000] {processor.py:186} INFO - Started process (PID=70254) to work on /home/airflow/.local/lib/python3.12/site-packages/airflow/example_dags/tutorial_dag.py
[2024-12-13T01:13:57.617+0000] {processor.py:914} INFO - Processing file /home/airflow/.local/lib/python3.12/site-packages/airflow/example_dags/tutorial_dag.py for tasks to queue
[2024-12-13T01:13:57.619+0000] {logging_mixin.py:190} INFO - [2024-12-13T01:13:57.618+0000] {dagbag.py:588} INFO - Filling up the DagBag from /home/airflow/.local/lib/python3.12/site-packages/airflow/example_dags/tutorial_dag.py
[2024-12-13T01:13:57.626+0000] {processor.py:925} INFO - DAG(s) 'tutorial_dag' retrieved from /home/airflow/.local/lib/python3.12/site-packages/airflow/example_dags/tutorial_dag.py
[2024-12-13T01:13:57.647+0000] {logging_mixin.py:190} INFO - [2024-12-13T01:13:57.647+0000] {dag.py:3239} INFO - Sync 1 DAGs
[2024-12-13T01:13:57.662+0000] {logging_mixin.py:190} INFO - [2024-12-13T01:13:57.662+0000] {dag.py:4180} INFO - Setting next_dagrun for tutorial_dag to None, run_after=None
[2024-12-13T01:13:57.680+0000] {processor.py:208} INFO - Processing /home/airflow/.local/lib/python3.12/site-packages/airflow/example_dags/tutorial_dag.py took 0.070 seconds
[2024-12-13T01:14:31.746+0000] {processor.py:186} INFO - Started process (PID=70319) to work on /home/airflow/.local/lib/python3.12/site-packages/airflow/example_dags/tutorial_dag.py
[2024-12-13T01:14:31.747+0000] {processor.py:914} INFO - Processing file /home/airflow/.local/lib/python3.12/site-packages/airflow/example_dags/tutorial_dag.py for tasks to queue
[2024-12-13T01:14:31.750+0000] {logging_mixin.py:190} INFO - [2024-12-13T01:14:31.749+0000] {dagbag.py:588} INFO - Filling up the DagBag from /home/airflow/.local/lib/python3.12/site-packages/airflow/example_dags/tutorial_dag.py
[2024-12-13T01:14:31.758+0000] {processor.py:925} INFO - DAG(s) 'tutorial_dag' retrieved from /home/airflow/.local/lib/python3.12/site-packages/airflow/example_dags/tutorial_dag.py
[2024-12-13T01:14:31.777+0000] {logging_mixin.py:190} INFO - [2024-12-13T01:14:31.776+0000] {dag.py:3239} INFO - Sync 1 DAGs
[2024-12-13T01:14:31.792+0000] {logging_mixin.py:190} INFO - [2024-12-13T01:14:31.791+0000] {dag.py:4180} INFO - Setting next_dagrun for tutorial_dag to None, run_after=None
[2024-12-13T01:14:31.809+0000] {processor.py:208} INFO - Processing /home/airflow/.local/lib/python3.12/site-packages/airflow/example_dags/tutorial_dag.py took 0.068 seconds
[2024-12-13T01:15:05.001+0000] {processor.py:186} INFO - Started process (PID=70384) to work on /home/airflow/.local/lib/python3.12/site-packages/airflow/example_dags/tutorial_dag.py
[2024-12-13T01:15:05.001+0000] {processor.py:914} INFO - Processing file /home/airflow/.local/lib/python3.12/site-packages/airflow/example_dags/tutorial_dag.py for tasks to queue
[2024-12-13T01:15:05.004+0000] {logging_mixin.py:190} INFO - [2024-12-13T01:15:05.003+0000] {dagbag.py:588} INFO - Filling up the DagBag from /home/airflow/.local/lib/python3.12/site-packages/airflow/example_dags/tutorial_dag.py
[2024-12-13T01:15:05.011+0000] {processor.py:925} INFO - DAG(s) 'tutorial_dag' retrieved from /home/airflow/.local/lib/python3.12/site-packages/airflow/example_dags/tutorial_dag.py
[2024-12-13T01:15:05.031+0000] {logging_mixin.py:190} INFO - [2024-12-13T01:15:05.031+0000] {dag.py:3239} INFO - Sync 1 DAGs
[2024-12-13T01:15:05.045+0000] {logging_mixin.py:190} INFO - [2024-12-13T01:15:05.044+0000] {dag.py:4180} INFO - Setting next_dagrun for tutorial_dag to None, run_after=None
[2024-12-13T01:15:05.063+0000] {processor.py:208} INFO - Processing /home/airflow/.local/lib/python3.12/site-packages/airflow/example_dags/tutorial_dag.py took 0.068 seconds
[2024-12-13T01:15:37.511+0000] {processor.py:186} INFO - Started process (PID=70449) to work on /home/airflow/.local/lib/python3.12/site-packages/airflow/example_dags/tutorial_dag.py
[2024-12-13T01:15:37.512+0000] {processor.py:914} INFO - Processing file /home/airflow/.local/lib/python3.12/site-packages/airflow/example_dags/tutorial_dag.py for tasks to queue
[2024-12-13T01:15:37.514+0000] {logging_mixin.py:190} INFO - [2024-12-13T01:15:37.514+0000] {dagbag.py:588} INFO - Filling up the DagBag from /home/airflow/.local/lib/python3.12/site-packages/airflow/example_dags/tutorial_dag.py
[2024-12-13T01:15:37.521+0000] {processor.py:925} INFO - DAG(s) 'tutorial_dag' retrieved from /home/airflow/.local/lib/python3.12/site-packages/airflow/example_dags/tutorial_dag.py
[2024-12-13T01:15:37.539+0000] {logging_mixin.py:190} INFO - [2024-12-13T01:15:37.539+0000] {dag.py:3239} INFO - Sync 1 DAGs
[2024-12-13T01:15:37.552+0000] {logging_mixin.py:190} INFO - [2024-12-13T01:15:37.552+0000] {dag.py:4180} INFO - Setting next_dagrun for tutorial_dag to None, run_after=None
[2024-12-13T01:15:37.569+0000] {processor.py:208} INFO - Processing /home/airflow/.local/lib/python3.12/site-packages/airflow/example_dags/tutorial_dag.py took 0.063 seconds
[2024-12-13T01:16:11.751+0000] {processor.py:186} INFO - Started process (PID=70514) to work on /home/airflow/.local/lib/python3.12/site-packages/airflow/example_dags/tutorial_dag.py
[2024-12-13T01:16:11.752+0000] {processor.py:914} INFO - Processing file /home/airflow/.local/lib/python3.12/site-packages/airflow/example_dags/tutorial_dag.py for tasks to queue
[2024-12-13T01:16:11.754+0000] {logging_mixin.py:190} INFO - [2024-12-13T01:16:11.754+0000] {dagbag.py:588} INFO - Filling up the DagBag from /home/airflow/.local/lib/python3.12/site-packages/airflow/example_dags/tutorial_dag.py
[2024-12-13T01:16:11.763+0000] {processor.py:925} INFO - DAG(s) 'tutorial_dag' retrieved from /home/airflow/.local/lib/python3.12/site-packages/airflow/example_dags/tutorial_dag.py
[2024-12-13T01:16:11.784+0000] {logging_mixin.py:190} INFO - [2024-12-13T01:16:11.784+0000] {dag.py:3239} INFO - Sync 1 DAGs
[2024-12-13T01:16:11.799+0000] {logging_mixin.py:190} INFO - [2024-12-13T01:16:11.799+0000] {dag.py:4180} INFO - Setting next_dagrun for tutorial_dag to None, run_after=None
[2024-12-13T01:16:11.819+0000] {processor.py:208} INFO - Processing /home/airflow/.local/lib/python3.12/site-packages/airflow/example_dags/tutorial_dag.py took 0.074 seconds
[2024-12-13T01:16:43.878+0000] {processor.py:186} INFO - Started process (PID=70579) to work on /home/airflow/.local/lib/python3.12/site-packages/airflow/example_dags/tutorial_dag.py
[2024-12-13T01:16:43.879+0000] {processor.py:914} INFO - Processing file /home/airflow/.local/lib/python3.12/site-packages/airflow/example_dags/tutorial_dag.py for tasks to queue
[2024-12-13T01:16:43.882+0000] {logging_mixin.py:190} INFO - [2024-12-13T01:16:43.881+0000] {dagbag.py:588} INFO - Filling up the DagBag from /home/airflow/.local/lib/python3.12/site-packages/airflow/example_dags/tutorial_dag.py
[2024-12-13T01:16:43.889+0000] {processor.py:925} INFO - DAG(s) 'tutorial_dag' retrieved from /home/airflow/.local/lib/python3.12/site-packages/airflow/example_dags/tutorial_dag.py
[2024-12-13T01:16:43.911+0000] {logging_mixin.py:190} INFO - [2024-12-13T01:16:43.911+0000] {dag.py:3239} INFO - Sync 1 DAGs
[2024-12-13T01:16:43.924+0000] {logging_mixin.py:190} INFO - [2024-12-13T01:16:43.924+0000] {dag.py:4180} INFO - Setting next_dagrun for tutorial_dag to None, run_after=None
[2024-12-13T01:16:43.941+0000] {processor.py:208} INFO - Processing /home/airflow/.local/lib/python3.12/site-packages/airflow/example_dags/tutorial_dag.py took 0.071 seconds
[2024-12-13T01:17:17.131+0000] {processor.py:186} INFO - Started process (PID=70644) to work on /home/airflow/.local/lib/python3.12/site-packages/airflow/example_dags/tutorial_dag.py
[2024-12-13T01:17:17.132+0000] {processor.py:914} INFO - Processing file /home/airflow/.local/lib/python3.12/site-packages/airflow/example_dags/tutorial_dag.py for tasks to queue
[2024-12-13T01:17:17.134+0000] {logging_mixin.py:190} INFO - [2024-12-13T01:17:17.133+0000] {dagbag.py:588} INFO - Filling up the DagBag from /home/airflow/.local/lib/python3.12/site-packages/airflow/example_dags/tutorial_dag.py
[2024-12-13T01:17:17.140+0000] {processor.py:925} INFO - DAG(s) 'tutorial_dag' retrieved from /home/airflow/.local/lib/python3.12/site-packages/airflow/example_dags/tutorial_dag.py
[2024-12-13T01:17:17.158+0000] {logging_mixin.py:190} INFO - [2024-12-13T01:17:17.158+0000] {dag.py:3239} INFO - Sync 1 DAGs
[2024-12-13T01:17:17.171+0000] {logging_mixin.py:190} INFO - [2024-12-13T01:17:17.170+0000] {dag.py:4180} INFO - Setting next_dagrun for tutorial_dag to None, run_after=None
[2024-12-13T01:17:17.187+0000] {processor.py:208} INFO - Processing /home/airflow/.local/lib/python3.12/site-packages/airflow/example_dags/tutorial_dag.py took 0.061 seconds
[2024-12-13T01:17:50.944+0000] {processor.py:186} INFO - Started process (PID=70709) to work on /home/airflow/.local/lib/python3.12/site-packages/airflow/example_dags/tutorial_dag.py
[2024-12-13T01:17:50.945+0000] {processor.py:914} INFO - Processing file /home/airflow/.local/lib/python3.12/site-packages/airflow/example_dags/tutorial_dag.py for tasks to queue
[2024-12-13T01:17:50.948+0000] {logging_mixin.py:190} INFO - [2024-12-13T01:17:50.948+0000] {dagbag.py:588} INFO - Filling up the DagBag from /home/airflow/.local/lib/python3.12/site-packages/airflow/example_dags/tutorial_dag.py
[2024-12-13T01:17:50.956+0000] {processor.py:925} INFO - DAG(s) 'tutorial_dag' retrieved from /home/airflow/.local/lib/python3.12/site-packages/airflow/example_dags/tutorial_dag.py
[2024-12-13T01:17:50.978+0000] {logging_mixin.py:190} INFO - [2024-12-13T01:17:50.977+0000] {dag.py:3239} INFO - Sync 1 DAGs
[2024-12-13T01:17:50.993+0000] {logging_mixin.py:190} INFO - [2024-12-13T01:17:50.993+0000] {dag.py:4180} INFO - Setting next_dagrun for tutorial_dag to None, run_after=None
[2024-12-13T01:17:51.011+0000] {processor.py:208} INFO - Processing /home/airflow/.local/lib/python3.12/site-packages/airflow/example_dags/tutorial_dag.py took 0.072 seconds
[2024-12-13T01:18:24.622+0000] {processor.py:186} INFO - Started process (PID=70774) to work on /home/airflow/.local/lib/python3.12/site-packages/airflow/example_dags/tutorial_dag.py
[2024-12-13T01:18:24.623+0000] {processor.py:914} INFO - Processing file /home/airflow/.local/lib/python3.12/site-packages/airflow/example_dags/tutorial_dag.py for tasks to queue
[2024-12-13T01:18:24.626+0000] {logging_mixin.py:190} INFO - [2024-12-13T01:18:24.625+0000] {dagbag.py:588} INFO - Filling up the DagBag from /home/airflow/.local/lib/python3.12/site-packages/airflow/example_dags/tutorial_dag.py
[2024-12-13T01:18:24.632+0000] {processor.py:925} INFO - DAG(s) 'tutorial_dag' retrieved from /home/airflow/.local/lib/python3.12/site-packages/airflow/example_dags/tutorial_dag.py
[2024-12-13T01:18:24.652+0000] {logging_mixin.py:190} INFO - [2024-12-13T01:18:24.652+0000] {dag.py:3239} INFO - Sync 1 DAGs
[2024-12-13T01:18:24.667+0000] {logging_mixin.py:190} INFO - [2024-12-13T01:18:24.666+0000] {dag.py:4180} INFO - Setting next_dagrun for tutorial_dag to None, run_after=None
[2024-12-13T01:18:24.685+0000] {processor.py:208} INFO - Processing /home/airflow/.local/lib/python3.12/site-packages/airflow/example_dags/tutorial_dag.py took 0.068 seconds
[2024-12-13T01:18:59.430+0000] {processor.py:186} INFO - Started process (PID=70839) to work on /home/airflow/.local/lib/python3.12/site-packages/airflow/example_dags/tutorial_dag.py
[2024-12-13T01:18:59.431+0000] {processor.py:914} INFO - Processing file /home/airflow/.local/lib/python3.12/site-packages/airflow/example_dags/tutorial_dag.py for tasks to queue
[2024-12-13T01:18:59.434+0000] {logging_mixin.py:190} INFO - [2024-12-13T01:18:59.433+0000] {dagbag.py:588} INFO - Filling up the DagBag from /home/airflow/.local/lib/python3.12/site-packages/airflow/example_dags/tutorial_dag.py
[2024-12-13T01:18:59.441+0000] {processor.py:925} INFO - DAG(s) 'tutorial_dag' retrieved from /home/airflow/.local/lib/python3.12/site-packages/airflow/example_dags/tutorial_dag.py
[2024-12-13T01:18:59.460+0000] {logging_mixin.py:190} INFO - [2024-12-13T01:18:59.460+0000] {dag.py:3239} INFO - Sync 1 DAGs
[2024-12-13T01:18:59.475+0000] {logging_mixin.py:190} INFO - [2024-12-13T01:18:59.474+0000] {dag.py:4180} INFO - Setting next_dagrun for tutorial_dag to None, run_after=None
[2024-12-13T01:18:59.493+0000] {processor.py:208} INFO - Processing /home/airflow/.local/lib/python3.12/site-packages/airflow/example_dags/tutorial_dag.py took 0.067 seconds
[2024-12-13T01:19:31.453+0000] {processor.py:186} INFO - Started process (PID=70904) to work on /home/airflow/.local/lib/python3.12/site-packages/airflow/example_dags/tutorial_dag.py
[2024-12-13T01:19:31.455+0000] {processor.py:914} INFO - Processing file /home/airflow/.local/lib/python3.12/site-packages/airflow/example_dags/tutorial_dag.py for tasks to queue
[2024-12-13T01:19:31.460+0000] {logging_mixin.py:190} INFO - [2024-12-13T01:19:31.458+0000] {dagbag.py:588} INFO - Filling up the DagBag from /home/airflow/.local/lib/python3.12/site-packages/airflow/example_dags/tutorial_dag.py
[2024-12-13T01:19:31.476+0000] {processor.py:925} INFO - DAG(s) 'tutorial_dag' retrieved from /home/airflow/.local/lib/python3.12/site-packages/airflow/example_dags/tutorial_dag.py
[2024-12-13T01:19:31.503+0000] {logging_mixin.py:190} INFO - [2024-12-13T01:19:31.503+0000] {dag.py:3239} INFO - Sync 1 DAGs
[2024-12-13T01:19:31.525+0000] {logging_mixin.py:190} INFO - [2024-12-13T01:19:31.525+0000] {dag.py:4180} INFO - Setting next_dagrun for tutorial_dag to None, run_after=None
[2024-12-13T01:19:31.545+0000] {processor.py:208} INFO - Processing /home/airflow/.local/lib/python3.12/site-packages/airflow/example_dags/tutorial_dag.py took 0.100 seconds
[2024-12-13T01:20:04.150+0000] {processor.py:186} INFO - Started process (PID=70969) to work on /home/airflow/.local/lib/python3.12/site-packages/airflow/example_dags/tutorial_dag.py
[2024-12-13T01:20:04.152+0000] {processor.py:914} INFO - Processing file /home/airflow/.local/lib/python3.12/site-packages/airflow/example_dags/tutorial_dag.py for tasks to queue
[2024-12-13T01:20:04.155+0000] {logging_mixin.py:190} INFO - [2024-12-13T01:20:04.155+0000] {dagbag.py:588} INFO - Filling up the DagBag from /home/airflow/.local/lib/python3.12/site-packages/airflow/example_dags/tutorial_dag.py
[2024-12-13T01:20:04.164+0000] {processor.py:925} INFO - DAG(s) 'tutorial_dag' retrieved from /home/airflow/.local/lib/python3.12/site-packages/airflow/example_dags/tutorial_dag.py
[2024-12-13T01:20:04.187+0000] {logging_mixin.py:190} INFO - [2024-12-13T01:20:04.186+0000] {dag.py:3239} INFO - Sync 1 DAGs
[2024-12-13T01:20:04.201+0000] {logging_mixin.py:190} INFO - [2024-12-13T01:20:04.201+0000] {dag.py:4180} INFO - Setting next_dagrun for tutorial_dag to None, run_after=None
[2024-12-13T01:20:04.221+0000] {processor.py:208} INFO - Processing /home/airflow/.local/lib/python3.12/site-packages/airflow/example_dags/tutorial_dag.py took 0.078 seconds
[2024-12-13T01:20:37.761+0000] {processor.py:186} INFO - Started process (PID=71034) to work on /home/airflow/.local/lib/python3.12/site-packages/airflow/example_dags/tutorial_dag.py
[2024-12-13T01:20:37.762+0000] {processor.py:914} INFO - Processing file /home/airflow/.local/lib/python3.12/site-packages/airflow/example_dags/tutorial_dag.py for tasks to queue
[2024-12-13T01:20:37.764+0000] {logging_mixin.py:190} INFO - [2024-12-13T01:20:37.764+0000] {dagbag.py:588} INFO - Filling up the DagBag from /home/airflow/.local/lib/python3.12/site-packages/airflow/example_dags/tutorial_dag.py
[2024-12-13T01:20:37.771+0000] {processor.py:925} INFO - DAG(s) 'tutorial_dag' retrieved from /home/airflow/.local/lib/python3.12/site-packages/airflow/example_dags/tutorial_dag.py
[2024-12-13T01:20:37.789+0000] {logging_mixin.py:190} INFO - [2024-12-13T01:20:37.789+0000] {dag.py:3239} INFO - Sync 1 DAGs
[2024-12-13T01:20:37.804+0000] {logging_mixin.py:190} INFO - [2024-12-13T01:20:37.803+0000] {dag.py:4180} INFO - Setting next_dagrun for tutorial_dag to None, run_after=None
[2024-12-13T01:20:37.819+0000] {processor.py:208} INFO - Processing /home/airflow/.local/lib/python3.12/site-packages/airflow/example_dags/tutorial_dag.py took 0.063 seconds
[2024-12-13T01:21:12.669+0000] {processor.py:186} INFO - Started process (PID=71099) to work on /home/airflow/.local/lib/python3.12/site-packages/airflow/example_dags/tutorial_dag.py
[2024-12-13T01:21:12.670+0000] {processor.py:914} INFO - Processing file /home/airflow/.local/lib/python3.12/site-packages/airflow/example_dags/tutorial_dag.py for tasks to queue
[2024-12-13T01:21:12.672+0000] {logging_mixin.py:190} INFO - [2024-12-13T01:21:12.672+0000] {dagbag.py:588} INFO - Filling up the DagBag from /home/airflow/.local/lib/python3.12/site-packages/airflow/example_dags/tutorial_dag.py
[2024-12-13T01:21:12.679+0000] {processor.py:925} INFO - DAG(s) 'tutorial_dag' retrieved from /home/airflow/.local/lib/python3.12/site-packages/airflow/example_dags/tutorial_dag.py
[2024-12-13T01:21:12.697+0000] {logging_mixin.py:190} INFO - [2024-12-13T01:21:12.697+0000] {dag.py:3239} INFO - Sync 1 DAGs
[2024-12-13T01:21:12.710+0000] {logging_mixin.py:190} INFO - [2024-12-13T01:21:12.710+0000] {dag.py:4180} INFO - Setting next_dagrun for tutorial_dag to None, run_after=None
[2024-12-13T01:21:12.732+0000] {processor.py:208} INFO - Processing /home/airflow/.local/lib/python3.12/site-packages/airflow/example_dags/tutorial_dag.py took 0.068 seconds
[2024-12-13T01:21:44.855+0000] {processor.py:186} INFO - Started process (PID=71164) to work on /home/airflow/.local/lib/python3.12/site-packages/airflow/example_dags/tutorial_dag.py
[2024-12-13T01:21:44.856+0000] {processor.py:914} INFO - Processing file /home/airflow/.local/lib/python3.12/site-packages/airflow/example_dags/tutorial_dag.py for tasks to queue
[2024-12-13T01:21:44.858+0000] {logging_mixin.py:190} INFO - [2024-12-13T01:21:44.858+0000] {dagbag.py:588} INFO - Filling up the DagBag from /home/airflow/.local/lib/python3.12/site-packages/airflow/example_dags/tutorial_dag.py
[2024-12-13T01:21:44.865+0000] {processor.py:925} INFO - DAG(s) 'tutorial_dag' retrieved from /home/airflow/.local/lib/python3.12/site-packages/airflow/example_dags/tutorial_dag.py
[2024-12-13T01:21:44.884+0000] {logging_mixin.py:190} INFO - [2024-12-13T01:21:44.884+0000] {dag.py:3239} INFO - Sync 1 DAGs
[2024-12-13T01:21:44.897+0000] {logging_mixin.py:190} INFO - [2024-12-13T01:21:44.897+0000] {dag.py:4180} INFO - Setting next_dagrun for tutorial_dag to None, run_after=None
[2024-12-13T01:21:44.913+0000] {processor.py:208} INFO - Processing /home/airflow/.local/lib/python3.12/site-packages/airflow/example_dags/tutorial_dag.py took 0.063 seconds
[2024-12-13T01:22:17.084+0000] {processor.py:186} INFO - Started process (PID=71229) to work on /home/airflow/.local/lib/python3.12/site-packages/airflow/example_dags/tutorial_dag.py
[2024-12-13T01:22:17.085+0000] {processor.py:914} INFO - Processing file /home/airflow/.local/lib/python3.12/site-packages/airflow/example_dags/tutorial_dag.py for tasks to queue
[2024-12-13T01:22:17.087+0000] {logging_mixin.py:190} INFO - [2024-12-13T01:22:17.087+0000] {dagbag.py:588} INFO - Filling up the DagBag from /home/airflow/.local/lib/python3.12/site-packages/airflow/example_dags/tutorial_dag.py
[2024-12-13T01:22:17.095+0000] {processor.py:925} INFO - DAG(s) 'tutorial_dag' retrieved from /home/airflow/.local/lib/python3.12/site-packages/airflow/example_dags/tutorial_dag.py
[2024-12-13T01:22:17.113+0000] {logging_mixin.py:190} INFO - [2024-12-13T01:22:17.113+0000] {dag.py:3239} INFO - Sync 1 DAGs
[2024-12-13T01:22:17.128+0000] {logging_mixin.py:190} INFO - [2024-12-13T01:22:17.128+0000] {dag.py:4180} INFO - Setting next_dagrun for tutorial_dag to None, run_after=None
[2024-12-13T01:22:17.145+0000] {processor.py:208} INFO - Processing /home/airflow/.local/lib/python3.12/site-packages/airflow/example_dags/tutorial_dag.py took 0.066 seconds
[2024-12-13T01:22:50.655+0000] {processor.py:186} INFO - Started process (PID=71294) to work on /home/airflow/.local/lib/python3.12/site-packages/airflow/example_dags/tutorial_dag.py
[2024-12-13T01:22:50.656+0000] {processor.py:914} INFO - Processing file /home/airflow/.local/lib/python3.12/site-packages/airflow/example_dags/tutorial_dag.py for tasks to queue
[2024-12-13T01:22:50.658+0000] {logging_mixin.py:190} INFO - [2024-12-13T01:22:50.657+0000] {dagbag.py:588} INFO - Filling up the DagBag from /home/airflow/.local/lib/python3.12/site-packages/airflow/example_dags/tutorial_dag.py
[2024-12-13T01:22:50.664+0000] {processor.py:925} INFO - DAG(s) 'tutorial_dag' retrieved from /home/airflow/.local/lib/python3.12/site-packages/airflow/example_dags/tutorial_dag.py
[2024-12-13T01:22:50.682+0000] {logging_mixin.py:190} INFO - [2024-12-13T01:22:50.682+0000] {dag.py:3239} INFO - Sync 1 DAGs
[2024-12-13T01:22:50.696+0000] {logging_mixin.py:190} INFO - [2024-12-13T01:22:50.695+0000] {dag.py:4180} INFO - Setting next_dagrun for tutorial_dag to None, run_after=None
[2024-12-13T01:22:50.713+0000] {processor.py:208} INFO - Processing /home/airflow/.local/lib/python3.12/site-packages/airflow/example_dags/tutorial_dag.py took 0.063 seconds
[2024-12-13T01:23:25.170+0000] {processor.py:186} INFO - Started process (PID=71359) to work on /home/airflow/.local/lib/python3.12/site-packages/airflow/example_dags/tutorial_dag.py
[2024-12-13T01:23:25.171+0000] {processor.py:914} INFO - Processing file /home/airflow/.local/lib/python3.12/site-packages/airflow/example_dags/tutorial_dag.py for tasks to queue
[2024-12-13T01:23:25.173+0000] {logging_mixin.py:190} INFO - [2024-12-13T01:23:25.173+0000] {dagbag.py:588} INFO - Filling up the DagBag from /home/airflow/.local/lib/python3.12/site-packages/airflow/example_dags/tutorial_dag.py
[2024-12-13T01:23:25.180+0000] {processor.py:925} INFO - DAG(s) 'tutorial_dag' retrieved from /home/airflow/.local/lib/python3.12/site-packages/airflow/example_dags/tutorial_dag.py
[2024-12-13T01:23:25.197+0000] {logging_mixin.py:190} INFO - [2024-12-13T01:23:25.197+0000] {dag.py:3239} INFO - Sync 1 DAGs
[2024-12-13T01:23:25.210+0000] {logging_mixin.py:190} INFO - [2024-12-13T01:23:25.210+0000] {dag.py:4180} INFO - Setting next_dagrun for tutorial_dag to None, run_after=None
[2024-12-13T01:23:25.226+0000] {processor.py:208} INFO - Processing /home/airflow/.local/lib/python3.12/site-packages/airflow/example_dags/tutorial_dag.py took 0.062 seconds
[2024-12-13T01:24:00.505+0000] {processor.py:186} INFO - Started process (PID=71424) to work on /home/airflow/.local/lib/python3.12/site-packages/airflow/example_dags/tutorial_dag.py
[2024-12-13T01:24:00.506+0000] {processor.py:914} INFO - Processing file /home/airflow/.local/lib/python3.12/site-packages/airflow/example_dags/tutorial_dag.py for tasks to queue
[2024-12-13T01:24:00.508+0000] {logging_mixin.py:190} INFO - [2024-12-13T01:24:00.507+0000] {dagbag.py:588} INFO - Filling up the DagBag from /home/airflow/.local/lib/python3.12/site-packages/airflow/example_dags/tutorial_dag.py
[2024-12-13T01:24:00.523+0000] {processor.py:925} INFO - DAG(s) 'tutorial_dag' retrieved from /home/airflow/.local/lib/python3.12/site-packages/airflow/example_dags/tutorial_dag.py
[2024-12-13T01:24:00.546+0000] {logging_mixin.py:190} INFO - [2024-12-13T01:24:00.546+0000] {dag.py:3239} INFO - Sync 1 DAGs
[2024-12-13T01:24:00.563+0000] {logging_mixin.py:190} INFO - [2024-12-13T01:24:00.562+0000] {dag.py:4180} INFO - Setting next_dagrun for tutorial_dag to None, run_after=None
[2024-12-13T01:24:00.584+0000] {processor.py:208} INFO - Processing /home/airflow/.local/lib/python3.12/site-packages/airflow/example_dags/tutorial_dag.py took 0.086 seconds
[2024-12-13T01:24:32.536+0000] {processor.py:186} INFO - Started process (PID=71489) to work on /home/airflow/.local/lib/python3.12/site-packages/airflow/example_dags/tutorial_dag.py
[2024-12-13T01:24:32.537+0000] {processor.py:914} INFO - Processing file /home/airflow/.local/lib/python3.12/site-packages/airflow/example_dags/tutorial_dag.py for tasks to queue
[2024-12-13T01:24:32.539+0000] {logging_mixin.py:190} INFO - [2024-12-13T01:24:32.538+0000] {dagbag.py:588} INFO - Filling up the DagBag from /home/airflow/.local/lib/python3.12/site-packages/airflow/example_dags/tutorial_dag.py
[2024-12-13T01:24:32.545+0000] {processor.py:925} INFO - DAG(s) 'tutorial_dag' retrieved from /home/airflow/.local/lib/python3.12/site-packages/airflow/example_dags/tutorial_dag.py
[2024-12-13T01:24:32.564+0000] {logging_mixin.py:190} INFO - [2024-12-13T01:24:32.563+0000] {dag.py:3239} INFO - Sync 1 DAGs
[2024-12-13T01:24:32.577+0000] {logging_mixin.py:190} INFO - [2024-12-13T01:24:32.577+0000] {dag.py:4180} INFO - Setting next_dagrun for tutorial_dag to None, run_after=None
[2024-12-13T01:24:32.759+0000] {processor.py:208} INFO - Processing /home/airflow/.local/lib/python3.12/site-packages/airflow/example_dags/tutorial_dag.py took 0.228 seconds
[2024-12-13T01:25:05.985+0000] {processor.py:186} INFO - Started process (PID=71554) to work on /home/airflow/.local/lib/python3.12/site-packages/airflow/example_dags/tutorial_dag.py
[2024-12-13T01:25:05.986+0000] {processor.py:914} INFO - Processing file /home/airflow/.local/lib/python3.12/site-packages/airflow/example_dags/tutorial_dag.py for tasks to queue
[2024-12-13T01:25:05.988+0000] {logging_mixin.py:190} INFO - [2024-12-13T01:25:05.987+0000] {dagbag.py:588} INFO - Filling up the DagBag from /home/airflow/.local/lib/python3.12/site-packages/airflow/example_dags/tutorial_dag.py
[2024-12-13T01:25:05.994+0000] {processor.py:925} INFO - DAG(s) 'tutorial_dag' retrieved from /home/airflow/.local/lib/python3.12/site-packages/airflow/example_dags/tutorial_dag.py
[2024-12-13T01:25:06.013+0000] {logging_mixin.py:190} INFO - [2024-12-13T01:25:06.013+0000] {dag.py:3239} INFO - Sync 1 DAGs
[2024-12-13T01:25:06.026+0000] {logging_mixin.py:190} INFO - [2024-12-13T01:25:06.026+0000] {dag.py:4180} INFO - Setting next_dagrun for tutorial_dag to None, run_after=None
[2024-12-13T01:25:06.220+0000] {processor.py:208} INFO - Processing /home/airflow/.local/lib/python3.12/site-packages/airflow/example_dags/tutorial_dag.py took 0.240 seconds
[2024-12-13T01:25:36.751+0000] {processor.py:186} INFO - Started process (PID=71619) to work on /home/airflow/.local/lib/python3.12/site-packages/airflow/example_dags/tutorial_dag.py
[2024-12-13T01:25:36.751+0000] {processor.py:914} INFO - Processing file /home/airflow/.local/lib/python3.12/site-packages/airflow/example_dags/tutorial_dag.py for tasks to queue
[2024-12-13T01:25:36.753+0000] {logging_mixin.py:190} INFO - [2024-12-13T01:25:36.753+0000] {dagbag.py:588} INFO - Filling up the DagBag from /home/airflow/.local/lib/python3.12/site-packages/airflow/example_dags/tutorial_dag.py
[2024-12-13T01:25:36.762+0000] {processor.py:925} INFO - DAG(s) 'tutorial_dag' retrieved from /home/airflow/.local/lib/python3.12/site-packages/airflow/example_dags/tutorial_dag.py
[2024-12-13T01:25:36.781+0000] {logging_mixin.py:190} INFO - [2024-12-13T01:25:36.781+0000] {dag.py:3239} INFO - Sync 1 DAGs
[2024-12-13T01:25:36.795+0000] {logging_mixin.py:190} INFO - [2024-12-13T01:25:36.795+0000] {dag.py:4180} INFO - Setting next_dagrun for tutorial_dag to None, run_after=None
[2024-12-13T01:25:36.815+0000] {processor.py:208} INFO - Processing /home/airflow/.local/lib/python3.12/site-packages/airflow/example_dags/tutorial_dag.py took 0.069 seconds
[2024-12-13T01:26:09.487+0000] {processor.py:186} INFO - Started process (PID=71684) to work on /home/airflow/.local/lib/python3.12/site-packages/airflow/example_dags/tutorial_dag.py
[2024-12-13T01:26:09.488+0000] {processor.py:914} INFO - Processing file /home/airflow/.local/lib/python3.12/site-packages/airflow/example_dags/tutorial_dag.py for tasks to queue
[2024-12-13T01:26:09.490+0000] {logging_mixin.py:190} INFO - [2024-12-13T01:26:09.489+0000] {dagbag.py:588} INFO - Filling up the DagBag from /home/airflow/.local/lib/python3.12/site-packages/airflow/example_dags/tutorial_dag.py
[2024-12-13T01:26:09.496+0000] {processor.py:925} INFO - DAG(s) 'tutorial_dag' retrieved from /home/airflow/.local/lib/python3.12/site-packages/airflow/example_dags/tutorial_dag.py
[2024-12-13T01:26:09.514+0000] {logging_mixin.py:190} INFO - [2024-12-13T01:26:09.514+0000] {dag.py:3239} INFO - Sync 1 DAGs
[2024-12-13T01:26:09.527+0000] {logging_mixin.py:190} INFO - [2024-12-13T01:26:09.527+0000] {dag.py:4180} INFO - Setting next_dagrun for tutorial_dag to None, run_after=None
[2024-12-13T01:26:09.545+0000] {processor.py:208} INFO - Processing /home/airflow/.local/lib/python3.12/site-packages/airflow/example_dags/tutorial_dag.py took 0.063 seconds
[2024-12-13T01:26:41.575+0000] {processor.py:186} INFO - Started process (PID=71750) to work on /home/airflow/.local/lib/python3.12/site-packages/airflow/example_dags/tutorial_dag.py
[2024-12-13T01:26:41.576+0000] {processor.py:914} INFO - Processing file /home/airflow/.local/lib/python3.12/site-packages/airflow/example_dags/tutorial_dag.py for tasks to queue
[2024-12-13T01:26:41.578+0000] {logging_mixin.py:190} INFO - [2024-12-13T01:26:41.577+0000] {dagbag.py:588} INFO - Filling up the DagBag from /home/airflow/.local/lib/python3.12/site-packages/airflow/example_dags/tutorial_dag.py
[2024-12-13T01:26:41.584+0000] {processor.py:925} INFO - DAG(s) 'tutorial_dag' retrieved from /home/airflow/.local/lib/python3.12/site-packages/airflow/example_dags/tutorial_dag.py
[2024-12-13T01:26:41.602+0000] {logging_mixin.py:190} INFO - [2024-12-13T01:26:41.602+0000] {dag.py:3239} INFO - Sync 1 DAGs
[2024-12-13T01:26:41.614+0000] {logging_mixin.py:190} INFO - [2024-12-13T01:26:41.614+0000] {dag.py:4180} INFO - Setting next_dagrun for tutorial_dag to None, run_after=None
[2024-12-13T01:26:41.631+0000] {processor.py:208} INFO - Processing /home/airflow/.local/lib/python3.12/site-packages/airflow/example_dags/tutorial_dag.py took 0.060 seconds
[2024-12-13T01:27:15.598+0000] {processor.py:186} INFO - Started process (PID=71815) to work on /home/airflow/.local/lib/python3.12/site-packages/airflow/example_dags/tutorial_dag.py
[2024-12-13T01:27:15.599+0000] {processor.py:914} INFO - Processing file /home/airflow/.local/lib/python3.12/site-packages/airflow/example_dags/tutorial_dag.py for tasks to queue
[2024-12-13T01:27:15.601+0000] {logging_mixin.py:190} INFO - [2024-12-13T01:27:15.601+0000] {dagbag.py:588} INFO - Filling up the DagBag from /home/airflow/.local/lib/python3.12/site-packages/airflow/example_dags/tutorial_dag.py
[2024-12-13T01:27:15.609+0000] {processor.py:925} INFO - DAG(s) 'tutorial_dag' retrieved from /home/airflow/.local/lib/python3.12/site-packages/airflow/example_dags/tutorial_dag.py
[2024-12-13T01:27:15.627+0000] {logging_mixin.py:190} INFO - [2024-12-13T01:27:15.627+0000] {dag.py:3239} INFO - Sync 1 DAGs
[2024-12-13T01:27:15.641+0000] {logging_mixin.py:190} INFO - [2024-12-13T01:27:15.640+0000] {dag.py:4180} INFO - Setting next_dagrun for tutorial_dag to None, run_after=None
[2024-12-13T01:27:15.658+0000] {processor.py:208} INFO - Processing /home/airflow/.local/lib/python3.12/site-packages/airflow/example_dags/tutorial_dag.py took 0.066 seconds
[2024-12-13T01:27:48.701+0000] {processor.py:186} INFO - Started process (PID=71881) to work on /home/airflow/.local/lib/python3.12/site-packages/airflow/example_dags/tutorial_dag.py
[2024-12-13T01:27:48.702+0000] {processor.py:914} INFO - Processing file /home/airflow/.local/lib/python3.12/site-packages/airflow/example_dags/tutorial_dag.py for tasks to queue
[2024-12-13T01:27:48.704+0000] {logging_mixin.py:190} INFO - [2024-12-13T01:27:48.704+0000] {dagbag.py:588} INFO - Filling up the DagBag from /home/airflow/.local/lib/python3.12/site-packages/airflow/example_dags/tutorial_dag.py
[2024-12-13T01:27:48.711+0000] {processor.py:925} INFO - DAG(s) 'tutorial_dag' retrieved from /home/airflow/.local/lib/python3.12/site-packages/airflow/example_dags/tutorial_dag.py
[2024-12-13T01:27:48.730+0000] {logging_mixin.py:190} INFO - [2024-12-13T01:27:48.730+0000] {dag.py:3239} INFO - Sync 1 DAGs
[2024-12-13T01:27:48.742+0000] {logging_mixin.py:190} INFO - [2024-12-13T01:27:48.742+0000] {dag.py:4180} INFO - Setting next_dagrun for tutorial_dag to None, run_after=None
[2024-12-13T01:27:48.757+0000] {processor.py:208} INFO - Processing /home/airflow/.local/lib/python3.12/site-packages/airflow/example_dags/tutorial_dag.py took 0.061 seconds
[2024-12-13T01:28:21.448+0000] {processor.py:186} INFO - Started process (PID=71946) to work on /home/airflow/.local/lib/python3.12/site-packages/airflow/example_dags/tutorial_dag.py
[2024-12-13T01:28:21.449+0000] {processor.py:914} INFO - Processing file /home/airflow/.local/lib/python3.12/site-packages/airflow/example_dags/tutorial_dag.py for tasks to queue
[2024-12-13T01:28:21.452+0000] {logging_mixin.py:190} INFO - [2024-12-13T01:28:21.451+0000] {dagbag.py:588} INFO - Filling up the DagBag from /home/airflow/.local/lib/python3.12/site-packages/airflow/example_dags/tutorial_dag.py
[2024-12-13T01:28:21.458+0000] {processor.py:925} INFO - DAG(s) 'tutorial_dag' retrieved from /home/airflow/.local/lib/python3.12/site-packages/airflow/example_dags/tutorial_dag.py
[2024-12-13T01:28:21.475+0000] {logging_mixin.py:190} INFO - [2024-12-13T01:28:21.475+0000] {dag.py:3239} INFO - Sync 1 DAGs
[2024-12-13T01:28:21.490+0000] {logging_mixin.py:190} INFO - [2024-12-13T01:28:21.490+0000] {dag.py:4180} INFO - Setting next_dagrun for tutorial_dag to None, run_after=None
[2024-12-13T01:28:21.507+0000] {processor.py:208} INFO - Processing /home/airflow/.local/lib/python3.12/site-packages/airflow/example_dags/tutorial_dag.py took 0.063 seconds
[2024-12-13T01:28:55.380+0000] {processor.py:186} INFO - Started process (PID=72012) to work on /home/airflow/.local/lib/python3.12/site-packages/airflow/example_dags/tutorial_dag.py
[2024-12-13T01:28:55.381+0000] {processor.py:914} INFO - Processing file /home/airflow/.local/lib/python3.12/site-packages/airflow/example_dags/tutorial_dag.py for tasks to queue
[2024-12-13T01:28:55.383+0000] {logging_mixin.py:190} INFO - [2024-12-13T01:28:55.383+0000] {dagbag.py:588} INFO - Filling up the DagBag from /home/airflow/.local/lib/python3.12/site-packages/airflow/example_dags/tutorial_dag.py
[2024-12-13T01:28:55.391+0000] {processor.py:925} INFO - DAG(s) 'tutorial_dag' retrieved from /home/airflow/.local/lib/python3.12/site-packages/airflow/example_dags/tutorial_dag.py
[2024-12-13T01:28:55.409+0000] {logging_mixin.py:190} INFO - [2024-12-13T01:28:55.409+0000] {dag.py:3239} INFO - Sync 1 DAGs
[2024-12-13T01:28:55.422+0000] {logging_mixin.py:190} INFO - [2024-12-13T01:28:55.422+0000] {dag.py:4180} INFO - Setting next_dagrun for tutorial_dag to None, run_after=None
[2024-12-13T01:28:55.438+0000] {processor.py:208} INFO - Processing /home/airflow/.local/lib/python3.12/site-packages/airflow/example_dags/tutorial_dag.py took 0.062 seconds
[2024-12-13T01:29:28.130+0000] {processor.py:186} INFO - Started process (PID=72077) to work on /home/airflow/.local/lib/python3.12/site-packages/airflow/example_dags/tutorial_dag.py
[2024-12-13T01:29:28.131+0000] {processor.py:914} INFO - Processing file /home/airflow/.local/lib/python3.12/site-packages/airflow/example_dags/tutorial_dag.py for tasks to queue
[2024-12-13T01:29:28.133+0000] {logging_mixin.py:190} INFO - [2024-12-13T01:29:28.133+0000] {dagbag.py:588} INFO - Filling up the DagBag from /home/airflow/.local/lib/python3.12/site-packages/airflow/example_dags/tutorial_dag.py
[2024-12-13T01:29:28.141+0000] {processor.py:925} INFO - DAG(s) 'tutorial_dag' retrieved from /home/airflow/.local/lib/python3.12/site-packages/airflow/example_dags/tutorial_dag.py
[2024-12-13T01:29:28.158+0000] {logging_mixin.py:190} INFO - [2024-12-13T01:29:28.158+0000] {dag.py:3239} INFO - Sync 1 DAGs
[2024-12-13T01:29:28.171+0000] {logging_mixin.py:190} INFO - [2024-12-13T01:29:28.171+0000] {dag.py:4180} INFO - Setting next_dagrun for tutorial_dag to None, run_after=None
[2024-12-13T01:29:28.187+0000] {processor.py:208} INFO - Processing /home/airflow/.local/lib/python3.12/site-packages/airflow/example_dags/tutorial_dag.py took 0.062 seconds
[2024-12-13T01:30:02.006+0000] {processor.py:186} INFO - Started process (PID=72142) to work on /home/airflow/.local/lib/python3.12/site-packages/airflow/example_dags/tutorial_dag.py
[2024-12-13T01:30:02.007+0000] {processor.py:914} INFO - Processing file /home/airflow/.local/lib/python3.12/site-packages/airflow/example_dags/tutorial_dag.py for tasks to queue
[2024-12-13T01:30:02.009+0000] {logging_mixin.py:190} INFO - [2024-12-13T01:30:02.009+0000] {dagbag.py:588} INFO - Filling up the DagBag from /home/airflow/.local/lib/python3.12/site-packages/airflow/example_dags/tutorial_dag.py
[2024-12-13T01:30:02.016+0000] {processor.py:925} INFO - DAG(s) 'tutorial_dag' retrieved from /home/airflow/.local/lib/python3.12/site-packages/airflow/example_dags/tutorial_dag.py
[2024-12-13T01:30:02.034+0000] {logging_mixin.py:190} INFO - [2024-12-13T01:30:02.033+0000] {dag.py:3239} INFO - Sync 1 DAGs
[2024-12-13T01:30:02.061+0000] {logging_mixin.py:190} INFO - [2024-12-13T01:30:02.061+0000] {dag.py:4180} INFO - Setting next_dagrun for tutorial_dag to None, run_after=None
[2024-12-13T01:30:02.077+0000] {processor.py:208} INFO - Processing /home/airflow/.local/lib/python3.12/site-packages/airflow/example_dags/tutorial_dag.py took 0.076 seconds
[2024-12-13T01:30:35.013+0000] {processor.py:186} INFO - Started process (PID=72207) to work on /home/airflow/.local/lib/python3.12/site-packages/airflow/example_dags/tutorial_dag.py
[2024-12-13T01:30:35.014+0000] {processor.py:914} INFO - Processing file /home/airflow/.local/lib/python3.12/site-packages/airflow/example_dags/tutorial_dag.py for tasks to queue
[2024-12-13T01:30:35.016+0000] {logging_mixin.py:190} INFO - [2024-12-13T01:30:35.016+0000] {dagbag.py:588} INFO - Filling up the DagBag from /home/airflow/.local/lib/python3.12/site-packages/airflow/example_dags/tutorial_dag.py
[2024-12-13T01:30:35.023+0000] {processor.py:925} INFO - DAG(s) 'tutorial_dag' retrieved from /home/airflow/.local/lib/python3.12/site-packages/airflow/example_dags/tutorial_dag.py
[2024-12-13T01:30:35.040+0000] {logging_mixin.py:190} INFO - [2024-12-13T01:30:35.040+0000] {dag.py:3239} INFO - Sync 1 DAGs
[2024-12-13T01:30:35.052+0000] {logging_mixin.py:190} INFO - [2024-12-13T01:30:35.052+0000] {dag.py:4180} INFO - Setting next_dagrun for tutorial_dag to None, run_after=None
[2024-12-13T01:30:35.068+0000] {processor.py:208} INFO - Processing /home/airflow/.local/lib/python3.12/site-packages/airflow/example_dags/tutorial_dag.py took 0.060 seconds
[2024-12-13T01:31:08.973+0000] {processor.py:186} INFO - Started process (PID=72272) to work on /home/airflow/.local/lib/python3.12/site-packages/airflow/example_dags/tutorial_dag.py
[2024-12-13T01:31:08.974+0000] {processor.py:914} INFO - Processing file /home/airflow/.local/lib/python3.12/site-packages/airflow/example_dags/tutorial_dag.py for tasks to queue
[2024-12-13T01:31:08.976+0000] {logging_mixin.py:190} INFO - [2024-12-13T01:31:08.976+0000] {dagbag.py:588} INFO - Filling up the DagBag from /home/airflow/.local/lib/python3.12/site-packages/airflow/example_dags/tutorial_dag.py
[2024-12-13T01:31:08.983+0000] {processor.py:925} INFO - DAG(s) 'tutorial_dag' retrieved from /home/airflow/.local/lib/python3.12/site-packages/airflow/example_dags/tutorial_dag.py
[2024-12-13T01:31:09.000+0000] {logging_mixin.py:190} INFO - [2024-12-13T01:31:08.999+0000] {dag.py:3239} INFO - Sync 1 DAGs
[2024-12-13T01:31:09.013+0000] {logging_mixin.py:190} INFO - [2024-12-13T01:31:09.013+0000] {dag.py:4180} INFO - Setting next_dagrun for tutorial_dag to None, run_after=None
[2024-12-13T01:31:09.029+0000] {processor.py:208} INFO - Processing /home/airflow/.local/lib/python3.12/site-packages/airflow/example_dags/tutorial_dag.py took 0.061 seconds
[2024-12-13T01:31:42.077+0000] {processor.py:186} INFO - Started process (PID=72338) to work on /home/airflow/.local/lib/python3.12/site-packages/airflow/example_dags/tutorial_dag.py
[2024-12-13T01:31:42.078+0000] {processor.py:914} INFO - Processing file /home/airflow/.local/lib/python3.12/site-packages/airflow/example_dags/tutorial_dag.py for tasks to queue
[2024-12-13T01:31:42.081+0000] {logging_mixin.py:190} INFO - [2024-12-13T01:31:42.081+0000] {dagbag.py:588} INFO - Filling up the DagBag from /home/airflow/.local/lib/python3.12/site-packages/airflow/example_dags/tutorial_dag.py
[2024-12-13T01:31:42.090+0000] {processor.py:925} INFO - DAG(s) 'tutorial_dag' retrieved from /home/airflow/.local/lib/python3.12/site-packages/airflow/example_dags/tutorial_dag.py
[2024-12-13T01:31:42.108+0000] {logging_mixin.py:190} INFO - [2024-12-13T01:31:42.108+0000] {dag.py:3239} INFO - Sync 1 DAGs
[2024-12-13T01:31:42.124+0000] {logging_mixin.py:190} INFO - [2024-12-13T01:31:42.124+0000] {dag.py:4180} INFO - Setting next_dagrun for tutorial_dag to None, run_after=None
[2024-12-13T01:31:42.141+0000] {processor.py:208} INFO - Processing /home/airflow/.local/lib/python3.12/site-packages/airflow/example_dags/tutorial_dag.py took 0.070 seconds
[2024-12-13T01:32:15.134+0000] {processor.py:186} INFO - Started process (PID=72404) to work on /home/airflow/.local/lib/python3.12/site-packages/airflow/example_dags/tutorial_dag.py
[2024-12-13T01:32:15.135+0000] {processor.py:914} INFO - Processing file /home/airflow/.local/lib/python3.12/site-packages/airflow/example_dags/tutorial_dag.py for tasks to queue
[2024-12-13T01:32:15.137+0000] {logging_mixin.py:190} INFO - [2024-12-13T01:32:15.136+0000] {dagbag.py:588} INFO - Filling up the DagBag from /home/airflow/.local/lib/python3.12/site-packages/airflow/example_dags/tutorial_dag.py
[2024-12-13T01:32:15.144+0000] {processor.py:925} INFO - DAG(s) 'tutorial_dag' retrieved from /home/airflow/.local/lib/python3.12/site-packages/airflow/example_dags/tutorial_dag.py
[2024-12-13T01:32:15.163+0000] {logging_mixin.py:190} INFO - [2024-12-13T01:32:15.163+0000] {dag.py:3239} INFO - Sync 1 DAGs
[2024-12-13T01:32:15.176+0000] {logging_mixin.py:190} INFO - [2024-12-13T01:32:15.176+0000] {dag.py:4180} INFO - Setting next_dagrun for tutorial_dag to None, run_after=None
[2024-12-13T01:32:15.195+0000] {processor.py:208} INFO - Processing /home/airflow/.local/lib/python3.12/site-packages/airflow/example_dags/tutorial_dag.py took 0.067 seconds
[2024-12-13T01:32:50.143+0000] {processor.py:186} INFO - Started process (PID=72481) to work on /home/airflow/.local/lib/python3.12/site-packages/airflow/example_dags/tutorial_dag.py
[2024-12-13T01:32:50.144+0000] {processor.py:914} INFO - Processing file /home/airflow/.local/lib/python3.12/site-packages/airflow/example_dags/tutorial_dag.py for tasks to queue
[2024-12-13T01:32:50.146+0000] {logging_mixin.py:190} INFO - [2024-12-13T01:32:50.146+0000] {dagbag.py:588} INFO - Filling up the DagBag from /home/airflow/.local/lib/python3.12/site-packages/airflow/example_dags/tutorial_dag.py
[2024-12-13T01:32:50.153+0000] {processor.py:925} INFO - DAG(s) 'tutorial_dag' retrieved from /home/airflow/.local/lib/python3.12/site-packages/airflow/example_dags/tutorial_dag.py
[2024-12-13T01:32:50.171+0000] {logging_mixin.py:190} INFO - [2024-12-13T01:32:50.171+0000] {dag.py:3239} INFO - Sync 1 DAGs
[2024-12-13T01:32:50.187+0000] {logging_mixin.py:190} INFO - [2024-12-13T01:32:50.187+0000] {dag.py:4180} INFO - Setting next_dagrun for tutorial_dag to None, run_after=None
[2024-12-13T01:32:50.203+0000] {processor.py:208} INFO - Processing /home/airflow/.local/lib/python3.12/site-packages/airflow/example_dags/tutorial_dag.py took 0.066 seconds
[2024-12-13T01:33:24.406+0000] {processor.py:186} INFO - Started process (PID=72554) to work on /home/airflow/.local/lib/python3.12/site-packages/airflow/example_dags/tutorial_dag.py
[2024-12-13T01:33:24.407+0000] {processor.py:914} INFO - Processing file /home/airflow/.local/lib/python3.12/site-packages/airflow/example_dags/tutorial_dag.py for tasks to queue
[2024-12-13T01:33:24.409+0000] {logging_mixin.py:190} INFO - [2024-12-13T01:33:24.409+0000] {dagbag.py:588} INFO - Filling up the DagBag from /home/airflow/.local/lib/python3.12/site-packages/airflow/example_dags/tutorial_dag.py
[2024-12-13T01:33:24.418+0000] {processor.py:925} INFO - DAG(s) 'tutorial_dag' retrieved from /home/airflow/.local/lib/python3.12/site-packages/airflow/example_dags/tutorial_dag.py
[2024-12-13T01:33:24.441+0000] {logging_mixin.py:190} INFO - [2024-12-13T01:33:24.441+0000] {dag.py:3239} INFO - Sync 1 DAGs
[2024-12-13T01:33:24.462+0000] {logging_mixin.py:190} INFO - [2024-12-13T01:33:24.461+0000] {dag.py:4180} INFO - Setting next_dagrun for tutorial_dag to None, run_after=None
[2024-12-13T01:33:24.486+0000] {processor.py:208} INFO - Processing /home/airflow/.local/lib/python3.12/site-packages/airflow/example_dags/tutorial_dag.py took 0.086 seconds
[2024-12-13T01:33:58.065+0000] {processor.py:186} INFO - Started process (PID=72619) to work on /home/airflow/.local/lib/python3.12/site-packages/airflow/example_dags/tutorial_dag.py
[2024-12-13T01:33:58.066+0000] {processor.py:914} INFO - Processing file /home/airflow/.local/lib/python3.12/site-packages/airflow/example_dags/tutorial_dag.py for tasks to queue
[2024-12-13T01:33:58.069+0000] {logging_mixin.py:190} INFO - [2024-12-13T01:33:58.068+0000] {dagbag.py:588} INFO - Filling up the DagBag from /home/airflow/.local/lib/python3.12/site-packages/airflow/example_dags/tutorial_dag.py
[2024-12-13T01:33:58.077+0000] {processor.py:925} INFO - DAG(s) 'tutorial_dag' retrieved from /home/airflow/.local/lib/python3.12/site-packages/airflow/example_dags/tutorial_dag.py
[2024-12-13T01:33:58.097+0000] {logging_mixin.py:190} INFO - [2024-12-13T01:33:58.097+0000] {dag.py:3239} INFO - Sync 1 DAGs
[2024-12-13T01:33:58.112+0000] {logging_mixin.py:190} INFO - [2024-12-13T01:33:58.112+0000] {dag.py:4180} INFO - Setting next_dagrun for tutorial_dag to None, run_after=None
[2024-12-13T01:33:58.130+0000] {processor.py:208} INFO - Processing /home/airflow/.local/lib/python3.12/site-packages/airflow/example_dags/tutorial_dag.py took 0.070 seconds
[2024-12-13T01:34:30.243+0000] {processor.py:186} INFO - Started process (PID=72684) to work on /home/airflow/.local/lib/python3.12/site-packages/airflow/example_dags/tutorial_dag.py
[2024-12-13T01:34:30.244+0000] {processor.py:914} INFO - Processing file /home/airflow/.local/lib/python3.12/site-packages/airflow/example_dags/tutorial_dag.py for tasks to queue
[2024-12-13T01:34:30.246+0000] {logging_mixin.py:190} INFO - [2024-12-13T01:34:30.246+0000] {dagbag.py:588} INFO - Filling up the DagBag from /home/airflow/.local/lib/python3.12/site-packages/airflow/example_dags/tutorial_dag.py
[2024-12-13T01:34:30.254+0000] {processor.py:925} INFO - DAG(s) 'tutorial_dag' retrieved from /home/airflow/.local/lib/python3.12/site-packages/airflow/example_dags/tutorial_dag.py
[2024-12-13T01:34:30.272+0000] {logging_mixin.py:190} INFO - [2024-12-13T01:34:30.272+0000] {dag.py:3239} INFO - Sync 1 DAGs
[2024-12-13T01:34:30.285+0000] {logging_mixin.py:190} INFO - [2024-12-13T01:34:30.285+0000] {dag.py:4180} INFO - Setting next_dagrun for tutorial_dag to None, run_after=None
[2024-12-13T01:34:30.305+0000] {processor.py:208} INFO - Processing /home/airflow/.local/lib/python3.12/site-packages/airflow/example_dags/tutorial_dag.py took 0.067 seconds
[2024-12-13T01:35:04.357+0000] {processor.py:186} INFO - Started process (PID=72749) to work on /home/airflow/.local/lib/python3.12/site-packages/airflow/example_dags/tutorial_dag.py
[2024-12-13T01:35:04.358+0000] {processor.py:914} INFO - Processing file /home/airflow/.local/lib/python3.12/site-packages/airflow/example_dags/tutorial_dag.py for tasks to queue
[2024-12-13T01:35:04.361+0000] {logging_mixin.py:190} INFO - [2024-12-13T01:35:04.360+0000] {dagbag.py:588} INFO - Filling up the DagBag from /home/airflow/.local/lib/python3.12/site-packages/airflow/example_dags/tutorial_dag.py
[2024-12-13T01:35:04.369+0000] {processor.py:925} INFO - DAG(s) 'tutorial_dag' retrieved from /home/airflow/.local/lib/python3.12/site-packages/airflow/example_dags/tutorial_dag.py
[2024-12-13T01:35:04.394+0000] {logging_mixin.py:190} INFO - [2024-12-13T01:35:04.394+0000] {dag.py:3239} INFO - Sync 1 DAGs
[2024-12-13T01:35:04.412+0000] {logging_mixin.py:190} INFO - [2024-12-13T01:35:04.412+0000] {dag.py:4180} INFO - Setting next_dagrun for tutorial_dag to None, run_after=None
[2024-12-13T01:35:04.442+0000] {processor.py:208} INFO - Processing /home/airflow/.local/lib/python3.12/site-packages/airflow/example_dags/tutorial_dag.py took 0.092 seconds
[2024-12-13T01:35:37.939+0000] {processor.py:186} INFO - Started process (PID=72814) to work on /home/airflow/.local/lib/python3.12/site-packages/airflow/example_dags/tutorial_dag.py
[2024-12-13T01:35:37.939+0000] {processor.py:914} INFO - Processing file /home/airflow/.local/lib/python3.12/site-packages/airflow/example_dags/tutorial_dag.py for tasks to queue
[2024-12-13T01:35:37.942+0000] {logging_mixin.py:190} INFO - [2024-12-13T01:35:37.941+0000] {dagbag.py:588} INFO - Filling up the DagBag from /home/airflow/.local/lib/python3.12/site-packages/airflow/example_dags/tutorial_dag.py
[2024-12-13T01:35:37.948+0000] {processor.py:925} INFO - DAG(s) 'tutorial_dag' retrieved from /home/airflow/.local/lib/python3.12/site-packages/airflow/example_dags/tutorial_dag.py
[2024-12-13T01:35:37.967+0000] {logging_mixin.py:190} INFO - [2024-12-13T01:35:37.966+0000] {dag.py:3239} INFO - Sync 1 DAGs
[2024-12-13T01:35:37.979+0000] {logging_mixin.py:190} INFO - [2024-12-13T01:35:37.979+0000] {dag.py:4180} INFO - Setting next_dagrun for tutorial_dag to None, run_after=None
[2024-12-13T01:35:37.994+0000] {processor.py:208} INFO - Processing /home/airflow/.local/lib/python3.12/site-packages/airflow/example_dags/tutorial_dag.py took 0.061 seconds
[2024-12-13T01:36:10.801+0000] {processor.py:186} INFO - Started process (PID=72879) to work on /home/airflow/.local/lib/python3.12/site-packages/airflow/example_dags/tutorial_dag.py
[2024-12-13T01:36:10.802+0000] {processor.py:914} INFO - Processing file /home/airflow/.local/lib/python3.12/site-packages/airflow/example_dags/tutorial_dag.py for tasks to queue
[2024-12-13T01:36:10.805+0000] {logging_mixin.py:190} INFO - [2024-12-13T01:36:10.805+0000] {dagbag.py:588} INFO - Filling up the DagBag from /home/airflow/.local/lib/python3.12/site-packages/airflow/example_dags/tutorial_dag.py
[2024-12-13T01:36:10.813+0000] {processor.py:925} INFO - DAG(s) 'tutorial_dag' retrieved from /home/airflow/.local/lib/python3.12/site-packages/airflow/example_dags/tutorial_dag.py
[2024-12-13T01:36:10.832+0000] {logging_mixin.py:190} INFO - [2024-12-13T01:36:10.831+0000] {dag.py:3239} INFO - Sync 1 DAGs
[2024-12-13T01:36:10.844+0000] {logging_mixin.py:190} INFO - [2024-12-13T01:36:10.844+0000] {dag.py:4180} INFO - Setting next_dagrun for tutorial_dag to None, run_after=None
[2024-12-13T01:36:10.863+0000] {processor.py:208} INFO - Processing /home/airflow/.local/lib/python3.12/site-packages/airflow/example_dags/tutorial_dag.py took 0.067 seconds
[2024-12-13T01:36:45.204+0000] {processor.py:186} INFO - Started process (PID=72944) to work on /home/airflow/.local/lib/python3.12/site-packages/airflow/example_dags/tutorial_dag.py
[2024-12-13T01:36:45.205+0000] {processor.py:914} INFO - Processing file /home/airflow/.local/lib/python3.12/site-packages/airflow/example_dags/tutorial_dag.py for tasks to queue
[2024-12-13T01:36:45.208+0000] {logging_mixin.py:190} INFO - [2024-12-13T01:36:45.207+0000] {dagbag.py:588} INFO - Filling up the DagBag from /home/airflow/.local/lib/python3.12/site-packages/airflow/example_dags/tutorial_dag.py
[2024-12-13T01:36:45.215+0000] {processor.py:925} INFO - DAG(s) 'tutorial_dag' retrieved from /home/airflow/.local/lib/python3.12/site-packages/airflow/example_dags/tutorial_dag.py
[2024-12-13T01:36:45.235+0000] {logging_mixin.py:190} INFO - [2024-12-13T01:36:45.235+0000] {dag.py:3239} INFO - Sync 1 DAGs
[2024-12-13T01:36:45.249+0000] {logging_mixin.py:190} INFO - [2024-12-13T01:36:45.249+0000] {dag.py:4180} INFO - Setting next_dagrun for tutorial_dag to None, run_after=None
[2024-12-13T01:36:45.267+0000] {processor.py:208} INFO - Processing /home/airflow/.local/lib/python3.12/site-packages/airflow/example_dags/tutorial_dag.py took 0.070 seconds
