[2024-12-13T00:54:55.945+0000] {processor.py:186} INFO - Started process (PID=67964) to work on /home/airflow/.local/lib/python3.12/site-packages/airflow/example_dags/tutorial.py
[2024-12-13T00:54:55.946+0000] {processor.py:914} INFO - Processing file /home/airflow/.local/lib/python3.12/site-packages/airflow/example_dags/tutorial.py for tasks to queue
[2024-12-13T00:54:55.949+0000] {logging_mixin.py:190} INFO - [2024-12-13T00:54:55.949+0000] {dagbag.py:588} INFO - Filling up the DagBag from /home/airflow/.local/lib/python3.12/site-packages/airflow/example_dags/tutorial.py
[2024-12-13T00:54:55.960+0000] {processor.py:925} INFO - DAG(s) 'tutorial' retrieved from /home/airflow/.local/lib/python3.12/site-packages/airflow/example_dags/tutorial.py
[2024-12-13T00:54:55.983+0000] {logging_mixin.py:190} INFO - [2024-12-13T00:54:55.983+0000] {dag.py:3239} INFO - Sync 1 DAGs
[2024-12-13T00:54:56.015+0000] {logging_mixin.py:190} INFO - [2024-12-13T00:54:56.014+0000] {dag.py:4180} INFO - Setting next_dagrun for tutorial to 2024-12-12 00:00:00+00:00, run_after=2024-12-13 00:00:00+00:00
[2024-12-13T00:54:56.040+0000] {processor.py:208} INFO - Processing /home/airflow/.local/lib/python3.12/site-packages/airflow/example_dags/tutorial.py took 0.100 seconds
[2024-12-13T00:55:27.557+0000] {processor.py:186} INFO - Started process (PID=68030) to work on /home/airflow/.local/lib/python3.12/site-packages/airflow/example_dags/tutorial.py
[2024-12-13T00:55:27.557+0000] {processor.py:914} INFO - Processing file /home/airflow/.local/lib/python3.12/site-packages/airflow/example_dags/tutorial.py for tasks to queue
[2024-12-13T00:55:27.559+0000] {logging_mixin.py:190} INFO - [2024-12-13T00:55:27.559+0000] {dagbag.py:588} INFO - Filling up the DagBag from /home/airflow/.local/lib/python3.12/site-packages/airflow/example_dags/tutorial.py
[2024-12-13T00:55:27.567+0000] {processor.py:925} INFO - DAG(s) 'tutorial' retrieved from /home/airflow/.local/lib/python3.12/site-packages/airflow/example_dags/tutorial.py
[2024-12-13T00:55:27.583+0000] {logging_mixin.py:190} INFO - [2024-12-13T00:55:27.583+0000] {dag.py:3239} INFO - Sync 1 DAGs
[2024-12-13T00:55:27.602+0000] {logging_mixin.py:190} INFO - [2024-12-13T00:55:27.602+0000] {dag.py:4180} INFO - Setting next_dagrun for tutorial to 2024-12-12 00:00:00+00:00, run_after=2024-12-13 00:00:00+00:00
[2024-12-13T00:55:27.618+0000] {processor.py:208} INFO - Processing /home/airflow/.local/lib/python3.12/site-packages/airflow/example_dags/tutorial.py took 0.066 seconds
[2024-12-13T00:55:58.237+0000] {processor.py:186} INFO - Started process (PID=68089) to work on /home/airflow/.local/lib/python3.12/site-packages/airflow/example_dags/tutorial.py
[2024-12-13T00:55:58.238+0000] {processor.py:914} INFO - Processing file /home/airflow/.local/lib/python3.12/site-packages/airflow/example_dags/tutorial.py for tasks to queue
[2024-12-13T00:55:58.240+0000] {logging_mixin.py:190} INFO - [2024-12-13T00:55:58.240+0000] {dagbag.py:588} INFO - Filling up the DagBag from /home/airflow/.local/lib/python3.12/site-packages/airflow/example_dags/tutorial.py
[2024-12-13T00:55:58.260+0000] {processor.py:925} INFO - DAG(s) 'tutorial' retrieved from /home/airflow/.local/lib/python3.12/site-packages/airflow/example_dags/tutorial.py
[2024-12-13T00:55:58.277+0000] {logging_mixin.py:190} INFO - [2024-12-13T00:55:58.277+0000] {dag.py:3239} INFO - Sync 1 DAGs
[2024-12-13T00:55:58.297+0000] {logging_mixin.py:190} INFO - [2024-12-13T00:55:58.297+0000] {dag.py:4180} INFO - Setting next_dagrun for tutorial to 2024-12-12 00:00:00+00:00, run_after=2024-12-13 00:00:00+00:00
[2024-12-13T00:55:58.311+0000] {processor.py:208} INFO - Processing /home/airflow/.local/lib/python3.12/site-packages/airflow/example_dags/tutorial.py took 0.078 seconds
[2024-12-13T00:56:29.006+0000] {processor.py:186} INFO - Started process (PID=68154) to work on /home/airflow/.local/lib/python3.12/site-packages/airflow/example_dags/tutorial.py
[2024-12-13T00:56:29.007+0000] {processor.py:914} INFO - Processing file /home/airflow/.local/lib/python3.12/site-packages/airflow/example_dags/tutorial.py for tasks to queue
[2024-12-13T00:56:29.009+0000] {logging_mixin.py:190} INFO - [2024-12-13T00:56:29.009+0000] {dagbag.py:588} INFO - Filling up the DagBag from /home/airflow/.local/lib/python3.12/site-packages/airflow/example_dags/tutorial.py
[2024-12-13T00:56:29.017+0000] {processor.py:925} INFO - DAG(s) 'tutorial' retrieved from /home/airflow/.local/lib/python3.12/site-packages/airflow/example_dags/tutorial.py
[2024-12-13T00:56:29.035+0000] {logging_mixin.py:190} INFO - [2024-12-13T00:56:29.034+0000] {dag.py:3239} INFO - Sync 1 DAGs
[2024-12-13T00:56:29.056+0000] {logging_mixin.py:190} INFO - [2024-12-13T00:56:29.056+0000] {dag.py:4180} INFO - Setting next_dagrun for tutorial to 2024-12-12 00:00:00+00:00, run_after=2024-12-13 00:00:00+00:00
[2024-12-13T00:56:29.071+0000] {processor.py:208} INFO - Processing /home/airflow/.local/lib/python3.12/site-packages/airflow/example_dags/tutorial.py took 0.070 seconds
[2024-12-13T00:57:00.071+0000] {processor.py:186} INFO - Started process (PID=68218) to work on /home/airflow/.local/lib/python3.12/site-packages/airflow/example_dags/tutorial.py
[2024-12-13T00:57:00.072+0000] {processor.py:914} INFO - Processing file /home/airflow/.local/lib/python3.12/site-packages/airflow/example_dags/tutorial.py for tasks to queue
[2024-12-13T00:57:00.073+0000] {logging_mixin.py:190} INFO - [2024-12-13T00:57:00.073+0000] {dagbag.py:588} INFO - Filling up the DagBag from /home/airflow/.local/lib/python3.12/site-packages/airflow/example_dags/tutorial.py
[2024-12-13T00:57:00.080+0000] {processor.py:925} INFO - DAG(s) 'tutorial' retrieved from /home/airflow/.local/lib/python3.12/site-packages/airflow/example_dags/tutorial.py
[2024-12-13T00:57:00.097+0000] {logging_mixin.py:190} INFO - [2024-12-13T00:57:00.097+0000] {dag.py:3239} INFO - Sync 1 DAGs
[2024-12-13T00:57:00.118+0000] {logging_mixin.py:190} INFO - [2024-12-13T00:57:00.117+0000] {dag.py:4180} INFO - Setting next_dagrun for tutorial to 2024-12-12 00:00:00+00:00, run_after=2024-12-13 00:00:00+00:00
[2024-12-13T00:57:00.134+0000] {processor.py:208} INFO - Processing /home/airflow/.local/lib/python3.12/site-packages/airflow/example_dags/tutorial.py took 0.068 seconds
[2024-12-13T00:57:30.890+0000] {processor.py:186} INFO - Started process (PID=68283) to work on /home/airflow/.local/lib/python3.12/site-packages/airflow/example_dags/tutorial.py
[2024-12-13T00:57:30.891+0000] {processor.py:914} INFO - Processing file /home/airflow/.local/lib/python3.12/site-packages/airflow/example_dags/tutorial.py for tasks to queue
[2024-12-13T00:57:30.893+0000] {logging_mixin.py:190} INFO - [2024-12-13T00:57:30.893+0000] {dagbag.py:588} INFO - Filling up the DagBag from /home/airflow/.local/lib/python3.12/site-packages/airflow/example_dags/tutorial.py
[2024-12-13T00:57:30.901+0000] {processor.py:925} INFO - DAG(s) 'tutorial' retrieved from /home/airflow/.local/lib/python3.12/site-packages/airflow/example_dags/tutorial.py
[2024-12-13T00:57:30.919+0000] {logging_mixin.py:190} INFO - [2024-12-13T00:57:30.918+0000] {dag.py:3239} INFO - Sync 1 DAGs
[2024-12-13T00:57:30.938+0000] {logging_mixin.py:190} INFO - [2024-12-13T00:57:30.938+0000] {dag.py:4180} INFO - Setting next_dagrun for tutorial to 2024-12-12 00:00:00+00:00, run_after=2024-12-13 00:00:00+00:00
[2024-12-13T00:57:30.954+0000] {processor.py:208} INFO - Processing /home/airflow/.local/lib/python3.12/site-packages/airflow/example_dags/tutorial.py took 0.071 seconds
[2024-12-13T00:58:01.516+0000] {processor.py:186} INFO - Started process (PID=68347) to work on /home/airflow/.local/lib/python3.12/site-packages/airflow/example_dags/tutorial.py
[2024-12-13T00:58:01.518+0000] {processor.py:914} INFO - Processing file /home/airflow/.local/lib/python3.12/site-packages/airflow/example_dags/tutorial.py for tasks to queue
[2024-12-13T00:58:01.521+0000] {logging_mixin.py:190} INFO - [2024-12-13T00:58:01.520+0000] {dagbag.py:588} INFO - Filling up the DagBag from /home/airflow/.local/lib/python3.12/site-packages/airflow/example_dags/tutorial.py
[2024-12-13T00:58:01.530+0000] {processor.py:925} INFO - DAG(s) 'tutorial' retrieved from /home/airflow/.local/lib/python3.12/site-packages/airflow/example_dags/tutorial.py
[2024-12-13T00:58:01.551+0000] {logging_mixin.py:190} INFO - [2024-12-13T00:58:01.551+0000] {dag.py:3239} INFO - Sync 1 DAGs
[2024-12-13T00:58:01.579+0000] {logging_mixin.py:190} INFO - [2024-12-13T00:58:01.579+0000] {dag.py:4180} INFO - Setting next_dagrun for tutorial to 2024-12-12 00:00:00+00:00, run_after=2024-12-13 00:00:00+00:00
[2024-12-13T00:58:01.597+0000] {processor.py:208} INFO - Processing /home/airflow/.local/lib/python3.12/site-packages/airflow/example_dags/tutorial.py took 0.090 seconds
[2024-12-13T00:58:32.203+0000] {processor.py:186} INFO - Started process (PID=68412) to work on /home/airflow/.local/lib/python3.12/site-packages/airflow/example_dags/tutorial.py
[2024-12-13T00:58:32.204+0000] {processor.py:914} INFO - Processing file /home/airflow/.local/lib/python3.12/site-packages/airflow/example_dags/tutorial.py for tasks to queue
[2024-12-13T00:58:32.206+0000] {logging_mixin.py:190} INFO - [2024-12-13T00:58:32.206+0000] {dagbag.py:588} INFO - Filling up the DagBag from /home/airflow/.local/lib/python3.12/site-packages/airflow/example_dags/tutorial.py
[2024-12-13T00:58:32.213+0000] {processor.py:925} INFO - DAG(s) 'tutorial' retrieved from /home/airflow/.local/lib/python3.12/site-packages/airflow/example_dags/tutorial.py
[2024-12-13T00:58:32.232+0000] {logging_mixin.py:190} INFO - [2024-12-13T00:58:32.232+0000] {dag.py:3239} INFO - Sync 1 DAGs
[2024-12-13T00:58:32.252+0000] {logging_mixin.py:190} INFO - [2024-12-13T00:58:32.252+0000] {dag.py:4180} INFO - Setting next_dagrun for tutorial to 2024-12-12 00:00:00+00:00, run_after=2024-12-13 00:00:00+00:00
[2024-12-13T00:58:32.268+0000] {processor.py:208} INFO - Processing /home/airflow/.local/lib/python3.12/site-packages/airflow/example_dags/tutorial.py took 0.071 seconds
[2024-12-13T00:59:02.906+0000] {processor.py:186} INFO - Started process (PID=68477) to work on /home/airflow/.local/lib/python3.12/site-packages/airflow/example_dags/tutorial.py
[2024-12-13T00:59:02.907+0000] {processor.py:914} INFO - Processing file /home/airflow/.local/lib/python3.12/site-packages/airflow/example_dags/tutorial.py for tasks to queue
[2024-12-13T00:59:02.909+0000] {logging_mixin.py:190} INFO - [2024-12-13T00:59:02.908+0000] {dagbag.py:588} INFO - Filling up the DagBag from /home/airflow/.local/lib/python3.12/site-packages/airflow/example_dags/tutorial.py
[2024-12-13T00:59:02.916+0000] {processor.py:925} INFO - DAG(s) 'tutorial' retrieved from /home/airflow/.local/lib/python3.12/site-packages/airflow/example_dags/tutorial.py
[2024-12-13T00:59:02.934+0000] {logging_mixin.py:190} INFO - [2024-12-13T00:59:02.934+0000] {dag.py:3239} INFO - Sync 1 DAGs
[2024-12-13T00:59:02.953+0000] {logging_mixin.py:190} INFO - [2024-12-13T00:59:02.953+0000] {dag.py:4180} INFO - Setting next_dagrun for tutorial to 2024-12-12 00:00:00+00:00, run_after=2024-12-13 00:00:00+00:00
[2024-12-13T00:59:02.968+0000] {processor.py:208} INFO - Processing /home/airflow/.local/lib/python3.12/site-packages/airflow/example_dags/tutorial.py took 0.068 seconds
[2024-12-13T00:59:33.024+0000] {processor.py:186} INFO - Started process (PID=68541) to work on /home/airflow/.local/lib/python3.12/site-packages/airflow/example_dags/tutorial.py
[2024-12-13T00:59:33.025+0000] {processor.py:914} INFO - Processing file /home/airflow/.local/lib/python3.12/site-packages/airflow/example_dags/tutorial.py for tasks to queue
[2024-12-13T00:59:33.027+0000] {logging_mixin.py:190} INFO - [2024-12-13T00:59:33.026+0000] {dagbag.py:588} INFO - Filling up the DagBag from /home/airflow/.local/lib/python3.12/site-packages/airflow/example_dags/tutorial.py
[2024-12-13T00:59:33.034+0000] {processor.py:925} INFO - DAG(s) 'tutorial' retrieved from /home/airflow/.local/lib/python3.12/site-packages/airflow/example_dags/tutorial.py
[2024-12-13T00:59:33.053+0000] {logging_mixin.py:190} INFO - [2024-12-13T00:59:33.052+0000] {dag.py:3239} INFO - Sync 1 DAGs
[2024-12-13T00:59:33.073+0000] {logging_mixin.py:190} INFO - [2024-12-13T00:59:33.073+0000] {dag.py:4180} INFO - Setting next_dagrun for tutorial to 2024-12-12 00:00:00+00:00, run_after=2024-12-13 00:00:00+00:00
[2024-12-13T00:59:33.089+0000] {processor.py:208} INFO - Processing /home/airflow/.local/lib/python3.12/site-packages/airflow/example_dags/tutorial.py took 0.070 seconds
[2024-12-13T01:00:03.153+0000] {processor.py:186} INFO - Started process (PID=68606) to work on /home/airflow/.local/lib/python3.12/site-packages/airflow/example_dags/tutorial.py
[2024-12-13T01:00:03.154+0000] {processor.py:914} INFO - Processing file /home/airflow/.local/lib/python3.12/site-packages/airflow/example_dags/tutorial.py for tasks to queue
[2024-12-13T01:00:03.156+0000] {logging_mixin.py:190} INFO - [2024-12-13T01:00:03.156+0000] {dagbag.py:588} INFO - Filling up the DagBag from /home/airflow/.local/lib/python3.12/site-packages/airflow/example_dags/tutorial.py
[2024-12-13T01:00:03.163+0000] {processor.py:925} INFO - DAG(s) 'tutorial' retrieved from /home/airflow/.local/lib/python3.12/site-packages/airflow/example_dags/tutorial.py
[2024-12-13T01:00:03.181+0000] {logging_mixin.py:190} INFO - [2024-12-13T01:00:03.180+0000] {dag.py:3239} INFO - Sync 1 DAGs
[2024-12-13T01:00:03.200+0000] {logging_mixin.py:190} INFO - [2024-12-13T01:00:03.200+0000] {dag.py:4180} INFO - Setting next_dagrun for tutorial to 2024-12-12 00:00:00+00:00, run_after=2024-12-13 00:00:00+00:00
[2024-12-13T01:00:03.216+0000] {processor.py:208} INFO - Processing /home/airflow/.local/lib/python3.12/site-packages/airflow/example_dags/tutorial.py took 0.068 seconds
[2024-12-13T01:00:36.498+0000] {processor.py:186} INFO - Started process (PID=68672) to work on /home/airflow/.local/lib/python3.12/site-packages/airflow/example_dags/tutorial.py
[2024-12-13T01:00:36.498+0000] {processor.py:914} INFO - Processing file /home/airflow/.local/lib/python3.12/site-packages/airflow/example_dags/tutorial.py for tasks to queue
[2024-12-13T01:00:36.500+0000] {logging_mixin.py:190} INFO - [2024-12-13T01:00:36.500+0000] {dagbag.py:588} INFO - Filling up the DagBag from /home/airflow/.local/lib/python3.12/site-packages/airflow/example_dags/tutorial.py
[2024-12-13T01:00:36.507+0000] {processor.py:925} INFO - DAG(s) 'tutorial' retrieved from /home/airflow/.local/lib/python3.12/site-packages/airflow/example_dags/tutorial.py
[2024-12-13T01:00:36.525+0000] {logging_mixin.py:190} INFO - [2024-12-13T01:00:36.524+0000] {dag.py:3239} INFO - Sync 1 DAGs
[2024-12-13T01:00:36.543+0000] {logging_mixin.py:190} INFO - [2024-12-13T01:00:36.543+0000] {dag.py:4180} INFO - Setting next_dagrun for tutorial to 2024-12-12 00:00:00+00:00, run_after=2024-12-13 00:00:00+00:00
[2024-12-13T01:00:36.558+0000] {processor.py:208} INFO - Processing /home/airflow/.local/lib/python3.12/site-packages/airflow/example_dags/tutorial.py took 0.066 seconds
[2024-12-13T01:01:12.362+0000] {processor.py:186} INFO - Started process (PID=68739) to work on /home/airflow/.local/lib/python3.12/site-packages/airflow/example_dags/tutorial.py
[2024-12-13T01:01:12.364+0000] {processor.py:914} INFO - Processing file /home/airflow/.local/lib/python3.12/site-packages/airflow/example_dags/tutorial.py for tasks to queue
[2024-12-13T01:01:12.367+0000] {logging_mixin.py:190} INFO - [2024-12-13T01:01:12.366+0000] {dagbag.py:588} INFO - Filling up the DagBag from /home/airflow/.local/lib/python3.12/site-packages/airflow/example_dags/tutorial.py
[2024-12-13T01:01:12.380+0000] {processor.py:925} INFO - DAG(s) 'tutorial' retrieved from /home/airflow/.local/lib/python3.12/site-packages/airflow/example_dags/tutorial.py
[2024-12-13T01:01:12.421+0000] {logging_mixin.py:190} INFO - [2024-12-13T01:01:12.421+0000] {dag.py:3239} INFO - Sync 1 DAGs
[2024-12-13T01:01:12.454+0000] {logging_mixin.py:190} INFO - [2024-12-13T01:01:12.454+0000] {dag.py:4180} INFO - Setting next_dagrun for tutorial to 2024-12-12 00:00:00+00:00, run_after=2024-12-13 00:00:00+00:00
[2024-12-13T01:01:12.489+0000] {processor.py:208} INFO - Processing /home/airflow/.local/lib/python3.12/site-packages/airflow/example_dags/tutorial.py took 0.136 seconds
[2024-12-13T01:01:44.211+0000] {processor.py:186} INFO - Started process (PID=68804) to work on /home/airflow/.local/lib/python3.12/site-packages/airflow/example_dags/tutorial.py
[2024-12-13T01:01:44.212+0000] {processor.py:914} INFO - Processing file /home/airflow/.local/lib/python3.12/site-packages/airflow/example_dags/tutorial.py for tasks to queue
[2024-12-13T01:01:44.214+0000] {logging_mixin.py:190} INFO - [2024-12-13T01:01:44.213+0000] {dagbag.py:588} INFO - Filling up the DagBag from /home/airflow/.local/lib/python3.12/site-packages/airflow/example_dags/tutorial.py
[2024-12-13T01:01:44.222+0000] {processor.py:925} INFO - DAG(s) 'tutorial' retrieved from /home/airflow/.local/lib/python3.12/site-packages/airflow/example_dags/tutorial.py
[2024-12-13T01:01:44.243+0000] {logging_mixin.py:190} INFO - [2024-12-13T01:01:44.242+0000] {dag.py:3239} INFO - Sync 1 DAGs
[2024-12-13T01:01:44.263+0000] {logging_mixin.py:190} INFO - [2024-12-13T01:01:44.262+0000] {dag.py:4180} INFO - Setting next_dagrun for tutorial to 2024-12-12 00:00:00+00:00, run_after=2024-12-13 00:00:00+00:00
[2024-12-13T01:01:44.282+0000] {processor.py:208} INFO - Processing /home/airflow/.local/lib/python3.12/site-packages/airflow/example_dags/tutorial.py took 0.079 seconds
[2024-12-13T01:02:17.490+0000] {processor.py:186} INFO - Started process (PID=68870) to work on /home/airflow/.local/lib/python3.12/site-packages/airflow/example_dags/tutorial.py
[2024-12-13T01:02:17.491+0000] {processor.py:914} INFO - Processing file /home/airflow/.local/lib/python3.12/site-packages/airflow/example_dags/tutorial.py for tasks to queue
[2024-12-13T01:02:17.493+0000] {logging_mixin.py:190} INFO - [2024-12-13T01:02:17.493+0000] {dagbag.py:588} INFO - Filling up the DagBag from /home/airflow/.local/lib/python3.12/site-packages/airflow/example_dags/tutorial.py
[2024-12-13T01:02:17.503+0000] {processor.py:925} INFO - DAG(s) 'tutorial' retrieved from /home/airflow/.local/lib/python3.12/site-packages/airflow/example_dags/tutorial.py
[2024-12-13T01:02:17.530+0000] {logging_mixin.py:190} INFO - [2024-12-13T01:02:17.530+0000] {dag.py:3239} INFO - Sync 1 DAGs
[2024-12-13T01:02:17.567+0000] {logging_mixin.py:190} INFO - [2024-12-13T01:02:17.566+0000] {dag.py:4180} INFO - Setting next_dagrun for tutorial to 2024-12-12 00:00:00+00:00, run_after=2024-12-13 00:00:00+00:00
[2024-12-13T01:02:17.592+0000] {processor.py:208} INFO - Processing /home/airflow/.local/lib/python3.12/site-packages/airflow/example_dags/tutorial.py took 0.110 seconds
[2024-12-13T01:02:51.025+0000] {processor.py:186} INFO - Started process (PID=68935) to work on /home/airflow/.local/lib/python3.12/site-packages/airflow/example_dags/tutorial.py
[2024-12-13T01:02:51.026+0000] {processor.py:914} INFO - Processing file /home/airflow/.local/lib/python3.12/site-packages/airflow/example_dags/tutorial.py for tasks to queue
[2024-12-13T01:02:51.029+0000] {logging_mixin.py:190} INFO - [2024-12-13T01:02:51.028+0000] {dagbag.py:588} INFO - Filling up the DagBag from /home/airflow/.local/lib/python3.12/site-packages/airflow/example_dags/tutorial.py
[2024-12-13T01:02:51.037+0000] {processor.py:925} INFO - DAG(s) 'tutorial' retrieved from /home/airflow/.local/lib/python3.12/site-packages/airflow/example_dags/tutorial.py
[2024-12-13T01:02:51.057+0000] {logging_mixin.py:190} INFO - [2024-12-13T01:02:51.057+0000] {dag.py:3239} INFO - Sync 1 DAGs
[2024-12-13T01:02:51.079+0000] {logging_mixin.py:190} INFO - [2024-12-13T01:02:51.079+0000] {dag.py:4180} INFO - Setting next_dagrun for tutorial to 2024-12-12 00:00:00+00:00, run_after=2024-12-13 00:00:00+00:00
[2024-12-13T01:02:51.099+0000] {processor.py:208} INFO - Processing /home/airflow/.local/lib/python3.12/site-packages/airflow/example_dags/tutorial.py took 0.080 seconds
[2024-12-13T01:03:23.642+0000] {processor.py:186} INFO - Started process (PID=69000) to work on /home/airflow/.local/lib/python3.12/site-packages/airflow/example_dags/tutorial.py
[2024-12-13T01:03:23.644+0000] {processor.py:914} INFO - Processing file /home/airflow/.local/lib/python3.12/site-packages/airflow/example_dags/tutorial.py for tasks to queue
[2024-12-13T01:03:23.647+0000] {logging_mixin.py:190} INFO - [2024-12-13T01:03:23.646+0000] {dagbag.py:588} INFO - Filling up the DagBag from /home/airflow/.local/lib/python3.12/site-packages/airflow/example_dags/tutorial.py
[2024-12-13T01:03:23.656+0000] {processor.py:925} INFO - DAG(s) 'tutorial' retrieved from /home/airflow/.local/lib/python3.12/site-packages/airflow/example_dags/tutorial.py
[2024-12-13T01:03:23.678+0000] {logging_mixin.py:190} INFO - [2024-12-13T01:03:23.678+0000] {dag.py:3239} INFO - Sync 1 DAGs
[2024-12-13T01:03:23.702+0000] {logging_mixin.py:190} INFO - [2024-12-13T01:03:23.702+0000] {dag.py:4180} INFO - Setting next_dagrun for tutorial to 2024-12-12 00:00:00+00:00, run_after=2024-12-13 00:00:00+00:00
[2024-12-13T01:03:23.723+0000] {processor.py:208} INFO - Processing /home/airflow/.local/lib/python3.12/site-packages/airflow/example_dags/tutorial.py took 0.086 seconds
[2024-12-13T01:03:56.788+0000] {processor.py:186} INFO - Started process (PID=69065) to work on /home/airflow/.local/lib/python3.12/site-packages/airflow/example_dags/tutorial.py
[2024-12-13T01:03:56.790+0000] {processor.py:914} INFO - Processing file /home/airflow/.local/lib/python3.12/site-packages/airflow/example_dags/tutorial.py for tasks to queue
[2024-12-13T01:03:56.792+0000] {logging_mixin.py:190} INFO - [2024-12-13T01:03:56.792+0000] {dagbag.py:588} INFO - Filling up the DagBag from /home/airflow/.local/lib/python3.12/site-packages/airflow/example_dags/tutorial.py
[2024-12-13T01:03:56.802+0000] {processor.py:925} INFO - DAG(s) 'tutorial' retrieved from /home/airflow/.local/lib/python3.12/site-packages/airflow/example_dags/tutorial.py
[2024-12-13T01:03:56.825+0000] {logging_mixin.py:190} INFO - [2024-12-13T01:03:56.825+0000] {dag.py:3239} INFO - Sync 1 DAGs
[2024-12-13T01:03:56.849+0000] {logging_mixin.py:190} INFO - [2024-12-13T01:03:56.849+0000] {dag.py:4180} INFO - Setting next_dagrun for tutorial to 2024-12-12 00:00:00+00:00, run_after=2024-12-13 00:00:00+00:00
[2024-12-13T01:03:56.865+0000] {processor.py:208} INFO - Processing /home/airflow/.local/lib/python3.12/site-packages/airflow/example_dags/tutorial.py took 0.084 seconds
[2024-12-13T01:04:30.017+0000] {processor.py:186} INFO - Started process (PID=69130) to work on /home/airflow/.local/lib/python3.12/site-packages/airflow/example_dags/tutorial.py
[2024-12-13T01:04:30.018+0000] {processor.py:914} INFO - Processing file /home/airflow/.local/lib/python3.12/site-packages/airflow/example_dags/tutorial.py for tasks to queue
[2024-12-13T01:04:30.021+0000] {logging_mixin.py:190} INFO - [2024-12-13T01:04:30.020+0000] {dagbag.py:588} INFO - Filling up the DagBag from /home/airflow/.local/lib/python3.12/site-packages/airflow/example_dags/tutorial.py
[2024-12-13T01:04:30.029+0000] {processor.py:925} INFO - DAG(s) 'tutorial' retrieved from /home/airflow/.local/lib/python3.12/site-packages/airflow/example_dags/tutorial.py
[2024-12-13T01:04:30.048+0000] {logging_mixin.py:190} INFO - [2024-12-13T01:04:30.048+0000] {dag.py:3239} INFO - Sync 1 DAGs
[2024-12-13T01:04:30.071+0000] {logging_mixin.py:190} INFO - [2024-12-13T01:04:30.071+0000] {dag.py:4180} INFO - Setting next_dagrun for tutorial to 2024-12-12 00:00:00+00:00, run_after=2024-12-13 00:00:00+00:00
[2024-12-13T01:04:30.088+0000] {processor.py:208} INFO - Processing /home/airflow/.local/lib/python3.12/site-packages/airflow/example_dags/tutorial.py took 0.076 seconds
[2024-12-13T01:05:03.066+0000] {processor.py:186} INFO - Started process (PID=69195) to work on /home/airflow/.local/lib/python3.12/site-packages/airflow/example_dags/tutorial.py
[2024-12-13T01:05:03.067+0000] {processor.py:914} INFO - Processing file /home/airflow/.local/lib/python3.12/site-packages/airflow/example_dags/tutorial.py for tasks to queue
[2024-12-13T01:05:03.071+0000] {logging_mixin.py:190} INFO - [2024-12-13T01:05:03.070+0000] {dagbag.py:588} INFO - Filling up the DagBag from /home/airflow/.local/lib/python3.12/site-packages/airflow/example_dags/tutorial.py
[2024-12-13T01:05:03.078+0000] {processor.py:925} INFO - DAG(s) 'tutorial' retrieved from /home/airflow/.local/lib/python3.12/site-packages/airflow/example_dags/tutorial.py
[2024-12-13T01:05:03.096+0000] {logging_mixin.py:190} INFO - [2024-12-13T01:05:03.096+0000] {dag.py:3239} INFO - Sync 1 DAGs
[2024-12-13T01:05:03.117+0000] {logging_mixin.py:190} INFO - [2024-12-13T01:05:03.117+0000] {dag.py:4180} INFO - Setting next_dagrun for tutorial to 2024-12-12 00:00:00+00:00, run_after=2024-12-13 00:00:00+00:00
[2024-12-13T01:05:03.133+0000] {processor.py:208} INFO - Processing /home/airflow/.local/lib/python3.12/site-packages/airflow/example_dags/tutorial.py took 0.072 seconds
[2024-12-13T01:05:36.550+0000] {processor.py:186} INFO - Started process (PID=69260) to work on /home/airflow/.local/lib/python3.12/site-packages/airflow/example_dags/tutorial.py
[2024-12-13T01:05:36.551+0000] {processor.py:914} INFO - Processing file /home/airflow/.local/lib/python3.12/site-packages/airflow/example_dags/tutorial.py for tasks to queue
[2024-12-13T01:05:36.553+0000] {logging_mixin.py:190} INFO - [2024-12-13T01:05:36.552+0000] {dagbag.py:588} INFO - Filling up the DagBag from /home/airflow/.local/lib/python3.12/site-packages/airflow/example_dags/tutorial.py
[2024-12-13T01:05:36.560+0000] {processor.py:925} INFO - DAG(s) 'tutorial' retrieved from /home/airflow/.local/lib/python3.12/site-packages/airflow/example_dags/tutorial.py
[2024-12-13T01:05:36.581+0000] {logging_mixin.py:190} INFO - [2024-12-13T01:05:36.580+0000] {dag.py:3239} INFO - Sync 1 DAGs
[2024-12-13T01:05:36.604+0000] {logging_mixin.py:190} INFO - [2024-12-13T01:05:36.604+0000] {dag.py:4180} INFO - Setting next_dagrun for tutorial to 2024-12-12 00:00:00+00:00, run_after=2024-12-13 00:00:00+00:00
[2024-12-13T01:05:36.624+0000] {processor.py:208} INFO - Processing /home/airflow/.local/lib/python3.12/site-packages/airflow/example_dags/tutorial.py took 0.079 seconds
[2024-12-13T01:06:10.168+0000] {processor.py:186} INFO - Started process (PID=69325) to work on /home/airflow/.local/lib/python3.12/site-packages/airflow/example_dags/tutorial.py
[2024-12-13T01:06:10.170+0000] {processor.py:914} INFO - Processing file /home/airflow/.local/lib/python3.12/site-packages/airflow/example_dags/tutorial.py for tasks to queue
[2024-12-13T01:06:10.172+0000] {logging_mixin.py:190} INFO - [2024-12-13T01:06:10.172+0000] {dagbag.py:588} INFO - Filling up the DagBag from /home/airflow/.local/lib/python3.12/site-packages/airflow/example_dags/tutorial.py
[2024-12-13T01:06:10.179+0000] {processor.py:925} INFO - DAG(s) 'tutorial' retrieved from /home/airflow/.local/lib/python3.12/site-packages/airflow/example_dags/tutorial.py
[2024-12-13T01:06:10.196+0000] {logging_mixin.py:190} INFO - [2024-12-13T01:06:10.196+0000] {dag.py:3239} INFO - Sync 1 DAGs
[2024-12-13T01:06:10.216+0000] {logging_mixin.py:190} INFO - [2024-12-13T01:06:10.216+0000] {dag.py:4180} INFO - Setting next_dagrun for tutorial to 2024-12-12 00:00:00+00:00, run_after=2024-12-13 00:00:00+00:00
[2024-12-13T01:06:10.232+0000] {processor.py:208} INFO - Processing /home/airflow/.local/lib/python3.12/site-packages/airflow/example_dags/tutorial.py took 0.069 seconds
[2024-12-13T01:06:43.036+0000] {processor.py:186} INFO - Started process (PID=69390) to work on /home/airflow/.local/lib/python3.12/site-packages/airflow/example_dags/tutorial.py
[2024-12-13T01:06:43.038+0000] {processor.py:914} INFO - Processing file /home/airflow/.local/lib/python3.12/site-packages/airflow/example_dags/tutorial.py for tasks to queue
[2024-12-13T01:06:43.040+0000] {logging_mixin.py:190} INFO - [2024-12-13T01:06:43.040+0000] {dagbag.py:588} INFO - Filling up the DagBag from /home/airflow/.local/lib/python3.12/site-packages/airflow/example_dags/tutorial.py
[2024-12-13T01:06:43.048+0000] {processor.py:925} INFO - DAG(s) 'tutorial' retrieved from /home/airflow/.local/lib/python3.12/site-packages/airflow/example_dags/tutorial.py
[2024-12-13T01:06:43.067+0000] {logging_mixin.py:190} INFO - [2024-12-13T01:06:43.066+0000] {dag.py:3239} INFO - Sync 1 DAGs
[2024-12-13T01:06:43.089+0000] {logging_mixin.py:190} INFO - [2024-12-13T01:06:43.088+0000] {dag.py:4180} INFO - Setting next_dagrun for tutorial to 2024-12-12 00:00:00+00:00, run_after=2024-12-13 00:00:00+00:00
[2024-12-13T01:06:43.105+0000] {processor.py:208} INFO - Processing /home/airflow/.local/lib/python3.12/site-packages/airflow/example_dags/tutorial.py took 0.073 seconds
[2024-12-13T01:07:16.481+0000] {processor.py:186} INFO - Started process (PID=69454) to work on /home/airflow/.local/lib/python3.12/site-packages/airflow/example_dags/tutorial.py
[2024-12-13T01:07:16.482+0000] {processor.py:914} INFO - Processing file /home/airflow/.local/lib/python3.12/site-packages/airflow/example_dags/tutorial.py for tasks to queue
[2024-12-13T01:07:16.484+0000] {logging_mixin.py:190} INFO - [2024-12-13T01:07:16.484+0000] {dagbag.py:588} INFO - Filling up the DagBag from /home/airflow/.local/lib/python3.12/site-packages/airflow/example_dags/tutorial.py
[2024-12-13T01:07:16.491+0000] {processor.py:925} INFO - DAG(s) 'tutorial' retrieved from /home/airflow/.local/lib/python3.12/site-packages/airflow/example_dags/tutorial.py
[2024-12-13T01:07:16.510+0000] {logging_mixin.py:190} INFO - [2024-12-13T01:07:16.510+0000] {dag.py:3239} INFO - Sync 1 DAGs
[2024-12-13T01:07:16.529+0000] {logging_mixin.py:190} INFO - [2024-12-13T01:07:16.529+0000] {dag.py:4180} INFO - Setting next_dagrun for tutorial to 2024-12-12 00:00:00+00:00, run_after=2024-12-13 00:00:00+00:00
[2024-12-13T01:07:16.545+0000] {processor.py:208} INFO - Processing /home/airflow/.local/lib/python3.12/site-packages/airflow/example_dags/tutorial.py took 0.069 seconds
[2024-12-13T01:07:49.367+0000] {processor.py:186} INFO - Started process (PID=69520) to work on /home/airflow/.local/lib/python3.12/site-packages/airflow/example_dags/tutorial.py
[2024-12-13T01:07:49.368+0000] {processor.py:914} INFO - Processing file /home/airflow/.local/lib/python3.12/site-packages/airflow/example_dags/tutorial.py for tasks to queue
[2024-12-13T01:07:49.370+0000] {logging_mixin.py:190} INFO - [2024-12-13T01:07:49.370+0000] {dagbag.py:588} INFO - Filling up the DagBag from /home/airflow/.local/lib/python3.12/site-packages/airflow/example_dags/tutorial.py
[2024-12-13T01:07:49.377+0000] {processor.py:925} INFO - DAG(s) 'tutorial' retrieved from /home/airflow/.local/lib/python3.12/site-packages/airflow/example_dags/tutorial.py
[2024-12-13T01:07:49.397+0000] {logging_mixin.py:190} INFO - [2024-12-13T01:07:49.396+0000] {dag.py:3239} INFO - Sync 1 DAGs
[2024-12-13T01:07:49.418+0000] {logging_mixin.py:190} INFO - [2024-12-13T01:07:49.418+0000] {dag.py:4180} INFO - Setting next_dagrun for tutorial to 2024-12-12 00:00:00+00:00, run_after=2024-12-13 00:00:00+00:00
[2024-12-13T01:07:49.436+0000] {processor.py:208} INFO - Processing /home/airflow/.local/lib/python3.12/site-packages/airflow/example_dags/tutorial.py took 0.074 seconds
[2024-12-13T01:08:22.603+0000] {processor.py:186} INFO - Started process (PID=69584) to work on /home/airflow/.local/lib/python3.12/site-packages/airflow/example_dags/tutorial.py
[2024-12-13T01:08:22.604+0000] {processor.py:914} INFO - Processing file /home/airflow/.local/lib/python3.12/site-packages/airflow/example_dags/tutorial.py for tasks to queue
[2024-12-13T01:08:22.606+0000] {logging_mixin.py:190} INFO - [2024-12-13T01:08:22.605+0000] {dagbag.py:588} INFO - Filling up the DagBag from /home/airflow/.local/lib/python3.12/site-packages/airflow/example_dags/tutorial.py
[2024-12-13T01:08:22.613+0000] {processor.py:925} INFO - DAG(s) 'tutorial' retrieved from /home/airflow/.local/lib/python3.12/site-packages/airflow/example_dags/tutorial.py
[2024-12-13T01:08:22.632+0000] {logging_mixin.py:190} INFO - [2024-12-13T01:08:22.632+0000] {dag.py:3239} INFO - Sync 1 DAGs
[2024-12-13T01:08:22.653+0000] {logging_mixin.py:190} INFO - [2024-12-13T01:08:22.653+0000] {dag.py:4180} INFO - Setting next_dagrun for tutorial to 2024-12-12 00:00:00+00:00, run_after=2024-12-13 00:00:00+00:00
[2024-12-13T01:08:22.669+0000] {processor.py:208} INFO - Processing /home/airflow/.local/lib/python3.12/site-packages/airflow/example_dags/tutorial.py took 0.071 seconds
[2024-12-13T01:08:56.151+0000] {processor.py:186} INFO - Started process (PID=69649) to work on /home/airflow/.local/lib/python3.12/site-packages/airflow/example_dags/tutorial.py
[2024-12-13T01:08:56.152+0000] {processor.py:914} INFO - Processing file /home/airflow/.local/lib/python3.12/site-packages/airflow/example_dags/tutorial.py for tasks to queue
[2024-12-13T01:08:56.155+0000] {logging_mixin.py:190} INFO - [2024-12-13T01:08:56.154+0000] {dagbag.py:588} INFO - Filling up the DagBag from /home/airflow/.local/lib/python3.12/site-packages/airflow/example_dags/tutorial.py
[2024-12-13T01:08:56.161+0000] {processor.py:925} INFO - DAG(s) 'tutorial' retrieved from /home/airflow/.local/lib/python3.12/site-packages/airflow/example_dags/tutorial.py
[2024-12-13T01:08:56.180+0000] {logging_mixin.py:190} INFO - [2024-12-13T01:08:56.179+0000] {dag.py:3239} INFO - Sync 1 DAGs
[2024-12-13T01:08:56.202+0000] {logging_mixin.py:190} INFO - [2024-12-13T01:08:56.202+0000] {dag.py:4180} INFO - Setting next_dagrun for tutorial to 2024-12-12 00:00:00+00:00, run_after=2024-12-13 00:00:00+00:00
[2024-12-13T01:08:56.218+0000] {processor.py:208} INFO - Processing /home/airflow/.local/lib/python3.12/site-packages/airflow/example_dags/tutorial.py took 0.072 seconds
[2024-12-13T01:09:29.403+0000] {processor.py:186} INFO - Started process (PID=69715) to work on /home/airflow/.local/lib/python3.12/site-packages/airflow/example_dags/tutorial.py
[2024-12-13T01:09:29.403+0000] {processor.py:914} INFO - Processing file /home/airflow/.local/lib/python3.12/site-packages/airflow/example_dags/tutorial.py for tasks to queue
[2024-12-13T01:09:29.406+0000] {logging_mixin.py:190} INFO - [2024-12-13T01:09:29.405+0000] {dagbag.py:588} INFO - Filling up the DagBag from /home/airflow/.local/lib/python3.12/site-packages/airflow/example_dags/tutorial.py
[2024-12-13T01:09:29.413+0000] {processor.py:925} INFO - DAG(s) 'tutorial' retrieved from /home/airflow/.local/lib/python3.12/site-packages/airflow/example_dags/tutorial.py
[2024-12-13T01:09:29.431+0000] {logging_mixin.py:190} INFO - [2024-12-13T01:09:29.431+0000] {dag.py:3239} INFO - Sync 1 DAGs
[2024-12-13T01:09:29.456+0000] {logging_mixin.py:190} INFO - [2024-12-13T01:09:29.456+0000] {dag.py:4180} INFO - Setting next_dagrun for tutorial to 2024-12-12 00:00:00+00:00, run_after=2024-12-13 00:00:00+00:00
[2024-12-13T01:09:29.472+0000] {processor.py:208} INFO - Processing /home/airflow/.local/lib/python3.12/site-packages/airflow/example_dags/tutorial.py took 0.076 seconds
[2024-12-13T01:10:03.419+0000] {processor.py:186} INFO - Started process (PID=69780) to work on /home/airflow/.local/lib/python3.12/site-packages/airflow/example_dags/tutorial.py
[2024-12-13T01:10:03.420+0000] {processor.py:914} INFO - Processing file /home/airflow/.local/lib/python3.12/site-packages/airflow/example_dags/tutorial.py for tasks to queue
[2024-12-13T01:10:03.422+0000] {logging_mixin.py:190} INFO - [2024-12-13T01:10:03.422+0000] {dagbag.py:588} INFO - Filling up the DagBag from /home/airflow/.local/lib/python3.12/site-packages/airflow/example_dags/tutorial.py
[2024-12-13T01:10:03.432+0000] {processor.py:925} INFO - DAG(s) 'tutorial' retrieved from /home/airflow/.local/lib/python3.12/site-packages/airflow/example_dags/tutorial.py
[2024-12-13T01:10:03.452+0000] {logging_mixin.py:190} INFO - [2024-12-13T01:10:03.452+0000] {dag.py:3239} INFO - Sync 1 DAGs
[2024-12-13T01:10:03.475+0000] {logging_mixin.py:190} INFO - [2024-12-13T01:10:03.475+0000] {dag.py:4180} INFO - Setting next_dagrun for tutorial to 2024-12-12 00:00:00+00:00, run_after=2024-12-13 00:00:00+00:00
[2024-12-13T01:10:03.493+0000] {processor.py:208} INFO - Processing /home/airflow/.local/lib/python3.12/site-packages/airflow/example_dags/tutorial.py took 0.080 seconds
[2024-12-13T01:10:37.486+0000] {processor.py:186} INFO - Started process (PID=69845) to work on /home/airflow/.local/lib/python3.12/site-packages/airflow/example_dags/tutorial.py
[2024-12-13T01:10:37.487+0000] {processor.py:914} INFO - Processing file /home/airflow/.local/lib/python3.12/site-packages/airflow/example_dags/tutorial.py for tasks to queue
[2024-12-13T01:10:37.489+0000] {logging_mixin.py:190} INFO - [2024-12-13T01:10:37.489+0000] {dagbag.py:588} INFO - Filling up the DagBag from /home/airflow/.local/lib/python3.12/site-packages/airflow/example_dags/tutorial.py
[2024-12-13T01:10:37.497+0000] {processor.py:925} INFO - DAG(s) 'tutorial' retrieved from /home/airflow/.local/lib/python3.12/site-packages/airflow/example_dags/tutorial.py
[2024-12-13T01:10:37.516+0000] {logging_mixin.py:190} INFO - [2024-12-13T01:10:37.516+0000] {dag.py:3239} INFO - Sync 1 DAGs
[2024-12-13T01:10:37.539+0000] {logging_mixin.py:190} INFO - [2024-12-13T01:10:37.538+0000] {dag.py:4180} INFO - Setting next_dagrun for tutorial to 2024-12-12 00:00:00+00:00, run_after=2024-12-13 00:00:00+00:00
[2024-12-13T01:10:37.557+0000] {processor.py:208} INFO - Processing /home/airflow/.local/lib/python3.12/site-packages/airflow/example_dags/tutorial.py took 0.077 seconds
[2024-12-13T01:11:09.743+0000] {processor.py:186} INFO - Started process (PID=69910) to work on /home/airflow/.local/lib/python3.12/site-packages/airflow/example_dags/tutorial.py
[2024-12-13T01:11:09.744+0000] {processor.py:914} INFO - Processing file /home/airflow/.local/lib/python3.12/site-packages/airflow/example_dags/tutorial.py for tasks to queue
[2024-12-13T01:11:09.746+0000] {logging_mixin.py:190} INFO - [2024-12-13T01:11:09.746+0000] {dagbag.py:588} INFO - Filling up the DagBag from /home/airflow/.local/lib/python3.12/site-packages/airflow/example_dags/tutorial.py
[2024-12-13T01:11:09.754+0000] {processor.py:925} INFO - DAG(s) 'tutorial' retrieved from /home/airflow/.local/lib/python3.12/site-packages/airflow/example_dags/tutorial.py
[2024-12-13T01:11:09.773+0000] {logging_mixin.py:190} INFO - [2024-12-13T01:11:09.773+0000] {dag.py:3239} INFO - Sync 1 DAGs
[2024-12-13T01:11:09.796+0000] {logging_mixin.py:190} INFO - [2024-12-13T01:11:09.796+0000] {dag.py:4180} INFO - Setting next_dagrun for tutorial to 2024-12-12 00:00:00+00:00, run_after=2024-12-13 00:00:00+00:00
[2024-12-13T01:11:09.819+0000] {processor.py:208} INFO - Processing /home/airflow/.local/lib/python3.12/site-packages/airflow/example_dags/tutorial.py took 0.081 seconds
[2024-12-13T01:11:43.477+0000] {processor.py:186} INFO - Started process (PID=69974) to work on /home/airflow/.local/lib/python3.12/site-packages/airflow/example_dags/tutorial.py
[2024-12-13T01:11:43.478+0000] {processor.py:914} INFO - Processing file /home/airflow/.local/lib/python3.12/site-packages/airflow/example_dags/tutorial.py for tasks to queue
[2024-12-13T01:11:43.480+0000] {logging_mixin.py:190} INFO - [2024-12-13T01:11:43.480+0000] {dagbag.py:588} INFO - Filling up the DagBag from /home/airflow/.local/lib/python3.12/site-packages/airflow/example_dags/tutorial.py
[2024-12-13T01:11:43.491+0000] {processor.py:925} INFO - DAG(s) 'tutorial' retrieved from /home/airflow/.local/lib/python3.12/site-packages/airflow/example_dags/tutorial.py
[2024-12-13T01:11:43.518+0000] {logging_mixin.py:190} INFO - [2024-12-13T01:11:43.518+0000] {dag.py:3239} INFO - Sync 1 DAGs
[2024-12-13T01:11:43.540+0000] {logging_mixin.py:190} INFO - [2024-12-13T01:11:43.539+0000] {dag.py:4180} INFO - Setting next_dagrun for tutorial to 2024-12-12 00:00:00+00:00, run_after=2024-12-13 00:00:00+00:00
[2024-12-13T01:11:43.556+0000] {processor.py:208} INFO - Processing /home/airflow/.local/lib/python3.12/site-packages/airflow/example_dags/tutorial.py took 0.085 seconds
[2024-12-13T01:12:16.744+0000] {processor.py:186} INFO - Started process (PID=70040) to work on /home/airflow/.local/lib/python3.12/site-packages/airflow/example_dags/tutorial.py
[2024-12-13T01:12:16.745+0000] {processor.py:914} INFO - Processing file /home/airflow/.local/lib/python3.12/site-packages/airflow/example_dags/tutorial.py for tasks to queue
[2024-12-13T01:12:16.748+0000] {logging_mixin.py:190} INFO - [2024-12-13T01:12:16.747+0000] {dagbag.py:588} INFO - Filling up the DagBag from /home/airflow/.local/lib/python3.12/site-packages/airflow/example_dags/tutorial.py
[2024-12-13T01:12:16.756+0000] {processor.py:925} INFO - DAG(s) 'tutorial' retrieved from /home/airflow/.local/lib/python3.12/site-packages/airflow/example_dags/tutorial.py
[2024-12-13T01:12:16.777+0000] {logging_mixin.py:190} INFO - [2024-12-13T01:12:16.777+0000] {dag.py:3239} INFO - Sync 1 DAGs
[2024-12-13T01:12:16.803+0000] {logging_mixin.py:190} INFO - [2024-12-13T01:12:16.803+0000] {dag.py:4180} INFO - Setting next_dagrun for tutorial to 2024-12-12 00:00:00+00:00, run_after=2024-12-13 00:00:00+00:00
[2024-12-13T01:12:16.827+0000] {processor.py:208} INFO - Processing /home/airflow/.local/lib/python3.12/site-packages/airflow/example_dags/tutorial.py took 0.089 seconds
[2024-12-13T01:12:49.444+0000] {processor.py:186} INFO - Started process (PID=70105) to work on /home/airflow/.local/lib/python3.12/site-packages/airflow/example_dags/tutorial.py
[2024-12-13T01:12:49.444+0000] {processor.py:914} INFO - Processing file /home/airflow/.local/lib/python3.12/site-packages/airflow/example_dags/tutorial.py for tasks to queue
[2024-12-13T01:12:49.446+0000] {logging_mixin.py:190} INFO - [2024-12-13T01:12:49.446+0000] {dagbag.py:588} INFO - Filling up the DagBag from /home/airflow/.local/lib/python3.12/site-packages/airflow/example_dags/tutorial.py
[2024-12-13T01:12:49.453+0000] {processor.py:925} INFO - DAG(s) 'tutorial' retrieved from /home/airflow/.local/lib/python3.12/site-packages/airflow/example_dags/tutorial.py
[2024-12-13T01:12:49.471+0000] {logging_mixin.py:190} INFO - [2024-12-13T01:12:49.471+0000] {dag.py:3239} INFO - Sync 1 DAGs
[2024-12-13T01:12:49.491+0000] {logging_mixin.py:190} INFO - [2024-12-13T01:12:49.491+0000] {dag.py:4180} INFO - Setting next_dagrun for tutorial to 2024-12-12 00:00:00+00:00, run_after=2024-12-13 00:00:00+00:00
[2024-12-13T01:12:49.507+0000] {processor.py:208} INFO - Processing /home/airflow/.local/lib/python3.12/site-packages/airflow/example_dags/tutorial.py took 0.069 seconds
[2024-12-13T01:13:23.154+0000] {processor.py:186} INFO - Started process (PID=70170) to work on /home/airflow/.local/lib/python3.12/site-packages/airflow/example_dags/tutorial.py
[2024-12-13T01:13:23.155+0000] {processor.py:914} INFO - Processing file /home/airflow/.local/lib/python3.12/site-packages/airflow/example_dags/tutorial.py for tasks to queue
[2024-12-13T01:13:23.157+0000] {logging_mixin.py:190} INFO - [2024-12-13T01:13:23.156+0000] {dagbag.py:588} INFO - Filling up the DagBag from /home/airflow/.local/lib/python3.12/site-packages/airflow/example_dags/tutorial.py
[2024-12-13T01:13:23.165+0000] {processor.py:925} INFO - DAG(s) 'tutorial' retrieved from /home/airflow/.local/lib/python3.12/site-packages/airflow/example_dags/tutorial.py
[2024-12-13T01:13:23.184+0000] {logging_mixin.py:190} INFO - [2024-12-13T01:13:23.184+0000] {dag.py:3239} INFO - Sync 1 DAGs
[2024-12-13T01:13:23.206+0000] {logging_mixin.py:190} INFO - [2024-12-13T01:13:23.206+0000] {dag.py:4180} INFO - Setting next_dagrun for tutorial to 2024-12-12 00:00:00+00:00, run_after=2024-12-13 00:00:00+00:00
[2024-12-13T01:13:23.222+0000] {processor.py:208} INFO - Processing /home/airflow/.local/lib/python3.12/site-packages/airflow/example_dags/tutorial.py took 0.073 seconds
[2024-12-13T01:13:56.537+0000] {processor.py:186} INFO - Started process (PID=70235) to work on /home/airflow/.local/lib/python3.12/site-packages/airflow/example_dags/tutorial.py
[2024-12-13T01:13:56.538+0000] {processor.py:914} INFO - Processing file /home/airflow/.local/lib/python3.12/site-packages/airflow/example_dags/tutorial.py for tasks to queue
[2024-12-13T01:13:56.540+0000] {logging_mixin.py:190} INFO - [2024-12-13T01:13:56.540+0000] {dagbag.py:588} INFO - Filling up the DagBag from /home/airflow/.local/lib/python3.12/site-packages/airflow/example_dags/tutorial.py
[2024-12-13T01:13:56.549+0000] {processor.py:925} INFO - DAG(s) 'tutorial' retrieved from /home/airflow/.local/lib/python3.12/site-packages/airflow/example_dags/tutorial.py
[2024-12-13T01:13:56.571+0000] {logging_mixin.py:190} INFO - [2024-12-13T01:13:56.570+0000] {dag.py:3239} INFO - Sync 1 DAGs
[2024-12-13T01:13:56.596+0000] {logging_mixin.py:190} INFO - [2024-12-13T01:13:56.596+0000] {dag.py:4180} INFO - Setting next_dagrun for tutorial to 2024-12-12 00:00:00+00:00, run_after=2024-12-13 00:00:00+00:00
[2024-12-13T01:13:56.612+0000] {processor.py:208} INFO - Processing /home/airflow/.local/lib/python3.12/site-packages/airflow/example_dags/tutorial.py took 0.081 seconds
[2024-12-13T01:14:30.175+0000] {processor.py:186} INFO - Started process (PID=70300) to work on /home/airflow/.local/lib/python3.12/site-packages/airflow/example_dags/tutorial.py
[2024-12-13T01:14:30.176+0000] {processor.py:914} INFO - Processing file /home/airflow/.local/lib/python3.12/site-packages/airflow/example_dags/tutorial.py for tasks to queue
[2024-12-13T01:14:30.178+0000] {logging_mixin.py:190} INFO - [2024-12-13T01:14:30.178+0000] {dagbag.py:588} INFO - Filling up the DagBag from /home/airflow/.local/lib/python3.12/site-packages/airflow/example_dags/tutorial.py
[2024-12-13T01:14:30.186+0000] {processor.py:925} INFO - DAG(s) 'tutorial' retrieved from /home/airflow/.local/lib/python3.12/site-packages/airflow/example_dags/tutorial.py
[2024-12-13T01:14:30.205+0000] {logging_mixin.py:190} INFO - [2024-12-13T01:14:30.205+0000] {dag.py:3239} INFO - Sync 1 DAGs
[2024-12-13T01:14:30.226+0000] {logging_mixin.py:190} INFO - [2024-12-13T01:14:30.226+0000] {dag.py:4180} INFO - Setting next_dagrun for tutorial to 2024-12-12 00:00:00+00:00, run_after=2024-12-13 00:00:00+00:00
[2024-12-13T01:14:30.245+0000] {processor.py:208} INFO - Processing /home/airflow/.local/lib/python3.12/site-packages/airflow/example_dags/tutorial.py took 0.075 seconds
[2024-12-13T01:15:03.548+0000] {processor.py:186} INFO - Started process (PID=70365) to work on /home/airflow/.local/lib/python3.12/site-packages/airflow/example_dags/tutorial.py
[2024-12-13T01:15:03.549+0000] {processor.py:914} INFO - Processing file /home/airflow/.local/lib/python3.12/site-packages/airflow/example_dags/tutorial.py for tasks to queue
[2024-12-13T01:15:03.551+0000] {logging_mixin.py:190} INFO - [2024-12-13T01:15:03.550+0000] {dagbag.py:588} INFO - Filling up the DagBag from /home/airflow/.local/lib/python3.12/site-packages/airflow/example_dags/tutorial.py
[2024-12-13T01:15:03.560+0000] {processor.py:925} INFO - DAG(s) 'tutorial' retrieved from /home/airflow/.local/lib/python3.12/site-packages/airflow/example_dags/tutorial.py
[2024-12-13T01:15:03.580+0000] {logging_mixin.py:190} INFO - [2024-12-13T01:15:03.579+0000] {dag.py:3239} INFO - Sync 1 DAGs
[2024-12-13T01:15:03.601+0000] {logging_mixin.py:190} INFO - [2024-12-13T01:15:03.601+0000] {dag.py:4180} INFO - Setting next_dagrun for tutorial to 2024-12-12 00:00:00+00:00, run_after=2024-12-13 00:00:00+00:00
[2024-12-13T01:15:03.619+0000] {processor.py:208} INFO - Processing /home/airflow/.local/lib/python3.12/site-packages/airflow/example_dags/tutorial.py took 0.077 seconds
[2024-12-13T01:15:36.283+0000] {processor.py:186} INFO - Started process (PID=70430) to work on /home/airflow/.local/lib/python3.12/site-packages/airflow/example_dags/tutorial.py
[2024-12-13T01:15:36.284+0000] {processor.py:914} INFO - Processing file /home/airflow/.local/lib/python3.12/site-packages/airflow/example_dags/tutorial.py for tasks to queue
[2024-12-13T01:15:36.287+0000] {logging_mixin.py:190} INFO - [2024-12-13T01:15:36.286+0000] {dagbag.py:588} INFO - Filling up the DagBag from /home/airflow/.local/lib/python3.12/site-packages/airflow/example_dags/tutorial.py
[2024-12-13T01:15:36.295+0000] {processor.py:925} INFO - DAG(s) 'tutorial' retrieved from /home/airflow/.local/lib/python3.12/site-packages/airflow/example_dags/tutorial.py
[2024-12-13T01:15:36.315+0000] {logging_mixin.py:190} INFO - [2024-12-13T01:15:36.314+0000] {dag.py:3239} INFO - Sync 1 DAGs
[2024-12-13T01:15:36.336+0000] {logging_mixin.py:190} INFO - [2024-12-13T01:15:36.336+0000] {dag.py:4180} INFO - Setting next_dagrun for tutorial to 2024-12-12 00:00:00+00:00, run_after=2024-12-13 00:00:00+00:00
[2024-12-13T01:15:36.353+0000] {processor.py:208} INFO - Processing /home/airflow/.local/lib/python3.12/site-packages/airflow/example_dags/tutorial.py took 0.083 seconds
[2024-12-13T01:16:10.542+0000] {processor.py:186} INFO - Started process (PID=70495) to work on /home/airflow/.local/lib/python3.12/site-packages/airflow/example_dags/tutorial.py
[2024-12-13T01:16:10.543+0000] {processor.py:914} INFO - Processing file /home/airflow/.local/lib/python3.12/site-packages/airflow/example_dags/tutorial.py for tasks to queue
[2024-12-13T01:16:10.546+0000] {logging_mixin.py:190} INFO - [2024-12-13T01:16:10.546+0000] {dagbag.py:588} INFO - Filling up the DagBag from /home/airflow/.local/lib/python3.12/site-packages/airflow/example_dags/tutorial.py
[2024-12-13T01:16:10.558+0000] {processor.py:925} INFO - DAG(s) 'tutorial' retrieved from /home/airflow/.local/lib/python3.12/site-packages/airflow/example_dags/tutorial.py
[2024-12-13T01:16:10.579+0000] {logging_mixin.py:190} INFO - [2024-12-13T01:16:10.579+0000] {dag.py:3239} INFO - Sync 1 DAGs
[2024-12-13T01:16:10.604+0000] {logging_mixin.py:190} INFO - [2024-12-13T01:16:10.603+0000] {dag.py:4180} INFO - Setting next_dagrun for tutorial to 2024-12-12 00:00:00+00:00, run_after=2024-12-13 00:00:00+00:00
[2024-12-13T01:16:10.624+0000] {processor.py:208} INFO - Processing /home/airflow/.local/lib/python3.12/site-packages/airflow/example_dags/tutorial.py took 0.089 seconds
[2024-12-13T01:16:42.836+0000] {processor.py:186} INFO - Started process (PID=70560) to work on /home/airflow/.local/lib/python3.12/site-packages/airflow/example_dags/tutorial.py
[2024-12-13T01:16:42.837+0000] {processor.py:914} INFO - Processing file /home/airflow/.local/lib/python3.12/site-packages/airflow/example_dags/tutorial.py for tasks to queue
[2024-12-13T01:16:42.839+0000] {logging_mixin.py:190} INFO - [2024-12-13T01:16:42.839+0000] {dagbag.py:588} INFO - Filling up the DagBag from /home/airflow/.local/lib/python3.12/site-packages/airflow/example_dags/tutorial.py
[2024-12-13T01:16:42.847+0000] {processor.py:925} INFO - DAG(s) 'tutorial' retrieved from /home/airflow/.local/lib/python3.12/site-packages/airflow/example_dags/tutorial.py
[2024-12-13T01:16:42.865+0000] {logging_mixin.py:190} INFO - [2024-12-13T01:16:42.864+0000] {dag.py:3239} INFO - Sync 1 DAGs
[2024-12-13T01:16:42.884+0000] {logging_mixin.py:190} INFO - [2024-12-13T01:16:42.883+0000] {dag.py:4180} INFO - Setting next_dagrun for tutorial to 2024-12-12 00:00:00+00:00, run_after=2024-12-13 00:00:00+00:00
[2024-12-13T01:16:42.899+0000] {processor.py:208} INFO - Processing /home/airflow/.local/lib/python3.12/site-packages/airflow/example_dags/tutorial.py took 0.068 seconds
[2024-12-13T01:17:16.052+0000] {processor.py:186} INFO - Started process (PID=70625) to work on /home/airflow/.local/lib/python3.12/site-packages/airflow/example_dags/tutorial.py
[2024-12-13T01:17:16.053+0000] {processor.py:914} INFO - Processing file /home/airflow/.local/lib/python3.12/site-packages/airflow/example_dags/tutorial.py for tasks to queue
[2024-12-13T01:17:16.055+0000] {logging_mixin.py:190} INFO - [2024-12-13T01:17:16.055+0000] {dagbag.py:588} INFO - Filling up the DagBag from /home/airflow/.local/lib/python3.12/site-packages/airflow/example_dags/tutorial.py
[2024-12-13T01:17:16.063+0000] {processor.py:925} INFO - DAG(s) 'tutorial' retrieved from /home/airflow/.local/lib/python3.12/site-packages/airflow/example_dags/tutorial.py
[2024-12-13T01:17:16.080+0000] {logging_mixin.py:190} INFO - [2024-12-13T01:17:16.080+0000] {dag.py:3239} INFO - Sync 1 DAGs
[2024-12-13T01:17:16.100+0000] {logging_mixin.py:190} INFO - [2024-12-13T01:17:16.100+0000] {dag.py:4180} INFO - Setting next_dagrun for tutorial to 2024-12-12 00:00:00+00:00, run_after=2024-12-13 00:00:00+00:00
[2024-12-13T01:17:16.115+0000] {processor.py:208} INFO - Processing /home/airflow/.local/lib/python3.12/site-packages/airflow/example_dags/tutorial.py took 0.067 seconds
[2024-12-13T01:17:49.861+0000] {processor.py:186} INFO - Started process (PID=70690) to work on /home/airflow/.local/lib/python3.12/site-packages/airflow/example_dags/tutorial.py
[2024-12-13T01:17:49.862+0000] {processor.py:914} INFO - Processing file /home/airflow/.local/lib/python3.12/site-packages/airflow/example_dags/tutorial.py for tasks to queue
[2024-12-13T01:17:49.864+0000] {logging_mixin.py:190} INFO - [2024-12-13T01:17:49.863+0000] {dagbag.py:588} INFO - Filling up the DagBag from /home/airflow/.local/lib/python3.12/site-packages/airflow/example_dags/tutorial.py
[2024-12-13T01:17:49.872+0000] {processor.py:925} INFO - DAG(s) 'tutorial' retrieved from /home/airflow/.local/lib/python3.12/site-packages/airflow/example_dags/tutorial.py
[2024-12-13T01:17:49.891+0000] {logging_mixin.py:190} INFO - [2024-12-13T01:17:49.891+0000] {dag.py:3239} INFO - Sync 1 DAGs
[2024-12-13T01:17:49.912+0000] {logging_mixin.py:190} INFO - [2024-12-13T01:17:49.912+0000] {dag.py:4180} INFO - Setting next_dagrun for tutorial to 2024-12-12 00:00:00+00:00, run_after=2024-12-13 00:00:00+00:00
[2024-12-13T01:17:49.929+0000] {processor.py:208} INFO - Processing /home/airflow/.local/lib/python3.12/site-packages/airflow/example_dags/tutorial.py took 0.074 seconds
[2024-12-13T01:18:23.501+0000] {processor.py:186} INFO - Started process (PID=70755) to work on /home/airflow/.local/lib/python3.12/site-packages/airflow/example_dags/tutorial.py
[2024-12-13T01:18:23.502+0000] {processor.py:914} INFO - Processing file /home/airflow/.local/lib/python3.12/site-packages/airflow/example_dags/tutorial.py for tasks to queue
[2024-12-13T01:18:23.504+0000] {logging_mixin.py:190} INFO - [2024-12-13T01:18:23.504+0000] {dagbag.py:588} INFO - Filling up the DagBag from /home/airflow/.local/lib/python3.12/site-packages/airflow/example_dags/tutorial.py
[2024-12-13T01:18:23.512+0000] {processor.py:925} INFO - DAG(s) 'tutorial' retrieved from /home/airflow/.local/lib/python3.12/site-packages/airflow/example_dags/tutorial.py
[2024-12-13T01:18:23.531+0000] {logging_mixin.py:190} INFO - [2024-12-13T01:18:23.531+0000] {dag.py:3239} INFO - Sync 1 DAGs
[2024-12-13T01:18:23.557+0000] {logging_mixin.py:190} INFO - [2024-12-13T01:18:23.557+0000] {dag.py:4180} INFO - Setting next_dagrun for tutorial to 2024-12-12 00:00:00+00:00, run_after=2024-12-13 00:00:00+00:00
[2024-12-13T01:18:23.575+0000] {processor.py:208} INFO - Processing /home/airflow/.local/lib/python3.12/site-packages/airflow/example_dags/tutorial.py took 0.079 seconds
[2024-12-13T01:18:57.796+0000] {processor.py:186} INFO - Started process (PID=70820) to work on /home/airflow/.local/lib/python3.12/site-packages/airflow/example_dags/tutorial.py
[2024-12-13T01:18:57.797+0000] {processor.py:914} INFO - Processing file /home/airflow/.local/lib/python3.12/site-packages/airflow/example_dags/tutorial.py for tasks to queue
[2024-12-13T01:18:57.799+0000] {logging_mixin.py:190} INFO - [2024-12-13T01:18:57.799+0000] {dagbag.py:588} INFO - Filling up the DagBag from /home/airflow/.local/lib/python3.12/site-packages/airflow/example_dags/tutorial.py
[2024-12-13T01:18:57.809+0000] {processor.py:925} INFO - DAG(s) 'tutorial' retrieved from /home/airflow/.local/lib/python3.12/site-packages/airflow/example_dags/tutorial.py
[2024-12-13T01:18:57.830+0000] {logging_mixin.py:190} INFO - [2024-12-13T01:18:57.830+0000] {dag.py:3239} INFO - Sync 1 DAGs
[2024-12-13T01:18:57.858+0000] {logging_mixin.py:190} INFO - [2024-12-13T01:18:57.858+0000] {dag.py:4180} INFO - Setting next_dagrun for tutorial to 2024-12-12 00:00:00+00:00, run_after=2024-12-13 00:00:00+00:00
[2024-12-13T01:18:57.876+0000] {processor.py:208} INFO - Processing /home/airflow/.local/lib/python3.12/site-packages/airflow/example_dags/tutorial.py took 0.086 seconds
[2024-12-13T01:19:29.975+0000] {processor.py:186} INFO - Started process (PID=70885) to work on /home/airflow/.local/lib/python3.12/site-packages/airflow/example_dags/tutorial.py
[2024-12-13T01:19:29.977+0000] {processor.py:914} INFO - Processing file /home/airflow/.local/lib/python3.12/site-packages/airflow/example_dags/tutorial.py for tasks to queue
[2024-12-13T01:19:29.984+0000] {logging_mixin.py:190} INFO - [2024-12-13T01:19:29.982+0000] {dagbag.py:588} INFO - Filling up the DagBag from /home/airflow/.local/lib/python3.12/site-packages/airflow/example_dags/tutorial.py
[2024-12-13T01:19:30.002+0000] {processor.py:925} INFO - DAG(s) 'tutorial' retrieved from /home/airflow/.local/lib/python3.12/site-packages/airflow/example_dags/tutorial.py
[2024-12-13T01:19:30.036+0000] {logging_mixin.py:190} INFO - [2024-12-13T01:19:30.035+0000] {dag.py:3239} INFO - Sync 1 DAGs
[2024-12-13T01:19:30.070+0000] {logging_mixin.py:190} INFO - [2024-12-13T01:19:30.070+0000] {dag.py:4180} INFO - Setting next_dagrun for tutorial to 2024-12-12 00:00:00+00:00, run_after=2024-12-13 00:00:00+00:00
[2024-12-13T01:19:30.095+0000] {processor.py:208} INFO - Processing /home/airflow/.local/lib/python3.12/site-packages/airflow/example_dags/tutorial.py took 0.133 seconds
[2024-12-13T01:20:02.894+0000] {processor.py:186} INFO - Started process (PID=70950) to work on /home/airflow/.local/lib/python3.12/site-packages/airflow/example_dags/tutorial.py
[2024-12-13T01:20:02.895+0000] {processor.py:914} INFO - Processing file /home/airflow/.local/lib/python3.12/site-packages/airflow/example_dags/tutorial.py for tasks to queue
[2024-12-13T01:20:02.897+0000] {logging_mixin.py:190} INFO - [2024-12-13T01:20:02.896+0000] {dagbag.py:588} INFO - Filling up the DagBag from /home/airflow/.local/lib/python3.12/site-packages/airflow/example_dags/tutorial.py
[2024-12-13T01:20:02.904+0000] {processor.py:925} INFO - DAG(s) 'tutorial' retrieved from /home/airflow/.local/lib/python3.12/site-packages/airflow/example_dags/tutorial.py
[2024-12-13T01:20:02.921+0000] {logging_mixin.py:190} INFO - [2024-12-13T01:20:02.921+0000] {dag.py:3239} INFO - Sync 1 DAGs
[2024-12-13T01:20:02.941+0000] {logging_mixin.py:190} INFO - [2024-12-13T01:20:02.940+0000] {dag.py:4180} INFO - Setting next_dagrun for tutorial to 2024-12-12 00:00:00+00:00, run_after=2024-12-13 00:00:00+00:00
[2024-12-13T01:20:02.956+0000] {processor.py:208} INFO - Processing /home/airflow/.local/lib/python3.12/site-packages/airflow/example_dags/tutorial.py took 0.067 seconds
[2024-12-13T01:20:36.680+0000] {processor.py:186} INFO - Started process (PID=71015) to work on /home/airflow/.local/lib/python3.12/site-packages/airflow/example_dags/tutorial.py
[2024-12-13T01:20:36.681+0000] {processor.py:914} INFO - Processing file /home/airflow/.local/lib/python3.12/site-packages/airflow/example_dags/tutorial.py for tasks to queue
[2024-12-13T01:20:36.683+0000] {logging_mixin.py:190} INFO - [2024-12-13T01:20:36.683+0000] {dagbag.py:588} INFO - Filling up the DagBag from /home/airflow/.local/lib/python3.12/site-packages/airflow/example_dags/tutorial.py
[2024-12-13T01:20:36.692+0000] {processor.py:925} INFO - DAG(s) 'tutorial' retrieved from /home/airflow/.local/lib/python3.12/site-packages/airflow/example_dags/tutorial.py
[2024-12-13T01:20:36.709+0000] {logging_mixin.py:190} INFO - [2024-12-13T01:20:36.709+0000] {dag.py:3239} INFO - Sync 1 DAGs
[2024-12-13T01:20:36.729+0000] {logging_mixin.py:190} INFO - [2024-12-13T01:20:36.729+0000] {dag.py:4180} INFO - Setting next_dagrun for tutorial to 2024-12-12 00:00:00+00:00, run_after=2024-12-13 00:00:00+00:00
[2024-12-13T01:20:36.748+0000] {processor.py:208} INFO - Processing /home/airflow/.local/lib/python3.12/site-packages/airflow/example_dags/tutorial.py took 0.073 seconds
[2024-12-13T01:21:11.205+0000] {processor.py:186} INFO - Started process (PID=71080) to work on /home/airflow/.local/lib/python3.12/site-packages/airflow/example_dags/tutorial.py
[2024-12-13T01:21:11.206+0000] {processor.py:914} INFO - Processing file /home/airflow/.local/lib/python3.12/site-packages/airflow/example_dags/tutorial.py for tasks to queue
[2024-12-13T01:21:11.208+0000] {logging_mixin.py:190} INFO - [2024-12-13T01:21:11.208+0000] {dagbag.py:588} INFO - Filling up the DagBag from /home/airflow/.local/lib/python3.12/site-packages/airflow/example_dags/tutorial.py
[2024-12-13T01:21:11.216+0000] {processor.py:925} INFO - DAG(s) 'tutorial' retrieved from /home/airflow/.local/lib/python3.12/site-packages/airflow/example_dags/tutorial.py
[2024-12-13T01:21:11.236+0000] {logging_mixin.py:190} INFO - [2024-12-13T01:21:11.236+0000] {dag.py:3239} INFO - Sync 1 DAGs
[2024-12-13T01:21:11.258+0000] {logging_mixin.py:190} INFO - [2024-12-13T01:21:11.258+0000] {dag.py:4180} INFO - Setting next_dagrun for tutorial to 2024-12-12 00:00:00+00:00, run_after=2024-12-13 00:00:00+00:00
[2024-12-13T01:21:11.281+0000] {processor.py:208} INFO - Processing /home/airflow/.local/lib/python3.12/site-packages/airflow/example_dags/tutorial.py took 0.080 seconds
[2024-12-13T01:21:43.509+0000] {processor.py:186} INFO - Started process (PID=71145) to work on /home/airflow/.local/lib/python3.12/site-packages/airflow/example_dags/tutorial.py
[2024-12-13T01:21:43.510+0000] {processor.py:914} INFO - Processing file /home/airflow/.local/lib/python3.12/site-packages/airflow/example_dags/tutorial.py for tasks to queue
[2024-12-13T01:21:43.512+0000] {logging_mixin.py:190} INFO - [2024-12-13T01:21:43.512+0000] {dagbag.py:588} INFO - Filling up the DagBag from /home/airflow/.local/lib/python3.12/site-packages/airflow/example_dags/tutorial.py
[2024-12-13T01:21:43.519+0000] {processor.py:925} INFO - DAG(s) 'tutorial' retrieved from /home/airflow/.local/lib/python3.12/site-packages/airflow/example_dags/tutorial.py
[2024-12-13T01:21:43.538+0000] {logging_mixin.py:190} INFO - [2024-12-13T01:21:43.537+0000] {dag.py:3239} INFO - Sync 1 DAGs
[2024-12-13T01:21:43.569+0000] {logging_mixin.py:190} INFO - [2024-12-13T01:21:43.569+0000] {dag.py:4180} INFO - Setting next_dagrun for tutorial to 2024-12-12 00:00:00+00:00, run_after=2024-12-13 00:00:00+00:00
[2024-12-13T01:21:43.590+0000] {processor.py:208} INFO - Processing /home/airflow/.local/lib/python3.12/site-packages/airflow/example_dags/tutorial.py took 0.086 seconds
[2024-12-13T01:22:16.055+0000] {processor.py:186} INFO - Started process (PID=71210) to work on /home/airflow/.local/lib/python3.12/site-packages/airflow/example_dags/tutorial.py
[2024-12-13T01:22:16.056+0000] {processor.py:914} INFO - Processing file /home/airflow/.local/lib/python3.12/site-packages/airflow/example_dags/tutorial.py for tasks to queue
[2024-12-13T01:22:16.058+0000] {logging_mixin.py:190} INFO - [2024-12-13T01:22:16.058+0000] {dagbag.py:588} INFO - Filling up the DagBag from /home/airflow/.local/lib/python3.12/site-packages/airflow/example_dags/tutorial.py
[2024-12-13T01:22:16.066+0000] {processor.py:925} INFO - DAG(s) 'tutorial' retrieved from /home/airflow/.local/lib/python3.12/site-packages/airflow/example_dags/tutorial.py
[2024-12-13T01:22:16.086+0000] {logging_mixin.py:190} INFO - [2024-12-13T01:22:16.086+0000] {dag.py:3239} INFO - Sync 1 DAGs
[2024-12-13T01:22:16.106+0000] {logging_mixin.py:190} INFO - [2024-12-13T01:22:16.106+0000] {dag.py:4180} INFO - Setting next_dagrun for tutorial to 2024-12-12 00:00:00+00:00, run_after=2024-12-13 00:00:00+00:00
[2024-12-13T01:22:16.123+0000] {processor.py:208} INFO - Processing /home/airflow/.local/lib/python3.12/site-packages/airflow/example_dags/tutorial.py took 0.076 seconds
[2024-12-13T01:22:49.536+0000] {processor.py:186} INFO - Started process (PID=71275) to work on /home/airflow/.local/lib/python3.12/site-packages/airflow/example_dags/tutorial.py
[2024-12-13T01:22:49.537+0000] {processor.py:914} INFO - Processing file /home/airflow/.local/lib/python3.12/site-packages/airflow/example_dags/tutorial.py for tasks to queue
[2024-12-13T01:22:49.539+0000] {logging_mixin.py:190} INFO - [2024-12-13T01:22:49.539+0000] {dagbag.py:588} INFO - Filling up the DagBag from /home/airflow/.local/lib/python3.12/site-packages/airflow/example_dags/tutorial.py
[2024-12-13T01:22:49.546+0000] {processor.py:925} INFO - DAG(s) 'tutorial' retrieved from /home/airflow/.local/lib/python3.12/site-packages/airflow/example_dags/tutorial.py
[2024-12-13T01:22:49.564+0000] {logging_mixin.py:190} INFO - [2024-12-13T01:22:49.564+0000] {dag.py:3239} INFO - Sync 1 DAGs
[2024-12-13T01:22:49.583+0000] {logging_mixin.py:190} INFO - [2024-12-13T01:22:49.583+0000] {dag.py:4180} INFO - Setting next_dagrun for tutorial to 2024-12-12 00:00:00+00:00, run_after=2024-12-13 00:00:00+00:00
[2024-12-13T01:22:49.599+0000] {processor.py:208} INFO - Processing /home/airflow/.local/lib/python3.12/site-packages/airflow/example_dags/tutorial.py took 0.068 seconds
[2024-12-13T01:23:24.156+0000] {processor.py:186} INFO - Started process (PID=71340) to work on /home/airflow/.local/lib/python3.12/site-packages/airflow/example_dags/tutorial.py
[2024-12-13T01:23:24.156+0000] {processor.py:914} INFO - Processing file /home/airflow/.local/lib/python3.12/site-packages/airflow/example_dags/tutorial.py for tasks to queue
[2024-12-13T01:23:24.159+0000] {logging_mixin.py:190} INFO - [2024-12-13T01:23:24.158+0000] {dagbag.py:588} INFO - Filling up the DagBag from /home/airflow/.local/lib/python3.12/site-packages/airflow/example_dags/tutorial.py
[2024-12-13T01:23:24.166+0000] {processor.py:925} INFO - DAG(s) 'tutorial' retrieved from /home/airflow/.local/lib/python3.12/site-packages/airflow/example_dags/tutorial.py
[2024-12-13T01:23:24.184+0000] {logging_mixin.py:190} INFO - [2024-12-13T01:23:24.184+0000] {dag.py:3239} INFO - Sync 1 DAGs
[2024-12-13T01:23:24.205+0000] {logging_mixin.py:190} INFO - [2024-12-13T01:23:24.204+0000] {dag.py:4180} INFO - Setting next_dagrun for tutorial to 2024-12-12 00:00:00+00:00, run_after=2024-12-13 00:00:00+00:00
[2024-12-13T01:23:24.220+0000] {processor.py:208} INFO - Processing /home/airflow/.local/lib/python3.12/site-packages/airflow/example_dags/tutorial.py took 0.070 seconds
[2024-12-13T01:23:57.666+0000] {processor.py:186} INFO - Started process (PID=71405) to work on /home/airflow/.local/lib/python3.12/site-packages/airflow/example_dags/tutorial.py
[2024-12-13T01:23:57.666+0000] {processor.py:914} INFO - Processing file /home/airflow/.local/lib/python3.12/site-packages/airflow/example_dags/tutorial.py for tasks to queue
[2024-12-13T01:23:57.669+0000] {logging_mixin.py:190} INFO - [2024-12-13T01:23:57.668+0000] {dagbag.py:588} INFO - Filling up the DagBag from /home/airflow/.local/lib/python3.12/site-packages/airflow/example_dags/tutorial.py
[2024-12-13T01:23:57.675+0000] {processor.py:925} INFO - DAG(s) 'tutorial' retrieved from /home/airflow/.local/lib/python3.12/site-packages/airflow/example_dags/tutorial.py
[2024-12-13T01:23:57.693+0000] {logging_mixin.py:190} INFO - [2024-12-13T01:23:57.693+0000] {dag.py:3239} INFO - Sync 1 DAGs
[2024-12-13T01:23:57.866+0000] {logging_mixin.py:190} INFO - [2024-12-13T01:23:57.866+0000] {dag.py:4180} INFO - Setting next_dagrun for tutorial to 2024-12-12 00:00:00+00:00, run_after=2024-12-13 00:00:00+00:00
[2024-12-13T01:23:57.882+0000] {processor.py:208} INFO - Processing /home/airflow/.local/lib/python3.12/site-packages/airflow/example_dags/tutorial.py took 0.221 seconds
[2024-12-13T01:24:30.254+0000] {processor.py:186} INFO - Started process (PID=71470) to work on /home/airflow/.local/lib/python3.12/site-packages/airflow/example_dags/tutorial.py
[2024-12-13T01:24:30.255+0000] {processor.py:914} INFO - Processing file /home/airflow/.local/lib/python3.12/site-packages/airflow/example_dags/tutorial.py for tasks to queue
[2024-12-13T01:24:30.257+0000] {logging_mixin.py:190} INFO - [2024-12-13T01:24:30.256+0000] {dagbag.py:588} INFO - Filling up the DagBag from /home/airflow/.local/lib/python3.12/site-packages/airflow/example_dags/tutorial.py
[2024-12-13T01:24:30.264+0000] {processor.py:925} INFO - DAG(s) 'tutorial' retrieved from /home/airflow/.local/lib/python3.12/site-packages/airflow/example_dags/tutorial.py
[2024-12-13T01:24:30.281+0000] {logging_mixin.py:190} INFO - [2024-12-13T01:24:30.281+0000] {dag.py:3239} INFO - Sync 1 DAGs
[2024-12-13T01:24:30.302+0000] {logging_mixin.py:190} INFO - [2024-12-13T01:24:30.302+0000] {dag.py:4180} INFO - Setting next_dagrun for tutorial to 2024-12-12 00:00:00+00:00, run_after=2024-12-13 00:00:00+00:00
[2024-12-13T01:24:30.477+0000] {processor.py:208} INFO - Processing /home/airflow/.local/lib/python3.12/site-packages/airflow/example_dags/tutorial.py took 0.227 seconds
[2024-12-13T01:25:03.693+0000] {processor.py:186} INFO - Started process (PID=71535) to work on /home/airflow/.local/lib/python3.12/site-packages/airflow/example_dags/tutorial.py
[2024-12-13T01:25:03.694+0000] {processor.py:914} INFO - Processing file /home/airflow/.local/lib/python3.12/site-packages/airflow/example_dags/tutorial.py for tasks to queue
[2024-12-13T01:25:03.696+0000] {logging_mixin.py:190} INFO - [2024-12-13T01:25:03.696+0000] {dagbag.py:588} INFO - Filling up the DagBag from /home/airflow/.local/lib/python3.12/site-packages/airflow/example_dags/tutorial.py
[2024-12-13T01:25:03.703+0000] {processor.py:925} INFO - DAG(s) 'tutorial' retrieved from /home/airflow/.local/lib/python3.12/site-packages/airflow/example_dags/tutorial.py
[2024-12-13T01:25:03.719+0000] {logging_mixin.py:190} INFO - [2024-12-13T01:25:03.719+0000] {dag.py:3239} INFO - Sync 1 DAGs
[2024-12-13T01:25:03.741+0000] {logging_mixin.py:190} INFO - [2024-12-13T01:25:03.740+0000] {dag.py:4180} INFO - Setting next_dagrun for tutorial to 2024-12-12 00:00:00+00:00, run_after=2024-12-13 00:00:00+00:00
[2024-12-13T01:25:03.918+0000] {processor.py:208} INFO - Processing /home/airflow/.local/lib/python3.12/site-packages/airflow/example_dags/tutorial.py took 0.230 seconds
[2024-12-13T01:25:34.567+0000] {processor.py:186} INFO - Started process (PID=71600) to work on /home/airflow/.local/lib/python3.12/site-packages/airflow/example_dags/tutorial.py
[2024-12-13T01:25:34.567+0000] {processor.py:914} INFO - Processing file /home/airflow/.local/lib/python3.12/site-packages/airflow/example_dags/tutorial.py for tasks to queue
[2024-12-13T01:25:34.569+0000] {logging_mixin.py:190} INFO - [2024-12-13T01:25:34.569+0000] {dagbag.py:588} INFO - Filling up the DagBag from /home/airflow/.local/lib/python3.12/site-packages/airflow/example_dags/tutorial.py
[2024-12-13T01:25:34.576+0000] {processor.py:925} INFO - DAG(s) 'tutorial' retrieved from /home/airflow/.local/lib/python3.12/site-packages/airflow/example_dags/tutorial.py
[2024-12-13T01:25:34.596+0000] {logging_mixin.py:190} INFO - [2024-12-13T01:25:34.595+0000] {dag.py:3239} INFO - Sync 1 DAGs
[2024-12-13T01:25:34.617+0000] {logging_mixin.py:190} INFO - [2024-12-13T01:25:34.616+0000] {dag.py:4180} INFO - Setting next_dagrun for tutorial to 2024-12-12 00:00:00+00:00, run_after=2024-12-13 00:00:00+00:00
[2024-12-13T01:25:34.633+0000] {processor.py:208} INFO - Processing /home/airflow/.local/lib/python3.12/site-packages/airflow/example_dags/tutorial.py took 0.071 seconds
[2024-12-13T01:26:08.131+0000] {processor.py:186} INFO - Started process (PID=71665) to work on /home/airflow/.local/lib/python3.12/site-packages/airflow/example_dags/tutorial.py
[2024-12-13T01:26:08.132+0000] {processor.py:914} INFO - Processing file /home/airflow/.local/lib/python3.12/site-packages/airflow/example_dags/tutorial.py for tasks to queue
[2024-12-13T01:26:08.135+0000] {logging_mixin.py:190} INFO - [2024-12-13T01:26:08.134+0000] {dagbag.py:588} INFO - Filling up the DagBag from /home/airflow/.local/lib/python3.12/site-packages/airflow/example_dags/tutorial.py
[2024-12-13T01:26:08.142+0000] {processor.py:925} INFO - DAG(s) 'tutorial' retrieved from /home/airflow/.local/lib/python3.12/site-packages/airflow/example_dags/tutorial.py
[2024-12-13T01:26:08.160+0000] {logging_mixin.py:190} INFO - [2024-12-13T01:26:08.159+0000] {dag.py:3239} INFO - Sync 1 DAGs
[2024-12-13T01:26:08.182+0000] {logging_mixin.py:190} INFO - [2024-12-13T01:26:08.182+0000] {dag.py:4180} INFO - Setting next_dagrun for tutorial to 2024-12-12 00:00:00+00:00, run_after=2024-12-13 00:00:00+00:00
[2024-12-13T01:26:08.199+0000] {processor.py:208} INFO - Processing /home/airflow/.local/lib/python3.12/site-packages/airflow/example_dags/tutorial.py took 0.073 seconds
[2024-12-13T01:26:40.554+0000] {processor.py:186} INFO - Started process (PID=71731) to work on /home/airflow/.local/lib/python3.12/site-packages/airflow/example_dags/tutorial.py
[2024-12-13T01:26:40.555+0000] {processor.py:914} INFO - Processing file /home/airflow/.local/lib/python3.12/site-packages/airflow/example_dags/tutorial.py for tasks to queue
[2024-12-13T01:26:40.557+0000] {logging_mixin.py:190} INFO - [2024-12-13T01:26:40.557+0000] {dagbag.py:588} INFO - Filling up the DagBag from /home/airflow/.local/lib/python3.12/site-packages/airflow/example_dags/tutorial.py
[2024-12-13T01:26:40.565+0000] {processor.py:925} INFO - DAG(s) 'tutorial' retrieved from /home/airflow/.local/lib/python3.12/site-packages/airflow/example_dags/tutorial.py
[2024-12-13T01:26:40.584+0000] {logging_mixin.py:190} INFO - [2024-12-13T01:26:40.583+0000] {dag.py:3239} INFO - Sync 1 DAGs
[2024-12-13T01:26:40.609+0000] {logging_mixin.py:190} INFO - [2024-12-13T01:26:40.608+0000] {dag.py:4180} INFO - Setting next_dagrun for tutorial to 2024-12-12 00:00:00+00:00, run_after=2024-12-13 00:00:00+00:00
[2024-12-13T01:26:40.626+0000] {processor.py:208} INFO - Processing /home/airflow/.local/lib/python3.12/site-packages/airflow/example_dags/tutorial.py took 0.078 seconds
[2024-12-13T01:27:14.505+0000] {processor.py:186} INFO - Started process (PID=71796) to work on /home/airflow/.local/lib/python3.12/site-packages/airflow/example_dags/tutorial.py
[2024-12-13T01:27:14.506+0000] {processor.py:914} INFO - Processing file /home/airflow/.local/lib/python3.12/site-packages/airflow/example_dags/tutorial.py for tasks to queue
[2024-12-13T01:27:14.508+0000] {logging_mixin.py:190} INFO - [2024-12-13T01:27:14.508+0000] {dagbag.py:588} INFO - Filling up the DagBag from /home/airflow/.local/lib/python3.12/site-packages/airflow/example_dags/tutorial.py
[2024-12-13T01:27:14.515+0000] {processor.py:925} INFO - DAG(s) 'tutorial' retrieved from /home/airflow/.local/lib/python3.12/site-packages/airflow/example_dags/tutorial.py
[2024-12-13T01:27:14.534+0000] {logging_mixin.py:190} INFO - [2024-12-13T01:27:14.534+0000] {dag.py:3239} INFO - Sync 1 DAGs
[2024-12-13T01:27:14.555+0000] {logging_mixin.py:190} INFO - [2024-12-13T01:27:14.555+0000] {dag.py:4180} INFO - Setting next_dagrun for tutorial to 2024-12-12 00:00:00+00:00, run_after=2024-12-13 00:00:00+00:00
[2024-12-13T01:27:14.571+0000] {processor.py:208} INFO - Processing /home/airflow/.local/lib/python3.12/site-packages/airflow/example_dags/tutorial.py took 0.071 seconds
[2024-12-13T01:27:47.629+0000] {processor.py:186} INFO - Started process (PID=71862) to work on /home/airflow/.local/lib/python3.12/site-packages/airflow/example_dags/tutorial.py
[2024-12-13T01:27:47.630+0000] {processor.py:914} INFO - Processing file /home/airflow/.local/lib/python3.12/site-packages/airflow/example_dags/tutorial.py for tasks to queue
[2024-12-13T01:27:47.632+0000] {logging_mixin.py:190} INFO - [2024-12-13T01:27:47.632+0000] {dagbag.py:588} INFO - Filling up the DagBag from /home/airflow/.local/lib/python3.12/site-packages/airflow/example_dags/tutorial.py
[2024-12-13T01:27:47.640+0000] {processor.py:925} INFO - DAG(s) 'tutorial' retrieved from /home/airflow/.local/lib/python3.12/site-packages/airflow/example_dags/tutorial.py
[2024-12-13T01:27:47.658+0000] {logging_mixin.py:190} INFO - [2024-12-13T01:27:47.658+0000] {dag.py:3239} INFO - Sync 1 DAGs
[2024-12-13T01:27:47.677+0000] {logging_mixin.py:190} INFO - [2024-12-13T01:27:47.677+0000] {dag.py:4180} INFO - Setting next_dagrun for tutorial to 2024-12-12 00:00:00+00:00, run_after=2024-12-13 00:00:00+00:00
[2024-12-13T01:27:47.694+0000] {processor.py:208} INFO - Processing /home/airflow/.local/lib/python3.12/site-packages/airflow/example_dags/tutorial.py took 0.070 seconds
[2024-12-13T01:28:20.458+0000] {processor.py:186} INFO - Started process (PID=71927) to work on /home/airflow/.local/lib/python3.12/site-packages/airflow/example_dags/tutorial.py
[2024-12-13T01:28:20.459+0000] {processor.py:914} INFO - Processing file /home/airflow/.local/lib/python3.12/site-packages/airflow/example_dags/tutorial.py for tasks to queue
[2024-12-13T01:28:20.461+0000] {logging_mixin.py:190} INFO - [2024-12-13T01:28:20.461+0000] {dagbag.py:588} INFO - Filling up the DagBag from /home/airflow/.local/lib/python3.12/site-packages/airflow/example_dags/tutorial.py
[2024-12-13T01:28:20.468+0000] {processor.py:925} INFO - DAG(s) 'tutorial' retrieved from /home/airflow/.local/lib/python3.12/site-packages/airflow/example_dags/tutorial.py
[2024-12-13T01:28:20.487+0000] {logging_mixin.py:190} INFO - [2024-12-13T01:28:20.487+0000] {dag.py:3239} INFO - Sync 1 DAGs
[2024-12-13T01:28:20.509+0000] {logging_mixin.py:190} INFO - [2024-12-13T01:28:20.509+0000] {dag.py:4180} INFO - Setting next_dagrun for tutorial to 2024-12-12 00:00:00+00:00, run_after=2024-12-13 00:00:00+00:00
[2024-12-13T01:28:20.525+0000] {processor.py:208} INFO - Processing /home/airflow/.local/lib/python3.12/site-packages/airflow/example_dags/tutorial.py took 0.072 seconds
[2024-12-13T01:28:54.361+0000] {processor.py:186} INFO - Started process (PID=71993) to work on /home/airflow/.local/lib/python3.12/site-packages/airflow/example_dags/tutorial.py
[2024-12-13T01:28:54.362+0000] {processor.py:914} INFO - Processing file /home/airflow/.local/lib/python3.12/site-packages/airflow/example_dags/tutorial.py for tasks to queue
[2024-12-13T01:28:54.364+0000] {logging_mixin.py:190} INFO - [2024-12-13T01:28:54.363+0000] {dagbag.py:588} INFO - Filling up the DagBag from /home/airflow/.local/lib/python3.12/site-packages/airflow/example_dags/tutorial.py
[2024-12-13T01:28:54.371+0000] {processor.py:925} INFO - DAG(s) 'tutorial' retrieved from /home/airflow/.local/lib/python3.12/site-packages/airflow/example_dags/tutorial.py
[2024-12-13T01:28:54.389+0000] {logging_mixin.py:190} INFO - [2024-12-13T01:28:54.389+0000] {dag.py:3239} INFO - Sync 1 DAGs
[2024-12-13T01:28:54.411+0000] {logging_mixin.py:190} INFO - [2024-12-13T01:28:54.410+0000] {dag.py:4180} INFO - Setting next_dagrun for tutorial to 2024-12-12 00:00:00+00:00, run_after=2024-12-13 00:00:00+00:00
[2024-12-13T01:28:54.426+0000] {processor.py:208} INFO - Processing /home/airflow/.local/lib/python3.12/site-packages/airflow/example_dags/tutorial.py took 0.070 seconds
[2024-12-13T01:29:27.154+0000] {processor.py:186} INFO - Started process (PID=72058) to work on /home/airflow/.local/lib/python3.12/site-packages/airflow/example_dags/tutorial.py
[2024-12-13T01:29:27.155+0000] {processor.py:914} INFO - Processing file /home/airflow/.local/lib/python3.12/site-packages/airflow/example_dags/tutorial.py for tasks to queue
[2024-12-13T01:29:27.157+0000] {logging_mixin.py:190} INFO - [2024-12-13T01:29:27.156+0000] {dagbag.py:588} INFO - Filling up the DagBag from /home/airflow/.local/lib/python3.12/site-packages/airflow/example_dags/tutorial.py
[2024-12-13T01:29:27.164+0000] {processor.py:925} INFO - DAG(s) 'tutorial' retrieved from /home/airflow/.local/lib/python3.12/site-packages/airflow/example_dags/tutorial.py
[2024-12-13T01:29:27.183+0000] {logging_mixin.py:190} INFO - [2024-12-13T01:29:27.183+0000] {dag.py:3239} INFO - Sync 1 DAGs
[2024-12-13T01:29:27.203+0000] {logging_mixin.py:190} INFO - [2024-12-13T01:29:27.203+0000] {dag.py:4180} INFO - Setting next_dagrun for tutorial to 2024-12-12 00:00:00+00:00, run_after=2024-12-13 00:00:00+00:00
[2024-12-13T01:29:27.219+0000] {processor.py:208} INFO - Processing /home/airflow/.local/lib/python3.12/site-packages/airflow/example_dags/tutorial.py took 0.070 seconds
[2024-12-13T01:30:00.946+0000] {processor.py:186} INFO - Started process (PID=72123) to work on /home/airflow/.local/lib/python3.12/site-packages/airflow/example_dags/tutorial.py
[2024-12-13T01:30:00.947+0000] {processor.py:914} INFO - Processing file /home/airflow/.local/lib/python3.12/site-packages/airflow/example_dags/tutorial.py for tasks to queue
[2024-12-13T01:30:00.949+0000] {logging_mixin.py:190} INFO - [2024-12-13T01:30:00.949+0000] {dagbag.py:588} INFO - Filling up the DagBag from /home/airflow/.local/lib/python3.12/site-packages/airflow/example_dags/tutorial.py
[2024-12-13T01:30:00.956+0000] {processor.py:925} INFO - DAG(s) 'tutorial' retrieved from /home/airflow/.local/lib/python3.12/site-packages/airflow/example_dags/tutorial.py
[2024-12-13T01:30:00.974+0000] {logging_mixin.py:190} INFO - [2024-12-13T01:30:00.974+0000] {dag.py:3239} INFO - Sync 1 DAGs
[2024-12-13T01:30:00.995+0000] {logging_mixin.py:190} INFO - [2024-12-13T01:30:00.995+0000] {dag.py:4180} INFO - Setting next_dagrun for tutorial to 2024-12-12 00:00:00+00:00, run_after=2024-12-13 00:00:00+00:00
[2024-12-13T01:30:01.012+0000] {processor.py:208} INFO - Processing /home/airflow/.local/lib/python3.12/site-packages/airflow/example_dags/tutorial.py took 0.071 seconds
[2024-12-13T01:30:33.829+0000] {processor.py:186} INFO - Started process (PID=72188) to work on /home/airflow/.local/lib/python3.12/site-packages/airflow/example_dags/tutorial.py
[2024-12-13T01:30:33.830+0000] {processor.py:914} INFO - Processing file /home/airflow/.local/lib/python3.12/site-packages/airflow/example_dags/tutorial.py for tasks to queue
[2024-12-13T01:30:33.832+0000] {logging_mixin.py:190} INFO - [2024-12-13T01:30:33.832+0000] {dagbag.py:588} INFO - Filling up the DagBag from /home/airflow/.local/lib/python3.12/site-packages/airflow/example_dags/tutorial.py
[2024-12-13T01:30:33.839+0000] {processor.py:925} INFO - DAG(s) 'tutorial' retrieved from /home/airflow/.local/lib/python3.12/site-packages/airflow/example_dags/tutorial.py
[2024-12-13T01:30:33.859+0000] {logging_mixin.py:190} INFO - [2024-12-13T01:30:33.859+0000] {dag.py:3239} INFO - Sync 1 DAGs
[2024-12-13T01:30:33.883+0000] {logging_mixin.py:190} INFO - [2024-12-13T01:30:33.883+0000] {dag.py:4180} INFO - Setting next_dagrun for tutorial to 2024-12-12 00:00:00+00:00, run_after=2024-12-13 00:00:00+00:00
[2024-12-13T01:30:33.905+0000] {processor.py:208} INFO - Processing /home/airflow/.local/lib/python3.12/site-packages/airflow/example_dags/tutorial.py took 0.081 seconds
[2024-12-13T01:31:07.890+0000] {processor.py:186} INFO - Started process (PID=72253) to work on /home/airflow/.local/lib/python3.12/site-packages/airflow/example_dags/tutorial.py
[2024-12-13T01:31:07.891+0000] {processor.py:914} INFO - Processing file /home/airflow/.local/lib/python3.12/site-packages/airflow/example_dags/tutorial.py for tasks to queue
[2024-12-13T01:31:07.893+0000] {logging_mixin.py:190} INFO - [2024-12-13T01:31:07.893+0000] {dagbag.py:588} INFO - Filling up the DagBag from /home/airflow/.local/lib/python3.12/site-packages/airflow/example_dags/tutorial.py
[2024-12-13T01:31:07.903+0000] {processor.py:925} INFO - DAG(s) 'tutorial' retrieved from /home/airflow/.local/lib/python3.12/site-packages/airflow/example_dags/tutorial.py
[2024-12-13T01:31:07.928+0000] {logging_mixin.py:190} INFO - [2024-12-13T01:31:07.928+0000] {dag.py:3239} INFO - Sync 1 DAGs
[2024-12-13T01:31:07.955+0000] {logging_mixin.py:190} INFO - [2024-12-13T01:31:07.955+0000] {dag.py:4180} INFO - Setting next_dagrun for tutorial to 2024-12-12 00:00:00+00:00, run_after=2024-12-13 00:00:00+00:00
[2024-12-13T01:31:07.973+0000] {processor.py:208} INFO - Processing /home/airflow/.local/lib/python3.12/site-packages/airflow/example_dags/tutorial.py took 0.093 seconds
[2024-12-13T01:31:40.961+0000] {processor.py:186} INFO - Started process (PID=72319) to work on /home/airflow/.local/lib/python3.12/site-packages/airflow/example_dags/tutorial.py
[2024-12-13T01:31:40.963+0000] {processor.py:914} INFO - Processing file /home/airflow/.local/lib/python3.12/site-packages/airflow/example_dags/tutorial.py for tasks to queue
[2024-12-13T01:31:40.965+0000] {logging_mixin.py:190} INFO - [2024-12-13T01:31:40.965+0000] {dagbag.py:588} INFO - Filling up the DagBag from /home/airflow/.local/lib/python3.12/site-packages/airflow/example_dags/tutorial.py
[2024-12-13T01:31:40.973+0000] {processor.py:925} INFO - DAG(s) 'tutorial' retrieved from /home/airflow/.local/lib/python3.12/site-packages/airflow/example_dags/tutorial.py
[2024-12-13T01:31:40.993+0000] {logging_mixin.py:190} INFO - [2024-12-13T01:31:40.993+0000] {dag.py:3239} INFO - Sync 1 DAGs
[2024-12-13T01:31:41.017+0000] {logging_mixin.py:190} INFO - [2024-12-13T01:31:41.017+0000] {dag.py:4180} INFO - Setting next_dagrun for tutorial to 2024-12-12 00:00:00+00:00, run_after=2024-12-13 00:00:00+00:00
[2024-12-13T01:31:41.034+0000] {processor.py:208} INFO - Processing /home/airflow/.local/lib/python3.12/site-packages/airflow/example_dags/tutorial.py took 0.078 seconds
[2024-12-13T01:32:14.080+0000] {processor.py:186} INFO - Started process (PID=72385) to work on /home/airflow/.local/lib/python3.12/site-packages/airflow/example_dags/tutorial.py
[2024-12-13T01:32:14.080+0000] {processor.py:914} INFO - Processing file /home/airflow/.local/lib/python3.12/site-packages/airflow/example_dags/tutorial.py for tasks to queue
[2024-12-13T01:32:14.083+0000] {logging_mixin.py:190} INFO - [2024-12-13T01:32:14.082+0000] {dagbag.py:588} INFO - Filling up the DagBag from /home/airflow/.local/lib/python3.12/site-packages/airflow/example_dags/tutorial.py
[2024-12-13T01:32:14.090+0000] {processor.py:925} INFO - DAG(s) 'tutorial' retrieved from /home/airflow/.local/lib/python3.12/site-packages/airflow/example_dags/tutorial.py
[2024-12-13T01:32:14.108+0000] {logging_mixin.py:190} INFO - [2024-12-13T01:32:14.108+0000] {dag.py:3239} INFO - Sync 1 DAGs
[2024-12-13T01:32:14.129+0000] {logging_mixin.py:190} INFO - [2024-12-13T01:32:14.129+0000] {dag.py:4180} INFO - Setting next_dagrun for tutorial to 2024-12-12 00:00:00+00:00, run_after=2024-12-13 00:00:00+00:00
[2024-12-13T01:32:14.148+0000] {processor.py:208} INFO - Processing /home/airflow/.local/lib/python3.12/site-packages/airflow/example_dags/tutorial.py took 0.074 seconds
[2024-12-13T01:32:48.970+0000] {processor.py:186} INFO - Started process (PID=72462) to work on /home/airflow/.local/lib/python3.12/site-packages/airflow/example_dags/tutorial.py
[2024-12-13T01:32:48.970+0000] {processor.py:914} INFO - Processing file /home/airflow/.local/lib/python3.12/site-packages/airflow/example_dags/tutorial.py for tasks to queue
[2024-12-13T01:32:48.973+0000] {logging_mixin.py:190} INFO - [2024-12-13T01:32:48.972+0000] {dagbag.py:588} INFO - Filling up the DagBag from /home/airflow/.local/lib/python3.12/site-packages/airflow/example_dags/tutorial.py
[2024-12-13T01:32:48.980+0000] {processor.py:925} INFO - DAG(s) 'tutorial' retrieved from /home/airflow/.local/lib/python3.12/site-packages/airflow/example_dags/tutorial.py
[2024-12-13T01:32:49.000+0000] {logging_mixin.py:190} INFO - [2024-12-13T01:32:48.999+0000] {dag.py:3239} INFO - Sync 1 DAGs
[2024-12-13T01:32:49.022+0000] {logging_mixin.py:190} INFO - [2024-12-13T01:32:49.022+0000] {dag.py:4180} INFO - Setting next_dagrun for tutorial to 2024-12-12 00:00:00+00:00, run_after=2024-12-13 00:00:00+00:00
[2024-12-13T01:32:49.040+0000] {processor.py:208} INFO - Processing /home/airflow/.local/lib/python3.12/site-packages/airflow/example_dags/tutorial.py took 0.076 seconds
[2024-12-13T01:33:22.052+0000] {processor.py:186} INFO - Started process (PID=72527) to work on /home/airflow/.local/lib/python3.12/site-packages/airflow/example_dags/tutorial.py
[2024-12-13T01:33:22.053+0000] {processor.py:914} INFO - Processing file /home/airflow/.local/lib/python3.12/site-packages/airflow/example_dags/tutorial.py for tasks to queue
[2024-12-13T01:33:22.056+0000] {logging_mixin.py:190} INFO - [2024-12-13T01:33:22.056+0000] {dagbag.py:588} INFO - Filling up the DagBag from /home/airflow/.local/lib/python3.12/site-packages/airflow/example_dags/tutorial.py
[2024-12-13T01:33:22.065+0000] {processor.py:925} INFO - DAG(s) 'tutorial' retrieved from /home/airflow/.local/lib/python3.12/site-packages/airflow/example_dags/tutorial.py
[2024-12-13T01:33:22.085+0000] {logging_mixin.py:190} INFO - [2024-12-13T01:33:22.085+0000] {dag.py:3239} INFO - Sync 1 DAGs
[2024-12-13T01:33:22.122+0000] {logging_mixin.py:190} INFO - [2024-12-13T01:33:22.121+0000] {dag.py:4180} INFO - Setting next_dagrun for tutorial to 2024-12-12 00:00:00+00:00, run_after=2024-12-13 00:00:00+00:00
[2024-12-13T01:33:22.143+0000] {processor.py:208} INFO - Processing /home/airflow/.local/lib/python3.12/site-packages/airflow/example_dags/tutorial.py took 0.096 seconds
[2024-12-13T01:33:56.721+0000] {processor.py:186} INFO - Started process (PID=72599) to work on /home/airflow/.local/lib/python3.12/site-packages/airflow/example_dags/tutorial.py
[2024-12-13T01:33:56.722+0000] {processor.py:914} INFO - Processing file /home/airflow/.local/lib/python3.12/site-packages/airflow/example_dags/tutorial.py for tasks to queue
[2024-12-13T01:33:56.725+0000] {logging_mixin.py:190} INFO - [2024-12-13T01:33:56.724+0000] {dagbag.py:588} INFO - Filling up the DagBag from /home/airflow/.local/lib/python3.12/site-packages/airflow/example_dags/tutorial.py
[2024-12-13T01:33:56.734+0000] {processor.py:925} INFO - DAG(s) 'tutorial' retrieved from /home/airflow/.local/lib/python3.12/site-packages/airflow/example_dags/tutorial.py
[2024-12-13T01:33:56.758+0000] {logging_mixin.py:190} INFO - [2024-12-13T01:33:56.757+0000] {dag.py:3239} INFO - Sync 1 DAGs
[2024-12-13T01:33:56.783+0000] {logging_mixin.py:190} INFO - [2024-12-13T01:33:56.783+0000] {dag.py:4180} INFO - Setting next_dagrun for tutorial to 2024-12-12 00:00:00+00:00, run_after=2024-12-13 00:00:00+00:00
[2024-12-13T01:33:56.804+0000] {processor.py:208} INFO - Processing /home/airflow/.local/lib/python3.12/site-packages/airflow/example_dags/tutorial.py took 0.090 seconds
[2024-12-13T01:34:29.054+0000] {processor.py:186} INFO - Started process (PID=72665) to work on /home/airflow/.local/lib/python3.12/site-packages/airflow/example_dags/tutorial.py
[2024-12-13T01:34:29.055+0000] {processor.py:914} INFO - Processing file /home/airflow/.local/lib/python3.12/site-packages/airflow/example_dags/tutorial.py for tasks to queue
[2024-12-13T01:34:29.057+0000] {logging_mixin.py:190} INFO - [2024-12-13T01:34:29.057+0000] {dagbag.py:588} INFO - Filling up the DagBag from /home/airflow/.local/lib/python3.12/site-packages/airflow/example_dags/tutorial.py
[2024-12-13T01:34:29.066+0000] {processor.py:925} INFO - DAG(s) 'tutorial' retrieved from /home/airflow/.local/lib/python3.12/site-packages/airflow/example_dags/tutorial.py
[2024-12-13T01:34:29.084+0000] {logging_mixin.py:190} INFO - [2024-12-13T01:34:29.084+0000] {dag.py:3239} INFO - Sync 1 DAGs
[2024-12-13T01:34:29.105+0000] {logging_mixin.py:190} INFO - [2024-12-13T01:34:29.105+0000] {dag.py:4180} INFO - Setting next_dagrun for tutorial to 2024-12-12 00:00:00+00:00, run_after=2024-12-13 00:00:00+00:00
[2024-12-13T01:34:29.122+0000] {processor.py:208} INFO - Processing /home/airflow/.local/lib/python3.12/site-packages/airflow/example_dags/tutorial.py took 0.074 seconds
[2024-12-13T01:35:03.280+0000] {processor.py:186} INFO - Started process (PID=72730) to work on /home/airflow/.local/lib/python3.12/site-packages/airflow/example_dags/tutorial.py
[2024-12-13T01:35:03.281+0000] {processor.py:914} INFO - Processing file /home/airflow/.local/lib/python3.12/site-packages/airflow/example_dags/tutorial.py for tasks to queue
[2024-12-13T01:35:03.283+0000] {logging_mixin.py:190} INFO - [2024-12-13T01:35:03.283+0000] {dagbag.py:588} INFO - Filling up the DagBag from /home/airflow/.local/lib/python3.12/site-packages/airflow/example_dags/tutorial.py
[2024-12-13T01:35:03.290+0000] {processor.py:925} INFO - DAG(s) 'tutorial' retrieved from /home/airflow/.local/lib/python3.12/site-packages/airflow/example_dags/tutorial.py
[2024-12-13T01:35:03.308+0000] {logging_mixin.py:190} INFO - [2024-12-13T01:35:03.307+0000] {dag.py:3239} INFO - Sync 1 DAGs
[2024-12-13T01:35:03.330+0000] {logging_mixin.py:190} INFO - [2024-12-13T01:35:03.330+0000] {dag.py:4180} INFO - Setting next_dagrun for tutorial to 2024-12-12 00:00:00+00:00, run_after=2024-12-13 00:00:00+00:00
[2024-12-13T01:35:03.346+0000] {processor.py:208} INFO - Processing /home/airflow/.local/lib/python3.12/site-packages/airflow/example_dags/tutorial.py took 0.071 seconds
[2024-12-13T01:35:36.646+0000] {processor.py:186} INFO - Started process (PID=72795) to work on /home/airflow/.local/lib/python3.12/site-packages/airflow/example_dags/tutorial.py
[2024-12-13T01:35:36.646+0000] {processor.py:914} INFO - Processing file /home/airflow/.local/lib/python3.12/site-packages/airflow/example_dags/tutorial.py for tasks to queue
[2024-12-13T01:35:36.649+0000] {logging_mixin.py:190} INFO - [2024-12-13T01:35:36.648+0000] {dagbag.py:588} INFO - Filling up the DagBag from /home/airflow/.local/lib/python3.12/site-packages/airflow/example_dags/tutorial.py
[2024-12-13T01:35:36.656+0000] {processor.py:925} INFO - DAG(s) 'tutorial' retrieved from /home/airflow/.local/lib/python3.12/site-packages/airflow/example_dags/tutorial.py
[2024-12-13T01:35:36.673+0000] {logging_mixin.py:190} INFO - [2024-12-13T01:35:36.673+0000] {dag.py:3239} INFO - Sync 1 DAGs
[2024-12-13T01:35:36.694+0000] {logging_mixin.py:190} INFO - [2024-12-13T01:35:36.693+0000] {dag.py:4180} INFO - Setting next_dagrun for tutorial to 2024-12-12 00:00:00+00:00, run_after=2024-12-13 00:00:00+00:00
[2024-12-13T01:35:36.709+0000] {processor.py:208} INFO - Processing /home/airflow/.local/lib/python3.12/site-packages/airflow/example_dags/tutorial.py took 0.068 seconds
[2024-12-13T01:36:09.385+0000] {processor.py:186} INFO - Started process (PID=72860) to work on /home/airflow/.local/lib/python3.12/site-packages/airflow/example_dags/tutorial.py
[2024-12-13T01:36:09.386+0000] {processor.py:914} INFO - Processing file /home/airflow/.local/lib/python3.12/site-packages/airflow/example_dags/tutorial.py for tasks to queue
[2024-12-13T01:36:09.388+0000] {logging_mixin.py:190} INFO - [2024-12-13T01:36:09.387+0000] {dagbag.py:588} INFO - Filling up the DagBag from /home/airflow/.local/lib/python3.12/site-packages/airflow/example_dags/tutorial.py
[2024-12-13T01:36:09.399+0000] {processor.py:925} INFO - DAG(s) 'tutorial' retrieved from /home/airflow/.local/lib/python3.12/site-packages/airflow/example_dags/tutorial.py
[2024-12-13T01:36:09.423+0000] {logging_mixin.py:190} INFO - [2024-12-13T01:36:09.422+0000] {dag.py:3239} INFO - Sync 1 DAGs
[2024-12-13T01:36:09.445+0000] {logging_mixin.py:190} INFO - [2024-12-13T01:36:09.445+0000] {dag.py:4180} INFO - Setting next_dagrun for tutorial to 2024-12-12 00:00:00+00:00, run_after=2024-12-13 00:00:00+00:00
[2024-12-13T01:36:09.465+0000] {processor.py:208} INFO - Processing /home/airflow/.local/lib/python3.12/site-packages/airflow/example_dags/tutorial.py took 0.088 seconds
[2024-12-13T01:36:43.931+0000] {processor.py:186} INFO - Started process (PID=72925) to work on /home/airflow/.local/lib/python3.12/site-packages/airflow/example_dags/tutorial.py
[2024-12-13T01:36:43.932+0000] {processor.py:914} INFO - Processing file /home/airflow/.local/lib/python3.12/site-packages/airflow/example_dags/tutorial.py for tasks to queue
[2024-12-13T01:36:43.935+0000] {logging_mixin.py:190} INFO - [2024-12-13T01:36:43.934+0000] {dagbag.py:588} INFO - Filling up the DagBag from /home/airflow/.local/lib/python3.12/site-packages/airflow/example_dags/tutorial.py
[2024-12-13T01:36:43.944+0000] {processor.py:925} INFO - DAG(s) 'tutorial' retrieved from /home/airflow/.local/lib/python3.12/site-packages/airflow/example_dags/tutorial.py
[2024-12-13T01:36:43.971+0000] {logging_mixin.py:190} INFO - [2024-12-13T01:36:43.970+0000] {dag.py:3239} INFO - Sync 1 DAGs
[2024-12-13T01:36:44.005+0000] {logging_mixin.py:190} INFO - [2024-12-13T01:36:44.005+0000] {dag.py:4180} INFO - Setting next_dagrun for tutorial to 2024-12-12 00:00:00+00:00, run_after=2024-12-13 00:00:00+00:00
[2024-12-13T01:36:44.025+0000] {processor.py:208} INFO - Processing /home/airflow/.local/lib/python3.12/site-packages/airflow/example_dags/tutorial.py took 0.101 seconds
