[2024-12-11T21:19:09.137+0000] {local_task_job_runner.py:123} INFO - ::group::Pre task execution logs
[2024-12-11T21:19:09.171+0000] {taskinstance.py:2613} INFO - Dependencies all met for dep_context=non-requeueable deps ti=<TaskInstance: fetch_and_store_google_books.fetch_book_data scheduled__2024-07-26T00:00:00+00:00 [queued]>
[2024-12-11T21:19:09.183+0000] {taskinstance.py:2613} INFO - Dependencies all met for dep_context=requeueable deps ti=<TaskInstance: fetch_and_store_google_books.fetch_book_data scheduled__2024-07-26T00:00:00+00:00 [queued]>
[2024-12-11T21:19:09.184+0000] {taskinstance.py:2866} INFO - Starting attempt 1 of 2
[2024-12-11T21:19:09.239+0000] {taskinstance.py:2889} INFO - Executing <Task(PythonOperator): fetch_book_data> on 2024-07-26 00:00:00+00:00
[2024-12-11T21:19:09.252+0000] {warnings.py:112} WARNING - /home/***/.local/lib/python3.12/site-packages/***/task/task_runner/standard_task_runner.py:70: DeprecationWarning: This process (pid=617) is multi-threaded, use of fork() may lead to deadlocks in the child.
  pid = os.fork()

[2024-12-11T21:19:09.254+0000] {standard_task_runner.py:72} INFO - Started process 665 to run task
[2024-12-11T21:19:09.277+0000] {standard_task_runner.py:104} INFO - Running: ['***', 'tasks', 'run', 'fetch_and_store_google_books', 'fetch_book_data', 'scheduled__2024-07-26T00:00:00+00:00', '--job-id', '777', '--raw', '--subdir', 'DAGS_FOLDER/dag2.py', '--cfg-path', '/tmp/tmpuq30m6lz']
[2024-12-11T21:19:09.279+0000] {standard_task_runner.py:105} INFO - Job 777: Subtask fetch_book_data
[2024-12-11T21:19:09.406+0000] {task_command.py:467} INFO - Running <TaskInstance: fetch_and_store_google_books.fetch_book_data scheduled__2024-07-26T00:00:00+00:00 [running]> on host bb74d1700244
[2024-12-11T21:19:09.749+0000] {taskinstance.py:3132} INFO - Exporting env vars: AIRFLOW_CTX_DAG_OWNER='***' AIRFLOW_CTX_DAG_ID='fetch_and_store_google_books' AIRFLOW_CTX_TASK_ID='fetch_book_data' AIRFLOW_CTX_EXECUTION_DATE='2024-07-26T00:00:00+00:00' AIRFLOW_CTX_TRY_NUMBER='1' AIRFLOW_CTX_DAG_RUN_ID='scheduled__2024-07-26T00:00:00+00:00'
[2024-12-11T21:19:09.755+0000] {logging_mixin.py:190} INFO - Task instance is in running state
[2024-12-11T21:19:09.756+0000] {logging_mixin.py:190} INFO -  Previous state of the Task instance: queued
[2024-12-11T21:19:09.756+0000] {logging_mixin.py:190} INFO - Current task name:fetch_book_data state:running start_date:2024-12-11 21:19:09.172801+00:00
[2024-12-11T21:19:09.757+0000] {logging_mixin.py:190} INFO - Dag name:fetch_and_store_google_books and current dag run status:running
[2024-12-11T21:19:09.758+0000] {taskinstance.py:731} INFO - ::endgroup::
[2024-12-11T21:19:10.220+0000] {logging_mixin.py:190} INFO - Failed to fetch data. Status code: 429
[2024-12-11T21:19:10.317+0000] {python.py:240} INFO - Done. Returned value was: None
[2024-12-11T21:19:10.334+0000] {taskinstance.py:340} INFO - ::group::Post task execution logs
[2024-12-11T21:19:10.335+0000] {taskinstance.py:352} INFO - Marking task as SUCCESS. dag_id=fetch_and_store_google_books, task_id=fetch_book_data, run_id=scheduled__2024-07-26T00:00:00+00:00, execution_date=20240726T000000, start_date=20241211T211909, end_date=20241211T211910
[2024-12-11T21:19:10.356+0000] {logging_mixin.py:190} INFO - Task instance in success state
[2024-12-11T21:19:10.360+0000] {logging_mixin.py:190} INFO -  Previous state of the Task instance: running
[2024-12-11T21:19:10.361+0000] {logging_mixin.py:190} INFO - Dag name:fetch_and_store_google_books queued_at:2024-12-11 21:19:02.985201+00:00
[2024-12-11T21:19:10.362+0000] {logging_mixin.py:190} INFO - Task hostname:bb74d1700244 operator:PythonOperator
[2024-12-11T21:19:10.396+0000] {local_task_job_runner.py:266} INFO - Task exited with return code 0
[2024-12-11T21:19:10.468+0000] {taskinstance.py:3895} INFO - 1 downstream tasks scheduled from follow-on schedule check
[2024-12-11T21:19:10.470+0000] {local_task_job_runner.py:245} INFO - ::endgroup::
