[2024-12-11T21:26:40.278+0000] {local_task_job_runner.py:123} INFO - ::group::Pre task execution logs
[2024-12-11T21:26:40.302+0000] {taskinstance.py:2613} INFO - Dependencies all met for dep_context=non-requeueable deps ti=<TaskInstance: fetch_and_store_google_books.insert_book_data scheduled__2024-11-22T00:00:00+00:00 [queued]>
[2024-12-11T21:26:40.313+0000] {taskinstance.py:2613} INFO - Dependencies all met for dep_context=requeueable deps ti=<TaskInstance: fetch_and_store_google_books.insert_book_data scheduled__2024-11-22T00:00:00+00:00 [queued]>
[2024-12-11T21:26:40.314+0000] {taskinstance.py:2866} INFO - Starting attempt 1 of 2
[2024-12-11T21:26:40.332+0000] {taskinstance.py:2889} INFO - Executing <Task(PythonOperator): insert_book_data> on 2024-11-22 00:00:00+00:00
[2024-12-11T21:26:40.344+0000] {warnings.py:112} WARNING - /home/***/.local/lib/python3.12/site-packages/***/task/task_runner/standard_task_runner.py:70: DeprecationWarning: This process (pid=2303) is multi-threaded, use of fork() may lead to deadlocks in the child.
  pid = os.fork()

[2024-12-11T21:26:40.346+0000] {standard_task_runner.py:72} INFO - Started process 2330 to run task
[2024-12-11T21:26:40.347+0000] {standard_task_runner.py:104} INFO - Running: ['***', 'tasks', 'run', 'fetch_and_store_google_books', 'insert_book_data', 'scheduled__2024-11-22T00:00:00+00:00', '--job-id', '1175', '--raw', '--subdir', 'DAGS_FOLDER/dag2.py', '--cfg-path', '/tmp/tmp1dr0x396']
[2024-12-11T21:26:40.348+0000] {standard_task_runner.py:105} INFO - Job 1175: Subtask insert_book_data
[2024-12-11T21:26:40.407+0000] {task_command.py:467} INFO - Running <TaskInstance: fetch_and_store_google_books.insert_book_data scheduled__2024-11-22T00:00:00+00:00 [running]> on host bb74d1700244
[2024-12-11T21:26:40.524+0000] {taskinstance.py:3132} INFO - Exporting env vars: AIRFLOW_CTX_DAG_OWNER='***' AIRFLOW_CTX_DAG_ID='fetch_and_store_google_books' AIRFLOW_CTX_TASK_ID='insert_book_data' AIRFLOW_CTX_EXECUTION_DATE='2024-11-22T00:00:00+00:00' AIRFLOW_CTX_TRY_NUMBER='1' AIRFLOW_CTX_DAG_RUN_ID='scheduled__2024-11-22T00:00:00+00:00'
[2024-12-11T21:26:40.526+0000] {logging_mixin.py:190} INFO - Task instance is in running state
[2024-12-11T21:26:40.526+0000] {logging_mixin.py:190} INFO -  Previous state of the Task instance: queued
[2024-12-11T21:26:40.527+0000] {logging_mixin.py:190} INFO - Current task name:insert_book_data state:running start_date:2024-12-11 21:26:40.303074+00:00
[2024-12-11T21:26:40.527+0000] {logging_mixin.py:190} INFO - Dag name:fetch_and_store_google_books and current dag run status:running
[2024-12-11T21:26:40.528+0000] {taskinstance.py:731} INFO - ::endgroup::
[2024-12-11T21:26:40.559+0000] {base.py:84} INFO - Retrieving connection 'books_connection2'
[2024-12-11T21:26:40.564+0000] {sql.py:544} INFO - Running statement: 
    INSERT INTO google_books (title, authors, price, rating, link)
    VALUES (%s, %s, %s, %s, %s)
    , parameters: ('Data Engineering on Azure', 'Vlad Riscutia', 'Not Available', 'No Rating', 'http://books.google.co.in/books?id=q1Q5EAAAQBAJ&dq=data+engineering&hl=&source=gbs_api')
[2024-12-11T21:26:40.566+0000] {sql.py:553} INFO - Rows affected: 1
[2024-12-11T21:26:40.573+0000] {sql.py:544} INFO - Running statement: 
    INSERT INTO google_books (title, authors, price, rating, link)
    VALUES (%s, %s, %s, %s, %s)
    , parameters: ('Data Engineering with Python', 'Paul Crickard', 'Not Available', 'No Rating', 'https://play.google.com/store/books/details?id=9RYFEAAAQBAJ&source=gbs_api')
[2024-12-11T21:26:40.578+0000] {sql.py:553} INFO - Rows affected: 1
[2024-12-11T21:26:40.584+0000] {sql.py:544} INFO - Running statement: 
    INSERT INTO google_books (title, authors, price, rating, link)
    VALUES (%s, %s, %s, %s, %s)
    , parameters: ('Data Engineering with Google Cloud Platform', 'Adi Wijaya', 'Not Available', 'No Rating', 'https://play.google.com/store/books/details?id=AH9gEAAAQBAJ&source=gbs_api')
[2024-12-11T21:26:40.586+0000] {sql.py:553} INFO - Rows affected: 1
[2024-12-11T21:26:40.592+0000] {sql.py:544} INFO - Running statement: 
    INSERT INTO google_books (title, authors, price, rating, link)
    VALUES (%s, %s, %s, %s, %s)
    , parameters: ('Fundamentals of Data Engineering', 'Joe Reis, Matt Housley', 'Not Available', 'No Rating', 'http://books.google.co.in/books?id=3qd2EAAAQBAJ&dq=data+engineering&hl=&source=gbs_api')
[2024-12-11T21:26:40.594+0000] {sql.py:553} INFO - Rows affected: 1
[2024-12-11T21:26:40.599+0000] {sql.py:544} INFO - Running statement: 
    INSERT INTO google_books (title, authors, price, rating, link)
    VALUES (%s, %s, %s, %s, %s)
    , parameters: ('Data Engineering with Apache Spark, Delta Lake, and Lakehouse', 'Manoj Kukreja, Danil Zburivsky', 'Not Available', 'No Rating', 'https://play.google.com/store/books/details?id=XiJEEAAAQBAJ&source=gbs_api')
[2024-12-11T21:26:40.601+0000] {sql.py:553} INFO - Rows affected: 1
[2024-12-11T21:26:40.606+0000] {sql.py:544} INFO - Running statement: 
    INSERT INTO google_books (title, authors, price, rating, link)
    VALUES (%s, %s, %s, %s, %s)
    , parameters: ('97 Things Every Data Engineer Should Know', 'Tobias Macey', 'Not Available', 'No Rating', 'https://play.google.com/store/books/details?id=ZTQzEAAAQBAJ&source=gbs_api')
[2024-12-11T21:26:40.607+0000] {sql.py:553} INFO - Rows affected: 1
[2024-12-11T21:26:40.612+0000] {sql.py:544} INFO - Running statement: 
    INSERT INTO google_books (title, authors, price, rating, link)
    VALUES (%s, %s, %s, %s, %s)
    , parameters: ('The Rails Way', 'Obie Fernandez', 'Not Available', 'No Rating', 'http://books.google.co.in/books?id=bSfoGQkZYcQC&dq=data+engineering&hl=&source=gbs_api')
[2024-12-11T21:26:40.614+0000] {sql.py:553} INFO - Rows affected: 1
[2024-12-11T21:26:40.619+0000] {sql.py:544} INFO - Running statement: 
    INSERT INTO google_books (title, authors, price, rating, link)
    VALUES (%s, %s, %s, %s, %s)
    , parameters: ('The Pragmatic Programmer', 'David Thomas, Andrew Hunt', 'Not Available', 'No Rating', 'https://play.google.com/store/books/details?id=LhOlDwAAQBAJ&source=gbs_api')
[2024-12-11T21:26:40.621+0000] {sql.py:553} INFO - Rows affected: 1
[2024-12-11T21:26:40.627+0000] {sql.py:544} INFO - Running statement: 
    INSERT INTO google_books (title, authors, price, rating, link)
    VALUES (%s, %s, %s, %s, %s)
    , parameters: ('Data Teams', 'Jesse Anderson', 'Not Available', 'No Rating', 'http://books.google.co.in/books?id=6cMhzgEACAAJ&dq=data+engineering&hl=&source=gbs_api')
[2024-12-11T21:26:40.629+0000] {sql.py:553} INFO - Rows affected: 1
[2024-12-11T21:26:40.641+0000] {sql.py:544} INFO - Running statement: 
    INSERT INTO google_books (title, authors, price, rating, link)
    VALUES (%s, %s, %s, %s, %s)
    , parameters: ('Data Pipelines Pocket Reference', 'James Densmore', 'Not Available', 'No Rating', 'http://books.google.co.in/books?id=SxgcEAAAQBAJ&dq=data+engineering&hl=&source=gbs_api')
[2024-12-11T21:26:40.643+0000] {sql.py:553} INFO - Rows affected: 1
[2024-12-11T21:26:40.658+0000] {sql.py:544} INFO - Running statement: 
    INSERT INTO google_books (title, authors, price, rating, link)
    VALUES (%s, %s, %s, %s, %s)
    , parameters: ('Data-Driven Science and Engineering', 'Steven L. Brunton, J. Nathan Kutz', 'Not Available', 'No Rating', 'http://books.google.co.in/books?id=rxNkEAAAQBAJ&dq=data+engineering&hl=&source=gbs_api')
[2024-12-11T21:26:40.662+0000] {sql.py:553} INFO - Rows affected: 1
[2024-12-11T21:26:40.671+0000] {sql.py:544} INFO - Running statement: 
    INSERT INTO google_books (title, authors, price, rating, link)
    VALUES (%s, %s, %s, %s, %s)
    , parameters: ('Azure Data Engineering Cookbook', 'Ahmad Osama', 'Not Available', 'No Rating', 'https://play.google.com/store/books/details?id=G3UjEAAAQBAJ&source=gbs_api')
[2024-12-11T21:26:40.673+0000] {sql.py:553} INFO - Rows affected: 1
[2024-12-11T21:26:40.684+0000] {sql.py:544} INFO - Running statement: 
    INSERT INTO google_books (title, authors, price, rating, link)
    VALUES (%s, %s, %s, %s, %s)
    , parameters: ('Data Engineering and Communication Technology', 'K. Ashoka Reddy, B. Rama Devi, Boby George, K. Srujan Raju', 'Not Available', 'No Rating', 'https://play.google.com/store/books/details?id=48wvEAAAQBAJ&source=gbs_api')
[2024-12-11T21:26:40.686+0000] {sql.py:553} INFO - Rows affected: 1
[2024-12-11T21:26:40.691+0000] {sql.py:544} INFO - Running statement: 
    INSERT INTO google_books (title, authors, price, rating, link)
    VALUES (%s, %s, %s, %s, %s)
    , parameters: ('Emerging Research in Data Engineering Systems and Computer Communications', 'P. Venkata Krishna, Mohammad S. Obaidat', 'Not Available', 'No Rating', 'https://play.google.com/store/books/details?id=KIvPDwAAQBAJ&source=gbs_api')
[2024-12-11T21:26:40.693+0000] {sql.py:553} INFO - Rows affected: 1
[2024-12-11T21:26:40.700+0000] {sql.py:544} INFO - Running statement: 
    INSERT INTO google_books (title, authors, price, rating, link)
    VALUES (%s, %s, %s, %s, %s)
    , parameters: ('Advances in Artificial Intelligence and Data Engineering', 'Niranjan N. Chiplunkar, Takanori Fukao', 'Not Available', 'No Rating', 'http://books.google.co.in/books?id=iIhezgEACAAJ&dq=data+engineering&hl=&source=gbs_api')
[2024-12-11T21:26:40.701+0000] {sql.py:553} INFO - Rows affected: 1
[2024-12-11T21:26:40.710+0000] {sql.py:544} INFO - Running statement: 
    INSERT INTO google_books (title, authors, price, rating, link)
    VALUES (%s, %s, %s, %s, %s)
    , parameters: ('Azure Data Engineer Associate Certification Guide', 'Newton Alex', 'Not Available', 'No Rating', 'https://play.google.com/store/books/details?id=NCdcEAAAQBAJ&source=gbs_api')
[2024-12-11T21:26:40.713+0000] {sql.py:553} INFO - Rows affected: 1
[2024-12-11T21:26:40.721+0000] {sql.py:544} INFO - Running statement: 
    INSERT INTO google_books (title, authors, price, rating, link)
    VALUES (%s, %s, %s, %s, %s)
    , parameters: ('Perspectives on Data Science for Software Engineering', 'Tim Menzies, Laurie Williams, Thomas Zimmermann', 'Not Available', 5, 'https://play.google.com/store/books/details?id=Kc7nCQAAQBAJ&source=gbs_api')
[2024-12-11T21:26:40.723+0000] {sql.py:553} INFO - Rows affected: 1
[2024-12-11T21:26:40.729+0000] {sql.py:544} INFO - Running statement: 
    INSERT INTO google_books (title, authors, price, rating, link)
    VALUES (%s, %s, %s, %s, %s)
    , parameters: ('Data-Driven Engineering Design', 'Ang Liu, Yuchen Wang, Xingzhi Wang', 'Not Available', 'No Rating', 'https://play.google.com/store/books/details?id=glJHEAAAQBAJ&source=gbs_api')
[2024-12-11T21:26:40.732+0000] {sql.py:553} INFO - Rows affected: 1
[2024-12-11T21:26:40.740+0000] {sql.py:544} INFO - Running statement: 
    INSERT INTO google_books (title, authors, price, rating, link)
    VALUES (%s, %s, %s, %s, %s)
    , parameters: ('Data Engineering and Intelligent Computing', 'Suresh Chandra Satapathy, Vikrant Bhateja, K. Srujan Raju, B. Janakiramaiah', 'Not Available', 'No Rating', 'https://play.google.com/store/books/details?id=niYmDwAAQBAJ&source=gbs_api')
[2024-12-11T21:26:40.741+0000] {sql.py:553} INFO - Rows affected: 1
[2024-12-11T21:26:40.749+0000] {sql.py:544} INFO - Running statement: 
    INSERT INTO google_books (title, authors, price, rating, link)
    VALUES (%s, %s, %s, %s, %s)
    , parameters: ('Data Science from Scratch', 'Joel Grus', 'Not Available', 5, 'http://books.google.co.in/books?id=24kdCAAAQBAJ&dq=data+engineering&hl=&source=gbs_api')
[2024-12-11T21:26:40.751+0000] {sql.py:553} INFO - Rows affected: 1
[2024-12-11T21:26:40.753+0000] {python.py:240} INFO - Done. Returned value was: None
[2024-12-11T21:26:40.764+0000] {taskinstance.py:340} INFO - ::group::Post task execution logs
[2024-12-11T21:26:40.765+0000] {taskinstance.py:352} INFO - Marking task as SUCCESS. dag_id=fetch_and_store_google_books, task_id=insert_book_data, run_id=scheduled__2024-11-22T00:00:00+00:00, execution_date=20241122T000000, start_date=20241211T212640, end_date=20241211T212640
[2024-12-11T21:26:40.776+0000] {logging_mixin.py:190} INFO - Task instance in success state
[2024-12-11T21:26:40.777+0000] {logging_mixin.py:190} INFO -  Previous state of the Task instance: running
[2024-12-11T21:26:40.777+0000] {logging_mixin.py:190} INFO - Dag name:fetch_and_store_google_books queued_at:2024-12-11 21:26:27.369642+00:00
[2024-12-11T21:26:40.777+0000] {logging_mixin.py:190} INFO - Task hostname:bb74d1700244 operator:PythonOperator
[2024-12-11T21:26:40.808+0000] {local_task_job_runner.py:266} INFO - Task exited with return code 0
[2024-12-11T21:26:40.829+0000] {taskinstance.py:3895} INFO - 0 downstream tasks scheduled from follow-on schedule check
[2024-12-11T21:26:40.831+0000] {local_task_job_runner.py:245} INFO - ::endgroup::
