[2024-12-11T20:36:30.618+0000] {local_task_job_runner.py:123} INFO - ::group::Pre task execution logs
[2024-12-11T20:36:30.663+0000] {taskinstance.py:2613} INFO - Dependencies all met for dep_context=non-requeueable deps ti=<TaskInstance: fetch_and_store_amazon_books.fetch_book_data scheduled__2024-10-12T00:00:00+00:00 [queued]>
[2024-12-11T20:36:30.680+0000] {taskinstance.py:2613} INFO - Dependencies all met for dep_context=requeueable deps ti=<TaskInstance: fetch_and_store_amazon_books.fetch_book_data scheduled__2024-10-12T00:00:00+00:00 [queued]>
[2024-12-11T20:36:30.691+0000] {taskinstance.py:2866} INFO - Starting attempt 1 of 2
[2024-12-11T20:36:30.718+0000] {taskinstance.py:2889} INFO - Executing <Task(PythonOperator): fetch_book_data> on 2024-10-12 00:00:00+00:00
[2024-12-11T20:36:30.736+0000] {standard_task_runner.py:104} INFO - Running: ['***', 'tasks', 'run', 'fetch_and_store_amazon_books', 'fetch_book_data', 'scheduled__2024-10-12T00:00:00+00:00', '--job-id', '398', '--raw', '--subdir', 'DAGS_FOLDER/app.py', '--cfg-path', '/tmp/tmp53cf_4t3']
[2024-12-11T20:36:30.738+0000] {standard_task_runner.py:105} INFO - Job 398: Subtask fetch_book_data
[2024-12-11T20:36:30.739+0000] {warnings.py:112} WARNING - /home/***/.local/lib/python3.12/site-packages/***/task/task_runner/standard_task_runner.py:70: DeprecationWarning: This process (pid=2377) is multi-threaded, use of fork() may lead to deadlocks in the child.
  pid = os.fork()

[2024-12-11T20:36:30.742+0000] {standard_task_runner.py:72} INFO - Started process 2411 to run task
[2024-12-11T20:36:30.807+0000] {task_command.py:467} INFO - Running <TaskInstance: fetch_and_store_amazon_books.fetch_book_data scheduled__2024-10-12T00:00:00+00:00 [running]> on host aaf3c4c4d810
[2024-12-11T20:36:30.930+0000] {taskinstance.py:3132} INFO - Exporting env vars: AIRFLOW_CTX_DAG_OWNER='***' AIRFLOW_CTX_DAG_ID='fetch_and_store_amazon_books' AIRFLOW_CTX_TASK_ID='fetch_book_data' AIRFLOW_CTX_EXECUTION_DATE='2024-10-12T00:00:00+00:00' AIRFLOW_CTX_TRY_NUMBER='1' AIRFLOW_CTX_DAG_RUN_ID='scheduled__2024-10-12T00:00:00+00:00'
[2024-12-11T20:36:30.932+0000] {logging_mixin.py:190} INFO - Task instance is in running state
[2024-12-11T20:36:30.932+0000] {logging_mixin.py:190} INFO -  Previous state of the Task instance: queued
[2024-12-11T20:36:30.933+0000] {logging_mixin.py:190} INFO - Current task name:fetch_book_data state:running start_date:2024-12-11 20:36:30.665137+00:00
[2024-12-11T20:36:30.933+0000] {logging_mixin.py:190} INFO - Dag name:fetch_and_store_amazon_books and current dag run status:running
[2024-12-11T20:36:30.934+0000] {taskinstance.py:731} INFO - ::endgroup::
[2024-12-11T20:36:31.802+0000] {logging_mixin.py:190} INFO - Failed to retrieve the page
[2024-12-11T20:36:31.872+0000] {python.py:240} INFO - Done. Returned value was: None
[2024-12-11T20:36:31.908+0000] {taskinstance.py:340} INFO - ::group::Post task execution logs
[2024-12-11T20:36:31.910+0000] {taskinstance.py:352} INFO - Marking task as SUCCESS. dag_id=fetch_and_store_amazon_books, task_id=fetch_book_data, run_id=scheduled__2024-10-12T00:00:00+00:00, execution_date=20241012T000000, start_date=20241211T203630, end_date=20241211T203631
[2024-12-11T20:36:32.032+0000] {logging_mixin.py:190} INFO - Task instance in success state
[2024-12-11T20:36:32.036+0000] {logging_mixin.py:190} INFO -  Previous state of the Task instance: running
[2024-12-11T20:36:32.038+0000] {logging_mixin.py:190} INFO - Dag name:fetch_and_store_amazon_books queued_at:2024-12-11 20:36:26.799424+00:00
[2024-12-11T20:36:32.045+0000] {logging_mixin.py:190} INFO - Task hostname:aaf3c4c4d810 operator:PythonOperator
[2024-12-11T20:36:32.097+0000] {local_task_job_runner.py:266} INFO - Task exited with return code 0
[2024-12-11T20:36:32.138+0000] {local_task_job_runner.py:245} INFO - ::endgroup::
