[2024-12-11T20:36:29.358+0000] {local_task_job_runner.py:123} INFO - ::group::Pre task execution logs
[2024-12-11T20:36:29.421+0000] {taskinstance.py:2613} INFO - Dependencies all met for dep_context=non-requeueable deps ti=<TaskInstance: fetch_and_store_amazon_books.fetch_book_data scheduled__2024-10-06T00:00:00+00:00 [queued]>
[2024-12-11T20:36:29.460+0000] {taskinstance.py:2613} INFO - Dependencies all met for dep_context=requeueable deps ti=<TaskInstance: fetch_and_store_amazon_books.fetch_book_data scheduled__2024-10-06T00:00:00+00:00 [queued]>
[2024-12-11T20:36:29.463+0000] {taskinstance.py:2866} INFO - Starting attempt 1 of 2
[2024-12-11T20:36:29.501+0000] {taskinstance.py:2889} INFO - Executing <Task(PythonOperator): fetch_book_data> on 2024-10-06 00:00:00+00:00
[2024-12-11T20:36:29.528+0000] {warnings.py:112} WARNING - /home/***/.local/lib/python3.12/site-packages/***/task/task_runner/standard_task_runner.py:70: DeprecationWarning: This process (pid=2365) is multi-threaded, use of fork() may lead to deadlocks in the child.
  pid = os.fork()

[2024-12-11T20:36:29.531+0000] {standard_task_runner.py:72} INFO - Started process 2397 to run task
[2024-12-11T20:36:29.538+0000] {standard_task_runner.py:104} INFO - Running: ['***', 'tasks', 'run', 'fetch_and_store_amazon_books', 'fetch_book_data', 'scheduled__2024-10-06T00:00:00+00:00', '--job-id', '392', '--raw', '--subdir', 'DAGS_FOLDER/app.py', '--cfg-path', '/tmp/tmpxehtnrz8']
[2024-12-11T20:36:29.553+0000] {standard_task_runner.py:105} INFO - Job 392: Subtask fetch_book_data
[2024-12-11T20:36:29.676+0000] {task_command.py:467} INFO - Running <TaskInstance: fetch_and_store_amazon_books.fetch_book_data scheduled__2024-10-06T00:00:00+00:00 [running]> on host aaf3c4c4d810
[2024-12-11T20:36:29.839+0000] {taskinstance.py:3132} INFO - Exporting env vars: AIRFLOW_CTX_DAG_OWNER='***' AIRFLOW_CTX_DAG_ID='fetch_and_store_amazon_books' AIRFLOW_CTX_TASK_ID='fetch_book_data' AIRFLOW_CTX_EXECUTION_DATE='2024-10-06T00:00:00+00:00' AIRFLOW_CTX_TRY_NUMBER='1' AIRFLOW_CTX_DAG_RUN_ID='scheduled__2024-10-06T00:00:00+00:00'
[2024-12-11T20:36:29.843+0000] {logging_mixin.py:190} INFO - Task instance is in running state
[2024-12-11T20:36:29.846+0000] {logging_mixin.py:190} INFO -  Previous state of the Task instance: queued
[2024-12-11T20:36:29.848+0000] {logging_mixin.py:190} INFO - Current task name:fetch_book_data state:running start_date:2024-12-11 20:36:29.425438+00:00
[2024-12-11T20:36:29.851+0000] {logging_mixin.py:190} INFO - Dag name:fetch_and_store_amazon_books and current dag run status:running
[2024-12-11T20:36:29.853+0000] {taskinstance.py:731} INFO - ::endgroup::
[2024-12-11T20:36:30.194+0000] {logging_mixin.py:190} INFO - Failed to retrieve the page
[2024-12-11T20:36:30.236+0000] {python.py:240} INFO - Done. Returned value was: None
[2024-12-11T20:36:30.272+0000] {taskinstance.py:340} INFO - ::group::Post task execution logs
[2024-12-11T20:36:30.276+0000] {taskinstance.py:352} INFO - Marking task as SUCCESS. dag_id=fetch_and_store_amazon_books, task_id=fetch_book_data, run_id=scheduled__2024-10-06T00:00:00+00:00, execution_date=20241006T000000, start_date=20241211T203629, end_date=20241211T203630
[2024-12-11T20:36:30.334+0000] {logging_mixin.py:190} INFO - Task instance in success state
[2024-12-11T20:36:30.335+0000] {logging_mixin.py:190} INFO -  Previous state of the Task instance: running
[2024-12-11T20:36:30.336+0000] {logging_mixin.py:190} INFO - Dag name:fetch_and_store_amazon_books queued_at:2024-12-11 20:36:25.988178+00:00
[2024-12-11T20:36:30.337+0000] {logging_mixin.py:190} INFO - Task hostname:aaf3c4c4d810 operator:PythonOperator
[2024-12-11T20:36:30.387+0000] {local_task_job_runner.py:266} INFO - Task exited with return code 0
[2024-12-11T20:36:30.445+0000] {taskinstance.py:3895} INFO - 1 downstream tasks scheduled from follow-on schedule check
[2024-12-11T20:36:30.450+0000] {local_task_job_runner.py:245} INFO - ::endgroup::
