[2024-12-11T21:25:51.202+0000] {local_task_job_runner.py:123} INFO - ::group::Pre task execution logs
[2024-12-11T21:25:51.223+0000] {taskinstance.py:2613} INFO - Dependencies all met for dep_context=non-requeueable deps ti=<TaskInstance: fetch_and_store_google_books.insert_book_data scheduled__2024-10-30T00:00:00+00:00 [queued]>
[2024-12-11T21:25:51.234+0000] {taskinstance.py:2613} INFO - Dependencies all met for dep_context=requeueable deps ti=<TaskInstance: fetch_and_store_google_books.insert_book_data scheduled__2024-10-30T00:00:00+00:00 [queued]>
[2024-12-11T21:25:51.235+0000] {taskinstance.py:2866} INFO - Starting attempt 1 of 2
[2024-12-11T21:25:51.250+0000] {taskinstance.py:2889} INFO - Executing <Task(PythonOperator): insert_book_data> on 2024-10-30 00:00:00+00:00
[2024-12-11T21:25:51.261+0000] {warnings.py:112} WARNING - /home/***/.local/lib/python3.12/site-packages/***/task/task_runner/standard_task_runner.py:70: DeprecationWarning: This process (pid=1986) is multi-threaded, use of fork() may lead to deadlocks in the child.
  pid = os.fork()

[2024-12-11T21:25:51.263+0000] {standard_task_runner.py:72} INFO - Started process 2016 to run task
[2024-12-11T21:25:51.263+0000] {standard_task_runner.py:104} INFO - Running: ['***', 'tasks', 'run', 'fetch_and_store_google_books', 'insert_book_data', 'scheduled__2024-10-30T00:00:00+00:00', '--job-id', '1099', '--raw', '--subdir', 'DAGS_FOLDER/dag2.py', '--cfg-path', '/tmp/tmpn2n4lmdo']
[2024-12-11T21:25:51.264+0000] {standard_task_runner.py:105} INFO - Job 1099: Subtask insert_book_data
[2024-12-11T21:25:51.321+0000] {task_command.py:467} INFO - Running <TaskInstance: fetch_and_store_google_books.insert_book_data scheduled__2024-10-30T00:00:00+00:00 [running]> on host bb74d1700244
[2024-12-11T21:25:51.490+0000] {taskinstance.py:3132} INFO - Exporting env vars: AIRFLOW_CTX_DAG_OWNER='***' AIRFLOW_CTX_DAG_ID='fetch_and_store_google_books' AIRFLOW_CTX_TASK_ID='insert_book_data' AIRFLOW_CTX_EXECUTION_DATE='2024-10-30T00:00:00+00:00' AIRFLOW_CTX_TRY_NUMBER='1' AIRFLOW_CTX_DAG_RUN_ID='scheduled__2024-10-30T00:00:00+00:00'
[2024-12-11T21:25:51.492+0000] {logging_mixin.py:190} INFO - Task instance is in running state
[2024-12-11T21:25:51.498+0000] {logging_mixin.py:190} INFO -  Previous state of the Task instance: queued
[2024-12-11T21:25:51.505+0000] {logging_mixin.py:190} INFO - Current task name:insert_book_data state:running start_date:2024-12-11 21:25:51.224127+00:00
[2024-12-11T21:25:51.506+0000] {logging_mixin.py:190} INFO - Dag name:fetch_and_store_google_books and current dag run status:running
[2024-12-11T21:25:51.510+0000] {taskinstance.py:731} INFO - ::endgroup::
[2024-12-11T21:25:51.542+0000] {base.py:84} INFO - Retrieving connection 'books_connection2'
[2024-12-11T21:25:51.547+0000] {sql.py:544} INFO - Running statement: 
    INSERT INTO google_books (title, authors, price, rating, link)
    VALUES (%s, %s, %s, %s, %s)
    , parameters: ('Data Engineering on Azure', 'Vlad Riscutia', 'Not Available', 'No Rating', 'http://books.google.co.in/books?id=q1Q5EAAAQBAJ&dq=data+engineering&hl=&source=gbs_api')
[2024-12-11T21:25:51.550+0000] {sql.py:553} INFO - Rows affected: 1
[2024-12-11T21:25:51.557+0000] {sql.py:544} INFO - Running statement: 
    INSERT INTO google_books (title, authors, price, rating, link)
    VALUES (%s, %s, %s, %s, %s)
    , parameters: ('Data Engineering with Python', 'Paul Crickard', 'Not Available', 'No Rating', 'https://play.google.com/store/books/details?id=9RYFEAAAQBAJ&source=gbs_api')
[2024-12-11T21:25:51.559+0000] {sql.py:553} INFO - Rows affected: 1
[2024-12-11T21:25:51.573+0000] {sql.py:544} INFO - Running statement: 
    INSERT INTO google_books (title, authors, price, rating, link)
    VALUES (%s, %s, %s, %s, %s)
    , parameters: ('Data Engineering with Google Cloud Platform', 'Adi Wijaya', 'Not Available', 'No Rating', 'https://play.google.com/store/books/details?id=AH9gEAAAQBAJ&source=gbs_api')
[2024-12-11T21:25:51.575+0000] {sql.py:553} INFO - Rows affected: 1
[2024-12-11T21:25:51.599+0000] {sql.py:544} INFO - Running statement: 
    INSERT INTO google_books (title, authors, price, rating, link)
    VALUES (%s, %s, %s, %s, %s)
    , parameters: ('Data Engineering with Apache Spark, Delta Lake, and Lakehouse', 'Manoj Kukreja, Danil Zburivsky', 'Not Available', 'No Rating', 'https://play.google.com/store/books/details?id=XiJEEAAAQBAJ&source=gbs_api')
[2024-12-11T21:25:51.607+0000] {sql.py:553} INFO - Rows affected: 1
[2024-12-11T21:25:51.628+0000] {sql.py:544} INFO - Running statement: 
    INSERT INTO google_books (title, authors, price, rating, link)
    VALUES (%s, %s, %s, %s, %s)
    , parameters: ('Fundamentals of Data Engineering', 'Joe Reis, Matt Housley', 'Not Available', 'No Rating', 'http://books.google.co.in/books?id=3qd2EAAAQBAJ&dq=data+engineering&hl=&source=gbs_api')
[2024-12-11T21:25:51.631+0000] {sql.py:553} INFO - Rows affected: 1
[2024-12-11T21:25:51.645+0000] {sql.py:544} INFO - Running statement: 
    INSERT INTO google_books (title, authors, price, rating, link)
    VALUES (%s, %s, %s, %s, %s)
    , parameters: ('97 Things Every Data Engineer Should Know', 'Tobias Macey', 'Not Available', 'No Rating', 'https://play.google.com/store/books/details?id=ZTQzEAAAQBAJ&source=gbs_api')
[2024-12-11T21:25:51.647+0000] {sql.py:553} INFO - Rows affected: 1
[2024-12-11T21:25:51.656+0000] {sql.py:544} INFO - Running statement: 
    INSERT INTO google_books (title, authors, price, rating, link)
    VALUES (%s, %s, %s, %s, %s)
    , parameters: ('The Rails Way', 'Obie Fernandez', 'Not Available', 'No Rating', 'http://books.google.co.in/books?id=bSfoGQkZYcQC&dq=data+engineering&hl=&source=gbs_api')
[2024-12-11T21:25:51.659+0000] {sql.py:553} INFO - Rows affected: 1
[2024-12-11T21:25:51.668+0000] {sql.py:544} INFO - Running statement: 
    INSERT INTO google_books (title, authors, price, rating, link)
    VALUES (%s, %s, %s, %s, %s)
    , parameters: ('The Pragmatic Programmer', 'David Thomas, Andrew Hunt', 'Not Available', 'No Rating', 'https://play.google.com/store/books/details?id=LhOlDwAAQBAJ&source=gbs_api')
[2024-12-11T21:25:51.672+0000] {sql.py:553} INFO - Rows affected: 1
[2024-12-11T21:25:51.682+0000] {sql.py:544} INFO - Running statement: 
    INSERT INTO google_books (title, authors, price, rating, link)
    VALUES (%s, %s, %s, %s, %s)
    , parameters: ('Data Pipelines Pocket Reference', 'James Densmore', 'Not Available', 'No Rating', 'http://books.google.co.in/books?id=SxgcEAAAQBAJ&dq=data+engineering&hl=&source=gbs_api')
[2024-12-11T21:25:51.687+0000] {sql.py:553} INFO - Rows affected: 1
[2024-12-11T21:25:51.694+0000] {sql.py:544} INFO - Running statement: 
    INSERT INTO google_books (title, authors, price, rating, link)
    VALUES (%s, %s, %s, %s, %s)
    , parameters: ('Official Google Cloud Certified Professional Data Engineer Study Guide', 'Dan Sullivan', 'Not Available', 'No Rating', 'https://play.google.com/store/books/details?id=NDXnDwAAQBAJ&source=gbs_api')
[2024-12-11T21:25:51.696+0000] {sql.py:553} INFO - Rows affected: 1
[2024-12-11T21:25:51.706+0000] {sql.py:544} INFO - Running statement: 
    INSERT INTO google_books (title, authors, price, rating, link)
    VALUES (%s, %s, %s, %s, %s)
    , parameters: ('Data-Driven Science and Engineering', 'Steven L. Brunton, J. Nathan Kutz', 'Not Available', 'No Rating', 'http://books.google.co.in/books?id=rxNkEAAAQBAJ&dq=data+engineering&hl=&source=gbs_api')
[2024-12-11T21:25:51.708+0000] {sql.py:553} INFO - Rows affected: 1
[2024-12-11T21:25:51.713+0000] {sql.py:544} INFO - Running statement: 
    INSERT INTO google_books (title, authors, price, rating, link)
    VALUES (%s, %s, %s, %s, %s)
    , parameters: ('Azure Data Engineering Cookbook', 'Ahmad Osama', 'Not Available', 'No Rating', 'https://play.google.com/store/books/details?id=G3UjEAAAQBAJ&source=gbs_api')
[2024-12-11T21:25:51.715+0000] {sql.py:553} INFO - Rows affected: 1
[2024-12-11T21:25:51.722+0000] {sql.py:544} INFO - Running statement: 
    INSERT INTO google_books (title, authors, price, rating, link)
    VALUES (%s, %s, %s, %s, %s)
    , parameters: ('Data Engineering and Communication Technology', 'K. Ashoka Reddy, B. Rama Devi, Boby George, K. Srujan Raju', 'Not Available', 'No Rating', 'https://play.google.com/store/books/details?id=48wvEAAAQBAJ&source=gbs_api')
[2024-12-11T21:25:51.724+0000] {sql.py:553} INFO - Rows affected: 1
[2024-12-11T21:25:51.732+0000] {sql.py:544} INFO - Running statement: 
    INSERT INTO google_books (title, authors, price, rating, link)
    VALUES (%s, %s, %s, %s, %s)
    , parameters: ('Emerging Research in Data Engineering Systems and Computer Communications', 'P. Venkata Krishna, Mohammad S. Obaidat', 'Not Available', 'No Rating', 'https://play.google.com/store/books/details?id=KIvPDwAAQBAJ&source=gbs_api')
[2024-12-11T21:25:51.736+0000] {sql.py:553} INFO - Rows affected: 1
[2024-12-11T21:25:51.742+0000] {sql.py:544} INFO - Running statement: 
    INSERT INTO google_books (title, authors, price, rating, link)
    VALUES (%s, %s, %s, %s, %s)
    , parameters: ('Advances in Artificial Intelligence and Data Engineering', 'Niranjan N. Chiplunkar, Takanori Fukao', 'Not Available', 'No Rating', 'http://books.google.co.in/books?id=iIhezgEACAAJ&dq=data+engineering&hl=&source=gbs_api')
[2024-12-11T21:25:51.746+0000] {sql.py:553} INFO - Rows affected: 1
[2024-12-11T21:25:51.753+0000] {sql.py:544} INFO - Running statement: 
    INSERT INTO google_books (title, authors, price, rating, link)
    VALUES (%s, %s, %s, %s, %s)
    , parameters: ('Azure Data Engineer Associate Certification Guide', 'Newton Alex', 'Not Available', 'No Rating', 'https://play.google.com/store/books/details?id=NCdcEAAAQBAJ&source=gbs_api')
[2024-12-11T21:25:51.754+0000] {sql.py:553} INFO - Rows affected: 1
[2024-12-11T21:25:51.776+0000] {sql.py:544} INFO - Running statement: 
    INSERT INTO google_books (title, authors, price, rating, link)
    VALUES (%s, %s, %s, %s, %s)
    , parameters: ('Perspectives on Data Science for Software Engineering', 'Tim Menzies, Laurie Williams, Thomas Zimmermann', 'Not Available', 5, 'https://play.google.com/store/books/details?id=Kc7nCQAAQBAJ&source=gbs_api')
[2024-12-11T21:25:51.778+0000] {sql.py:553} INFO - Rows affected: 1
[2024-12-11T21:25:51.785+0000] {sql.py:544} INFO - Running statement: 
    INSERT INTO google_books (title, authors, price, rating, link)
    VALUES (%s, %s, %s, %s, %s)
    , parameters: ('Data-Driven Engineering Design', 'Ang Liu, Yuchen Wang, Xingzhi Wang', 'Not Available', 'No Rating', 'https://play.google.com/store/books/details?id=glJHEAAAQBAJ&source=gbs_api')
[2024-12-11T21:25:51.787+0000] {sql.py:553} INFO - Rows affected: 1
[2024-12-11T21:25:51.797+0000] {sql.py:544} INFO - Running statement: 
    INSERT INTO google_books (title, authors, price, rating, link)
    VALUES (%s, %s, %s, %s, %s)
    , parameters: ('Data Engineering and Intelligent Computing', 'Suresh Chandra Satapathy, Vikrant Bhateja, K. Srujan Raju, B. Janakiramaiah', 'Not Available', 'No Rating', 'https://play.google.com/store/books/details?id=niYmDwAAQBAJ&source=gbs_api')
[2024-12-11T21:25:51.799+0000] {sql.py:553} INFO - Rows affected: 1
[2024-12-11T21:25:51.806+0000] {sql.py:544} INFO - Running statement: 
    INSERT INTO google_books (title, authors, price, rating, link)
    VALUES (%s, %s, %s, %s, %s)
    , parameters: ('Data Science from Scratch', 'Joel Grus', 'Not Available', 5, 'http://books.google.co.in/books?id=24kdCAAAQBAJ&dq=data+engineering&hl=&source=gbs_api')
[2024-12-11T21:25:51.808+0000] {sql.py:553} INFO - Rows affected: 1
[2024-12-11T21:25:51.830+0000] {sql.py:544} INFO - Running statement: 
    INSERT INTO google_books (title, authors, price, rating, link)
    VALUES (%s, %s, %s, %s, %s)
    , parameters: ('Systems, Patterns and Data Engineering with Geometric Calculi', 'Sebastià Xambó-Descamps', 'Not Available', 'No Rating', 'https://play.google.com/store/books/details?id=RvI4EAAAQBAJ&source=gbs_api')
[2024-12-11T21:25:51.831+0000] {sql.py:553} INFO - Rows affected: 1
[2024-12-11T21:25:51.838+0000] {sql.py:544} INFO - Running statement: 
    INSERT INTO google_books (title, authors, price, rating, link)
    VALUES (%s, %s, %s, %s, %s)
    , parameters: ('Enterprise Big Data Engineering, Analytics, and Management', 'Atzmueller, Martin', 'Not Available', 'No Rating', 'https://play.google.com/store/books/details?id=P5BJDAAAQBAJ&source=gbs_api')
[2024-12-11T21:25:51.840+0000] {sql.py:553} INFO - Rows affected: 1
[2024-12-11T21:25:51.847+0000] {sql.py:544} INFO - Running statement: 
    INSERT INTO google_books (title, authors, price, rating, link)
    VALUES (%s, %s, %s, %s, %s)
    , parameters: ('Intelligent Data Engineering and Analytics', 'Suresh Chandra Satapathy, Yu-Dong Zhang, Vikrant Bhateja, Ritanjali Majhi', 'Not Available', 'No Rating', 'https://play.google.com/store/books/details?id=lQ36DwAAQBAJ&source=gbs_api')
[2024-12-11T21:25:51.849+0000] {sql.py:553} INFO - Rows affected: 1
[2024-12-11T21:25:51.856+0000] {sql.py:544} INFO - Running statement: 
    INSERT INTO google_books (title, authors, price, rating, link)
    VALUES (%s, %s, %s, %s, %s)
    , parameters: ('Big Data in Engineering Applications', 'Sanjiban Sekhar Roy, Pijush Samui, Ravinesh Deo, Stavros Ntalampiras', 'Not Available', 5, 'https://play.google.com/store/books/details?id=3XZZDwAAQBAJ&source=gbs_api')
[2024-12-11T21:25:51.858+0000] {sql.py:553} INFO - Rows affected: 1
[2024-12-11T21:25:51.863+0000] {sql.py:544} INFO - Running statement: 
    INSERT INTO google_books (title, authors, price, rating, link)
    VALUES (%s, %s, %s, %s, %s)
    , parameters: ('Intelligent Data Engineering and Automated Learning – IDEAL 2020', 'Cesar Analide, Paulo Novais, David Camacho, Hujun Yin', 'Not Available', 'No Rating', 'https://play.google.com/store/books/details?id=NScGEAAAQBAJ&source=gbs_api')
[2024-12-11T21:25:51.865+0000] {sql.py:553} INFO - Rows affected: 1
[2024-12-11T21:25:51.871+0000] {sql.py:544} INFO - Running statement: 
    INSERT INTO google_books (title, authors, price, rating, link)
    VALUES (%s, %s, %s, %s, %s)
    , parameters: ('Advanced Data Analysis and Modelling in Chemical Engineering', "Denis Constales, Gregory S. Yablonsky, Dagmar R. D'hooge, Joris W. Thybaut, Guy B. Marin", 'Not Available', 'No Rating', 'https://play.google.com/store/books/details?id=IQ6dBAAAQBAJ&source=gbs_api')
[2024-12-11T21:25:51.872+0000] {sql.py:553} INFO - Rows affected: 1
[2024-12-11T21:25:51.878+0000] {sql.py:544} INFO - Running statement: 
    INSERT INTO google_books (title, authors, price, rating, link)
    VALUES (%s, %s, %s, %s, %s)
    , parameters: ('Data Analytics for Engineering and Construction Project Risk Management', 'Ivan Damnjanovic, Kenneth Reinschmidt', 'Not Available', 'No Rating', 'https://play.google.com/store/books/details?id=uv-ZDwAAQBAJ&source=gbs_api')
[2024-12-11T21:25:51.880+0000] {sql.py:553} INFO - Rows affected: 1
[2024-12-11T21:25:51.886+0000] {sql.py:544} INFO - Running statement: 
    INSERT INTO google_books (title, authors, price, rating, link)
    VALUES (%s, %s, %s, %s, %s)
    , parameters: ('Computational Methods and Data Engineering', 'Vijendra Singh, Vijayan K. Asari, Sanjay Kumar, R. B. Patel', 'Not Available', 'No Rating', 'https://play.google.com/store/books/details?id=a374DwAAQBAJ&source=gbs_api')
[2024-12-11T21:25:51.888+0000] {sql.py:553} INFO - Rows affected: 1
[2024-12-11T21:25:51.894+0000] {sql.py:544} INFO - Running statement: 
    INSERT INTO google_books (title, authors, price, rating, link)
    VALUES (%s, %s, %s, %s, %s)
    , parameters: ('Big Data Analytics in Traffic and Transportation Engineering: Emerging Research and Opportunities', 'Moridpour, Sara, Toran Pour, Alireza, Saghapour, Tayebeh', 'Not Available', 'No Rating', 'https://play.google.com/store/books/details?id=MvGCDwAAQBAJ&source=gbs_api')
[2024-12-11T21:25:51.896+0000] {sql.py:553} INFO - Rows affected: 1
[2024-12-11T21:25:51.902+0000] {sql.py:544} INFO - Running statement: 
    INSERT INTO google_books (title, authors, price, rating, link)
    VALUES (%s, %s, %s, %s, %s)
    , parameters: ('Proceedings of the International Conference on Data Engineering and Communication Technology', 'Suresh Chandra Satapathy, Vikrant Bhateja, Amit Joshi', 'Not Available', 5, 'https://play.google.com/store/books/details?id=e7_mDAAAQBAJ&source=gbs_api')
[2024-12-11T21:25:51.904+0000] {sql.py:553} INFO - Rows affected: 1
[2024-12-11T21:25:51.910+0000] {sql.py:544} INFO - Running statement: 
    INSERT INTO google_books (title, authors, price, rating, link)
    VALUES (%s, %s, %s, %s, %s)
    , parameters: ('Architecting Modern Data Platforms', 'Jan Kunigk, Ian Buss, Paul Wilkinson, Lars George', 'Not Available', 'No Rating', 'https://play.google.com/store/books/details?id=1qd9DwAAQBAJ&source=gbs_api')
[2024-12-11T21:25:51.912+0000] {sql.py:553} INFO - Rows affected: 1
[2024-12-11T21:25:51.917+0000] {sql.py:544} INFO - Running statement: 
    INSERT INTO google_books (title, authors, price, rating, link)
    VALUES (%s, %s, %s, %s, %s)
    , parameters: ('Sharing Data and Models in Software Engineering', 'Tim Menzies, Ekrem Kocaguneli, Burak Turhan, Leandro Minku, Fayola Peters', 'Not Available', 'No Rating', 'https://play.google.com/store/books/details?id=Qj3LAwAAQBAJ&source=gbs_api')
[2024-12-11T21:25:51.919+0000] {sql.py:553} INFO - Rows affected: 1
[2024-12-11T21:25:51.926+0000] {sql.py:544} INFO - Running statement: 
    INSERT INTO google_books (title, authors, price, rating, link)
    VALUES (%s, %s, %s, %s, %s)
    , parameters: ('Reference Data for Engineers', 'Mac E. Van Valkenburg, Wendy M. Middleton', 'Not Available', 5, 'http://books.google.co.in/books?id=R67HARlhisYC&dq=data+engineering&hl=&source=gbs_api')
[2024-12-11T21:25:51.928+0000] {sql.py:553} INFO - Rows affected: 1
[2024-12-11T21:25:51.934+0000] {sql.py:544} INFO - Running statement: 
    INSERT INTO google_books (title, authors, price, rating, link)
    VALUES (%s, %s, %s, %s, %s)
    , parameters: ('Engineering Data on Mixing', 'Reiji Reiji Mezaki, Masafumi Masafumi Mochizuki, Kohei Ogawa', 'Not Available', 'No Rating', 'https://play.google.com/store/books/details?id=6PDnxdmwlKUC&source=gbs_api')
[2024-12-11T21:25:51.936+0000] {sql.py:553} INFO - Rows affected: 1
[2024-12-11T21:25:51.942+0000] {sql.py:544} INFO - Running statement: 
    INSERT INTO google_books (title, authors, price, rating, link)
    VALUES (%s, %s, %s, %s, %s)
    , parameters: ('Data Engineering and Data Science', 'Kukatlapalli Pradeep Kumar, Aynur Unal, Vinay Jha Pillai, Hari Murthy, M. Niranjanamurthy', 'Not Available', 'No Rating', 'https://play.google.com/store/books/details?id=5wfUEAAAQBAJ&source=gbs_api')
[2024-12-11T21:25:51.943+0000] {sql.py:553} INFO - Rows affected: 1
[2024-12-11T21:25:51.949+0000] {sql.py:544} INFO - Running statement: 
    INSERT INTO google_books (title, authors, price, rating, link)
    VALUES (%s, %s, %s, %s, %s)
    , parameters: ('Recent Advances in Artificial Intelligence and Data Engineering', 'Pushparaj Shetty D., Surendra Shetty', 'Not Available', 'No Rating', 'https://play.google.com/store/books/details?id=6bJLEAAAQBAJ&source=gbs_api')
[2024-12-11T21:25:51.951+0000] {sql.py:553} INFO - Rows affected: 1
[2024-12-11T21:25:51.956+0000] {sql.py:544} INFO - Running statement: 
    INSERT INTO google_books (title, authors, price, rating, link)
    VALUES (%s, %s, %s, %s, %s)
    , parameters: ('Data Science in Engineering and Management', 'Zdzislaw Polkowski, Sambit Kumar Mishra, Julian Vasilev', 'Not Available', 'No Rating', 'http://books.google.co.in/books?id=_vNUEAAAQBAJ&dq=data+engineering&hl=&source=gbs_api')
[2024-12-11T21:25:51.958+0000] {sql.py:553} INFO - Rows affected: 1
[2024-12-11T21:25:51.963+0000] {sql.py:544} INFO - Running statement: 
    INSERT INTO google_books (title, authors, price, rating, link)
    VALUES (%s, %s, %s, %s, %s)
    , parameters: ('The Definitive Guide to Azure Data Engineering', "Ron C. L'Esteve", 'Not Available', 'No Rating', 'http://books.google.co.in/books?id=vWx1zgEACAAJ&dq=data+engineering&hl=&source=gbs_api')
[2024-12-11T21:25:51.965+0000] {sql.py:553} INFO - Rows affected: 1
[2024-12-11T21:25:51.971+0000] {sql.py:544} INFO - Running statement: 
    INSERT INTO google_books (title, authors, price, rating, link)
    VALUES (%s, %s, %s, %s, %s)
    , parameters: ('The Self-Service Data Roadmap', 'Sandeep Uttamchandani', 'Not Available', 'No Rating', 'https://play.google.com/store/books/details?id=pEn8DwAAQBAJ&source=gbs_api')
[2024-12-11T21:25:51.973+0000] {sql.py:553} INFO - Rows affected: 1
[2024-12-11T21:25:51.978+0000] {sql.py:544} INFO - Running statement: 
    INSERT INTO google_books (title, authors, price, rating, link)
    VALUES (%s, %s, %s, %s, %s)
    , parameters: ('Engineering Agile Big-Data Systems', 'Feeney, Kevin, Davies, Jim, Hellmann, Sebastian', 'Not Available', 'No Rating', 'http://books.google.co.in/books?id=btd8DwAAQBAJ&dq=data+engineering&hl=&source=gbs_api')
[2024-12-11T21:25:51.980+0000] {sql.py:553} INFO - Rows affected: 1
[2024-12-11T21:25:51.986+0000] {sql.py:544} INFO - Running statement: 
    INSERT INTO google_books (title, authors, price, rating, link)
    VALUES (%s, %s, %s, %s, %s)
    , parameters: ('Azure Storage, Streaming, and Batch Analytics', 'Richard L. Nuckolls', 'Not Available', 'No Rating', 'http://books.google.co.in/books?id=BF4BEAAAQBAJ&dq=data+engineering&hl=&source=gbs_api')
[2024-12-11T21:25:51.988+0000] {sql.py:553} INFO - Rows affected: 1
[2024-12-11T21:25:51.993+0000] {sql.py:544} INFO - Running statement: 
    INSERT INTO google_books (title, authors, price, rating, link)
    VALUES (%s, %s, %s, %s, %s)
    , parameters: ('Quantitative Methods of Data Analysis for the Physical Sciences and Engineering', 'Douglas G. Martinson', 'Not Available', 'No Rating', 'http://books.google.co.in/books?id=5jdqDwAAQBAJ&dq=data+engineering&hl=&source=gbs_api')
[2024-12-11T21:25:51.995+0000] {sql.py:553} INFO - Rows affected: 1
[2024-12-11T21:25:52.001+0000] {sql.py:544} INFO - Running statement: 
    INSERT INTO google_books (title, authors, price, rating, link)
    VALUES (%s, %s, %s, %s, %s)
    , parameters: ('Feature Engineering and Selection', 'Max Kuhn, Kjell Johnson', 'Not Available', 'No Rating', 'https://play.google.com/store/books/details?id=q5alDwAAQBAJ&source=gbs_api')
[2024-12-11T21:25:52.003+0000] {sql.py:553} INFO - Rows affected: 1
[2024-12-11T21:25:52.011+0000] {sql.py:544} INFO - Running statement: 
    INSERT INTO google_books (title, authors, price, rating, link)
    VALUES (%s, %s, %s, %s, %s)
    , parameters: ('Deep Learning and Missing Data in Engineering Systems', 'Collins Achepsah Leke, Tshilidzi Marwala', 'Not Available', 'No Rating', 'http://books.google.co.in/books?id=8H3augEACAAJ&dq=data+engineering&hl=&source=gbs_api')
[2024-12-11T21:25:52.013+0000] {sql.py:553} INFO - Rows affected: 1
[2024-12-11T21:25:52.020+0000] {sql.py:544} INFO - Running statement: 
    INSERT INTO google_books (title, authors, price, rating, link)
    VALUES (%s, %s, %s, %s, %s)
    , parameters: ('Foundations of data engineering: concepts, principles and practices', 'Dr. RVS Praveen', 'Not Available', 'No Rating', 'https://play.google.com/store/books/details?id=rgwtEQAAQBAJ&source=gbs_api')
[2024-12-11T21:25:52.024+0000] {sql.py:553} INFO - Rows affected: 1
[2024-12-11T21:25:52.033+0000] {sql.py:544} INFO - Running statement: 
    INSERT INTO google_books (title, authors, price, rating, link)
    VALUES (%s, %s, %s, %s, %s)
    , parameters: ('Data Teams', 'Jesse Anderson', 'Not Available', 'No Rating', 'http://books.google.co.in/books?id=6cMhzgEACAAJ&dq=data+engineering&hl=&source=gbs_api')
[2024-12-11T21:25:52.035+0000] {sql.py:553} INFO - Rows affected: 1
[2024-12-11T21:25:52.041+0000] {sql.py:544} INFO - Running statement: 
    INSERT INTO google_books (title, authors, price, rating, link)
    VALUES (%s, %s, %s, %s, %s)
    , parameters: ('Big Data Application in Power Systems', 'Reza Arghandeh, Yuxun Zhou', 'Not Available', 'No Rating', 'https://play.google.com/store/books/details?id=tBHtEAAAQBAJ&source=gbs_api')
[2024-12-11T21:25:52.043+0000] {sql.py:553} INFO - Rows affected: 1
[2024-12-11T21:25:52.048+0000] {sql.py:544} INFO - Running statement: 
    INSERT INTO google_books (title, authors, price, rating, link)
    VALUES (%s, %s, %s, %s, %s)
    , parameters: ('Site Reliability Engineering', 'Niall Richard Murphy, Betsy Beyer, Chris Jones, Jennifer Petoff', 'Not Available', 5, 'https://play.google.com/store/books/details?id=tYrPCwAAQBAJ&source=gbs_api')
[2024-12-11T21:25:52.050+0000] {sql.py:553} INFO - Rows affected: 1
[2024-12-11T21:25:52.055+0000] {sql.py:544} INFO - Running statement: 
    INSERT INTO google_books (title, authors, price, rating, link)
    VALUES (%s, %s, %s, %s, %s)
    , parameters: ('Ultimate Data Engineering with Databricks', 'Mayank Malhotra', 'Not Available', 'No Rating', 'https://play.google.com/store/books/details?id=9hb1EAAAQBAJ&source=gbs_api')
[2024-12-11T21:25:52.056+0000] {sql.py:553} INFO - Rows affected: 1
[2024-12-11T21:25:52.061+0000] {sql.py:544} INFO - Running statement: 
    INSERT INTO google_books (title, authors, price, rating, link)
    VALUES (%s, %s, %s, %s, %s)
    , parameters: ('Data Engineering', 'Yupo Chan, John Talburt, Terry M. Talley', 'Not Available', 'No Rating', 'https://play.google.com/store/books/details?id=IpEfAjPItbwC&source=gbs_api')
[2024-12-11T21:25:52.063+0000] {sql.py:553} INFO - Rows affected: 1
[2024-12-11T21:25:52.065+0000] {python.py:240} INFO - Done. Returned value was: None
[2024-12-11T21:25:52.078+0000] {taskinstance.py:340} INFO - ::group::Post task execution logs
[2024-12-11T21:25:52.079+0000] {taskinstance.py:352} INFO - Marking task as SUCCESS. dag_id=fetch_and_store_google_books, task_id=insert_book_data, run_id=scheduled__2024-10-30T00:00:00+00:00, execution_date=20241030T000000, start_date=20241211T212551, end_date=20241211T212552
[2024-12-11T21:25:52.092+0000] {logging_mixin.py:190} INFO - Task instance in success state
[2024-12-11T21:25:52.092+0000] {logging_mixin.py:190} INFO -  Previous state of the Task instance: running
[2024-12-11T21:25:52.093+0000] {logging_mixin.py:190} INFO - Dag name:fetch_and_store_google_books queued_at:2024-12-11 21:25:29.050335+00:00
[2024-12-11T21:25:52.093+0000] {logging_mixin.py:190} INFO - Task hostname:bb74d1700244 operator:PythonOperator
[2024-12-11T21:25:52.125+0000] {local_task_job_runner.py:266} INFO - Task exited with return code 0
[2024-12-11T21:25:52.155+0000] {taskinstance.py:3895} INFO - 0 downstream tasks scheduled from follow-on schedule check
[2024-12-11T21:25:52.158+0000] {local_task_job_runner.py:245} INFO - ::endgroup::
