[2024-12-11T21:26:09.672+0000] {local_task_job_runner.py:123} INFO - ::group::Pre task execution logs
[2024-12-11T21:26:09.697+0000] {taskinstance.py:2613} INFO - Dependencies all met for dep_context=non-requeueable deps ti=<TaskInstance: fetch_and_store_google_books.create_table scheduled__2024-11-10T00:00:00+00:00 [queued]>
[2024-12-11T21:26:09.707+0000] {taskinstance.py:2613} INFO - Dependencies all met for dep_context=requeueable deps ti=<TaskInstance: fetch_and_store_google_books.create_table scheduled__2024-11-10T00:00:00+00:00 [queued]>
[2024-12-11T21:26:09.707+0000] {taskinstance.py:2866} INFO - Starting attempt 1 of 2
[2024-12-11T21:26:09.725+0000] {taskinstance.py:2889} INFO - Executing <Task(PostgresOperator): create_table> on 2024-11-10 00:00:00+00:00
[2024-12-11T21:26:09.742+0000] {warnings.py:112} WARNING - /home/***/.local/lib/python3.12/site-packages/***/task/task_runner/standard_task_runner.py:70: DeprecationWarning: This process (pid=2107) is multi-threaded, use of fork() may lead to deadlocks in the child.
  pid = os.fork()

[2024-12-11T21:26:09.745+0000] {standard_task_runner.py:72} INFO - Started process 2133 to run task
[2024-12-11T21:26:09.744+0000] {standard_task_runner.py:104} INFO - Running: ['***', 'tasks', 'run', 'fetch_and_store_google_books', 'create_table', 'scheduled__2024-11-10T00:00:00+00:00', '--job-id', '1125', '--raw', '--subdir', 'DAGS_FOLDER/dag2.py', '--cfg-path', '/tmp/tmph1glyn6d']
[2024-12-11T21:26:09.746+0000] {standard_task_runner.py:105} INFO - Job 1125: Subtask create_table
[2024-12-11T21:26:09.816+0000] {task_command.py:467} INFO - Running <TaskInstance: fetch_and_store_google_books.create_table scheduled__2024-11-10T00:00:00+00:00 [running]> on host bb74d1700244
[2024-12-11T21:26:09.965+0000] {taskinstance.py:3132} INFO - Exporting env vars: AIRFLOW_CTX_DAG_OWNER='***' AIRFLOW_CTX_DAG_ID='fetch_and_store_google_books' AIRFLOW_CTX_TASK_ID='create_table' AIRFLOW_CTX_EXECUTION_DATE='2024-11-10T00:00:00+00:00' AIRFLOW_CTX_TRY_NUMBER='1' AIRFLOW_CTX_DAG_RUN_ID='scheduled__2024-11-10T00:00:00+00:00'
[2024-12-11T21:26:09.967+0000] {logging_mixin.py:190} INFO - Task instance is in running state
[2024-12-11T21:26:09.967+0000] {logging_mixin.py:190} INFO -  Previous state of the Task instance: queued
[2024-12-11T21:26:09.968+0000] {logging_mixin.py:190} INFO - Current task name:create_table state:running start_date:2024-12-11 21:26:09.697728+00:00
[2024-12-11T21:26:09.968+0000] {logging_mixin.py:190} INFO - Dag name:fetch_and_store_google_books and current dag run status:running
[2024-12-11T21:26:09.969+0000] {taskinstance.py:731} INFO - ::endgroup::
[2024-12-11T21:26:09.970+0000] {sql.py:278} INFO - Executing:  
        CREATE TABLE IF NOT EXISTS google_books (
            id SERIAL PRIMARY KEY,
            title TEXT NOT NULL,
            authors TEXT,
            price TEXT,
            rating TEXT,
            link TEXT
        );
        
[2024-12-11T21:26:09.981+0000] {base.py:84} INFO - Retrieving connection 'books_connection2'
[2024-12-11T21:26:09.995+0000] {base.py:84} INFO - Retrieving connection 'books_connection2'
[2024-12-11T21:26:10.004+0000] {sql.py:544} INFO - Running statement:  
        CREATE TABLE IF NOT EXISTS google_books (
            id SERIAL PRIMARY KEY,
            title TEXT NOT NULL,
            authors TEXT,
            price TEXT,
            rating TEXT,
            link TEXT
        );
        , parameters: None
[2024-12-11T21:26:10.019+0000] {taskinstance.py:340} INFO - ::group::Post task execution logs
[2024-12-11T21:26:10.020+0000] {taskinstance.py:352} INFO - Marking task as SUCCESS. dag_id=fetch_and_store_google_books, task_id=create_table, run_id=scheduled__2024-11-10T00:00:00+00:00, execution_date=20241110T000000, start_date=20241211T212609, end_date=20241211T212610
[2024-12-11T21:26:10.033+0000] {logging_mixin.py:190} INFO - Task instance in success state
[2024-12-11T21:26:10.033+0000] {logging_mixin.py:190} INFO -  Previous state of the Task instance: running
[2024-12-11T21:26:10.034+0000] {logging_mixin.py:190} INFO - Dag name:fetch_and_store_google_books queued_at:2024-12-11 21:25:59.947703+00:00
[2024-12-11T21:26:10.035+0000] {logging_mixin.py:190} INFO - Task hostname:bb74d1700244 operator:PostgresOperator
[2024-12-11T21:26:10.086+0000] {local_task_job_runner.py:266} INFO - Task exited with return code 0
[2024-12-11T21:26:10.115+0000] {taskinstance.py:3895} INFO - 1 downstream tasks scheduled from follow-on schedule check
[2024-12-11T21:26:10.117+0000] {local_task_job_runner.py:245} INFO - ::endgroup::
