[2024-12-11T20:48:57.004+0000] {local_task_job_runner.py:123} INFO - ::group::Pre task execution logs
[2024-12-11T20:48:57.035+0000] {taskinstance.py:2613} INFO - Dependencies all met for dep_context=non-requeueable deps ti=<TaskInstance: fetch_and_store_amazon_books.create_table scheduled__2024-11-16T00:00:00+00:00 [queued]>
[2024-12-11T20:48:57.052+0000] {taskinstance.py:2613} INFO - Dependencies all met for dep_context=requeueable deps ti=<TaskInstance: fetch_and_store_amazon_books.create_table scheduled__2024-11-16T00:00:00+00:00 [queued]>
[2024-12-11T20:48:57.053+0000] {taskinstance.py:2866} INFO - Starting attempt 1 of 2
[2024-12-11T20:48:57.078+0000] {taskinstance.py:2889} INFO - Executing <Task(PostgresOperator): create_table> on 2024-11-16 00:00:00+00:00
[2024-12-11T20:48:57.094+0000] {warnings.py:112} WARNING - /home/***/.local/lib/python3.12/site-packages/***/task/task_runner/standard_task_runner.py:70: DeprecationWarning: This process (pid=3096) is multi-threaded, use of fork() may lead to deadlocks in the child.
  pid = os.fork()

[2024-12-11T20:48:57.096+0000] {standard_task_runner.py:72} INFO - Started process 3143 to run task
[2024-12-11T20:48:57.097+0000] {standard_task_runner.py:104} INFO - Running: ['***', 'tasks', 'run', 'fetch_and_store_amazon_books', 'create_table', 'scheduled__2024-11-16T00:00:00+00:00', '--job-id', '545', '--raw', '--subdir', 'DAGS_FOLDER/app.py', '--cfg-path', '/tmp/tmpl_a1mxdf']
[2024-12-11T20:48:57.099+0000] {standard_task_runner.py:105} INFO - Job 545: Subtask create_table
[2024-12-11T20:48:57.218+0000] {task_command.py:467} INFO - Running <TaskInstance: fetch_and_store_amazon_books.create_table scheduled__2024-11-16T00:00:00+00:00 [running]> on host aaf3c4c4d810
[2024-12-11T20:48:57.352+0000] {taskinstance.py:3132} INFO - Exporting env vars: AIRFLOW_CTX_DAG_OWNER='***' AIRFLOW_CTX_DAG_ID='fetch_and_store_amazon_books' AIRFLOW_CTX_TASK_ID='create_table' AIRFLOW_CTX_EXECUTION_DATE='2024-11-16T00:00:00+00:00' AIRFLOW_CTX_TRY_NUMBER='1' AIRFLOW_CTX_DAG_RUN_ID='scheduled__2024-11-16T00:00:00+00:00'
[2024-12-11T20:48:57.354+0000] {logging_mixin.py:190} INFO - Task instance is in running state
[2024-12-11T20:48:57.367+0000] {logging_mixin.py:190} INFO -  Previous state of the Task instance: queued
[2024-12-11T20:48:57.368+0000] {logging_mixin.py:190} INFO - Current task name:create_table state:running start_date:2024-12-11 20:48:57.037362+00:00
[2024-12-11T20:48:57.368+0000] {logging_mixin.py:190} INFO - Dag name:fetch_and_store_amazon_books and current dag run status:running
[2024-12-11T20:48:57.369+0000] {taskinstance.py:731} INFO - ::endgroup::
[2024-12-11T20:48:57.370+0000] {sql.py:278} INFO - Executing: 
        CREATE TABLE IF NOT EXISTS books (
            id SERIAL PRIMARY KEY,
            title TEXT NOT NULL,
            authors TEXT,
            price TEXT,
            rating TEXT
        );
        
[2024-12-11T20:48:57.393+0000] {base.py:84} INFO - Retrieving connection 'books_connection'
[2024-12-11T20:48:57.412+0000] {base.py:84} INFO - Retrieving connection 'books_connection'
[2024-12-11T20:48:57.418+0000] {sql.py:544} INFO - Running statement: 
        CREATE TABLE IF NOT EXISTS books (
            id SERIAL PRIMARY KEY,
            title TEXT NOT NULL,
            authors TEXT,
            price TEXT,
            rating TEXT
        );
        , parameters: None
[2024-12-11T20:48:57.444+0000] {taskinstance.py:340} INFO - ::group::Post task execution logs
[2024-12-11T20:48:57.447+0000] {taskinstance.py:352} INFO - Marking task as SUCCESS. dag_id=fetch_and_store_amazon_books, task_id=create_table, run_id=scheduled__2024-11-16T00:00:00+00:00, execution_date=20241116T000000, start_date=20241211T204857, end_date=20241211T204857
[2024-12-11T20:48:57.465+0000] {logging_mixin.py:190} INFO - Task instance in success state
[2024-12-11T20:48:57.469+0000] {logging_mixin.py:190} INFO -  Previous state of the Task instance: running
[2024-12-11T20:48:57.472+0000] {logging_mixin.py:190} INFO - Dag name:fetch_and_store_amazon_books queued_at:2024-12-11 20:48:47.305701+00:00
[2024-12-11T20:48:58.380+0000] {logging_mixin.py:190} INFO - Task hostname:aaf3c4c4d810 operator:PostgresOperator
[2024-12-11T20:48:58.461+0000] {local_task_job_runner.py:266} INFO - Task exited with return code 0
[2024-12-11T20:48:58.492+0000] {taskinstance.py:3895} INFO - 1 downstream tasks scheduled from follow-on schedule check
[2024-12-11T20:48:58.495+0000] {local_task_job_runner.py:245} INFO - ::endgroup::
