[2024-12-13T00:54:46.674+0000] {processor.py:186} INFO - Started process (PID=67926) to work on /opt/airflow/dags/app.py
[2024-12-13T00:54:46.677+0000] {processor.py:914} INFO - Processing file /opt/airflow/dags/app.py for tasks to queue
[2024-12-13T00:54:46.680+0000] {logging_mixin.py:190} INFO - [2024-12-13T00:54:46.679+0000] {dagbag.py:588} INFO - Filling up the DagBag from /opt/airflow/dags/app.py
[2024-12-13T00:54:46.829+0000] {processor.py:925} INFO - DAG(s) 'fetch_and_store_amazon_books' retrieved from /opt/airflow/dags/app.py
[2024-12-13T00:54:46.854+0000] {logging_mixin.py:190} INFO - [2024-12-13T00:54:46.854+0000] {dag.py:3239} INFO - Sync 1 DAGs
[2024-12-13T00:54:46.886+0000] {logging_mixin.py:190} INFO - [2024-12-13T00:54:46.886+0000] {dag.py:4180} INFO - Setting next_dagrun for fetch_and_store_amazon_books to 2024-12-13 00:00:00+00:00, run_after=2024-12-14 00:00:00+00:00
[2024-12-13T00:54:46.910+0000] {processor.py:208} INFO - Processing /opt/airflow/dags/app.py took 0.249 seconds
[2024-12-13T00:55:17.649+0000] {processor.py:186} INFO - Started process (PID=67995) to work on /opt/airflow/dags/app.py
[2024-12-13T00:55:17.650+0000] {processor.py:914} INFO - Processing file /opt/airflow/dags/app.py for tasks to queue
[2024-12-13T00:55:17.652+0000] {logging_mixin.py:190} INFO - [2024-12-13T00:55:17.651+0000] {dagbag.py:588} INFO - Filling up the DagBag from /opt/airflow/dags/app.py
[2024-12-13T00:55:17.744+0000] {processor.py:925} INFO - DAG(s) 'fetch_and_store_amazon_books' retrieved from /opt/airflow/dags/app.py
[2024-12-13T00:55:17.761+0000] {logging_mixin.py:190} INFO - [2024-12-13T00:55:17.760+0000] {dag.py:3239} INFO - Sync 1 DAGs
[2024-12-13T00:55:17.779+0000] {logging_mixin.py:190} INFO - [2024-12-13T00:55:17.779+0000] {dag.py:4180} INFO - Setting next_dagrun for fetch_and_store_amazon_books to 2024-12-13 00:00:00+00:00, run_after=2024-12-14 00:00:00+00:00
[2024-12-13T00:55:17.795+0000] {processor.py:208} INFO - Processing /opt/airflow/dags/app.py took 0.151 seconds
[2024-12-13T00:55:48.343+0000] {processor.py:186} INFO - Started process (PID=68061) to work on /opt/airflow/dags/app.py
[2024-12-13T00:55:48.344+0000] {processor.py:914} INFO - Processing file /opt/airflow/dags/app.py for tasks to queue
[2024-12-13T00:55:48.346+0000] {logging_mixin.py:190} INFO - [2024-12-13T00:55:48.346+0000] {dagbag.py:588} INFO - Filling up the DagBag from /opt/airflow/dags/app.py
[2024-12-13T00:55:48.436+0000] {processor.py:925} INFO - DAG(s) 'fetch_and_store_amazon_books' retrieved from /opt/airflow/dags/app.py
[2024-12-13T00:55:48.453+0000] {logging_mixin.py:190} INFO - [2024-12-13T00:55:48.453+0000] {dag.py:3239} INFO - Sync 1 DAGs
[2024-12-13T00:55:48.471+0000] {logging_mixin.py:190} INFO - [2024-12-13T00:55:48.471+0000] {dag.py:4180} INFO - Setting next_dagrun for fetch_and_store_amazon_books to 2024-12-13 00:00:00+00:00, run_after=2024-12-14 00:00:00+00:00
[2024-12-13T00:55:48.485+0000] {processor.py:208} INFO - Processing /opt/airflow/dags/app.py took 0.146 seconds
[2024-12-13T00:56:19.027+0000] {processor.py:186} INFO - Started process (PID=68126) to work on /opt/airflow/dags/app.py
[2024-12-13T00:56:19.027+0000] {processor.py:914} INFO - Processing file /opt/airflow/dags/app.py for tasks to queue
[2024-12-13T00:56:19.030+0000] {logging_mixin.py:190} INFO - [2024-12-13T00:56:19.029+0000] {dagbag.py:588} INFO - Filling up the DagBag from /opt/airflow/dags/app.py
[2024-12-13T00:56:19.127+0000] {processor.py:925} INFO - DAG(s) 'fetch_and_store_amazon_books' retrieved from /opt/airflow/dags/app.py
[2024-12-13T00:56:19.145+0000] {logging_mixin.py:190} INFO - [2024-12-13T00:56:19.145+0000] {dag.py:3239} INFO - Sync 1 DAGs
[2024-12-13T00:56:19.164+0000] {logging_mixin.py:190} INFO - [2024-12-13T00:56:19.164+0000] {dag.py:4180} INFO - Setting next_dagrun for fetch_and_store_amazon_books to 2024-12-13 00:00:00+00:00, run_after=2024-12-14 00:00:00+00:00
[2024-12-13T00:56:19.180+0000] {processor.py:208} INFO - Processing /opt/airflow/dags/app.py took 0.160 seconds
[2024-12-13T00:56:49.604+0000] {processor.py:186} INFO - Started process (PID=68191) to work on /opt/airflow/dags/app.py
[2024-12-13T00:56:49.605+0000] {processor.py:914} INFO - Processing file /opt/airflow/dags/app.py for tasks to queue
[2024-12-13T00:56:49.607+0000] {logging_mixin.py:190} INFO - [2024-12-13T00:56:49.606+0000] {dagbag.py:588} INFO - Filling up the DagBag from /opt/airflow/dags/app.py
[2024-12-13T00:56:49.695+0000] {processor.py:925} INFO - DAG(s) 'fetch_and_store_amazon_books' retrieved from /opt/airflow/dags/app.py
[2024-12-13T00:56:49.713+0000] {logging_mixin.py:190} INFO - [2024-12-13T00:56:49.712+0000] {dag.py:3239} INFO - Sync 1 DAGs
[2024-12-13T00:56:49.733+0000] {logging_mixin.py:190} INFO - [2024-12-13T00:56:49.733+0000] {dag.py:4180} INFO - Setting next_dagrun for fetch_and_store_amazon_books to 2024-12-13 00:00:00+00:00, run_after=2024-12-14 00:00:00+00:00
[2024-12-13T00:56:49.748+0000] {processor.py:208} INFO - Processing /opt/airflow/dags/app.py took 0.148 seconds
[2024-12-13T00:57:20.747+0000] {processor.py:186} INFO - Started process (PID=68256) to work on /opt/airflow/dags/app.py
[2024-12-13T00:57:20.748+0000] {processor.py:914} INFO - Processing file /opt/airflow/dags/app.py for tasks to queue
[2024-12-13T00:57:20.750+0000] {logging_mixin.py:190} INFO - [2024-12-13T00:57:20.749+0000] {dagbag.py:588} INFO - Filling up the DagBag from /opt/airflow/dags/app.py
[2024-12-13T00:57:20.840+0000] {processor.py:925} INFO - DAG(s) 'fetch_and_store_amazon_books' retrieved from /opt/airflow/dags/app.py
[2024-12-13T00:57:20.856+0000] {logging_mixin.py:190} INFO - [2024-12-13T00:57:20.856+0000] {dag.py:3239} INFO - Sync 1 DAGs
[2024-12-13T00:57:20.876+0000] {logging_mixin.py:190} INFO - [2024-12-13T00:57:20.875+0000] {dag.py:4180} INFO - Setting next_dagrun for fetch_and_store_amazon_books to 2024-12-13 00:00:00+00:00, run_after=2024-12-14 00:00:00+00:00
[2024-12-13T00:57:20.890+0000] {processor.py:208} INFO - Processing /opt/airflow/dags/app.py took 0.147 seconds
[2024-12-13T00:57:51.900+0000] {processor.py:186} INFO - Started process (PID=68321) to work on /opt/airflow/dags/app.py
[2024-12-13T00:57:51.900+0000] {processor.py:914} INFO - Processing file /opt/airflow/dags/app.py for tasks to queue
[2024-12-13T00:57:51.902+0000] {logging_mixin.py:190} INFO - [2024-12-13T00:57:51.902+0000] {dagbag.py:588} INFO - Filling up the DagBag from /opt/airflow/dags/app.py
[2024-12-13T00:57:51.993+0000] {processor.py:925} INFO - DAG(s) 'fetch_and_store_amazon_books' retrieved from /opt/airflow/dags/app.py
[2024-12-13T00:57:52.010+0000] {logging_mixin.py:190} INFO - [2024-12-13T00:57:52.010+0000] {dag.py:3239} INFO - Sync 1 DAGs
[2024-12-13T00:57:52.030+0000] {logging_mixin.py:190} INFO - [2024-12-13T00:57:52.030+0000] {dag.py:4180} INFO - Setting next_dagrun for fetch_and_store_amazon_books to 2024-12-13 00:00:00+00:00, run_after=2024-12-14 00:00:00+00:00
[2024-12-13T00:57:52.049+0000] {processor.py:208} INFO - Processing /opt/airflow/dags/app.py took 0.154 seconds
[2024-12-13T00:58:22.907+0000] {processor.py:186} INFO - Started process (PID=68386) to work on /opt/airflow/dags/app.py
[2024-12-13T00:58:22.908+0000] {processor.py:914} INFO - Processing file /opt/airflow/dags/app.py for tasks to queue
[2024-12-13T00:58:22.910+0000] {logging_mixin.py:190} INFO - [2024-12-13T00:58:22.910+0000] {dagbag.py:588} INFO - Filling up the DagBag from /opt/airflow/dags/app.py
[2024-12-13T00:58:23.003+0000] {processor.py:925} INFO - DAG(s) 'fetch_and_store_amazon_books' retrieved from /opt/airflow/dags/app.py
[2024-12-13T00:58:23.023+0000] {logging_mixin.py:190} INFO - [2024-12-13T00:58:23.022+0000] {dag.py:3239} INFO - Sync 1 DAGs
[2024-12-13T00:58:23.044+0000] {logging_mixin.py:190} INFO - [2024-12-13T00:58:23.043+0000] {dag.py:4180} INFO - Setting next_dagrun for fetch_and_store_amazon_books to 2024-12-13 00:00:00+00:00, run_after=2024-12-14 00:00:00+00:00
[2024-12-13T00:58:23.061+0000] {processor.py:208} INFO - Processing /opt/airflow/dags/app.py took 0.158 seconds
[2024-12-13T00:58:54.527+0000] {processor.py:186} INFO - Started process (PID=68451) to work on /opt/airflow/dags/app.py
[2024-12-13T00:58:54.527+0000] {processor.py:914} INFO - Processing file /opt/airflow/dags/app.py for tasks to queue
[2024-12-13T00:58:54.529+0000] {logging_mixin.py:190} INFO - [2024-12-13T00:58:54.529+0000] {dagbag.py:588} INFO - Filling up the DagBag from /opt/airflow/dags/app.py
[2024-12-13T00:58:54.629+0000] {processor.py:925} INFO - DAG(s) 'fetch_and_store_amazon_books' retrieved from /opt/airflow/dags/app.py
[2024-12-13T00:58:54.647+0000] {logging_mixin.py:190} INFO - [2024-12-13T00:58:54.647+0000] {dag.py:3239} INFO - Sync 1 DAGs
[2024-12-13T00:58:54.667+0000] {logging_mixin.py:190} INFO - [2024-12-13T00:58:54.667+0000] {dag.py:4180} INFO - Setting next_dagrun for fetch_and_store_amazon_books to 2024-12-13 00:00:00+00:00, run_after=2024-12-14 00:00:00+00:00
[2024-12-13T00:58:54.684+0000] {processor.py:208} INFO - Processing /opt/airflow/dags/app.py took 0.163 seconds
[2024-12-13T00:59:27.430+0000] {processor.py:186} INFO - Started process (PID=68516) to work on /opt/airflow/dags/app.py
[2024-12-13T00:59:27.430+0000] {processor.py:914} INFO - Processing file /opt/airflow/dags/app.py for tasks to queue
[2024-12-13T00:59:27.433+0000] {logging_mixin.py:190} INFO - [2024-12-13T00:59:27.432+0000] {dagbag.py:588} INFO - Filling up the DagBag from /opt/airflow/dags/app.py
[2024-12-13T00:59:27.518+0000] {processor.py:925} INFO - DAG(s) 'fetch_and_store_amazon_books' retrieved from /opt/airflow/dags/app.py
[2024-12-13T00:59:27.535+0000] {logging_mixin.py:190} INFO - [2024-12-13T00:59:27.534+0000] {dag.py:3239} INFO - Sync 1 DAGs
[2024-12-13T00:59:27.553+0000] {logging_mixin.py:190} INFO - [2024-12-13T00:59:27.553+0000] {dag.py:4180} INFO - Setting next_dagrun for fetch_and_store_amazon_books to 2024-12-13 00:00:00+00:00, run_after=2024-12-14 00:00:00+00:00
[2024-12-13T00:59:27.568+0000] {processor.py:208} INFO - Processing /opt/airflow/dags/app.py took 0.143 seconds
[2024-12-13T01:00:01.032+0000] {processor.py:186} INFO - Started process (PID=68581) to work on /opt/airflow/dags/app.py
[2024-12-13T01:00:01.033+0000] {processor.py:914} INFO - Processing file /opt/airflow/dags/app.py for tasks to queue
[2024-12-13T01:00:01.036+0000] {logging_mixin.py:190} INFO - [2024-12-13T01:00:01.035+0000] {dagbag.py:588} INFO - Filling up the DagBag from /opt/airflow/dags/app.py
[2024-12-13T01:00:01.138+0000] {processor.py:925} INFO - DAG(s) 'fetch_and_store_amazon_books' retrieved from /opt/airflow/dags/app.py
[2024-12-13T01:00:01.157+0000] {logging_mixin.py:190} INFO - [2024-12-13T01:00:01.156+0000] {dag.py:3239} INFO - Sync 1 DAGs
[2024-12-13T01:00:01.178+0000] {logging_mixin.py:190} INFO - [2024-12-13T01:00:01.177+0000] {dag.py:4180} INFO - Setting next_dagrun for fetch_and_store_amazon_books to 2024-12-13 00:00:00+00:00, run_after=2024-12-14 00:00:00+00:00
[2024-12-13T01:00:01.196+0000] {processor.py:208} INFO - Processing /opt/airflow/dags/app.py took 0.168 seconds
[2024-12-13T01:00:34.326+0000] {processor.py:186} INFO - Started process (PID=68647) to work on /opt/airflow/dags/app.py
[2024-12-13T01:00:34.327+0000] {processor.py:914} INFO - Processing file /opt/airflow/dags/app.py for tasks to queue
[2024-12-13T01:00:34.329+0000] {logging_mixin.py:190} INFO - [2024-12-13T01:00:34.329+0000] {dagbag.py:588} INFO - Filling up the DagBag from /opt/airflow/dags/app.py
[2024-12-13T01:00:34.422+0000] {processor.py:925} INFO - DAG(s) 'fetch_and_store_amazon_books' retrieved from /opt/airflow/dags/app.py
[2024-12-13T01:00:34.441+0000] {logging_mixin.py:190} INFO - [2024-12-13T01:00:34.440+0000] {dag.py:3239} INFO - Sync 1 DAGs
[2024-12-13T01:00:34.461+0000] {logging_mixin.py:190} INFO - [2024-12-13T01:00:34.461+0000] {dag.py:4180} INFO - Setting next_dagrun for fetch_and_store_amazon_books to 2024-12-13 00:00:00+00:00, run_after=2024-12-14 00:00:00+00:00
[2024-12-13T01:00:34.477+0000] {processor.py:208} INFO - Processing /opt/airflow/dags/app.py took 0.156 seconds
[2024-12-13T01:01:08.271+0000] {processor.py:186} INFO - Started process (PID=68712) to work on /opt/airflow/dags/app.py
[2024-12-13T01:01:08.272+0000] {processor.py:914} INFO - Processing file /opt/airflow/dags/app.py for tasks to queue
[2024-12-13T01:01:08.274+0000] {logging_mixin.py:190} INFO - [2024-12-13T01:01:08.274+0000] {dagbag.py:588} INFO - Filling up the DagBag from /opt/airflow/dags/app.py
[2024-12-13T01:01:08.391+0000] {processor.py:925} INFO - DAG(s) 'fetch_and_store_amazon_books' retrieved from /opt/airflow/dags/app.py
[2024-12-13T01:01:08.411+0000] {logging_mixin.py:190} INFO - [2024-12-13T01:01:08.410+0000] {dag.py:3239} INFO - Sync 1 DAGs
[2024-12-13T01:01:08.431+0000] {logging_mixin.py:190} INFO - [2024-12-13T01:01:08.430+0000] {dag.py:4180} INFO - Setting next_dagrun for fetch_and_store_amazon_books to 2024-12-13 00:00:00+00:00, run_after=2024-12-14 00:00:00+00:00
[2024-12-13T01:01:08.450+0000] {processor.py:208} INFO - Processing /opt/airflow/dags/app.py took 0.185 seconds
[2024-12-13T01:01:41.203+0000] {processor.py:186} INFO - Started process (PID=68777) to work on /opt/airflow/dags/app.py
[2024-12-13T01:01:41.204+0000] {processor.py:914} INFO - Processing file /opt/airflow/dags/app.py for tasks to queue
[2024-12-13T01:01:41.206+0000] {logging_mixin.py:190} INFO - [2024-12-13T01:01:41.206+0000] {dagbag.py:588} INFO - Filling up the DagBag from /opt/airflow/dags/app.py
[2024-12-13T01:01:41.313+0000] {processor.py:925} INFO - DAG(s) 'fetch_and_store_amazon_books' retrieved from /opt/airflow/dags/app.py
[2024-12-13T01:01:41.332+0000] {logging_mixin.py:190} INFO - [2024-12-13T01:01:41.332+0000] {dag.py:3239} INFO - Sync 1 DAGs
[2024-12-13T01:01:41.354+0000] {logging_mixin.py:190} INFO - [2024-12-13T01:01:41.354+0000] {dag.py:4180} INFO - Setting next_dagrun for fetch_and_store_amazon_books to 2024-12-13 00:00:00+00:00, run_after=2024-12-14 00:00:00+00:00
[2024-12-13T01:01:41.371+0000] {processor.py:208} INFO - Processing /opt/airflow/dags/app.py took 0.172 seconds
[2024-12-13T01:02:14.012+0000] {processor.py:186} INFO - Started process (PID=68842) to work on /opt/airflow/dags/app.py
[2024-12-13T01:02:14.013+0000] {processor.py:914} INFO - Processing file /opt/airflow/dags/app.py for tasks to queue
[2024-12-13T01:02:14.016+0000] {logging_mixin.py:190} INFO - [2024-12-13T01:02:14.016+0000] {dagbag.py:588} INFO - Filling up the DagBag from /opt/airflow/dags/app.py
[2024-12-13T01:02:14.136+0000] {processor.py:925} INFO - DAG(s) 'fetch_and_store_amazon_books' retrieved from /opt/airflow/dags/app.py
[2024-12-13T01:02:14.159+0000] {logging_mixin.py:190} INFO - [2024-12-13T01:02:14.158+0000] {dag.py:3239} INFO - Sync 1 DAGs
[2024-12-13T01:02:14.181+0000] {logging_mixin.py:190} INFO - [2024-12-13T01:02:14.181+0000] {dag.py:4180} INFO - Setting next_dagrun for fetch_and_store_amazon_books to 2024-12-13 00:00:00+00:00, run_after=2024-12-14 00:00:00+00:00
[2024-12-13T01:02:14.199+0000] {processor.py:208} INFO - Processing /opt/airflow/dags/app.py took 0.193 seconds
[2024-12-13T01:02:47.408+0000] {processor.py:186} INFO - Started process (PID=68907) to work on /opt/airflow/dags/app.py
[2024-12-13T01:02:47.409+0000] {processor.py:914} INFO - Processing file /opt/airflow/dags/app.py for tasks to queue
[2024-12-13T01:02:47.411+0000] {logging_mixin.py:190} INFO - [2024-12-13T01:02:47.411+0000] {dagbag.py:588} INFO - Filling up the DagBag from /opt/airflow/dags/app.py
[2024-12-13T01:02:47.518+0000] {processor.py:925} INFO - DAG(s) 'fetch_and_store_amazon_books' retrieved from /opt/airflow/dags/app.py
[2024-12-13T01:02:47.537+0000] {logging_mixin.py:190} INFO - [2024-12-13T01:02:47.537+0000] {dag.py:3239} INFO - Sync 1 DAGs
[2024-12-13T01:02:47.561+0000] {logging_mixin.py:190} INFO - [2024-12-13T01:02:47.561+0000] {dag.py:4180} INFO - Setting next_dagrun for fetch_and_store_amazon_books to 2024-12-13 00:00:00+00:00, run_after=2024-12-14 00:00:00+00:00
[2024-12-13T01:02:47.582+0000] {processor.py:208} INFO - Processing /opt/airflow/dags/app.py took 0.180 seconds
[2024-12-13T01:03:19.861+0000] {processor.py:186} INFO - Started process (PID=68972) to work on /opt/airflow/dags/app.py
[2024-12-13T01:03:19.861+0000] {processor.py:914} INFO - Processing file /opt/airflow/dags/app.py for tasks to queue
[2024-12-13T01:03:19.864+0000] {logging_mixin.py:190} INFO - [2024-12-13T01:03:19.863+0000] {dagbag.py:588} INFO - Filling up the DagBag from /opt/airflow/dags/app.py
[2024-12-13T01:03:19.965+0000] {processor.py:925} INFO - DAG(s) 'fetch_and_store_amazon_books' retrieved from /opt/airflow/dags/app.py
[2024-12-13T01:03:19.984+0000] {logging_mixin.py:190} INFO - [2024-12-13T01:03:19.984+0000] {dag.py:3239} INFO - Sync 1 DAGs
[2024-12-13T01:03:20.011+0000] {logging_mixin.py:190} INFO - [2024-12-13T01:03:20.011+0000] {dag.py:4180} INFO - Setting next_dagrun for fetch_and_store_amazon_books to 2024-12-13 00:00:00+00:00, run_after=2024-12-14 00:00:00+00:00
[2024-12-13T01:03:20.029+0000] {processor.py:208} INFO - Processing /opt/airflow/dags/app.py took 0.173 seconds
[2024-12-13T01:03:52.652+0000] {processor.py:186} INFO - Started process (PID=69037) to work on /opt/airflow/dags/app.py
[2024-12-13T01:03:52.653+0000] {processor.py:914} INFO - Processing file /opt/airflow/dags/app.py for tasks to queue
[2024-12-13T01:03:52.655+0000] {logging_mixin.py:190} INFO - [2024-12-13T01:03:52.654+0000] {dagbag.py:588} INFO - Filling up the DagBag from /opt/airflow/dags/app.py
[2024-12-13T01:03:52.757+0000] {processor.py:925} INFO - DAG(s) 'fetch_and_store_amazon_books' retrieved from /opt/airflow/dags/app.py
[2024-12-13T01:03:52.777+0000] {logging_mixin.py:190} INFO - [2024-12-13T01:03:52.776+0000] {dag.py:3239} INFO - Sync 1 DAGs
[2024-12-13T01:03:52.797+0000] {logging_mixin.py:190} INFO - [2024-12-13T01:03:52.797+0000] {dag.py:4180} INFO - Setting next_dagrun for fetch_and_store_amazon_books to 2024-12-13 00:00:00+00:00, run_after=2024-12-14 00:00:00+00:00
[2024-12-13T01:03:52.815+0000] {processor.py:208} INFO - Processing /opt/airflow/dags/app.py took 0.167 seconds
[2024-12-13T01:04:26.151+0000] {processor.py:186} INFO - Started process (PID=69102) to work on /opt/airflow/dags/app.py
[2024-12-13T01:04:26.152+0000] {processor.py:914} INFO - Processing file /opt/airflow/dags/app.py for tasks to queue
[2024-12-13T01:04:26.154+0000] {logging_mixin.py:190} INFO - [2024-12-13T01:04:26.154+0000] {dagbag.py:588} INFO - Filling up the DagBag from /opt/airflow/dags/app.py
[2024-12-13T01:04:26.245+0000] {processor.py:925} INFO - DAG(s) 'fetch_and_store_amazon_books' retrieved from /opt/airflow/dags/app.py
[2024-12-13T01:04:26.265+0000] {logging_mixin.py:190} INFO - [2024-12-13T01:04:26.264+0000] {dag.py:3239} INFO - Sync 1 DAGs
[2024-12-13T01:04:26.288+0000] {logging_mixin.py:190} INFO - [2024-12-13T01:04:26.288+0000] {dag.py:4180} INFO - Setting next_dagrun for fetch_and_store_amazon_books to 2024-12-13 00:00:00+00:00, run_after=2024-12-14 00:00:00+00:00
[2024-12-13T01:04:26.303+0000] {processor.py:208} INFO - Processing /opt/airflow/dags/app.py took 0.156 seconds
[2024-12-13T01:04:59.393+0000] {processor.py:186} INFO - Started process (PID=69167) to work on /opt/airflow/dags/app.py
[2024-12-13T01:04:59.394+0000] {processor.py:914} INFO - Processing file /opt/airflow/dags/app.py for tasks to queue
[2024-12-13T01:04:59.396+0000] {logging_mixin.py:190} INFO - [2024-12-13T01:04:59.396+0000] {dagbag.py:588} INFO - Filling up the DagBag from /opt/airflow/dags/app.py
[2024-12-13T01:04:59.499+0000] {processor.py:925} INFO - DAG(s) 'fetch_and_store_amazon_books' retrieved from /opt/airflow/dags/app.py
[2024-12-13T01:04:59.517+0000] {logging_mixin.py:190} INFO - [2024-12-13T01:04:59.517+0000] {dag.py:3239} INFO - Sync 1 DAGs
[2024-12-13T01:04:59.540+0000] {logging_mixin.py:190} INFO - [2024-12-13T01:04:59.540+0000] {dag.py:4180} INFO - Setting next_dagrun for fetch_and_store_amazon_books to 2024-12-13 00:00:00+00:00, run_after=2024-12-14 00:00:00+00:00
[2024-12-13T01:04:59.557+0000] {processor.py:208} INFO - Processing /opt/airflow/dags/app.py took 0.170 seconds
[2024-12-13T01:05:33.220+0000] {processor.py:186} INFO - Started process (PID=69232) to work on /opt/airflow/dags/app.py
[2024-12-13T01:05:33.221+0000] {processor.py:914} INFO - Processing file /opt/airflow/dags/app.py for tasks to queue
[2024-12-13T01:05:33.223+0000] {logging_mixin.py:190} INFO - [2024-12-13T01:05:33.223+0000] {dagbag.py:588} INFO - Filling up the DagBag from /opt/airflow/dags/app.py
[2024-12-13T01:05:33.314+0000] {processor.py:925} INFO - DAG(s) 'fetch_and_store_amazon_books' retrieved from /opt/airflow/dags/app.py
[2024-12-13T01:05:33.332+0000] {logging_mixin.py:190} INFO - [2024-12-13T01:05:33.332+0000] {dag.py:3239} INFO - Sync 1 DAGs
[2024-12-13T01:05:33.351+0000] {logging_mixin.py:190} INFO - [2024-12-13T01:05:33.351+0000] {dag.py:4180} INFO - Setting next_dagrun for fetch_and_store_amazon_books to 2024-12-13 00:00:00+00:00, run_after=2024-12-14 00:00:00+00:00
[2024-12-13T01:05:33.367+0000] {processor.py:208} INFO - Processing /opt/airflow/dags/app.py took 0.154 seconds
[2024-12-13T01:06:06.762+0000] {processor.py:186} INFO - Started process (PID=69297) to work on /opt/airflow/dags/app.py
[2024-12-13T01:06:06.763+0000] {processor.py:914} INFO - Processing file /opt/airflow/dags/app.py for tasks to queue
[2024-12-13T01:06:06.765+0000] {logging_mixin.py:190} INFO - [2024-12-13T01:06:06.765+0000] {dagbag.py:588} INFO - Filling up the DagBag from /opt/airflow/dags/app.py
[2024-12-13T01:06:06.860+0000] {processor.py:925} INFO - DAG(s) 'fetch_and_store_amazon_books' retrieved from /opt/airflow/dags/app.py
[2024-12-13T01:06:06.879+0000] {logging_mixin.py:190} INFO - [2024-12-13T01:06:06.878+0000] {dag.py:3239} INFO - Sync 1 DAGs
[2024-12-13T01:06:06.898+0000] {logging_mixin.py:190} INFO - [2024-12-13T01:06:06.898+0000] {dag.py:4180} INFO - Setting next_dagrun for fetch_and_store_amazon_books to 2024-12-13 00:00:00+00:00, run_after=2024-12-14 00:00:00+00:00
[2024-12-13T01:06:06.915+0000] {processor.py:208} INFO - Processing /opt/airflow/dags/app.py took 0.158 seconds
[2024-12-13T01:06:39.413+0000] {processor.py:186} INFO - Started process (PID=69362) to work on /opt/airflow/dags/app.py
[2024-12-13T01:06:39.413+0000] {processor.py:914} INFO - Processing file /opt/airflow/dags/app.py for tasks to queue
[2024-12-13T01:06:39.415+0000] {logging_mixin.py:190} INFO - [2024-12-13T01:06:39.415+0000] {dagbag.py:588} INFO - Filling up the DagBag from /opt/airflow/dags/app.py
[2024-12-13T01:06:39.515+0000] {processor.py:925} INFO - DAG(s) 'fetch_and_store_amazon_books' retrieved from /opt/airflow/dags/app.py
[2024-12-13T01:06:39.534+0000] {logging_mixin.py:190} INFO - [2024-12-13T01:06:39.534+0000] {dag.py:3239} INFO - Sync 1 DAGs
[2024-12-13T01:06:39.553+0000] {logging_mixin.py:190} INFO - [2024-12-13T01:06:39.553+0000] {dag.py:4180} INFO - Setting next_dagrun for fetch_and_store_amazon_books to 2024-12-13 00:00:00+00:00, run_after=2024-12-14 00:00:00+00:00
[2024-12-13T01:06:39.575+0000] {processor.py:208} INFO - Processing /opt/airflow/dags/app.py took 0.167 seconds
[2024-12-13T01:07:13.308+0000] {processor.py:186} INFO - Started process (PID=69427) to work on /opt/airflow/dags/app.py
[2024-12-13T01:07:13.308+0000] {processor.py:914} INFO - Processing file /opt/airflow/dags/app.py for tasks to queue
[2024-12-13T01:07:13.310+0000] {logging_mixin.py:190} INFO - [2024-12-13T01:07:13.310+0000] {dagbag.py:588} INFO - Filling up the DagBag from /opt/airflow/dags/app.py
[2024-12-13T01:07:13.420+0000] {processor.py:925} INFO - DAG(s) 'fetch_and_store_amazon_books' retrieved from /opt/airflow/dags/app.py
[2024-12-13T01:07:13.440+0000] {logging_mixin.py:190} INFO - [2024-12-13T01:07:13.440+0000] {dag.py:3239} INFO - Sync 1 DAGs
[2024-12-13T01:07:13.461+0000] {logging_mixin.py:190} INFO - [2024-12-13T01:07:13.461+0000] {dag.py:4180} INFO - Setting next_dagrun for fetch_and_store_amazon_books to 2024-12-13 00:00:00+00:00, run_after=2024-12-14 00:00:00+00:00
[2024-12-13T01:07:13.479+0000] {processor.py:208} INFO - Processing /opt/airflow/dags/app.py took 0.177 seconds
[2024-12-13T01:07:46.044+0000] {processor.py:186} INFO - Started process (PID=69492) to work on /opt/airflow/dags/app.py
[2024-12-13T01:07:46.045+0000] {processor.py:914} INFO - Processing file /opt/airflow/dags/app.py for tasks to queue
[2024-12-13T01:07:46.047+0000] {logging_mixin.py:190} INFO - [2024-12-13T01:07:46.047+0000] {dagbag.py:588} INFO - Filling up the DagBag from /opt/airflow/dags/app.py
[2024-12-13T01:07:46.137+0000] {processor.py:925} INFO - DAG(s) 'fetch_and_store_amazon_books' retrieved from /opt/airflow/dags/app.py
[2024-12-13T01:07:46.155+0000] {logging_mixin.py:190} INFO - [2024-12-13T01:07:46.155+0000] {dag.py:3239} INFO - Sync 1 DAGs
[2024-12-13T01:07:46.174+0000] {logging_mixin.py:190} INFO - [2024-12-13T01:07:46.174+0000] {dag.py:4180} INFO - Setting next_dagrun for fetch_and_store_amazon_books to 2024-12-13 00:00:00+00:00, run_after=2024-12-14 00:00:00+00:00
[2024-12-13T01:07:46.190+0000] {processor.py:208} INFO - Processing /opt/airflow/dags/app.py took 0.151 seconds
[2024-12-13T01:08:19.659+0000] {processor.py:186} INFO - Started process (PID=69557) to work on /opt/airflow/dags/app.py
[2024-12-13T01:08:19.660+0000] {processor.py:914} INFO - Processing file /opt/airflow/dags/app.py for tasks to queue
[2024-12-13T01:08:19.662+0000] {logging_mixin.py:190} INFO - [2024-12-13T01:08:19.661+0000] {dagbag.py:588} INFO - Filling up the DagBag from /opt/airflow/dags/app.py
[2024-12-13T01:08:19.755+0000] {processor.py:925} INFO - DAG(s) 'fetch_and_store_amazon_books' retrieved from /opt/airflow/dags/app.py
[2024-12-13T01:08:19.773+0000] {logging_mixin.py:190} INFO - [2024-12-13T01:08:19.773+0000] {dag.py:3239} INFO - Sync 1 DAGs
[2024-12-13T01:08:19.792+0000] {logging_mixin.py:190} INFO - [2024-12-13T01:08:19.792+0000] {dag.py:4180} INFO - Setting next_dagrun for fetch_and_store_amazon_books to 2024-12-13 00:00:00+00:00, run_after=2024-12-14 00:00:00+00:00
[2024-12-13T01:08:19.808+0000] {processor.py:208} INFO - Processing /opt/airflow/dags/app.py took 0.155 seconds
[2024-12-13T01:08:53.288+0000] {processor.py:186} INFO - Started process (PID=69622) to work on /opt/airflow/dags/app.py
[2024-12-13T01:08:53.289+0000] {processor.py:914} INFO - Processing file /opt/airflow/dags/app.py for tasks to queue
[2024-12-13T01:08:53.291+0000] {logging_mixin.py:190} INFO - [2024-12-13T01:08:53.290+0000] {dagbag.py:588} INFO - Filling up the DagBag from /opt/airflow/dags/app.py
[2024-12-13T01:08:53.388+0000] {processor.py:925} INFO - DAG(s) 'fetch_and_store_amazon_books' retrieved from /opt/airflow/dags/app.py
[2024-12-13T01:08:53.410+0000] {logging_mixin.py:190} INFO - [2024-12-13T01:08:53.410+0000] {dag.py:3239} INFO - Sync 1 DAGs
[2024-12-13T01:08:53.433+0000] {logging_mixin.py:190} INFO - [2024-12-13T01:08:53.433+0000] {dag.py:4180} INFO - Setting next_dagrun for fetch_and_store_amazon_books to 2024-12-13 00:00:00+00:00, run_after=2024-12-14 00:00:00+00:00
[2024-12-13T01:08:53.451+0000] {processor.py:208} INFO - Processing /opt/airflow/dags/app.py took 0.169 seconds
[2024-12-13T01:09:26.065+0000] {processor.py:186} INFO - Started process (PID=69687) to work on /opt/airflow/dags/app.py
[2024-12-13T01:09:26.066+0000] {processor.py:914} INFO - Processing file /opt/airflow/dags/app.py for tasks to queue
[2024-12-13T01:09:26.068+0000] {logging_mixin.py:190} INFO - [2024-12-13T01:09:26.068+0000] {dagbag.py:588} INFO - Filling up the DagBag from /opt/airflow/dags/app.py
[2024-12-13T01:09:26.170+0000] {processor.py:925} INFO - DAG(s) 'fetch_and_store_amazon_books' retrieved from /opt/airflow/dags/app.py
[2024-12-13T01:09:26.189+0000] {logging_mixin.py:190} INFO - [2024-12-13T01:09:26.189+0000] {dag.py:3239} INFO - Sync 1 DAGs
[2024-12-13T01:09:26.210+0000] {logging_mixin.py:190} INFO - [2024-12-13T01:09:26.210+0000] {dag.py:4180} INFO - Setting next_dagrun for fetch_and_store_amazon_books to 2024-12-13 00:00:00+00:00, run_after=2024-12-14 00:00:00+00:00
[2024-12-13T01:09:26.226+0000] {processor.py:208} INFO - Processing /opt/airflow/dags/app.py took 0.169 seconds
[2024-12-13T01:09:59.643+0000] {processor.py:186} INFO - Started process (PID=69752) to work on /opt/airflow/dags/app.py
[2024-12-13T01:09:59.644+0000] {processor.py:914} INFO - Processing file /opt/airflow/dags/app.py for tasks to queue
[2024-12-13T01:09:59.648+0000] {logging_mixin.py:190} INFO - [2024-12-13T01:09:59.647+0000] {dagbag.py:588} INFO - Filling up the DagBag from /opt/airflow/dags/app.py
[2024-12-13T01:09:59.784+0000] {processor.py:925} INFO - DAG(s) 'fetch_and_store_amazon_books' retrieved from /opt/airflow/dags/app.py
[2024-12-13T01:09:59.814+0000] {logging_mixin.py:190} INFO - [2024-12-13T01:09:59.814+0000] {dag.py:3239} INFO - Sync 1 DAGs
[2024-12-13T01:09:59.842+0000] {logging_mixin.py:190} INFO - [2024-12-13T01:09:59.842+0000] {dag.py:4180} INFO - Setting next_dagrun for fetch_and_store_amazon_books to 2024-12-13 00:00:00+00:00, run_after=2024-12-14 00:00:00+00:00
[2024-12-13T01:09:59.864+0000] {processor.py:208} INFO - Processing /opt/airflow/dags/app.py took 0.229 seconds
[2024-12-13T01:10:32.883+0000] {processor.py:186} INFO - Started process (PID=69817) to work on /opt/airflow/dags/app.py
[2024-12-13T01:10:32.884+0000] {processor.py:914} INFO - Processing file /opt/airflow/dags/app.py for tasks to queue
[2024-12-13T01:10:32.887+0000] {logging_mixin.py:190} INFO - [2024-12-13T01:10:32.886+0000] {dagbag.py:588} INFO - Filling up the DagBag from /opt/airflow/dags/app.py
[2024-12-13T01:10:32.980+0000] {processor.py:925} INFO - DAG(s) 'fetch_and_store_amazon_books' retrieved from /opt/airflow/dags/app.py
[2024-12-13T01:10:32.998+0000] {logging_mixin.py:190} INFO - [2024-12-13T01:10:32.997+0000] {dag.py:3239} INFO - Sync 1 DAGs
[2024-12-13T01:10:33.018+0000] {logging_mixin.py:190} INFO - [2024-12-13T01:10:33.017+0000] {dag.py:4180} INFO - Setting next_dagrun for fetch_and_store_amazon_books to 2024-12-13 00:00:00+00:00, run_after=2024-12-14 00:00:00+00:00
[2024-12-13T01:10:33.033+0000] {processor.py:208} INFO - Processing /opt/airflow/dags/app.py took 0.155 seconds
[2024-12-13T01:11:05.994+0000] {processor.py:186} INFO - Started process (PID=69882) to work on /opt/airflow/dags/app.py
[2024-12-13T01:11:05.995+0000] {processor.py:914} INFO - Processing file /opt/airflow/dags/app.py for tasks to queue
[2024-12-13T01:11:05.997+0000] {logging_mixin.py:190} INFO - [2024-12-13T01:11:05.996+0000] {dagbag.py:588} INFO - Filling up the DagBag from /opt/airflow/dags/app.py
[2024-12-13T01:11:06.096+0000] {processor.py:925} INFO - DAG(s) 'fetch_and_store_amazon_books' retrieved from /opt/airflow/dags/app.py
[2024-12-13T01:11:06.115+0000] {logging_mixin.py:190} INFO - [2024-12-13T01:11:06.115+0000] {dag.py:3239} INFO - Sync 1 DAGs
[2024-12-13T01:11:06.137+0000] {logging_mixin.py:190} INFO - [2024-12-13T01:11:06.137+0000] {dag.py:4180} INFO - Setting next_dagrun for fetch_and_store_amazon_books to 2024-12-13 00:00:00+00:00, run_after=2024-12-14 00:00:00+00:00
[2024-12-13T01:11:06.154+0000] {processor.py:208} INFO - Processing /opt/airflow/dags/app.py took 0.166 seconds
[2024-12-13T01:11:40.142+0000] {processor.py:186} INFO - Started process (PID=69947) to work on /opt/airflow/dags/app.py
[2024-12-13T01:11:40.143+0000] {processor.py:914} INFO - Processing file /opt/airflow/dags/app.py for tasks to queue
[2024-12-13T01:11:40.145+0000] {logging_mixin.py:190} INFO - [2024-12-13T01:11:40.145+0000] {dagbag.py:588} INFO - Filling up the DagBag from /opt/airflow/dags/app.py
[2024-12-13T01:11:40.260+0000] {processor.py:925} INFO - DAG(s) 'fetch_and_store_amazon_books' retrieved from /opt/airflow/dags/app.py
[2024-12-13T01:11:40.283+0000] {logging_mixin.py:190} INFO - [2024-12-13T01:11:40.282+0000] {dag.py:3239} INFO - Sync 1 DAGs
[2024-12-13T01:11:40.307+0000] {logging_mixin.py:190} INFO - [2024-12-13T01:11:40.307+0000] {dag.py:4180} INFO - Setting next_dagrun for fetch_and_store_amazon_books to 2024-12-13 00:00:00+00:00, run_after=2024-12-14 00:00:00+00:00
[2024-12-13T01:11:40.330+0000] {processor.py:208} INFO - Processing /opt/airflow/dags/app.py took 0.194 seconds
[2024-12-13T01:12:13.008+0000] {processor.py:186} INFO - Started process (PID=70012) to work on /opt/airflow/dags/app.py
[2024-12-13T01:12:13.009+0000] {processor.py:914} INFO - Processing file /opt/airflow/dags/app.py for tasks to queue
[2024-12-13T01:12:13.011+0000] {logging_mixin.py:190} INFO - [2024-12-13T01:12:13.011+0000] {dagbag.py:588} INFO - Filling up the DagBag from /opt/airflow/dags/app.py
[2024-12-13T01:12:13.113+0000] {processor.py:925} INFO - DAG(s) 'fetch_and_store_amazon_books' retrieved from /opt/airflow/dags/app.py
[2024-12-13T01:12:13.132+0000] {logging_mixin.py:190} INFO - [2024-12-13T01:12:13.132+0000] {dag.py:3239} INFO - Sync 1 DAGs
[2024-12-13T01:12:13.153+0000] {logging_mixin.py:190} INFO - [2024-12-13T01:12:13.152+0000] {dag.py:4180} INFO - Setting next_dagrun for fetch_and_store_amazon_books to 2024-12-13 00:00:00+00:00, run_after=2024-12-14 00:00:00+00:00
[2024-12-13T01:12:13.171+0000] {processor.py:208} INFO - Processing /opt/airflow/dags/app.py took 0.168 seconds
[2024-12-13T01:12:46.020+0000] {processor.py:186} INFO - Started process (PID=70077) to work on /opt/airflow/dags/app.py
[2024-12-13T01:12:46.021+0000] {processor.py:914} INFO - Processing file /opt/airflow/dags/app.py for tasks to queue
[2024-12-13T01:12:46.023+0000] {logging_mixin.py:190} INFO - [2024-12-13T01:12:46.022+0000] {dagbag.py:588} INFO - Filling up the DagBag from /opt/airflow/dags/app.py
[2024-12-13T01:12:46.114+0000] {processor.py:925} INFO - DAG(s) 'fetch_and_store_amazon_books' retrieved from /opt/airflow/dags/app.py
[2024-12-13T01:12:46.131+0000] {logging_mixin.py:190} INFO - [2024-12-13T01:12:46.131+0000] {dag.py:3239} INFO - Sync 1 DAGs
[2024-12-13T01:12:46.150+0000] {logging_mixin.py:190} INFO - [2024-12-13T01:12:46.150+0000] {dag.py:4180} INFO - Setting next_dagrun for fetch_and_store_amazon_books to 2024-12-13 00:00:00+00:00, run_after=2024-12-14 00:00:00+00:00
[2024-12-13T01:12:46.169+0000] {processor.py:208} INFO - Processing /opt/airflow/dags/app.py took 0.154 seconds
[2024-12-13T01:13:19.684+0000] {processor.py:186} INFO - Started process (PID=70142) to work on /opt/airflow/dags/app.py
[2024-12-13T01:13:19.685+0000] {processor.py:914} INFO - Processing file /opt/airflow/dags/app.py for tasks to queue
[2024-12-13T01:13:19.687+0000] {logging_mixin.py:190} INFO - [2024-12-13T01:13:19.687+0000] {dagbag.py:588} INFO - Filling up the DagBag from /opt/airflow/dags/app.py
[2024-12-13T01:13:19.777+0000] {processor.py:925} INFO - DAG(s) 'fetch_and_store_amazon_books' retrieved from /opt/airflow/dags/app.py
[2024-12-13T01:13:19.796+0000] {logging_mixin.py:190} INFO - [2024-12-13T01:13:19.795+0000] {dag.py:3239} INFO - Sync 1 DAGs
[2024-12-13T01:13:19.816+0000] {logging_mixin.py:190} INFO - [2024-12-13T01:13:19.815+0000] {dag.py:4180} INFO - Setting next_dagrun for fetch_and_store_amazon_books to 2024-12-13 00:00:00+00:00, run_after=2024-12-14 00:00:00+00:00
[2024-12-13T01:13:19.832+0000] {processor.py:208} INFO - Processing /opt/airflow/dags/app.py took 0.152 seconds
[2024-12-13T01:13:53.264+0000] {processor.py:186} INFO - Started process (PID=70207) to work on /opt/airflow/dags/app.py
[2024-12-13T01:13:53.265+0000] {processor.py:914} INFO - Processing file /opt/airflow/dags/app.py for tasks to queue
[2024-12-13T01:13:53.267+0000] {logging_mixin.py:190} INFO - [2024-12-13T01:13:53.266+0000] {dagbag.py:588} INFO - Filling up the DagBag from /opt/airflow/dags/app.py
[2024-12-13T01:13:53.377+0000] {processor.py:925} INFO - DAG(s) 'fetch_and_store_amazon_books' retrieved from /opt/airflow/dags/app.py
[2024-12-13T01:13:53.397+0000] {logging_mixin.py:190} INFO - [2024-12-13T01:13:53.396+0000] {dag.py:3239} INFO - Sync 1 DAGs
[2024-12-13T01:13:53.417+0000] {logging_mixin.py:190} INFO - [2024-12-13T01:13:53.417+0000] {dag.py:4180} INFO - Setting next_dagrun for fetch_and_store_amazon_books to 2024-12-13 00:00:00+00:00, run_after=2024-12-14 00:00:00+00:00
[2024-12-13T01:13:53.436+0000] {processor.py:208} INFO - Processing /opt/airflow/dags/app.py took 0.177 seconds
[2024-12-13T01:14:26.604+0000] {processor.py:186} INFO - Started process (PID=70272) to work on /opt/airflow/dags/app.py
[2024-12-13T01:14:26.605+0000] {processor.py:914} INFO - Processing file /opt/airflow/dags/app.py for tasks to queue
[2024-12-13T01:14:26.607+0000] {logging_mixin.py:190} INFO - [2024-12-13T01:14:26.607+0000] {dagbag.py:588} INFO - Filling up the DagBag from /opt/airflow/dags/app.py
[2024-12-13T01:14:26.702+0000] {processor.py:925} INFO - DAG(s) 'fetch_and_store_amazon_books' retrieved from /opt/airflow/dags/app.py
[2024-12-13T01:14:26.721+0000] {logging_mixin.py:190} INFO - [2024-12-13T01:14:26.720+0000] {dag.py:3239} INFO - Sync 1 DAGs
[2024-12-13T01:14:26.741+0000] {logging_mixin.py:190} INFO - [2024-12-13T01:14:26.741+0000] {dag.py:4180} INFO - Setting next_dagrun for fetch_and_store_amazon_books to 2024-12-13 00:00:00+00:00, run_after=2024-12-14 00:00:00+00:00
[2024-12-13T01:14:26.757+0000] {processor.py:208} INFO - Processing /opt/airflow/dags/app.py took 0.158 seconds
[2024-12-13T01:14:59.803+0000] {processor.py:186} INFO - Started process (PID=70337) to work on /opt/airflow/dags/app.py
[2024-12-13T01:14:59.804+0000] {processor.py:914} INFO - Processing file /opt/airflow/dags/app.py for tasks to queue
[2024-12-13T01:14:59.806+0000] {logging_mixin.py:190} INFO - [2024-12-13T01:14:59.806+0000] {dagbag.py:588} INFO - Filling up the DagBag from /opt/airflow/dags/app.py
[2024-12-13T01:14:59.897+0000] {processor.py:925} INFO - DAG(s) 'fetch_and_store_amazon_books' retrieved from /opt/airflow/dags/app.py
[2024-12-13T01:14:59.918+0000] {logging_mixin.py:190} INFO - [2024-12-13T01:14:59.917+0000] {dag.py:3239} INFO - Sync 1 DAGs
[2024-12-13T01:14:59.938+0000] {logging_mixin.py:190} INFO - [2024-12-13T01:14:59.938+0000] {dag.py:4180} INFO - Setting next_dagrun for fetch_and_store_amazon_books to 2024-12-13 00:00:00+00:00, run_after=2024-12-14 00:00:00+00:00
[2024-12-13T01:14:59.955+0000] {processor.py:208} INFO - Processing /opt/airflow/dags/app.py took 0.157 seconds
[2024-12-13T01:15:33.005+0000] {processor.py:186} INFO - Started process (PID=70402) to work on /opt/airflow/dags/app.py
[2024-12-13T01:15:33.006+0000] {processor.py:914} INFO - Processing file /opt/airflow/dags/app.py for tasks to queue
[2024-12-13T01:15:33.008+0000] {logging_mixin.py:190} INFO - [2024-12-13T01:15:33.008+0000] {dagbag.py:588} INFO - Filling up the DagBag from /opt/airflow/dags/app.py
[2024-12-13T01:15:33.102+0000] {processor.py:925} INFO - DAG(s) 'fetch_and_store_amazon_books' retrieved from /opt/airflow/dags/app.py
[2024-12-13T01:15:33.119+0000] {logging_mixin.py:190} INFO - [2024-12-13T01:15:33.118+0000] {dag.py:3239} INFO - Sync 1 DAGs
[2024-12-13T01:15:33.139+0000] {logging_mixin.py:190} INFO - [2024-12-13T01:15:33.138+0000] {dag.py:4180} INFO - Setting next_dagrun for fetch_and_store_amazon_books to 2024-12-13 00:00:00+00:00, run_after=2024-12-14 00:00:00+00:00
[2024-12-13T01:15:33.159+0000] {processor.py:208} INFO - Processing /opt/airflow/dags/app.py took 0.158 seconds
[2024-12-13T01:16:06.627+0000] {processor.py:186} INFO - Started process (PID=70467) to work on /opt/airflow/dags/app.py
[2024-12-13T01:16:06.628+0000] {processor.py:914} INFO - Processing file /opt/airflow/dags/app.py for tasks to queue
[2024-12-13T01:16:06.630+0000] {logging_mixin.py:190} INFO - [2024-12-13T01:16:06.630+0000] {dagbag.py:588} INFO - Filling up the DagBag from /opt/airflow/dags/app.py
[2024-12-13T01:16:06.732+0000] {processor.py:925} INFO - DAG(s) 'fetch_and_store_amazon_books' retrieved from /opt/airflow/dags/app.py
[2024-12-13T01:16:06.750+0000] {logging_mixin.py:190} INFO - [2024-12-13T01:16:06.750+0000] {dag.py:3239} INFO - Sync 1 DAGs
[2024-12-13T01:16:06.771+0000] {logging_mixin.py:190} INFO - [2024-12-13T01:16:06.770+0000] {dag.py:4180} INFO - Setting next_dagrun for fetch_and_store_amazon_books to 2024-12-13 00:00:00+00:00, run_after=2024-12-14 00:00:00+00:00
[2024-12-13T01:16:06.979+0000] {processor.py:208} INFO - Processing /opt/airflow/dags/app.py took 0.357 seconds
[2024-12-13T01:16:39.747+0000] {processor.py:186} INFO - Started process (PID=70532) to work on /opt/airflow/dags/app.py
[2024-12-13T01:16:39.748+0000] {processor.py:914} INFO - Processing file /opt/airflow/dags/app.py for tasks to queue
[2024-12-13T01:16:39.750+0000] {logging_mixin.py:190} INFO - [2024-12-13T01:16:39.750+0000] {dagbag.py:588} INFO - Filling up the DagBag from /opt/airflow/dags/app.py
[2024-12-13T01:16:39.838+0000] {processor.py:925} INFO - DAG(s) 'fetch_and_store_amazon_books' retrieved from /opt/airflow/dags/app.py
[2024-12-13T01:16:39.856+0000] {logging_mixin.py:190} INFO - [2024-12-13T01:16:39.855+0000] {dag.py:3239} INFO - Sync 1 DAGs
[2024-12-13T01:16:39.875+0000] {logging_mixin.py:190} INFO - [2024-12-13T01:16:39.875+0000] {dag.py:4180} INFO - Setting next_dagrun for fetch_and_store_amazon_books to 2024-12-13 00:00:00+00:00, run_after=2024-12-14 00:00:00+00:00
[2024-12-13T01:16:39.891+0000] {processor.py:208} INFO - Processing /opt/airflow/dags/app.py took 0.149 seconds
[2024-12-13T01:17:12.889+0000] {processor.py:186} INFO - Started process (PID=70597) to work on /opt/airflow/dags/app.py
[2024-12-13T01:17:12.890+0000] {processor.py:914} INFO - Processing file /opt/airflow/dags/app.py for tasks to queue
[2024-12-13T01:17:12.892+0000] {logging_mixin.py:190} INFO - [2024-12-13T01:17:12.892+0000] {dagbag.py:588} INFO - Filling up the DagBag from /opt/airflow/dags/app.py
[2024-12-13T01:17:12.982+0000] {processor.py:925} INFO - DAG(s) 'fetch_and_store_amazon_books' retrieved from /opt/airflow/dags/app.py
[2024-12-13T01:17:12.998+0000] {logging_mixin.py:190} INFO - [2024-12-13T01:17:12.998+0000] {dag.py:3239} INFO - Sync 1 DAGs
[2024-12-13T01:17:13.017+0000] {logging_mixin.py:190} INFO - [2024-12-13T01:17:13.017+0000] {dag.py:4180} INFO - Setting next_dagrun for fetch_and_store_amazon_books to 2024-12-13 00:00:00+00:00, run_after=2024-12-14 00:00:00+00:00
[2024-12-13T01:17:13.035+0000] {processor.py:208} INFO - Processing /opt/airflow/dags/app.py took 0.150 seconds
[2024-12-13T01:17:46.083+0000] {processor.py:186} INFO - Started process (PID=70662) to work on /opt/airflow/dags/app.py
[2024-12-13T01:17:46.084+0000] {processor.py:914} INFO - Processing file /opt/airflow/dags/app.py for tasks to queue
[2024-12-13T01:17:46.086+0000] {logging_mixin.py:190} INFO - [2024-12-13T01:17:46.085+0000] {dagbag.py:588} INFO - Filling up the DagBag from /opt/airflow/dags/app.py
[2024-12-13T01:17:46.188+0000] {processor.py:925} INFO - DAG(s) 'fetch_and_store_amazon_books' retrieved from /opt/airflow/dags/app.py
[2024-12-13T01:17:46.207+0000] {logging_mixin.py:190} INFO - [2024-12-13T01:17:46.206+0000] {dag.py:3239} INFO - Sync 1 DAGs
[2024-12-13T01:17:46.226+0000] {logging_mixin.py:190} INFO - [2024-12-13T01:17:46.226+0000] {dag.py:4180} INFO - Setting next_dagrun for fetch_and_store_amazon_books to 2024-12-13 00:00:00+00:00, run_after=2024-12-14 00:00:00+00:00
[2024-12-13T01:17:46.242+0000] {processor.py:208} INFO - Processing /opt/airflow/dags/app.py took 0.165 seconds
[2024-12-13T01:18:19.999+0000] {processor.py:186} INFO - Started process (PID=70727) to work on /opt/airflow/dags/app.py
[2024-12-13T01:18:20.000+0000] {processor.py:914} INFO - Processing file /opt/airflow/dags/app.py for tasks to queue
[2024-12-13T01:18:20.002+0000] {logging_mixin.py:190} INFO - [2024-12-13T01:18:20.002+0000] {dagbag.py:588} INFO - Filling up the DagBag from /opt/airflow/dags/app.py
[2024-12-13T01:18:20.098+0000] {processor.py:925} INFO - DAG(s) 'fetch_and_store_amazon_books' retrieved from /opt/airflow/dags/app.py
[2024-12-13T01:18:20.115+0000] {logging_mixin.py:190} INFO - [2024-12-13T01:18:20.115+0000] {dag.py:3239} INFO - Sync 1 DAGs
[2024-12-13T01:18:20.135+0000] {logging_mixin.py:190} INFO - [2024-12-13T01:18:20.134+0000] {dag.py:4180} INFO - Setting next_dagrun for fetch_and_store_amazon_books to 2024-12-13 00:00:00+00:00, run_after=2024-12-14 00:00:00+00:00
[2024-12-13T01:18:20.150+0000] {processor.py:208} INFO - Processing /opt/airflow/dags/app.py took 0.156 seconds
[2024-12-13T01:18:53.626+0000] {processor.py:186} INFO - Started process (PID=70792) to work on /opt/airflow/dags/app.py
[2024-12-13T01:18:53.626+0000] {processor.py:914} INFO - Processing file /opt/airflow/dags/app.py for tasks to queue
[2024-12-13T01:18:53.629+0000] {logging_mixin.py:190} INFO - [2024-12-13T01:18:53.628+0000] {dagbag.py:588} INFO - Filling up the DagBag from /opt/airflow/dags/app.py
[2024-12-13T01:18:53.751+0000] {processor.py:925} INFO - DAG(s) 'fetch_and_store_amazon_books' retrieved from /opt/airflow/dags/app.py
[2024-12-13T01:18:53.785+0000] {logging_mixin.py:190} INFO - [2024-12-13T01:18:53.785+0000] {dag.py:3239} INFO - Sync 1 DAGs
[2024-12-13T01:18:54.037+0000] {logging_mixin.py:190} INFO - [2024-12-13T01:18:54.037+0000] {dag.py:4180} INFO - Setting next_dagrun for fetch_and_store_amazon_books to 2024-12-13 00:00:00+00:00, run_after=2024-12-14 00:00:00+00:00
[2024-12-13T01:18:54.055+0000] {processor.py:208} INFO - Processing /opt/airflow/dags/app.py took 0.436 seconds
[2024-12-13T01:19:26.435+0000] {processor.py:186} INFO - Started process (PID=70857) to work on /opt/airflow/dags/app.py
[2024-12-13T01:19:26.436+0000] {processor.py:914} INFO - Processing file /opt/airflow/dags/app.py for tasks to queue
[2024-12-13T01:19:26.438+0000] {logging_mixin.py:190} INFO - [2024-12-13T01:19:26.437+0000] {dagbag.py:588} INFO - Filling up the DagBag from /opt/airflow/dags/app.py
[2024-12-13T01:19:26.529+0000] {processor.py:925} INFO - DAG(s) 'fetch_and_store_amazon_books' retrieved from /opt/airflow/dags/app.py
[2024-12-13T01:19:26.548+0000] {logging_mixin.py:190} INFO - [2024-12-13T01:19:26.548+0000] {dag.py:3239} INFO - Sync 1 DAGs
[2024-12-13T01:19:26.746+0000] {logging_mixin.py:190} INFO - [2024-12-13T01:19:26.746+0000] {dag.py:4180} INFO - Setting next_dagrun for fetch_and_store_amazon_books to 2024-12-13 00:00:00+00:00, run_after=2024-12-14 00:00:00+00:00
[2024-12-13T01:19:26.763+0000] {processor.py:208} INFO - Processing /opt/airflow/dags/app.py took 0.333 seconds
[2024-12-13T01:19:59.528+0000] {processor.py:186} INFO - Started process (PID=70922) to work on /opt/airflow/dags/app.py
[2024-12-13T01:19:59.529+0000] {processor.py:914} INFO - Processing file /opt/airflow/dags/app.py for tasks to queue
[2024-12-13T01:19:59.531+0000] {logging_mixin.py:190} INFO - [2024-12-13T01:19:59.531+0000] {dagbag.py:588} INFO - Filling up the DagBag from /opt/airflow/dags/app.py
[2024-12-13T01:19:59.627+0000] {processor.py:925} INFO - DAG(s) 'fetch_and_store_amazon_books' retrieved from /opt/airflow/dags/app.py
[2024-12-13T01:19:59.648+0000] {logging_mixin.py:190} INFO - [2024-12-13T01:19:59.647+0000] {dag.py:3239} INFO - Sync 1 DAGs
[2024-12-13T01:19:59.818+0000] {logging_mixin.py:190} INFO - [2024-12-13T01:19:59.818+0000] {dag.py:4180} INFO - Setting next_dagrun for fetch_and_store_amazon_books to 2024-12-13 00:00:00+00:00, run_after=2024-12-14 00:00:00+00:00
[2024-12-13T01:19:59.832+0000] {processor.py:208} INFO - Processing /opt/airflow/dags/app.py took 0.309 seconds
[2024-12-13T01:20:33.140+0000] {processor.py:186} INFO - Started process (PID=70987) to work on /opt/airflow/dags/app.py
[2024-12-13T01:20:33.141+0000] {processor.py:914} INFO - Processing file /opt/airflow/dags/app.py for tasks to queue
[2024-12-13T01:20:33.143+0000] {logging_mixin.py:190} INFO - [2024-12-13T01:20:33.143+0000] {dagbag.py:588} INFO - Filling up the DagBag from /opt/airflow/dags/app.py
[2024-12-13T01:20:33.394+0000] {processor.py:925} INFO - DAG(s) 'fetch_and_store_amazon_books' retrieved from /opt/airflow/dags/app.py
[2024-12-13T01:20:33.409+0000] {logging_mixin.py:190} INFO - [2024-12-13T01:20:33.409+0000] {dag.py:3239} INFO - Sync 1 DAGs
[2024-12-13T01:20:33.429+0000] {logging_mixin.py:190} INFO - [2024-12-13T01:20:33.428+0000] {dag.py:4180} INFO - Setting next_dagrun for fetch_and_store_amazon_books to 2024-12-13 00:00:00+00:00, run_after=2024-12-14 00:00:00+00:00
[2024-12-13T01:20:33.443+0000] {processor.py:208} INFO - Processing /opt/airflow/dags/app.py took 0.308 seconds
[2024-12-13T01:21:06.742+0000] {processor.py:186} INFO - Started process (PID=71052) to work on /opt/airflow/dags/app.py
[2024-12-13T01:21:06.743+0000] {processor.py:914} INFO - Processing file /opt/airflow/dags/app.py for tasks to queue
[2024-12-13T01:21:06.746+0000] {logging_mixin.py:190} INFO - [2024-12-13T01:21:06.745+0000] {dagbag.py:588} INFO - Filling up the DagBag from /opt/airflow/dags/app.py
[2024-12-13T01:21:07.032+0000] {processor.py:925} INFO - DAG(s) 'fetch_and_store_amazon_books' retrieved from /opt/airflow/dags/app.py
[2024-12-13T01:21:07.051+0000] {logging_mixin.py:190} INFO - [2024-12-13T01:21:07.051+0000] {dag.py:3239} INFO - Sync 1 DAGs
[2024-12-13T01:21:07.070+0000] {logging_mixin.py:190} INFO - [2024-12-13T01:21:07.070+0000] {dag.py:4180} INFO - Setting next_dagrun for fetch_and_store_amazon_books to 2024-12-13 00:00:00+00:00, run_after=2024-12-14 00:00:00+00:00
[2024-12-13T01:21:07.090+0000] {processor.py:208} INFO - Processing /opt/airflow/dags/app.py took 0.354 seconds
[2024-12-13T01:21:39.811+0000] {processor.py:186} INFO - Started process (PID=71117) to work on /opt/airflow/dags/app.py
[2024-12-13T01:21:39.812+0000] {processor.py:914} INFO - Processing file /opt/airflow/dags/app.py for tasks to queue
[2024-12-13T01:21:39.814+0000] {logging_mixin.py:190} INFO - [2024-12-13T01:21:39.814+0000] {dagbag.py:588} INFO - Filling up the DagBag from /opt/airflow/dags/app.py
[2024-12-13T01:21:40.068+0000] {processor.py:925} INFO - DAG(s) 'fetch_and_store_amazon_books' retrieved from /opt/airflow/dags/app.py
[2024-12-13T01:21:40.084+0000] {logging_mixin.py:190} INFO - [2024-12-13T01:21:40.083+0000] {dag.py:3239} INFO - Sync 1 DAGs
[2024-12-13T01:21:40.100+0000] {logging_mixin.py:190} INFO - [2024-12-13T01:21:40.100+0000] {dag.py:4180} INFO - Setting next_dagrun for fetch_and_store_amazon_books to 2024-12-13 00:00:00+00:00, run_after=2024-12-14 00:00:00+00:00
[2024-12-13T01:21:40.116+0000] {processor.py:208} INFO - Processing /opt/airflow/dags/app.py took 0.310 seconds
[2024-12-13T01:22:12.817+0000] {processor.py:186} INFO - Started process (PID=71182) to work on /opt/airflow/dags/app.py
[2024-12-13T01:22:12.818+0000] {processor.py:914} INFO - Processing file /opt/airflow/dags/app.py for tasks to queue
[2024-12-13T01:22:12.820+0000] {logging_mixin.py:190} INFO - [2024-12-13T01:22:12.819+0000] {dagbag.py:588} INFO - Filling up the DagBag from /opt/airflow/dags/app.py
[2024-12-13T01:22:13.068+0000] {processor.py:925} INFO - DAG(s) 'fetch_and_store_amazon_books' retrieved from /opt/airflow/dags/app.py
[2024-12-13T01:22:13.089+0000] {logging_mixin.py:190} INFO - [2024-12-13T01:22:13.088+0000] {dag.py:3239} INFO - Sync 1 DAGs
[2024-12-13T01:22:13.117+0000] {logging_mixin.py:190} INFO - [2024-12-13T01:22:13.117+0000] {dag.py:4180} INFO - Setting next_dagrun for fetch_and_store_amazon_books to 2024-12-13 00:00:00+00:00, run_after=2024-12-14 00:00:00+00:00
[2024-12-13T01:22:13.134+0000] {processor.py:208} INFO - Processing /opt/airflow/dags/app.py took 0.321 seconds
[2024-12-13T01:22:46.057+0000] {processor.py:186} INFO - Started process (PID=71247) to work on /opt/airflow/dags/app.py
[2024-12-13T01:22:46.058+0000] {processor.py:914} INFO - Processing file /opt/airflow/dags/app.py for tasks to queue
[2024-12-13T01:22:46.060+0000] {logging_mixin.py:190} INFO - [2024-12-13T01:22:46.060+0000] {dagbag.py:588} INFO - Filling up the DagBag from /opt/airflow/dags/app.py
[2024-12-13T01:22:46.154+0000] {processor.py:925} INFO - DAG(s) 'fetch_and_store_amazon_books' retrieved from /opt/airflow/dags/app.py
[2024-12-13T01:22:46.173+0000] {logging_mixin.py:190} INFO - [2024-12-13T01:22:46.173+0000] {dag.py:3239} INFO - Sync 1 DAGs
[2024-12-13T01:22:46.194+0000] {logging_mixin.py:190} INFO - [2024-12-13T01:22:46.193+0000] {dag.py:4180} INFO - Setting next_dagrun for fetch_and_store_amazon_books to 2024-12-13 00:00:00+00:00, run_after=2024-12-14 00:00:00+00:00
[2024-12-13T01:22:46.211+0000] {processor.py:208} INFO - Processing /opt/airflow/dags/app.py took 0.158 seconds
[2024-12-13T01:23:19.638+0000] {processor.py:186} INFO - Started process (PID=71312) to work on /opt/airflow/dags/app.py
[2024-12-13T01:23:19.639+0000] {processor.py:914} INFO - Processing file /opt/airflow/dags/app.py for tasks to queue
[2024-12-13T01:23:19.641+0000] {logging_mixin.py:190} INFO - [2024-12-13T01:23:19.641+0000] {dagbag.py:588} INFO - Filling up the DagBag from /opt/airflow/dags/app.py
[2024-12-13T01:23:19.747+0000] {processor.py:925} INFO - DAG(s) 'fetch_and_store_amazon_books' retrieved from /opt/airflow/dags/app.py
[2024-12-13T01:23:19.929+0000] {logging_mixin.py:190} INFO - [2024-12-13T01:23:19.928+0000] {dag.py:3239} INFO - Sync 1 DAGs
[2024-12-13T01:23:19.949+0000] {logging_mixin.py:190} INFO - [2024-12-13T01:23:19.949+0000] {dag.py:4180} INFO - Setting next_dagrun for fetch_and_store_amazon_books to 2024-12-13 00:00:00+00:00, run_after=2024-12-14 00:00:00+00:00
[2024-12-13T01:23:19.965+0000] {processor.py:208} INFO - Processing /opt/airflow/dags/app.py took 0.332 seconds
[2024-12-13T01:23:53.154+0000] {processor.py:186} INFO - Started process (PID=71377) to work on /opt/airflow/dags/app.py
[2024-12-13T01:23:53.155+0000] {processor.py:914} INFO - Processing file /opt/airflow/dags/app.py for tasks to queue
[2024-12-13T01:23:53.157+0000] {logging_mixin.py:190} INFO - [2024-12-13T01:23:53.157+0000] {dagbag.py:588} INFO - Filling up the DagBag from /opt/airflow/dags/app.py
[2024-12-13T01:23:53.409+0000] {processor.py:925} INFO - DAG(s) 'fetch_and_store_amazon_books' retrieved from /opt/airflow/dags/app.py
[2024-12-13T01:23:53.424+0000] {logging_mixin.py:190} INFO - [2024-12-13T01:23:53.423+0000] {dag.py:3239} INFO - Sync 1 DAGs
[2024-12-13T01:23:53.441+0000] {logging_mixin.py:190} INFO - [2024-12-13T01:23:53.441+0000] {dag.py:4180} INFO - Setting next_dagrun for fetch_and_store_amazon_books to 2024-12-13 00:00:00+00:00, run_after=2024-12-14 00:00:00+00:00
[2024-12-13T01:23:53.457+0000] {processor.py:208} INFO - Processing /opt/airflow/dags/app.py took 0.307 seconds
[2024-12-13T01:24:26.595+0000] {processor.py:186} INFO - Started process (PID=71442) to work on /opt/airflow/dags/app.py
[2024-12-13T01:24:26.596+0000] {processor.py:914} INFO - Processing file /opt/airflow/dags/app.py for tasks to queue
[2024-12-13T01:24:26.598+0000] {logging_mixin.py:190} INFO - [2024-12-13T01:24:26.598+0000] {dagbag.py:588} INFO - Filling up the DagBag from /opt/airflow/dags/app.py
[2024-12-13T01:24:26.846+0000] {processor.py:925} INFO - DAG(s) 'fetch_and_store_amazon_books' retrieved from /opt/airflow/dags/app.py
[2024-12-13T01:24:26.867+0000] {logging_mixin.py:190} INFO - [2024-12-13T01:24:26.867+0000] {dag.py:3239} INFO - Sync 1 DAGs
[2024-12-13T01:24:26.893+0000] {logging_mixin.py:190} INFO - [2024-12-13T01:24:26.893+0000] {dag.py:4180} INFO - Setting next_dagrun for fetch_and_store_amazon_books to 2024-12-13 00:00:00+00:00, run_after=2024-12-14 00:00:00+00:00
[2024-12-13T01:24:26.908+0000] {processor.py:208} INFO - Processing /opt/airflow/dags/app.py took 0.318 seconds
[2024-12-13T01:25:00.022+0000] {processor.py:186} INFO - Started process (PID=71507) to work on /opt/airflow/dags/app.py
[2024-12-13T01:25:00.022+0000] {processor.py:914} INFO - Processing file /opt/airflow/dags/app.py for tasks to queue
[2024-12-13T01:25:00.025+0000] {logging_mixin.py:190} INFO - [2024-12-13T01:25:00.025+0000] {dagbag.py:588} INFO - Filling up the DagBag from /opt/airflow/dags/app.py
[2024-12-13T01:25:00.306+0000] {processor.py:925} INFO - DAG(s) 'fetch_and_store_amazon_books' retrieved from /opt/airflow/dags/app.py
[2024-12-13T01:25:00.322+0000] {logging_mixin.py:190} INFO - [2024-12-13T01:25:00.321+0000] {dag.py:3239} INFO - Sync 1 DAGs
[2024-12-13T01:25:00.340+0000] {logging_mixin.py:190} INFO - [2024-12-13T01:25:00.340+0000] {dag.py:4180} INFO - Setting next_dagrun for fetch_and_store_amazon_books to 2024-12-13 00:00:00+00:00, run_after=2024-12-14 00:00:00+00:00
[2024-12-13T01:25:00.354+0000] {processor.py:208} INFO - Processing /opt/airflow/dags/app.py took 0.337 seconds
[2024-12-13T01:25:31.297+0000] {processor.py:186} INFO - Started process (PID=71572) to work on /opt/airflow/dags/app.py
[2024-12-13T01:25:31.298+0000] {processor.py:914} INFO - Processing file /opt/airflow/dags/app.py for tasks to queue
[2024-12-13T01:25:31.300+0000] {logging_mixin.py:190} INFO - [2024-12-13T01:25:31.300+0000] {dagbag.py:588} INFO - Filling up the DagBag from /opt/airflow/dags/app.py
[2024-12-13T01:25:31.539+0000] {processor.py:925} INFO - DAG(s) 'fetch_and_store_amazon_books' retrieved from /opt/airflow/dags/app.py
[2024-12-13T01:25:31.555+0000] {logging_mixin.py:190} INFO - [2024-12-13T01:25:31.555+0000] {dag.py:3239} INFO - Sync 1 DAGs
[2024-12-13T01:25:31.573+0000] {logging_mixin.py:190} INFO - [2024-12-13T01:25:31.573+0000] {dag.py:4180} INFO - Setting next_dagrun for fetch_and_store_amazon_books to 2024-12-13 00:00:00+00:00, run_after=2024-12-14 00:00:00+00:00
[2024-12-13T01:25:31.588+0000] {processor.py:208} INFO - Processing /opt/airflow/dags/app.py took 0.295 seconds
[2024-12-13T01:26:02.332+0000] {processor.py:186} INFO - Started process (PID=71637) to work on /opt/airflow/dags/app.py
[2024-12-13T01:26:02.333+0000] {processor.py:914} INFO - Processing file /opt/airflow/dags/app.py for tasks to queue
[2024-12-13T01:26:02.336+0000] {logging_mixin.py:190} INFO - [2024-12-13T01:26:02.335+0000] {dagbag.py:588} INFO - Filling up the DagBag from /opt/airflow/dags/app.py
[2024-12-13T01:26:02.436+0000] {processor.py:925} INFO - DAG(s) 'fetch_and_store_amazon_books' retrieved from /opt/airflow/dags/app.py
[2024-12-13T01:26:02.456+0000] {logging_mixin.py:190} INFO - [2024-12-13T01:26:02.455+0000] {dag.py:3239} INFO - Sync 1 DAGs
[2024-12-13T01:26:02.477+0000] {logging_mixin.py:190} INFO - [2024-12-13T01:26:02.477+0000] {dag.py:4180} INFO - Setting next_dagrun for fetch_and_store_amazon_books to 2024-12-13 00:00:00+00:00, run_after=2024-12-14 00:00:00+00:00
[2024-12-13T01:26:02.493+0000] {processor.py:208} INFO - Processing /opt/airflow/dags/app.py took 0.165 seconds
[2024-12-13T01:26:33.238+0000] {processor.py:186} INFO - Started process (PID=71703) to work on /opt/airflow/dags/app.py
[2024-12-13T01:26:33.239+0000] {processor.py:914} INFO - Processing file /opt/airflow/dags/app.py for tasks to queue
[2024-12-13T01:26:33.241+0000] {logging_mixin.py:190} INFO - [2024-12-13T01:26:33.240+0000] {dagbag.py:588} INFO - Filling up the DagBag from /opt/airflow/dags/app.py
[2024-12-13T01:26:33.331+0000] {processor.py:925} INFO - DAG(s) 'fetch_and_store_amazon_books' retrieved from /opt/airflow/dags/app.py
[2024-12-13T01:26:33.347+0000] {logging_mixin.py:190} INFO - [2024-12-13T01:26:33.347+0000] {dag.py:3239} INFO - Sync 1 DAGs
[2024-12-13T01:26:33.366+0000] {logging_mixin.py:190} INFO - [2024-12-13T01:26:33.366+0000] {dag.py:4180} INFO - Setting next_dagrun for fetch_and_store_amazon_books to 2024-12-13 00:00:00+00:00, run_after=2024-12-14 00:00:00+00:00
[2024-12-13T01:26:33.382+0000] {processor.py:208} INFO - Processing /opt/airflow/dags/app.py took 0.150 seconds
[2024-12-13T01:27:04.199+0000] {processor.py:186} INFO - Started process (PID=71768) to work on /opt/airflow/dags/app.py
[2024-12-13T01:27:04.199+0000] {processor.py:914} INFO - Processing file /opt/airflow/dags/app.py for tasks to queue
[2024-12-13T01:27:04.201+0000] {logging_mixin.py:190} INFO - [2024-12-13T01:27:04.201+0000] {dagbag.py:588} INFO - Filling up the DagBag from /opt/airflow/dags/app.py
[2024-12-13T01:27:04.292+0000] {processor.py:925} INFO - DAG(s) 'fetch_and_store_amazon_books' retrieved from /opt/airflow/dags/app.py
[2024-12-13T01:27:04.310+0000] {logging_mixin.py:190} INFO - [2024-12-13T01:27:04.309+0000] {dag.py:3239} INFO - Sync 1 DAGs
[2024-12-13T01:27:04.328+0000] {logging_mixin.py:190} INFO - [2024-12-13T01:27:04.328+0000] {dag.py:4180} INFO - Setting next_dagrun for fetch_and_store_amazon_books to 2024-12-13 00:00:00+00:00, run_after=2024-12-14 00:00:00+00:00
[2024-12-13T01:27:04.344+0000] {processor.py:208} INFO - Processing /opt/airflow/dags/app.py took 0.150 seconds
[2024-12-13T01:27:35.230+0000] {processor.py:186} INFO - Started process (PID=71827) to work on /opt/airflow/dags/app.py
[2024-12-13T01:27:35.230+0000] {processor.py:914} INFO - Processing file /opt/airflow/dags/app.py for tasks to queue
[2024-12-13T01:27:35.232+0000] {logging_mixin.py:190} INFO - [2024-12-13T01:27:35.232+0000] {dagbag.py:588} INFO - Filling up the DagBag from /opt/airflow/dags/app.py
[2024-12-13T01:27:35.322+0000] {processor.py:925} INFO - DAG(s) 'fetch_and_store_amazon_books' retrieved from /opt/airflow/dags/app.py
[2024-12-13T01:27:35.339+0000] {logging_mixin.py:190} INFO - [2024-12-13T01:27:35.339+0000] {dag.py:3239} INFO - Sync 1 DAGs
[2024-12-13T01:27:35.359+0000] {logging_mixin.py:190} INFO - [2024-12-13T01:27:35.358+0000] {dag.py:4180} INFO - Setting next_dagrun for fetch_and_store_amazon_books to 2024-12-13 00:00:00+00:00, run_after=2024-12-14 00:00:00+00:00
[2024-12-13T01:27:35.373+0000] {processor.py:208} INFO - Processing /opt/airflow/dags/app.py took 0.148 seconds
[2024-12-13T01:28:06.276+0000] {processor.py:186} INFO - Started process (PID=71893) to work on /opt/airflow/dags/app.py
[2024-12-13T01:28:06.277+0000] {processor.py:914} INFO - Processing file /opt/airflow/dags/app.py for tasks to queue
[2024-12-13T01:28:06.279+0000] {logging_mixin.py:190} INFO - [2024-12-13T01:28:06.278+0000] {dagbag.py:588} INFO - Filling up the DagBag from /opt/airflow/dags/app.py
[2024-12-13T01:28:06.368+0000] {processor.py:925} INFO - DAG(s) 'fetch_and_store_amazon_books' retrieved from /opt/airflow/dags/app.py
[2024-12-13T01:28:06.385+0000] {logging_mixin.py:190} INFO - [2024-12-13T01:28:06.385+0000] {dag.py:3239} INFO - Sync 1 DAGs
[2024-12-13T01:28:06.406+0000] {logging_mixin.py:190} INFO - [2024-12-13T01:28:06.405+0000] {dag.py:4180} INFO - Setting next_dagrun for fetch_and_store_amazon_books to 2024-12-13 00:00:00+00:00, run_after=2024-12-14 00:00:00+00:00
[2024-12-13T01:28:06.421+0000] {processor.py:208} INFO - Processing /opt/airflow/dags/app.py took 0.150 seconds
[2024-12-13T01:28:37.044+0000] {processor.py:186} INFO - Started process (PID=71958) to work on /opt/airflow/dags/app.py
[2024-12-13T01:28:37.045+0000] {processor.py:914} INFO - Processing file /opt/airflow/dags/app.py for tasks to queue
[2024-12-13T01:28:37.047+0000] {logging_mixin.py:190} INFO - [2024-12-13T01:28:37.046+0000] {dagbag.py:588} INFO - Filling up the DagBag from /opt/airflow/dags/app.py
[2024-12-13T01:28:37.144+0000] {processor.py:925} INFO - DAG(s) 'fetch_and_store_amazon_books' retrieved from /opt/airflow/dags/app.py
[2024-12-13T01:28:37.162+0000] {logging_mixin.py:190} INFO - [2024-12-13T01:28:37.161+0000] {dag.py:3239} INFO - Sync 1 DAGs
[2024-12-13T01:28:37.182+0000] {logging_mixin.py:190} INFO - [2024-12-13T01:28:37.181+0000] {dag.py:4180} INFO - Setting next_dagrun for fetch_and_store_amazon_books to 2024-12-13 00:00:00+00:00, run_after=2024-12-14 00:00:00+00:00
[2024-12-13T01:28:37.199+0000] {processor.py:208} INFO - Processing /opt/airflow/dags/app.py took 0.159 seconds
[2024-12-13T01:29:07.929+0000] {processor.py:186} INFO - Started process (PID=72024) to work on /opt/airflow/dags/app.py
[2024-12-13T01:29:07.929+0000] {processor.py:914} INFO - Processing file /opt/airflow/dags/app.py for tasks to queue
[2024-12-13T01:29:07.931+0000] {logging_mixin.py:190} INFO - [2024-12-13T01:29:07.931+0000] {dagbag.py:588} INFO - Filling up the DagBag from /opt/airflow/dags/app.py
[2024-12-13T01:29:08.024+0000] {processor.py:925} INFO - DAG(s) 'fetch_and_store_amazon_books' retrieved from /opt/airflow/dags/app.py
[2024-12-13T01:29:08.044+0000] {logging_mixin.py:190} INFO - [2024-12-13T01:29:08.044+0000] {dag.py:3239} INFO - Sync 1 DAGs
[2024-12-13T01:29:08.068+0000] {logging_mixin.py:190} INFO - [2024-12-13T01:29:08.068+0000] {dag.py:4180} INFO - Setting next_dagrun for fetch_and_store_amazon_books to 2024-12-13 00:00:00+00:00, run_after=2024-12-14 00:00:00+00:00
[2024-12-13T01:29:08.091+0000] {processor.py:208} INFO - Processing /opt/airflow/dags/app.py took 0.167 seconds
[2024-12-13T01:29:38.665+0000] {processor.py:186} INFO - Started process (PID=72089) to work on /opt/airflow/dags/app.py
[2024-12-13T01:29:38.665+0000] {processor.py:914} INFO - Processing file /opt/airflow/dags/app.py for tasks to queue
[2024-12-13T01:29:38.668+0000] {logging_mixin.py:190} INFO - [2024-12-13T01:29:38.667+0000] {dagbag.py:588} INFO - Filling up the DagBag from /opt/airflow/dags/app.py
[2024-12-13T01:29:38.756+0000] {processor.py:925} INFO - DAG(s) 'fetch_and_store_amazon_books' retrieved from /opt/airflow/dags/app.py
[2024-12-13T01:29:38.774+0000] {logging_mixin.py:190} INFO - [2024-12-13T01:29:38.774+0000] {dag.py:3239} INFO - Sync 1 DAGs
[2024-12-13T01:29:38.807+0000] {logging_mixin.py:190} INFO - [2024-12-13T01:29:38.807+0000] {dag.py:4180} INFO - Setting next_dagrun for fetch_and_store_amazon_books to 2024-12-13 00:00:00+00:00, run_after=2024-12-14 00:00:00+00:00
[2024-12-13T01:29:38.824+0000] {processor.py:208} INFO - Processing /opt/airflow/dags/app.py took 0.164 seconds
[2024-12-13T01:30:09.554+0000] {processor.py:186} INFO - Started process (PID=72154) to work on /opt/airflow/dags/app.py
[2024-12-13T01:30:09.555+0000] {processor.py:914} INFO - Processing file /opt/airflow/dags/app.py for tasks to queue
[2024-12-13T01:30:09.557+0000] {logging_mixin.py:190} INFO - [2024-12-13T01:30:09.556+0000] {dagbag.py:588} INFO - Filling up the DagBag from /opt/airflow/dags/app.py
[2024-12-13T01:30:09.647+0000] {processor.py:925} INFO - DAG(s) 'fetch_and_store_amazon_books' retrieved from /opt/airflow/dags/app.py
[2024-12-13T01:30:09.664+0000] {logging_mixin.py:190} INFO - [2024-12-13T01:30:09.664+0000] {dag.py:3239} INFO - Sync 1 DAGs
[2024-12-13T01:30:09.684+0000] {logging_mixin.py:190} INFO - [2024-12-13T01:30:09.684+0000] {dag.py:4180} INFO - Setting next_dagrun for fetch_and_store_amazon_books to 2024-12-13 00:00:00+00:00, run_after=2024-12-14 00:00:00+00:00
[2024-12-13T01:30:09.700+0000] {processor.py:208} INFO - Processing /opt/airflow/dags/app.py took 0.151 seconds
[2024-12-13T01:30:40.586+0000] {processor.py:186} INFO - Started process (PID=72219) to work on /opt/airflow/dags/app.py
[2024-12-13T01:30:40.587+0000] {processor.py:914} INFO - Processing file /opt/airflow/dags/app.py for tasks to queue
[2024-12-13T01:30:40.588+0000] {logging_mixin.py:190} INFO - [2024-12-13T01:30:40.588+0000] {dagbag.py:588} INFO - Filling up the DagBag from /opt/airflow/dags/app.py
[2024-12-13T01:30:40.677+0000] {processor.py:925} INFO - DAG(s) 'fetch_and_store_amazon_books' retrieved from /opt/airflow/dags/app.py
[2024-12-13T01:30:40.695+0000] {logging_mixin.py:190} INFO - [2024-12-13T01:30:40.694+0000] {dag.py:3239} INFO - Sync 1 DAGs
[2024-12-13T01:30:40.715+0000] {logging_mixin.py:190} INFO - [2024-12-13T01:30:40.715+0000] {dag.py:4180} INFO - Setting next_dagrun for fetch_and_store_amazon_books to 2024-12-13 00:00:00+00:00, run_after=2024-12-14 00:00:00+00:00
[2024-12-13T01:30:40.732+0000] {processor.py:208} INFO - Processing /opt/airflow/dags/app.py took 0.152 seconds
[2024-12-13T01:31:11.666+0000] {processor.py:186} INFO - Started process (PID=72284) to work on /opt/airflow/dags/app.py
[2024-12-13T01:31:11.667+0000] {processor.py:914} INFO - Processing file /opt/airflow/dags/app.py for tasks to queue
[2024-12-13T01:31:11.669+0000] {logging_mixin.py:190} INFO - [2024-12-13T01:31:11.669+0000] {dagbag.py:588} INFO - Filling up the DagBag from /opt/airflow/dags/app.py
[2024-12-13T01:31:11.766+0000] {processor.py:925} INFO - DAG(s) 'fetch_and_store_amazon_books' retrieved from /opt/airflow/dags/app.py
[2024-12-13T01:31:11.784+0000] {logging_mixin.py:190} INFO - [2024-12-13T01:31:11.784+0000] {dag.py:3239} INFO - Sync 1 DAGs
[2024-12-13T01:31:11.805+0000] {logging_mixin.py:190} INFO - [2024-12-13T01:31:11.805+0000] {dag.py:4180} INFO - Setting next_dagrun for fetch_and_store_amazon_books to 2024-12-13 00:00:00+00:00, run_after=2024-12-14 00:00:00+00:00
[2024-12-13T01:31:11.825+0000] {processor.py:208} INFO - Processing /opt/airflow/dags/app.py took 0.166 seconds
[2024-12-13T01:31:42.729+0000] {processor.py:186} INFO - Started process (PID=72350) to work on /opt/airflow/dags/app.py
[2024-12-13T01:31:42.730+0000] {processor.py:914} INFO - Processing file /opt/airflow/dags/app.py for tasks to queue
[2024-12-13T01:31:42.732+0000] {logging_mixin.py:190} INFO - [2024-12-13T01:31:42.732+0000] {dagbag.py:588} INFO - Filling up the DagBag from /opt/airflow/dags/app.py
[2024-12-13T01:31:42.826+0000] {processor.py:925} INFO - DAG(s) 'fetch_and_store_amazon_books' retrieved from /opt/airflow/dags/app.py
[2024-12-13T01:31:42.847+0000] {logging_mixin.py:190} INFO - [2024-12-13T01:31:42.847+0000] {dag.py:3239} INFO - Sync 1 DAGs
[2024-12-13T01:31:42.869+0000] {logging_mixin.py:190} INFO - [2024-12-13T01:31:42.868+0000] {dag.py:4180} INFO - Setting next_dagrun for fetch_and_store_amazon_books to 2024-12-13 00:00:00+00:00, run_after=2024-12-14 00:00:00+00:00
[2024-12-13T01:31:42.886+0000] {processor.py:208} INFO - Processing /opt/airflow/dags/app.py took 0.162 seconds
[2024-12-13T01:32:15.596+0000] {processor.py:186} INFO - Started process (PID=72415) to work on /opt/airflow/dags/app.py
[2024-12-13T01:32:15.597+0000] {processor.py:914} INFO - Processing file /opt/airflow/dags/app.py for tasks to queue
[2024-12-13T01:32:15.600+0000] {logging_mixin.py:190} INFO - [2024-12-13T01:32:15.599+0000] {dagbag.py:588} INFO - Filling up the DagBag from /opt/airflow/dags/app.py
[2024-12-13T01:32:15.698+0000] {processor.py:925} INFO - DAG(s) 'fetch_and_store_amazon_books' retrieved from /opt/airflow/dags/app.py
[2024-12-13T01:32:15.717+0000] {logging_mixin.py:190} INFO - [2024-12-13T01:32:15.716+0000] {dag.py:3239} INFO - Sync 1 DAGs
[2024-12-13T01:32:15.738+0000] {logging_mixin.py:190} INFO - [2024-12-13T01:32:15.737+0000] {dag.py:4180} INFO - Setting next_dagrun for fetch_and_store_amazon_books to 2024-12-13 00:00:00+00:00, run_after=2024-12-14 00:00:00+00:00
[2024-12-13T01:32:15.756+0000] {processor.py:208} INFO - Processing /opt/airflow/dags/app.py took 0.164 seconds
[2024-12-13T01:32:46.844+0000] {processor.py:186} INFO - Started process (PID=72442) to work on /opt/airflow/dags/app.py
[2024-12-13T01:32:46.845+0000] {processor.py:914} INFO - Processing file /opt/airflow/dags/app.py for tasks to queue
[2024-12-13T01:32:46.847+0000] {logging_mixin.py:190} INFO - [2024-12-13T01:32:46.847+0000] {dagbag.py:588} INFO - Filling up the DagBag from /opt/airflow/dags/app.py
[2024-12-13T01:32:46.945+0000] {processor.py:925} INFO - DAG(s) 'fetch_and_store_amazon_books' retrieved from /opt/airflow/dags/app.py
[2024-12-13T01:32:46.965+0000] {logging_mixin.py:190} INFO - [2024-12-13T01:32:46.964+0000] {dag.py:3239} INFO - Sync 1 DAGs
[2024-12-13T01:32:46.990+0000] {logging_mixin.py:190} INFO - [2024-12-13T01:32:46.990+0000] {dag.py:4180} INFO - Setting next_dagrun for fetch_and_store_amazon_books to 2024-12-13 00:00:00+00:00, run_after=2024-12-14 00:00:00+00:00
[2024-12-13T01:32:47.008+0000] {processor.py:208} INFO - Processing /opt/airflow/dags/app.py took 0.170 seconds
[2024-12-13T01:33:19.447+0000] {processor.py:186} INFO - Started process (PID=72507) to work on /opt/airflow/dags/app.py
[2024-12-13T01:33:19.448+0000] {processor.py:914} INFO - Processing file /opt/airflow/dags/app.py for tasks to queue
[2024-12-13T01:33:19.451+0000] {logging_mixin.py:190} INFO - [2024-12-13T01:33:19.450+0000] {dagbag.py:588} INFO - Filling up the DagBag from /opt/airflow/dags/app.py
[2024-12-13T01:33:19.580+0000] {processor.py:925} INFO - DAG(s) 'fetch_and_store_amazon_books' retrieved from /opt/airflow/dags/app.py
[2024-12-13T01:33:19.601+0000] {logging_mixin.py:190} INFO - [2024-12-13T01:33:19.600+0000] {dag.py:3239} INFO - Sync 1 DAGs
[2024-12-13T01:33:19.629+0000] {logging_mixin.py:190} INFO - [2024-12-13T01:33:19.628+0000] {dag.py:4180} INFO - Setting next_dagrun for fetch_and_store_amazon_books to 2024-12-13 00:00:00+00:00, run_after=2024-12-14 00:00:00+00:00
[2024-12-13T01:33:19.652+0000] {processor.py:208} INFO - Processing /opt/airflow/dags/app.py took 0.212 seconds
[2024-12-13T01:33:53.494+0000] {processor.py:186} INFO - Started process (PID=72572) to work on /opt/airflow/dags/app.py
[2024-12-13T01:33:53.495+0000] {processor.py:914} INFO - Processing file /opt/airflow/dags/app.py for tasks to queue
[2024-12-13T01:33:53.497+0000] {logging_mixin.py:190} INFO - [2024-12-13T01:33:53.497+0000] {dagbag.py:588} INFO - Filling up the DagBag from /opt/airflow/dags/app.py
[2024-12-13T01:33:53.586+0000] {processor.py:925} INFO - DAG(s) 'fetch_and_store_amazon_books' retrieved from /opt/airflow/dags/app.py
[2024-12-13T01:33:53.603+0000] {logging_mixin.py:190} INFO - [2024-12-13T01:33:53.603+0000] {dag.py:3239} INFO - Sync 1 DAGs
[2024-12-13T01:33:53.622+0000] {logging_mixin.py:190} INFO - [2024-12-13T01:33:53.622+0000] {dag.py:4180} INFO - Setting next_dagrun for fetch_and_store_amazon_books to 2024-12-13 00:00:00+00:00, run_after=2024-12-14 00:00:00+00:00
[2024-12-13T01:33:53.639+0000] {processor.py:208} INFO - Processing /opt/airflow/dags/app.py took 0.149 seconds
[2024-12-13T01:34:26.199+0000] {processor.py:186} INFO - Started process (PID=72637) to work on /opt/airflow/dags/app.py
[2024-12-13T01:34:26.200+0000] {processor.py:914} INFO - Processing file /opt/airflow/dags/app.py for tasks to queue
[2024-12-13T01:34:26.202+0000] {logging_mixin.py:190} INFO - [2024-12-13T01:34:26.202+0000] {dagbag.py:588} INFO - Filling up the DagBag from /opt/airflow/dags/app.py
[2024-12-13T01:34:26.295+0000] {processor.py:925} INFO - DAG(s) 'fetch_and_store_amazon_books' retrieved from /opt/airflow/dags/app.py
[2024-12-13T01:34:26.313+0000] {logging_mixin.py:190} INFO - [2024-12-13T01:34:26.313+0000] {dag.py:3239} INFO - Sync 1 DAGs
[2024-12-13T01:34:26.332+0000] {logging_mixin.py:190} INFO - [2024-12-13T01:34:26.332+0000] {dag.py:4180} INFO - Setting next_dagrun for fetch_and_store_amazon_books to 2024-12-13 00:00:00+00:00, run_after=2024-12-14 00:00:00+00:00
[2024-12-13T01:34:26.348+0000] {processor.py:208} INFO - Processing /opt/airflow/dags/app.py took 0.154 seconds
[2024-12-13T01:35:00.288+0000] {processor.py:186} INFO - Started process (PID=72702) to work on /opt/airflow/dags/app.py
[2024-12-13T01:35:00.289+0000] {processor.py:914} INFO - Processing file /opt/airflow/dags/app.py for tasks to queue
[2024-12-13T01:35:00.291+0000] {logging_mixin.py:190} INFO - [2024-12-13T01:35:00.290+0000] {dagbag.py:588} INFO - Filling up the DagBag from /opt/airflow/dags/app.py
[2024-12-13T01:35:00.394+0000] {processor.py:925} INFO - DAG(s) 'fetch_and_store_amazon_books' retrieved from /opt/airflow/dags/app.py
[2024-12-13T01:35:00.414+0000] {logging_mixin.py:190} INFO - [2024-12-13T01:35:00.413+0000] {dag.py:3239} INFO - Sync 1 DAGs
[2024-12-13T01:35:00.436+0000] {logging_mixin.py:190} INFO - [2024-12-13T01:35:00.436+0000] {dag.py:4180} INFO - Setting next_dagrun for fetch_and_store_amazon_books to 2024-12-13 00:00:00+00:00, run_after=2024-12-14 00:00:00+00:00
[2024-12-13T01:35:00.455+0000] {processor.py:208} INFO - Processing /opt/airflow/dags/app.py took 0.173 seconds
[2024-12-13T01:35:33.488+0000] {processor.py:186} INFO - Started process (PID=72767) to work on /opt/airflow/dags/app.py
[2024-12-13T01:35:33.489+0000] {processor.py:914} INFO - Processing file /opt/airflow/dags/app.py for tasks to queue
[2024-12-13T01:35:33.491+0000] {logging_mixin.py:190} INFO - [2024-12-13T01:35:33.491+0000] {dagbag.py:588} INFO - Filling up the DagBag from /opt/airflow/dags/app.py
[2024-12-13T01:35:33.585+0000] {processor.py:925} INFO - DAG(s) 'fetch_and_store_amazon_books' retrieved from /opt/airflow/dags/app.py
[2024-12-13T01:35:33.602+0000] {logging_mixin.py:190} INFO - [2024-12-13T01:35:33.602+0000] {dag.py:3239} INFO - Sync 1 DAGs
[2024-12-13T01:35:33.621+0000] {logging_mixin.py:190} INFO - [2024-12-13T01:35:33.621+0000] {dag.py:4180} INFO - Setting next_dagrun for fetch_and_store_amazon_books to 2024-12-13 00:00:00+00:00, run_after=2024-12-14 00:00:00+00:00
[2024-12-13T01:35:33.637+0000] {processor.py:208} INFO - Processing /opt/airflow/dags/app.py took 0.153 seconds
[2024-12-13T01:36:06.036+0000] {processor.py:186} INFO - Started process (PID=72832) to work on /opt/airflow/dags/app.py
[2024-12-13T01:36:06.037+0000] {processor.py:914} INFO - Processing file /opt/airflow/dags/app.py for tasks to queue
[2024-12-13T01:36:06.039+0000] {logging_mixin.py:190} INFO - [2024-12-13T01:36:06.039+0000] {dagbag.py:588} INFO - Filling up the DagBag from /opt/airflow/dags/app.py
[2024-12-13T01:36:06.129+0000] {processor.py:925} INFO - DAG(s) 'fetch_and_store_amazon_books' retrieved from /opt/airflow/dags/app.py
[2024-12-13T01:36:06.148+0000] {logging_mixin.py:190} INFO - [2024-12-13T01:36:06.147+0000] {dag.py:3239} INFO - Sync 1 DAGs
[2024-12-13T01:36:06.169+0000] {logging_mixin.py:190} INFO - [2024-12-13T01:36:06.168+0000] {dag.py:4180} INFO - Setting next_dagrun for fetch_and_store_amazon_books to 2024-12-13 00:00:00+00:00, run_after=2024-12-14 00:00:00+00:00
[2024-12-13T01:36:06.184+0000] {processor.py:208} INFO - Processing /opt/airflow/dags/app.py took 0.155 seconds
[2024-12-13T01:36:39.803+0000] {processor.py:186} INFO - Started process (PID=72897) to work on /opt/airflow/dags/app.py
[2024-12-13T01:36:39.804+0000] {processor.py:914} INFO - Processing file /opt/airflow/dags/app.py for tasks to queue
[2024-12-13T01:36:39.806+0000] {logging_mixin.py:190} INFO - [2024-12-13T01:36:39.806+0000] {dagbag.py:588} INFO - Filling up the DagBag from /opt/airflow/dags/app.py
[2024-12-13T01:36:39.912+0000] {processor.py:925} INFO - DAG(s) 'fetch_and_store_amazon_books' retrieved from /opt/airflow/dags/app.py
[2024-12-13T01:36:39.932+0000] {logging_mixin.py:190} INFO - [2024-12-13T01:36:39.931+0000] {dag.py:3239} INFO - Sync 1 DAGs
[2024-12-13T01:36:39.952+0000] {logging_mixin.py:190} INFO - [2024-12-13T01:36:39.952+0000] {dag.py:4180} INFO - Setting next_dagrun for fetch_and_store_amazon_books to 2024-12-13 00:00:00+00:00, run_after=2024-12-14 00:00:00+00:00
[2024-12-13T01:36:39.972+0000] {processor.py:208} INFO - Processing /opt/airflow/dags/app.py took 0.177 seconds
