[2024-12-13T00:54:46.646+0000] {processor.py:186} INFO - Started process (PID=67925) to work on /opt/airflow/dags/dag2.py
[2024-12-13T00:54:46.649+0000] {processor.py:914} INFO - Processing file /opt/airflow/dags/dag2.py for tasks to queue
[2024-12-13T00:54:46.656+0000] {logging_mixin.py:190} INFO - [2024-12-13T00:54:46.656+0000] {dagbag.py:588} INFO - Filling up the DagBag from /opt/airflow/dags/dag2.py
[2024-12-13T00:54:46.822+0000] {processor.py:925} INFO - DAG(s) 'fetch_and_store_google_books' retrieved from /opt/airflow/dags/dag2.py
[2024-12-13T00:54:46.848+0000] {logging_mixin.py:190} INFO - [2024-12-13T00:54:46.848+0000] {dag.py:3239} INFO - Sync 1 DAGs
[2024-12-13T00:54:46.876+0000] {logging_mixin.py:190} INFO - [2024-12-13T00:54:46.876+0000] {dag.py:4180} INFO - Setting next_dagrun for fetch_and_store_google_books to 2024-12-13 00:00:00+00:00, run_after=2024-12-14 00:00:00+00:00
[2024-12-13T00:54:46.901+0000] {processor.py:208} INFO - Processing /opt/airflow/dags/dag2.py took 0.268 seconds
[2024-12-13T00:55:17.639+0000] {processor.py:186} INFO - Started process (PID=67994) to work on /opt/airflow/dags/dag2.py
[2024-12-13T00:55:17.640+0000] {processor.py:914} INFO - Processing file /opt/airflow/dags/dag2.py for tasks to queue
[2024-12-13T00:55:17.642+0000] {logging_mixin.py:190} INFO - [2024-12-13T00:55:17.642+0000] {dagbag.py:588} INFO - Filling up the DagBag from /opt/airflow/dags/dag2.py
[2024-12-13T00:55:17.742+0000] {processor.py:925} INFO - DAG(s) 'fetch_and_store_google_books' retrieved from /opt/airflow/dags/dag2.py
[2024-12-13T00:55:17.761+0000] {logging_mixin.py:190} INFO - [2024-12-13T00:55:17.760+0000] {dag.py:3239} INFO - Sync 1 DAGs
[2024-12-13T00:55:17.780+0000] {logging_mixin.py:190} INFO - [2024-12-13T00:55:17.780+0000] {dag.py:4180} INFO - Setting next_dagrun for fetch_and_store_google_books to 2024-12-13 00:00:00+00:00, run_after=2024-12-14 00:00:00+00:00
[2024-12-13T00:55:17.796+0000] {processor.py:208} INFO - Processing /opt/airflow/dags/dag2.py took 0.163 seconds
[2024-12-13T00:55:48.334+0000] {processor.py:186} INFO - Started process (PID=68060) to work on /opt/airflow/dags/dag2.py
[2024-12-13T00:55:48.335+0000] {processor.py:914} INFO - Processing file /opt/airflow/dags/dag2.py for tasks to queue
[2024-12-13T00:55:48.337+0000] {logging_mixin.py:190} INFO - [2024-12-13T00:55:48.337+0000] {dagbag.py:588} INFO - Filling up the DagBag from /opt/airflow/dags/dag2.py
[2024-12-13T00:55:48.427+0000] {processor.py:925} INFO - DAG(s) 'fetch_and_store_google_books' retrieved from /opt/airflow/dags/dag2.py
[2024-12-13T00:55:48.446+0000] {logging_mixin.py:190} INFO - [2024-12-13T00:55:48.445+0000] {dag.py:3239} INFO - Sync 1 DAGs
[2024-12-13T00:55:48.464+0000] {logging_mixin.py:190} INFO - [2024-12-13T00:55:48.464+0000] {dag.py:4180} INFO - Setting next_dagrun for fetch_and_store_google_books to 2024-12-13 00:00:00+00:00, run_after=2024-12-14 00:00:00+00:00
[2024-12-13T00:55:48.479+0000] {processor.py:208} INFO - Processing /opt/airflow/dags/dag2.py took 0.150 seconds
[2024-12-13T00:56:19.013+0000] {processor.py:186} INFO - Started process (PID=68125) to work on /opt/airflow/dags/dag2.py
[2024-12-13T00:56:19.014+0000] {processor.py:914} INFO - Processing file /opt/airflow/dags/dag2.py for tasks to queue
[2024-12-13T00:56:19.016+0000] {logging_mixin.py:190} INFO - [2024-12-13T00:56:19.016+0000] {dagbag.py:588} INFO - Filling up the DagBag from /opt/airflow/dags/dag2.py
[2024-12-13T00:56:19.127+0000] {processor.py:925} INFO - DAG(s) 'fetch_and_store_google_books' retrieved from /opt/airflow/dags/dag2.py
[2024-12-13T00:56:19.146+0000] {logging_mixin.py:190} INFO - [2024-12-13T00:56:19.145+0000] {dag.py:3239} INFO - Sync 1 DAGs
[2024-12-13T00:56:19.165+0000] {logging_mixin.py:190} INFO - [2024-12-13T00:56:19.164+0000] {dag.py:4180} INFO - Setting next_dagrun for fetch_and_store_google_books to 2024-12-13 00:00:00+00:00, run_after=2024-12-14 00:00:00+00:00
[2024-12-13T00:56:19.180+0000] {processor.py:208} INFO - Processing /opt/airflow/dags/dag2.py took 0.172 seconds
[2024-12-13T00:56:49.594+0000] {processor.py:186} INFO - Started process (PID=68190) to work on /opt/airflow/dags/dag2.py
[2024-12-13T00:56:49.595+0000] {processor.py:914} INFO - Processing file /opt/airflow/dags/dag2.py for tasks to queue
[2024-12-13T00:56:49.597+0000] {logging_mixin.py:190} INFO - [2024-12-13T00:56:49.596+0000] {dagbag.py:588} INFO - Filling up the DagBag from /opt/airflow/dags/dag2.py
[2024-12-13T00:56:49.686+0000] {processor.py:925} INFO - DAG(s) 'fetch_and_store_google_books' retrieved from /opt/airflow/dags/dag2.py
[2024-12-13T00:56:49.705+0000] {logging_mixin.py:190} INFO - [2024-12-13T00:56:49.704+0000] {dag.py:3239} INFO - Sync 1 DAGs
[2024-12-13T00:56:49.724+0000] {logging_mixin.py:190} INFO - [2024-12-13T00:56:49.724+0000] {dag.py:4180} INFO - Setting next_dagrun for fetch_and_store_google_books to 2024-12-13 00:00:00+00:00, run_after=2024-12-14 00:00:00+00:00
[2024-12-13T00:56:49.742+0000] {processor.py:208} INFO - Processing /opt/airflow/dags/dag2.py took 0.152 seconds
[2024-12-13T00:57:20.737+0000] {processor.py:186} INFO - Started process (PID=68255) to work on /opt/airflow/dags/dag2.py
[2024-12-13T00:57:20.738+0000] {processor.py:914} INFO - Processing file /opt/airflow/dags/dag2.py for tasks to queue
[2024-12-13T00:57:20.740+0000] {logging_mixin.py:190} INFO - [2024-12-13T00:57:20.740+0000] {dagbag.py:588} INFO - Filling up the DagBag from /opt/airflow/dags/dag2.py
[2024-12-13T00:57:20.831+0000] {processor.py:925} INFO - DAG(s) 'fetch_and_store_google_books' retrieved from /opt/airflow/dags/dag2.py
[2024-12-13T00:57:20.849+0000] {logging_mixin.py:190} INFO - [2024-12-13T00:57:20.849+0000] {dag.py:3239} INFO - Sync 1 DAGs
[2024-12-13T00:57:20.867+0000] {logging_mixin.py:190} INFO - [2024-12-13T00:57:20.867+0000] {dag.py:4180} INFO - Setting next_dagrun for fetch_and_store_google_books to 2024-12-13 00:00:00+00:00, run_after=2024-12-14 00:00:00+00:00
[2024-12-13T00:57:20.884+0000] {processor.py:208} INFO - Processing /opt/airflow/dags/dag2.py took 0.151 seconds
[2024-12-13T00:57:51.889+0000] {processor.py:186} INFO - Started process (PID=68320) to work on /opt/airflow/dags/dag2.py
[2024-12-13T00:57:51.889+0000] {processor.py:914} INFO - Processing file /opt/airflow/dags/dag2.py for tasks to queue
[2024-12-13T00:57:51.892+0000] {logging_mixin.py:190} INFO - [2024-12-13T00:57:51.891+0000] {dagbag.py:588} INFO - Filling up the DagBag from /opt/airflow/dags/dag2.py
[2024-12-13T00:57:51.983+0000] {processor.py:925} INFO - DAG(s) 'fetch_and_store_google_books' retrieved from /opt/airflow/dags/dag2.py
[2024-12-13T00:57:52.001+0000] {logging_mixin.py:190} INFO - [2024-12-13T00:57:52.000+0000] {dag.py:3239} INFO - Sync 1 DAGs
[2024-12-13T00:57:52.020+0000] {logging_mixin.py:190} INFO - [2024-12-13T00:57:52.020+0000] {dag.py:4180} INFO - Setting next_dagrun for fetch_and_store_google_books to 2024-12-13 00:00:00+00:00, run_after=2024-12-14 00:00:00+00:00
[2024-12-13T00:57:52.036+0000] {processor.py:208} INFO - Processing /opt/airflow/dags/dag2.py took 0.153 seconds
[2024-12-13T00:58:22.896+0000] {processor.py:186} INFO - Started process (PID=68385) to work on /opt/airflow/dags/dag2.py
[2024-12-13T00:58:22.897+0000] {processor.py:914} INFO - Processing file /opt/airflow/dags/dag2.py for tasks to queue
[2024-12-13T00:58:22.899+0000] {logging_mixin.py:190} INFO - [2024-12-13T00:58:22.899+0000] {dagbag.py:588} INFO - Filling up the DagBag from /opt/airflow/dags/dag2.py
[2024-12-13T00:58:22.990+0000] {processor.py:925} INFO - DAG(s) 'fetch_and_store_google_books' retrieved from /opt/airflow/dags/dag2.py
[2024-12-13T00:58:23.009+0000] {logging_mixin.py:190} INFO - [2024-12-13T00:58:23.008+0000] {dag.py:3239} INFO - Sync 1 DAGs
[2024-12-13T00:58:23.030+0000] {logging_mixin.py:190} INFO - [2024-12-13T00:58:23.029+0000] {dag.py:4180} INFO - Setting next_dagrun for fetch_and_store_google_books to 2024-12-13 00:00:00+00:00, run_after=2024-12-14 00:00:00+00:00
[2024-12-13T00:58:23.047+0000] {processor.py:208} INFO - Processing /opt/airflow/dags/dag2.py took 0.156 seconds
[2024-12-13T00:58:54.514+0000] {processor.py:186} INFO - Started process (PID=68450) to work on /opt/airflow/dags/dag2.py
[2024-12-13T00:58:54.515+0000] {processor.py:914} INFO - Processing file /opt/airflow/dags/dag2.py for tasks to queue
[2024-12-13T00:58:54.518+0000] {logging_mixin.py:190} INFO - [2024-12-13T00:58:54.517+0000] {dagbag.py:588} INFO - Filling up the DagBag from /opt/airflow/dags/dag2.py
[2024-12-13T00:58:54.618+0000] {processor.py:925} INFO - DAG(s) 'fetch_and_store_google_books' retrieved from /opt/airflow/dags/dag2.py
[2024-12-13T00:58:54.637+0000] {logging_mixin.py:190} INFO - [2024-12-13T00:58:54.636+0000] {dag.py:3239} INFO - Sync 1 DAGs
[2024-12-13T00:58:54.656+0000] {logging_mixin.py:190} INFO - [2024-12-13T00:58:54.656+0000] {dag.py:4180} INFO - Setting next_dagrun for fetch_and_store_google_books to 2024-12-13 00:00:00+00:00, run_after=2024-12-14 00:00:00+00:00
[2024-12-13T00:58:54.672+0000] {processor.py:208} INFO - Processing /opt/airflow/dags/dag2.py took 0.163 seconds
[2024-12-13T00:59:27.419+0000] {processor.py:186} INFO - Started process (PID=68515) to work on /opt/airflow/dags/dag2.py
[2024-12-13T00:59:27.420+0000] {processor.py:914} INFO - Processing file /opt/airflow/dags/dag2.py for tasks to queue
[2024-12-13T00:59:27.422+0000] {logging_mixin.py:190} INFO - [2024-12-13T00:59:27.422+0000] {dagbag.py:588} INFO - Filling up the DagBag from /opt/airflow/dags/dag2.py
[2024-12-13T00:59:27.512+0000] {processor.py:925} INFO - DAG(s) 'fetch_and_store_google_books' retrieved from /opt/airflow/dags/dag2.py
[2024-12-13T00:59:27.530+0000] {logging_mixin.py:190} INFO - [2024-12-13T00:59:27.529+0000] {dag.py:3239} INFO - Sync 1 DAGs
[2024-12-13T00:59:27.548+0000] {logging_mixin.py:190} INFO - [2024-12-13T00:59:27.548+0000] {dag.py:4180} INFO - Setting next_dagrun for fetch_and_store_google_books to 2024-12-13 00:00:00+00:00, run_after=2024-12-14 00:00:00+00:00
[2024-12-13T00:59:27.564+0000] {processor.py:208} INFO - Processing /opt/airflow/dags/dag2.py took 0.150 seconds
[2024-12-13T01:00:01.021+0000] {processor.py:186} INFO - Started process (PID=68580) to work on /opt/airflow/dags/dag2.py
[2024-12-13T01:00:01.022+0000] {processor.py:914} INFO - Processing file /opt/airflow/dags/dag2.py for tasks to queue
[2024-12-13T01:00:01.024+0000] {logging_mixin.py:190} INFO - [2024-12-13T01:00:01.024+0000] {dagbag.py:588} INFO - Filling up the DagBag from /opt/airflow/dags/dag2.py
[2024-12-13T01:00:01.124+0000] {processor.py:925} INFO - DAG(s) 'fetch_and_store_google_books' retrieved from /opt/airflow/dags/dag2.py
[2024-12-13T01:00:01.143+0000] {logging_mixin.py:190} INFO - [2024-12-13T01:00:01.143+0000] {dag.py:3239} INFO - Sync 1 DAGs
[2024-12-13T01:00:01.163+0000] {logging_mixin.py:190} INFO - [2024-12-13T01:00:01.163+0000] {dag.py:4180} INFO - Setting next_dagrun for fetch_and_store_google_books to 2024-12-13 00:00:00+00:00, run_after=2024-12-14 00:00:00+00:00
[2024-12-13T01:00:01.180+0000] {processor.py:208} INFO - Processing /opt/airflow/dags/dag2.py took 0.164 seconds
[2024-12-13T01:00:34.316+0000] {processor.py:186} INFO - Started process (PID=68646) to work on /opt/airflow/dags/dag2.py
[2024-12-13T01:00:34.317+0000] {processor.py:914} INFO - Processing file /opt/airflow/dags/dag2.py for tasks to queue
[2024-12-13T01:00:34.319+0000] {logging_mixin.py:190} INFO - [2024-12-13T01:00:34.319+0000] {dagbag.py:588} INFO - Filling up the DagBag from /opt/airflow/dags/dag2.py
[2024-12-13T01:00:34.412+0000] {processor.py:925} INFO - DAG(s) 'fetch_and_store_google_books' retrieved from /opt/airflow/dags/dag2.py
[2024-12-13T01:00:34.431+0000] {logging_mixin.py:190} INFO - [2024-12-13T01:00:34.430+0000] {dag.py:3239} INFO - Sync 1 DAGs
[2024-12-13T01:00:34.450+0000] {logging_mixin.py:190} INFO - [2024-12-13T01:00:34.450+0000] {dag.py:4180} INFO - Setting next_dagrun for fetch_and_store_google_books to 2024-12-13 00:00:00+00:00, run_after=2024-12-14 00:00:00+00:00
[2024-12-13T01:00:34.467+0000] {processor.py:208} INFO - Processing /opt/airflow/dags/dag2.py took 0.156 seconds
[2024-12-13T01:01:08.260+0000] {processor.py:186} INFO - Started process (PID=68711) to work on /opt/airflow/dags/dag2.py
[2024-12-13T01:01:08.261+0000] {processor.py:914} INFO - Processing file /opt/airflow/dags/dag2.py for tasks to queue
[2024-12-13T01:01:08.263+0000] {logging_mixin.py:190} INFO - [2024-12-13T01:01:08.262+0000] {dagbag.py:588} INFO - Filling up the DagBag from /opt/airflow/dags/dag2.py
[2024-12-13T01:01:08.373+0000] {processor.py:925} INFO - DAG(s) 'fetch_and_store_google_books' retrieved from /opt/airflow/dags/dag2.py
[2024-12-13T01:01:08.394+0000] {logging_mixin.py:190} INFO - [2024-12-13T01:01:08.393+0000] {dag.py:3239} INFO - Sync 1 DAGs
[2024-12-13T01:01:08.417+0000] {logging_mixin.py:190} INFO - [2024-12-13T01:01:08.417+0000] {dag.py:4180} INFO - Setting next_dagrun for fetch_and_store_google_books to 2024-12-13 00:00:00+00:00, run_after=2024-12-14 00:00:00+00:00
[2024-12-13T01:01:08.434+0000] {processor.py:208} INFO - Processing /opt/airflow/dags/dag2.py took 0.180 seconds
[2024-12-13T01:01:41.192+0000] {processor.py:186} INFO - Started process (PID=68776) to work on /opt/airflow/dags/dag2.py
[2024-12-13T01:01:41.193+0000] {processor.py:914} INFO - Processing file /opt/airflow/dags/dag2.py for tasks to queue
[2024-12-13T01:01:41.196+0000] {logging_mixin.py:190} INFO - [2024-12-13T01:01:41.196+0000] {dagbag.py:588} INFO - Filling up the DagBag from /opt/airflow/dags/dag2.py
[2024-12-13T01:01:41.297+0000] {processor.py:925} INFO - DAG(s) 'fetch_and_store_google_books' retrieved from /opt/airflow/dags/dag2.py
[2024-12-13T01:01:41.324+0000] {logging_mixin.py:190} INFO - [2024-12-13T01:01:41.323+0000] {dag.py:3239} INFO - Sync 1 DAGs
[2024-12-13T01:01:41.344+0000] {logging_mixin.py:190} INFO - [2024-12-13T01:01:41.344+0000] {dag.py:4180} INFO - Setting next_dagrun for fetch_and_store_google_books to 2024-12-13 00:00:00+00:00, run_after=2024-12-14 00:00:00+00:00
[2024-12-13T01:01:41.364+0000] {processor.py:208} INFO - Processing /opt/airflow/dags/dag2.py took 0.177 seconds
[2024-12-13T01:02:13.997+0000] {processor.py:186} INFO - Started process (PID=68841) to work on /opt/airflow/dags/dag2.py
[2024-12-13T01:02:13.998+0000] {processor.py:914} INFO - Processing file /opt/airflow/dags/dag2.py for tasks to queue
[2024-12-13T01:02:14.001+0000] {logging_mixin.py:190} INFO - [2024-12-13T01:02:14.000+0000] {dagbag.py:588} INFO - Filling up the DagBag from /opt/airflow/dags/dag2.py
[2024-12-13T01:02:14.122+0000] {processor.py:925} INFO - DAG(s) 'fetch_and_store_google_books' retrieved from /opt/airflow/dags/dag2.py
[2024-12-13T01:02:14.142+0000] {logging_mixin.py:190} INFO - [2024-12-13T01:02:14.141+0000] {dag.py:3239} INFO - Sync 1 DAGs
[2024-12-13T01:02:14.166+0000] {logging_mixin.py:190} INFO - [2024-12-13T01:02:14.166+0000] {dag.py:4180} INFO - Setting next_dagrun for fetch_and_store_google_books to 2024-12-13 00:00:00+00:00, run_after=2024-12-14 00:00:00+00:00
[2024-12-13T01:02:14.183+0000] {processor.py:208} INFO - Processing /opt/airflow/dags/dag2.py took 0.191 seconds
[2024-12-13T01:02:47.395+0000] {processor.py:186} INFO - Started process (PID=68906) to work on /opt/airflow/dags/dag2.py
[2024-12-13T01:02:47.396+0000] {processor.py:914} INFO - Processing file /opt/airflow/dags/dag2.py for tasks to queue
[2024-12-13T01:02:47.399+0000] {logging_mixin.py:190} INFO - [2024-12-13T01:02:47.398+0000] {dagbag.py:588} INFO - Filling up the DagBag from /opt/airflow/dags/dag2.py
[2024-12-13T01:02:47.503+0000] {processor.py:925} INFO - DAG(s) 'fetch_and_store_google_books' retrieved from /opt/airflow/dags/dag2.py
[2024-12-13T01:02:47.523+0000] {logging_mixin.py:190} INFO - [2024-12-13T01:02:47.523+0000] {dag.py:3239} INFO - Sync 1 DAGs
[2024-12-13T01:02:47.544+0000] {logging_mixin.py:190} INFO - [2024-12-13T01:02:47.544+0000] {dag.py:4180} INFO - Setting next_dagrun for fetch_and_store_google_books to 2024-12-13 00:00:00+00:00, run_after=2024-12-14 00:00:00+00:00
[2024-12-13T01:02:47.564+0000] {processor.py:208} INFO - Processing /opt/airflow/dags/dag2.py took 0.174 seconds
[2024-12-13T01:03:19.849+0000] {processor.py:186} INFO - Started process (PID=68971) to work on /opt/airflow/dags/dag2.py
[2024-12-13T01:03:19.850+0000] {processor.py:914} INFO - Processing file /opt/airflow/dags/dag2.py for tasks to queue
[2024-12-13T01:03:19.852+0000] {logging_mixin.py:190} INFO - [2024-12-13T01:03:19.852+0000] {dagbag.py:588} INFO - Filling up the DagBag from /opt/airflow/dags/dag2.py
[2024-12-13T01:03:19.959+0000] {processor.py:925} INFO - DAG(s) 'fetch_and_store_google_books' retrieved from /opt/airflow/dags/dag2.py
[2024-12-13T01:03:19.979+0000] {logging_mixin.py:190} INFO - [2024-12-13T01:03:19.979+0000] {dag.py:3239} INFO - Sync 1 DAGs
[2024-12-13T01:03:20.002+0000] {logging_mixin.py:190} INFO - [2024-12-13T01:03:20.002+0000] {dag.py:4180} INFO - Setting next_dagrun for fetch_and_store_google_books to 2024-12-13 00:00:00+00:00, run_after=2024-12-14 00:00:00+00:00
[2024-12-13T01:03:20.021+0000] {processor.py:208} INFO - Processing /opt/airflow/dags/dag2.py took 0.177 seconds
[2024-12-13T01:03:52.642+0000] {processor.py:186} INFO - Started process (PID=69036) to work on /opt/airflow/dags/dag2.py
[2024-12-13T01:03:52.643+0000] {processor.py:914} INFO - Processing file /opt/airflow/dags/dag2.py for tasks to queue
[2024-12-13T01:03:52.645+0000] {logging_mixin.py:190} INFO - [2024-12-13T01:03:52.644+0000] {dagbag.py:588} INFO - Filling up the DagBag from /opt/airflow/dags/dag2.py
[2024-12-13T01:03:52.740+0000] {processor.py:925} INFO - DAG(s) 'fetch_and_store_google_books' retrieved from /opt/airflow/dags/dag2.py
[2024-12-13T01:03:52.759+0000] {logging_mixin.py:190} INFO - [2024-12-13T01:03:52.758+0000] {dag.py:3239} INFO - Sync 1 DAGs
[2024-12-13T01:03:52.780+0000] {logging_mixin.py:190} INFO - [2024-12-13T01:03:52.779+0000] {dag.py:4180} INFO - Setting next_dagrun for fetch_and_store_google_books to 2024-12-13 00:00:00+00:00, run_after=2024-12-14 00:00:00+00:00
[2024-12-13T01:03:52.799+0000] {processor.py:208} INFO - Processing /opt/airflow/dags/dag2.py took 0.162 seconds
[2024-12-13T01:04:26.141+0000] {processor.py:186} INFO - Started process (PID=69101) to work on /opt/airflow/dags/dag2.py
[2024-12-13T01:04:26.142+0000] {processor.py:914} INFO - Processing file /opt/airflow/dags/dag2.py for tasks to queue
[2024-12-13T01:04:26.144+0000] {logging_mixin.py:190} INFO - [2024-12-13T01:04:26.144+0000] {dagbag.py:588} INFO - Filling up the DagBag from /opt/airflow/dags/dag2.py
[2024-12-13T01:04:26.245+0000] {processor.py:925} INFO - DAG(s) 'fetch_and_store_google_books' retrieved from /opt/airflow/dags/dag2.py
[2024-12-13T01:04:26.265+0000] {logging_mixin.py:190} INFO - [2024-12-13T01:04:26.264+0000] {dag.py:3239} INFO - Sync 1 DAGs
[2024-12-13T01:04:26.289+0000] {logging_mixin.py:190} INFO - [2024-12-13T01:04:26.288+0000] {dag.py:4180} INFO - Setting next_dagrun for fetch_and_store_google_books to 2024-12-13 00:00:00+00:00, run_after=2024-12-14 00:00:00+00:00
[2024-12-13T01:04:26.303+0000] {processor.py:208} INFO - Processing /opt/airflow/dags/dag2.py took 0.168 seconds
[2024-12-13T01:04:59.380+0000] {processor.py:186} INFO - Started process (PID=69166) to work on /opt/airflow/dags/dag2.py
[2024-12-13T01:04:59.381+0000] {processor.py:914} INFO - Processing file /opt/airflow/dags/dag2.py for tasks to queue
[2024-12-13T01:04:59.383+0000] {logging_mixin.py:190} INFO - [2024-12-13T01:04:59.383+0000] {dagbag.py:588} INFO - Filling up the DagBag from /opt/airflow/dags/dag2.py
[2024-12-13T01:04:59.480+0000] {processor.py:925} INFO - DAG(s) 'fetch_and_store_google_books' retrieved from /opt/airflow/dags/dag2.py
[2024-12-13T01:04:59.500+0000] {logging_mixin.py:190} INFO - [2024-12-13T01:04:59.499+0000] {dag.py:3239} INFO - Sync 1 DAGs
[2024-12-13T01:04:59.523+0000] {logging_mixin.py:190} INFO - [2024-12-13T01:04:59.523+0000] {dag.py:4180} INFO - Setting next_dagrun for fetch_and_store_google_books to 2024-12-13 00:00:00+00:00, run_after=2024-12-14 00:00:00+00:00
[2024-12-13T01:04:59.542+0000] {processor.py:208} INFO - Processing /opt/airflow/dags/dag2.py took 0.167 seconds
[2024-12-13T01:05:33.210+0000] {processor.py:186} INFO - Started process (PID=69231) to work on /opt/airflow/dags/dag2.py
[2024-12-13T01:05:33.211+0000] {processor.py:914} INFO - Processing file /opt/airflow/dags/dag2.py for tasks to queue
[2024-12-13T01:05:33.213+0000] {logging_mixin.py:190} INFO - [2024-12-13T01:05:33.213+0000] {dagbag.py:588} INFO - Filling up the DagBag from /opt/airflow/dags/dag2.py
[2024-12-13T01:05:33.306+0000] {processor.py:925} INFO - DAG(s) 'fetch_and_store_google_books' retrieved from /opt/airflow/dags/dag2.py
[2024-12-13T01:05:33.324+0000] {logging_mixin.py:190} INFO - [2024-12-13T01:05:33.324+0000] {dag.py:3239} INFO - Sync 1 DAGs
[2024-12-13T01:05:33.346+0000] {logging_mixin.py:190} INFO - [2024-12-13T01:05:33.346+0000] {dag.py:4180} INFO - Setting next_dagrun for fetch_and_store_google_books to 2024-12-13 00:00:00+00:00, run_after=2024-12-14 00:00:00+00:00
[2024-12-13T01:05:33.366+0000] {processor.py:208} INFO - Processing /opt/airflow/dags/dag2.py took 0.162 seconds
[2024-12-13T01:06:06.751+0000] {processor.py:186} INFO - Started process (PID=69296) to work on /opt/airflow/dags/dag2.py
[2024-12-13T01:06:06.752+0000] {processor.py:914} INFO - Processing file /opt/airflow/dags/dag2.py for tasks to queue
[2024-12-13T01:06:06.754+0000] {logging_mixin.py:190} INFO - [2024-12-13T01:06:06.754+0000] {dagbag.py:588} INFO - Filling up the DagBag from /opt/airflow/dags/dag2.py
[2024-12-13T01:06:06.845+0000] {processor.py:925} INFO - DAG(s) 'fetch_and_store_google_books' retrieved from /opt/airflow/dags/dag2.py
[2024-12-13T01:06:06.865+0000] {logging_mixin.py:190} INFO - [2024-12-13T01:06:06.864+0000] {dag.py:3239} INFO - Sync 1 DAGs
[2024-12-13T01:06:06.885+0000] {logging_mixin.py:190} INFO - [2024-12-13T01:06:06.885+0000] {dag.py:4180} INFO - Setting next_dagrun for fetch_and_store_google_books to 2024-12-13 00:00:00+00:00, run_after=2024-12-14 00:00:00+00:00
[2024-12-13T01:06:06.901+0000] {processor.py:208} INFO - Processing /opt/airflow/dags/dag2.py took 0.155 seconds
[2024-12-13T01:06:39.400+0000] {processor.py:186} INFO - Started process (PID=69361) to work on /opt/airflow/dags/dag2.py
[2024-12-13T01:06:39.402+0000] {processor.py:914} INFO - Processing file /opt/airflow/dags/dag2.py for tasks to queue
[2024-12-13T01:06:39.405+0000] {logging_mixin.py:190} INFO - [2024-12-13T01:06:39.405+0000] {dagbag.py:588} INFO - Filling up the DagBag from /opt/airflow/dags/dag2.py
[2024-12-13T01:06:39.503+0000] {processor.py:925} INFO - DAG(s) 'fetch_and_store_google_books' retrieved from /opt/airflow/dags/dag2.py
[2024-12-13T01:06:39.526+0000] {logging_mixin.py:190} INFO - [2024-12-13T01:06:39.526+0000] {dag.py:3239} INFO - Sync 1 DAGs
[2024-12-13T01:06:39.547+0000] {logging_mixin.py:190} INFO - [2024-12-13T01:06:39.546+0000] {dag.py:4180} INFO - Setting next_dagrun for fetch_and_store_google_books to 2024-12-13 00:00:00+00:00, run_after=2024-12-14 00:00:00+00:00
[2024-12-13T01:06:39.568+0000] {processor.py:208} INFO - Processing /opt/airflow/dags/dag2.py took 0.173 seconds
[2024-12-13T01:07:13.297+0000] {processor.py:186} INFO - Started process (PID=69426) to work on /opt/airflow/dags/dag2.py
[2024-12-13T01:07:13.298+0000] {processor.py:914} INFO - Processing file /opt/airflow/dags/dag2.py for tasks to queue
[2024-12-13T01:07:13.301+0000] {logging_mixin.py:190} INFO - [2024-12-13T01:07:13.300+0000] {dagbag.py:588} INFO - Filling up the DagBag from /opt/airflow/dags/dag2.py
[2024-12-13T01:07:13.409+0000] {processor.py:925} INFO - DAG(s) 'fetch_and_store_google_books' retrieved from /opt/airflow/dags/dag2.py
[2024-12-13T01:07:13.429+0000] {logging_mixin.py:190} INFO - [2024-12-13T01:07:13.428+0000] {dag.py:3239} INFO - Sync 1 DAGs
[2024-12-13T01:07:13.448+0000] {logging_mixin.py:190} INFO - [2024-12-13T01:07:13.448+0000] {dag.py:4180} INFO - Setting next_dagrun for fetch_and_store_google_books to 2024-12-13 00:00:00+00:00, run_after=2024-12-14 00:00:00+00:00
[2024-12-13T01:07:13.470+0000] {processor.py:208} INFO - Processing /opt/airflow/dags/dag2.py took 0.179 seconds
[2024-12-13T01:07:46.032+0000] {processor.py:186} INFO - Started process (PID=69491) to work on /opt/airflow/dags/dag2.py
[2024-12-13T01:07:46.033+0000] {processor.py:914} INFO - Processing file /opt/airflow/dags/dag2.py for tasks to queue
[2024-12-13T01:07:46.035+0000] {logging_mixin.py:190} INFO - [2024-12-13T01:07:46.035+0000] {dagbag.py:588} INFO - Filling up the DagBag from /opt/airflow/dags/dag2.py
[2024-12-13T01:07:46.128+0000] {processor.py:925} INFO - DAG(s) 'fetch_and_store_google_books' retrieved from /opt/airflow/dags/dag2.py
[2024-12-13T01:07:46.148+0000] {logging_mixin.py:190} INFO - [2024-12-13T01:07:46.147+0000] {dag.py:3239} INFO - Sync 1 DAGs
[2024-12-13T01:07:46.167+0000] {logging_mixin.py:190} INFO - [2024-12-13T01:07:46.167+0000] {dag.py:4180} INFO - Setting next_dagrun for fetch_and_store_google_books to 2024-12-13 00:00:00+00:00, run_after=2024-12-14 00:00:00+00:00
[2024-12-13T01:07:46.183+0000] {processor.py:208} INFO - Processing /opt/airflow/dags/dag2.py took 0.156 seconds
[2024-12-13T01:08:19.647+0000] {processor.py:186} INFO - Started process (PID=69556) to work on /opt/airflow/dags/dag2.py
[2024-12-13T01:08:19.648+0000] {processor.py:914} INFO - Processing file /opt/airflow/dags/dag2.py for tasks to queue
[2024-12-13T01:08:19.650+0000] {logging_mixin.py:190} INFO - [2024-12-13T01:08:19.650+0000] {dagbag.py:588} INFO - Filling up the DagBag from /opt/airflow/dags/dag2.py
[2024-12-13T01:08:19.750+0000] {processor.py:925} INFO - DAG(s) 'fetch_and_store_google_books' retrieved from /opt/airflow/dags/dag2.py
[2024-12-13T01:08:19.770+0000] {logging_mixin.py:190} INFO - [2024-12-13T01:08:19.769+0000] {dag.py:3239} INFO - Sync 1 DAGs
[2024-12-13T01:08:19.789+0000] {logging_mixin.py:190} INFO - [2024-12-13T01:08:19.789+0000] {dag.py:4180} INFO - Setting next_dagrun for fetch_and_store_google_books to 2024-12-13 00:00:00+00:00, run_after=2024-12-14 00:00:00+00:00
[2024-12-13T01:08:19.806+0000] {processor.py:208} INFO - Processing /opt/airflow/dags/dag2.py took 0.163 seconds
[2024-12-13T01:08:53.275+0000] {processor.py:186} INFO - Started process (PID=69621) to work on /opt/airflow/dags/dag2.py
[2024-12-13T01:08:53.276+0000] {processor.py:914} INFO - Processing file /opt/airflow/dags/dag2.py for tasks to queue
[2024-12-13T01:08:53.278+0000] {logging_mixin.py:190} INFO - [2024-12-13T01:08:53.277+0000] {dagbag.py:588} INFO - Filling up the DagBag from /opt/airflow/dags/dag2.py
[2024-12-13T01:08:53.377+0000] {processor.py:925} INFO - DAG(s) 'fetch_and_store_google_books' retrieved from /opt/airflow/dags/dag2.py
[2024-12-13T01:08:53.401+0000] {logging_mixin.py:190} INFO - [2024-12-13T01:08:53.400+0000] {dag.py:3239} INFO - Sync 1 DAGs
[2024-12-13T01:08:53.421+0000] {logging_mixin.py:190} INFO - [2024-12-13T01:08:53.421+0000] {dag.py:4180} INFO - Setting next_dagrun for fetch_and_store_google_books to 2024-12-13 00:00:00+00:00, run_after=2024-12-14 00:00:00+00:00
[2024-12-13T01:08:53.439+0000] {processor.py:208} INFO - Processing /opt/airflow/dags/dag2.py took 0.169 seconds
[2024-12-13T01:09:26.053+0000] {processor.py:186} INFO - Started process (PID=69686) to work on /opt/airflow/dags/dag2.py
[2024-12-13T01:09:26.054+0000] {processor.py:914} INFO - Processing file /opt/airflow/dags/dag2.py for tasks to queue
[2024-12-13T01:09:26.056+0000] {logging_mixin.py:190} INFO - [2024-12-13T01:09:26.056+0000] {dagbag.py:588} INFO - Filling up the DagBag from /opt/airflow/dags/dag2.py
[2024-12-13T01:09:26.157+0000] {processor.py:925} INFO - DAG(s) 'fetch_and_store_google_books' retrieved from /opt/airflow/dags/dag2.py
[2024-12-13T01:09:26.178+0000] {logging_mixin.py:190} INFO - [2024-12-13T01:09:26.177+0000] {dag.py:3239} INFO - Sync 1 DAGs
[2024-12-13T01:09:26.200+0000] {logging_mixin.py:190} INFO - [2024-12-13T01:09:26.200+0000] {dag.py:4180} INFO - Setting next_dagrun for fetch_and_store_google_books to 2024-12-13 00:00:00+00:00, run_after=2024-12-14 00:00:00+00:00
[2024-12-13T01:09:26.216+0000] {processor.py:208} INFO - Processing /opt/airflow/dags/dag2.py took 0.169 seconds
[2024-12-13T01:09:59.627+0000] {processor.py:186} INFO - Started process (PID=69751) to work on /opt/airflow/dags/dag2.py
[2024-12-13T01:09:59.628+0000] {processor.py:914} INFO - Processing file /opt/airflow/dags/dag2.py for tasks to queue
[2024-12-13T01:09:59.630+0000] {logging_mixin.py:190} INFO - [2024-12-13T01:09:59.630+0000] {dagbag.py:588} INFO - Filling up the DagBag from /opt/airflow/dags/dag2.py
[2024-12-13T01:09:59.767+0000] {processor.py:925} INFO - DAG(s) 'fetch_and_store_google_books' retrieved from /opt/airflow/dags/dag2.py
[2024-12-13T01:09:59.798+0000] {logging_mixin.py:190} INFO - [2024-12-13T01:09:59.797+0000] {dag.py:3239} INFO - Sync 1 DAGs
[2024-12-13T01:09:59.830+0000] {logging_mixin.py:190} INFO - [2024-12-13T01:09:59.830+0000] {dag.py:4180} INFO - Setting next_dagrun for fetch_and_store_google_books to 2024-12-13 00:00:00+00:00, run_after=2024-12-14 00:00:00+00:00
[2024-12-13T01:09:59.853+0000] {processor.py:208} INFO - Processing /opt/airflow/dags/dag2.py took 0.231 seconds
[2024-12-13T01:10:32.870+0000] {processor.py:186} INFO - Started process (PID=69816) to work on /opt/airflow/dags/dag2.py
[2024-12-13T01:10:32.871+0000] {processor.py:914} INFO - Processing file /opt/airflow/dags/dag2.py for tasks to queue
[2024-12-13T01:10:32.874+0000] {logging_mixin.py:190} INFO - [2024-12-13T01:10:32.874+0000] {dagbag.py:588} INFO - Filling up the DagBag from /opt/airflow/dags/dag2.py
[2024-12-13T01:10:32.969+0000] {processor.py:925} INFO - DAG(s) 'fetch_and_store_google_books' retrieved from /opt/airflow/dags/dag2.py
[2024-12-13T01:10:32.987+0000] {logging_mixin.py:190} INFO - [2024-12-13T01:10:32.987+0000] {dag.py:3239} INFO - Sync 1 DAGs
[2024-12-13T01:10:33.008+0000] {logging_mixin.py:190} INFO - [2024-12-13T01:10:33.008+0000] {dag.py:4180} INFO - Setting next_dagrun for fetch_and_store_google_books to 2024-12-13 00:00:00+00:00, run_after=2024-12-14 00:00:00+00:00
[2024-12-13T01:10:33.025+0000] {processor.py:208} INFO - Processing /opt/airflow/dags/dag2.py took 0.160 seconds
[2024-12-13T01:11:05.981+0000] {processor.py:186} INFO - Started process (PID=69881) to work on /opt/airflow/dags/dag2.py
[2024-12-13T01:11:05.982+0000] {processor.py:914} INFO - Processing file /opt/airflow/dags/dag2.py for tasks to queue
[2024-12-13T01:11:05.984+0000] {logging_mixin.py:190} INFO - [2024-12-13T01:11:05.984+0000] {dagbag.py:588} INFO - Filling up the DagBag from /opt/airflow/dags/dag2.py
[2024-12-13T01:11:06.083+0000] {processor.py:925} INFO - DAG(s) 'fetch_and_store_google_books' retrieved from /opt/airflow/dags/dag2.py
[2024-12-13T01:11:06.103+0000] {logging_mixin.py:190} INFO - [2024-12-13T01:11:06.103+0000] {dag.py:3239} INFO - Sync 1 DAGs
[2024-12-13T01:11:06.123+0000] {logging_mixin.py:190} INFO - [2024-12-13T01:11:06.123+0000] {dag.py:4180} INFO - Setting next_dagrun for fetch_and_store_google_books to 2024-12-13 00:00:00+00:00, run_after=2024-12-14 00:00:00+00:00
[2024-12-13T01:11:06.142+0000] {processor.py:208} INFO - Processing /opt/airflow/dags/dag2.py took 0.167 seconds
[2024-12-13T01:11:40.129+0000] {processor.py:186} INFO - Started process (PID=69946) to work on /opt/airflow/dags/dag2.py
[2024-12-13T01:11:40.130+0000] {processor.py:914} INFO - Processing file /opt/airflow/dags/dag2.py for tasks to queue
[2024-12-13T01:11:40.132+0000] {logging_mixin.py:190} INFO - [2024-12-13T01:11:40.132+0000] {dagbag.py:588} INFO - Filling up the DagBag from /opt/airflow/dags/dag2.py
[2024-12-13T01:11:40.244+0000] {processor.py:925} INFO - DAG(s) 'fetch_and_store_google_books' retrieved from /opt/airflow/dags/dag2.py
[2024-12-13T01:11:40.265+0000] {logging_mixin.py:190} INFO - [2024-12-13T01:11:40.265+0000] {dag.py:3239} INFO - Sync 1 DAGs
[2024-12-13T01:11:40.288+0000] {logging_mixin.py:190} INFO - [2024-12-13T01:11:40.288+0000] {dag.py:4180} INFO - Setting next_dagrun for fetch_and_store_google_books to 2024-12-13 00:00:00+00:00, run_after=2024-12-14 00:00:00+00:00
[2024-12-13T01:11:40.309+0000] {processor.py:208} INFO - Processing /opt/airflow/dags/dag2.py took 0.186 seconds
[2024-12-13T01:12:13.005+0000] {processor.py:186} INFO - Started process (PID=70011) to work on /opt/airflow/dags/dag2.py
[2024-12-13T01:12:13.006+0000] {processor.py:914} INFO - Processing file /opt/airflow/dags/dag2.py for tasks to queue
[2024-12-13T01:12:13.008+0000] {logging_mixin.py:190} INFO - [2024-12-13T01:12:13.008+0000] {dagbag.py:588} INFO - Filling up the DagBag from /opt/airflow/dags/dag2.py
[2024-12-13T01:12:13.114+0000] {processor.py:925} INFO - DAG(s) 'fetch_and_store_google_books' retrieved from /opt/airflow/dags/dag2.py
[2024-12-13T01:12:13.132+0000] {logging_mixin.py:190} INFO - [2024-12-13T01:12:13.132+0000] {dag.py:3239} INFO - Sync 1 DAGs
[2024-12-13T01:12:13.153+0000] {logging_mixin.py:190} INFO - [2024-12-13T01:12:13.152+0000] {dag.py:4180} INFO - Setting next_dagrun for fetch_and_store_google_books to 2024-12-13 00:00:00+00:00, run_after=2024-12-14 00:00:00+00:00
[2024-12-13T01:12:13.172+0000] {processor.py:208} INFO - Processing /opt/airflow/dags/dag2.py took 0.171 seconds
[2024-12-13T01:12:46.011+0000] {processor.py:186} INFO - Started process (PID=70076) to work on /opt/airflow/dags/dag2.py
[2024-12-13T01:12:46.011+0000] {processor.py:914} INFO - Processing file /opt/airflow/dags/dag2.py for tasks to queue
[2024-12-13T01:12:46.014+0000] {logging_mixin.py:190} INFO - [2024-12-13T01:12:46.013+0000] {dagbag.py:588} INFO - Filling up the DagBag from /opt/airflow/dags/dag2.py
[2024-12-13T01:12:46.106+0000] {processor.py:925} INFO - DAG(s) 'fetch_and_store_google_books' retrieved from /opt/airflow/dags/dag2.py
[2024-12-13T01:12:46.123+0000] {logging_mixin.py:190} INFO - [2024-12-13T01:12:46.123+0000] {dag.py:3239} INFO - Sync 1 DAGs
[2024-12-13T01:12:46.142+0000] {logging_mixin.py:190} INFO - [2024-12-13T01:12:46.142+0000] {dag.py:4180} INFO - Setting next_dagrun for fetch_and_store_google_books to 2024-12-13 00:00:00+00:00, run_after=2024-12-14 00:00:00+00:00
[2024-12-13T01:12:46.161+0000] {processor.py:208} INFO - Processing /opt/airflow/dags/dag2.py took 0.157 seconds
[2024-12-13T01:13:19.674+0000] {processor.py:186} INFO - Started process (PID=70141) to work on /opt/airflow/dags/dag2.py
[2024-12-13T01:13:19.675+0000] {processor.py:914} INFO - Processing file /opt/airflow/dags/dag2.py for tasks to queue
[2024-12-13T01:13:19.677+0000] {logging_mixin.py:190} INFO - [2024-12-13T01:13:19.676+0000] {dagbag.py:588} INFO - Filling up the DagBag from /opt/airflow/dags/dag2.py
[2024-12-13T01:13:19.767+0000] {processor.py:925} INFO - DAG(s) 'fetch_and_store_google_books' retrieved from /opt/airflow/dags/dag2.py
[2024-12-13T01:13:19.786+0000] {logging_mixin.py:190} INFO - [2024-12-13T01:13:19.785+0000] {dag.py:3239} INFO - Sync 1 DAGs
[2024-12-13T01:13:19.805+0000] {logging_mixin.py:190} INFO - [2024-12-13T01:13:19.804+0000] {dag.py:4180} INFO - Setting next_dagrun for fetch_and_store_google_books to 2024-12-13 00:00:00+00:00, run_after=2024-12-14 00:00:00+00:00
[2024-12-13T01:13:19.821+0000] {processor.py:208} INFO - Processing /opt/airflow/dags/dag2.py took 0.151 seconds
[2024-12-13T01:13:53.252+0000] {processor.py:186} INFO - Started process (PID=70206) to work on /opt/airflow/dags/dag2.py
[2024-12-13T01:13:53.253+0000] {processor.py:914} INFO - Processing file /opt/airflow/dags/dag2.py for tasks to queue
[2024-12-13T01:13:53.255+0000] {logging_mixin.py:190} INFO - [2024-12-13T01:13:53.255+0000] {dagbag.py:588} INFO - Filling up the DagBag from /opt/airflow/dags/dag2.py
[2024-12-13T01:13:53.356+0000] {processor.py:925} INFO - DAG(s) 'fetch_and_store_google_books' retrieved from /opt/airflow/dags/dag2.py
[2024-12-13T01:13:53.380+0000] {logging_mixin.py:190} INFO - [2024-12-13T01:13:53.379+0000] {dag.py:3239} INFO - Sync 1 DAGs
[2024-12-13T01:13:53.399+0000] {logging_mixin.py:190} INFO - [2024-12-13T01:13:53.399+0000] {dag.py:4180} INFO - Setting next_dagrun for fetch_and_store_google_books to 2024-12-13 00:00:00+00:00, run_after=2024-12-14 00:00:00+00:00
[2024-12-13T01:13:53.419+0000] {processor.py:208} INFO - Processing /opt/airflow/dags/dag2.py took 0.172 seconds
[2024-12-13T01:14:26.593+0000] {processor.py:186} INFO - Started process (PID=70271) to work on /opt/airflow/dags/dag2.py
[2024-12-13T01:14:26.594+0000] {processor.py:914} INFO - Processing file /opt/airflow/dags/dag2.py for tasks to queue
[2024-12-13T01:14:26.596+0000] {logging_mixin.py:190} INFO - [2024-12-13T01:14:26.596+0000] {dagbag.py:588} INFO - Filling up the DagBag from /opt/airflow/dags/dag2.py
[2024-12-13T01:14:26.690+0000] {processor.py:925} INFO - DAG(s) 'fetch_and_store_google_books' retrieved from /opt/airflow/dags/dag2.py
[2024-12-13T01:14:26.709+0000] {logging_mixin.py:190} INFO - [2024-12-13T01:14:26.709+0000] {dag.py:3239} INFO - Sync 1 DAGs
[2024-12-13T01:14:26.731+0000] {logging_mixin.py:190} INFO - [2024-12-13T01:14:26.730+0000] {dag.py:4180} INFO - Setting next_dagrun for fetch_and_store_google_books to 2024-12-13 00:00:00+00:00, run_after=2024-12-14 00:00:00+00:00
[2024-12-13T01:14:26.748+0000] {processor.py:208} INFO - Processing /opt/airflow/dags/dag2.py took 0.160 seconds
[2024-12-13T01:14:59.792+0000] {processor.py:186} INFO - Started process (PID=70336) to work on /opt/airflow/dags/dag2.py
[2024-12-13T01:14:59.793+0000] {processor.py:914} INFO - Processing file /opt/airflow/dags/dag2.py for tasks to queue
[2024-12-13T01:14:59.795+0000] {logging_mixin.py:190} INFO - [2024-12-13T01:14:59.795+0000] {dagbag.py:588} INFO - Filling up the DagBag from /opt/airflow/dags/dag2.py
[2024-12-13T01:14:59.889+0000] {processor.py:925} INFO - DAG(s) 'fetch_and_store_google_books' retrieved from /opt/airflow/dags/dag2.py
[2024-12-13T01:14:59.909+0000] {logging_mixin.py:190} INFO - [2024-12-13T01:14:59.909+0000] {dag.py:3239} INFO - Sync 1 DAGs
[2024-12-13T01:14:59.933+0000] {logging_mixin.py:190} INFO - [2024-12-13T01:14:59.933+0000] {dag.py:4180} INFO - Setting next_dagrun for fetch_and_store_google_books to 2024-12-13 00:00:00+00:00, run_after=2024-12-14 00:00:00+00:00
[2024-12-13T01:14:59.950+0000] {processor.py:208} INFO - Processing /opt/airflow/dags/dag2.py took 0.163 seconds
[2024-12-13T01:15:32.994+0000] {processor.py:186} INFO - Started process (PID=70401) to work on /opt/airflow/dags/dag2.py
[2024-12-13T01:15:32.995+0000] {processor.py:914} INFO - Processing file /opt/airflow/dags/dag2.py for tasks to queue
[2024-12-13T01:15:32.997+0000] {logging_mixin.py:190} INFO - [2024-12-13T01:15:32.997+0000] {dagbag.py:588} INFO - Filling up the DagBag from /opt/airflow/dags/dag2.py
[2024-12-13T01:15:33.086+0000] {processor.py:925} INFO - DAG(s) 'fetch_and_store_google_books' retrieved from /opt/airflow/dags/dag2.py
[2024-12-13T01:15:33.105+0000] {logging_mixin.py:190} INFO - [2024-12-13T01:15:33.104+0000] {dag.py:3239} INFO - Sync 1 DAGs
[2024-12-13T01:15:33.126+0000] {logging_mixin.py:190} INFO - [2024-12-13T01:15:33.125+0000] {dag.py:4180} INFO - Setting next_dagrun for fetch_and_store_google_books to 2024-12-13 00:00:00+00:00, run_after=2024-12-14 00:00:00+00:00
[2024-12-13T01:15:33.302+0000] {processor.py:208} INFO - Processing /opt/airflow/dags/dag2.py took 0.313 seconds
[2024-12-13T01:16:06.615+0000] {processor.py:186} INFO - Started process (PID=70466) to work on /opt/airflow/dags/dag2.py
[2024-12-13T01:16:06.616+0000] {processor.py:914} INFO - Processing file /opt/airflow/dags/dag2.py for tasks to queue
[2024-12-13T01:16:06.618+0000] {logging_mixin.py:190} INFO - [2024-12-13T01:16:06.618+0000] {dagbag.py:588} INFO - Filling up the DagBag from /opt/airflow/dags/dag2.py
[2024-12-13T01:16:06.727+0000] {processor.py:925} INFO - DAG(s) 'fetch_and_store_google_books' retrieved from /opt/airflow/dags/dag2.py
[2024-12-13T01:16:06.746+0000] {logging_mixin.py:190} INFO - [2024-12-13T01:16:06.745+0000] {dag.py:3239} INFO - Sync 1 DAGs
[2024-12-13T01:16:06.767+0000] {logging_mixin.py:190} INFO - [2024-12-13T01:16:06.766+0000] {dag.py:4180} INFO - Setting next_dagrun for fetch_and_store_google_books to 2024-12-13 00:00:00+00:00, run_after=2024-12-14 00:00:00+00:00
[2024-12-13T01:16:06.955+0000] {processor.py:208} INFO - Processing /opt/airflow/dags/dag2.py took 0.345 seconds
[2024-12-13T01:16:39.737+0000] {processor.py:186} INFO - Started process (PID=70531) to work on /opt/airflow/dags/dag2.py
[2024-12-13T01:16:39.738+0000] {processor.py:914} INFO - Processing file /opt/airflow/dags/dag2.py for tasks to queue
[2024-12-13T01:16:39.740+0000] {logging_mixin.py:190} INFO - [2024-12-13T01:16:39.739+0000] {dagbag.py:588} INFO - Filling up the DagBag from /opt/airflow/dags/dag2.py
[2024-12-13T01:16:39.838+0000] {processor.py:925} INFO - DAG(s) 'fetch_and_store_google_books' retrieved from /opt/airflow/dags/dag2.py
[2024-12-13T01:16:39.856+0000] {logging_mixin.py:190} INFO - [2024-12-13T01:16:39.855+0000] {dag.py:3239} INFO - Sync 1 DAGs
[2024-12-13T01:16:39.875+0000] {logging_mixin.py:190} INFO - [2024-12-13T01:16:39.875+0000] {dag.py:4180} INFO - Setting next_dagrun for fetch_and_store_google_books to 2024-12-13 00:00:00+00:00, run_after=2024-12-14 00:00:00+00:00
[2024-12-13T01:16:39.893+0000] {processor.py:208} INFO - Processing /opt/airflow/dags/dag2.py took 0.161 seconds
[2024-12-13T01:17:12.878+0000] {processor.py:186} INFO - Started process (PID=70596) to work on /opt/airflow/dags/dag2.py
[2024-12-13T01:17:12.879+0000] {processor.py:914} INFO - Processing file /opt/airflow/dags/dag2.py for tasks to queue
[2024-12-13T01:17:12.881+0000] {logging_mixin.py:190} INFO - [2024-12-13T01:17:12.881+0000] {dagbag.py:588} INFO - Filling up the DagBag from /opt/airflow/dags/dag2.py
[2024-12-13T01:17:12.970+0000] {processor.py:925} INFO - DAG(s) 'fetch_and_store_google_books' retrieved from /opt/airflow/dags/dag2.py
[2024-12-13T01:17:12.989+0000] {logging_mixin.py:190} INFO - [2024-12-13T01:17:12.988+0000] {dag.py:3239} INFO - Sync 1 DAGs
[2024-12-13T01:17:13.008+0000] {logging_mixin.py:190} INFO - [2024-12-13T01:17:13.007+0000] {dag.py:4180} INFO - Setting next_dagrun for fetch_and_store_google_books to 2024-12-13 00:00:00+00:00, run_after=2024-12-14 00:00:00+00:00
[2024-12-13T01:17:13.028+0000] {processor.py:208} INFO - Processing /opt/airflow/dags/dag2.py took 0.154 seconds
[2024-12-13T01:17:46.072+0000] {processor.py:186} INFO - Started process (PID=70661) to work on /opt/airflow/dags/dag2.py
[2024-12-13T01:17:46.073+0000] {processor.py:914} INFO - Processing file /opt/airflow/dags/dag2.py for tasks to queue
[2024-12-13T01:17:46.075+0000] {logging_mixin.py:190} INFO - [2024-12-13T01:17:46.074+0000] {dagbag.py:588} INFO - Filling up the DagBag from /opt/airflow/dags/dag2.py
[2024-12-13T01:17:46.175+0000] {processor.py:925} INFO - DAG(s) 'fetch_and_store_google_books' retrieved from /opt/airflow/dags/dag2.py
[2024-12-13T01:17:46.195+0000] {logging_mixin.py:190} INFO - [2024-12-13T01:17:46.194+0000] {dag.py:3239} INFO - Sync 1 DAGs
[2024-12-13T01:17:46.213+0000] {logging_mixin.py:190} INFO - [2024-12-13T01:17:46.213+0000] {dag.py:4180} INFO - Setting next_dagrun for fetch_and_store_google_books to 2024-12-13 00:00:00+00:00, run_after=2024-12-14 00:00:00+00:00
[2024-12-13T01:17:46.230+0000] {processor.py:208} INFO - Processing /opt/airflow/dags/dag2.py took 0.164 seconds
[2024-12-13T01:18:19.988+0000] {processor.py:186} INFO - Started process (PID=70726) to work on /opt/airflow/dags/dag2.py
[2024-12-13T01:18:19.989+0000] {processor.py:914} INFO - Processing file /opt/airflow/dags/dag2.py for tasks to queue
[2024-12-13T01:18:19.992+0000] {logging_mixin.py:190} INFO - [2024-12-13T01:18:19.991+0000] {dagbag.py:588} INFO - Filling up the DagBag from /opt/airflow/dags/dag2.py
[2024-12-13T01:18:20.086+0000] {processor.py:925} INFO - DAG(s) 'fetch_and_store_google_books' retrieved from /opt/airflow/dags/dag2.py
[2024-12-13T01:18:20.105+0000] {logging_mixin.py:190} INFO - [2024-12-13T01:18:20.105+0000] {dag.py:3239} INFO - Sync 1 DAGs
[2024-12-13T01:18:20.126+0000] {logging_mixin.py:190} INFO - [2024-12-13T01:18:20.125+0000] {dag.py:4180} INFO - Setting next_dagrun for fetch_and_store_google_books to 2024-12-13 00:00:00+00:00, run_after=2024-12-14 00:00:00+00:00
[2024-12-13T01:18:20.143+0000] {processor.py:208} INFO - Processing /opt/airflow/dags/dag2.py took 0.160 seconds
[2024-12-13T01:18:53.614+0000] {processor.py:186} INFO - Started process (PID=70791) to work on /opt/airflow/dags/dag2.py
[2024-12-13T01:18:53.615+0000] {processor.py:914} INFO - Processing file /opt/airflow/dags/dag2.py for tasks to queue
[2024-12-13T01:18:53.617+0000] {logging_mixin.py:190} INFO - [2024-12-13T01:18:53.616+0000] {dagbag.py:588} INFO - Filling up the DagBag from /opt/airflow/dags/dag2.py
[2024-12-13T01:18:53.739+0000] {processor.py:925} INFO - DAG(s) 'fetch_and_store_google_books' retrieved from /opt/airflow/dags/dag2.py
[2024-12-13T01:18:53.774+0000] {logging_mixin.py:190} INFO - [2024-12-13T01:18:53.773+0000] {dag.py:3239} INFO - Sync 1 DAGs
[2024-12-13T01:18:54.029+0000] {logging_mixin.py:190} INFO - [2024-12-13T01:18:54.029+0000] {dag.py:4180} INFO - Setting next_dagrun for fetch_and_store_google_books to 2024-12-13 00:00:00+00:00, run_after=2024-12-14 00:00:00+00:00
[2024-12-13T01:18:54.048+0000] {processor.py:208} INFO - Processing /opt/airflow/dags/dag2.py took 0.439 seconds
[2024-12-13T01:19:26.422+0000] {processor.py:186} INFO - Started process (PID=70856) to work on /opt/airflow/dags/dag2.py
[2024-12-13T01:19:26.423+0000] {processor.py:914} INFO - Processing file /opt/airflow/dags/dag2.py for tasks to queue
[2024-12-13T01:19:26.425+0000] {logging_mixin.py:190} INFO - [2024-12-13T01:19:26.424+0000] {dagbag.py:588} INFO - Filling up the DagBag from /opt/airflow/dags/dag2.py
[2024-12-13T01:19:26.517+0000] {processor.py:925} INFO - DAG(s) 'fetch_and_store_google_books' retrieved from /opt/airflow/dags/dag2.py
[2024-12-13T01:19:26.538+0000] {logging_mixin.py:190} INFO - [2024-12-13T01:19:26.538+0000] {dag.py:3239} INFO - Sync 1 DAGs
[2024-12-13T01:19:26.561+0000] {logging_mixin.py:190} INFO - [2024-12-13T01:19:26.560+0000] {dag.py:4180} INFO - Setting next_dagrun for fetch_and_store_google_books to 2024-12-13 00:00:00+00:00, run_after=2024-12-14 00:00:00+00:00
[2024-12-13T01:19:26.736+0000] {processor.py:208} INFO - Processing /opt/airflow/dags/dag2.py took 0.319 seconds
[2024-12-13T01:19:59.517+0000] {processor.py:186} INFO - Started process (PID=70921) to work on /opt/airflow/dags/dag2.py
[2024-12-13T01:19:59.518+0000] {processor.py:914} INFO - Processing file /opt/airflow/dags/dag2.py for tasks to queue
[2024-12-13T01:19:59.521+0000] {logging_mixin.py:190} INFO - [2024-12-13T01:19:59.520+0000] {dagbag.py:588} INFO - Filling up the DagBag from /opt/airflow/dags/dag2.py
[2024-12-13T01:19:59.780+0000] {processor.py:925} INFO - DAG(s) 'fetch_and_store_google_books' retrieved from /opt/airflow/dags/dag2.py
[2024-12-13T01:19:59.795+0000] {logging_mixin.py:190} INFO - [2024-12-13T01:19:59.795+0000] {dag.py:3239} INFO - Sync 1 DAGs
[2024-12-13T01:19:59.814+0000] {logging_mixin.py:190} INFO - [2024-12-13T01:19:59.814+0000] {dag.py:4180} INFO - Setting next_dagrun for fetch_and_store_google_books to 2024-12-13 00:00:00+00:00, run_after=2024-12-14 00:00:00+00:00
[2024-12-13T01:19:59.828+0000] {processor.py:208} INFO - Processing /opt/airflow/dags/dag2.py took 0.316 seconds
[2024-12-13T01:20:33.130+0000] {processor.py:186} INFO - Started process (PID=70986) to work on /opt/airflow/dags/dag2.py
[2024-12-13T01:20:33.132+0000] {processor.py:914} INFO - Processing file /opt/airflow/dags/dag2.py for tasks to queue
[2024-12-13T01:20:33.134+0000] {logging_mixin.py:190} INFO - [2024-12-13T01:20:33.133+0000] {dagbag.py:588} INFO - Filling up the DagBag from /opt/airflow/dags/dag2.py
[2024-12-13T01:20:33.386+0000] {processor.py:925} INFO - DAG(s) 'fetch_and_store_google_books' retrieved from /opt/airflow/dags/dag2.py
[2024-12-13T01:20:33.405+0000] {logging_mixin.py:190} INFO - [2024-12-13T01:20:33.404+0000] {dag.py:3239} INFO - Sync 1 DAGs
[2024-12-13T01:20:33.423+0000] {logging_mixin.py:190} INFO - [2024-12-13T01:20:33.423+0000] {dag.py:4180} INFO - Setting next_dagrun for fetch_and_store_google_books to 2024-12-13 00:00:00+00:00, run_after=2024-12-14 00:00:00+00:00
[2024-12-13T01:20:33.439+0000] {processor.py:208} INFO - Processing /opt/airflow/dags/dag2.py took 0.315 seconds
[2024-12-13T01:21:06.729+0000] {processor.py:186} INFO - Started process (PID=71051) to work on /opt/airflow/dags/dag2.py
[2024-12-13T01:21:06.730+0000] {processor.py:914} INFO - Processing file /opt/airflow/dags/dag2.py for tasks to queue
[2024-12-13T01:21:06.732+0000] {logging_mixin.py:190} INFO - [2024-12-13T01:21:06.732+0000] {dagbag.py:588} INFO - Filling up the DagBag from /opt/airflow/dags/dag2.py
[2024-12-13T01:21:07.012+0000] {processor.py:925} INFO - DAG(s) 'fetch_and_store_google_books' retrieved from /opt/airflow/dags/dag2.py
[2024-12-13T01:21:07.031+0000] {logging_mixin.py:190} INFO - [2024-12-13T01:21:07.030+0000] {dag.py:3239} INFO - Sync 1 DAGs
[2024-12-13T01:21:07.050+0000] {logging_mixin.py:190} INFO - [2024-12-13T01:21:07.049+0000] {dag.py:4180} INFO - Setting next_dagrun for fetch_and_store_google_books to 2024-12-13 00:00:00+00:00, run_after=2024-12-14 00:00:00+00:00
[2024-12-13T01:21:07.067+0000] {processor.py:208} INFO - Processing /opt/airflow/dags/dag2.py took 0.343 seconds
[2024-12-13T01:21:39.800+0000] {processor.py:186} INFO - Started process (PID=71116) to work on /opt/airflow/dags/dag2.py
[2024-12-13T01:21:39.801+0000] {processor.py:914} INFO - Processing file /opt/airflow/dags/dag2.py for tasks to queue
[2024-12-13T01:21:39.803+0000] {logging_mixin.py:190} INFO - [2024-12-13T01:21:39.802+0000] {dagbag.py:588} INFO - Filling up the DagBag from /opt/airflow/dags/dag2.py
[2024-12-13T01:21:40.055+0000] {processor.py:925} INFO - DAG(s) 'fetch_and_store_google_books' retrieved from /opt/airflow/dags/dag2.py
[2024-12-13T01:21:40.071+0000] {logging_mixin.py:190} INFO - [2024-12-13T01:21:40.071+0000] {dag.py:3239} INFO - Sync 1 DAGs
[2024-12-13T01:21:40.090+0000] {logging_mixin.py:190} INFO - [2024-12-13T01:21:40.090+0000] {dag.py:4180} INFO - Setting next_dagrun for fetch_and_store_google_books to 2024-12-13 00:00:00+00:00, run_after=2024-12-14 00:00:00+00:00
[2024-12-13T01:21:40.105+0000] {processor.py:208} INFO - Processing /opt/airflow/dags/dag2.py took 0.310 seconds
[2024-12-13T01:22:12.806+0000] {processor.py:186} INFO - Started process (PID=71181) to work on /opt/airflow/dags/dag2.py
[2024-12-13T01:22:12.807+0000] {processor.py:914} INFO - Processing file /opt/airflow/dags/dag2.py for tasks to queue
[2024-12-13T01:22:12.810+0000] {logging_mixin.py:190} INFO - [2024-12-13T01:22:12.809+0000] {dagbag.py:588} INFO - Filling up the DagBag from /opt/airflow/dags/dag2.py
[2024-12-13T01:22:12.903+0000] {processor.py:925} INFO - DAG(s) 'fetch_and_store_google_books' retrieved from /opt/airflow/dags/dag2.py
[2024-12-13T01:22:12.922+0000] {logging_mixin.py:190} INFO - [2024-12-13T01:22:12.921+0000] {dag.py:3239} INFO - Sync 1 DAGs
[2024-12-13T01:22:12.941+0000] {logging_mixin.py:190} INFO - [2024-12-13T01:22:12.941+0000] {dag.py:4180} INFO - Setting next_dagrun for fetch_and_store_google_books to 2024-12-13 00:00:00+00:00, run_after=2024-12-14 00:00:00+00:00
[2024-12-13T01:22:12.959+0000] {processor.py:208} INFO - Processing /opt/airflow/dags/dag2.py took 0.158 seconds
[2024-12-13T01:22:46.048+0000] {processor.py:186} INFO - Started process (PID=71246) to work on /opt/airflow/dags/dag2.py
[2024-12-13T01:22:46.048+0000] {processor.py:914} INFO - Processing file /opt/airflow/dags/dag2.py for tasks to queue
[2024-12-13T01:22:46.050+0000] {logging_mixin.py:190} INFO - [2024-12-13T01:22:46.050+0000] {dagbag.py:588} INFO - Filling up the DagBag from /opt/airflow/dags/dag2.py
[2024-12-13T01:22:46.140+0000] {processor.py:925} INFO - DAG(s) 'fetch_and_store_google_books' retrieved from /opt/airflow/dags/dag2.py
[2024-12-13T01:22:46.318+0000] {logging_mixin.py:190} INFO - [2024-12-13T01:22:46.318+0000] {dag.py:3239} INFO - Sync 1 DAGs
[2024-12-13T01:22:46.338+0000] {logging_mixin.py:190} INFO - [2024-12-13T01:22:46.338+0000] {dag.py:4180} INFO - Setting next_dagrun for fetch_and_store_google_books to 2024-12-13 00:00:00+00:00, run_after=2024-12-14 00:00:00+00:00
[2024-12-13T01:22:46.354+0000] {processor.py:208} INFO - Processing /opt/airflow/dags/dag2.py took 0.311 seconds
[2024-12-13T01:23:19.628+0000] {processor.py:186} INFO - Started process (PID=71311) to work on /opt/airflow/dags/dag2.py
[2024-12-13T01:23:19.629+0000] {processor.py:914} INFO - Processing file /opt/airflow/dags/dag2.py for tasks to queue
[2024-12-13T01:23:19.631+0000] {logging_mixin.py:190} INFO - [2024-12-13T01:23:19.631+0000] {dagbag.py:588} INFO - Filling up the DagBag from /opt/airflow/dags/dag2.py
[2024-12-13T01:23:19.889+0000] {processor.py:925} INFO - DAG(s) 'fetch_and_store_google_books' retrieved from /opt/airflow/dags/dag2.py
[2024-12-13T01:23:19.905+0000] {logging_mixin.py:190} INFO - [2024-12-13T01:23:19.904+0000] {dag.py:3239} INFO - Sync 1 DAGs
[2024-12-13T01:23:19.929+0000] {logging_mixin.py:190} INFO - [2024-12-13T01:23:19.929+0000] {dag.py:4180} INFO - Setting next_dagrun for fetch_and_store_google_books to 2024-12-13 00:00:00+00:00, run_after=2024-12-14 00:00:00+00:00
[2024-12-13T01:23:19.946+0000] {processor.py:208} INFO - Processing /opt/airflow/dags/dag2.py took 0.324 seconds
[2024-12-13T01:23:53.144+0000] {processor.py:186} INFO - Started process (PID=71376) to work on /opt/airflow/dags/dag2.py
[2024-12-13T01:23:53.145+0000] {processor.py:914} INFO - Processing file /opt/airflow/dags/dag2.py for tasks to queue
[2024-12-13T01:23:53.147+0000] {logging_mixin.py:190} INFO - [2024-12-13T01:23:53.147+0000] {dagbag.py:588} INFO - Filling up the DagBag from /opt/airflow/dags/dag2.py
[2024-12-13T01:23:53.407+0000] {processor.py:925} INFO - DAG(s) 'fetch_and_store_google_books' retrieved from /opt/airflow/dags/dag2.py
[2024-12-13T01:23:53.423+0000] {logging_mixin.py:190} INFO - [2024-12-13T01:23:53.423+0000] {dag.py:3239} INFO - Sync 1 DAGs
[2024-12-13T01:23:53.442+0000] {logging_mixin.py:190} INFO - [2024-12-13T01:23:53.442+0000] {dag.py:4180} INFO - Setting next_dagrun for fetch_and_store_google_books to 2024-12-13 00:00:00+00:00, run_after=2024-12-14 00:00:00+00:00
[2024-12-13T01:23:53.457+0000] {processor.py:208} INFO - Processing /opt/airflow/dags/dag2.py took 0.318 seconds
[2024-12-13T01:24:26.585+0000] {processor.py:186} INFO - Started process (PID=71441) to work on /opt/airflow/dags/dag2.py
[2024-12-13T01:24:26.585+0000] {processor.py:914} INFO - Processing file /opt/airflow/dags/dag2.py for tasks to queue
[2024-12-13T01:24:26.587+0000] {logging_mixin.py:190} INFO - [2024-12-13T01:24:26.587+0000] {dagbag.py:588} INFO - Filling up the DagBag from /opt/airflow/dags/dag2.py
[2024-12-13T01:24:26.841+0000] {processor.py:925} INFO - DAG(s) 'fetch_and_store_google_books' retrieved from /opt/airflow/dags/dag2.py
[2024-12-13T01:24:26.858+0000] {logging_mixin.py:190} INFO - [2024-12-13T01:24:26.857+0000] {dag.py:3239} INFO - Sync 1 DAGs
[2024-12-13T01:24:26.881+0000] {logging_mixin.py:190} INFO - [2024-12-13T01:24:26.881+0000] {dag.py:4180} INFO - Setting next_dagrun for fetch_and_store_google_books to 2024-12-13 00:00:00+00:00, run_after=2024-12-14 00:00:00+00:00
[2024-12-13T01:24:26.901+0000] {processor.py:208} INFO - Processing /opt/airflow/dags/dag2.py took 0.321 seconds
[2024-12-13T01:25:00.011+0000] {processor.py:186} INFO - Started process (PID=71506) to work on /opt/airflow/dags/dag2.py
[2024-12-13T01:25:00.012+0000] {processor.py:914} INFO - Processing file /opt/airflow/dags/dag2.py for tasks to queue
[2024-12-13T01:25:00.014+0000] {logging_mixin.py:190} INFO - [2024-12-13T01:25:00.014+0000] {dagbag.py:588} INFO - Filling up the DagBag from /opt/airflow/dags/dag2.py
[2024-12-13T01:25:00.295+0000] {processor.py:925} INFO - DAG(s) 'fetch_and_store_google_books' retrieved from /opt/airflow/dags/dag2.py
[2024-12-13T01:25:00.312+0000] {logging_mixin.py:190} INFO - [2024-12-13T01:25:00.312+0000] {dag.py:3239} INFO - Sync 1 DAGs
[2024-12-13T01:25:00.329+0000] {logging_mixin.py:190} INFO - [2024-12-13T01:25:00.329+0000] {dag.py:4180} INFO - Setting next_dagrun for fetch_and_store_google_books to 2024-12-13 00:00:00+00:00, run_after=2024-12-14 00:00:00+00:00
[2024-12-13T01:25:00.346+0000] {processor.py:208} INFO - Processing /opt/airflow/dags/dag2.py took 0.340 seconds
[2024-12-13T01:25:31.285+0000] {processor.py:186} INFO - Started process (PID=71571) to work on /opt/airflow/dags/dag2.py
[2024-12-13T01:25:31.286+0000] {processor.py:914} INFO - Processing file /opt/airflow/dags/dag2.py for tasks to queue
[2024-12-13T01:25:31.288+0000] {logging_mixin.py:190} INFO - [2024-12-13T01:25:31.288+0000] {dagbag.py:588} INFO - Filling up the DagBag from /opt/airflow/dags/dag2.py
[2024-12-13T01:25:31.547+0000] {processor.py:925} INFO - DAG(s) 'fetch_and_store_google_books' retrieved from /opt/airflow/dags/dag2.py
[2024-12-13T01:25:31.563+0000] {logging_mixin.py:190} INFO - [2024-12-13T01:25:31.562+0000] {dag.py:3239} INFO - Sync 1 DAGs
[2024-12-13T01:25:31.580+0000] {logging_mixin.py:190} INFO - [2024-12-13T01:25:31.579+0000] {dag.py:4180} INFO - Setting next_dagrun for fetch_and_store_google_books to 2024-12-13 00:00:00+00:00, run_after=2024-12-14 00:00:00+00:00
[2024-12-13T01:25:31.596+0000] {processor.py:208} INFO - Processing /opt/airflow/dags/dag2.py took 0.316 seconds
[2024-12-13T01:26:02.322+0000] {processor.py:186} INFO - Started process (PID=71636) to work on /opt/airflow/dags/dag2.py
[2024-12-13T01:26:02.323+0000] {processor.py:914} INFO - Processing file /opt/airflow/dags/dag2.py for tasks to queue
[2024-12-13T01:26:02.325+0000] {logging_mixin.py:190} INFO - [2024-12-13T01:26:02.325+0000] {dagbag.py:588} INFO - Filling up the DagBag from /opt/airflow/dags/dag2.py
[2024-12-13T01:26:02.422+0000] {processor.py:925} INFO - DAG(s) 'fetch_and_store_google_books' retrieved from /opt/airflow/dags/dag2.py
[2024-12-13T01:26:02.442+0000] {logging_mixin.py:190} INFO - [2024-12-13T01:26:02.441+0000] {dag.py:3239} INFO - Sync 1 DAGs
[2024-12-13T01:26:02.463+0000] {logging_mixin.py:190} INFO - [2024-12-13T01:26:02.463+0000] {dag.py:4180} INFO - Setting next_dagrun for fetch_and_store_google_books to 2024-12-13 00:00:00+00:00, run_after=2024-12-14 00:00:00+00:00
[2024-12-13T01:26:02.482+0000] {processor.py:208} INFO - Processing /opt/airflow/dags/dag2.py took 0.166 seconds
[2024-12-13T01:26:33.227+0000] {processor.py:186} INFO - Started process (PID=71702) to work on /opt/airflow/dags/dag2.py
[2024-12-13T01:26:33.228+0000] {processor.py:914} INFO - Processing file /opt/airflow/dags/dag2.py for tasks to queue
[2024-12-13T01:26:33.230+0000] {logging_mixin.py:190} INFO - [2024-12-13T01:26:33.230+0000] {dagbag.py:588} INFO - Filling up the DagBag from /opt/airflow/dags/dag2.py
[2024-12-13T01:26:33.326+0000] {processor.py:925} INFO - DAG(s) 'fetch_and_store_google_books' retrieved from /opt/airflow/dags/dag2.py
[2024-12-13T01:26:33.345+0000] {logging_mixin.py:190} INFO - [2024-12-13T01:26:33.344+0000] {dag.py:3239} INFO - Sync 1 DAGs
[2024-12-13T01:26:33.364+0000] {logging_mixin.py:190} INFO - [2024-12-13T01:26:33.364+0000] {dag.py:4180} INFO - Setting next_dagrun for fetch_and_store_google_books to 2024-12-13 00:00:00+00:00, run_after=2024-12-14 00:00:00+00:00
[2024-12-13T01:26:33.380+0000] {processor.py:208} INFO - Processing /opt/airflow/dags/dag2.py took 0.158 seconds
[2024-12-13T01:27:04.188+0000] {processor.py:186} INFO - Started process (PID=71767) to work on /opt/airflow/dags/dag2.py
[2024-12-13T01:27:04.189+0000] {processor.py:914} INFO - Processing file /opt/airflow/dags/dag2.py for tasks to queue
[2024-12-13T01:27:04.191+0000] {logging_mixin.py:190} INFO - [2024-12-13T01:27:04.191+0000] {dagbag.py:588} INFO - Filling up the DagBag from /opt/airflow/dags/dag2.py
[2024-12-13T01:27:04.292+0000] {processor.py:925} INFO - DAG(s) 'fetch_and_store_google_books' retrieved from /opt/airflow/dags/dag2.py
[2024-12-13T01:27:04.310+0000] {logging_mixin.py:190} INFO - [2024-12-13T01:27:04.309+0000] {dag.py:3239} INFO - Sync 1 DAGs
[2024-12-13T01:27:04.329+0000] {logging_mixin.py:190} INFO - [2024-12-13T01:27:04.329+0000] {dag.py:4180} INFO - Setting next_dagrun for fetch_and_store_google_books to 2024-12-13 00:00:00+00:00, run_after=2024-12-14 00:00:00+00:00
[2024-12-13T01:27:04.344+0000] {processor.py:208} INFO - Processing /opt/airflow/dags/dag2.py took 0.161 seconds
[2024-12-13T01:27:35.220+0000] {processor.py:186} INFO - Started process (PID=71826) to work on /opt/airflow/dags/dag2.py
[2024-12-13T01:27:35.221+0000] {processor.py:914} INFO - Processing file /opt/airflow/dags/dag2.py for tasks to queue
[2024-12-13T01:27:35.223+0000] {logging_mixin.py:190} INFO - [2024-12-13T01:27:35.223+0000] {dagbag.py:588} INFO - Filling up the DagBag from /opt/airflow/dags/dag2.py
[2024-12-13T01:27:35.318+0000] {processor.py:925} INFO - DAG(s) 'fetch_and_store_google_books' retrieved from /opt/airflow/dags/dag2.py
[2024-12-13T01:27:35.335+0000] {logging_mixin.py:190} INFO - [2024-12-13T01:27:35.335+0000] {dag.py:3239} INFO - Sync 1 DAGs
[2024-12-13T01:27:35.354+0000] {logging_mixin.py:190} INFO - [2024-12-13T01:27:35.354+0000] {dag.py:4180} INFO - Setting next_dagrun for fetch_and_store_google_books to 2024-12-13 00:00:00+00:00, run_after=2024-12-14 00:00:00+00:00
[2024-12-13T01:27:35.369+0000] {processor.py:208} INFO - Processing /opt/airflow/dags/dag2.py took 0.154 seconds
[2024-12-13T01:28:06.266+0000] {processor.py:186} INFO - Started process (PID=71892) to work on /opt/airflow/dags/dag2.py
[2024-12-13T01:28:06.267+0000] {processor.py:914} INFO - Processing file /opt/airflow/dags/dag2.py for tasks to queue
[2024-12-13T01:28:06.269+0000] {logging_mixin.py:190} INFO - [2024-12-13T01:28:06.269+0000] {dagbag.py:588} INFO - Filling up the DagBag from /opt/airflow/dags/dag2.py
[2024-12-13T01:28:06.362+0000] {processor.py:925} INFO - DAG(s) 'fetch_and_store_google_books' retrieved from /opt/airflow/dags/dag2.py
[2024-12-13T01:28:06.381+0000] {logging_mixin.py:190} INFO - [2024-12-13T01:28:06.381+0000] {dag.py:3239} INFO - Sync 1 DAGs
[2024-12-13T01:28:06.402+0000] {logging_mixin.py:190} INFO - [2024-12-13T01:28:06.402+0000] {dag.py:4180} INFO - Setting next_dagrun for fetch_and_store_google_books to 2024-12-13 00:00:00+00:00, run_after=2024-12-14 00:00:00+00:00
[2024-12-13T01:28:06.420+0000] {processor.py:208} INFO - Processing /opt/airflow/dags/dag2.py took 0.159 seconds
[2024-12-13T01:28:37.032+0000] {processor.py:186} INFO - Started process (PID=71957) to work on /opt/airflow/dags/dag2.py
[2024-12-13T01:28:37.033+0000] {processor.py:914} INFO - Processing file /opt/airflow/dags/dag2.py for tasks to queue
[2024-12-13T01:28:37.035+0000] {logging_mixin.py:190} INFO - [2024-12-13T01:28:37.034+0000] {dagbag.py:588} INFO - Filling up the DagBag from /opt/airflow/dags/dag2.py
[2024-12-13T01:28:37.126+0000] {processor.py:925} INFO - DAG(s) 'fetch_and_store_google_books' retrieved from /opt/airflow/dags/dag2.py
[2024-12-13T01:28:37.146+0000] {logging_mixin.py:190} INFO - [2024-12-13T01:28:37.145+0000] {dag.py:3239} INFO - Sync 1 DAGs
[2024-12-13T01:28:37.165+0000] {logging_mixin.py:190} INFO - [2024-12-13T01:28:37.165+0000] {dag.py:4180} INFO - Setting next_dagrun for fetch_and_store_google_books to 2024-12-13 00:00:00+00:00, run_after=2024-12-14 00:00:00+00:00
[2024-12-13T01:28:37.182+0000] {processor.py:208} INFO - Processing /opt/airflow/dags/dag2.py took 0.155 seconds
[2024-12-13T01:29:07.919+0000] {processor.py:186} INFO - Started process (PID=72023) to work on /opt/airflow/dags/dag2.py
[2024-12-13T01:29:07.920+0000] {processor.py:914} INFO - Processing file /opt/airflow/dags/dag2.py for tasks to queue
[2024-12-13T01:29:07.922+0000] {logging_mixin.py:190} INFO - [2024-12-13T01:29:07.921+0000] {dagbag.py:588} INFO - Filling up the DagBag from /opt/airflow/dags/dag2.py
[2024-12-13T01:29:08.012+0000] {processor.py:925} INFO - DAG(s) 'fetch_and_store_google_books' retrieved from /opt/airflow/dags/dag2.py
[2024-12-13T01:29:08.034+0000] {logging_mixin.py:190} INFO - [2024-12-13T01:29:08.034+0000] {dag.py:3239} INFO - Sync 1 DAGs
[2024-12-13T01:29:08.060+0000] {logging_mixin.py:190} INFO - [2024-12-13T01:29:08.060+0000] {dag.py:4180} INFO - Setting next_dagrun for fetch_and_store_google_books to 2024-12-13 00:00:00+00:00, run_after=2024-12-14 00:00:00+00:00
[2024-12-13T01:29:08.082+0000] {processor.py:208} INFO - Processing /opt/airflow/dags/dag2.py took 0.168 seconds
[2024-12-13T01:29:38.652+0000] {processor.py:186} INFO - Started process (PID=72088) to work on /opt/airflow/dags/dag2.py
[2024-12-13T01:29:38.653+0000] {processor.py:914} INFO - Processing file /opt/airflow/dags/dag2.py for tasks to queue
[2024-12-13T01:29:38.656+0000] {logging_mixin.py:190} INFO - [2024-12-13T01:29:38.655+0000] {dagbag.py:588} INFO - Filling up the DagBag from /opt/airflow/dags/dag2.py
[2024-12-13T01:29:38.751+0000] {processor.py:925} INFO - DAG(s) 'fetch_and_store_google_books' retrieved from /opt/airflow/dags/dag2.py
[2024-12-13T01:29:38.778+0000] {logging_mixin.py:190} INFO - [2024-12-13T01:29:38.777+0000] {dag.py:3239} INFO - Sync 1 DAGs
[2024-12-13T01:29:38.812+0000] {logging_mixin.py:190} INFO - [2024-12-13T01:29:38.812+0000] {dag.py:4180} INFO - Setting next_dagrun for fetch_and_store_google_books to 2024-12-13 00:00:00+00:00, run_after=2024-12-14 00:00:00+00:00
[2024-12-13T01:29:38.829+0000] {processor.py:208} INFO - Processing /opt/airflow/dags/dag2.py took 0.182 seconds
[2024-12-13T01:30:09.543+0000] {processor.py:186} INFO - Started process (PID=72153) to work on /opt/airflow/dags/dag2.py
[2024-12-13T01:30:09.544+0000] {processor.py:914} INFO - Processing file /opt/airflow/dags/dag2.py for tasks to queue
[2024-12-13T01:30:09.546+0000] {logging_mixin.py:190} INFO - [2024-12-13T01:30:09.545+0000] {dagbag.py:588} INFO - Filling up the DagBag from /opt/airflow/dags/dag2.py
[2024-12-13T01:30:09.639+0000] {processor.py:925} INFO - DAG(s) 'fetch_and_store_google_books' retrieved from /opt/airflow/dags/dag2.py
[2024-12-13T01:30:09.658+0000] {logging_mixin.py:190} INFO - [2024-12-13T01:30:09.657+0000] {dag.py:3239} INFO - Sync 1 DAGs
[2024-12-13T01:30:09.678+0000] {logging_mixin.py:190} INFO - [2024-12-13T01:30:09.678+0000] {dag.py:4180} INFO - Setting next_dagrun for fetch_and_store_google_books to 2024-12-13 00:00:00+00:00, run_after=2024-12-14 00:00:00+00:00
[2024-12-13T01:30:09.697+0000] {processor.py:208} INFO - Processing /opt/airflow/dags/dag2.py took 0.159 seconds
[2024-12-13T01:30:40.574+0000] {processor.py:186} INFO - Started process (PID=72218) to work on /opt/airflow/dags/dag2.py
[2024-12-13T01:30:40.575+0000] {processor.py:914} INFO - Processing file /opt/airflow/dags/dag2.py for tasks to queue
[2024-12-13T01:30:40.577+0000] {logging_mixin.py:190} INFO - [2024-12-13T01:30:40.576+0000] {dagbag.py:588} INFO - Filling up the DagBag from /opt/airflow/dags/dag2.py
[2024-12-13T01:30:40.667+0000] {processor.py:925} INFO - DAG(s) 'fetch_and_store_google_books' retrieved from /opt/airflow/dags/dag2.py
[2024-12-13T01:30:40.685+0000] {logging_mixin.py:190} INFO - [2024-12-13T01:30:40.685+0000] {dag.py:3239} INFO - Sync 1 DAGs
[2024-12-13T01:30:40.707+0000] {logging_mixin.py:190} INFO - [2024-12-13T01:30:40.706+0000] {dag.py:4180} INFO - Setting next_dagrun for fetch_and_store_google_books to 2024-12-13 00:00:00+00:00, run_after=2024-12-14 00:00:00+00:00
[2024-12-13T01:30:40.724+0000] {processor.py:208} INFO - Processing /opt/airflow/dags/dag2.py took 0.155 seconds
[2024-12-13T01:31:11.653+0000] {processor.py:186} INFO - Started process (PID=72283) to work on /opt/airflow/dags/dag2.py
[2024-12-13T01:31:11.654+0000] {processor.py:914} INFO - Processing file /opt/airflow/dags/dag2.py for tasks to queue
[2024-12-13T01:31:11.656+0000] {logging_mixin.py:190} INFO - [2024-12-13T01:31:11.656+0000] {dagbag.py:588} INFO - Filling up the DagBag from /opt/airflow/dags/dag2.py
[2024-12-13T01:31:11.753+0000] {processor.py:925} INFO - DAG(s) 'fetch_and_store_google_books' retrieved from /opt/airflow/dags/dag2.py
[2024-12-13T01:31:11.773+0000] {logging_mixin.py:190} INFO - [2024-12-13T01:31:11.772+0000] {dag.py:3239} INFO - Sync 1 DAGs
[2024-12-13T01:31:11.793+0000] {logging_mixin.py:190} INFO - [2024-12-13T01:31:11.793+0000] {dag.py:4180} INFO - Setting next_dagrun for fetch_and_store_google_books to 2024-12-13 00:00:00+00:00, run_after=2024-12-14 00:00:00+00:00
[2024-12-13T01:31:11.810+0000] {processor.py:208} INFO - Processing /opt/airflow/dags/dag2.py took 0.162 seconds
[2024-12-13T01:31:42.537+0000] {processor.py:186} INFO - Started process (PID=72349) to work on /opt/airflow/dags/dag2.py
[2024-12-13T01:31:42.538+0000] {processor.py:914} INFO - Processing file /opt/airflow/dags/dag2.py for tasks to queue
[2024-12-13T01:31:42.540+0000] {logging_mixin.py:190} INFO - [2024-12-13T01:31:42.539+0000] {dagbag.py:588} INFO - Filling up the DagBag from /opt/airflow/dags/dag2.py
[2024-12-13T01:31:42.633+0000] {processor.py:925} INFO - DAG(s) 'fetch_and_store_google_books' retrieved from /opt/airflow/dags/dag2.py
[2024-12-13T01:31:42.652+0000] {logging_mixin.py:190} INFO - [2024-12-13T01:31:42.652+0000] {dag.py:3239} INFO - Sync 1 DAGs
[2024-12-13T01:31:42.671+0000] {logging_mixin.py:190} INFO - [2024-12-13T01:31:42.671+0000] {dag.py:4180} INFO - Setting next_dagrun for fetch_and_store_google_books to 2024-12-13 00:00:00+00:00, run_after=2024-12-14 00:00:00+00:00
[2024-12-13T01:31:42.688+0000] {processor.py:208} INFO - Processing /opt/airflow/dags/dag2.py took 0.156 seconds
[2024-12-13T01:32:12.780+0000] {processor.py:186} INFO - Started process (PID=72376) to work on /opt/airflow/dags/dag2.py
[2024-12-13T01:32:12.781+0000] {processor.py:914} INFO - Processing file /opt/airflow/dags/dag2.py for tasks to queue
[2024-12-13T01:32:12.784+0000] {logging_mixin.py:190} INFO - [2024-12-13T01:32:12.783+0000] {dagbag.py:588} INFO - Filling up the DagBag from /opt/airflow/dags/dag2.py
[2024-12-13T01:32:12.902+0000] {processor.py:925} INFO - DAG(s) 'fetch_and_store_google_books' retrieved from /opt/airflow/dags/dag2.py
[2024-12-13T01:32:12.929+0000] {logging_mixin.py:190} INFO - [2024-12-13T01:32:12.928+0000] {dag.py:3239} INFO - Sync 1 DAGs
[2024-12-13T01:32:12.966+0000] {logging_mixin.py:190} INFO - [2024-12-13T01:32:12.965+0000] {dag.py:4180} INFO - Setting next_dagrun for fetch_and_store_google_books to 2024-12-13 00:00:00+00:00, run_after=2024-12-14 00:00:00+00:00
[2024-12-13T01:32:12.987+0000] {processor.py:208} INFO - Processing /opt/airflow/dags/dag2.py took 0.214 seconds
[2024-12-13T01:32:46.831+0000] {processor.py:186} INFO - Started process (PID=72441) to work on /opt/airflow/dags/dag2.py
[2024-12-13T01:32:46.832+0000] {processor.py:914} INFO - Processing file /opt/airflow/dags/dag2.py for tasks to queue
[2024-12-13T01:32:46.835+0000] {logging_mixin.py:190} INFO - [2024-12-13T01:32:46.834+0000] {dagbag.py:588} INFO - Filling up the DagBag from /opt/airflow/dags/dag2.py
[2024-12-13T01:32:46.933+0000] {processor.py:925} INFO - DAG(s) 'fetch_and_store_google_books' retrieved from /opt/airflow/dags/dag2.py
[2024-12-13T01:32:46.953+0000] {logging_mixin.py:190} INFO - [2024-12-13T01:32:46.953+0000] {dag.py:3239} INFO - Sync 1 DAGs
[2024-12-13T01:32:46.976+0000] {logging_mixin.py:190} INFO - [2024-12-13T01:32:46.976+0000] {dag.py:4180} INFO - Setting next_dagrun for fetch_and_store_google_books to 2024-12-13 00:00:00+00:00, run_after=2024-12-14 00:00:00+00:00
[2024-12-13T01:32:46.994+0000] {processor.py:208} INFO - Processing /opt/airflow/dags/dag2.py took 0.167 seconds
[2024-12-13T01:33:19.431+0000] {processor.py:186} INFO - Started process (PID=72506) to work on /opt/airflow/dags/dag2.py
[2024-12-13T01:33:19.432+0000] {processor.py:914} INFO - Processing file /opt/airflow/dags/dag2.py for tasks to queue
[2024-12-13T01:33:19.435+0000] {logging_mixin.py:190} INFO - [2024-12-13T01:33:19.435+0000] {dagbag.py:588} INFO - Filling up the DagBag from /opt/airflow/dags/dag2.py
[2024-12-13T01:33:19.557+0000] {processor.py:925} INFO - DAG(s) 'fetch_and_store_google_books' retrieved from /opt/airflow/dags/dag2.py
[2024-12-13T01:33:19.582+0000] {logging_mixin.py:190} INFO - [2024-12-13T01:33:19.581+0000] {dag.py:3239} INFO - Sync 1 DAGs
[2024-12-13T01:33:19.605+0000] {logging_mixin.py:190} INFO - [2024-12-13T01:33:19.605+0000] {dag.py:4180} INFO - Setting next_dagrun for fetch_and_store_google_books to 2024-12-13 00:00:00+00:00, run_after=2024-12-14 00:00:00+00:00
[2024-12-13T01:33:19.629+0000] {processor.py:208} INFO - Processing /opt/airflow/dags/dag2.py took 0.204 seconds
[2024-12-13T01:33:53.483+0000] {processor.py:186} INFO - Started process (PID=72571) to work on /opt/airflow/dags/dag2.py
[2024-12-13T01:33:53.484+0000] {processor.py:914} INFO - Processing file /opt/airflow/dags/dag2.py for tasks to queue
[2024-12-13T01:33:53.486+0000] {logging_mixin.py:190} INFO - [2024-12-13T01:33:53.486+0000] {dagbag.py:588} INFO - Filling up the DagBag from /opt/airflow/dags/dag2.py
[2024-12-13T01:33:53.577+0000] {processor.py:925} INFO - DAG(s) 'fetch_and_store_google_books' retrieved from /opt/airflow/dags/dag2.py
[2024-12-13T01:33:53.597+0000] {logging_mixin.py:190} INFO - [2024-12-13T01:33:53.596+0000] {dag.py:3239} INFO - Sync 1 DAGs
[2024-12-13T01:33:53.615+0000] {logging_mixin.py:190} INFO - [2024-12-13T01:33:53.615+0000] {dag.py:4180} INFO - Setting next_dagrun for fetch_and_store_google_books to 2024-12-13 00:00:00+00:00, run_after=2024-12-14 00:00:00+00:00
[2024-12-13T01:33:53.632+0000] {processor.py:208} INFO - Processing /opt/airflow/dags/dag2.py took 0.154 seconds
[2024-12-13T01:34:26.186+0000] {processor.py:186} INFO - Started process (PID=72636) to work on /opt/airflow/dags/dag2.py
[2024-12-13T01:34:26.187+0000] {processor.py:914} INFO - Processing file /opt/airflow/dags/dag2.py for tasks to queue
[2024-12-13T01:34:26.189+0000] {logging_mixin.py:190} INFO - [2024-12-13T01:34:26.189+0000] {dagbag.py:588} INFO - Filling up the DagBag from /opt/airflow/dags/dag2.py
[2024-12-13T01:34:26.280+0000] {processor.py:925} INFO - DAG(s) 'fetch_and_store_google_books' retrieved from /opt/airflow/dags/dag2.py
[2024-12-13T01:34:26.299+0000] {logging_mixin.py:190} INFO - [2024-12-13T01:34:26.298+0000] {dag.py:3239} INFO - Sync 1 DAGs
[2024-12-13T01:34:26.318+0000] {logging_mixin.py:190} INFO - [2024-12-13T01:34:26.318+0000] {dag.py:4180} INFO - Setting next_dagrun for fetch_and_store_google_books to 2024-12-13 00:00:00+00:00, run_after=2024-12-14 00:00:00+00:00
[2024-12-13T01:34:26.333+0000] {processor.py:208} INFO - Processing /opt/airflow/dags/dag2.py took 0.152 seconds
[2024-12-13T01:35:00.277+0000] {processor.py:186} INFO - Started process (PID=72701) to work on /opt/airflow/dags/dag2.py
[2024-12-13T01:35:00.278+0000] {processor.py:914} INFO - Processing file /opt/airflow/dags/dag2.py for tasks to queue
[2024-12-13T01:35:00.281+0000] {logging_mixin.py:190} INFO - [2024-12-13T01:35:00.280+0000] {dagbag.py:588} INFO - Filling up the DagBag from /opt/airflow/dags/dag2.py
[2024-12-13T01:35:00.377+0000] {processor.py:925} INFO - DAG(s) 'fetch_and_store_google_books' retrieved from /opt/airflow/dags/dag2.py
[2024-12-13T01:35:00.396+0000] {logging_mixin.py:190} INFO - [2024-12-13T01:35:00.396+0000] {dag.py:3239} INFO - Sync 1 DAGs
[2024-12-13T01:35:00.417+0000] {logging_mixin.py:190} INFO - [2024-12-13T01:35:00.417+0000] {dag.py:4180} INFO - Setting next_dagrun for fetch_and_store_google_books to 2024-12-13 00:00:00+00:00, run_after=2024-12-14 00:00:00+00:00
[2024-12-13T01:35:00.437+0000] {processor.py:208} INFO - Processing /opt/airflow/dags/dag2.py took 0.167 seconds
[2024-12-13T01:35:33.484+0000] {processor.py:186} INFO - Started process (PID=72766) to work on /opt/airflow/dags/dag2.py
[2024-12-13T01:35:33.485+0000] {processor.py:914} INFO - Processing file /opt/airflow/dags/dag2.py for tasks to queue
[2024-12-13T01:35:33.487+0000] {logging_mixin.py:190} INFO - [2024-12-13T01:35:33.487+0000] {dagbag.py:588} INFO - Filling up the DagBag from /opt/airflow/dags/dag2.py
[2024-12-13T01:35:33.584+0000] {processor.py:925} INFO - DAG(s) 'fetch_and_store_google_books' retrieved from /opt/airflow/dags/dag2.py
[2024-12-13T01:35:33.602+0000] {logging_mixin.py:190} INFO - [2024-12-13T01:35:33.602+0000] {dag.py:3239} INFO - Sync 1 DAGs
[2024-12-13T01:35:33.621+0000] {logging_mixin.py:190} INFO - [2024-12-13T01:35:33.621+0000] {dag.py:4180} INFO - Setting next_dagrun for fetch_and_store_google_books to 2024-12-13 00:00:00+00:00, run_after=2024-12-14 00:00:00+00:00
[2024-12-13T01:35:33.637+0000] {processor.py:208} INFO - Processing /opt/airflow/dags/dag2.py took 0.163 seconds
[2024-12-13T01:36:06.024+0000] {processor.py:186} INFO - Started process (PID=72831) to work on /opt/airflow/dags/dag2.py
[2024-12-13T01:36:06.025+0000] {processor.py:914} INFO - Processing file /opt/airflow/dags/dag2.py for tasks to queue
[2024-12-13T01:36:06.027+0000] {logging_mixin.py:190} INFO - [2024-12-13T01:36:06.027+0000] {dagbag.py:588} INFO - Filling up the DagBag from /opt/airflow/dags/dag2.py
[2024-12-13T01:36:06.121+0000] {processor.py:925} INFO - DAG(s) 'fetch_and_store_google_books' retrieved from /opt/airflow/dags/dag2.py
[2024-12-13T01:36:06.142+0000] {logging_mixin.py:190} INFO - [2024-12-13T01:36:06.141+0000] {dag.py:3239} INFO - Sync 1 DAGs
[2024-12-13T01:36:06.162+0000] {logging_mixin.py:190} INFO - [2024-12-13T01:36:06.162+0000] {dag.py:4180} INFO - Setting next_dagrun for fetch_and_store_google_books to 2024-12-13 00:00:00+00:00, run_after=2024-12-14 00:00:00+00:00
[2024-12-13T01:36:06.179+0000] {processor.py:208} INFO - Processing /opt/airflow/dags/dag2.py took 0.160 seconds
[2024-12-13T01:36:39.788+0000] {processor.py:186} INFO - Started process (PID=72896) to work on /opt/airflow/dags/dag2.py
[2024-12-13T01:36:39.790+0000] {processor.py:914} INFO - Processing file /opt/airflow/dags/dag2.py for tasks to queue
[2024-12-13T01:36:39.792+0000] {logging_mixin.py:190} INFO - [2024-12-13T01:36:39.792+0000] {dagbag.py:588} INFO - Filling up the DagBag from /opt/airflow/dags/dag2.py
[2024-12-13T01:36:39.899+0000] {processor.py:925} INFO - DAG(s) 'fetch_and_store_google_books' retrieved from /opt/airflow/dags/dag2.py
[2024-12-13T01:36:39.920+0000] {logging_mixin.py:190} INFO - [2024-12-13T01:36:39.919+0000] {dag.py:3239} INFO - Sync 1 DAGs
[2024-12-13T01:36:39.940+0000] {logging_mixin.py:190} INFO - [2024-12-13T01:36:39.940+0000] {dag.py:4180} INFO - Setting next_dagrun for fetch_and_store_google_books to 2024-12-13 00:00:00+00:00, run_after=2024-12-14 00:00:00+00:00
[2024-12-13T01:36:39.957+0000] {processor.py:208} INFO - Processing /opt/airflow/dags/dag2.py took 0.175 seconds
