[2024-12-11T20:54:23.825+0000] {local_task_job_runner.py:123} INFO - ::group::Pre task execution logs
[2024-12-11T20:54:23.885+0000] {taskinstance.py:2613} INFO - Dependencies all met for dep_context=non-requeueable deps ti=<TaskInstance: fetch_and_store_amazon_books.create_table scheduled__2024-11-25T00:00:00+00:00 [queued]>
[2024-12-11T20:54:23.899+0000] {taskinstance.py:2613} INFO - Dependencies all met for dep_context=requeueable deps ti=<TaskInstance: fetch_and_store_amazon_books.create_table scheduled__2024-11-25T00:00:00+00:00 [queued]>
[2024-12-11T20:54:23.902+0000] {taskinstance.py:2866} INFO - Starting attempt 1 of 2
[2024-12-11T20:54:23.933+0000] {taskinstance.py:2889} INFO - Executing <Task(PostgresOperator): create_table> on 2024-11-25 00:00:00+00:00
[2024-12-11T20:54:23.952+0000] {warnings.py:112} WARNING - /home/***/.local/lib/python3.12/site-packages/***/task/task_runner/standard_task_runner.py:70: DeprecationWarning: This process (pid=3397) is multi-threaded, use of fork() may lead to deadlocks in the child.
  pid = os.fork()

[2024-12-11T20:54:23.954+0000] {standard_task_runner.py:72} INFO - Started process 3432 to run task
[2024-12-11T20:54:23.980+0000] {standard_task_runner.py:104} INFO - Running: ['***', 'tasks', 'run', 'fetch_and_store_amazon_books', 'create_table', 'scheduled__2024-11-25T00:00:00+00:00', '--job-id', '600', '--raw', '--subdir', 'DAGS_FOLDER/app.py', '--cfg-path', '/tmp/tmp5j8u4vwo']
[2024-12-11T20:54:23.981+0000] {standard_task_runner.py:105} INFO - Job 600: Subtask create_table
[2024-12-11T20:54:24.086+0000] {task_command.py:467} INFO - Running <TaskInstance: fetch_and_store_amazon_books.create_table scheduled__2024-11-25T00:00:00+00:00 [running]> on host aaf3c4c4d810
[2024-12-11T20:54:24.363+0000] {taskinstance.py:3132} INFO - Exporting env vars: AIRFLOW_CTX_DAG_OWNER='***' AIRFLOW_CTX_DAG_ID='fetch_and_store_amazon_books' AIRFLOW_CTX_TASK_ID='create_table' AIRFLOW_CTX_EXECUTION_DATE='2024-11-25T00:00:00+00:00' AIRFLOW_CTX_TRY_NUMBER='1' AIRFLOW_CTX_DAG_RUN_ID='scheduled__2024-11-25T00:00:00+00:00'
[2024-12-11T20:54:24.370+0000] {logging_mixin.py:190} INFO - Task instance is in running state
[2024-12-11T20:54:24.374+0000] {logging_mixin.py:190} INFO -  Previous state of the Task instance: queued
[2024-12-11T20:54:24.375+0000] {logging_mixin.py:190} INFO - Current task name:create_table state:running start_date:2024-12-11 20:54:23.887040+00:00
[2024-12-11T20:54:24.376+0000] {logging_mixin.py:190} INFO - Dag name:fetch_and_store_amazon_books and current dag run status:running
[2024-12-11T20:54:24.376+0000] {taskinstance.py:731} INFO - ::endgroup::
[2024-12-11T20:54:24.377+0000] {sql.py:278} INFO - Executing: 
        CREATE TABLE IF NOT EXISTS books (
            id SERIAL PRIMARY KEY,
            title TEXT NOT NULL,
            authors TEXT,
            price TEXT,
            rating TEXT
        );
        
[2024-12-11T20:54:24.394+0000] {base.py:84} INFO - Retrieving connection 'books_connection'
[2024-12-11T20:54:24.437+0000] {base.py:84} INFO - Retrieving connection 'books_connection'
[2024-12-11T20:54:24.463+0000] {sql.py:544} INFO - Running statement: 
        CREATE TABLE IF NOT EXISTS books (
            id SERIAL PRIMARY KEY,
            title TEXT NOT NULL,
            authors TEXT,
            price TEXT,
            rating TEXT
        );
        , parameters: None
[2024-12-11T20:54:24.496+0000] {taskinstance.py:340} INFO - ::group::Post task execution logs
[2024-12-11T20:54:24.497+0000] {taskinstance.py:352} INFO - Marking task as SUCCESS. dag_id=fetch_and_store_amazon_books, task_id=create_table, run_id=scheduled__2024-11-25T00:00:00+00:00, execution_date=20241125T000000, start_date=20241211T205423, end_date=20241211T205424
[2024-12-11T20:54:24.557+0000] {logging_mixin.py:190} INFO - Task instance in success state
[2024-12-11T20:54:24.562+0000] {logging_mixin.py:190} INFO -  Previous state of the Task instance: running
[2024-12-11T20:54:24.563+0000] {logging_mixin.py:190} INFO - Dag name:fetch_and_store_amazon_books queued_at:2024-12-11 20:54:15.412546+00:00
[2024-12-11T20:54:24.564+0000] {logging_mixin.py:190} INFO - Task hostname:aaf3c4c4d810 operator:PostgresOperator
[2024-12-11T20:54:24.631+0000] {local_task_job_runner.py:266} INFO - Task exited with return code 0
[2024-12-11T20:54:24.660+0000] {local_task_job_runner.py:245} INFO - ::endgroup::
