[2024-12-11T20:43:31.043+0000] {local_task_job_runner.py:123} INFO - ::group::Pre task execution logs
[2024-12-11T20:43:31.102+0000] {taskinstance.py:2613} INFO - Dependencies all met for dep_context=non-requeueable deps ti=<TaskInstance: fetch_and_store_amazon_books.create_table scheduled__2024-10-19T00:00:00+00:00 [queued]>
[2024-12-11T20:43:31.116+0000] {taskinstance.py:2613} INFO - Dependencies all met for dep_context=requeueable deps ti=<TaskInstance: fetch_and_store_amazon_books.create_table scheduled__2024-10-19T00:00:00+00:00 [queued]>
[2024-12-11T20:43:31.118+0000] {taskinstance.py:2866} INFO - Starting attempt 1 of 2
[2024-12-11T20:43:31.180+0000] {taskinstance.py:2889} INFO - Executing <Task(PostgresOperator): create_table> on 2024-10-19 00:00:00+00:00
[2024-12-11T20:43:31.261+0000] {warnings.py:112} WARNING - /home/***/.local/lib/python3.12/site-packages/***/task/task_runner/standard_task_runner.py:70: DeprecationWarning: This process (pid=2749) is multi-threaded, use of fork() may lead to deadlocks in the child.
  pid = os.fork()

[2024-12-11T20:43:31.263+0000] {standard_task_runner.py:104} INFO - Running: ['***', 'tasks', 'run', 'fetch_and_store_amazon_books', 'create_table', 'scheduled__2024-10-19T00:00:00+00:00', '--job-id', '474', '--raw', '--subdir', 'DAGS_FOLDER/app.py', '--cfg-path', '/tmp/tmprwq9336p']
[2024-12-11T20:43:31.268+0000] {standard_task_runner.py:105} INFO - Job 474: Subtask create_table
[2024-12-11T20:43:31.268+0000] {standard_task_runner.py:72} INFO - Started process 2799 to run task
[2024-12-11T20:43:31.532+0000] {task_command.py:467} INFO - Running <TaskInstance: fetch_and_store_amazon_books.create_table scheduled__2024-10-19T00:00:00+00:00 [running]> on host aaf3c4c4d810
[2024-12-11T20:43:32.026+0000] {taskinstance.py:3132} INFO - Exporting env vars: AIRFLOW_CTX_DAG_OWNER='***' AIRFLOW_CTX_DAG_ID='fetch_and_store_amazon_books' AIRFLOW_CTX_TASK_ID='create_table' AIRFLOW_CTX_EXECUTION_DATE='2024-10-19T00:00:00+00:00' AIRFLOW_CTX_TRY_NUMBER='1' AIRFLOW_CTX_DAG_RUN_ID='scheduled__2024-10-19T00:00:00+00:00'
[2024-12-11T20:43:32.028+0000] {logging_mixin.py:190} INFO - Task instance is in running state
[2024-12-11T20:43:32.028+0000] {logging_mixin.py:190} INFO -  Previous state of the Task instance: queued
[2024-12-11T20:43:32.029+0000] {logging_mixin.py:190} INFO - Current task name:create_table state:running start_date:2024-12-11 20:43:31.103554+00:00
[2024-12-11T20:43:32.029+0000] {logging_mixin.py:190} INFO - Dag name:fetch_and_store_amazon_books and current dag run status:running
[2024-12-11T20:43:32.031+0000] {taskinstance.py:731} INFO - ::endgroup::
[2024-12-11T20:43:32.032+0000] {sql.py:278} INFO - Executing: 
        CREATE TABLE IF NOT EXISTS books (
            id SERIAL PRIMARY KEY,
            title TEXT NOT NULL,
            authors TEXT,
            price TEXT,
            rating TEXT
        );
        
[2024-12-11T20:43:32.058+0000] {base.py:84} INFO - Retrieving connection 'books_connection'
[2024-12-11T20:43:32.090+0000] {base.py:84} INFO - Retrieving connection 'books_connection'
[2024-12-11T20:43:32.100+0000] {sql.py:544} INFO - Running statement: 
        CREATE TABLE IF NOT EXISTS books (
            id SERIAL PRIMARY KEY,
            title TEXT NOT NULL,
            authors TEXT,
            price TEXT,
            rating TEXT
        );
        , parameters: None
[2024-12-11T20:43:32.125+0000] {taskinstance.py:340} INFO - ::group::Post task execution logs
[2024-12-11T20:43:32.126+0000] {taskinstance.py:352} INFO - Marking task as SUCCESS. dag_id=fetch_and_store_amazon_books, task_id=create_table, run_id=scheduled__2024-10-19T00:00:00+00:00, execution_date=20241019T000000, start_date=20241211T204331, end_date=20241211T204332
[2024-12-11T20:43:32.145+0000] {logging_mixin.py:190} INFO - Task instance in success state
[2024-12-11T20:43:32.150+0000] {logging_mixin.py:190} INFO -  Previous state of the Task instance: running
[2024-12-11T20:43:32.150+0000] {logging_mixin.py:190} INFO - Dag name:fetch_and_store_amazon_books queued_at:2024-12-11 20:43:16.329929+00:00
[2024-12-11T20:43:32.151+0000] {logging_mixin.py:190} INFO - Task hostname:aaf3c4c4d810 operator:PostgresOperator
[2024-12-11T20:43:32.214+0000] {local_task_job_runner.py:266} INFO - Task exited with return code 0
[2024-12-11T20:43:32.256+0000] {local_task_job_runner.py:245} INFO - ::endgroup::
