[2024-12-11T21:18:56.828+0000] {local_task_job_runner.py:123} INFO - ::group::Pre task execution logs
[2024-12-11T21:18:56.846+0000] {taskinstance.py:2613} INFO - Dependencies all met for dep_context=non-requeueable deps ti=<TaskInstance: fetch_and_store_google_books.create_table scheduled__2024-07-16T00:00:00+00:00 [queued]>
[2024-12-11T21:18:56.854+0000] {taskinstance.py:2613} INFO - Dependencies all met for dep_context=requeueable deps ti=<TaskInstance: fetch_and_store_google_books.create_table scheduled__2024-07-16T00:00:00+00:00 [queued]>
[2024-12-11T21:18:56.855+0000] {taskinstance.py:2866} INFO - Starting attempt 1 of 2
[2024-12-11T21:18:56.870+0000] {taskinstance.py:2889} INFO - Executing <Task(PostgresOperator): create_table> on 2024-07-16 00:00:00+00:00
[2024-12-11T21:18:56.880+0000] {warnings.py:112} WARNING - /home/***/.local/lib/python3.12/site-packages/***/task/task_runner/standard_task_runner.py:70: DeprecationWarning: This process (pid=580) is multi-threaded, use of fork() may lead to deadlocks in the child.
  pid = os.fork()

[2024-12-11T21:18:56.882+0000] {standard_task_runner.py:72} INFO - Started process 590 to run task
[2024-12-11T21:18:56.882+0000] {standard_task_runner.py:104} INFO - Running: ['***', 'tasks', 'run', 'fetch_and_store_google_books', 'create_table', 'scheduled__2024-07-16T00:00:00+00:00', '--job-id', '763', '--raw', '--subdir', 'DAGS_FOLDER/dag2.py', '--cfg-path', '/tmp/tmpxhi9hdos']
[2024-12-11T21:18:56.884+0000] {standard_task_runner.py:105} INFO - Job 763: Subtask create_table
[2024-12-11T21:18:56.933+0000] {task_command.py:467} INFO - Running <TaskInstance: fetch_and_store_google_books.create_table scheduled__2024-07-16T00:00:00+00:00 [running]> on host bb74d1700244
[2024-12-11T21:18:57.048+0000] {taskinstance.py:3132} INFO - Exporting env vars: AIRFLOW_CTX_DAG_OWNER='***' AIRFLOW_CTX_DAG_ID='fetch_and_store_google_books' AIRFLOW_CTX_TASK_ID='create_table' AIRFLOW_CTX_EXECUTION_DATE='2024-07-16T00:00:00+00:00' AIRFLOW_CTX_TRY_NUMBER='1' AIRFLOW_CTX_DAG_RUN_ID='scheduled__2024-07-16T00:00:00+00:00'
[2024-12-11T21:18:57.050+0000] {logging_mixin.py:190} INFO - Task instance is in running state
[2024-12-11T21:18:57.050+0000] {logging_mixin.py:190} INFO -  Previous state of the Task instance: queued
[2024-12-11T21:18:57.051+0000] {logging_mixin.py:190} INFO - Current task name:create_table state:running start_date:2024-12-11 21:18:56.846954+00:00
[2024-12-11T21:18:57.051+0000] {logging_mixin.py:190} INFO - Dag name:fetch_and_store_google_books and current dag run status:running
[2024-12-11T21:18:57.052+0000] {taskinstance.py:731} INFO - ::endgroup::
[2024-12-11T21:18:57.052+0000] {sql.py:278} INFO - Executing:  
        CREATE TABLE IF NOT EXISTS google_books (
            id SERIAL PRIMARY KEY,
            title TEXT NOT NULL,
            authors TEXT,
            price TEXT,
            rating TEXT,
            link TEXT
        );
        
[2024-12-11T21:18:57.062+0000] {base.py:84} INFO - Retrieving connection 'books_connection2'
[2024-12-11T21:18:57.071+0000] {base.py:84} INFO - Retrieving connection 'books_connection2'
[2024-12-11T21:18:57.075+0000] {sql.py:544} INFO - Running statement:  
        CREATE TABLE IF NOT EXISTS google_books (
            id SERIAL PRIMARY KEY,
            title TEXT NOT NULL,
            authors TEXT,
            price TEXT,
            rating TEXT,
            link TEXT
        );
        , parameters: None
[2024-12-11T21:18:57.089+0000] {taskinstance.py:340} INFO - ::group::Post task execution logs
[2024-12-11T21:18:57.090+0000] {taskinstance.py:352} INFO - Marking task as SUCCESS. dag_id=fetch_and_store_google_books, task_id=create_table, run_id=scheduled__2024-07-16T00:00:00+00:00, execution_date=20240716T000000, start_date=20241211T211856, end_date=20241211T211857
[2024-12-11T21:18:57.100+0000] {logging_mixin.py:190} INFO - Task instance in success state
[2024-12-11T21:18:57.101+0000] {logging_mixin.py:190} INFO -  Previous state of the Task instance: running
[2024-12-11T21:18:57.102+0000] {logging_mixin.py:190} INFO - Dag name:fetch_and_store_google_books queued_at:2024-12-11 21:18:45.940990+00:00
[2024-12-11T21:18:57.102+0000] {logging_mixin.py:190} INFO - Task hostname:bb74d1700244 operator:PostgresOperator
[2024-12-11T21:18:57.137+0000] {local_task_job_runner.py:266} INFO - Task exited with return code 0
[2024-12-11T21:18:57.160+0000] {taskinstance.py:3895} INFO - 1 downstream tasks scheduled from follow-on schedule check
[2024-12-11T21:18:57.162+0000] {local_task_job_runner.py:245} INFO - ::endgroup::
