[2024-12-11T20:48:49.781+0000] {local_task_job_runner.py:123} INFO - ::group::Pre task execution logs
[2024-12-11T20:48:49.817+0000] {taskinstance.py:2613} INFO - Dependencies all met for dep_context=non-requeueable deps ti=<TaskInstance: fetch_and_store_amazon_books.create_table manual__2024-12-11T20:43:31.108356+00:00 [queued]>
[2024-12-11T20:48:49.838+0000] {taskinstance.py:2613} INFO - Dependencies all met for dep_context=requeueable deps ti=<TaskInstance: fetch_and_store_amazon_books.create_table manual__2024-12-11T20:43:31.108356+00:00 [queued]>
[2024-12-11T20:48:49.839+0000] {taskinstance.py:2866} INFO - Starting attempt 1 of 2
[2024-12-11T20:48:49.879+0000] {taskinstance.py:2889} INFO - Executing <Task(PostgresOperator): create_table> on 2024-12-11 20:43:31.108356+00:00
[2024-12-11T20:48:49.892+0000] {warnings.py:112} WARNING - /home/***/.local/lib/python3.12/site-packages/***/task/task_runner/standard_task_runner.py:70: DeprecationWarning: This process (pid=3029) is multi-threaded, use of fork() may lead to deadlocks in the child.
  pid = os.fork()

[2024-12-11T20:48:49.895+0000] {standard_task_runner.py:72} INFO - Started process 3059 to run task
[2024-12-11T20:48:49.897+0000] {standard_task_runner.py:104} INFO - Running: ['***', 'tasks', 'run', 'fetch_and_store_amazon_books', 'create_table', 'manual__2024-12-11T20:43:31.108356+00:00', '--job-id', '525', '--raw', '--subdir', 'DAGS_FOLDER/app.py', '--cfg-path', '/tmp/tmp_98gdkdu']
[2024-12-11T20:48:49.900+0000] {standard_task_runner.py:105} INFO - Job 525: Subtask create_table
[2024-12-11T20:48:50.033+0000] {task_command.py:467} INFO - Running <TaskInstance: fetch_and_store_amazon_books.create_table manual__2024-12-11T20:43:31.108356+00:00 [running]> on host aaf3c4c4d810
[2024-12-11T20:48:50.196+0000] {taskinstance.py:3132} INFO - Exporting env vars: AIRFLOW_CTX_DAG_OWNER='***' AIRFLOW_CTX_DAG_ID='fetch_and_store_amazon_books' AIRFLOW_CTX_TASK_ID='create_table' AIRFLOW_CTX_EXECUTION_DATE='2024-12-11T20:43:31.108356+00:00' AIRFLOW_CTX_TRY_NUMBER='1' AIRFLOW_CTX_DAG_RUN_ID='manual__2024-12-11T20:43:31.108356+00:00'
[2024-12-11T20:48:50.200+0000] {logging_mixin.py:190} INFO - Task instance is in running state
[2024-12-11T20:48:50.203+0000] {logging_mixin.py:190} INFO -  Previous state of the Task instance: queued
[2024-12-11T20:48:50.204+0000] {logging_mixin.py:190} INFO - Current task name:create_table state:running start_date:2024-12-11 20:48:49.818273+00:00
[2024-12-11T20:48:50.208+0000] {logging_mixin.py:190} INFO - Dag name:fetch_and_store_amazon_books and current dag run status:running
[2024-12-11T20:48:50.209+0000] {taskinstance.py:731} INFO - ::endgroup::
[2024-12-11T20:48:50.212+0000] {sql.py:278} INFO - Executing: 
        CREATE TABLE IF NOT EXISTS books (
            id SERIAL PRIMARY KEY,
            title TEXT NOT NULL,
            authors TEXT,
            price TEXT,
            rating TEXT
        );
        
[2024-12-11T20:48:50.227+0000] {base.py:84} INFO - Retrieving connection 'books_connection'
[2024-12-11T20:48:50.243+0000] {base.py:84} INFO - Retrieving connection 'books_connection'
[2024-12-11T20:48:50.256+0000] {sql.py:544} INFO - Running statement: 
        CREATE TABLE IF NOT EXISTS books (
            id SERIAL PRIMARY KEY,
            title TEXT NOT NULL,
            authors TEXT,
            price TEXT,
            rating TEXT
        );
        , parameters: None
[2024-12-11T20:48:50.284+0000] {taskinstance.py:340} INFO - ::group::Post task execution logs
[2024-12-11T20:48:50.287+0000] {taskinstance.py:352} INFO - Marking task as SUCCESS. dag_id=fetch_and_store_amazon_books, task_id=create_table, run_id=manual__2024-12-11T20:43:31.108356+00:00, execution_date=20241211T204331, start_date=20241211T204849, end_date=20241211T204850
[2024-12-11T20:48:50.306+0000] {logging_mixin.py:190} INFO - Task instance in success state
[2024-12-11T20:48:50.307+0000] {logging_mixin.py:190} INFO -  Previous state of the Task instance: running
[2024-12-11T20:48:50.308+0000] {logging_mixin.py:190} INFO - Dag name:fetch_and_store_amazon_books queued_at:2024-12-11 20:43:31.152668+00:00
[2024-12-11T20:48:50.309+0000] {logging_mixin.py:190} INFO - Task hostname:aaf3c4c4d810 operator:PostgresOperator
[2024-12-11T20:48:50.368+0000] {local_task_job_runner.py:266} INFO - Task exited with return code 0
[2024-12-11T20:48:50.421+0000] {taskinstance.py:3895} INFO - 1 downstream tasks scheduled from follow-on schedule check
[2024-12-11T20:48:50.433+0000] {local_task_job_runner.py:245} INFO - ::endgroup::
