[2024-12-11T21:27:04.042+0000] {local_task_job_runner.py:123} INFO - ::group::Pre task execution logs
[2024-12-11T21:27:04.064+0000] {taskinstance.py:2613} INFO - Dependencies all met for dep_context=non-requeueable deps ti=<TaskInstance: fetch_and_store_google_books.insert_book_data scheduled__2024-12-01T00:00:00+00:00 [queued]>
[2024-12-11T21:27:04.095+0000] {taskinstance.py:2613} INFO - Dependencies all met for dep_context=requeueable deps ti=<TaskInstance: fetch_and_store_google_books.insert_book_data scheduled__2024-12-01T00:00:00+00:00 [queued]>
[2024-12-11T21:27:04.095+0000] {taskinstance.py:2866} INFO - Starting attempt 1 of 2
[2024-12-11T21:27:04.120+0000] {taskinstance.py:2889} INFO - Executing <Task(PythonOperator): insert_book_data> on 2024-12-01 00:00:00+00:00
[2024-12-11T21:27:04.132+0000] {warnings.py:112} WARNING - /home/***/.local/lib/python3.12/site-packages/***/task/task_runner/standard_task_runner.py:70: DeprecationWarning: This process (pid=2418) is multi-threaded, use of fork() may lead to deadlocks in the child.
  pid = os.fork()

[2024-12-11T21:27:04.134+0000] {standard_task_runner.py:72} INFO - Started process 2442 to run task
[2024-12-11T21:27:04.135+0000] {standard_task_runner.py:104} INFO - Running: ['***', 'tasks', 'run', 'fetch_and_store_google_books', 'insert_book_data', 'scheduled__2024-12-01T00:00:00+00:00', '--job-id', '1202', '--raw', '--subdir', 'DAGS_FOLDER/dag2.py', '--cfg-path', '/tmp/tmphvzy0d02']
[2024-12-11T21:27:04.136+0000] {standard_task_runner.py:105} INFO - Job 1202: Subtask insert_book_data
[2024-12-11T21:27:04.202+0000] {task_command.py:467} INFO - Running <TaskInstance: fetch_and_store_google_books.insert_book_data scheduled__2024-12-01T00:00:00+00:00 [running]> on host bb74d1700244
[2024-12-11T21:27:04.316+0000] {taskinstance.py:3132} INFO - Exporting env vars: AIRFLOW_CTX_DAG_OWNER='***' AIRFLOW_CTX_DAG_ID='fetch_and_store_google_books' AIRFLOW_CTX_TASK_ID='insert_book_data' AIRFLOW_CTX_EXECUTION_DATE='2024-12-01T00:00:00+00:00' AIRFLOW_CTX_TRY_NUMBER='1' AIRFLOW_CTX_DAG_RUN_ID='scheduled__2024-12-01T00:00:00+00:00'
[2024-12-11T21:27:04.317+0000] {logging_mixin.py:190} INFO - Task instance is in running state
[2024-12-11T21:27:04.318+0000] {logging_mixin.py:190} INFO -  Previous state of the Task instance: queued
[2024-12-11T21:27:04.319+0000] {logging_mixin.py:190} INFO - Current task name:insert_book_data state:running start_date:2024-12-11 21:27:04.079372+00:00
[2024-12-11T21:27:04.319+0000] {logging_mixin.py:190} INFO - Dag name:fetch_and_store_google_books and current dag run status:running
[2024-12-11T21:27:04.320+0000] {taskinstance.py:731} INFO - ::endgroup::
[2024-12-11T21:27:04.345+0000] {base.py:84} INFO - Retrieving connection 'books_connection2'
[2024-12-11T21:27:04.350+0000] {sql.py:544} INFO - Running statement: 
    INSERT INTO google_books (title, authors, price, rating, link)
    VALUES (%s, %s, %s, %s, %s)
    , parameters: ('Data Engineering on Azure', 'Vlad Riscutia', 'Not Available', 'No Rating', 'http://books.google.co.in/books?id=q1Q5EAAAQBAJ&dq=data+engineering&hl=&source=gbs_api')
[2024-12-11T21:27:04.352+0000] {sql.py:553} INFO - Rows affected: 1
[2024-12-11T21:27:04.358+0000] {sql.py:544} INFO - Running statement: 
    INSERT INTO google_books (title, authors, price, rating, link)
    VALUES (%s, %s, %s, %s, %s)
    , parameters: ('Data Engineering with Python', 'Paul Crickard', 'Not Available', 'No Rating', 'https://play.google.com/store/books/details?id=9RYFEAAAQBAJ&source=gbs_api')
[2024-12-11T21:27:04.360+0000] {sql.py:553} INFO - Rows affected: 1
[2024-12-11T21:27:04.365+0000] {sql.py:544} INFO - Running statement: 
    INSERT INTO google_books (title, authors, price, rating, link)
    VALUES (%s, %s, %s, %s, %s)
    , parameters: ('Data Engineering with Google Cloud Platform', 'Adi Wijaya', 'Not Available', 'No Rating', 'https://play.google.com/store/books/details?id=AH9gEAAAQBAJ&source=gbs_api')
[2024-12-11T21:27:04.367+0000] {sql.py:553} INFO - Rows affected: 1
[2024-12-11T21:27:04.373+0000] {sql.py:544} INFO - Running statement: 
    INSERT INTO google_books (title, authors, price, rating, link)
    VALUES (%s, %s, %s, %s, %s)
    , parameters: ('Fundamentals of Data Engineering', 'Joe Reis, Matt Housley', 'Not Available', 'No Rating', 'http://books.google.co.in/books?id=3qd2EAAAQBAJ&dq=data+engineering&hl=&source=gbs_api')
[2024-12-11T21:27:04.390+0000] {sql.py:553} INFO - Rows affected: 1
[2024-12-11T21:27:04.395+0000] {sql.py:544} INFO - Running statement: 
    INSERT INTO google_books (title, authors, price, rating, link)
    VALUES (%s, %s, %s, %s, %s)
    , parameters: ('Data Engineering with Apache Spark, Delta Lake, and Lakehouse', 'Manoj Kukreja, Danil Zburivsky', 'Not Available', 'No Rating', 'https://play.google.com/store/books/details?id=XiJEEAAAQBAJ&source=gbs_api')
[2024-12-11T21:27:04.397+0000] {sql.py:553} INFO - Rows affected: 1
[2024-12-11T21:27:04.403+0000] {sql.py:544} INFO - Running statement: 
    INSERT INTO google_books (title, authors, price, rating, link)
    VALUES (%s, %s, %s, %s, %s)
    , parameters: ('97 Things Every Data Engineer Should Know', 'Tobias Macey', 'Not Available', 'No Rating', 'https://play.google.com/store/books/details?id=ZTQzEAAAQBAJ&source=gbs_api')
[2024-12-11T21:27:04.405+0000] {sql.py:553} INFO - Rows affected: 1
[2024-12-11T21:27:04.411+0000] {sql.py:544} INFO - Running statement: 
    INSERT INTO google_books (title, authors, price, rating, link)
    VALUES (%s, %s, %s, %s, %s)
    , parameters: ('The Rails Way', 'Obie Fernandez', 'Not Available', 'No Rating', 'http://books.google.co.in/books?id=bSfoGQkZYcQC&dq=data+engineering&hl=&source=gbs_api')
[2024-12-11T21:27:04.412+0000] {sql.py:553} INFO - Rows affected: 1
[2024-12-11T21:27:04.419+0000] {sql.py:544} INFO - Running statement: 
    INSERT INTO google_books (title, authors, price, rating, link)
    VALUES (%s, %s, %s, %s, %s)
    , parameters: ('The Pragmatic Programmer', 'David Thomas, Andrew Hunt', 'Not Available', 'No Rating', 'https://play.google.com/store/books/details?id=LhOlDwAAQBAJ&source=gbs_api')
[2024-12-11T21:27:04.421+0000] {sql.py:553} INFO - Rows affected: 1
[2024-12-11T21:27:04.426+0000] {sql.py:544} INFO - Running statement: 
    INSERT INTO google_books (title, authors, price, rating, link)
    VALUES (%s, %s, %s, %s, %s)
    , parameters: ('Data Teams', 'Jesse Anderson', 'Not Available', 'No Rating', 'http://books.google.co.in/books?id=6cMhzgEACAAJ&dq=data+engineering&hl=&source=gbs_api')
[2024-12-11T21:27:04.427+0000] {sql.py:553} INFO - Rows affected: 1
[2024-12-11T21:27:04.434+0000] {sql.py:544} INFO - Running statement: 
    INSERT INTO google_books (title, authors, price, rating, link)
    VALUES (%s, %s, %s, %s, %s)
    , parameters: ('Data Pipelines Pocket Reference', 'James Densmore', 'Not Available', 'No Rating', 'http://books.google.co.in/books?id=SxgcEAAAQBAJ&dq=data+engineering&hl=&source=gbs_api')
[2024-12-11T21:27:04.436+0000] {sql.py:553} INFO - Rows affected: 1
[2024-12-11T21:27:04.442+0000] {sql.py:544} INFO - Running statement: 
    INSERT INTO google_books (title, authors, price, rating, link)
    VALUES (%s, %s, %s, %s, %s)
    , parameters: ('Data-Driven Science and Engineering', 'Steven L. Brunton, J. Nathan Kutz', 'Not Available', 'No Rating', 'http://books.google.co.in/books?id=rxNkEAAAQBAJ&dq=data+engineering&hl=&source=gbs_api')
[2024-12-11T21:27:04.443+0000] {sql.py:553} INFO - Rows affected: 1
[2024-12-11T21:27:04.450+0000] {sql.py:544} INFO - Running statement: 
    INSERT INTO google_books (title, authors, price, rating, link)
    VALUES (%s, %s, %s, %s, %s)
    , parameters: ('Azure Data Engineering Cookbook', 'Ahmad Osama', 'Not Available', 'No Rating', 'https://play.google.com/store/books/details?id=G3UjEAAAQBAJ&source=gbs_api')
[2024-12-11T21:27:04.452+0000] {sql.py:553} INFO - Rows affected: 1
[2024-12-11T21:27:04.459+0000] {sql.py:544} INFO - Running statement: 
    INSERT INTO google_books (title, authors, price, rating, link)
    VALUES (%s, %s, %s, %s, %s)
    , parameters: ('Big Data Analytics in Traffic and Transportation Engineering: Emerging Research and Opportunities', 'Moridpour, Sara, Toran Pour, Alireza, Saghapour, Tayebeh', 'Not Available', 'No Rating', 'https://play.google.com/store/books/details?id=MvGCDwAAQBAJ&source=gbs_api')
[2024-12-11T21:27:04.461+0000] {sql.py:553} INFO - Rows affected: 1
[2024-12-11T21:27:04.471+0000] {sql.py:544} INFO - Running statement: 
    INSERT INTO google_books (title, authors, price, rating, link)
    VALUES (%s, %s, %s, %s, %s)
    , parameters: ('Advanced Data Analysis and Modelling in Chemical Engineering', "Denis Constales, Gregory S. Yablonsky, Dagmar R. D'hooge, Joris W. Thybaut, Guy B. Marin", 'Not Available', 'No Rating', 'https://play.google.com/store/books/details?id=IQ6dBAAAQBAJ&source=gbs_api')
[2024-12-11T21:27:04.472+0000] {sql.py:553} INFO - Rows affected: 1
[2024-12-11T21:27:04.479+0000] {sql.py:544} INFO - Running statement: 
    INSERT INTO google_books (title, authors, price, rating, link)
    VALUES (%s, %s, %s, %s, %s)
    , parameters: ('Azure Data Engineer Associate Certification Guide', 'Newton Alex', 'Not Available', 'No Rating', 'https://play.google.com/store/books/details?id=NCdcEAAAQBAJ&source=gbs_api')
[2024-12-11T21:27:04.481+0000] {sql.py:553} INFO - Rows affected: 1
[2024-12-11T21:27:04.486+0000] {sql.py:544} INFO - Running statement: 
    INSERT INTO google_books (title, authors, price, rating, link)
    VALUES (%s, %s, %s, %s, %s)
    , parameters: ('Advances in Artificial Intelligence and Data Engineering', 'Niranjan N. Chiplunkar, Takanori Fukao', 'Not Available', 'No Rating', 'http://books.google.co.in/books?id=iIhezgEACAAJ&dq=data+engineering&hl=&source=gbs_api')
[2024-12-11T21:27:04.488+0000] {sql.py:553} INFO - Rows affected: 1
[2024-12-11T21:27:04.495+0000] {sql.py:544} INFO - Running statement: 
    INSERT INTO google_books (title, authors, price, rating, link)
    VALUES (%s, %s, %s, %s, %s)
    , parameters: ('Data Warehousing Design and Advanced Engineering Applications: Methods for Complex Construction', 'Bellatreche, Ladjel', 'Not Available', 'No Rating', 'https://play.google.com/store/books/details?id=IsbJEPfJX_0C&source=gbs_api')
[2024-12-11T21:27:04.497+0000] {sql.py:553} INFO - Rows affected: 1
[2024-12-11T21:27:04.503+0000] {sql.py:544} INFO - Running statement: 
    INSERT INTO google_books (title, authors, price, rating, link)
    VALUES (%s, %s, %s, %s, %s)
    , parameters: ('Data Science from Scratch', 'Joel Grus', 'Not Available', 5, 'http://books.google.co.in/books?id=24kdCAAAQBAJ&dq=data+engineering&hl=&source=gbs_api')
[2024-12-11T21:27:04.504+0000] {sql.py:553} INFO - Rows affected: 1
[2024-12-11T21:27:04.510+0000] {sql.py:544} INFO - Running statement: 
    INSERT INTO google_books (title, authors, price, rating, link)
    VALUES (%s, %s, %s, %s, %s)
    , parameters: ('Intelligent Data Engineering and Analytics', 'Suresh Chandra Satapathy, Yu-Dong Zhang, Vikrant Bhateja, Ritanjali Majhi', 'Not Available', 'No Rating', 'https://play.google.com/store/books/details?id=lQ36DwAAQBAJ&source=gbs_api')
[2024-12-11T21:27:04.512+0000] {sql.py:553} INFO - Rows affected: 1
[2024-12-11T21:27:04.520+0000] {sql.py:544} INFO - Running statement: 
    INSERT INTO google_books (title, authors, price, rating, link)
    VALUES (%s, %s, %s, %s, %s)
    , parameters: ('Data-Driven Engineering Design', 'Ang Liu, Yuchen Wang, Xingzhi Wang', 'Not Available', 'No Rating', 'https://play.google.com/store/books/details?id=glJHEAAAQBAJ&source=gbs_api')
[2024-12-11T21:27:04.521+0000] {sql.py:553} INFO - Rows affected: 1
[2024-12-11T21:27:04.527+0000] {sql.py:544} INFO - Running statement: 
    INSERT INTO google_books (title, authors, price, rating, link)
    VALUES (%s, %s, %s, %s, %s)
    , parameters: ('Data Engineering', 'Olaf Wolkenhauer', 'Not Available', 5, 'https://play.google.com/store/books/details?id=0dPoREoo3bMC&source=gbs_api')
[2024-12-11T21:27:04.528+0000] {sql.py:553} INFO - Rows affected: 1
[2024-12-11T21:27:04.534+0000] {sql.py:544} INFO - Running statement: 
    INSERT INTO google_books (title, authors, price, rating, link)
    VALUES (%s, %s, %s, %s, %s)
    , parameters: ('Data Engineering and Intelligent Computing', 'Suresh Chandra Satapathy, Vikrant Bhateja, K. Srujan Raju, B. Janakiramaiah', 'Not Available', 'No Rating', 'https://play.google.com/store/books/details?id=niYmDwAAQBAJ&source=gbs_api')
[2024-12-11T21:27:04.537+0000] {sql.py:553} INFO - Rows affected: 1
[2024-12-11T21:27:04.542+0000] {sql.py:544} INFO - Running statement: 
    INSERT INTO google_books (title, authors, price, rating, link)
    VALUES (%s, %s, %s, %s, %s)
    , parameters: ('Enterprise Big Data Engineering, Analytics, and Management', 'Atzmueller, Martin', 'Not Available', 'No Rating', 'https://play.google.com/store/books/details?id=P5BJDAAAQBAJ&source=gbs_api')
[2024-12-11T21:27:04.543+0000] {sql.py:553} INFO - Rows affected: 1
[2024-12-11T21:27:04.549+0000] {sql.py:544} INFO - Running statement: 
    INSERT INTO google_books (title, authors, price, rating, link)
    VALUES (%s, %s, %s, %s, %s)
    , parameters: ('Systems, Patterns and Data Engineering with Geometric Calculi', 'Sebastià Xambó-Descamps', 'Not Available', 'No Rating', 'https://play.google.com/store/books/details?id=RvI4EAAAQBAJ&source=gbs_api')
[2024-12-11T21:27:04.551+0000] {sql.py:553} INFO - Rows affected: 1
[2024-12-11T21:27:04.556+0000] {sql.py:544} INFO - Running statement: 
    INSERT INTO google_books (title, authors, price, rating, link)
    VALUES (%s, %s, %s, %s, %s)
    , parameters: ('Intelligent Data Engineering and Automated Learning – IDEAL 2020', 'Cesar Analide, Paulo Novais, David Camacho, Hujun Yin', 'Not Available', 'No Rating', 'https://play.google.com/store/books/details?id=NScGEAAAQBAJ&source=gbs_api')
[2024-12-11T21:27:04.558+0000] {sql.py:553} INFO - Rows affected: 1
[2024-12-11T21:27:04.563+0000] {sql.py:544} INFO - Running statement: 
    INSERT INTO google_books (title, authors, price, rating, link)
    VALUES (%s, %s, %s, %s, %s)
    , parameters: ('Architecting Modern Data Platforms', 'Jan Kunigk, Ian Buss, Paul Wilkinson, Lars George', 'Not Available', 'No Rating', 'https://play.google.com/store/books/details?id=1qd9DwAAQBAJ&source=gbs_api')
[2024-12-11T21:27:04.564+0000] {sql.py:553} INFO - Rows affected: 1
[2024-12-11T21:27:04.570+0000] {sql.py:544} INFO - Running statement: 
    INSERT INTO google_books (title, authors, price, rating, link)
    VALUES (%s, %s, %s, %s, %s)
    , parameters: ('Sharing Data and Models in Software Engineering', 'Tim Menzies, Ekrem Kocaguneli, Burak Turhan, Leandro Minku, Fayola Peters', 'Not Available', 'No Rating', 'https://play.google.com/store/books/details?id=Qj3LAwAAQBAJ&source=gbs_api')
[2024-12-11T21:27:04.571+0000] {sql.py:553} INFO - Rows affected: 1
[2024-12-11T21:27:04.576+0000] {sql.py:544} INFO - Running statement: 
    INSERT INTO google_books (title, authors, price, rating, link)
    VALUES (%s, %s, %s, %s, %s)
    , parameters: ('Reference Data for Engineers', 'Mac E. Van Valkenburg, Wendy M. Middleton', 'Not Available', 5, 'http://books.google.co.in/books?id=R67HARlhisYC&dq=data+engineering&hl=&source=gbs_api')
[2024-12-11T21:27:04.577+0000] {sql.py:553} INFO - Rows affected: 1
[2024-12-11T21:27:04.583+0000] {sql.py:544} INFO - Running statement: 
    INSERT INTO google_books (title, authors, price, rating, link)
    VALUES (%s, %s, %s, %s, %s)
    , parameters: ('Engineering Data on Mixing', 'Reiji Reiji Mezaki, Masafumi Masafumi Mochizuki, Kohei Ogawa', 'Not Available', 'No Rating', 'https://play.google.com/store/books/details?id=6PDnxdmwlKUC&source=gbs_api')
[2024-12-11T21:27:04.585+0000] {sql.py:553} INFO - Rows affected: 1
[2024-12-11T21:27:04.590+0000] {sql.py:544} INFO - Running statement: 
    INSERT INTO google_books (title, authors, price, rating, link)
    VALUES (%s, %s, %s, %s, %s)
    , parameters: ('Data Engineering and Data Science', 'Kukatlapalli Pradeep Kumar, Aynur Unal, Vinay Jha Pillai, Hari Murthy, M. Niranjanamurthy', 'Not Available', 'No Rating', 'https://play.google.com/store/books/details?id=5wfUEAAAQBAJ&source=gbs_api')
[2024-12-11T21:27:04.591+0000] {sql.py:553} INFO - Rows affected: 1
[2024-12-11T21:27:04.611+0000] {sql.py:544} INFO - Running statement: 
    INSERT INTO google_books (title, authors, price, rating, link)
    VALUES (%s, %s, %s, %s, %s)
    , parameters: ('Recent Advances in Artificial Intelligence and Data Engineering', 'Pushparaj Shetty D., Surendra Shetty', 'Not Available', 'No Rating', 'https://play.google.com/store/books/details?id=6bJLEAAAQBAJ&source=gbs_api')
[2024-12-11T21:27:04.615+0000] {sql.py:553} INFO - Rows affected: 1
[2024-12-11T21:27:04.624+0000] {sql.py:544} INFO - Running statement: 
    INSERT INTO google_books (title, authors, price, rating, link)
    VALUES (%s, %s, %s, %s, %s)
    , parameters: ('Data Science in Engineering and Management', 'Zdzislaw Polkowski, Sambit Kumar Mishra, Julian Vasilev', 'Not Available', 'No Rating', 'http://books.google.co.in/books?id=_vNUEAAAQBAJ&dq=data+engineering&hl=&source=gbs_api')
[2024-12-11T21:27:04.625+0000] {sql.py:553} INFO - Rows affected: 1
[2024-12-11T21:27:04.632+0000] {sql.py:544} INFO - Running statement: 
    INSERT INTO google_books (title, authors, price, rating, link)
    VALUES (%s, %s, %s, %s, %s)
    , parameters: ('The Definitive Guide to Azure Data Engineering', "Ron C. L'Esteve", 'Not Available', 'No Rating', 'http://books.google.co.in/books?id=vWx1zgEACAAJ&dq=data+engineering&hl=&source=gbs_api')
[2024-12-11T21:27:04.634+0000] {sql.py:553} INFO - Rows affected: 1
[2024-12-11T21:27:04.640+0000] {sql.py:544} INFO - Running statement: 
    INSERT INTO google_books (title, authors, price, rating, link)
    VALUES (%s, %s, %s, %s, %s)
    , parameters: ('The Self-Service Data Roadmap', 'Sandeep Uttamchandani', 'Not Available', 'No Rating', 'https://play.google.com/store/books/details?id=pEn8DwAAQBAJ&source=gbs_api')
[2024-12-11T21:27:04.642+0000] {sql.py:553} INFO - Rows affected: 1
[2024-12-11T21:27:04.648+0000] {sql.py:544} INFO - Running statement: 
    INSERT INTO google_books (title, authors, price, rating, link)
    VALUES (%s, %s, %s, %s, %s)
    , parameters: ('Engineering Agile Big-Data Systems', 'Feeney, Kevin, Davies, Jim, Hellmann, Sebastian', 'Not Available', 'No Rating', 'http://books.google.co.in/books?id=btd8DwAAQBAJ&dq=data+engineering&hl=&source=gbs_api')
[2024-12-11T21:27:04.650+0000] {sql.py:553} INFO - Rows affected: 1
[2024-12-11T21:27:04.660+0000] {sql.py:544} INFO - Running statement: 
    INSERT INTO google_books (title, authors, price, rating, link)
    VALUES (%s, %s, %s, %s, %s)
    , parameters: ('Azure Storage, Streaming, and Batch Analytics', 'Richard L. Nuckolls', 'Not Available', 'No Rating', 'http://books.google.co.in/books?id=BF4BEAAAQBAJ&dq=data+engineering&hl=&source=gbs_api')
[2024-12-11T21:27:04.662+0000] {sql.py:553} INFO - Rows affected: 1
[2024-12-11T21:27:04.671+0000] {sql.py:544} INFO - Running statement: 
    INSERT INTO google_books (title, authors, price, rating, link)
    VALUES (%s, %s, %s, %s, %s)
    , parameters: ('Deep Learning and Missing Data in Engineering Systems', 'Collins Achepsah Leke, Tshilidzi Marwala', 'Not Available', 'No Rating', 'http://books.google.co.in/books?id=8H3augEACAAJ&dq=data+engineering&hl=&source=gbs_api')
[2024-12-11T21:27:04.678+0000] {sql.py:553} INFO - Rows affected: 1
[2024-12-11T21:27:04.689+0000] {sql.py:544} INFO - Running statement: 
    INSERT INTO google_books (title, authors, price, rating, link)
    VALUES (%s, %s, %s, %s, %s)
    , parameters: ('Quantitative Methods of Data Analysis for the Physical Sciences and Engineering', 'Douglas G. Martinson', 'Not Available', 'No Rating', 'http://books.google.co.in/books?id=5jdqDwAAQBAJ&dq=data+engineering&hl=&source=gbs_api')
[2024-12-11T21:27:04.693+0000] {sql.py:553} INFO - Rows affected: 1
[2024-12-11T21:27:04.699+0000] {sql.py:544} INFO - Running statement: 
    INSERT INTO google_books (title, authors, price, rating, link)
    VALUES (%s, %s, %s, %s, %s)
    , parameters: ('Feature Engineering and Selection', 'Max Kuhn, Kjell Johnson', 'Not Available', 'No Rating', 'https://play.google.com/store/books/details?id=q5alDwAAQBAJ&source=gbs_api')
[2024-12-11T21:27:04.701+0000] {sql.py:553} INFO - Rows affected: 1
[2024-12-11T21:27:04.713+0000] {sql.py:544} INFO - Running statement: 
    INSERT INTO google_books (title, authors, price, rating, link)
    VALUES (%s, %s, %s, %s, %s)
    , parameters: ('Feature Engineering for Machine Learning', 'Alice Zheng, Amanda Casari', 'Not Available', 'No Rating', 'https://play.google.com/store/books/details?id=sthSDwAAQBAJ&source=gbs_api')
[2024-12-11T21:27:04.715+0000] {sql.py:553} INFO - Rows affected: 1
[2024-12-11T21:27:04.724+0000] {sql.py:544} INFO - Running statement: 
    INSERT INTO google_books (title, authors, price, rating, link)
    VALUES (%s, %s, %s, %s, %s)
    , parameters: ('Foundations of data engineering: concepts, principles and practices', 'Dr. RVS Praveen', 'Not Available', 'No Rating', 'https://play.google.com/store/books/details?id=rgwtEQAAQBAJ&source=gbs_api')
[2024-12-11T21:27:04.728+0000] {sql.py:553} INFO - Rows affected: 1
[2024-12-11T21:27:04.745+0000] {sql.py:544} INFO - Running statement: 
    INSERT INTO google_books (title, authors, price, rating, link)
    VALUES (%s, %s, %s, %s, %s)
    , parameters: ('Ultimate Data Engineering with Databricks', 'Mayank Malhotra', 'Not Available', 'No Rating', 'https://play.google.com/store/books/details?id=9hb1EAAAQBAJ&source=gbs_api')
[2024-12-11T21:27:04.747+0000] {sql.py:553} INFO - Rows affected: 1
[2024-12-11T21:27:04.759+0000] {sql.py:544} INFO - Running statement: 
    INSERT INTO google_books (title, authors, price, rating, link)
    VALUES (%s, %s, %s, %s, %s)
    , parameters: ('Big Data and Differential Privacy', 'Nii O. Attoh-Okine', 'Not Available', 'No Rating', 'https://play.google.com/store/books/details?id=TdPbDgAAQBAJ&source=gbs_api')
[2024-12-11T21:27:04.761+0000] {sql.py:553} INFO - Rows affected: 1
[2024-12-11T21:27:04.772+0000] {sql.py:544} INFO - Running statement: 
    INSERT INTO google_books (title, authors, price, rating, link)
    VALUES (%s, %s, %s, %s, %s)
    , parameters: ('Domain-driven Design', 'Eric Evans', 'Not Available', 5, 'http://books.google.co.in/books?id=xColAAPGubgC&dq=data+engineering&hl=&source=gbs_api')
[2024-12-11T21:27:04.776+0000] {sql.py:553} INFO - Rows affected: 1
[2024-12-11T21:27:04.786+0000] {sql.py:544} INFO - Running statement: 
    INSERT INTO google_books (title, authors, price, rating, link)
    VALUES (%s, %s, %s, %s, %s)
    , parameters: ('Spark: The Definitive Guide', 'Bill Chambers, Matei Zaharia', 'Not Available', 5, 'https://play.google.com/store/books/details?id=pitLDwAAQBAJ&source=gbs_api')
[2024-12-11T21:27:04.790+0000] {sql.py:553} INFO - Rows affected: 1
[2024-12-11T21:27:04.797+0000] {sql.py:544} INFO - Running statement: 
    INSERT INTO google_books (title, authors, price, rating, link)
    VALUES (%s, %s, %s, %s, %s)
    , parameters: ('Modern Data Engineering with Apache Spark', 'Scott Haines', 'Not Available', 'No Rating', 'http://books.google.co.in/books?id=HmGbzgEACAAJ&dq=data+engineering&hl=&source=gbs_api')
[2024-12-11T21:27:04.800+0000] {sql.py:553} INFO - Rows affected: 1
[2024-12-11T21:27:04.813+0000] {sql.py:544} INFO - Running statement: 
    INSERT INTO google_books (title, authors, price, rating, link)
    VALUES (%s, %s, %s, %s, %s)
    , parameters: ('Data Warehousing and Web Engineering', 'Becker, Shirley', 'Not Available', 'No Rating', 'https://play.google.com/store/books/details?id=HuwEhB1MT5cC&source=gbs_api')
[2024-12-11T21:27:04.814+0000] {sql.py:553} INFO - Rows affected: 1
[2024-12-11T21:27:04.820+0000] {sql.py:544} INFO - Running statement: 
    INSERT INTO google_books (title, authors, price, rating, link)
    VALUES (%s, %s, %s, %s, %s)
    , parameters: ('Learn Java the Easy Way', 'Bryson Payne', 'Not Available', 'No Rating', 'https://play.google.com/store/books/details?id=nLgrDwAAQBAJ&source=gbs_api')
[2024-12-11T21:27:04.822+0000] {sql.py:553} INFO - Rows affected: 1
[2024-12-11T21:27:04.830+0000] {sql.py:544} INFO - Running statement: 
    INSERT INTO google_books (title, authors, price, rating, link)
    VALUES (%s, %s, %s, %s, %s)
    , parameters: ('Mastering Kafka Streams and ksqlDB', 'Mitch Seymour', 'Not Available', 'No Rating', 'http://books.google.co.in/books?id=B-cZEAAAQBAJ&dq=data+engineering&hl=&source=gbs_api')
[2024-12-11T21:27:04.832+0000] {sql.py:553} INFO - Rows affected: 1
[2024-12-11T21:27:04.841+0000] {sql.py:544} INFO - Running statement: 
    INSERT INTO google_books (title, authors, price, rating, link)
    VALUES (%s, %s, %s, %s, %s)
    , parameters: ('Computational Intelligence for Multimedia Big Data on the Cloud with Engineering Applications', 'Arun Kumar Sangaiah, Zhiyong Zhang, Michael Sheng', 'Not Available', 'No Rating', 'https://play.google.com/store/books/details?id=-mtqDwAAQBAJ&source=gbs_api')
[2024-12-11T21:27:04.844+0000] {sql.py:553} INFO - Rows affected: 1
[2024-12-11T21:27:04.846+0000] {python.py:240} INFO - Done. Returned value was: None
[2024-12-11T21:27:04.861+0000] {taskinstance.py:340} INFO - ::group::Post task execution logs
[2024-12-11T21:27:04.861+0000] {taskinstance.py:352} INFO - Marking task as SUCCESS. dag_id=fetch_and_store_google_books, task_id=insert_book_data, run_id=scheduled__2024-12-01T00:00:00+00:00, execution_date=20241201T000000, start_date=20241211T212704, end_date=20241211T212704
[2024-12-11T21:27:04.928+0000] {logging_mixin.py:190} INFO - Task instance in success state
[2024-12-11T21:27:04.931+0000] {logging_mixin.py:190} INFO -  Previous state of the Task instance: running
[2024-12-11T21:27:04.932+0000] {logging_mixin.py:190} INFO - Dag name:fetch_and_store_google_books queued_at:2024-12-11 21:26:48.777883+00:00
[2024-12-11T21:27:04.933+0000] {logging_mixin.py:190} INFO - Task hostname:bb74d1700244 operator:PythonOperator
[2024-12-11T21:27:04.958+0000] {local_task_job_runner.py:266} INFO - Task exited with return code 0
[2024-12-11T21:27:04.982+0000] {taskinstance.py:3895} INFO - 0 downstream tasks scheduled from follow-on schedule check
[2024-12-11T21:27:04.985+0000] {local_task_job_runner.py:245} INFO - ::endgroup::
