[2024-12-15T12:20:51.115+0000] {local_task_job_runner.py:123} INFO - ::group::Pre task execution logs
[2024-12-15T12:20:51.131+0000] {taskinstance.py:2613} INFO - Dependencies all met for dep_context=non-requeueable deps ti=<TaskInstance: fetch_and_store_google_books.insert_book_data scheduled__2024-12-14T00:00:00+00:00 [queued]>
[2024-12-15T12:20:51.137+0000] {taskinstance.py:2613} INFO - Dependencies all met for dep_context=requeueable deps ti=<TaskInstance: fetch_and_store_google_books.insert_book_data scheduled__2024-12-14T00:00:00+00:00 [queued]>
[2024-12-15T12:20:51.138+0000] {taskinstance.py:2866} INFO - Starting attempt 1 of 2
[2024-12-15T12:20:51.149+0000] {taskinstance.py:2889} INFO - Executing <Task(PythonOperator): insert_book_data> on 2024-12-14 00:00:00+00:00
[2024-12-15T12:20:51.159+0000] {warnings.py:112} WARNING - /home/***/.local/lib/python3.12/site-packages/***/task/task_runner/standard_task_runner.py:70: DeprecationWarning: This process (pid=13736) is multi-threaded, use of fork() may lead to deadlocks in the child.
  pid = os.fork()

[2024-12-15T12:20:51.161+0000] {standard_task_runner.py:72} INFO - Started process 13738 to run task
[2024-12-15T12:20:51.161+0000] {standard_task_runner.py:104} INFO - Running: ['***', 'tasks', 'run', 'fetch_and_store_google_books', 'insert_book_data', 'scheduled__2024-12-14T00:00:00+00:00', '--job-id', '1243', '--raw', '--subdir', 'DAGS_FOLDER/dag2.py', '--cfg-path', '/tmp/tmpny66u5xq']
[2024-12-15T12:20:51.162+0000] {standard_task_runner.py:105} INFO - Job 1243: Subtask insert_book_data
[2024-12-15T12:20:51.204+0000] {task_command.py:467} INFO - Running <TaskInstance: fetch_and_store_google_books.insert_book_data scheduled__2024-12-14T00:00:00+00:00 [running]> on host bb74d1700244
[2024-12-15T12:20:51.280+0000] {taskinstance.py:3132} INFO - Exporting env vars: AIRFLOW_CTX_DAG_OWNER='***' AIRFLOW_CTX_DAG_ID='fetch_and_store_google_books' AIRFLOW_CTX_TASK_ID='insert_book_data' AIRFLOW_CTX_EXECUTION_DATE='2024-12-14T00:00:00+00:00' AIRFLOW_CTX_TRY_NUMBER='1' AIRFLOW_CTX_DAG_RUN_ID='scheduled__2024-12-14T00:00:00+00:00'
[2024-12-15T12:20:51.281+0000] {logging_mixin.py:190} INFO - Task instance is in running state
[2024-12-15T12:20:51.282+0000] {logging_mixin.py:190} INFO -  Previous state of the Task instance: queued
[2024-12-15T12:20:51.282+0000] {logging_mixin.py:190} INFO - Current task name:insert_book_data state:running start_date:2024-12-15 12:20:51.131699+00:00
[2024-12-15T12:20:51.283+0000] {logging_mixin.py:190} INFO - Dag name:fetch_and_store_google_books and current dag run status:running
[2024-12-15T12:20:51.283+0000] {taskinstance.py:731} INFO - ::endgroup::
[2024-12-15T12:20:51.301+0000] {base.py:84} INFO - Retrieving connection 'books_connection2'
[2024-12-15T12:20:51.304+0000] {sql.py:544} INFO - Running statement: 
    INSERT INTO google_books (title, authors, price, rating, link)
    VALUES (%s, %s, %s, %s, %s)
    , parameters: ('Data Engineering on Azure', 'Vlad Riscutia', 'Not Available', 'No Rating', 'http://books.google.co.in/books?id=q1Q5EAAAQBAJ&dq=data+engineering&hl=&source=gbs_api')
[2024-12-15T12:20:51.308+0000] {sql.py:553} INFO - Rows affected: 1
[2024-12-15T12:20:51.313+0000] {sql.py:544} INFO - Running statement: 
    INSERT INTO google_books (title, authors, price, rating, link)
    VALUES (%s, %s, %s, %s, %s)
    , parameters: ('Data Engineering with Python', 'Paul Crickard', 'Not Available', 'No Rating', 'https://play.google.com/store/books/details?id=9RYFEAAAQBAJ&source=gbs_api')
[2024-12-15T12:20:51.314+0000] {sql.py:553} INFO - Rows affected: 1
[2024-12-15T12:20:51.318+0000] {sql.py:544} INFO - Running statement: 
    INSERT INTO google_books (title, authors, price, rating, link)
    VALUES (%s, %s, %s, %s, %s)
    , parameters: ('Data Engineering with Google Cloud Platform', 'Adi Wijaya', 'Not Available', 'No Rating', 'https://play.google.com/store/books/details?id=AH9gEAAAQBAJ&source=gbs_api')
[2024-12-15T12:20:51.319+0000] {sql.py:553} INFO - Rows affected: 1
[2024-12-15T12:20:51.323+0000] {sql.py:544} INFO - Running statement: 
    INSERT INTO google_books (title, authors, price, rating, link)
    VALUES (%s, %s, %s, %s, %s)
    , parameters: ('Data Engineering with Apache Spark, Delta Lake, and Lakehouse', 'Manoj Kukreja, Danil Zburivsky', 'Not Available', 'No Rating', 'https://play.google.com/store/books/details?id=XiJEEAAAQBAJ&source=gbs_api')
[2024-12-15T12:20:51.324+0000] {sql.py:553} INFO - Rows affected: 1
[2024-12-15T12:20:51.328+0000] {sql.py:544} INFO - Running statement: 
    INSERT INTO google_books (title, authors, price, rating, link)
    VALUES (%s, %s, %s, %s, %s)
    , parameters: ('Fundamentals of Data Engineering', 'Joe Reis, Matt Housley', 'Not Available', 'No Rating', 'http://books.google.co.in/books?id=3qd2EAAAQBAJ&dq=data+engineering&hl=&source=gbs_api')
[2024-12-15T12:20:51.329+0000] {sql.py:553} INFO - Rows affected: 1
[2024-12-15T12:20:51.334+0000] {sql.py:544} INFO - Running statement: 
    INSERT INTO google_books (title, authors, price, rating, link)
    VALUES (%s, %s, %s, %s, %s)
    , parameters: ('97 Things Every Data Engineer Should Know', 'Tobias Macey', 'Not Available', 'No Rating', 'https://play.google.com/store/books/details?id=ZTQzEAAAQBAJ&source=gbs_api')
[2024-12-15T12:20:51.335+0000] {sql.py:553} INFO - Rows affected: 1
[2024-12-15T12:20:51.339+0000] {sql.py:544} INFO - Running statement: 
    INSERT INTO google_books (title, authors, price, rating, link)
    VALUES (%s, %s, %s, %s, %s)
    , parameters: ('The Rails Way', 'Obie Fernandez', 'Not Available', 'No Rating', 'http://books.google.co.in/books?id=bSfoGQkZYcQC&dq=data+engineering&hl=&source=gbs_api')
[2024-12-15T12:20:51.340+0000] {sql.py:553} INFO - Rows affected: 1
[2024-12-15T12:20:51.344+0000] {sql.py:544} INFO - Running statement: 
    INSERT INTO google_books (title, authors, price, rating, link)
    VALUES (%s, %s, %s, %s, %s)
    , parameters: ('The Pragmatic Programmer', 'David Thomas, Andrew Hunt', 'Not Available', 'No Rating', 'https://play.google.com/store/books/details?id=LhOlDwAAQBAJ&source=gbs_api')
[2024-12-15T12:20:51.345+0000] {sql.py:553} INFO - Rows affected: 1
[2024-12-15T12:20:51.349+0000] {sql.py:544} INFO - Running statement: 
    INSERT INTO google_books (title, authors, price, rating, link)
    VALUES (%s, %s, %s, %s, %s)
    , parameters: ('Data Teams', 'Jesse Anderson', 'Not Available', 'No Rating', 'http://books.google.co.in/books?id=6cMhzgEACAAJ&dq=data+engineering&hl=&source=gbs_api')
[2024-12-15T12:20:51.351+0000] {sql.py:553} INFO - Rows affected: 1
[2024-12-15T12:20:51.355+0000] {sql.py:544} INFO - Running statement: 
    INSERT INTO google_books (title, authors, price, rating, link)
    VALUES (%s, %s, %s, %s, %s)
    , parameters: ('Advances in Artificial Intelligence and Data Engineering', 'Niranjan N. Chiplunkar, Takanori Fukao', 'Not Available', 'No Rating', 'https://play.google.com/store/books/details?id=RXr3DwAAQBAJ&source=gbs_api')
[2024-12-15T12:20:51.356+0000] {sql.py:553} INFO - Rows affected: 1
[2024-12-15T12:20:51.360+0000] {sql.py:544} INFO - Running statement: 
    INSERT INTO google_books (title, authors, price, rating, link)
    VALUES (%s, %s, %s, %s, %s)
    , parameters: ('Official Google Cloud Certified Professional Data Engineer Study Guide', 'Dan Sullivan', 'Not Available', 'No Rating', 'https://play.google.com/store/books/details?id=lmjjDwAAQBAJ&source=gbs_api')
[2024-12-15T12:20:51.361+0000] {sql.py:553} INFO - Rows affected: 1
[2024-12-15T12:20:51.365+0000] {sql.py:544} INFO - Running statement: 
    INSERT INTO google_books (title, authors, price, rating, link)
    VALUES (%s, %s, %s, %s, %s)
    , parameters: ('Data-Driven Science and Engineering', 'Steven L. Brunton, J. Nathan Kutz', 'Not Available', 'No Rating', 'http://books.google.co.in/books?id=rxNkEAAAQBAJ&dq=data+engineering&hl=&source=gbs_api')
[2024-12-15T12:20:51.366+0000] {sql.py:553} INFO - Rows affected: 1
[2024-12-15T12:20:51.370+0000] {sql.py:544} INFO - Running statement: 
    INSERT INTO google_books (title, authors, price, rating, link)
    VALUES (%s, %s, %s, %s, %s)
    , parameters: ('Data Pipelines Pocket Reference', 'James Densmore', 'Not Available', 'No Rating', 'http://books.google.co.in/books?id=SxgcEAAAQBAJ&dq=data+engineering&hl=&source=gbs_api')
[2024-12-15T12:20:51.371+0000] {sql.py:553} INFO - Rows affected: 1
[2024-12-15T12:20:51.375+0000] {sql.py:544} INFO - Running statement: 
    INSERT INTO google_books (title, authors, price, rating, link)
    VALUES (%s, %s, %s, %s, %s)
    , parameters: ('Data Engineering and Communication Technology', 'K. Ashoka Reddy, B. Rama Devi, Boby George, K. Srujan Raju', 'Not Available', 'No Rating', 'https://play.google.com/store/books/details?id=48wvEAAAQBAJ&source=gbs_api')
[2024-12-15T12:20:51.376+0000] {sql.py:553} INFO - Rows affected: 1
[2024-12-15T12:20:51.380+0000] {sql.py:544} INFO - Running statement: 
    INSERT INTO google_books (title, authors, price, rating, link)
    VALUES (%s, %s, %s, %s, %s)
    , parameters: ('Azure Data Engineering Cookbook', 'Ahmad Osama', 'Not Available', 'No Rating', 'https://play.google.com/store/books/details?id=G3UjEAAAQBAJ&source=gbs_api')
[2024-12-15T12:20:51.381+0000] {sql.py:553} INFO - Rows affected: 1
[2024-12-15T12:20:51.385+0000] {sql.py:544} INFO - Running statement: 
    INSERT INTO google_books (title, authors, price, rating, link)
    VALUES (%s, %s, %s, %s, %s)
    , parameters: ('Emerging Research in Data Engineering Systems and Computer Communications', 'P. Venkata Krishna, Mohammad S. Obaidat', 'Not Available', 'No Rating', 'https://play.google.com/store/books/details?id=KIvPDwAAQBAJ&source=gbs_api')
[2024-12-15T12:20:51.386+0000] {sql.py:553} INFO - Rows affected: 1
[2024-12-15T12:20:51.390+0000] {sql.py:544} INFO - Running statement: 
    INSERT INTO google_books (title, authors, price, rating, link)
    VALUES (%s, %s, %s, %s, %s)
    , parameters: ('Perspectives on Data Science for Software Engineering', 'Tim Menzies, Laurie Williams, Thomas Zimmermann', 'Not Available', 5, 'https://play.google.com/store/books/details?id=Kc7nCQAAQBAJ&source=gbs_api')
[2024-12-15T12:20:51.392+0000] {sql.py:553} INFO - Rows affected: 1
[2024-12-15T12:20:51.396+0000] {sql.py:544} INFO - Running statement: 
    INSERT INTO google_books (title, authors, price, rating, link)
    VALUES (%s, %s, %s, %s, %s)
    , parameters: ('Azure Data Engineer Associate Certification Guide', 'Newton Alex', 'Not Available', 'No Rating', 'https://play.google.com/store/books/details?id=NCdcEAAAQBAJ&source=gbs_api')
[2024-12-15T12:20:51.397+0000] {sql.py:553} INFO - Rows affected: 1
[2024-12-15T12:20:51.401+0000] {sql.py:544} INFO - Running statement: 
    INSERT INTO google_books (title, authors, price, rating, link)
    VALUES (%s, %s, %s, %s, %s)
    , parameters: ('Systems, Patterns and Data Engineering with Geometric Calculi', 'Sebastià Xambó-Descamps', 'Not Available', 'No Rating', 'https://play.google.com/store/books/details?id=RvI4EAAAQBAJ&source=gbs_api')
[2024-12-15T12:20:51.402+0000] {sql.py:553} INFO - Rows affected: 1
[2024-12-15T12:20:51.406+0000] {sql.py:544} INFO - Running statement: 
    INSERT INTO google_books (title, authors, price, rating, link)
    VALUES (%s, %s, %s, %s, %s)
    , parameters: ('Data Engineering and Intelligent Computing', 'Suresh Chandra Satapathy, Vikrant Bhateja, K. Srujan Raju, B. Janakiramaiah', 'Not Available', 'No Rating', 'https://play.google.com/store/books/details?id=niYmDwAAQBAJ&source=gbs_api')
[2024-12-15T12:20:51.407+0000] {sql.py:553} INFO - Rows affected: 1
[2024-12-15T12:20:51.411+0000] {sql.py:544} INFO - Running statement: 
    INSERT INTO google_books (title, authors, price, rating, link)
    VALUES (%s, %s, %s, %s, %s)
    , parameters: ('Intelligent Data Engineering and Analytics', 'Suresh Chandra Satapathy, Yu-Dong Zhang, Vikrant Bhateja, Ritanjali Majhi', 'Not Available', 'No Rating', 'https://play.google.com/store/books/details?id=lQ36DwAAQBAJ&source=gbs_api')
[2024-12-15T12:20:51.412+0000] {sql.py:553} INFO - Rows affected: 1
[2024-12-15T12:20:51.416+0000] {sql.py:544} INFO - Running statement: 
    INSERT INTO google_books (title, authors, price, rating, link)
    VALUES (%s, %s, %s, %s, %s)
    , parameters: ('Enterprise Big Data Engineering, Analytics, and Management', 'Atzmueller, Martin', 'Not Available', 'No Rating', 'https://play.google.com/store/books/details?id=P5BJDAAAQBAJ&source=gbs_api')
[2024-12-15T12:20:51.417+0000] {sql.py:553} INFO - Rows affected: 1
[2024-12-15T12:20:51.421+0000] {sql.py:544} INFO - Running statement: 
    INSERT INTO google_books (title, authors, price, rating, link)
    VALUES (%s, %s, %s, %s, %s)
    , parameters: ('Intelligent Data Engineering and Automated Learning – IDEAL 2020', 'Cesar Analide, Paulo Novais, David Camacho, Hujun Yin', 'Not Available', 'No Rating', 'https://play.google.com/store/books/details?id=NScGEAAAQBAJ&source=gbs_api')
[2024-12-15T12:20:51.422+0000] {sql.py:553} INFO - Rows affected: 1
[2024-12-15T12:20:51.426+0000] {sql.py:544} INFO - Running statement: 
    INSERT INTO google_books (title, authors, price, rating, link)
    VALUES (%s, %s, %s, %s, %s)
    , parameters: ('Data Engineering Best Practices', 'Richard J. Schiller, David Larochelle', 'Not Available', 'No Rating', 'https://play.google.com/store/books/details?id=vr4gEQAAQBAJ&source=gbs_api')
[2024-12-15T12:20:51.427+0000] {sql.py:553} INFO - Rows affected: 1
[2024-12-15T12:20:51.430+0000] {sql.py:544} INFO - Running statement: 
    INSERT INTO google_books (title, authors, price, rating, link)
    VALUES (%s, %s, %s, %s, %s)
    , parameters: ('Advanced Data Analysis and Modelling in Chemical Engineering', "Denis Constales, Gregory S. Yablonsky, Dagmar R. D'hooge, Joris W. Thybaut, Guy B. Marin", 'Not Available', 'No Rating', 'https://play.google.com/store/books/details?id=IQ6dBAAAQBAJ&source=gbs_api')
[2024-12-15T12:20:51.431+0000] {sql.py:553} INFO - Rows affected: 1
[2024-12-15T12:20:51.435+0000] {sql.py:544} INFO - Running statement: 
    INSERT INTO google_books (title, authors, price, rating, link)
    VALUES (%s, %s, %s, %s, %s)
    , parameters: ('Big Data in Engineering Applications', 'Sanjiban Sekhar Roy, Pijush Samui, Ravinesh Deo, Stavros Ntalampiras', 'Not Available', 5, 'https://play.google.com/store/books/details?id=3XZZDwAAQBAJ&source=gbs_api')
[2024-12-15T12:20:51.436+0000] {sql.py:553} INFO - Rows affected: 1
[2024-12-15T12:20:51.440+0000] {sql.py:544} INFO - Running statement: 
    INSERT INTO google_books (title, authors, price, rating, link)
    VALUES (%s, %s, %s, %s, %s)
    , parameters: ('Proceedings of the International Conference on Data Engineering and Communication Technology', 'Suresh Chandra Satapathy, Vikrant Bhateja, Amit Joshi', 'Not Available', 5, 'https://play.google.com/store/books/details?id=e7_mDAAAQBAJ&source=gbs_api')
[2024-12-15T12:20:51.441+0000] {sql.py:553} INFO - Rows affected: 1
[2024-12-15T12:20:51.445+0000] {sql.py:544} INFO - Running statement: 
    INSERT INTO google_books (title, authors, price, rating, link)
    VALUES (%s, %s, %s, %s, %s)
    , parameters: ('Data Analytics for Engineering and Construction Project Risk Management', 'Ivan Damnjanovic, Kenneth Reinschmidt', 'Not Available', 'No Rating', 'https://play.google.com/store/books/details?id=uv-ZDwAAQBAJ&source=gbs_api')
[2024-12-15T12:20:51.447+0000] {sql.py:553} INFO - Rows affected: 1
[2024-12-15T12:20:51.450+0000] {sql.py:544} INFO - Running statement: 
    INSERT INTO google_books (title, authors, price, rating, link)
    VALUES (%s, %s, %s, %s, %s)
    , parameters: ('Computational Methods and Data Engineering', 'Vijendra Singh, Vijayan K. Asari, Sanjay Kumar, R. B. Patel', 'Not Available', 'No Rating', 'https://play.google.com/store/books/details?id=a374DwAAQBAJ&source=gbs_api')
[2024-12-15T12:20:51.451+0000] {sql.py:553} INFO - Rows affected: 1
[2024-12-15T12:20:51.455+0000] {sql.py:544} INFO - Running statement: 
    INSERT INTO google_books (title, authors, price, rating, link)
    VALUES (%s, %s, %s, %s, %s)
    , parameters: ('Spark: The Definitive Guide', 'Bill Chambers, Matei Zaharia', 'Not Available', 5, 'https://play.google.com/store/books/details?id=pitLDwAAQBAJ&source=gbs_api')
[2024-12-15T12:20:51.457+0000] {sql.py:553} INFO - Rows affected: 1
[2024-12-15T12:20:51.460+0000] {sql.py:544} INFO - Running statement: 
    INSERT INTO google_books (title, authors, price, rating, link)
    VALUES (%s, %s, %s, %s, %s)
    , parameters: ('Data Warehousing Design and Advanced Engineering Applications: Methods for Complex Construction', 'Bellatreche, Ladjel', 'Not Available', 'No Rating', 'https://play.google.com/store/books/details?id=IsbJEPfJX_0C&source=gbs_api')
[2024-12-15T12:20:51.462+0000] {sql.py:553} INFO - Rows affected: 1
[2024-12-15T12:20:51.465+0000] {sql.py:544} INFO - Running statement: 
    INSERT INTO google_books (title, authors, price, rating, link)
    VALUES (%s, %s, %s, %s, %s)
    , parameters: ('Streaming Systems', 'Tyler Akidau, Slava Chernyak, Reuven Lax', 'Not Available', 'No Rating', 'https://play.google.com/store/books/details?id=TAxlDwAAQBAJ&source=gbs_api')
[2024-12-15T12:20:51.466+0000] {sql.py:553} INFO - Rows affected: 1
[2024-12-15T12:20:51.470+0000] {sql.py:544} INFO - Running statement: 
    INSERT INTO google_books (title, authors, price, rating, link)
    VALUES (%s, %s, %s, %s, %s)
    , parameters: ('Reference Data for Engineers', 'Mac E. Van Valkenburg', 'Not Available', 5, 'http://books.google.co.in/books?id=R67HARlhisYC&dq=data+engineering&hl=&source=gbs_api')
[2024-12-15T12:20:51.472+0000] {sql.py:553} INFO - Rows affected: 1
[2024-12-15T12:20:51.476+0000] {sql.py:544} INFO - Running statement: 
    INSERT INTO google_books (title, authors, price, rating, link)
    VALUES (%s, %s, %s, %s, %s)
    , parameters: ('Big Data Analytics in Traffic and Transportation Engineering: Emerging Research and Opportunities', 'Moridpour, Sara, Toran Pour, Alireza, Saghapour, Tayebeh', 'Not Available', 'No Rating', 'https://play.google.com/store/books/details?id=MvGCDwAAQBAJ&source=gbs_api')
[2024-12-15T12:20:51.477+0000] {sql.py:553} INFO - Rows affected: 1
[2024-12-15T12:20:51.481+0000] {sql.py:544} INFO - Running statement: 
    INSERT INTO google_books (title, authors, price, rating, link)
    VALUES (%s, %s, %s, %s, %s)
    , parameters: ('Sharing Data and Models in Software Engineering', 'Tim Menzies, Ekrem Kocaguneli, Burak Turhan, Leandro Minku, Fayola Peters', 'Not Available', 'No Rating', 'https://play.google.com/store/books/details?id=Qj3LAwAAQBAJ&source=gbs_api')
[2024-12-15T12:20:51.482+0000] {sql.py:553} INFO - Rows affected: 1
[2024-12-15T12:20:51.486+0000] {sql.py:544} INFO - Running statement: 
    INSERT INTO google_books (title, authors, price, rating, link)
    VALUES (%s, %s, %s, %s, %s)
    , parameters: ('Data Engineering and Data Science', 'Kukatlapalli Pradeep Kumar, Aynur Unal, Vinay Jha Pillai, Hari Murthy, M. Niranjanamurthy', 'Not Available', 'No Rating', 'https://play.google.com/store/books/details?id=5wfUEAAAQBAJ&source=gbs_api')
[2024-12-15T12:20:51.487+0000] {sql.py:553} INFO - Rows affected: 1
[2024-12-15T12:20:51.491+0000] {sql.py:544} INFO - Running statement: 
    INSERT INTO google_books (title, authors, price, rating, link)
    VALUES (%s, %s, %s, %s, %s)
    , parameters: ('Big Data', 'James Warren, Nathan Marz', 'Not Available', 'No Rating', 'https://play.google.com/store/books/details?id=XjszEAAAQBAJ&source=gbs_api')
[2024-12-15T12:20:51.492+0000] {sql.py:553} INFO - Rows affected: 1
[2024-12-15T12:20:51.496+0000] {sql.py:544} INFO - Running statement: 
    INSERT INTO google_books (title, authors, price, rating, link)
    VALUES (%s, %s, %s, %s, %s)
    , parameters: ('Data Science from Scratch', 'Joel Grus', 'Not Available', 5, 'http://books.google.co.in/books?id=24kdCAAAQBAJ&dq=data+engineering&hl=&source=gbs_api')
[2024-12-15T12:20:51.497+0000] {sql.py:553} INFO - Rows affected: 1
[2024-12-15T12:20:51.501+0000] {sql.py:544} INFO - Running statement: 
    INSERT INTO google_books (title, authors, price, rating, link)
    VALUES (%s, %s, %s, %s, %s)
    , parameters: ('Architecting Modern Data Platforms', 'Jan Kunigk, Ian Buss, Paul Wilkinson, Lars George', 'Not Available', 'No Rating', 'https://play.google.com/store/books/details?id=1qd9DwAAQBAJ&source=gbs_api')
[2024-12-15T12:20:51.502+0000] {sql.py:553} INFO - Rows affected: 1
[2024-12-15T12:20:51.507+0000] {sql.py:544} INFO - Running statement: 
    INSERT INTO google_books (title, authors, price, rating, link)
    VALUES (%s, %s, %s, %s, %s)
    , parameters: ('Recent Advances in Artificial Intelligence and Data Engineering', 'Pushparaj Shetty D., Surendra Shetty', 'Not Available', 'No Rating', 'https://play.google.com/store/books/details?id=6bJLEAAAQBAJ&source=gbs_api')
[2024-12-15T12:20:51.508+0000] {sql.py:553} INFO - Rows affected: 1
[2024-12-15T12:20:51.512+0000] {sql.py:544} INFO - Running statement: 
    INSERT INTO google_books (title, authors, price, rating, link)
    VALUES (%s, %s, %s, %s, %s)
    , parameters: ('The Definitive Guide to Azure Data Engineering', "Ron C. L'Esteve", 'Not Available', 'No Rating', 'http://books.google.co.in/books?id=vWx1zgEACAAJ&dq=data+engineering&hl=&source=gbs_api')
[2024-12-15T12:20:51.513+0000] {sql.py:553} INFO - Rows affected: 1
[2024-12-15T12:20:51.517+0000] {sql.py:544} INFO - Running statement: 
    INSERT INTO google_books (title, authors, price, rating, link)
    VALUES (%s, %s, %s, %s, %s)
    , parameters: ('Learning Spark', 'Holden Karau, Andy Konwinski, Patrick Wendell, Matei Zaharia', 'Not Available', 5, 'http://books.google.co.in/books?id=tOptBgAAQBAJ&dq=data+engineering&hl=&source=gbs_api')
[2024-12-15T12:20:51.518+0000] {sql.py:553} INFO - Rows affected: 1
[2024-12-15T12:20:51.522+0000] {sql.py:544} INFO - Running statement: 
    INSERT INTO google_books (title, authors, price, rating, link)
    VALUES (%s, %s, %s, %s, %s)
    , parameters: ('Learn Java the Easy Way', 'Bryson Payne', 'Not Available', 'No Rating', 'https://play.google.com/store/books/details?id=nLgrDwAAQBAJ&source=gbs_api')
[2024-12-15T12:20:51.524+0000] {sql.py:553} INFO - Rows affected: 1
[2024-12-15T12:20:51.528+0000] {sql.py:544} INFO - Running statement: 
    INSERT INTO google_books (title, authors, price, rating, link)
    VALUES (%s, %s, %s, %s, %s)
    , parameters: ('Engineering Data on Mixing', 'Reiji Reiji Mezaki, Masafumi Masafumi Mochizuki, Kohei Ogawa', 'Not Available', 'No Rating', 'https://play.google.com/store/books/details?id=6PDnxdmwlKUC&source=gbs_api')
[2024-12-15T12:20:51.529+0000] {sql.py:553} INFO - Rows affected: 1
[2024-12-15T12:20:51.533+0000] {sql.py:544} INFO - Running statement: 
    INSERT INTO google_books (title, authors, price, rating, link)
    VALUES (%s, %s, %s, %s, %s)
    , parameters: ('DW 2.0: The Architecture for the Next Generation of Data Warehousing', 'W.H. Inmon, Derek Strauss, Genia Neushloss', 'Not Available', 5, 'https://play.google.com/store/books/details?id=a-qf-1mthiwC&source=gbs_api')
[2024-12-15T12:20:51.534+0000] {sql.py:553} INFO - Rows affected: 1
[2024-12-15T12:20:51.539+0000] {sql.py:544} INFO - Running statement: 
    INSERT INTO google_books (title, authors, price, rating, link)
    VALUES (%s, %s, %s, %s, %s)
    , parameters: ('Data Science in Engineering and Management', 'Zdzislaw Polkowski, Sambit Kumar Mishra, Julian Vasilev', 'Not Available', 'No Rating', 'http://books.google.co.in/books?id=_vNUEAAAQBAJ&dq=data+engineering&hl=&source=gbs_api')
[2024-12-15T12:20:51.540+0000] {sql.py:553} INFO - Rows affected: 1
[2024-12-15T12:20:51.544+0000] {sql.py:544} INFO - Running statement: 
    INSERT INTO google_books (title, authors, price, rating, link)
    VALUES (%s, %s, %s, %s, %s)
    , parameters: ('Concise Metals Engineering Data Book', 'Joseph R. Davis', 'Not Available', 'No Rating', 'https://play.google.com/store/books/details?id=A_SS2k2EsJ0C&source=gbs_api')
[2024-12-15T12:20:51.545+0000] {sql.py:553} INFO - Rows affected: 1
[2024-12-15T12:20:51.549+0000] {sql.py:544} INFO - Running statement: 
    INSERT INTO google_books (title, authors, price, rating, link)
    VALUES (%s, %s, %s, %s, %s)
    , parameters: ('Quantitative Methods of Data Analysis for the Physical Sciences and Engineering', 'Douglas G. Martinson', 'Not Available', 'No Rating', 'http://books.google.co.in/books?id=5jdqDwAAQBAJ&dq=data+engineering&hl=&source=gbs_api')
[2024-12-15T12:20:51.550+0000] {sql.py:553} INFO - Rows affected: 1
[2024-12-15T12:20:51.554+0000] {sql.py:544} INFO - Running statement: 
    INSERT INTO google_books (title, authors, price, rating, link)
    VALUES (%s, %s, %s, %s, %s)
    , parameters: ('Data Engineering', 'Brian Shive', 'Not Available', 'No Rating', 'http://books.google.co.in/books?id=qGS9wAEACAAJ&dq=data+engineering&hl=&source=gbs_api')
[2024-12-15T12:20:51.556+0000] {sql.py:553} INFO - Rows affected: 1
[2024-12-15T12:20:51.560+0000] {sql.py:544} INFO - Running statement: 
    INSERT INTO google_books (title, authors, price, rating, link)
    VALUES (%s, %s, %s, %s, %s)
    , parameters: ('Data Structure and Software Engineering', 'James L. Antonakos', 'Not Available', 'No Rating', 'https://play.google.com/store/books/details?id=uOtMBgAAQBAJ&source=gbs_api')
[2024-12-15T12:20:51.561+0000] {sql.py:553} INFO - Rows affected: 1
[2024-12-15T12:20:51.563+0000] {python.py:240} INFO - Done. Returned value was: None
[2024-12-15T12:20:51.572+0000] {taskinstance.py:340} INFO - ::group::Post task execution logs
[2024-12-15T12:20:51.572+0000] {taskinstance.py:352} INFO - Marking task as SUCCESS. dag_id=fetch_and_store_google_books, task_id=insert_book_data, run_id=scheduled__2024-12-14T00:00:00+00:00, execution_date=20241214T000000, start_date=20241215T122051, end_date=20241215T122051
[2024-12-15T12:20:51.580+0000] {logging_mixin.py:190} INFO - Task instance in success state
[2024-12-15T12:20:51.580+0000] {logging_mixin.py:190} INFO -  Previous state of the Task instance: running
[2024-12-15T12:20:51.581+0000] {logging_mixin.py:190} INFO - Dag name:fetch_and_store_google_books queued_at:2024-12-15 12:20:22.156076+00:00
[2024-12-15T12:20:51.581+0000] {logging_mixin.py:190} INFO - Task hostname:bb74d1700244 operator:PythonOperator
[2024-12-15T12:20:51.617+0000] {local_task_job_runner.py:266} INFO - Task exited with return code 0
[2024-12-15T12:20:51.632+0000] {taskinstance.py:3895} INFO - 0 downstream tasks scheduled from follow-on schedule check
[2024-12-15T12:20:51.635+0000] {local_task_job_runner.py:245} INFO - ::endgroup::
