[2024-12-14T09:13:02.699+0000] {local_task_job_runner.py:123} INFO - ::group::Pre task execution logs
[2024-12-14T09:13:02.742+0000] {taskinstance.py:2613} INFO - Dependencies all met for dep_context=non-requeueable deps ti=<TaskInstance: fetch_and_store_amazon_books.fetch_book_data scheduled__2024-12-13T00:00:00+00:00 [queued]>
[2024-12-14T09:13:02.767+0000] {taskinstance.py:2613} INFO - Dependencies all met for dep_context=requeueable deps ti=<TaskInstance: fetch_and_store_amazon_books.fetch_book_data scheduled__2024-12-13T00:00:00+00:00 [queued]>
[2024-12-14T09:13:02.769+0000] {taskinstance.py:2866} INFO - Starting attempt 1 of 2
[2024-12-14T09:13:02.808+0000] {taskinstance.py:2889} INFO - Executing <Task(PythonOperator): fetch_book_data> on 2024-12-13 00:00:00+00:00
[2024-12-14T09:13:02.827+0000] {warnings.py:112} WARNING - /home/***/.local/lib/python3.12/site-packages/***/task/task_runner/standard_task_runner.py:70: DeprecationWarning: This process (pid=11974) is multi-threaded, use of fork() may lead to deadlocks in the child.
  pid = os.fork()

[2024-12-14T09:13:02.830+0000] {standard_task_runner.py:72} INFO - Started process 11977 to run task
[2024-12-14T09:13:02.830+0000] {standard_task_runner.py:104} INFO - Running: ['***', 'tasks', 'run', 'fetch_and_store_amazon_books', 'fetch_book_data', 'scheduled__2024-12-13T00:00:00+00:00', '--job-id', '1234', '--raw', '--subdir', 'DAGS_FOLDER/app.py', '--cfg-path', '/tmp/tmpnp6yarv4']
[2024-12-14T09:13:02.832+0000] {standard_task_runner.py:105} INFO - Job 1234: Subtask fetch_book_data
[2024-12-14T09:13:02.931+0000] {task_command.py:467} INFO - Running <TaskInstance: fetch_and_store_amazon_books.fetch_book_data scheduled__2024-12-13T00:00:00+00:00 [running]> on host bb74d1700244
[2024-12-14T09:13:03.151+0000] {taskinstance.py:3132} INFO - Exporting env vars: AIRFLOW_CTX_DAG_OWNER='***' AIRFLOW_CTX_DAG_ID='fetch_and_store_amazon_books' AIRFLOW_CTX_TASK_ID='fetch_book_data' AIRFLOW_CTX_EXECUTION_DATE='2024-12-13T00:00:00+00:00' AIRFLOW_CTX_TRY_NUMBER='1' AIRFLOW_CTX_DAG_RUN_ID='scheduled__2024-12-13T00:00:00+00:00'
[2024-12-14T09:13:03.154+0000] {logging_mixin.py:190} INFO - Task instance is in running state
[2024-12-14T09:13:03.154+0000] {logging_mixin.py:190} INFO -  Previous state of the Task instance: queued
[2024-12-14T09:13:03.155+0000] {logging_mixin.py:190} INFO - Current task name:fetch_book_data state:running start_date:2024-12-14 09:13:02.744360+00:00
[2024-12-14T09:13:03.156+0000] {logging_mixin.py:190} INFO - Dag name:fetch_and_store_amazon_books and current dag run status:running
[2024-12-14T09:13:03.157+0000] {taskinstance.py:731} INFO - ::endgroup::
[2024-12-14T09:17:04.151+0000] {logging_mixin.py:190} INFO - Failed to fetch page 146. Status code: 503
[2024-12-14T09:17:04.168+0000] {python.py:240} INFO - Done. Returned value was: None
[2024-12-14T09:17:04.177+0000] {taskinstance.py:340} INFO - ::group::Post task execution logs
[2024-12-14T09:17:04.178+0000] {taskinstance.py:352} INFO - Marking task as SUCCESS. dag_id=fetch_and_store_amazon_books, task_id=fetch_book_data, run_id=scheduled__2024-12-13T00:00:00+00:00, execution_date=20241213T000000, start_date=20241214T091302, end_date=20241214T091704
[2024-12-14T09:17:04.186+0000] {logging_mixin.py:190} INFO - Task instance in success state
[2024-12-14T09:17:04.187+0000] {logging_mixin.py:190} INFO -  Previous state of the Task instance: running
[2024-12-14T09:17:04.187+0000] {logging_mixin.py:190} INFO - Dag name:fetch_and_store_amazon_books queued_at:2024-12-14 09:12:51.815685+00:00
[2024-12-14T09:17:04.188+0000] {logging_mixin.py:190} INFO - Task hostname:bb74d1700244 operator:PythonOperator
[2024-12-14T09:17:04.229+0000] {local_task_job_runner.py:266} INFO - Task exited with return code 0
[2024-12-14T09:17:07.998+0000] {taskinstance.py:3895} INFO - 0 downstream tasks scheduled from follow-on schedule check
[2024-12-14T09:17:08.000+0000] {local_task_job_runner.py:245} INFO - ::endgroup::
