[2024-12-11T19:22:08.495+0000] {processor.py:186} INFO - Started process (PID=4684) to work on /opt/airflow/dags/dag.py
[2024-12-11T19:22:08.495+0000] {processor.py:914} INFO - Processing file /opt/airflow/dags/dag.py for tasks to queue
[2024-12-11T19:22:08.497+0000] {logging_mixin.py:190} INFO - [2024-12-11T19:22:08.497+0000] {dagbag.py:588} INFO - Filling up the DagBag from /opt/airflow/dags/dag.py
[2024-12-11T19:22:08.688+0000] {processor.py:925} INFO - DAG(s) 'fetch_and_store_amazon_books' retrieved from /opt/airflow/dags/dag.py
[2024-12-11T19:22:08.774+0000] {logging_mixin.py:190} INFO - [2024-12-11T19:22:08.774+0000] {override.py:1911} INFO - Created Permission View: can edit on DAG:fetch_and_store_amazon_books
[2024-12-11T19:22:08.783+0000] {logging_mixin.py:190} INFO - [2024-12-11T19:22:08.782+0000] {override.py:1911} INFO - Created Permission View: can read on DAG:fetch_and_store_amazon_books
[2024-12-11T19:22:08.788+0000] {logging_mixin.py:190} INFO - [2024-12-11T19:22:08.788+0000] {override.py:1911} INFO - Created Permission View: can delete on DAG:fetch_and_store_amazon_books
[2024-12-11T19:22:08.793+0000] {logging_mixin.py:190} INFO - [2024-12-11T19:22:08.793+0000] {override.py:1911} INFO - Created Permission View: can create on DAG Run:fetch_and_store_amazon_books
[2024-12-11T19:22:08.798+0000] {logging_mixin.py:190} INFO - [2024-12-11T19:22:08.798+0000] {override.py:1911} INFO - Created Permission View: can read on DAG Run:fetch_and_store_amazon_books
[2024-12-11T19:22:08.803+0000] {logging_mixin.py:190} INFO - [2024-12-11T19:22:08.803+0000] {override.py:1911} INFO - Created Permission View: menu access on DAG Run:fetch_and_store_amazon_books
[2024-12-11T19:22:08.808+0000] {logging_mixin.py:190} INFO - [2024-12-11T19:22:08.808+0000] {override.py:1911} INFO - Created Permission View: can delete on DAG Run:fetch_and_store_amazon_books
[2024-12-11T19:22:08.809+0000] {logging_mixin.py:190} INFO - [2024-12-11T19:22:08.809+0000] {dag.py:3239} INFO - Sync 1 DAGs
[2024-12-11T19:22:08.819+0000] {logging_mixin.py:190} INFO - [2024-12-11T19:22:08.819+0000] {dag.py:3262} INFO - Creating ORM DAG for fetch_and_store_amazon_books
[2024-12-11T19:22:08.827+0000] {logging_mixin.py:190} INFO - [2024-12-11T19:22:08.827+0000] {dag.py:4180} INFO - Setting next_dagrun for fetch_and_store_amazon_books to 2024-06-20 00:00:00+00:00, run_after=2024-06-21 00:00:00+00:00
[2024-12-11T19:22:08.841+0000] {processor.py:208} INFO - Processing /opt/airflow/dags/dag.py took 0.351 seconds
[2024-12-11T19:22:39.110+0000] {processor.py:186} INFO - Started process (PID=4748) to work on /opt/airflow/dags/dag.py
[2024-12-11T19:22:39.111+0000] {processor.py:914} INFO - Processing file /opt/airflow/dags/dag.py for tasks to queue
[2024-12-11T19:22:39.113+0000] {logging_mixin.py:190} INFO - [2024-12-11T19:22:39.112+0000] {dagbag.py:588} INFO - Filling up the DagBag from /opt/airflow/dags/dag.py
[2024-12-11T19:22:39.201+0000] {processor.py:925} INFO - DAG(s) 'fetch_and_store_amazon_books' retrieved from /opt/airflow/dags/dag.py
[2024-12-11T19:22:39.218+0000] {logging_mixin.py:190} INFO - [2024-12-11T19:22:39.218+0000] {dag.py:3239} INFO - Sync 1 DAGs
[2024-12-11T19:22:39.236+0000] {logging_mixin.py:190} INFO - [2024-12-11T19:22:39.235+0000] {dag.py:4180} INFO - Setting next_dagrun for fetch_and_store_amazon_books to 2024-06-20 00:00:00+00:00, run_after=2024-06-21 00:00:00+00:00
[2024-12-11T19:22:39.250+0000] {processor.py:208} INFO - Processing /opt/airflow/dags/dag.py took 0.145 seconds
[2024-12-11T19:23:09.736+0000] {processor.py:186} INFO - Started process (PID=4812) to work on /opt/airflow/dags/dag.py
[2024-12-11T19:23:09.737+0000] {processor.py:914} INFO - Processing file /opt/airflow/dags/dag.py for tasks to queue
[2024-12-11T19:23:09.740+0000] {logging_mixin.py:190} INFO - [2024-12-11T19:23:09.739+0000] {dagbag.py:588} INFO - Filling up the DagBag from /opt/airflow/dags/dag.py
[2024-12-11T19:23:09.832+0000] {processor.py:925} INFO - DAG(s) 'fetch_and_store_amazon_books' retrieved from /opt/airflow/dags/dag.py
[2024-12-11T19:23:09.850+0000] {logging_mixin.py:190} INFO - [2024-12-11T19:23:09.850+0000] {dag.py:3239} INFO - Sync 1 DAGs
[2024-12-11T19:23:09.871+0000] {logging_mixin.py:190} INFO - [2024-12-11T19:23:09.870+0000] {dag.py:4180} INFO - Setting next_dagrun for fetch_and_store_amazon_books to 2024-06-20 00:00:00+00:00, run_after=2024-06-21 00:00:00+00:00
[2024-12-11T19:23:09.886+0000] {processor.py:208} INFO - Processing /opt/airflow/dags/dag.py took 0.156 seconds
