[2024-12-11T21:09:25.488+0000] {processor.py:186} INFO - Started process (PID=12177) to work on /opt/airflow/dags/dag2.py
[2024-12-11T21:09:25.489+0000] {processor.py:914} INFO - Processing file /opt/airflow/dags/dag2.py for tasks to queue
[2024-12-11T21:09:25.490+0000] {logging_mixin.py:190} INFO - [2024-12-11T21:09:25.489+0000] {dagbag.py:588} INFO - Filling up the DagBag from /opt/airflow/dags/dag2.py
[2024-12-11T21:09:25.597+0000] {processor.py:925} INFO - DAG(s) 'fetch_and_store_google_books' retrieved from /opt/airflow/dags/dag2.py
[2024-12-11T21:09:25.685+0000] {logging_mixin.py:190} INFO - [2024-12-11T21:09:25.684+0000] {override.py:1911} INFO - Created Permission View: can read on DAG:fetch_and_store_google_books
[2024-12-11T21:09:25.692+0000] {logging_mixin.py:190} INFO - [2024-12-11T21:09:25.692+0000] {override.py:1911} INFO - Created Permission View: can delete on DAG:fetch_and_store_google_books
[2024-12-11T21:09:25.698+0000] {logging_mixin.py:190} INFO - [2024-12-11T21:09:25.698+0000] {override.py:1911} INFO - Created Permission View: can edit on DAG:fetch_and_store_google_books
[2024-12-11T21:09:25.704+0000] {logging_mixin.py:190} INFO - [2024-12-11T21:09:25.704+0000] {override.py:1911} INFO - Created Permission View: can read on DAG Run:fetch_and_store_google_books
[2024-12-11T21:09:25.709+0000] {logging_mixin.py:190} INFO - [2024-12-11T21:09:25.709+0000] {override.py:1911} INFO - Created Permission View: can create on DAG Run:fetch_and_store_google_books
[2024-12-11T21:09:25.714+0000] {logging_mixin.py:190} INFO - [2024-12-11T21:09:25.713+0000] {override.py:1911} INFO - Created Permission View: menu access on DAG Run:fetch_and_store_google_books
[2024-12-11T21:09:25.718+0000] {logging_mixin.py:190} INFO - [2024-12-11T21:09:25.718+0000] {override.py:1911} INFO - Created Permission View: can delete on DAG Run:fetch_and_store_google_books
[2024-12-11T21:09:25.719+0000] {logging_mixin.py:190} INFO - [2024-12-11T21:09:25.719+0000] {dag.py:3239} INFO - Sync 1 DAGs
[2024-12-11T21:09:25.729+0000] {logging_mixin.py:190} INFO - [2024-12-11T21:09:25.729+0000] {dag.py:3262} INFO - Creating ORM DAG for fetch_and_store_google_books
[2024-12-11T21:09:25.736+0000] {logging_mixin.py:190} INFO - [2024-12-11T21:09:25.736+0000] {dag.py:4180} INFO - Setting next_dagrun for fetch_and_store_google_books to 2024-06-20 00:00:00+00:00, run_after=2024-06-21 00:00:00+00:00
[2024-12-11T21:09:25.755+0000] {processor.py:208} INFO - Processing /opt/airflow/dags/dag2.py took 0.272 seconds
[2024-12-11T21:09:56.707+0000] {processor.py:186} INFO - Started process (PID=12242) to work on /opt/airflow/dags/dag2.py
[2024-12-11T21:09:56.708+0000] {processor.py:914} INFO - Processing file /opt/airflow/dags/dag2.py for tasks to queue
[2024-12-11T21:09:56.709+0000] {logging_mixin.py:190} INFO - [2024-12-11T21:09:56.709+0000] {dagbag.py:588} INFO - Filling up the DagBag from /opt/airflow/dags/dag2.py
[2024-12-11T21:09:56.800+0000] {processor.py:925} INFO - DAG(s) 'fetch_and_store_google_books' retrieved from /opt/airflow/dags/dag2.py
[2024-12-11T21:09:56.817+0000] {logging_mixin.py:190} INFO - [2024-12-11T21:09:56.816+0000] {dag.py:3239} INFO - Sync 1 DAGs
[2024-12-11T21:09:56.833+0000] {logging_mixin.py:190} INFO - [2024-12-11T21:09:56.833+0000] {dag.py:4180} INFO - Setting next_dagrun for fetch_and_store_google_books to 2024-06-20 00:00:00+00:00, run_after=2024-06-21 00:00:00+00:00
[2024-12-11T21:09:56.851+0000] {processor.py:208} INFO - Processing /opt/airflow/dags/dag2.py took 0.150 seconds
[2024-12-11T21:10:27.628+0000] {processor.py:186} INFO - Started process (PID=12307) to work on /opt/airflow/dags/dag2.py
[2024-12-11T21:10:27.629+0000] {processor.py:914} INFO - Processing file /opt/airflow/dags/dag2.py for tasks to queue
[2024-12-11T21:10:27.630+0000] {logging_mixin.py:190} INFO - [2024-12-11T21:10:27.630+0000] {dagbag.py:588} INFO - Filling up the DagBag from /opt/airflow/dags/dag2.py
[2024-12-11T21:10:27.722+0000] {processor.py:925} INFO - DAG(s) 'fetch_and_store_google_books' retrieved from /opt/airflow/dags/dag2.py
[2024-12-11T21:10:27.739+0000] {logging_mixin.py:190} INFO - [2024-12-11T21:10:27.739+0000] {dag.py:3239} INFO - Sync 1 DAGs
[2024-12-11T21:10:27.757+0000] {logging_mixin.py:190} INFO - [2024-12-11T21:10:27.757+0000] {dag.py:4180} INFO - Setting next_dagrun for fetch_and_store_google_books to 2024-06-20 00:00:00+00:00, run_after=2024-06-21 00:00:00+00:00
[2024-12-11T21:10:27.772+0000] {processor.py:208} INFO - Processing /opt/airflow/dags/dag2.py took 0.149 seconds
[2024-12-11T21:11:42.804+0000] {processor.py:186} INFO - Started process (PID=65) to work on /opt/airflow/dags/dag2.py
[2024-12-11T21:11:42.806+0000] {processor.py:914} INFO - Processing file /opt/airflow/dags/dag2.py for tasks to queue
[2024-12-11T21:11:42.810+0000] {logging_mixin.py:190} INFO - [2024-12-11T21:11:42.809+0000] {dagbag.py:588} INFO - Filling up the DagBag from /opt/airflow/dags/dag2.py
[2024-12-11T21:11:43.017+0000] {processor.py:925} INFO - DAG(s) 'fetch_and_store_google_books' retrieved from /opt/airflow/dags/dag2.py
[2024-12-11T21:11:43.062+0000] {logging_mixin.py:190} INFO - [2024-12-11T21:11:43.061+0000] {dag.py:3239} INFO - Sync 1 DAGs
[2024-12-11T21:11:43.093+0000] {logging_mixin.py:190} INFO - [2024-12-11T21:11:43.093+0000] {dag.py:4180} INFO - Setting next_dagrun for fetch_and_store_google_books to 2024-06-20 00:00:00+00:00, run_after=2024-06-21 00:00:00+00:00
[2024-12-11T21:11:43.113+0000] {processor.py:208} INFO - Processing /opt/airflow/dags/dag2.py took 0.317 seconds
[2024-12-11T21:12:14.093+0000] {processor.py:186} INFO - Started process (PID=140) to work on /opt/airflow/dags/dag2.py
[2024-12-11T21:12:14.095+0000] {processor.py:914} INFO - Processing file /opt/airflow/dags/dag2.py for tasks to queue
[2024-12-11T21:12:14.099+0000] {logging_mixin.py:190} INFO - [2024-12-11T21:12:14.098+0000] {dagbag.py:588} INFO - Filling up the DagBag from /opt/airflow/dags/dag2.py
[2024-12-11T21:12:14.260+0000] {processor.py:925} INFO - DAG(s) 'fetch_and_store_google_books' retrieved from /opt/airflow/dags/dag2.py
[2024-12-11T21:12:14.290+0000] {logging_mixin.py:190} INFO - [2024-12-11T21:12:14.289+0000] {dag.py:3239} INFO - Sync 1 DAGs
[2024-12-11T21:12:14.325+0000] {logging_mixin.py:190} INFO - [2024-12-11T21:12:14.325+0000] {dag.py:4180} INFO - Setting next_dagrun for fetch_and_store_google_books to 2024-06-20 00:00:00+00:00, run_after=2024-06-21 00:00:00+00:00
[2024-12-11T21:12:14.351+0000] {processor.py:208} INFO - Processing /opt/airflow/dags/dag2.py took 0.265 seconds
[2024-12-11T21:12:45.361+0000] {processor.py:186} INFO - Started process (PID=214) to work on /opt/airflow/dags/dag2.py
[2024-12-11T21:12:45.363+0000] {processor.py:914} INFO - Processing file /opt/airflow/dags/dag2.py for tasks to queue
[2024-12-11T21:12:45.366+0000] {logging_mixin.py:190} INFO - [2024-12-11T21:12:45.366+0000] {dagbag.py:588} INFO - Filling up the DagBag from /opt/airflow/dags/dag2.py
[2024-12-11T21:12:45.482+0000] {processor.py:925} INFO - DAG(s) 'fetch_and_store_google_books' retrieved from /opt/airflow/dags/dag2.py
[2024-12-11T21:12:45.505+0000] {logging_mixin.py:190} INFO - [2024-12-11T21:12:45.505+0000] {dag.py:3239} INFO - Sync 1 DAGs
[2024-12-11T21:12:45.567+0000] {processor.py:208} INFO - Processing /opt/airflow/dags/dag2.py took 0.211 seconds
[2024-12-11T21:13:16.533+0000] {processor.py:186} INFO - Started process (PID=285) to work on /opt/airflow/dags/dag2.py
[2024-12-11T21:13:16.534+0000] {processor.py:914} INFO - Processing file /opt/airflow/dags/dag2.py for tasks to queue
[2024-12-11T21:13:16.535+0000] {logging_mixin.py:190} INFO - [2024-12-11T21:13:16.535+0000] {dagbag.py:588} INFO - Filling up the DagBag from /opt/airflow/dags/dag2.py
[2024-12-11T21:13:16.630+0000] {processor.py:925} INFO - DAG(s) 'fetch_and_store_google_books' retrieved from /opt/airflow/dags/dag2.py
[2024-12-11T21:13:16.648+0000] {logging_mixin.py:190} INFO - [2024-12-11T21:13:16.648+0000] {dag.py:3239} INFO - Sync 1 DAGs
[2024-12-11T21:13:16.684+0000] {processor.py:208} INFO - Processing /opt/airflow/dags/dag2.py took 0.156 seconds
[2024-12-11T21:13:46.966+0000] {processor.py:186} INFO - Started process (PID=350) to work on /opt/airflow/dags/dag2.py
[2024-12-11T21:13:46.967+0000] {processor.py:914} INFO - Processing file /opt/airflow/dags/dag2.py for tasks to queue
[2024-12-11T21:13:46.969+0000] {logging_mixin.py:190} INFO - [2024-12-11T21:13:46.969+0000] {dagbag.py:588} INFO - Filling up the DagBag from /opt/airflow/dags/dag2.py
[2024-12-11T21:13:47.061+0000] {processor.py:925} INFO - DAG(s) 'fetch_and_store_google_books' retrieved from /opt/airflow/dags/dag2.py
[2024-12-11T21:13:47.081+0000] {logging_mixin.py:190} INFO - [2024-12-11T21:13:47.081+0000] {dag.py:3239} INFO - Sync 1 DAGs
[2024-12-11T21:13:47.121+0000] {processor.py:208} INFO - Processing /opt/airflow/dags/dag2.py took 0.160 seconds
[2024-12-11T21:14:17.570+0000] {processor.py:186} INFO - Started process (PID=415) to work on /opt/airflow/dags/dag2.py
[2024-12-11T21:14:17.571+0000] {processor.py:914} INFO - Processing file /opt/airflow/dags/dag2.py for tasks to queue
[2024-12-11T21:14:17.574+0000] {logging_mixin.py:190} INFO - [2024-12-11T21:14:17.573+0000] {dagbag.py:588} INFO - Filling up the DagBag from /opt/airflow/dags/dag2.py
[2024-12-11T21:14:17.668+0000] {processor.py:925} INFO - DAG(s) 'fetch_and_store_google_books' retrieved from /opt/airflow/dags/dag2.py
[2024-12-11T21:14:17.687+0000] {logging_mixin.py:190} INFO - [2024-12-11T21:14:17.687+0000] {dag.py:3239} INFO - Sync 1 DAGs
[2024-12-11T21:14:17.725+0000] {processor.py:208} INFO - Processing /opt/airflow/dags/dag2.py took 0.160 seconds
[2024-12-11T21:14:48.668+0000] {processor.py:186} INFO - Started process (PID=480) to work on /opt/airflow/dags/dag2.py
[2024-12-11T21:14:48.669+0000] {processor.py:914} INFO - Processing file /opt/airflow/dags/dag2.py for tasks to queue
[2024-12-11T21:14:48.671+0000] {logging_mixin.py:190} INFO - [2024-12-11T21:14:48.671+0000] {dagbag.py:588} INFO - Filling up the DagBag from /opt/airflow/dags/dag2.py
[2024-12-11T21:14:48.771+0000] {processor.py:925} INFO - DAG(s) 'fetch_and_store_google_books' retrieved from /opt/airflow/dags/dag2.py
[2024-12-11T21:14:48.791+0000] {logging_mixin.py:190} INFO - [2024-12-11T21:14:48.791+0000] {dag.py:3239} INFO - Sync 1 DAGs
[2024-12-11T21:14:48.826+0000] {processor.py:208} INFO - Processing /opt/airflow/dags/dag2.py took 0.163 seconds
[2024-12-11T21:15:19.264+0000] {processor.py:186} INFO - Started process (PID=545) to work on /opt/airflow/dags/dag2.py
[2024-12-11T21:15:19.264+0000] {processor.py:914} INFO - Processing file /opt/airflow/dags/dag2.py for tasks to queue
[2024-12-11T21:15:19.267+0000] {logging_mixin.py:190} INFO - [2024-12-11T21:15:19.266+0000] {dagbag.py:588} INFO - Filling up the DagBag from /opt/airflow/dags/dag2.py
[2024-12-11T21:15:19.377+0000] {processor.py:925} INFO - DAG(s) 'fetch_and_store_google_books' retrieved from /opt/airflow/dags/dag2.py
[2024-12-11T21:15:19.401+0000] {logging_mixin.py:190} INFO - [2024-12-11T21:15:19.400+0000] {dag.py:3239} INFO - Sync 1 DAGs
[2024-12-11T21:15:19.454+0000] {processor.py:208} INFO - Processing /opt/airflow/dags/dag2.py took 0.195 seconds
[2024-12-11T21:15:49.991+0000] {processor.py:186} INFO - Started process (PID=610) to work on /opt/airflow/dags/dag2.py
[2024-12-11T21:15:49.992+0000] {processor.py:914} INFO - Processing file /opt/airflow/dags/dag2.py for tasks to queue
[2024-12-11T21:15:49.994+0000] {logging_mixin.py:190} INFO - [2024-12-11T21:15:49.994+0000] {dagbag.py:588} INFO - Filling up the DagBag from /opt/airflow/dags/dag2.py
[2024-12-11T21:15:50.089+0000] {processor.py:925} INFO - DAG(s) 'fetch_and_store_google_books' retrieved from /opt/airflow/dags/dag2.py
[2024-12-11T21:15:50.109+0000] {logging_mixin.py:190} INFO - [2024-12-11T21:15:50.108+0000] {dag.py:3239} INFO - Sync 1 DAGs
[2024-12-11T21:15:50.147+0000] {processor.py:208} INFO - Processing /opt/airflow/dags/dag2.py took 0.160 seconds
[2024-12-11T21:16:20.395+0000] {processor.py:186} INFO - Started process (PID=676) to work on /opt/airflow/dags/dag2.py
[2024-12-11T21:16:20.395+0000] {processor.py:914} INFO - Processing file /opt/airflow/dags/dag2.py for tasks to queue
[2024-12-11T21:16:20.397+0000] {logging_mixin.py:190} INFO - [2024-12-11T21:16:20.397+0000] {dagbag.py:588} INFO - Filling up the DagBag from /opt/airflow/dags/dag2.py
[2024-12-11T21:16:20.490+0000] {processor.py:925} INFO - DAG(s) 'fetch_and_store_google_books' retrieved from /opt/airflow/dags/dag2.py
[2024-12-11T21:16:20.509+0000] {logging_mixin.py:190} INFO - [2024-12-11T21:16:20.508+0000] {dag.py:3239} INFO - Sync 1 DAGs
[2024-12-11T21:16:20.546+0000] {processor.py:208} INFO - Processing /opt/airflow/dags/dag2.py took 0.156 seconds
[2024-12-11T21:16:51.803+0000] {processor.py:186} INFO - Started process (PID=741) to work on /opt/airflow/dags/dag2.py
[2024-12-11T21:16:51.803+0000] {processor.py:914} INFO - Processing file /opt/airflow/dags/dag2.py for tasks to queue
[2024-12-11T21:16:51.805+0000] {logging_mixin.py:190} INFO - [2024-12-11T21:16:51.805+0000] {dagbag.py:588} INFO - Filling up the DagBag from /opt/airflow/dags/dag2.py
[2024-12-11T21:16:51.910+0000] {processor.py:925} INFO - DAG(s) 'fetch_and_store_google_books' retrieved from /opt/airflow/dags/dag2.py
[2024-12-11T21:16:51.933+0000] {logging_mixin.py:190} INFO - [2024-12-11T21:16:51.932+0000] {dag.py:3239} INFO - Sync 1 DAGs
[2024-12-11T21:16:51.972+0000] {processor.py:208} INFO - Processing /opt/airflow/dags/dag2.py took 0.175 seconds
[2024-12-11T21:17:16.929+0000] {processor.py:186} INFO - Started process (PID=754) to work on /opt/airflow/dags/dag2.py
[2024-12-11T21:17:16.930+0000] {processor.py:914} INFO - Processing file /opt/airflow/dags/dag2.py for tasks to queue
[2024-12-11T21:17:16.932+0000] {logging_mixin.py:190} INFO - [2024-12-11T21:17:16.931+0000] {dagbag.py:588} INFO - Filling up the DagBag from /opt/airflow/dags/dag2.py
[2024-12-11T21:17:17.037+0000] {processor.py:925} INFO - DAG(s) 'fetch_and_store_google_books' retrieved from /opt/airflow/dags/dag2.py
[2024-12-11T21:17:17.139+0000] {logging_mixin.py:190} INFO - [2024-12-11T21:17:17.139+0000] {dag.py:3239} INFO - Sync 1 DAGs
[2024-12-11T21:17:17.179+0000] {processor.py:208} INFO - Processing /opt/airflow/dags/dag2.py took 0.255 seconds
[2024-12-11T21:17:23.639+0000] {processor.py:186} INFO - Started process (PID=769) to work on /opt/airflow/dags/dag2.py
[2024-12-11T21:17:23.640+0000] {processor.py:914} INFO - Processing file /opt/airflow/dags/dag2.py for tasks to queue
[2024-12-11T21:17:23.642+0000] {logging_mixin.py:190} INFO - [2024-12-11T21:17:23.641+0000] {dagbag.py:588} INFO - Filling up the DagBag from /opt/airflow/dags/dag2.py
[2024-12-11T21:17:23.755+0000] {processor.py:925} INFO - DAG(s) 'fetch_and_store_google_books' retrieved from /opt/airflow/dags/dag2.py
[2024-12-11T21:17:23.769+0000] {logging_mixin.py:190} INFO - [2024-12-11T21:17:23.768+0000] {dag.py:3239} INFO - Sync 1 DAGs
[2024-12-11T21:17:23.814+0000] {processor.py:208} INFO - Processing /opt/airflow/dags/dag2.py took 0.180 seconds
[2024-12-11T21:17:54.908+0000] {processor.py:186} INFO - Started process (PID=820) to work on /opt/airflow/dags/dag2.py
[2024-12-11T21:17:54.909+0000] {processor.py:914} INFO - Processing file /opt/airflow/dags/dag2.py for tasks to queue
[2024-12-11T21:17:54.911+0000] {logging_mixin.py:190} INFO - [2024-12-11T21:17:54.911+0000] {dagbag.py:588} INFO - Filling up the DagBag from /opt/airflow/dags/dag2.py
[2024-12-11T21:17:55.005+0000] {processor.py:925} INFO - DAG(s) 'fetch_and_store_google_books' retrieved from /opt/airflow/dags/dag2.py
[2024-12-11T21:17:55.026+0000] {logging_mixin.py:190} INFO - [2024-12-11T21:17:55.025+0000] {dag.py:3239} INFO - Sync 1 DAGs
[2024-12-11T21:17:55.062+0000] {processor.py:208} INFO - Processing /opt/airflow/dags/dag2.py took 0.160 seconds
[2024-12-11T21:18:28.266+0000] {processor.py:186} INFO - Started process (PID=923) to work on /opt/airflow/dags/dag2.py
[2024-12-11T21:18:28.279+0000] {processor.py:914} INFO - Processing file /opt/airflow/dags/dag2.py for tasks to queue
[2024-12-11T21:18:28.283+0000] {logging_mixin.py:190} INFO - [2024-12-11T21:18:28.283+0000] {dagbag.py:588} INFO - Filling up the DagBag from /opt/airflow/dags/dag2.py
[2024-12-11T21:18:28.538+0000] {processor.py:925} INFO - DAG(s) 'fetch_and_store_google_books' retrieved from /opt/airflow/dags/dag2.py
[2024-12-11T21:18:28.589+0000] {logging_mixin.py:190} INFO - [2024-12-11T21:18:28.589+0000] {dag.py:3239} INFO - Sync 1 DAGs
[2024-12-11T21:18:28.650+0000] {logging_mixin.py:190} INFO - [2024-12-11T21:18:28.650+0000] {dag.py:4180} INFO - Setting next_dagrun for fetch_and_store_google_books to 2024-07-08 00:00:00+00:00, run_after=2024-07-09 00:00:00+00:00
[2024-12-11T21:18:28.706+0000] {processor.py:208} INFO - Processing /opt/airflow/dags/dag2.py took 0.447 seconds
[2024-12-11T21:19:01.220+0000] {processor.py:186} INFO - Started process (PID=1030) to work on /opt/airflow/dags/dag2.py
[2024-12-11T21:19:01.221+0000] {processor.py:914} INFO - Processing file /opt/airflow/dags/dag2.py for tasks to queue
[2024-12-11T21:19:01.224+0000] {logging_mixin.py:190} INFO - [2024-12-11T21:19:01.223+0000] {dagbag.py:588} INFO - Filling up the DagBag from /opt/airflow/dags/dag2.py
[2024-12-11T21:19:01.377+0000] {processor.py:925} INFO - DAG(s) 'fetch_and_store_google_books' retrieved from /opt/airflow/dags/dag2.py
[2024-12-11T21:19:01.405+0000] {logging_mixin.py:190} INFO - [2024-12-11T21:19:01.405+0000] {dag.py:3239} INFO - Sync 1 DAGs
[2024-12-11T21:19:01.438+0000] {logging_mixin.py:190} INFO - [2024-12-11T21:19:01.438+0000] {dag.py:4180} INFO - Setting next_dagrun for fetch_and_store_google_books to 2024-07-24 00:00:00+00:00, run_after=2024-07-25 00:00:00+00:00
[2024-12-11T21:19:01.463+0000] {processor.py:208} INFO - Processing /opt/airflow/dags/dag2.py took 0.250 seconds
[2024-12-11T21:19:34.645+0000] {processor.py:186} INFO - Started process (PID=1147) to work on /opt/airflow/dags/dag2.py
[2024-12-11T21:19:34.646+0000] {processor.py:914} INFO - Processing file /opt/airflow/dags/dag2.py for tasks to queue
[2024-12-11T21:19:34.648+0000] {logging_mixin.py:190} INFO - [2024-12-11T21:19:34.648+0000] {dagbag.py:588} INFO - Filling up the DagBag from /opt/airflow/dags/dag2.py
[2024-12-11T21:19:34.745+0000] {processor.py:925} INFO - DAG(s) 'fetch_and_store_google_books' retrieved from /opt/airflow/dags/dag2.py
[2024-12-11T21:19:34.766+0000] {logging_mixin.py:190} INFO - [2024-12-11T21:19:34.765+0000] {dag.py:3239} INFO - Sync 1 DAGs
[2024-12-11T21:19:34.809+0000] {processor.py:208} INFO - Processing /opt/airflow/dags/dag2.py took 0.169 seconds
[2024-12-11T21:20:08.167+0000] {processor.py:186} INFO - Started process (PID=1250) to work on /opt/airflow/dags/dag2.py
[2024-12-11T21:20:08.168+0000] {processor.py:914} INFO - Processing file /opt/airflow/dags/dag2.py for tasks to queue
[2024-12-11T21:20:08.171+0000] {logging_mixin.py:190} INFO - [2024-12-11T21:20:08.171+0000] {dagbag.py:588} INFO - Filling up the DagBag from /opt/airflow/dags/dag2.py
[2024-12-11T21:20:08.274+0000] {processor.py:925} INFO - DAG(s) 'fetch_and_store_google_books' retrieved from /opt/airflow/dags/dag2.py
[2024-12-11T21:20:08.295+0000] {logging_mixin.py:190} INFO - [2024-12-11T21:20:08.294+0000] {dag.py:3239} INFO - Sync 1 DAGs
[2024-12-11T21:20:08.339+0000] {processor.py:208} INFO - Processing /opt/airflow/dags/dag2.py took 0.177 seconds
[2024-12-11T21:20:41.522+0000] {processor.py:186} INFO - Started process (PID=1344) to work on /opt/airflow/dags/dag2.py
[2024-12-11T21:20:41.523+0000] {processor.py:914} INFO - Processing file /opt/airflow/dags/dag2.py for tasks to queue
[2024-12-11T21:20:41.525+0000] {logging_mixin.py:190} INFO - [2024-12-11T21:20:41.525+0000] {dagbag.py:588} INFO - Filling up the DagBag from /opt/airflow/dags/dag2.py
[2024-12-11T21:20:41.634+0000] {processor.py:925} INFO - DAG(s) 'fetch_and_store_google_books' retrieved from /opt/airflow/dags/dag2.py
[2024-12-11T21:20:41.653+0000] {logging_mixin.py:190} INFO - [2024-12-11T21:20:41.653+0000] {dag.py:3239} INFO - Sync 1 DAGs
[2024-12-11T21:20:41.692+0000] {processor.py:208} INFO - Processing /opt/airflow/dags/dag2.py took 0.175 seconds
[2024-12-11T21:21:15.107+0000] {processor.py:186} INFO - Started process (PID=1409) to work on /opt/airflow/dags/dag2.py
[2024-12-11T21:21:15.108+0000] {processor.py:914} INFO - Processing file /opt/airflow/dags/dag2.py for tasks to queue
[2024-12-11T21:21:15.111+0000] {logging_mixin.py:190} INFO - [2024-12-11T21:21:15.110+0000] {dagbag.py:588} INFO - Filling up the DagBag from /opt/airflow/dags/dag2.py
[2024-12-11T21:21:15.213+0000] {processor.py:925} INFO - DAG(s) 'fetch_and_store_google_books' retrieved from /opt/airflow/dags/dag2.py
[2024-12-11T21:21:15.233+0000] {logging_mixin.py:190} INFO - [2024-12-11T21:21:15.232+0000] {dag.py:3239} INFO - Sync 1 DAGs
[2024-12-11T21:21:15.272+0000] {processor.py:208} INFO - Processing /opt/airflow/dags/dag2.py took 0.170 seconds
[2024-12-11T21:21:47.890+0000] {processor.py:186} INFO - Started process (PID=1474) to work on /opt/airflow/dags/dag2.py
[2024-12-11T21:21:47.891+0000] {processor.py:914} INFO - Processing file /opt/airflow/dags/dag2.py for tasks to queue
[2024-12-11T21:21:47.893+0000] {logging_mixin.py:190} INFO - [2024-12-11T21:21:47.893+0000] {dagbag.py:588} INFO - Filling up the DagBag from /opt/airflow/dags/dag2.py
[2024-12-11T21:21:47.995+0000] {processor.py:925} INFO - DAG(s) 'fetch_and_store_google_books' retrieved from /opt/airflow/dags/dag2.py
[2024-12-11T21:21:48.016+0000] {logging_mixin.py:190} INFO - [2024-12-11T21:21:48.016+0000] {dag.py:3239} INFO - Sync 1 DAGs
[2024-12-11T21:21:48.061+0000] {processor.py:208} INFO - Processing /opt/airflow/dags/dag2.py took 0.176 seconds
[2024-12-11T21:22:21.437+0000] {processor.py:186} INFO - Started process (PID=1543) to work on /opt/airflow/dags/dag2.py
[2024-12-11T21:22:21.438+0000] {processor.py:914} INFO - Processing file /opt/airflow/dags/dag2.py for tasks to queue
[2024-12-11T21:22:21.440+0000] {logging_mixin.py:190} INFO - [2024-12-11T21:22:21.440+0000] {dagbag.py:588} INFO - Filling up the DagBag from /opt/airflow/dags/dag2.py
[2024-12-11T21:22:21.537+0000] {processor.py:925} INFO - DAG(s) 'fetch_and_store_google_books' retrieved from /opt/airflow/dags/dag2.py
[2024-12-11T21:22:21.555+0000] {logging_mixin.py:190} INFO - [2024-12-11T21:22:21.555+0000] {dag.py:3239} INFO - Sync 1 DAGs
[2024-12-11T21:22:21.592+0000] {processor.py:208} INFO - Processing /opt/airflow/dags/dag2.py took 0.159 seconds
[2024-12-11T21:22:51.871+0000] {processor.py:186} INFO - Started process (PID=1620) to work on /opt/airflow/dags/dag2.py
[2024-12-11T21:22:51.872+0000] {processor.py:914} INFO - Processing file /opt/airflow/dags/dag2.py for tasks to queue
[2024-12-11T21:22:51.874+0000] {logging_mixin.py:190} INFO - [2024-12-11T21:22:51.874+0000] {dagbag.py:588} INFO - Filling up the DagBag from /opt/airflow/dags/dag2.py
[2024-12-11T21:22:51.983+0000] {processor.py:925} INFO - DAG(s) 'fetch_and_store_google_books' retrieved from /opt/airflow/dags/dag2.py
[2024-12-11T21:22:52.006+0000] {logging_mixin.py:190} INFO - [2024-12-11T21:22:52.006+0000] {dag.py:3239} INFO - Sync 1 DAGs
[2024-12-11T21:22:54.436+0000] {processor.py:208} INFO - Processing /opt/airflow/dags/dag2.py took 0.182 seconds
[2024-12-11T21:23:28.202+0000] {processor.py:186} INFO - Started process (PID=1689) to work on /opt/airflow/dags/dag2.py
[2024-12-11T21:23:28.203+0000] {processor.py:914} INFO - Processing file /opt/airflow/dags/dag2.py for tasks to queue
[2024-12-11T21:23:28.206+0000] {logging_mixin.py:190} INFO - [2024-12-11T21:23:28.205+0000] {dagbag.py:588} INFO - Filling up the DagBag from /opt/airflow/dags/dag2.py
[2024-12-11T21:23:28.331+0000] {processor.py:925} INFO - DAG(s) 'fetch_and_store_google_books' retrieved from /opt/airflow/dags/dag2.py
[2024-12-11T21:23:28.355+0000] {logging_mixin.py:190} INFO - [2024-12-11T21:23:28.355+0000] {dag.py:3239} INFO - Sync 1 DAGs
[2024-12-11T21:23:28.405+0000] {processor.py:208} INFO - Processing /opt/airflow/dags/dag2.py took 0.209 seconds
[2024-12-11T21:24:01.850+0000] {processor.py:186} INFO - Started process (PID=1762) to work on /opt/airflow/dags/dag2.py
[2024-12-11T21:24:01.851+0000] {processor.py:914} INFO - Processing file /opt/airflow/dags/dag2.py for tasks to queue
[2024-12-11T21:24:01.854+0000] {logging_mixin.py:190} INFO - [2024-12-11T21:24:01.854+0000] {dagbag.py:588} INFO - Filling up the DagBag from /opt/airflow/dags/dag2.py
[2024-12-11T21:24:01.968+0000] {processor.py:925} INFO - DAG(s) 'fetch_and_store_google_books' retrieved from /opt/airflow/dags/dag2.py
[2024-12-11T21:24:01.990+0000] {logging_mixin.py:190} INFO - [2024-12-11T21:24:01.990+0000] {dag.py:3239} INFO - Sync 1 DAGs
[2024-12-11T21:24:02.032+0000] {processor.py:208} INFO - Processing /opt/airflow/dags/dag2.py took 0.187 seconds
[2024-12-11T21:24:34.715+0000] {processor.py:186} INFO - Started process (PID=1850) to work on /opt/airflow/dags/dag2.py
[2024-12-11T21:24:34.716+0000] {processor.py:914} INFO - Processing file /opt/airflow/dags/dag2.py for tasks to queue
[2024-12-11T21:24:34.719+0000] {logging_mixin.py:190} INFO - [2024-12-11T21:24:34.719+0000] {dagbag.py:588} INFO - Filling up the DagBag from /opt/airflow/dags/dag2.py
[2024-12-11T21:24:34.853+0000] {processor.py:925} INFO - DAG(s) 'fetch_and_store_google_books' retrieved from /opt/airflow/dags/dag2.py
[2024-12-11T21:24:34.883+0000] {logging_mixin.py:190} INFO - [2024-12-11T21:24:34.882+0000] {dag.py:3239} INFO - Sync 1 DAGs
[2024-12-11T21:24:34.937+0000] {processor.py:208} INFO - Processing /opt/airflow/dags/dag2.py took 0.228 seconds
[2024-12-11T21:25:07.958+0000] {processor.py:186} INFO - Started process (PID=1962) to work on /opt/airflow/dags/dag2.py
[2024-12-11T21:25:07.961+0000] {processor.py:914} INFO - Processing file /opt/airflow/dags/dag2.py for tasks to queue
[2024-12-11T21:25:07.964+0000] {logging_mixin.py:190} INFO - [2024-12-11T21:25:07.964+0000] {dagbag.py:588} INFO - Filling up the DagBag from /opt/airflow/dags/dag2.py
[2024-12-11T21:25:08.163+0000] {processor.py:925} INFO - DAG(s) 'fetch_and_store_google_books' retrieved from /opt/airflow/dags/dag2.py
[2024-12-11T21:25:08.231+0000] {logging_mixin.py:190} INFO - [2024-12-11T21:25:08.230+0000] {dag.py:3239} INFO - Sync 1 DAGs
[2024-12-11T21:25:08.273+0000] {logging_mixin.py:190} INFO - [2024-12-11T21:25:08.272+0000] {dag.py:4180} INFO - Setting next_dagrun for fetch_and_store_google_books to 2024-10-24 00:00:00+00:00, run_after=2024-10-25 00:00:00+00:00
[2024-12-11T21:25:08.327+0000] {processor.py:208} INFO - Processing /opt/airflow/dags/dag2.py took 0.378 seconds
[2024-12-11T21:25:41.568+0000] {processor.py:186} INFO - Started process (PID=2057) to work on /opt/airflow/dags/dag2.py
[2024-12-11T21:25:41.569+0000] {processor.py:914} INFO - Processing file /opt/airflow/dags/dag2.py for tasks to queue
[2024-12-11T21:25:41.572+0000] {logging_mixin.py:190} INFO - [2024-12-11T21:25:41.571+0000] {dagbag.py:588} INFO - Filling up the DagBag from /opt/airflow/dags/dag2.py
[2024-12-11T21:25:41.701+0000] {processor.py:925} INFO - DAG(s) 'fetch_and_store_google_books' retrieved from /opt/airflow/dags/dag2.py
[2024-12-11T21:25:41.724+0000] {logging_mixin.py:190} INFO - [2024-12-11T21:25:41.724+0000] {dag.py:3239} INFO - Sync 1 DAGs
[2024-12-11T21:25:41.753+0000] {logging_mixin.py:190} INFO - [2024-12-11T21:25:41.753+0000] {dag.py:4180} INFO - Setting next_dagrun for fetch_and_store_google_books to 2024-11-03 00:00:00+00:00, run_after=2024-11-04 00:00:00+00:00
[2024-12-11T21:25:41.776+0000] {processor.py:208} INFO - Processing /opt/airflow/dags/dag2.py took 0.213 seconds
[2024-12-11T21:26:11.973+0000] {processor.py:186} INFO - Started process (PID=2167) to work on /opt/airflow/dags/dag2.py
[2024-12-11T21:26:11.974+0000] {processor.py:914} INFO - Processing file /opt/airflow/dags/dag2.py for tasks to queue
[2024-12-11T21:26:11.976+0000] {logging_mixin.py:190} INFO - [2024-12-11T21:26:11.976+0000] {dagbag.py:588} INFO - Filling up the DagBag from /opt/airflow/dags/dag2.py
[2024-12-11T21:26:14.474+0000] {processor.py:925} INFO - DAG(s) 'fetch_and_store_google_books' retrieved from /opt/airflow/dags/dag2.py
[2024-12-11T21:26:14.512+0000] {logging_mixin.py:190} INFO - [2024-12-11T21:26:14.511+0000] {dag.py:3239} INFO - Sync 1 DAGs
[2024-12-11T21:26:14.554+0000] {logging_mixin.py:190} INFO - [2024-12-11T21:26:14.554+0000] {dag.py:4180} INFO - Setting next_dagrun for fetch_and_store_google_books to 2024-11-19 00:00:00+00:00, run_after=2024-11-20 00:00:00+00:00
[2024-12-11T21:26:14.577+0000] {processor.py:208} INFO - Processing /opt/airflow/dags/dag2.py took 0.253 seconds
[2024-12-11T21:26:45.664+0000] {processor.py:186} INFO - Started process (PID=2273) to work on /opt/airflow/dags/dag2.py
[2024-12-11T21:26:45.666+0000] {processor.py:914} INFO - Processing file /opt/airflow/dags/dag2.py for tasks to queue
[2024-12-11T21:26:45.668+0000] {logging_mixin.py:190} INFO - [2024-12-11T21:26:45.668+0000] {dagbag.py:588} INFO - Filling up the DagBag from /opt/airflow/dags/dag2.py
[2024-12-11T21:26:47.940+0000] {processor.py:925} INFO - DAG(s) 'fetch_and_store_google_books' retrieved from /opt/airflow/dags/dag2.py
[2024-12-11T21:26:47.960+0000] {logging_mixin.py:190} INFO - [2024-12-11T21:26:47.959+0000] {dag.py:3239} INFO - Sync 1 DAGs
[2024-12-11T21:26:47.982+0000] {logging_mixin.py:190} INFO - [2024-12-11T21:26:47.982+0000] {dag.py:4180} INFO - Setting next_dagrun for fetch_and_store_google_books to 2024-12-01 00:00:00+00:00, run_after=2024-12-02 00:00:00+00:00
[2024-12-11T21:26:47.999+0000] {processor.py:208} INFO - Processing /opt/airflow/dags/dag2.py took 0.177 seconds
[2024-12-11T21:27:18.704+0000] {processor.py:186} INFO - Started process (PID=2367) to work on /opt/airflow/dags/dag2.py
[2024-12-11T21:27:18.704+0000] {processor.py:914} INFO - Processing file /opt/airflow/dags/dag2.py for tasks to queue
[2024-12-11T21:27:18.706+0000] {logging_mixin.py:190} INFO - [2024-12-11T21:27:18.706+0000] {dagbag.py:588} INFO - Filling up the DagBag from /opt/airflow/dags/dag2.py
[2024-12-11T21:27:18.832+0000] {processor.py:925} INFO - DAG(s) 'fetch_and_store_google_books' retrieved from /opt/airflow/dags/dag2.py
[2024-12-11T21:27:18.854+0000] {logging_mixin.py:190} INFO - [2024-12-11T21:27:18.853+0000] {dag.py:3239} INFO - Sync 1 DAGs
[2024-12-11T21:27:18.880+0000] {logging_mixin.py:190} INFO - [2024-12-11T21:27:18.880+0000] {dag.py:4180} INFO - Setting next_dagrun for fetch_and_store_google_books to 2024-12-11 00:00:00+00:00, run_after=2024-12-12 00:00:00+00:00
[2024-12-11T21:27:18.904+0000] {processor.py:208} INFO - Processing /opt/airflow/dags/dag2.py took 0.206 seconds
[2024-12-11T21:27:49.231+0000] {processor.py:186} INFO - Started process (PID=2432) to work on /opt/airflow/dags/dag2.py
[2024-12-11T21:27:49.232+0000] {processor.py:914} INFO - Processing file /opt/airflow/dags/dag2.py for tasks to queue
[2024-12-11T21:27:49.234+0000] {logging_mixin.py:190} INFO - [2024-12-11T21:27:49.234+0000] {dagbag.py:588} INFO - Filling up the DagBag from /opt/airflow/dags/dag2.py
[2024-12-11T21:27:49.337+0000] {processor.py:925} INFO - DAG(s) 'fetch_and_store_google_books' retrieved from /opt/airflow/dags/dag2.py
[2024-12-11T21:27:49.358+0000] {logging_mixin.py:190} INFO - [2024-12-11T21:27:49.357+0000] {dag.py:3239} INFO - Sync 1 DAGs
[2024-12-11T21:27:49.381+0000] {logging_mixin.py:190} INFO - [2024-12-11T21:27:49.380+0000] {dag.py:4180} INFO - Setting next_dagrun for fetch_and_store_google_books to 2024-12-11 00:00:00+00:00, run_after=2024-12-12 00:00:00+00:00
[2024-12-11T21:27:49.401+0000] {processor.py:208} INFO - Processing /opt/airflow/dags/dag2.py took 0.174 seconds
[2024-12-11T21:28:20.035+0000] {processor.py:186} INFO - Started process (PID=2497) to work on /opt/airflow/dags/dag2.py
[2024-12-11T21:28:20.036+0000] {processor.py:914} INFO - Processing file /opt/airflow/dags/dag2.py for tasks to queue
[2024-12-11T21:28:20.038+0000] {logging_mixin.py:190} INFO - [2024-12-11T21:28:20.038+0000] {dagbag.py:588} INFO - Filling up the DagBag from /opt/airflow/dags/dag2.py
[2024-12-11T21:28:20.128+0000] {processor.py:925} INFO - DAG(s) 'fetch_and_store_google_books' retrieved from /opt/airflow/dags/dag2.py
[2024-12-11T21:28:20.146+0000] {logging_mixin.py:190} INFO - [2024-12-11T21:28:20.146+0000] {dag.py:3239} INFO - Sync 1 DAGs
[2024-12-11T21:28:20.166+0000] {logging_mixin.py:190} INFO - [2024-12-11T21:28:20.166+0000] {dag.py:4180} INFO - Setting next_dagrun for fetch_and_store_google_books to 2024-12-11 00:00:00+00:00, run_after=2024-12-12 00:00:00+00:00
[2024-12-11T21:28:20.184+0000] {processor.py:208} INFO - Processing /opt/airflow/dags/dag2.py took 0.153 seconds
[2024-12-11T21:28:50.345+0000] {processor.py:186} INFO - Started process (PID=2562) to work on /opt/airflow/dags/dag2.py
[2024-12-11T21:28:50.346+0000] {processor.py:914} INFO - Processing file /opt/airflow/dags/dag2.py for tasks to queue
[2024-12-11T21:28:50.348+0000] {logging_mixin.py:190} INFO - [2024-12-11T21:28:50.348+0000] {dagbag.py:588} INFO - Filling up the DagBag from /opt/airflow/dags/dag2.py
[2024-12-11T21:28:50.440+0000] {processor.py:925} INFO - DAG(s) 'fetch_and_store_google_books' retrieved from /opt/airflow/dags/dag2.py
[2024-12-11T21:28:50.459+0000] {logging_mixin.py:190} INFO - [2024-12-11T21:28:50.458+0000] {dag.py:3239} INFO - Sync 1 DAGs
[2024-12-11T21:28:50.478+0000] {logging_mixin.py:190} INFO - [2024-12-11T21:28:50.477+0000] {dag.py:4180} INFO - Setting next_dagrun for fetch_and_store_google_books to 2024-12-11 00:00:00+00:00, run_after=2024-12-12 00:00:00+00:00
[2024-12-11T21:28:50.497+0000] {processor.py:208} INFO - Processing /opt/airflow/dags/dag2.py took 0.156 seconds
