[2024-12-11T20:30:24.905+0000] {local_task_job_runner.py:123} INFO - ::group::Pre task execution logs
[2024-12-11T20:30:24.920+0000] {taskinstance.py:2613} INFO - Dependencies all met for dep_context=non-requeueable deps ti=<TaskInstance: fetch_and_store_amazon_books.fetch_book_data scheduled__2024-09-17T00:00:00+00:00 [queued]>
[2024-12-11T20:30:24.926+0000] {taskinstance.py:2613} INFO - Dependencies all met for dep_context=requeueable deps ti=<TaskInstance: fetch_and_store_amazon_books.fetch_book_data scheduled__2024-09-17T00:00:00+00:00 [queued]>
[2024-12-11T20:30:24.927+0000] {taskinstance.py:2866} INFO - Starting attempt 1 of 2
[2024-12-11T20:30:24.937+0000] {taskinstance.py:2889} INFO - Executing <Task(PythonOperator): fetch_book_data> on 2024-09-17 00:00:00+00:00
[2024-12-11T20:30:24.946+0000] {warnings.py:112} WARNING - /home/***/.local/lib/python3.12/site-packages/***/task/task_runner/standard_task_runner.py:70: DeprecationWarning: This process (pid=2021) is multi-threaded, use of fork() may lead to deadlocks in the child.
  pid = os.fork()

[2024-12-11T20:30:24.947+0000] {standard_task_runner.py:72} INFO - Started process 2023 to run task
[2024-12-11T20:30:24.948+0000] {standard_task_runner.py:104} INFO - Running: ['***', 'tasks', 'run', 'fetch_and_store_amazon_books', 'fetch_book_data', 'scheduled__2024-09-17T00:00:00+00:00', '--job-id', '322', '--raw', '--subdir', 'DAGS_FOLDER/app.py', '--cfg-path', '/tmp/tmpilgp1nlw']
[2024-12-11T20:30:24.949+0000] {standard_task_runner.py:105} INFO - Job 322: Subtask fetch_book_data
[2024-12-11T20:30:24.987+0000] {task_command.py:467} INFO - Running <TaskInstance: fetch_and_store_amazon_books.fetch_book_data scheduled__2024-09-17T00:00:00+00:00 [running]> on host aaf3c4c4d810
[2024-12-11T20:30:25.052+0000] {taskinstance.py:3132} INFO - Exporting env vars: AIRFLOW_CTX_DAG_OWNER='***' AIRFLOW_CTX_DAG_ID='fetch_and_store_amazon_books' AIRFLOW_CTX_TASK_ID='fetch_book_data' AIRFLOW_CTX_EXECUTION_DATE='2024-09-17T00:00:00+00:00' AIRFLOW_CTX_TRY_NUMBER='1' AIRFLOW_CTX_DAG_RUN_ID='scheduled__2024-09-17T00:00:00+00:00'
[2024-12-11T20:30:25.053+0000] {logging_mixin.py:190} INFO - Task instance is in running state
[2024-12-11T20:30:25.054+0000] {logging_mixin.py:190} INFO -  Previous state of the Task instance: queued
[2024-12-11T20:30:25.054+0000] {logging_mixin.py:190} INFO - Current task name:fetch_book_data state:running start_date:2024-12-11 20:30:24.920793+00:00
[2024-12-11T20:30:25.055+0000] {logging_mixin.py:190} INFO - Dag name:fetch_and_store_amazon_books and current dag run status:running
[2024-12-11T20:30:25.055+0000] {taskinstance.py:731} INFO - ::endgroup::
[2024-12-11T20:30:25.405+0000] {logging_mixin.py:190} INFO - Failed to retrieve the page
[2024-12-11T20:30:25.425+0000] {python.py:240} INFO - Done. Returned value was: None
[2024-12-11T20:30:25.438+0000] {taskinstance.py:340} INFO - ::group::Post task execution logs
[2024-12-11T20:30:25.439+0000] {taskinstance.py:352} INFO - Marking task as SUCCESS. dag_id=fetch_and_store_amazon_books, task_id=fetch_book_data, run_id=scheduled__2024-09-17T00:00:00+00:00, execution_date=20240917T000000, start_date=20241211T203024, end_date=20241211T203025
[2024-12-11T20:30:25.505+0000] {logging_mixin.py:190} INFO - Task instance in success state
[2024-12-11T20:30:25.506+0000] {logging_mixin.py:190} INFO -  Previous state of the Task instance: running
[2024-12-11T20:30:25.506+0000] {logging_mixin.py:190} INFO - Dag name:fetch_and_store_amazon_books queued_at:2024-12-11 20:30:23.124052+00:00
[2024-12-11T20:30:25.506+0000] {logging_mixin.py:190} INFO - Task hostname:aaf3c4c4d810 operator:PythonOperator
[2024-12-11T20:30:25.522+0000] {local_task_job_runner.py:266} INFO - Task exited with return code 0
[2024-12-11T20:30:25.544+0000] {taskinstance.py:3895} INFO - 1 downstream tasks scheduled from follow-on schedule check
[2024-12-11T20:30:25.546+0000] {local_task_job_runner.py:245} INFO - ::endgroup::
[2024-12-11T20:30:58.355+0000] {local_task_job_runner.py:123} INFO - ::group::Pre task execution logs
[2024-12-11T20:30:58.395+0000] {taskinstance.py:2613} INFO - Dependencies all met for dep_context=non-requeueable deps ti=<TaskInstance: fetch_and_store_amazon_books.fetch_book_data scheduled__2024-09-17T00:00:00+00:00 [queued]>
[2024-12-11T20:30:58.427+0000] {taskinstance.py:2613} INFO - Dependencies all met for dep_context=requeueable deps ti=<TaskInstance: fetch_and_store_amazon_books.fetch_book_data scheduled__2024-09-17T00:00:00+00:00 [queued]>
[2024-12-11T20:30:58.427+0000] {taskinstance.py:2866} INFO - Starting attempt 1 of 2
[2024-12-11T20:30:58.575+0000] {taskinstance.py:2889} INFO - Executing <Task(PythonOperator): fetch_book_data> on 2024-09-17 00:00:00+00:00
[2024-12-11T20:30:58.601+0000] {warnings.py:112} WARNING - /home/***/.local/lib/python3.12/site-packages/***/task/task_runner/standard_task_runner.py:70: DeprecationWarning: This process (pid=2040) is multi-threaded, use of fork() may lead to deadlocks in the child.
  pid = os.fork()

[2024-12-11T20:30:58.606+0000] {standard_task_runner.py:72} INFO - Started process 2066 to run task
[2024-12-11T20:30:58.613+0000] {standard_task_runner.py:104} INFO - Running: ['***', 'tasks', 'run', 'fetch_and_store_amazon_books', 'fetch_book_data', 'scheduled__2024-09-17T00:00:00+00:00', '--job-id', '325', '--raw', '--subdir', 'DAGS_FOLDER/app.py', '--cfg-path', '/tmp/tmpnno7vl7l']
[2024-12-11T20:30:58.634+0000] {standard_task_runner.py:105} INFO - Job 325: Subtask fetch_book_data
[2024-12-11T20:30:58.839+0000] {task_command.py:467} INFO - Running <TaskInstance: fetch_and_store_amazon_books.fetch_book_data scheduled__2024-09-17T00:00:00+00:00 [running]> on host aaf3c4c4d810
[2024-12-11T20:30:59.051+0000] {taskinstance.py:3132} INFO - Exporting env vars: AIRFLOW_CTX_DAG_OWNER='***' AIRFLOW_CTX_DAG_ID='fetch_and_store_amazon_books' AIRFLOW_CTX_TASK_ID='fetch_book_data' AIRFLOW_CTX_EXECUTION_DATE='2024-09-17T00:00:00+00:00' AIRFLOW_CTX_TRY_NUMBER='1' AIRFLOW_CTX_DAG_RUN_ID='scheduled__2024-09-17T00:00:00+00:00'
[2024-12-11T20:30:59.061+0000] {logging_mixin.py:190} INFO - Task instance is in running state
[2024-12-11T20:30:59.067+0000] {logging_mixin.py:190} INFO -  Previous state of the Task instance: queued
[2024-12-11T20:30:59.071+0000] {logging_mixin.py:190} INFO - Current task name:fetch_book_data state:running start_date:2024-12-11 20:30:58.397592+00:00
[2024-12-11T20:30:59.072+0000] {logging_mixin.py:190} INFO - Dag name:fetch_and_store_amazon_books and current dag run status:running
[2024-12-11T20:30:59.077+0000] {taskinstance.py:731} INFO - ::endgroup::
[2024-12-11T20:30:59.534+0000] {logging_mixin.py:190} INFO - Failed to retrieve the page
[2024-12-11T20:30:59.589+0000] {python.py:240} INFO - Done. Returned value was: None
[2024-12-11T20:30:59.612+0000] {taskinstance.py:340} INFO - ::group::Post task execution logs
[2024-12-11T20:30:59.614+0000] {taskinstance.py:352} INFO - Marking task as SUCCESS. dag_id=fetch_and_store_amazon_books, task_id=fetch_book_data, run_id=scheduled__2024-09-17T00:00:00+00:00, execution_date=20240917T000000, start_date=20241211T203058, end_date=20241211T203059
[2024-12-11T20:30:59.640+0000] {logging_mixin.py:190} INFO - Task instance in success state
[2024-12-11T20:30:59.643+0000] {logging_mixin.py:190} INFO -  Previous state of the Task instance: running
[2024-12-11T20:30:59.645+0000] {logging_mixin.py:190} INFO - Dag name:fetch_and_store_amazon_books queued_at:2024-12-11 20:30:55.087991+00:00
[2024-12-11T20:30:59.649+0000] {logging_mixin.py:190} INFO - Task hostname:aaf3c4c4d810 operator:PythonOperator
[2024-12-11T20:30:59.723+0000] {local_task_job_runner.py:266} INFO - Task exited with return code 0
[2024-12-11T20:30:59.798+0000] {taskinstance.py:3895} INFO - 1 downstream tasks scheduled from follow-on schedule check
[2024-12-11T20:30:59.808+0000] {local_task_job_runner.py:245} INFO - ::endgroup::
