[2024-12-13T00:54:59.092+0000] {local_task_job_runner.py:123} INFO - ::group::Pre task execution logs
[2024-12-13T00:54:59.107+0000] {taskinstance.py:2613} INFO - Dependencies all met for dep_context=non-requeueable deps ti=<TaskInstance: fetch_and_store_google_books.fetch_book_data scheduled__2024-12-12T00:00:00+00:00 [queued]>
[2024-12-13T00:54:59.113+0000] {taskinstance.py:2613} INFO - Dependencies all met for dep_context=requeueable deps ti=<TaskInstance: fetch_and_store_google_books.fetch_book_data scheduled__2024-12-12T00:00:00+00:00 [queued]>
[2024-12-13T00:54:59.114+0000] {taskinstance.py:2866} INFO - Starting attempt 1 of 2
[2024-12-13T00:54:59.125+0000] {taskinstance.py:2889} INFO - Executing <Task(PythonOperator): fetch_book_data> on 2024-12-12 00:00:00+00:00
[2024-12-13T00:54:59.135+0000] {warnings.py:112} WARNING - /home/***/.local/lib/python3.12/site-packages/***/task/task_runner/standard_task_runner.py:70: DeprecationWarning: This process (pid=8940) is multi-threaded, use of fork() may lead to deadlocks in the child.
  pid = os.fork()

[2024-12-13T00:54:59.137+0000] {standard_task_runner.py:72} INFO - Started process 8945 to run task
[2024-12-13T00:54:59.137+0000] {standard_task_runner.py:104} INFO - Running: ['***', 'tasks', 'run', 'fetch_and_store_google_books', 'fetch_book_data', 'scheduled__2024-12-12T00:00:00+00:00', '--job-id', '1229', '--raw', '--subdir', 'DAGS_FOLDER/dag2.py', '--cfg-path', '/tmp/tmpysnlfnpx']
[2024-12-13T00:54:59.138+0000] {standard_task_runner.py:105} INFO - Job 1229: Subtask fetch_book_data
[2024-12-13T00:54:59.178+0000] {task_command.py:467} INFO - Running <TaskInstance: fetch_and_store_google_books.fetch_book_data scheduled__2024-12-12T00:00:00+00:00 [running]> on host bb74d1700244
[2024-12-13T00:54:59.259+0000] {taskinstance.py:3132} INFO - Exporting env vars: AIRFLOW_CTX_DAG_OWNER='***' AIRFLOW_CTX_DAG_ID='fetch_and_store_google_books' AIRFLOW_CTX_TASK_ID='fetch_book_data' AIRFLOW_CTX_EXECUTION_DATE='2024-12-12T00:00:00+00:00' AIRFLOW_CTX_TRY_NUMBER='1' AIRFLOW_CTX_DAG_RUN_ID='scheduled__2024-12-12T00:00:00+00:00'
[2024-12-13T00:54:59.260+0000] {logging_mixin.py:190} INFO - Task instance is in running state
[2024-12-13T00:54:59.260+0000] {logging_mixin.py:190} INFO -  Previous state of the Task instance: queued
[2024-12-13T00:54:59.261+0000] {logging_mixin.py:190} INFO - Current task name:fetch_book_data state:running start_date:2024-12-13 00:54:59.107594+00:00
[2024-12-13T00:54:59.261+0000] {logging_mixin.py:190} INFO - Dag name:fetch_and_store_google_books and current dag run status:running
[2024-12-13T00:54:59.261+0000] {taskinstance.py:731} INFO - ::endgroup::
[2024-12-13T00:55:11.990+0000] {python.py:240} INFO - Done. Returned value was: None
[2024-12-13T00:55:11.999+0000] {taskinstance.py:340} INFO - ::group::Post task execution logs
[2024-12-13T00:55:11.999+0000] {taskinstance.py:352} INFO - Marking task as SUCCESS. dag_id=fetch_and_store_google_books, task_id=fetch_book_data, run_id=scheduled__2024-12-12T00:00:00+00:00, execution_date=20241212T000000, start_date=20241213T005459, end_date=20241213T005511
[2024-12-13T00:55:12.009+0000] {logging_mixin.py:190} INFO - Task instance in success state
[2024-12-13T00:55:12.010+0000] {logging_mixin.py:190} INFO -  Previous state of the Task instance: running
[2024-12-13T00:55:12.010+0000] {logging_mixin.py:190} INFO - Dag name:fetch_and_store_google_books queued_at:2024-12-13 00:54:46.730285+00:00
[2024-12-13T00:55:12.011+0000] {logging_mixin.py:190} INFO - Task hostname:bb74d1700244 operator:PythonOperator
[2024-12-13T00:55:12.061+0000] {local_task_job_runner.py:266} INFO - Task exited with return code 0
[2024-12-13T00:55:12.083+0000] {taskinstance.py:3895} INFO - 1 downstream tasks scheduled from follow-on schedule check
[2024-12-13T00:55:12.085+0000] {local_task_job_runner.py:245} INFO - ::endgroup::
