[2024-12-11T20:23:46.792+0000] {local_task_job_runner.py:123} INFO - ::group::Pre task execution logs
[2024-12-11T20:23:46.812+0000] {taskinstance.py:2613} INFO - Dependencies all met for dep_context=non-requeueable deps ti=<TaskInstance: fetch_and_store_amazon_books.fetch_book_data scheduled__2024-09-08T00:00:00+00:00 [queued]>
[2024-12-11T20:23:46.822+0000] {taskinstance.py:2613} INFO - Dependencies all met for dep_context=requeueable deps ti=<TaskInstance: fetch_and_store_amazon_books.fetch_book_data scheduled__2024-09-08T00:00:00+00:00 [queued]>
[2024-12-11T20:23:46.823+0000] {taskinstance.py:2866} INFO - Starting attempt 1 of 2
[2024-12-11T20:23:46.839+0000] {taskinstance.py:2889} INFO - Executing <Task(PythonOperator): fetch_book_data> on 2024-09-08 00:00:00+00:00
[2024-12-11T20:23:46.850+0000] {warnings.py:112} WARNING - /home/***/.local/lib/python3.12/site-packages/***/task/task_runner/standard_task_runner.py:70: DeprecationWarning: This process (pid=1704) is multi-threaded, use of fork() may lead to deadlocks in the child.
  pid = os.fork()

[2024-12-11T20:23:46.852+0000] {standard_task_runner.py:72} INFO - Started process 1718 to run task
[2024-12-11T20:23:46.852+0000] {standard_task_runner.py:104} INFO - Running: ['***', 'tasks', 'run', 'fetch_and_store_amazon_books', 'fetch_book_data', 'scheduled__2024-09-08T00:00:00+00:00', '--job-id', '263', '--raw', '--subdir', 'DAGS_FOLDER/app.py', '--cfg-path', '/tmp/tmpvi7_0yfs']
[2024-12-11T20:23:46.853+0000] {standard_task_runner.py:105} INFO - Job 263: Subtask fetch_book_data
[2024-12-11T20:23:46.905+0000] {task_command.py:467} INFO - Running <TaskInstance: fetch_and_store_amazon_books.fetch_book_data scheduled__2024-09-08T00:00:00+00:00 [running]> on host aaf3c4c4d810
[2024-12-11T20:23:47.001+0000] {taskinstance.py:3132} INFO - Exporting env vars: AIRFLOW_CTX_DAG_OWNER='***' AIRFLOW_CTX_DAG_ID='fetch_and_store_amazon_books' AIRFLOW_CTX_TASK_ID='fetch_book_data' AIRFLOW_CTX_EXECUTION_DATE='2024-09-08T00:00:00+00:00' AIRFLOW_CTX_TRY_NUMBER='1' AIRFLOW_CTX_DAG_RUN_ID='scheduled__2024-09-08T00:00:00+00:00'
[2024-12-11T20:23:47.003+0000] {logging_mixin.py:190} INFO - Task instance is in running state
[2024-12-11T20:23:47.003+0000] {logging_mixin.py:190} INFO -  Previous state of the Task instance: queued
[2024-12-11T20:23:47.004+0000] {logging_mixin.py:190} INFO - Current task name:fetch_book_data state:running start_date:2024-12-11 20:23:46.813880+00:00
[2024-12-11T20:23:47.004+0000] {logging_mixin.py:190} INFO - Dag name:fetch_and_store_amazon_books and current dag run status:running
[2024-12-11T20:23:47.005+0000] {taskinstance.py:731} INFO - ::endgroup::
[2024-12-11T20:23:47.295+0000] {logging_mixin.py:190} INFO - Failed to retrieve the page
[2024-12-11T20:23:47.313+0000] {python.py:240} INFO - Done. Returned value was: None
[2024-12-11T20:23:47.324+0000] {taskinstance.py:340} INFO - ::group::Post task execution logs
[2024-12-11T20:23:47.325+0000] {taskinstance.py:352} INFO - Marking task as SUCCESS. dag_id=fetch_and_store_amazon_books, task_id=fetch_book_data, run_id=scheduled__2024-09-08T00:00:00+00:00, execution_date=20240908T000000, start_date=20241211T202346, end_date=20241211T202347
[2024-12-11T20:23:47.336+0000] {logging_mixin.py:190} INFO - Task instance in success state
[2024-12-11T20:23:47.337+0000] {logging_mixin.py:190} INFO -  Previous state of the Task instance: running
[2024-12-11T20:23:47.337+0000] {logging_mixin.py:190} INFO - Dag name:fetch_and_store_amazon_books queued_at:2024-12-11 20:23:44.280166+00:00
[2024-12-11T20:23:47.338+0000] {logging_mixin.py:190} INFO - Task hostname:aaf3c4c4d810 operator:PythonOperator
[2024-12-11T20:23:47.387+0000] {local_task_job_runner.py:266} INFO - Task exited with return code 0
[2024-12-11T20:23:47.410+0000] {taskinstance.py:3895} INFO - 1 downstream tasks scheduled from follow-on schedule check
[2024-12-11T20:23:47.412+0000] {local_task_job_runner.py:245} INFO - ::endgroup::
