[2024-12-11T21:19:04.525+0000] {local_task_job_runner.py:123} INFO - ::group::Pre task execution logs
[2024-12-11T21:19:04.586+0000] {taskinstance.py:2613} INFO - Dependencies all met for dep_context=non-requeueable deps ti=<TaskInstance: fetch_and_store_google_books.create_table scheduled__2024-07-20T00:00:00+00:00 [queued]>
[2024-12-11T21:19:04.615+0000] {taskinstance.py:2613} INFO - Dependencies all met for dep_context=requeueable deps ti=<TaskInstance: fetch_and_store_google_books.create_table scheduled__2024-07-20T00:00:00+00:00 [queued]>
[2024-12-11T21:19:04.619+0000] {taskinstance.py:2866} INFO - Starting attempt 1 of 2
[2024-12-11T21:19:04.825+0000] {taskinstance.py:2889} INFO - Executing <Task(PostgresOperator): create_table> on 2024-07-20 00:00:00+00:00
[2024-12-11T21:19:04.837+0000] {warnings.py:112} WARNING - /home/***/.local/lib/python3.12/site-packages/***/task/task_runner/standard_task_runner.py:70: DeprecationWarning: This process (pid=594) is multi-threaded, use of fork() may lead to deadlocks in the child.
  pid = os.fork()

[2024-12-11T21:19:04.852+0000] {standard_task_runner.py:72} INFO - Started process 628 to run task
[2024-12-11T21:19:04.860+0000] {standard_task_runner.py:104} INFO - Running: ['***', 'tasks', 'run', 'fetch_and_store_google_books', 'create_table', 'scheduled__2024-07-20T00:00:00+00:00', '--job-id', '766', '--raw', '--subdir', 'DAGS_FOLDER/dag2.py', '--cfg-path', '/tmp/tmptirqrseq']
[2024-12-11T21:19:04.870+0000] {standard_task_runner.py:105} INFO - Job 766: Subtask create_table
[2024-12-11T21:19:04.992+0000] {task_command.py:467} INFO - Running <TaskInstance: fetch_and_store_google_books.create_table scheduled__2024-07-20T00:00:00+00:00 [running]> on host bb74d1700244
[2024-12-11T21:19:05.347+0000] {taskinstance.py:3132} INFO - Exporting env vars: AIRFLOW_CTX_DAG_OWNER='***' AIRFLOW_CTX_DAG_ID='fetch_and_store_google_books' AIRFLOW_CTX_TASK_ID='create_table' AIRFLOW_CTX_EXECUTION_DATE='2024-07-20T00:00:00+00:00' AIRFLOW_CTX_TRY_NUMBER='1' AIRFLOW_CTX_DAG_RUN_ID='scheduled__2024-07-20T00:00:00+00:00'
[2024-12-11T21:19:05.353+0000] {logging_mixin.py:190} INFO - Task instance is in running state
[2024-12-11T21:19:05.354+0000] {logging_mixin.py:190} INFO -  Previous state of the Task instance: queued
[2024-12-11T21:19:05.354+0000] {logging_mixin.py:190} INFO - Current task name:create_table state:running start_date:2024-12-11 21:19:04.590413+00:00
[2024-12-11T21:19:05.355+0000] {logging_mixin.py:190} INFO - Dag name:fetch_and_store_google_books and current dag run status:running
[2024-12-11T21:19:05.356+0000] {taskinstance.py:731} INFO - ::endgroup::
[2024-12-11T21:19:05.357+0000] {sql.py:278} INFO - Executing:  
        CREATE TABLE IF NOT EXISTS google_books (
            id SERIAL PRIMARY KEY,
            title TEXT NOT NULL,
            authors TEXT,
            price TEXT,
            rating TEXT,
            link TEXT
        );
        
[2024-12-11T21:19:05.382+0000] {base.py:84} INFO - Retrieving connection 'books_connection2'
[2024-12-11T21:19:05.450+0000] {base.py:84} INFO - Retrieving connection 'books_connection2'
[2024-12-11T21:19:05.463+0000] {sql.py:544} INFO - Running statement:  
        CREATE TABLE IF NOT EXISTS google_books (
            id SERIAL PRIMARY KEY,
            title TEXT NOT NULL,
            authors TEXT,
            price TEXT,
            rating TEXT,
            link TEXT
        );
        , parameters: None
[2024-12-11T21:19:05.538+0000] {taskinstance.py:340} INFO - ::group::Post task execution logs
[2024-12-11T21:19:05.540+0000] {taskinstance.py:352} INFO - Marking task as SUCCESS. dag_id=fetch_and_store_google_books, task_id=create_table, run_id=scheduled__2024-07-20T00:00:00+00:00, execution_date=20240720T000000, start_date=20241211T211904, end_date=20241211T211905
[2024-12-11T21:19:05.600+0000] {logging_mixin.py:190} INFO - Task instance in success state
[2024-12-11T21:19:05.601+0000] {logging_mixin.py:190} INFO -  Previous state of the Task instance: running
[2024-12-11T21:19:05.602+0000] {logging_mixin.py:190} INFO - Dag name:fetch_and_store_google_books queued_at:2024-12-11 21:18:46.862406+00:00
[2024-12-11T21:19:05.606+0000] {logging_mixin.py:190} INFO - Task hostname:bb74d1700244 operator:PostgresOperator
[2024-12-11T21:19:05.669+0000] {local_task_job_runner.py:266} INFO - Task exited with return code 0
[2024-12-11T21:19:05.712+0000] {taskinstance.py:3895} INFO - 1 downstream tasks scheduled from follow-on schedule check
[2024-12-11T21:19:05.747+0000] {local_task_job_runner.py:245} INFO - ::endgroup::
