[2024-12-11T21:27:04.543+0000] {local_task_job_runner.py:123} INFO - ::group::Pre task execution logs
[2024-12-11T21:27:04.566+0000] {taskinstance.py:2613} INFO - Dependencies all met for dep_context=non-requeueable deps ti=<TaskInstance: fetch_and_store_google_books.insert_book_data scheduled__2024-12-05T00:00:00+00:00 [queued]>
[2024-12-11T21:27:04.578+0000] {taskinstance.py:2613} INFO - Dependencies all met for dep_context=requeueable deps ti=<TaskInstance: fetch_and_store_google_books.insert_book_data scheduled__2024-12-05T00:00:00+00:00 [queued]>
[2024-12-11T21:27:04.578+0000] {taskinstance.py:2866} INFO - Starting attempt 1 of 2
[2024-12-11T21:27:04.597+0000] {taskinstance.py:2889} INFO - Executing <Task(PythonOperator): insert_book_data> on 2024-12-05 00:00:00+00:00
[2024-12-11T21:27:04.609+0000] {warnings.py:112} WARNING - /home/***/.local/lib/python3.12/site-packages/***/task/task_runner/standard_task_runner.py:70: DeprecationWarning: This process (pid=2425) is multi-threaded, use of fork() may lead to deadlocks in the child.
  pid = os.fork()

[2024-12-11T21:27:04.611+0000] {standard_task_runner.py:72} INFO - Started process 2446 to run task
[2024-12-11T21:27:04.613+0000] {standard_task_runner.py:104} INFO - Running: ['***', 'tasks', 'run', 'fetch_and_store_google_books', 'insert_book_data', 'scheduled__2024-12-05T00:00:00+00:00', '--job-id', '1204', '--raw', '--subdir', 'DAGS_FOLDER/dag2.py', '--cfg-path', '/tmp/tmpj7wp8rk2']
[2024-12-11T21:27:04.615+0000] {standard_task_runner.py:105} INFO - Job 1204: Subtask insert_book_data
[2024-12-11T21:27:04.697+0000] {task_command.py:467} INFO - Running <TaskInstance: fetch_and_store_google_books.insert_book_data scheduled__2024-12-05T00:00:00+00:00 [running]> on host bb74d1700244
[2024-12-11T21:27:04.841+0000] {taskinstance.py:3132} INFO - Exporting env vars: AIRFLOW_CTX_DAG_OWNER='***' AIRFLOW_CTX_DAG_ID='fetch_and_store_google_books' AIRFLOW_CTX_TASK_ID='insert_book_data' AIRFLOW_CTX_EXECUTION_DATE='2024-12-05T00:00:00+00:00' AIRFLOW_CTX_TRY_NUMBER='1' AIRFLOW_CTX_DAG_RUN_ID='scheduled__2024-12-05T00:00:00+00:00'
[2024-12-11T21:27:04.843+0000] {logging_mixin.py:190} INFO - Task instance is in running state
[2024-12-11T21:27:04.845+0000] {logging_mixin.py:190} INFO -  Previous state of the Task instance: queued
[2024-12-11T21:27:04.845+0000] {logging_mixin.py:190} INFO - Current task name:insert_book_data state:running start_date:2024-12-11 21:27:04.567394+00:00
[2024-12-11T21:27:04.846+0000] {logging_mixin.py:190} INFO - Dag name:fetch_and_store_google_books and current dag run status:running
[2024-12-11T21:27:04.846+0000] {taskinstance.py:731} INFO - ::endgroup::
[2024-12-11T21:27:04.872+0000] {base.py:84} INFO - Retrieving connection 'books_connection2'
[2024-12-11T21:27:04.876+0000] {sql.py:544} INFO - Running statement: 
    INSERT INTO google_books (title, authors, price, rating, link)
    VALUES (%s, %s, %s, %s, %s)
    , parameters: ('Data Engineering on Azure', 'Vlad Riscutia', 'Not Available', 'No Rating', 'http://books.google.co.in/books?id=q1Q5EAAAQBAJ&dq=data+engineering&hl=&source=gbs_api')
[2024-12-11T21:27:04.877+0000] {sql.py:553} INFO - Rows affected: 1
[2024-12-11T21:27:04.882+0000] {sql.py:544} INFO - Running statement: 
    INSERT INTO google_books (title, authors, price, rating, link)
    VALUES (%s, %s, %s, %s, %s)
    , parameters: ('Data Engineering with Python', 'Paul Crickard', 'Not Available', 'No Rating', 'https://play.google.com/store/books/details?id=9RYFEAAAQBAJ&source=gbs_api')
[2024-12-11T21:27:04.884+0000] {sql.py:553} INFO - Rows affected: 1
[2024-12-11T21:27:04.889+0000] {sql.py:544} INFO - Running statement: 
    INSERT INTO google_books (title, authors, price, rating, link)
    VALUES (%s, %s, %s, %s, %s)
    , parameters: ('Data Engineering with Google Cloud Platform', 'Adi Wijaya', 'Not Available', 'No Rating', 'https://play.google.com/store/books/details?id=AH9gEAAAQBAJ&source=gbs_api')
[2024-12-11T21:27:04.890+0000] {sql.py:553} INFO - Rows affected: 1
[2024-12-11T21:27:04.895+0000] {sql.py:544} INFO - Running statement: 
    INSERT INTO google_books (title, authors, price, rating, link)
    VALUES (%s, %s, %s, %s, %s)
    , parameters: ('Data Engineering with Apache Spark, Delta Lake, and Lakehouse', 'Manoj Kukreja, Danil Zburivsky', 'Not Available', 'No Rating', 'https://play.google.com/store/books/details?id=XiJEEAAAQBAJ&source=gbs_api')
[2024-12-11T21:27:04.897+0000] {sql.py:553} INFO - Rows affected: 1
[2024-12-11T21:27:04.902+0000] {sql.py:544} INFO - Running statement: 
    INSERT INTO google_books (title, authors, price, rating, link)
    VALUES (%s, %s, %s, %s, %s)
    , parameters: ('Fundamentals of Data Engineering', 'Joe Reis, Matt Housley', 'Not Available', 'No Rating', 'http://books.google.co.in/books?id=3qd2EAAAQBAJ&dq=data+engineering&hl=&source=gbs_api')
[2024-12-11T21:27:04.904+0000] {sql.py:553} INFO - Rows affected: 1
[2024-12-11T21:27:04.911+0000] {sql.py:544} INFO - Running statement: 
    INSERT INTO google_books (title, authors, price, rating, link)
    VALUES (%s, %s, %s, %s, %s)
    , parameters: ('97 Things Every Data Engineer Should Know', 'Tobias Macey', 'Not Available', 'No Rating', 'https://play.google.com/store/books/details?id=ZTQzEAAAQBAJ&source=gbs_api')
[2024-12-11T21:27:04.913+0000] {sql.py:553} INFO - Rows affected: 1
[2024-12-11T21:27:04.918+0000] {sql.py:544} INFO - Running statement: 
    INSERT INTO google_books (title, authors, price, rating, link)
    VALUES (%s, %s, %s, %s, %s)
    , parameters: ('The Rails Way', 'Obie Fernandez', 'Not Available', 'No Rating', 'http://books.google.co.in/books?id=bSfoGQkZYcQC&dq=data+engineering&hl=&source=gbs_api')
[2024-12-11T21:27:04.920+0000] {sql.py:553} INFO - Rows affected: 1
[2024-12-11T21:27:04.932+0000] {sql.py:544} INFO - Running statement: 
    INSERT INTO google_books (title, authors, price, rating, link)
    VALUES (%s, %s, %s, %s, %s)
    , parameters: ('The Pragmatic Programmer', 'David Thomas, Andrew Hunt', 'Not Available', 'No Rating', 'https://play.google.com/store/books/details?id=LhOlDwAAQBAJ&source=gbs_api')
[2024-12-11T21:27:04.940+0000] {sql.py:553} INFO - Rows affected: 1
[2024-12-11T21:27:04.954+0000] {sql.py:544} INFO - Running statement: 
    INSERT INTO google_books (title, authors, price, rating, link)
    VALUES (%s, %s, %s, %s, %s)
    , parameters: ('Data Pipelines Pocket Reference', 'James Densmore', 'Not Available', 'No Rating', 'http://books.google.co.in/books?id=SxgcEAAAQBAJ&dq=data+engineering&hl=&source=gbs_api')
[2024-12-11T21:27:04.956+0000] {sql.py:553} INFO - Rows affected: 1
[2024-12-11T21:27:04.962+0000] {sql.py:544} INFO - Running statement: 
    INSERT INTO google_books (title, authors, price, rating, link)
    VALUES (%s, %s, %s, %s, %s)
    , parameters: ('Official Google Cloud Certified Professional Data Engineer Study Guide', 'Dan Sullivan', 'Not Available', 'No Rating', 'https://play.google.com/store/books/details?id=NDXnDwAAQBAJ&source=gbs_api')
[2024-12-11T21:27:04.964+0000] {sql.py:553} INFO - Rows affected: 1
[2024-12-11T21:27:04.970+0000] {sql.py:544} INFO - Running statement: 
    INSERT INTO google_books (title, authors, price, rating, link)
    VALUES (%s, %s, %s, %s, %s)
    , parameters: ('Data-Driven Science and Engineering', 'Steven L. Brunton, J. Nathan Kutz', 'Not Available', 'No Rating', 'http://books.google.co.in/books?id=rxNkEAAAQBAJ&dq=data+engineering&hl=&source=gbs_api')
[2024-12-11T21:27:04.972+0000] {sql.py:553} INFO - Rows affected: 1
[2024-12-11T21:27:04.978+0000] {sql.py:544} INFO - Running statement: 
    INSERT INTO google_books (title, authors, price, rating, link)
    VALUES (%s, %s, %s, %s, %s)
    , parameters: ('Azure Data Engineering Cookbook', 'Ahmad Osama', 'Not Available', 'No Rating', 'https://play.google.com/store/books/details?id=G3UjEAAAQBAJ&source=gbs_api')
[2024-12-11T21:27:04.980+0000] {sql.py:553} INFO - Rows affected: 1
[2024-12-11T21:27:04.985+0000] {sql.py:544} INFO - Running statement: 
    INSERT INTO google_books (title, authors, price, rating, link)
    VALUES (%s, %s, %s, %s, %s)
    , parameters: ('Data Engineering and Communication Technology', 'K. Ashoka Reddy, B. Rama Devi, Boby George, K. Srujan Raju', 'Not Available', 'No Rating', 'https://play.google.com/store/books/details?id=48wvEAAAQBAJ&source=gbs_api')
[2024-12-11T21:27:04.987+0000] {sql.py:553} INFO - Rows affected: 1
[2024-12-11T21:27:04.992+0000] {sql.py:544} INFO - Running statement: 
    INSERT INTO google_books (title, authors, price, rating, link)
    VALUES (%s, %s, %s, %s, %s)
    , parameters: ('Emerging Research in Data Engineering Systems and Computer Communications', 'P. Venkata Krishna, Mohammad S. Obaidat', 'Not Available', 'No Rating', 'https://play.google.com/store/books/details?id=KIvPDwAAQBAJ&source=gbs_api')
[2024-12-11T21:27:04.994+0000] {sql.py:553} INFO - Rows affected: 1
[2024-12-11T21:27:05.000+0000] {sql.py:544} INFO - Running statement: 
    INSERT INTO google_books (title, authors, price, rating, link)
    VALUES (%s, %s, %s, %s, %s)
    , parameters: ('Advances in Artificial Intelligence and Data Engineering', 'Niranjan N. Chiplunkar, Takanori Fukao', 'Not Available', 'No Rating', 'http://books.google.co.in/books?id=iIhezgEACAAJ&dq=data+engineering&hl=&source=gbs_api')
[2024-12-11T21:27:05.002+0000] {sql.py:553} INFO - Rows affected: 1
[2024-12-11T21:27:05.008+0000] {sql.py:544} INFO - Running statement: 
    INSERT INTO google_books (title, authors, price, rating, link)
    VALUES (%s, %s, %s, %s, %s)
    , parameters: ('Azure Data Engineer Associate Certification Guide', 'Newton Alex', 'Not Available', 'No Rating', 'https://play.google.com/store/books/details?id=NCdcEAAAQBAJ&source=gbs_api')
[2024-12-11T21:27:05.011+0000] {sql.py:553} INFO - Rows affected: 1
[2024-12-11T21:27:05.019+0000] {sql.py:544} INFO - Running statement: 
    INSERT INTO google_books (title, authors, price, rating, link)
    VALUES (%s, %s, %s, %s, %s)
    , parameters: ('Perspectives on Data Science for Software Engineering', 'Tim Menzies, Laurie Williams, Thomas Zimmermann', 'Not Available', 5, 'https://play.google.com/store/books/details?id=Kc7nCQAAQBAJ&source=gbs_api')
[2024-12-11T21:27:05.021+0000] {sql.py:553} INFO - Rows affected: 1
[2024-12-11T21:27:05.040+0000] {sql.py:544} INFO - Running statement: 
    INSERT INTO google_books (title, authors, price, rating, link)
    VALUES (%s, %s, %s, %s, %s)
    , parameters: ('Data-Driven Engineering Design', 'Ang Liu, Yuchen Wang, Xingzhi Wang', 'Not Available', 'No Rating', 'https://play.google.com/store/books/details?id=glJHEAAAQBAJ&source=gbs_api')
[2024-12-11T21:27:05.042+0000] {sql.py:553} INFO - Rows affected: 1
[2024-12-11T21:27:05.048+0000] {sql.py:544} INFO - Running statement: 
    INSERT INTO google_books (title, authors, price, rating, link)
    VALUES (%s, %s, %s, %s, %s)
    , parameters: ('Data Engineering and Intelligent Computing', 'Suresh Chandra Satapathy, Vikrant Bhateja, K. Srujan Raju, B. Janakiramaiah', 'Not Available', 'No Rating', 'https://play.google.com/store/books/details?id=niYmDwAAQBAJ&source=gbs_api')
[2024-12-11T21:27:05.050+0000] {sql.py:553} INFO - Rows affected: 1
[2024-12-11T21:27:05.056+0000] {sql.py:544} INFO - Running statement: 
    INSERT INTO google_books (title, authors, price, rating, link)
    VALUES (%s, %s, %s, %s, %s)
    , parameters: ('Data Science from Scratch', 'Joel Grus', 'Not Available', 5, 'http://books.google.co.in/books?id=24kdCAAAQBAJ&dq=data+engineering&hl=&source=gbs_api')
[2024-12-11T21:27:05.058+0000] {sql.py:553} INFO - Rows affected: 1
[2024-12-11T21:27:05.066+0000] {sql.py:544} INFO - Running statement: 
    INSERT INTO google_books (title, authors, price, rating, link)
    VALUES (%s, %s, %s, %s, %s)
    , parameters: ('Systems, Patterns and Data Engineering with Geometric Calculi', 'Sebastià Xambó-Descamps', 'Not Available', 'No Rating', 'https://play.google.com/store/books/details?id=RvI4EAAAQBAJ&source=gbs_api')
[2024-12-11T21:27:05.068+0000] {sql.py:553} INFO - Rows affected: 1
[2024-12-11T21:27:05.076+0000] {sql.py:544} INFO - Running statement: 
    INSERT INTO google_books (title, authors, price, rating, link)
    VALUES (%s, %s, %s, %s, %s)
    , parameters: ('Enterprise Big Data Engineering, Analytics, and Management', 'Atzmueller, Martin', 'Not Available', 'No Rating', 'https://play.google.com/store/books/details?id=P5BJDAAAQBAJ&source=gbs_api')
[2024-12-11T21:27:05.080+0000] {sql.py:553} INFO - Rows affected: 1
[2024-12-11T21:27:05.088+0000] {sql.py:544} INFO - Running statement: 
    INSERT INTO google_books (title, authors, price, rating, link)
    VALUES (%s, %s, %s, %s, %s)
    , parameters: ('Intelligent Data Engineering and Analytics', 'Suresh Chandra Satapathy, Yu-Dong Zhang, Vikrant Bhateja, Ritanjali Majhi', 'Not Available', 'No Rating', 'https://play.google.com/store/books/details?id=lQ36DwAAQBAJ&source=gbs_api')
[2024-12-11T21:27:05.094+0000] {sql.py:553} INFO - Rows affected: 1
[2024-12-11T21:27:05.101+0000] {sql.py:544} INFO - Running statement: 
    INSERT INTO google_books (title, authors, price, rating, link)
    VALUES (%s, %s, %s, %s, %s)
    , parameters: ('Big Data in Engineering Applications', 'Sanjiban Sekhar Roy, Pijush Samui, Ravinesh Deo, Stavros Ntalampiras', 'Not Available', 5, 'https://play.google.com/store/books/details?id=3XZZDwAAQBAJ&source=gbs_api')
[2024-12-11T21:27:05.107+0000] {sql.py:553} INFO - Rows affected: 1
[2024-12-11T21:27:05.113+0000] {sql.py:544} INFO - Running statement: 
    INSERT INTO google_books (title, authors, price, rating, link)
    VALUES (%s, %s, %s, %s, %s)
    , parameters: ('Advanced Data Analysis and Modelling in Chemical Engineering', "Denis Constales, Gregory S. Yablonsky, Dagmar R. D'hooge, Joris W. Thybaut, Guy B. Marin", 'Not Available', 'No Rating', 'https://play.google.com/store/books/details?id=IQ6dBAAAQBAJ&source=gbs_api')
[2024-12-11T21:27:05.115+0000] {sql.py:553} INFO - Rows affected: 1
[2024-12-11T21:27:05.120+0000] {sql.py:544} INFO - Running statement: 
    INSERT INTO google_books (title, authors, price, rating, link)
    VALUES (%s, %s, %s, %s, %s)
    , parameters: ('Intelligent Data Engineering and Automated Learning – IDEAL 2020', 'Cesar Analide, Paulo Novais, David Camacho, Hujun Yin', 'Not Available', 'No Rating', 'https://play.google.com/store/books/details?id=NScGEAAAQBAJ&source=gbs_api')
[2024-12-11T21:27:05.122+0000] {sql.py:553} INFO - Rows affected: 1
[2024-12-11T21:27:05.128+0000] {sql.py:544} INFO - Running statement: 
    INSERT INTO google_books (title, authors, price, rating, link)
    VALUES (%s, %s, %s, %s, %s)
    , parameters: ('Data Analytics for Engineering and Construction Project Risk Management', 'Ivan Damnjanovic, Kenneth Reinschmidt', 'Not Available', 'No Rating', 'https://play.google.com/store/books/details?id=uv-ZDwAAQBAJ&source=gbs_api')
[2024-12-11T21:27:05.130+0000] {sql.py:553} INFO - Rows affected: 1
[2024-12-11T21:27:05.138+0000] {sql.py:544} INFO - Running statement: 
    INSERT INTO google_books (title, authors, price, rating, link)
    VALUES (%s, %s, %s, %s, %s)
    , parameters: ('Big Data Analytics in Traffic and Transportation Engineering: Emerging Research and Opportunities', 'Moridpour, Sara, Toran Pour, Alireza, Saghapour, Tayebeh', 'Not Available', 'No Rating', 'https://play.google.com/store/books/details?id=MvGCDwAAQBAJ&source=gbs_api')
[2024-12-11T21:27:05.140+0000] {sql.py:553} INFO - Rows affected: 1
[2024-12-11T21:27:05.146+0000] {sql.py:544} INFO - Running statement: 
    INSERT INTO google_books (title, authors, price, rating, link)
    VALUES (%s, %s, %s, %s, %s)
    , parameters: ('Computational Methods and Data Engineering', 'Vijendra Singh, Vijayan K. Asari, Sanjay Kumar, R. B. Patel', 'Not Available', 'No Rating', 'https://play.google.com/store/books/details?id=a374DwAAQBAJ&source=gbs_api')
[2024-12-11T21:27:05.147+0000] {sql.py:553} INFO - Rows affected: 1
[2024-12-11T21:27:05.153+0000] {sql.py:544} INFO - Running statement: 
    INSERT INTO google_books (title, authors, price, rating, link)
    VALUES (%s, %s, %s, %s, %s)
    , parameters: ('Proceedings of the International Conference on Data Engineering and Communication Technology', 'Suresh Chandra Satapathy, Vikrant Bhateja, Amit Joshi', 'Not Available', 5, 'https://play.google.com/store/books/details?id=e7_mDAAAQBAJ&source=gbs_api')
[2024-12-11T21:27:05.155+0000] {sql.py:553} INFO - Rows affected: 1
[2024-12-11T21:27:05.160+0000] {sql.py:544} INFO - Running statement: 
    INSERT INTO google_books (title, authors, price, rating, link)
    VALUES (%s, %s, %s, %s, %s)
    , parameters: ('Data Engineering and Data Science', 'Kukatlapalli Pradeep Kumar, Aynur Unal, Vinay Jha Pillai, Hari Murthy, M. Niranjanamurthy', 'Not Available', 'No Rating', 'https://play.google.com/store/books/details?id=5wfUEAAAQBAJ&source=gbs_api')
[2024-12-11T21:27:05.162+0000] {sql.py:553} INFO - Rows affected: 1
[2024-12-11T21:27:05.167+0000] {sql.py:544} INFO - Running statement: 
    INSERT INTO google_books (title, authors, price, rating, link)
    VALUES (%s, %s, %s, %s, %s)
    , parameters: ('Data Warehouse Requirements Engineering', 'Naveen Prakash, Deepika Prakash', 'Not Available', 'No Rating', 'https://play.google.com/store/books/details?id=eNBJDwAAQBAJ&source=gbs_api')
[2024-12-11T21:27:05.169+0000] {sql.py:553} INFO - Rows affected: 1
[2024-12-11T21:27:05.174+0000] {sql.py:544} INFO - Running statement: 
    INSERT INTO google_books (title, authors, price, rating, link)
    VALUES (%s, %s, %s, %s, %s)
    , parameters: ('Sharing Data and Models in Software Engineering', 'Tim Menzies, Ekrem Kocaguneli, Burak Turhan, Leandro Minku, Fayola Peters', 'Not Available', 'No Rating', 'https://play.google.com/store/books/details?id=Qj3LAwAAQBAJ&source=gbs_api')
[2024-12-11T21:27:05.176+0000] {sql.py:553} INFO - Rows affected: 1
[2024-12-11T21:27:05.181+0000] {sql.py:544} INFO - Running statement: 
    INSERT INTO google_books (title, authors, price, rating, link)
    VALUES (%s, %s, %s, %s, %s)
    , parameters: ('Reference Data for Engineers', 'Mac E. Van Valkenburg, Wendy M. Middleton', 'Not Available', 5, 'http://books.google.co.in/books?id=R67HARlhisYC&dq=data+engineering&hl=&source=gbs_api')
[2024-12-11T21:27:05.183+0000] {sql.py:553} INFO - Rows affected: 1
[2024-12-11T21:27:05.191+0000] {sql.py:544} INFO - Running statement: 
    INSERT INTO google_books (title, authors, price, rating, link)
    VALUES (%s, %s, %s, %s, %s)
    , parameters: ('Recent Advances in Artificial Intelligence and Data Engineering', 'Pushparaj Shetty D., Surendra Shetty', 'Not Available', 'No Rating', 'https://play.google.com/store/books/details?id=6bJLEAAAQBAJ&source=gbs_api')
[2024-12-11T21:27:05.193+0000] {sql.py:553} INFO - Rows affected: 1
[2024-12-11T21:27:05.198+0000] {sql.py:544} INFO - Running statement: 
    INSERT INTO google_books (title, authors, price, rating, link)
    VALUES (%s, %s, %s, %s, %s)
    , parameters: ('Data Science in Engineering and Management', 'Zdzislaw Polkowski, Sambit Kumar Mishra, Julian Vasilev', 'Not Available', 'No Rating', 'http://books.google.co.in/books?id=_vNUEAAAQBAJ&dq=data+engineering&hl=&source=gbs_api')
[2024-12-11T21:27:05.200+0000] {sql.py:553} INFO - Rows affected: 1
[2024-12-11T21:27:05.205+0000] {sql.py:544} INFO - Running statement: 
    INSERT INTO google_books (title, authors, price, rating, link)
    VALUES (%s, %s, %s, %s, %s)
    , parameters: ('The Definitive Guide to Azure Data Engineering', "Ron C. L'Esteve", 'Not Available', 'No Rating', 'http://books.google.co.in/books?id=vWx1zgEACAAJ&dq=data+engineering&hl=&source=gbs_api')
[2024-12-11T21:27:05.207+0000] {sql.py:553} INFO - Rows affected: 1
[2024-12-11T21:27:05.213+0000] {sql.py:544} INFO - Running statement: 
    INSERT INTO google_books (title, authors, price, rating, link)
    VALUES (%s, %s, %s, %s, %s)
    , parameters: ('Web Scalability for Startup Engineers', 'Artur Ejsmont', 'Not Available', 'No Rating', 'https://play.google.com/store/books/details?id=rnnlCQAAQBAJ&source=gbs_api')
[2024-12-11T21:27:05.214+0000] {sql.py:553} INFO - Rows affected: 1
[2024-12-11T21:27:05.219+0000] {sql.py:544} INFO - Running statement: 
    INSERT INTO google_books (title, authors, price, rating, link)
    VALUES (%s, %s, %s, %s, %s)
    , parameters: ('Machine Learning and Big Data', 'Uma N. Dulhare, Khaleel Ahmad, Khairol Amali Bin Ahmad', 'Not Available', 5, 'http://books.google.co.in/books?id=6BrxDwAAQBAJ&dq=data+engineering&hl=&source=gbs_api')
[2024-12-11T21:27:05.220+0000] {sql.py:553} INFO - Rows affected: 1
[2024-12-11T21:27:05.225+0000] {sql.py:544} INFO - Running statement: 
    INSERT INTO google_books (title, authors, price, rating, link)
    VALUES (%s, %s, %s, %s, %s)
    , parameters: ('Advanced Analytics in Mining Engineering', 'Ali Soofastaei', 'Not Available', 'No Rating', 'https://play.google.com/store/books/details?id=W_hgEAAAQBAJ&source=gbs_api')
[2024-12-11T21:27:05.227+0000] {sql.py:553} INFO - Rows affected: 1
[2024-12-11T21:27:05.233+0000] {sql.py:544} INFO - Running statement: 
    INSERT INTO google_books (title, authors, price, rating, link)
    VALUES (%s, %s, %s, %s, %s)
    , parameters: ('Spark: The Definitive Guide', 'Bill Chambers, Matei Zaharia', 'Not Available', 5, 'https://play.google.com/store/books/details?id=pitLDwAAQBAJ&source=gbs_api')
[2024-12-11T21:27:05.235+0000] {sql.py:553} INFO - Rows affected: 1
[2024-12-11T21:27:05.240+0000] {sql.py:544} INFO - Running statement: 
    INSERT INTO google_books (title, authors, price, rating, link)
    VALUES (%s, %s, %s, %s, %s)
    , parameters: ('Domain-driven Design', 'Eric Evans', 'Not Available', 5, 'http://books.google.co.in/books?id=xColAAPGubgC&dq=data+engineering&hl=&source=gbs_api')
[2024-12-11T21:27:05.242+0000] {sql.py:553} INFO - Rows affected: 1
[2024-12-11T21:27:05.246+0000] {sql.py:544} INFO - Running statement: 
    INSERT INTO google_books (title, authors, price, rating, link)
    VALUES (%s, %s, %s, %s, %s)
    , parameters: ('Feature Engineering for Machine Learning and Data Analytics', 'Guozhu Dong, Huan Liu', 'Not Available', 'No Rating', 'https://play.google.com/store/books/details?id=661SDwAAQBAJ&source=gbs_api')
[2024-12-11T21:27:05.248+0000] {sql.py:553} INFO - Rows affected: 1
[2024-12-11T21:27:05.253+0000] {sql.py:544} INFO - Running statement: 
    INSERT INTO google_books (title, authors, price, rating, link)
    VALUES (%s, %s, %s, %s, %s)
    , parameters: ('Machine Learning Engineering in Action', 'Ben Wilson', 'Not Available', 'No Rating', 'https://play.google.com/store/books/details?id=5W5mEAAAQBAJ&source=gbs_api')
[2024-12-11T21:27:05.255+0000] {sql.py:553} INFO - Rows affected: 1
[2024-12-11T21:27:05.260+0000] {sql.py:544} INFO - Running statement: 
    INSERT INTO google_books (title, authors, price, rating, link)
    VALUES (%s, %s, %s, %s, %s)
    , parameters: ('Data Visualization and Knowledge Engineering', 'Jude Hemanth, Madhulika Bhatia, Oana Geman', 'Not Available', 'No Rating', 'https://play.google.com/store/books/details?id=EXioDwAAQBAJ&source=gbs_api')
[2024-12-11T21:27:05.262+0000] {sql.py:553} INFO - Rows affected: 1
[2024-12-11T21:27:05.268+0000] {sql.py:544} INFO - Running statement: 
    INSERT INTO google_books (title, authors, price, rating, link)
    VALUES (%s, %s, %s, %s, %s)
    , parameters: ('Learn Java the Easy Way', 'Bryson Payne', 'Not Available', 'No Rating', 'https://play.google.com/store/books/details?id=nLgrDwAAQBAJ&source=gbs_api')
[2024-12-11T21:27:05.270+0000] {sql.py:553} INFO - Rows affected: 1
[2024-12-11T21:27:05.275+0000] {sql.py:544} INFO - Running statement: 
    INSERT INTO google_books (title, authors, price, rating, link)
    VALUES (%s, %s, %s, %s, %s)
    , parameters: ("Mechanical Engineer's Data Handbook", 'J. Carvill', 'Not Available', 'No Rating', 'https://play.google.com/store/books/details?id=6-VdBgAAQBAJ&source=gbs_api')
[2024-12-11T21:27:05.277+0000] {sql.py:553} INFO - Rows affected: 1
[2024-12-11T21:27:05.282+0000] {sql.py:544} INFO - Running statement: 
    INSERT INTO google_books (title, authors, price, rating, link)
    VALUES (%s, %s, %s, %s, %s)
    , parameters: ('Intelligent Data Engineering and Automated Learning – IDEAL 2018', 'Hujun Yin, David Camacho, Paulo Novais, Antonio J. Tallón-Ballesteros', 'Not Available', 'No Rating', 'https://play.google.com/store/books/details?id=YuN3DwAAQBAJ&source=gbs_api')
[2024-12-11T21:27:05.284+0000] {sql.py:553} INFO - Rows affected: 1
[2024-12-11T21:27:05.289+0000] {sql.py:544} INFO - Running statement: 
    INSERT INTO google_books (title, authors, price, rating, link)
    VALUES (%s, %s, %s, %s, %s)
    , parameters: ('Modern Data Engineering with Apache Spark', 'Scott Haines', 'Not Available', 'No Rating', 'http://books.google.co.in/books?id=HmGbzgEACAAJ&dq=data+engineering&hl=&source=gbs_api')
[2024-12-11T21:27:05.291+0000] {sql.py:553} INFO - Rows affected: 1
[2024-12-11T21:27:05.297+0000] {sql.py:544} INFO - Running statement: 
    INSERT INTO google_books (title, authors, price, rating, link)
    VALUES (%s, %s, %s, %s, %s)
    , parameters: ('Data Warehousing and Web Engineering', 'Becker, Shirley', 'Not Available', 'No Rating', 'https://play.google.com/store/books/details?id=HuwEhB1MT5cC&source=gbs_api')
[2024-12-11T21:27:05.298+0000] {sql.py:553} INFO - Rows affected: 1
[2024-12-11T21:27:05.300+0000] {python.py:240} INFO - Done. Returned value was: None
[2024-12-11T21:27:05.313+0000] {taskinstance.py:340} INFO - ::group::Post task execution logs
[2024-12-11T21:27:05.314+0000] {taskinstance.py:352} INFO - Marking task as SUCCESS. dag_id=fetch_and_store_google_books, task_id=insert_book_data, run_id=scheduled__2024-12-05T00:00:00+00:00, execution_date=20241205T000000, start_date=20241211T212704, end_date=20241211T212705
[2024-12-11T21:27:05.330+0000] {logging_mixin.py:190} INFO - Task instance in success state
[2024-12-11T21:27:05.332+0000] {logging_mixin.py:190} INFO -  Previous state of the Task instance: running
[2024-12-11T21:27:05.333+0000] {logging_mixin.py:190} INFO - Dag name:fetch_and_store_google_books queued_at:2024-12-11 21:26:49.438413+00:00
[2024-12-11T21:27:05.334+0000] {logging_mixin.py:190} INFO - Task hostname:bb74d1700244 operator:PythonOperator
[2024-12-11T21:27:05.356+0000] {local_task_job_runner.py:266} INFO - Task exited with return code 0
[2024-12-11T21:27:05.375+0000] {taskinstance.py:3895} INFO - 0 downstream tasks scheduled from follow-on schedule check
[2024-12-11T21:27:05.377+0000] {local_task_job_runner.py:245} INFO - ::endgroup::
