[2024-12-11T21:21:57.350+0000] {local_task_job_runner.py:123} INFO - ::group::Pre task execution logs
[2024-12-11T21:21:57.366+0000] {taskinstance.py:2613} INFO - Dependencies all met for dep_context=non-requeueable deps ti=<TaskInstance: fetch_and_store_google_books.create_table scheduled__2024-09-10T00:00:00+00:00 [queued]>
[2024-12-11T21:21:57.373+0000] {taskinstance.py:2613} INFO - Dependencies all met for dep_context=requeueable deps ti=<TaskInstance: fetch_and_store_google_books.create_table scheduled__2024-09-10T00:00:00+00:00 [queued]>
[2024-12-11T21:21:57.374+0000] {taskinstance.py:2866} INFO - Starting attempt 1 of 2
[2024-12-11T21:21:57.385+0000] {taskinstance.py:2889} INFO - Executing <Task(PostgresOperator): create_table> on 2024-09-10 00:00:00+00:00
[2024-12-11T21:21:57.394+0000] {warnings.py:112} WARNING - /home/***/.local/lib/python3.12/site-packages/***/task/task_runner/standard_task_runner.py:70: DeprecationWarning: This process (pid=1271) is multi-threaded, use of fork() may lead to deadlocks in the child.
  pid = os.fork()

[2024-12-11T21:21:57.396+0000] {standard_task_runner.py:72} INFO - Started process 1273 to run task
[2024-12-11T21:21:57.396+0000] {standard_task_runner.py:104} INFO - Running: ['***', 'tasks', 'run', 'fetch_and_store_google_books', 'create_table', 'scheduled__2024-09-10T00:00:00+00:00', '--job-id', '926', '--raw', '--subdir', 'DAGS_FOLDER/dag2.py', '--cfg-path', '/tmp/tmp6wfi0zc0']
[2024-12-11T21:21:57.397+0000] {standard_task_runner.py:105} INFO - Job 926: Subtask create_table
[2024-12-11T21:21:57.439+0000] {task_command.py:467} INFO - Running <TaskInstance: fetch_and_store_google_books.create_table scheduled__2024-09-10T00:00:00+00:00 [running]> on host bb74d1700244
[2024-12-11T21:21:57.514+0000] {taskinstance.py:3132} INFO - Exporting env vars: AIRFLOW_CTX_DAG_OWNER='***' AIRFLOW_CTX_DAG_ID='fetch_and_store_google_books' AIRFLOW_CTX_TASK_ID='create_table' AIRFLOW_CTX_EXECUTION_DATE='2024-09-10T00:00:00+00:00' AIRFLOW_CTX_TRY_NUMBER='1' AIRFLOW_CTX_DAG_RUN_ID='scheduled__2024-09-10T00:00:00+00:00'
[2024-12-11T21:21:57.515+0000] {logging_mixin.py:190} INFO - Task instance is in running state
[2024-12-11T21:21:57.516+0000] {logging_mixin.py:190} INFO -  Previous state of the Task instance: queued
[2024-12-11T21:21:57.516+0000] {logging_mixin.py:190} INFO - Current task name:create_table state:running start_date:2024-12-11 21:21:57.366827+00:00
[2024-12-11T21:21:57.516+0000] {logging_mixin.py:190} INFO - Dag name:fetch_and_store_google_books and current dag run status:running
[2024-12-11T21:21:57.517+0000] {taskinstance.py:731} INFO - ::endgroup::
[2024-12-11T21:21:57.517+0000] {sql.py:278} INFO - Executing:  
        CREATE TABLE IF NOT EXISTS google_books (
            id SERIAL PRIMARY KEY,
            title TEXT NOT NULL,
            authors TEXT,
            price TEXT,
            rating TEXT,
            link TEXT
        );
        
[2024-12-11T21:21:57.525+0000] {base.py:84} INFO - Retrieving connection 'books_connection2'
[2024-12-11T21:21:57.532+0000] {base.py:84} INFO - Retrieving connection 'books_connection2'
[2024-12-11T21:21:57.536+0000] {sql.py:544} INFO - Running statement:  
        CREATE TABLE IF NOT EXISTS google_books (
            id SERIAL PRIMARY KEY,
            title TEXT NOT NULL,
            authors TEXT,
            price TEXT,
            rating TEXT,
            link TEXT
        );
        , parameters: None
[2024-12-11T21:21:57.545+0000] {taskinstance.py:340} INFO - ::group::Post task execution logs
[2024-12-11T21:21:57.546+0000] {taskinstance.py:352} INFO - Marking task as SUCCESS. dag_id=fetch_and_store_google_books, task_id=create_table, run_id=scheduled__2024-09-10T00:00:00+00:00, execution_date=20240910T000000, start_date=20241211T212157, end_date=20241211T212157
[2024-12-11T21:21:57.554+0000] {logging_mixin.py:190} INFO - Task instance in success state
[2024-12-11T21:21:57.555+0000] {logging_mixin.py:190} INFO -  Previous state of the Task instance: running
[2024-12-11T21:21:57.555+0000] {logging_mixin.py:190} INFO - Dag name:fetch_and_store_google_books queued_at:2024-12-11 21:21:51.862650+00:00
[2024-12-11T21:21:57.556+0000] {logging_mixin.py:190} INFO - Task hostname:bb74d1700244 operator:PostgresOperator
[2024-12-11T21:21:57.570+0000] {local_task_job_runner.py:266} INFO - Task exited with return code 0
[2024-12-11T21:21:57.589+0000] {taskinstance.py:3895} INFO - 1 downstream tasks scheduled from follow-on schedule check
[2024-12-11T21:21:57.591+0000] {local_task_job_runner.py:245} INFO - ::endgroup::
