[2024-12-11T20:48:48.756+0000] {local_task_job_runner.py:123} INFO - ::group::Pre task execution logs
[2024-12-11T20:48:48.785+0000] {taskinstance.py:2613} INFO - Dependencies all met for dep_context=non-requeueable deps ti=<TaskInstance: fetch_and_store_amazon_books.fetch_book_data scheduled__2024-11-09T00:00:00+00:00 [queued]>
[2024-12-11T20:48:48.801+0000] {taskinstance.py:2613} INFO - Dependencies all met for dep_context=requeueable deps ti=<TaskInstance: fetch_and_store_amazon_books.fetch_book_data scheduled__2024-11-09T00:00:00+00:00 [queued]>
[2024-12-11T20:48:48.804+0000] {taskinstance.py:2866} INFO - Starting attempt 1 of 2
[2024-12-11T20:48:48.843+0000] {taskinstance.py:2889} INFO - Executing <Task(PythonOperator): fetch_book_data> on 2024-11-09 00:00:00+00:00
[2024-12-11T20:48:48.872+0000] {warnings.py:112} WARNING - /home/***/.local/lib/python3.12/site-packages/***/task/task_runner/standard_task_runner.py:70: DeprecationWarning: This process (pid=3026) is multi-threaded, use of fork() may lead to deadlocks in the child.
  pid = os.fork()

[2024-12-11T20:48:48.875+0000] {standard_task_runner.py:72} INFO - Started process 3052 to run task
[2024-12-11T20:48:48.877+0000] {standard_task_runner.py:104} INFO - Running: ['***', 'tasks', 'run', 'fetch_and_store_amazon_books', 'fetch_book_data', 'scheduled__2024-11-09T00:00:00+00:00', '--job-id', '521', '--raw', '--subdir', 'DAGS_FOLDER/app.py', '--cfg-path', '/tmp/tmpv76byjk8']
[2024-12-11T20:48:48.879+0000] {standard_task_runner.py:105} INFO - Job 521: Subtask fetch_book_data
[2024-12-11T20:48:49.078+0000] {task_command.py:467} INFO - Running <TaskInstance: fetch_and_store_amazon_books.fetch_book_data scheduled__2024-11-09T00:00:00+00:00 [running]> on host aaf3c4c4d810
[2024-12-11T20:48:49.357+0000] {taskinstance.py:3132} INFO - Exporting env vars: AIRFLOW_CTX_DAG_OWNER='***' AIRFLOW_CTX_DAG_ID='fetch_and_store_amazon_books' AIRFLOW_CTX_TASK_ID='fetch_book_data' AIRFLOW_CTX_EXECUTION_DATE='2024-11-09T00:00:00+00:00' AIRFLOW_CTX_TRY_NUMBER='1' AIRFLOW_CTX_DAG_RUN_ID='scheduled__2024-11-09T00:00:00+00:00'
[2024-12-11T20:48:49.362+0000] {logging_mixin.py:190} INFO - Task instance is in running state
[2024-12-11T20:48:49.363+0000] {logging_mixin.py:190} INFO -  Previous state of the Task instance: queued
[2024-12-11T20:48:49.364+0000] {logging_mixin.py:190} INFO - Current task name:fetch_book_data state:running start_date:2024-12-11 20:48:48.787257+00:00
[2024-12-11T20:48:49.366+0000] {logging_mixin.py:190} INFO - Dag name:fetch_and_store_amazon_books and current dag run status:running
[2024-12-11T20:48:49.367+0000] {taskinstance.py:731} INFO - ::endgroup::
[2024-12-11T20:48:50.244+0000] {logging_mixin.py:190} INFO - Failed to fetch page 1. Status code: 503
[2024-12-11T20:48:50.294+0000] {python.py:240} INFO - Done. Returned value was: None
[2024-12-11T20:48:50.312+0000] {taskinstance.py:340} INFO - ::group::Post task execution logs
[2024-12-11T20:48:50.314+0000] {taskinstance.py:352} INFO - Marking task as SUCCESS. dag_id=fetch_and_store_amazon_books, task_id=fetch_book_data, run_id=scheduled__2024-11-09T00:00:00+00:00, execution_date=20241109T000000, start_date=20241211T204848, end_date=20241211T204850
[2024-12-11T20:48:50.514+0000] {logging_mixin.py:190} INFO - Task instance in success state
[2024-12-11T20:48:50.515+0000] {logging_mixin.py:190} INFO -  Previous state of the Task instance: running
[2024-12-11T20:48:50.515+0000] {logging_mixin.py:190} INFO - Dag name:fetch_and_store_amazon_books queued_at:2024-12-11 20:48:45.192832+00:00
[2024-12-11T20:48:50.516+0000] {logging_mixin.py:190} INFO - Task hostname:aaf3c4c4d810 operator:PythonOperator
[2024-12-11T20:48:50.595+0000] {local_task_job_runner.py:266} INFO - Task exited with return code 0
[2024-12-11T20:48:50.629+0000] {local_task_job_runner.py:245} INFO - ::endgroup::
