[2024-12-15T13:10:27.411+0000] {processor.py:186} INFO - Started process (PID=96) to work on /home/airflow/.local/lib/python3.12/site-packages/airflow/example_dags/example_latest_only_with_trigger.py
[2024-12-15T13:10:27.412+0000] {processor.py:914} INFO - Processing file /home/airflow/.local/lib/python3.12/site-packages/airflow/example_dags/example_latest_only_with_trigger.py for tasks to queue
[2024-12-15T13:10:27.415+0000] {logging_mixin.py:190} INFO - [2024-12-15T13:10:27.414+0000] {dagbag.py:588} INFO - Filling up the DagBag from /home/airflow/.local/lib/python3.12/site-packages/airflow/example_dags/example_latest_only_with_trigger.py
[2024-12-15T13:10:27.423+0000] {processor.py:925} INFO - DAG(s) 'latest_only_with_trigger' retrieved from /home/airflow/.local/lib/python3.12/site-packages/airflow/example_dags/example_latest_only_with_trigger.py
[2024-12-15T13:10:27.443+0000] {logging_mixin.py:190} INFO - [2024-12-15T13:10:27.443+0000] {dag.py:3239} INFO - Sync 1 DAGs
[2024-12-15T13:10:27.468+0000] {logging_mixin.py:190} INFO - [2024-12-15T13:10:27.468+0000] {dag.py:4180} INFO - Setting next_dagrun for latest_only_with_trigger to 2024-12-15 08:00:00+00:00, run_after=2024-12-15 12:00:00+00:00
[2024-12-15T13:10:27.487+0000] {processor.py:208} INFO - Processing /home/airflow/.local/lib/python3.12/site-packages/airflow/example_dags/example_latest_only_with_trigger.py took 0.087 seconds
[2024-12-15T13:10:58.534+0000] {processor.py:186} INFO - Started process (PID=159) to work on /home/airflow/.local/lib/python3.12/site-packages/airflow/example_dags/example_latest_only_with_trigger.py
[2024-12-15T13:10:58.535+0000] {processor.py:914} INFO - Processing file /home/airflow/.local/lib/python3.12/site-packages/airflow/example_dags/example_latest_only_with_trigger.py for tasks to queue
[2024-12-15T13:10:58.537+0000] {logging_mixin.py:190} INFO - [2024-12-15T13:10:58.537+0000] {dagbag.py:588} INFO - Filling up the DagBag from /home/airflow/.local/lib/python3.12/site-packages/airflow/example_dags/example_latest_only_with_trigger.py
[2024-12-15T13:10:58.545+0000] {processor.py:925} INFO - DAG(s) 'latest_only_with_trigger' retrieved from /home/airflow/.local/lib/python3.12/site-packages/airflow/example_dags/example_latest_only_with_trigger.py
[2024-12-15T13:10:58.565+0000] {logging_mixin.py:190} INFO - [2024-12-15T13:10:58.565+0000] {dag.py:3239} INFO - Sync 1 DAGs
[2024-12-15T13:10:58.586+0000] {logging_mixin.py:190} INFO - [2024-12-15T13:10:58.586+0000] {dag.py:4180} INFO - Setting next_dagrun for latest_only_with_trigger to 2024-12-15 08:00:00+00:00, run_after=2024-12-15 12:00:00+00:00
[2024-12-15T13:10:58.602+0000] {processor.py:208} INFO - Processing /home/airflow/.local/lib/python3.12/site-packages/airflow/example_dags/example_latest_only_with_trigger.py took 0.073 seconds
[2024-12-15T13:11:29.091+0000] {processor.py:186} INFO - Started process (PID=221) to work on /home/airflow/.local/lib/python3.12/site-packages/airflow/example_dags/example_latest_only_with_trigger.py
[2024-12-15T13:11:29.091+0000] {processor.py:914} INFO - Processing file /home/airflow/.local/lib/python3.12/site-packages/airflow/example_dags/example_latest_only_with_trigger.py for tasks to queue
[2024-12-15T13:11:29.093+0000] {logging_mixin.py:190} INFO - [2024-12-15T13:11:29.093+0000] {dagbag.py:588} INFO - Filling up the DagBag from /home/airflow/.local/lib/python3.12/site-packages/airflow/example_dags/example_latest_only_with_trigger.py
[2024-12-15T13:11:29.100+0000] {processor.py:925} INFO - DAG(s) 'latest_only_with_trigger' retrieved from /home/airflow/.local/lib/python3.12/site-packages/airflow/example_dags/example_latest_only_with_trigger.py
[2024-12-15T13:11:29.118+0000] {logging_mixin.py:190} INFO - [2024-12-15T13:11:29.118+0000] {dag.py:3239} INFO - Sync 1 DAGs
[2024-12-15T13:11:29.139+0000] {logging_mixin.py:190} INFO - [2024-12-15T13:11:29.139+0000] {dag.py:4180} INFO - Setting next_dagrun for latest_only_with_trigger to 2024-12-15 08:00:00+00:00, run_after=2024-12-15 12:00:00+00:00
[2024-12-15T13:11:29.154+0000] {processor.py:208} INFO - Processing /home/airflow/.local/lib/python3.12/site-packages/airflow/example_dags/example_latest_only_with_trigger.py took 0.069 seconds
