[2024-12-15T13:10:23.596+0000] {processor.py:186} INFO - Started process (PID=88) to work on /home/airflow/.local/lib/python3.12/site-packages/airflow/example_dags/example_dataset_alias.py
[2024-12-15T13:10:23.597+0000] {processor.py:914} INFO - Processing file /home/airflow/.local/lib/python3.12/site-packages/airflow/example_dags/example_dataset_alias.py for tasks to queue
[2024-12-15T13:10:23.601+0000] {logging_mixin.py:190} INFO - [2024-12-15T13:10:23.601+0000] {dagbag.py:588} INFO - Filling up the DagBag from /home/airflow/.local/lib/python3.12/site-packages/airflow/example_dags/example_dataset_alias.py
[2024-12-15T13:10:26.507+0000] {processor.py:925} INFO - DAG(s) 'dataset_s3_bucket_producer', 'dataset_s3_bucket_consumer', 'dataset_alias_example_alias_consumer', 'dataset_alias_example_alias_producer' retrieved from /home/airflow/.local/lib/python3.12/site-packages/airflow/example_dags/example_dataset_alias.py
[2024-12-15T13:10:26.528+0000] {logging_mixin.py:190} INFO - [2024-12-15T13:10:26.528+0000] {dag.py:3239} INFO - Sync 4 DAGs
[2024-12-15T13:10:26.564+0000] {logging_mixin.py:190} INFO - [2024-12-15T13:10:26.564+0000] {dag.py:4180} INFO - Setting next_dagrun for dataset_alias_example_alias_consumer to None, run_after=None
[2024-12-15T13:10:26.568+0000] {logging_mixin.py:190} INFO - [2024-12-15T13:10:26.568+0000] {dag.py:4180} INFO - Setting next_dagrun for dataset_alias_example_alias_producer to None, run_after=None
[2024-12-15T13:10:26.570+0000] {logging_mixin.py:190} INFO - [2024-12-15T13:10:26.570+0000] {dag.py:4180} INFO - Setting next_dagrun for dataset_s3_bucket_consumer to None, run_after=None
[2024-12-15T13:10:26.572+0000] {logging_mixin.py:190} INFO - [2024-12-15T13:10:26.572+0000] {dag.py:4180} INFO - Setting next_dagrun for dataset_s3_bucket_producer to None, run_after=None
[2024-12-15T13:10:26.602+0000] {processor.py:208} INFO - Processing /home/airflow/.local/lib/python3.12/site-packages/airflow/example_dags/example_dataset_alias.py took 3.015 seconds
[2024-12-15T13:10:57.196+0000] {processor.py:186} INFO - Started process (PID=151) to work on /home/airflow/.local/lib/python3.12/site-packages/airflow/example_dags/example_dataset_alias.py
[2024-12-15T13:10:57.197+0000] {processor.py:914} INFO - Processing file /home/airflow/.local/lib/python3.12/site-packages/airflow/example_dags/example_dataset_alias.py for tasks to queue
[2024-12-15T13:10:57.199+0000] {logging_mixin.py:190} INFO - [2024-12-15T13:10:57.199+0000] {dagbag.py:588} INFO - Filling up the DagBag from /home/airflow/.local/lib/python3.12/site-packages/airflow/example_dags/example_dataset_alias.py
[2024-12-15T13:10:57.810+0000] {processor.py:925} INFO - DAG(s) 'dataset_s3_bucket_producer', 'dataset_s3_bucket_consumer', 'dataset_alias_example_alias_consumer', 'dataset_alias_example_alias_producer' retrieved from /home/airflow/.local/lib/python3.12/site-packages/airflow/example_dags/example_dataset_alias.py
[2024-12-15T13:10:57.829+0000] {logging_mixin.py:190} INFO - [2024-12-15T13:10:57.829+0000] {dag.py:3239} INFO - Sync 4 DAGs
[2024-12-15T13:10:57.851+0000] {logging_mixin.py:190} INFO - [2024-12-15T13:10:57.851+0000] {dag.py:4180} INFO - Setting next_dagrun for dataset_alias_example_alias_consumer to None, run_after=None
[2024-12-15T13:10:57.854+0000] {logging_mixin.py:190} INFO - [2024-12-15T13:10:57.853+0000] {dag.py:4180} INFO - Setting next_dagrun for dataset_alias_example_alias_producer to None, run_after=None
[2024-12-15T13:10:57.855+0000] {logging_mixin.py:190} INFO - [2024-12-15T13:10:57.855+0000] {dag.py:4180} INFO - Setting next_dagrun for dataset_s3_bucket_consumer to None, run_after=None
[2024-12-15T13:10:57.856+0000] {logging_mixin.py:190} INFO - [2024-12-15T13:10:57.856+0000] {dag.py:4180} INFO - Setting next_dagrun for dataset_s3_bucket_producer to None, run_after=None
[2024-12-15T13:10:57.875+0000] {processor.py:208} INFO - Processing /home/airflow/.local/lib/python3.12/site-packages/airflow/example_dags/example_dataset_alias.py took 0.683 seconds
[2024-12-15T13:11:28.050+0000] {processor.py:186} INFO - Started process (PID=214) to work on /home/airflow/.local/lib/python3.12/site-packages/airflow/example_dags/example_dataset_alias.py
[2024-12-15T13:11:28.051+0000] {processor.py:914} INFO - Processing file /home/airflow/.local/lib/python3.12/site-packages/airflow/example_dags/example_dataset_alias.py for tasks to queue
[2024-12-15T13:11:28.053+0000] {logging_mixin.py:190} INFO - [2024-12-15T13:11:28.053+0000] {dagbag.py:588} INFO - Filling up the DagBag from /home/airflow/.local/lib/python3.12/site-packages/airflow/example_dags/example_dataset_alias.py
[2024-12-15T13:11:28.666+0000] {processor.py:925} INFO - DAG(s) 'dataset_s3_bucket_producer', 'dataset_alias_example_alias_consumer', 'dataset_s3_bucket_consumer', 'dataset_alias_example_alias_producer' retrieved from /home/airflow/.local/lib/python3.12/site-packages/airflow/example_dags/example_dataset_alias.py
[2024-12-15T13:11:28.686+0000] {logging_mixin.py:190} INFO - [2024-12-15T13:11:28.685+0000] {dag.py:3239} INFO - Sync 4 DAGs
[2024-12-15T13:11:28.709+0000] {logging_mixin.py:190} INFO - [2024-12-15T13:11:28.709+0000] {dag.py:4180} INFO - Setting next_dagrun for dataset_alias_example_alias_consumer to None, run_after=None
[2024-12-15T13:11:28.712+0000] {logging_mixin.py:190} INFO - [2024-12-15T13:11:28.712+0000] {dag.py:4180} INFO - Setting next_dagrun for dataset_alias_example_alias_producer to None, run_after=None
[2024-12-15T13:11:28.713+0000] {logging_mixin.py:190} INFO - [2024-12-15T13:11:28.713+0000] {dag.py:4180} INFO - Setting next_dagrun for dataset_s3_bucket_consumer to None, run_after=None
[2024-12-15T13:11:28.715+0000] {logging_mixin.py:190} INFO - [2024-12-15T13:11:28.714+0000] {dag.py:4180} INFO - Setting next_dagrun for dataset_s3_bucket_producer to None, run_after=None
[2024-12-15T13:11:28.734+0000] {processor.py:208} INFO - Processing /home/airflow/.local/lib/python3.12/site-packages/airflow/example_dags/example_dataset_alias.py took 0.688 seconds
