[2024-12-15T13:10:27.136+0000] {processor.py:186} INFO - Started process (PID=94) to work on /home/airflow/.local/lib/python3.12/site-packages/airflow/example_dags/example_sla_dag.py
[2024-12-15T13:10:27.137+0000] {processor.py:914} INFO - Processing file /home/airflow/.local/lib/python3.12/site-packages/airflow/example_dags/example_sla_dag.py for tasks to queue
[2024-12-15T13:10:27.139+0000] {logging_mixin.py:190} INFO - [2024-12-15T13:10:27.139+0000] {dagbag.py:588} INFO - Filling up the DagBag from /home/airflow/.local/lib/python3.12/site-packages/airflow/example_dags/example_sla_dag.py
[2024-12-15T13:10:27.150+0000] {processor.py:925} INFO - DAG(s) 'example_sla_dag' retrieved from /home/airflow/.local/lib/python3.12/site-packages/airflow/example_dags/example_sla_dag.py
[2024-12-15T13:10:27.170+0000] {logging_mixin.py:190} INFO - [2024-12-15T13:10:27.170+0000] {dag.py:3239} INFO - Sync 1 DAGs
[2024-12-15T13:10:27.197+0000] {logging_mixin.py:190} INFO - [2024-12-15T13:10:27.197+0000] {dag.py:4180} INFO - Setting next_dagrun for example_sla_dag to 2024-12-15 13:08:00+00:00, run_after=2024-12-15 13:10:00+00:00
[2024-12-15T13:10:27.214+0000] {processor.py:208} INFO - Processing /home/airflow/.local/lib/python3.12/site-packages/airflow/example_dags/example_sla_dag.py took 0.084 seconds
[2024-12-15T13:10:58.318+0000] {processor.py:186} INFO - Started process (PID=157) to work on /home/airflow/.local/lib/python3.12/site-packages/airflow/example_dags/example_sla_dag.py
[2024-12-15T13:10:58.319+0000] {processor.py:914} INFO - Processing file /home/airflow/.local/lib/python3.12/site-packages/airflow/example_dags/example_sla_dag.py for tasks to queue
[2024-12-15T13:10:58.321+0000] {logging_mixin.py:190} INFO - [2024-12-15T13:10:58.320+0000] {dagbag.py:588} INFO - Filling up the DagBag from /home/airflow/.local/lib/python3.12/site-packages/airflow/example_dags/example_sla_dag.py
[2024-12-15T13:10:58.330+0000] {processor.py:925} INFO - DAG(s) 'example_sla_dag' retrieved from /home/airflow/.local/lib/python3.12/site-packages/airflow/example_dags/example_sla_dag.py
[2024-12-15T13:10:58.350+0000] {logging_mixin.py:190} INFO - [2024-12-15T13:10:58.349+0000] {dag.py:3239} INFO - Sync 1 DAGs
[2024-12-15T13:10:58.374+0000] {logging_mixin.py:190} INFO - [2024-12-15T13:10:58.374+0000] {dag.py:4180} INFO - Setting next_dagrun for example_sla_dag to 2024-12-15 13:08:00+00:00, run_after=2024-12-15 13:10:00+00:00
[2024-12-15T13:10:58.390+0000] {processor.py:208} INFO - Processing /home/airflow/.local/lib/python3.12/site-packages/airflow/example_dags/example_sla_dag.py took 0.077 seconds
[2024-12-15T13:11:28.986+0000] {processor.py:186} INFO - Started process (PID=219) to work on /home/airflow/.local/lib/python3.12/site-packages/airflow/example_dags/example_sla_dag.py
[2024-12-15T13:11:28.987+0000] {processor.py:914} INFO - Processing file /home/airflow/.local/lib/python3.12/site-packages/airflow/example_dags/example_sla_dag.py for tasks to queue
[2024-12-15T13:11:28.989+0000] {logging_mixin.py:190} INFO - [2024-12-15T13:11:28.988+0000] {dagbag.py:588} INFO - Filling up the DagBag from /home/airflow/.local/lib/python3.12/site-packages/airflow/example_dags/example_sla_dag.py
[2024-12-15T13:11:28.997+0000] {processor.py:925} INFO - DAG(s) 'example_sla_dag' retrieved from /home/airflow/.local/lib/python3.12/site-packages/airflow/example_dags/example_sla_dag.py
[2024-12-15T13:11:29.015+0000] {logging_mixin.py:190} INFO - [2024-12-15T13:11:29.015+0000] {dag.py:3239} INFO - Sync 1 DAGs
[2024-12-15T13:11:29.038+0000] {logging_mixin.py:190} INFO - [2024-12-15T13:11:29.038+0000] {dag.py:4180} INFO - Setting next_dagrun for example_sla_dag to 2024-12-15 13:08:00+00:00, run_after=2024-12-15 13:10:00+00:00
[2024-12-15T13:11:29.054+0000] {processor.py:208} INFO - Processing /home/airflow/.local/lib/python3.12/site-packages/airflow/example_dags/example_sla_dag.py took 0.074 seconds
