[2024-12-15T13:10:27.771+0000] {processor.py:186} INFO - Started process (PID=99) to work on /home/airflow/.local/lib/python3.12/site-packages/airflow/example_dags/example_datasets.py
[2024-12-15T13:10:27.772+0000] {processor.py:914} INFO - Processing file /home/airflow/.local/lib/python3.12/site-packages/airflow/example_dags/example_datasets.py for tasks to queue
[2024-12-15T13:10:27.775+0000] {logging_mixin.py:190} INFO - [2024-12-15T13:10:27.774+0000] {dagbag.py:588} INFO - Filling up the DagBag from /home/airflow/.local/lib/python3.12/site-packages/airflow/example_dags/example_datasets.py
[2024-12-15T13:10:28.497+0000] {processor.py:925} INFO - DAG(s) 'consume_1_or_2_with_dataset_expressions', 'consume_1_or_both_2_and_3_with_dataset_expressions', 'dataset_produces_2', 'consume_1_and_2_with_dataset_expressions', 'dataset_consumes_unknown_never_scheduled', 'dataset_consumes_1_and_2', 'dataset_consumes_1_never_scheduled', 'dataset_produces_1', 'conditional_dataset_and_time_based_timetable', 'dataset_consumes_1' retrieved from /home/airflow/.local/lib/python3.12/site-packages/airflow/example_dags/example_datasets.py
[2024-12-15T13:10:28.542+0000] {logging_mixin.py:190} INFO - [2024-12-15T13:10:28.541+0000] {dag.py:3239} INFO - Sync 10 DAGs
[2024-12-15T13:10:28.566+0000] {logging_mixin.py:190} INFO - [2024-12-15T13:10:28.566+0000] {dag.py:4180} INFO - Setting next_dagrun for conditional_dataset_and_time_based_timetable to 2024-12-11 01:00:00+00:00, run_after=2024-12-11 01:00:00+00:00
[2024-12-15T13:10:28.570+0000] {logging_mixin.py:190} INFO - [2024-12-15T13:10:28.570+0000] {dag.py:4180} INFO - Setting next_dagrun for consume_1_and_2_with_dataset_expressions to None, run_after=None
[2024-12-15T13:10:28.572+0000] {logging_mixin.py:190} INFO - [2024-12-15T13:10:28.572+0000] {dag.py:4180} INFO - Setting next_dagrun for consume_1_or_2_with_dataset_expressions to None, run_after=None
[2024-12-15T13:10:28.573+0000] {logging_mixin.py:190} INFO - [2024-12-15T13:10:28.573+0000] {dag.py:4180} INFO - Setting next_dagrun for consume_1_or_both_2_and_3_with_dataset_expressions to None, run_after=None
[2024-12-15T13:10:28.575+0000] {logging_mixin.py:190} INFO - [2024-12-15T13:10:28.575+0000] {dag.py:4180} INFO - Setting next_dagrun for dataset_consumes_1 to None, run_after=None
[2024-12-15T13:10:28.576+0000] {logging_mixin.py:190} INFO - [2024-12-15T13:10:28.576+0000] {dag.py:4180} INFO - Setting next_dagrun for dataset_consumes_1_and_2 to None, run_after=None
[2024-12-15T13:10:28.578+0000] {logging_mixin.py:190} INFO - [2024-12-15T13:10:28.578+0000] {dag.py:4180} INFO - Setting next_dagrun for dataset_consumes_1_never_scheduled to None, run_after=None
[2024-12-15T13:10:28.579+0000] {logging_mixin.py:190} INFO - [2024-12-15T13:10:28.579+0000] {dag.py:4180} INFO - Setting next_dagrun for dataset_consumes_unknown_never_scheduled to None, run_after=None
[2024-12-15T13:10:28.582+0000] {logging_mixin.py:190} INFO - [2024-12-15T13:10:28.581+0000] {dag.py:4180} INFO - Setting next_dagrun for dataset_produces_1 to 2024-12-14 00:00:00+00:00, run_after=2024-12-15 00:00:00+00:00
[2024-12-15T13:10:28.583+0000] {logging_mixin.py:190} INFO - [2024-12-15T13:10:28.583+0000] {dag.py:4180} INFO - Setting next_dagrun for dataset_produces_2 to None, run_after=None
[2024-12-15T13:10:28.620+0000] {processor.py:208} INFO - Processing /home/airflow/.local/lib/python3.12/site-packages/airflow/example_dags/example_datasets.py took 0.855 seconds
[2024-12-15T13:10:59.000+0000] {processor.py:186} INFO - Started process (PID=162) to work on /home/airflow/.local/lib/python3.12/site-packages/airflow/example_dags/example_datasets.py
[2024-12-15T13:10:59.001+0000] {processor.py:914} INFO - Processing file /home/airflow/.local/lib/python3.12/site-packages/airflow/example_dags/example_datasets.py for tasks to queue
[2024-12-15T13:10:59.003+0000] {logging_mixin.py:190} INFO - [2024-12-15T13:10:59.003+0000] {dagbag.py:588} INFO - Filling up the DagBag from /home/airflow/.local/lib/python3.12/site-packages/airflow/example_dags/example_datasets.py
[2024-12-15T13:10:59.567+0000] {processor.py:925} INFO - DAG(s) 'dataset_produces_1', 'dataset_consumes_1', 'conditional_dataset_and_time_based_timetable', 'consume_1_and_2_with_dataset_expressions', 'consume_1_or_both_2_and_3_with_dataset_expressions', 'dataset_consumes_unknown_never_scheduled', 'dataset_consumes_1_never_scheduled', 'consume_1_or_2_with_dataset_expressions', 'dataset_produces_2', 'dataset_consumes_1_and_2' retrieved from /home/airflow/.local/lib/python3.12/site-packages/airflow/example_dags/example_datasets.py
[2024-12-15T13:10:59.607+0000] {logging_mixin.py:190} INFO - [2024-12-15T13:10:59.606+0000] {dag.py:3239} INFO - Sync 10 DAGs
[2024-12-15T13:10:59.629+0000] {logging_mixin.py:190} INFO - [2024-12-15T13:10:59.629+0000] {dag.py:4180} INFO - Setting next_dagrun for conditional_dataset_and_time_based_timetable to 2024-12-11 01:00:00+00:00, run_after=2024-12-11 01:00:00+00:00
[2024-12-15T13:10:59.632+0000] {logging_mixin.py:190} INFO - [2024-12-15T13:10:59.632+0000] {dag.py:4180} INFO - Setting next_dagrun for consume_1_and_2_with_dataset_expressions to None, run_after=None
[2024-12-15T13:10:59.634+0000] {logging_mixin.py:190} INFO - [2024-12-15T13:10:59.634+0000] {dag.py:4180} INFO - Setting next_dagrun for consume_1_or_2_with_dataset_expressions to None, run_after=None
[2024-12-15T13:10:59.635+0000] {logging_mixin.py:190} INFO - [2024-12-15T13:10:59.635+0000] {dag.py:4180} INFO - Setting next_dagrun for consume_1_or_both_2_and_3_with_dataset_expressions to None, run_after=None
[2024-12-15T13:10:59.636+0000] {logging_mixin.py:190} INFO - [2024-12-15T13:10:59.636+0000] {dag.py:4180} INFO - Setting next_dagrun for dataset_consumes_1 to None, run_after=None
[2024-12-15T13:10:59.637+0000] {logging_mixin.py:190} INFO - [2024-12-15T13:10:59.637+0000] {dag.py:4180} INFO - Setting next_dagrun for dataset_consumes_1_and_2 to None, run_after=None
[2024-12-15T13:10:59.638+0000] {logging_mixin.py:190} INFO - [2024-12-15T13:10:59.638+0000] {dag.py:4180} INFO - Setting next_dagrun for dataset_consumes_1_never_scheduled to None, run_after=None
[2024-12-15T13:10:59.640+0000] {logging_mixin.py:190} INFO - [2024-12-15T13:10:59.639+0000] {dag.py:4180} INFO - Setting next_dagrun for dataset_consumes_unknown_never_scheduled to None, run_after=None
[2024-12-15T13:10:59.642+0000] {logging_mixin.py:190} INFO - [2024-12-15T13:10:59.642+0000] {dag.py:4180} INFO - Setting next_dagrun for dataset_produces_1 to 2024-12-14 00:00:00+00:00, run_after=2024-12-15 00:00:00+00:00
[2024-12-15T13:10:59.643+0000] {logging_mixin.py:190} INFO - [2024-12-15T13:10:59.643+0000] {dag.py:4180} INFO - Setting next_dagrun for dataset_produces_2 to None, run_after=None
[2024-12-15T13:10:59.674+0000] {processor.py:208} INFO - Processing /home/airflow/.local/lib/python3.12/site-packages/airflow/example_dags/example_datasets.py took 0.678 seconds
[2024-12-15T13:11:30.073+0000] {processor.py:186} INFO - Started process (PID=225) to work on /home/airflow/.local/lib/python3.12/site-packages/airflow/example_dags/example_datasets.py
[2024-12-15T13:11:30.074+0000] {processor.py:914} INFO - Processing file /home/airflow/.local/lib/python3.12/site-packages/airflow/example_dags/example_datasets.py for tasks to queue
[2024-12-15T13:11:30.077+0000] {logging_mixin.py:190} INFO - [2024-12-15T13:11:30.076+0000] {dagbag.py:588} INFO - Filling up the DagBag from /home/airflow/.local/lib/python3.12/site-packages/airflow/example_dags/example_datasets.py
[2024-12-15T13:11:30.781+0000] {processor.py:925} INFO - DAG(s) 'dataset_produces_2', 'consume_1_or_2_with_dataset_expressions', 'dataset_consumes_1_and_2', 'dataset_consumes_unknown_never_scheduled', 'conditional_dataset_and_time_based_timetable', 'consume_1_or_both_2_and_3_with_dataset_expressions', 'dataset_produces_1', 'dataset_consumes_1_never_scheduled', 'dataset_consumes_1', 'consume_1_and_2_with_dataset_expressions' retrieved from /home/airflow/.local/lib/python3.12/site-packages/airflow/example_dags/example_datasets.py
[2024-12-15T13:11:30.824+0000] {logging_mixin.py:190} INFO - [2024-12-15T13:11:30.823+0000] {dag.py:3239} INFO - Sync 10 DAGs
[2024-12-15T13:11:30.850+0000] {logging_mixin.py:190} INFO - [2024-12-15T13:11:30.849+0000] {dag.py:4180} INFO - Setting next_dagrun for conditional_dataset_and_time_based_timetable to 2024-12-11 01:00:00+00:00, run_after=2024-12-11 01:00:00+00:00
[2024-12-15T13:11:30.853+0000] {logging_mixin.py:190} INFO - [2024-12-15T13:11:30.853+0000] {dag.py:4180} INFO - Setting next_dagrun for consume_1_and_2_with_dataset_expressions to None, run_after=None
[2024-12-15T13:11:30.855+0000] {logging_mixin.py:190} INFO - [2024-12-15T13:11:30.855+0000] {dag.py:4180} INFO - Setting next_dagrun for consume_1_or_2_with_dataset_expressions to None, run_after=None
[2024-12-15T13:11:30.856+0000] {logging_mixin.py:190} INFO - [2024-12-15T13:11:30.856+0000] {dag.py:4180} INFO - Setting next_dagrun for consume_1_or_both_2_and_3_with_dataset_expressions to None, run_after=None
[2024-12-15T13:11:30.857+0000] {logging_mixin.py:190} INFO - [2024-12-15T13:11:30.857+0000] {dag.py:4180} INFO - Setting next_dagrun for dataset_consumes_1 to None, run_after=None
[2024-12-15T13:11:30.859+0000] {logging_mixin.py:190} INFO - [2024-12-15T13:11:30.858+0000] {dag.py:4180} INFO - Setting next_dagrun for dataset_consumes_1_and_2 to None, run_after=None
[2024-12-15T13:11:30.860+0000] {logging_mixin.py:190} INFO - [2024-12-15T13:11:30.860+0000] {dag.py:4180} INFO - Setting next_dagrun for dataset_consumes_1_never_scheduled to None, run_after=None
[2024-12-15T13:11:30.861+0000] {logging_mixin.py:190} INFO - [2024-12-15T13:11:30.861+0000] {dag.py:4180} INFO - Setting next_dagrun for dataset_consumes_unknown_never_scheduled to None, run_after=None
[2024-12-15T13:11:30.863+0000] {logging_mixin.py:190} INFO - [2024-12-15T13:11:30.863+0000] {dag.py:4180} INFO - Setting next_dagrun for dataset_produces_1 to 2024-12-14 00:00:00+00:00, run_after=2024-12-15 00:00:00+00:00
[2024-12-15T13:11:30.865+0000] {logging_mixin.py:190} INFO - [2024-12-15T13:11:30.865+0000] {dag.py:4180} INFO - Setting next_dagrun for dataset_produces_2 to None, run_after=None
[2024-12-15T13:11:31.325+0000] {logging_mixin.py:190} INFO - [2024-12-15T13:11:31.325+0000] {process_utils.py:266} INFO - Waiting up to 5 seconds for processes to exit...
