[2024-12-15T13:10:28.619+0000] {processor.py:186} INFO - Started process (PID=101) to work on /home/airflow/.local/lib/python3.12/site-packages/airflow/example_dags/example_subdag_operator.py
[2024-12-15T13:10:28.620+0000] {processor.py:914} INFO - Processing file /home/airflow/.local/lib/python3.12/site-packages/airflow/example_dags/example_subdag_operator.py for tasks to queue
[2024-12-15T13:10:28.622+0000] {logging_mixin.py:190} INFO - [2024-12-15T13:10:28.622+0000] {dagbag.py:588} INFO - Filling up the DagBag from /home/airflow/.local/lib/python3.12/site-packages/airflow/example_dags/example_subdag_operator.py
[2024-12-15T13:10:28.649+0000] {processor.py:925} INFO - DAG(s) 'example_subdag_operator.section-1', 'example_subdag_operator.section-2', 'example_subdag_operator' retrieved from /home/airflow/.local/lib/python3.12/site-packages/airflow/example_dags/example_subdag_operator.py
[2024-12-15T13:10:28.666+0000] {logging_mixin.py:190} INFO - [2024-12-15T13:10:28.665+0000] {dag.py:3239} INFO - Sync 3 DAGs
[2024-12-15T13:10:28.691+0000] {logging_mixin.py:190} INFO - [2024-12-15T13:10:28.691+0000] {dag.py:4180} INFO - Setting next_dagrun for example_subdag_operator to 2022-01-01 00:00:00+00:00, run_after=2022-01-01 00:00:00+00:00
[2024-12-15T13:10:28.695+0000] {logging_mixin.py:190} INFO - [2024-12-15T13:10:28.695+0000] {dag.py:4180} INFO - Setting next_dagrun for example_subdag_operator.section-1 to None, run_after=None
[2024-12-15T13:10:28.697+0000] {logging_mixin.py:190} INFO - [2024-12-15T13:10:28.697+0000] {dag.py:4180} INFO - Setting next_dagrun for example_subdag_operator.section-2 to None, run_after=None
[2024-12-15T13:10:28.704+0000] {logging_mixin.py:190} INFO - [2024-12-15T13:10:28.704+0000] {dag.py:3239} INFO - Sync 2 DAGs
[2024-12-15T13:10:28.709+0000] {logging_mixin.py:190} INFO - [2024-12-15T13:10:28.709+0000] {dag.py:4180} INFO - Setting next_dagrun for example_subdag_operator.section-1 to None, run_after=None
[2024-12-15T13:10:28.710+0000] {logging_mixin.py:190} INFO - [2024-12-15T13:10:28.710+0000] {dag.py:4180} INFO - Setting next_dagrun for example_subdag_operator.section-2 to None, run_after=None
[2024-12-15T13:10:28.721+0000] {processor.py:208} INFO - Processing /home/airflow/.local/lib/python3.12/site-packages/airflow/example_dags/example_subdag_operator.py took 0.108 seconds
[2024-12-15T13:10:59.553+0000] {processor.py:186} INFO - Started process (PID=164) to work on /home/airflow/.local/lib/python3.12/site-packages/airflow/example_dags/example_subdag_operator.py
[2024-12-15T13:10:59.554+0000] {processor.py:914} INFO - Processing file /home/airflow/.local/lib/python3.12/site-packages/airflow/example_dags/example_subdag_operator.py for tasks to queue
[2024-12-15T13:10:59.555+0000] {logging_mixin.py:190} INFO - [2024-12-15T13:10:59.555+0000] {dagbag.py:588} INFO - Filling up the DagBag from /home/airflow/.local/lib/python3.12/site-packages/airflow/example_dags/example_subdag_operator.py
[2024-12-15T13:10:59.580+0000] {processor.py:925} INFO - DAG(s) 'example_subdag_operator.section-1', 'example_subdag_operator.section-2', 'example_subdag_operator' retrieved from /home/airflow/.local/lib/python3.12/site-packages/airflow/example_dags/example_subdag_operator.py
[2024-12-15T13:10:59.593+0000] {logging_mixin.py:190} INFO - [2024-12-15T13:10:59.593+0000] {dag.py:3239} INFO - Sync 3 DAGs
[2024-12-15T13:10:59.614+0000] {logging_mixin.py:190} INFO - [2024-12-15T13:10:59.614+0000] {dag.py:4180} INFO - Setting next_dagrun for example_subdag_operator to 2022-01-01 00:00:00+00:00, run_after=2022-01-01 00:00:00+00:00
[2024-12-15T13:10:59.618+0000] {logging_mixin.py:190} INFO - [2024-12-15T13:10:59.617+0000] {dag.py:4180} INFO - Setting next_dagrun for example_subdag_operator.section-1 to None, run_after=None
[2024-12-15T13:10:59.619+0000] {logging_mixin.py:190} INFO - [2024-12-15T13:10:59.619+0000] {dag.py:4180} INFO - Setting next_dagrun for example_subdag_operator.section-2 to None, run_after=None
[2024-12-15T13:10:59.625+0000] {logging_mixin.py:190} INFO - [2024-12-15T13:10:59.625+0000] {dag.py:3239} INFO - Sync 2 DAGs
[2024-12-15T13:10:59.630+0000] {logging_mixin.py:190} INFO - [2024-12-15T13:10:59.630+0000] {dag.py:4180} INFO - Setting next_dagrun for example_subdag_operator.section-1 to None, run_after=None
[2024-12-15T13:10:59.630+0000] {logging_mixin.py:190} INFO - [2024-12-15T13:10:59.630+0000] {dag.py:4180} INFO - Setting next_dagrun for example_subdag_operator.section-2 to None, run_after=None
[2024-12-15T13:10:59.640+0000] {processor.py:208} INFO - Processing /home/airflow/.local/lib/python3.12/site-packages/airflow/example_dags/example_subdag_operator.py took 0.093 seconds
