[2024-12-15T13:10:26.818+0000] {processor.py:186} INFO - Started process (PID=91) to work on /home/airflow/.local/lib/python3.12/site-packages/airflow/example_dags/example_xcomargs.py
[2024-12-15T13:10:26.819+0000] {processor.py:914} INFO - Processing file /home/airflow/.local/lib/python3.12/site-packages/airflow/example_dags/example_xcomargs.py for tasks to queue
[2024-12-15T13:10:26.821+0000] {logging_mixin.py:190} INFO - [2024-12-15T13:10:26.820+0000] {dagbag.py:588} INFO - Filling up the DagBag from /home/airflow/.local/lib/python3.12/site-packages/airflow/example_dags/example_xcomargs.py
[2024-12-15T13:10:26.832+0000] {processor.py:925} INFO - DAG(s) 'example_xcom_args_with_operators', 'example_xcom_args' retrieved from /home/airflow/.local/lib/python3.12/site-packages/airflow/example_dags/example_xcomargs.py
[2024-12-15T13:10:26.859+0000] {logging_mixin.py:190} INFO - [2024-12-15T13:10:26.858+0000] {dag.py:3239} INFO - Sync 2 DAGs
[2024-12-15T13:10:26.874+0000] {logging_mixin.py:190} INFO - [2024-12-15T13:10:26.874+0000] {dag.py:4180} INFO - Setting next_dagrun for example_xcom_args to None, run_after=None
[2024-12-15T13:10:26.878+0000] {logging_mixin.py:190} INFO - [2024-12-15T13:10:26.878+0000] {dag.py:4180} INFO - Setting next_dagrun for example_xcom_args_with_operators to None, run_after=None
[2024-12-15T13:10:26.895+0000] {processor.py:208} INFO - Processing /home/airflow/.local/lib/python3.12/site-packages/airflow/example_dags/example_xcomargs.py took 0.082 seconds
[2024-12-15T13:10:58.027+0000] {processor.py:186} INFO - Started process (PID=154) to work on /home/airflow/.local/lib/python3.12/site-packages/airflow/example_dags/example_xcomargs.py
[2024-12-15T13:10:58.028+0000] {processor.py:914} INFO - Processing file /home/airflow/.local/lib/python3.12/site-packages/airflow/example_dags/example_xcomargs.py for tasks to queue
[2024-12-15T13:10:58.030+0000] {logging_mixin.py:190} INFO - [2024-12-15T13:10:58.029+0000] {dagbag.py:588} INFO - Filling up the DagBag from /home/airflow/.local/lib/python3.12/site-packages/airflow/example_dags/example_xcomargs.py
[2024-12-15T13:10:58.039+0000] {processor.py:925} INFO - DAG(s) 'example_xcom_args', 'example_xcom_args_with_operators' retrieved from /home/airflow/.local/lib/python3.12/site-packages/airflow/example_dags/example_xcomargs.py
[2024-12-15T13:10:58.059+0000] {logging_mixin.py:190} INFO - [2024-12-15T13:10:58.059+0000] {dag.py:3239} INFO - Sync 2 DAGs
[2024-12-15T13:10:58.072+0000] {logging_mixin.py:190} INFO - [2024-12-15T13:10:58.072+0000] {dag.py:4180} INFO - Setting next_dagrun for example_xcom_args to None, run_after=None
[2024-12-15T13:10:58.076+0000] {logging_mixin.py:190} INFO - [2024-12-15T13:10:58.076+0000] {dag.py:4180} INFO - Setting next_dagrun for example_xcom_args_with_operators to None, run_after=None
[2024-12-15T13:10:58.089+0000] {processor.py:208} INFO - Processing /home/airflow/.local/lib/python3.12/site-packages/airflow/example_dags/example_xcomargs.py took 0.067 seconds
[2024-12-15T13:11:28.884+0000] {processor.py:186} INFO - Started process (PID=217) to work on /home/airflow/.local/lib/python3.12/site-packages/airflow/example_dags/example_xcomargs.py
[2024-12-15T13:11:28.885+0000] {processor.py:914} INFO - Processing file /home/airflow/.local/lib/python3.12/site-packages/airflow/example_dags/example_xcomargs.py for tasks to queue
[2024-12-15T13:11:28.887+0000] {logging_mixin.py:190} INFO - [2024-12-15T13:11:28.887+0000] {dagbag.py:588} INFO - Filling up the DagBag from /home/airflow/.local/lib/python3.12/site-packages/airflow/example_dags/example_xcomargs.py
[2024-12-15T13:11:28.897+0000] {processor.py:925} INFO - DAG(s) 'example_xcom_args', 'example_xcom_args_with_operators' retrieved from /home/airflow/.local/lib/python3.12/site-packages/airflow/example_dags/example_xcomargs.py
[2024-12-15T13:11:28.918+0000] {logging_mixin.py:190} INFO - [2024-12-15T13:11:28.918+0000] {dag.py:3239} INFO - Sync 2 DAGs
[2024-12-15T13:11:28.932+0000] {logging_mixin.py:190} INFO - [2024-12-15T13:11:28.932+0000] {dag.py:4180} INFO - Setting next_dagrun for example_xcom_args to None, run_after=None
[2024-12-15T13:11:28.936+0000] {logging_mixin.py:190} INFO - [2024-12-15T13:11:28.935+0000] {dag.py:4180} INFO - Setting next_dagrun for example_xcom_args_with_operators to None, run_after=None
[2024-12-15T13:11:28.950+0000] {processor.py:208} INFO - Processing /home/airflow/.local/lib/python3.12/site-packages/airflow/example_dags/example_xcomargs.py took 0.070 seconds
