[2024-12-11T21:18:28.119+0000] {local_task_job_runner.py:123} INFO - ::group::Pre task execution logs
[2024-12-11T21:18:28.154+0000] {taskinstance.py:2613} INFO - Dependencies all met for dep_context=non-requeueable deps ti=<TaskInstance: fetch_and_store_google_books.create_table scheduled__2024-06-21T00:00:00+00:00 [queued]>
[2024-12-11T21:18:28.164+0000] {taskinstance.py:2613} INFO - Dependencies all met for dep_context=requeueable deps ti=<TaskInstance: fetch_and_store_google_books.create_table scheduled__2024-06-21T00:00:00+00:00 [queued]>
[2024-12-11T21:18:28.165+0000] {taskinstance.py:2866} INFO - Starting attempt 2 of 2
[2024-12-11T21:18:28.200+0000] {taskinstance.py:2889} INFO - Executing <Task(PostgresOperator): create_table> on 2024-06-21 00:00:00+00:00
[2024-12-11T21:18:28.222+0000] {warnings.py:112} WARNING - /home/***/.local/lib/python3.12/site-packages/***/task/task_runner/standard_task_runner.py:70: DeprecationWarning: This process (pid=335) is multi-threaded, use of fork() may lead to deadlocks in the child.
  pid = os.fork()

[2024-12-11T21:18:28.226+0000] {standard_task_runner.py:72} INFO - Started process 413 to run task
[2024-12-11T21:18:28.224+0000] {standard_task_runner.py:104} INFO - Running: ['***', 'tasks', 'run', 'fetch_and_store_google_books', 'create_table', 'scheduled__2024-06-21T00:00:00+00:00', '--job-id', '718', '--raw', '--subdir', 'DAGS_FOLDER/dag2.py', '--cfg-path', '/tmp/tmpetj659zh']
[2024-12-11T21:18:28.249+0000] {standard_task_runner.py:105} INFO - Job 718: Subtask create_table
[2024-12-11T21:18:28.369+0000] {task_command.py:467} INFO - Running <TaskInstance: fetch_and_store_google_books.create_table scheduled__2024-06-21T00:00:00+00:00 [running]> on host bb74d1700244
[2024-12-11T21:18:28.621+0000] {taskinstance.py:3132} INFO - Exporting env vars: AIRFLOW_CTX_DAG_OWNER='***' AIRFLOW_CTX_DAG_ID='fetch_and_store_google_books' AIRFLOW_CTX_TASK_ID='create_table' AIRFLOW_CTX_EXECUTION_DATE='2024-06-21T00:00:00+00:00' AIRFLOW_CTX_TRY_NUMBER='2' AIRFLOW_CTX_DAG_RUN_ID='scheduled__2024-06-21T00:00:00+00:00'
[2024-12-11T21:18:28.626+0000] {logging_mixin.py:190} INFO - Task instance is in running state
[2024-12-11T21:18:28.627+0000] {logging_mixin.py:190} INFO -  Previous state of the Task instance: queued
[2024-12-11T21:18:28.628+0000] {logging_mixin.py:190} INFO - Current task name:create_table state:running start_date:2024-12-11 21:18:28.154994+00:00
[2024-12-11T21:18:28.629+0000] {logging_mixin.py:190} INFO - Dag name:fetch_and_store_google_books and current dag run status:running
[2024-12-11T21:18:28.629+0000] {taskinstance.py:731} INFO - ::endgroup::
[2024-12-11T21:18:28.630+0000] {sql.py:278} INFO - Executing:  
        CREATE TABLE IF NOT EXISTS google_books (
            id SERIAL PRIMARY KEY,
            title TEXT NOT NULL,
            authors TEXT,
            price TEXT,
            rating TEXT,
            link TEXT
        );
        
[2024-12-11T21:18:28.668+0000] {base.py:84} INFO - Retrieving connection 'books_connection2'
[2024-12-11T21:18:28.684+0000] {base.py:84} INFO - Retrieving connection 'books_connection2'
[2024-12-11T21:18:28.694+0000] {sql.py:544} INFO - Running statement:  
        CREATE TABLE IF NOT EXISTS google_books (
            id SERIAL PRIMARY KEY,
            title TEXT NOT NULL,
            authors TEXT,
            price TEXT,
            rating TEXT,
            link TEXT
        );
        , parameters: None
[2024-12-11T21:18:28.711+0000] {taskinstance.py:340} INFO - ::group::Post task execution logs
[2024-12-11T21:18:28.714+0000] {taskinstance.py:352} INFO - Marking task as SUCCESS. dag_id=fetch_and_store_google_books, task_id=create_table, run_id=scheduled__2024-06-21T00:00:00+00:00, execution_date=20240621T000000, start_date=20241211T211828, end_date=20241211T211828
[2024-12-11T21:18:28.772+0000] {logging_mixin.py:190} INFO - Task instance in success state
[2024-12-11T21:18:28.777+0000] {logging_mixin.py:190} INFO -  Previous state of the Task instance: running
[2024-12-11T21:18:28.778+0000] {logging_mixin.py:190} INFO - Dag name:fetch_and_store_google_books queued_at:2024-12-11 21:12:15.149850+00:00
[2024-12-11T21:18:28.786+0000] {logging_mixin.py:190} INFO - Task hostname:bb74d1700244 operator:PostgresOperator
[2024-12-11T21:18:28.845+0000] {local_task_job_runner.py:266} INFO - Task exited with return code 0
[2024-12-11T21:18:28.889+0000] {taskinstance.py:3895} INFO - 1 downstream tasks scheduled from follow-on schedule check
[2024-12-11T21:18:28.892+0000] {local_task_job_runner.py:245} INFO - ::endgroup::
