[2024-12-10T05:50:26.691+0000] {processor.py:186} INFO - Started process (PID=70) to work on /home/airflow/.local/lib/python3.12/site-packages/airflow/example_dags/example_skip_dag.py
[2024-12-10T05:50:26.693+0000] {processor.py:914} INFO - Processing file /home/airflow/.local/lib/python3.12/site-packages/airflow/example_dags/example_skip_dag.py for tasks to queue
[2024-12-10T05:50:26.702+0000] {logging_mixin.py:190} INFO - [2024-12-10T05:50:26.702+0000] {dagbag.py:588} INFO - Filling up the DagBag from /home/airflow/.local/lib/python3.12/site-packages/airflow/example_dags/example_skip_dag.py
[2024-12-10T05:50:26.715+0000] {processor.py:925} INFO - DAG(s) 'example_skip_dag' retrieved from /home/airflow/.local/lib/python3.12/site-packages/airflow/example_dags/example_skip_dag.py
[2024-12-10T05:50:26.761+0000] {logging_mixin.py:190} INFO - [2024-12-10T05:50:26.761+0000] {dag.py:3239} INFO - Sync 1 DAGs
[2024-12-10T05:50:26.790+0000] {logging_mixin.py:190} INFO - [2024-12-10T05:50:26.789+0000] {dag.py:4180} INFO - Setting next_dagrun for example_skip_dag to 2024-12-09 00:00:00+00:00, run_after=2024-12-10 00:00:00+00:00
[2024-12-10T05:50:26.810+0000] {processor.py:208} INFO - Processing /home/airflow/.local/lib/python3.12/site-packages/airflow/example_dags/example_skip_dag.py took 0.126 seconds
[2024-12-10T05:50:57.242+0000] {processor.py:186} INFO - Started process (PID=133) to work on /home/airflow/.local/lib/python3.12/site-packages/airflow/example_dags/example_skip_dag.py
[2024-12-10T05:50:57.244+0000] {processor.py:914} INFO - Processing file /home/airflow/.local/lib/python3.12/site-packages/airflow/example_dags/example_skip_dag.py for tasks to queue
[2024-12-10T05:50:57.246+0000] {logging_mixin.py:190} INFO - [2024-12-10T05:50:57.246+0000] {dagbag.py:588} INFO - Filling up the DagBag from /home/airflow/.local/lib/python3.12/site-packages/airflow/example_dags/example_skip_dag.py
[2024-12-10T05:50:57.257+0000] {processor.py:925} INFO - DAG(s) 'example_skip_dag' retrieved from /home/airflow/.local/lib/python3.12/site-packages/airflow/example_dags/example_skip_dag.py
[2024-12-10T05:50:57.281+0000] {logging_mixin.py:190} INFO - [2024-12-10T05:50:57.280+0000] {dag.py:3239} INFO - Sync 1 DAGs
[2024-12-10T05:50:57.306+0000] {logging_mixin.py:190} INFO - [2024-12-10T05:50:57.306+0000] {dag.py:4180} INFO - Setting next_dagrun for example_skip_dag to 2024-12-09 00:00:00+00:00, run_after=2024-12-10 00:00:00+00:00
[2024-12-10T05:50:57.329+0000] {processor.py:208} INFO - Processing /home/airflow/.local/lib/python3.12/site-packages/airflow/example_dags/example_skip_dag.py took 0.094 seconds
[2024-12-10T05:51:27.909+0000] {processor.py:186} INFO - Started process (PID=196) to work on /home/airflow/.local/lib/python3.12/site-packages/airflow/example_dags/example_skip_dag.py
[2024-12-10T05:51:27.910+0000] {processor.py:914} INFO - Processing file /home/airflow/.local/lib/python3.12/site-packages/airflow/example_dags/example_skip_dag.py for tasks to queue
[2024-12-10T05:51:27.912+0000] {logging_mixin.py:190} INFO - [2024-12-10T05:51:27.912+0000] {dagbag.py:588} INFO - Filling up the DagBag from /home/airflow/.local/lib/python3.12/site-packages/airflow/example_dags/example_skip_dag.py
[2024-12-10T05:51:27.919+0000] {processor.py:925} INFO - DAG(s) 'example_skip_dag' retrieved from /home/airflow/.local/lib/python3.12/site-packages/airflow/example_dags/example_skip_dag.py
[2024-12-10T05:51:27.939+0000] {logging_mixin.py:190} INFO - [2024-12-10T05:51:27.938+0000] {dag.py:3239} INFO - Sync 1 DAGs
[2024-12-10T05:51:27.964+0000] {logging_mixin.py:190} INFO - [2024-12-10T05:51:27.963+0000] {dag.py:4180} INFO - Setting next_dagrun for example_skip_dag to 2024-12-09 00:00:00+00:00, run_after=2024-12-10 00:00:00+00:00
[2024-12-10T05:51:27.985+0000] {processor.py:208} INFO - Processing /home/airflow/.local/lib/python3.12/site-packages/airflow/example_dags/example_skip_dag.py took 0.083 seconds
[2024-12-10T05:51:58.896+0000] {processor.py:186} INFO - Started process (PID=259) to work on /home/airflow/.local/lib/python3.12/site-packages/airflow/example_dags/example_skip_dag.py
[2024-12-10T05:51:58.897+0000] {processor.py:914} INFO - Processing file /home/airflow/.local/lib/python3.12/site-packages/airflow/example_dags/example_skip_dag.py for tasks to queue
[2024-12-10T05:51:58.899+0000] {logging_mixin.py:190} INFO - [2024-12-10T05:51:58.899+0000] {dagbag.py:588} INFO - Filling up the DagBag from /home/airflow/.local/lib/python3.12/site-packages/airflow/example_dags/example_skip_dag.py
[2024-12-10T05:51:58.914+0000] {processor.py:925} INFO - DAG(s) 'example_skip_dag' retrieved from /home/airflow/.local/lib/python3.12/site-packages/airflow/example_dags/example_skip_dag.py
[2024-12-10T05:51:58.937+0000] {logging_mixin.py:190} INFO - [2024-12-10T05:51:58.937+0000] {dag.py:3239} INFO - Sync 1 DAGs
[2024-12-10T05:51:58.962+0000] {logging_mixin.py:190} INFO - [2024-12-10T05:51:58.962+0000] {dag.py:4180} INFO - Setting next_dagrun for example_skip_dag to 2024-12-09 00:00:00+00:00, run_after=2024-12-10 00:00:00+00:00
[2024-12-10T05:51:58.982+0000] {processor.py:208} INFO - Processing /home/airflow/.local/lib/python3.12/site-packages/airflow/example_dags/example_skip_dag.py took 0.095 seconds
[2024-12-10T05:52:29.919+0000] {processor.py:186} INFO - Started process (PID=322) to work on /home/airflow/.local/lib/python3.12/site-packages/airflow/example_dags/example_skip_dag.py
[2024-12-10T05:52:29.920+0000] {processor.py:914} INFO - Processing file /home/airflow/.local/lib/python3.12/site-packages/airflow/example_dags/example_skip_dag.py for tasks to queue
[2024-12-10T05:52:29.922+0000] {logging_mixin.py:190} INFO - [2024-12-10T05:52:29.921+0000] {dagbag.py:588} INFO - Filling up the DagBag from /home/airflow/.local/lib/python3.12/site-packages/airflow/example_dags/example_skip_dag.py
[2024-12-10T05:52:29.928+0000] {processor.py:925} INFO - DAG(s) 'example_skip_dag' retrieved from /home/airflow/.local/lib/python3.12/site-packages/airflow/example_dags/example_skip_dag.py
[2024-12-10T05:52:29.947+0000] {logging_mixin.py:190} INFO - [2024-12-10T05:52:29.947+0000] {dag.py:3239} INFO - Sync 1 DAGs
[2024-12-10T05:52:29.968+0000] {logging_mixin.py:190} INFO - [2024-12-10T05:52:29.968+0000] {dag.py:4180} INFO - Setting next_dagrun for example_skip_dag to 2024-12-09 00:00:00+00:00, run_after=2024-12-10 00:00:00+00:00
[2024-12-10T05:52:29.984+0000] {processor.py:208} INFO - Processing /home/airflow/.local/lib/python3.12/site-packages/airflow/example_dags/example_skip_dag.py took 0.069 seconds
