[2024-12-10T05:50:29.418+0000] {processor.py:186} INFO - Started process (PID=86) to work on /home/airflow/.local/lib/python3.12/site-packages/airflow/example_dags/example_datasets.py
[2024-12-10T05:50:29.419+0000] {processor.py:914} INFO - Processing file /home/airflow/.local/lib/python3.12/site-packages/airflow/example_dags/example_datasets.py for tasks to queue
[2024-12-10T05:50:29.422+0000] {logging_mixin.py:190} INFO - [2024-12-10T05:50:29.421+0000] {dagbag.py:588} INFO - Filling up the DagBag from /home/airflow/.local/lib/python3.12/site-packages/airflow/example_dags/example_datasets.py
[2024-12-10T05:50:30.201+0000] {processor.py:925} INFO - DAG(s) 'dataset_consumes_1_never_scheduled', 'consume_1_or_2_with_dataset_expressions', 'consume_1_or_both_2_and_3_with_dataset_expressions', 'dataset_produces_1', 'conditional_dataset_and_time_based_timetable', 'dataset_consumes_1_and_2', 'dataset_produces_2', 'consume_1_and_2_with_dataset_expressions', 'dataset_consumes_1', 'dataset_consumes_unknown_never_scheduled' retrieved from /home/airflow/.local/lib/python3.12/site-packages/airflow/example_dags/example_datasets.py
[2024-12-10T05:50:30.259+0000] {logging_mixin.py:190} INFO - [2024-12-10T05:50:30.258+0000] {dag.py:3239} INFO - Sync 10 DAGs
[2024-12-10T05:50:30.300+0000] {logging_mixin.py:190} INFO - [2024-12-10T05:50:30.299+0000] {dag.py:4180} INFO - Setting next_dagrun for conditional_dataset_and_time_based_timetable to 2024-12-04 01:00:00+00:00, run_after=2024-12-04 01:00:00+00:00
[2024-12-10T05:50:30.306+0000] {logging_mixin.py:190} INFO - [2024-12-10T05:50:30.306+0000] {dag.py:4180} INFO - Setting next_dagrun for consume_1_and_2_with_dataset_expressions to None, run_after=None
[2024-12-10T05:50:30.309+0000] {logging_mixin.py:190} INFO - [2024-12-10T05:50:30.309+0000] {dag.py:4180} INFO - Setting next_dagrun for consume_1_or_2_with_dataset_expressions to None, run_after=None
[2024-12-10T05:50:30.314+0000] {logging_mixin.py:190} INFO - [2024-12-10T05:50:30.313+0000] {dag.py:4180} INFO - Setting next_dagrun for consume_1_or_both_2_and_3_with_dataset_expressions to None, run_after=None
[2024-12-10T05:50:30.316+0000] {logging_mixin.py:190} INFO - [2024-12-10T05:50:30.316+0000] {dag.py:4180} INFO - Setting next_dagrun for dataset_consumes_1 to None, run_after=None
[2024-12-10T05:50:30.318+0000] {logging_mixin.py:190} INFO - [2024-12-10T05:50:30.318+0000] {dag.py:4180} INFO - Setting next_dagrun for dataset_consumes_1_and_2 to None, run_after=None
[2024-12-10T05:50:30.320+0000] {logging_mixin.py:190} INFO - [2024-12-10T05:50:30.320+0000] {dag.py:4180} INFO - Setting next_dagrun for dataset_consumes_1_never_scheduled to None, run_after=None
[2024-12-10T05:50:30.322+0000] {logging_mixin.py:190} INFO - [2024-12-10T05:50:30.322+0000] {dag.py:4180} INFO - Setting next_dagrun for dataset_consumes_unknown_never_scheduled to None, run_after=None
[2024-12-10T05:50:30.327+0000] {logging_mixin.py:190} INFO - [2024-12-10T05:50:30.326+0000] {dag.py:4180} INFO - Setting next_dagrun for dataset_produces_1 to 2024-12-09 00:00:00+00:00, run_after=2024-12-10 00:00:00+00:00
[2024-12-10T05:50:30.329+0000] {logging_mixin.py:190} INFO - [2024-12-10T05:50:30.329+0000] {dag.py:4180} INFO - Setting next_dagrun for dataset_produces_2 to None, run_after=None
[2024-12-10T05:50:30.373+0000] {processor.py:208} INFO - Processing /home/airflow/.local/lib/python3.12/site-packages/airflow/example_dags/example_datasets.py took 0.962 seconds
[2024-12-10T05:51:00.422+0000] {processor.py:186} INFO - Started process (PID=155) to work on /home/airflow/.local/lib/python3.12/site-packages/airflow/example_dags/example_datasets.py
[2024-12-10T05:51:00.423+0000] {processor.py:914} INFO - Processing file /home/airflow/.local/lib/python3.12/site-packages/airflow/example_dags/example_datasets.py for tasks to queue
[2024-12-10T05:51:00.425+0000] {logging_mixin.py:190} INFO - [2024-12-10T05:51:00.425+0000] {dagbag.py:588} INFO - Filling up the DagBag from /home/airflow/.local/lib/python3.12/site-packages/airflow/example_dags/example_datasets.py
[2024-12-10T05:51:01.051+0000] {processor.py:925} INFO - DAG(s) 'conditional_dataset_and_time_based_timetable', 'dataset_consumes_1', 'dataset_consumes_unknown_never_scheduled', 'consume_1_or_2_with_dataset_expressions', 'dataset_produces_2', 'consume_1_or_both_2_and_3_with_dataset_expressions', 'dataset_consumes_1_and_2', 'dataset_consumes_1_never_scheduled', 'dataset_produces_1', 'consume_1_and_2_with_dataset_expressions' retrieved from /home/airflow/.local/lib/python3.12/site-packages/airflow/example_dags/example_datasets.py
[2024-12-10T05:51:01.098+0000] {logging_mixin.py:190} INFO - [2024-12-10T05:51:01.098+0000] {dag.py:3239} INFO - Sync 10 DAGs
[2024-12-10T05:51:01.128+0000] {logging_mixin.py:190} INFO - [2024-12-10T05:51:01.128+0000] {dag.py:4180} INFO - Setting next_dagrun for conditional_dataset_and_time_based_timetable to 2024-12-04 01:00:00+00:00, run_after=2024-12-04 01:00:00+00:00
[2024-12-10T05:51:01.133+0000] {logging_mixin.py:190} INFO - [2024-12-10T05:51:01.132+0000] {dag.py:4180} INFO - Setting next_dagrun for consume_1_and_2_with_dataset_expressions to None, run_after=None
[2024-12-10T05:51:01.135+0000] {logging_mixin.py:190} INFO - [2024-12-10T05:51:01.134+0000] {dag.py:4180} INFO - Setting next_dagrun for consume_1_or_2_with_dataset_expressions to None, run_after=None
[2024-12-10T05:51:01.136+0000] {logging_mixin.py:190} INFO - [2024-12-10T05:51:01.136+0000] {dag.py:4180} INFO - Setting next_dagrun for consume_1_or_both_2_and_3_with_dataset_expressions to None, run_after=None
[2024-12-10T05:51:01.138+0000] {logging_mixin.py:190} INFO - [2024-12-10T05:51:01.138+0000] {dag.py:4180} INFO - Setting next_dagrun for dataset_consumes_1 to None, run_after=None
[2024-12-10T05:51:01.139+0000] {logging_mixin.py:190} INFO - [2024-12-10T05:51:01.139+0000] {dag.py:4180} INFO - Setting next_dagrun for dataset_consumes_1_and_2 to None, run_after=None
[2024-12-10T05:51:01.141+0000] {logging_mixin.py:190} INFO - [2024-12-10T05:51:01.141+0000] {dag.py:4180} INFO - Setting next_dagrun for dataset_consumes_1_never_scheduled to None, run_after=None
[2024-12-10T05:51:01.142+0000] {logging_mixin.py:190} INFO - [2024-12-10T05:51:01.142+0000] {dag.py:4180} INFO - Setting next_dagrun for dataset_consumes_unknown_never_scheduled to None, run_after=None
[2024-12-10T05:51:01.145+0000] {logging_mixin.py:190} INFO - [2024-12-10T05:51:01.144+0000] {dag.py:4180} INFO - Setting next_dagrun for dataset_produces_1 to 2024-12-09 00:00:00+00:00, run_after=2024-12-10 00:00:00+00:00
[2024-12-10T05:51:01.146+0000] {logging_mixin.py:190} INFO - [2024-12-10T05:51:01.146+0000] {dag.py:4180} INFO - Setting next_dagrun for dataset_produces_2 to None, run_after=None
[2024-12-10T05:51:01.184+0000] {processor.py:208} INFO - Processing /home/airflow/.local/lib/python3.12/site-packages/airflow/example_dags/example_datasets.py took 0.771 seconds
[2024-12-10T05:51:31.770+0000] {processor.py:186} INFO - Started process (PID=218) to work on /home/airflow/.local/lib/python3.12/site-packages/airflow/example_dags/example_datasets.py
[2024-12-10T05:51:31.771+0000] {processor.py:914} INFO - Processing file /home/airflow/.local/lib/python3.12/site-packages/airflow/example_dags/example_datasets.py for tasks to queue
[2024-12-10T05:51:31.773+0000] {logging_mixin.py:190} INFO - [2024-12-10T05:51:31.772+0000] {dagbag.py:588} INFO - Filling up the DagBag from /home/airflow/.local/lib/python3.12/site-packages/airflow/example_dags/example_datasets.py
[2024-12-10T05:51:32.446+0000] {processor.py:925} INFO - DAG(s) 'conditional_dataset_and_time_based_timetable', 'consume_1_and_2_with_dataset_expressions', 'dataset_consumes_unknown_never_scheduled', 'dataset_consumes_1_never_scheduled', 'consume_1_or_both_2_and_3_with_dataset_expressions', 'dataset_consumes_1_and_2', 'dataset_produces_1', 'consume_1_or_2_with_dataset_expressions', 'dataset_consumes_1', 'dataset_produces_2' retrieved from /home/airflow/.local/lib/python3.12/site-packages/airflow/example_dags/example_datasets.py
[2024-12-10T05:51:32.536+0000] {logging_mixin.py:190} INFO - [2024-12-10T05:51:32.536+0000] {dag.py:3239} INFO - Sync 10 DAGs
[2024-12-10T05:51:32.593+0000] {logging_mixin.py:190} INFO - [2024-12-10T05:51:32.592+0000] {dag.py:4180} INFO - Setting next_dagrun for conditional_dataset_and_time_based_timetable to 2024-12-04 01:00:00+00:00, run_after=2024-12-04 01:00:00+00:00
[2024-12-10T05:51:32.599+0000] {logging_mixin.py:190} INFO - [2024-12-10T05:51:32.599+0000] {dag.py:4180} INFO - Setting next_dagrun for consume_1_and_2_with_dataset_expressions to None, run_after=None
[2024-12-10T05:51:32.601+0000] {logging_mixin.py:190} INFO - [2024-12-10T05:51:32.601+0000] {dag.py:4180} INFO - Setting next_dagrun for consume_1_or_2_with_dataset_expressions to None, run_after=None
[2024-12-10T05:51:32.603+0000] {logging_mixin.py:190} INFO - [2024-12-10T05:51:32.603+0000] {dag.py:4180} INFO - Setting next_dagrun for consume_1_or_both_2_and_3_with_dataset_expressions to None, run_after=None
[2024-12-10T05:51:32.605+0000] {logging_mixin.py:190} INFO - [2024-12-10T05:51:32.605+0000] {dag.py:4180} INFO - Setting next_dagrun for dataset_consumes_1 to None, run_after=None
[2024-12-10T05:51:32.608+0000] {logging_mixin.py:190} INFO - [2024-12-10T05:51:32.608+0000] {dag.py:4180} INFO - Setting next_dagrun for dataset_consumes_1_and_2 to None, run_after=None
[2024-12-10T05:51:32.610+0000] {logging_mixin.py:190} INFO - [2024-12-10T05:51:32.610+0000] {dag.py:4180} INFO - Setting next_dagrun for dataset_consumes_1_never_scheduled to None, run_after=None
[2024-12-10T05:51:32.613+0000] {logging_mixin.py:190} INFO - [2024-12-10T05:51:32.612+0000] {dag.py:4180} INFO - Setting next_dagrun for dataset_consumes_unknown_never_scheduled to None, run_after=None
[2024-12-10T05:51:32.618+0000] {logging_mixin.py:190} INFO - [2024-12-10T05:51:32.618+0000] {dag.py:4180} INFO - Setting next_dagrun for dataset_produces_1 to 2024-12-09 00:00:00+00:00, run_after=2024-12-10 00:00:00+00:00
[2024-12-10T05:51:32.622+0000] {logging_mixin.py:190} INFO - [2024-12-10T05:51:32.621+0000] {dag.py:4180} INFO - Setting next_dagrun for dataset_produces_2 to None, run_after=None
[2024-12-10T05:51:32.681+0000] {processor.py:208} INFO - Processing /home/airflow/.local/lib/python3.12/site-packages/airflow/example_dags/example_datasets.py took 0.916 seconds
[2024-12-10T05:52:02.792+0000] {processor.py:186} INFO - Started process (PID=285) to work on /home/airflow/.local/lib/python3.12/site-packages/airflow/example_dags/example_datasets.py
[2024-12-10T05:52:02.793+0000] {processor.py:914} INFO - Processing file /home/airflow/.local/lib/python3.12/site-packages/airflow/example_dags/example_datasets.py for tasks to queue
[2024-12-10T05:52:02.795+0000] {logging_mixin.py:190} INFO - [2024-12-10T05:52:02.795+0000] {dagbag.py:588} INFO - Filling up the DagBag from /home/airflow/.local/lib/python3.12/site-packages/airflow/example_dags/example_datasets.py
[2024-12-10T05:52:03.562+0000] {processor.py:925} INFO - DAG(s) 'dataset_consumes_1', 'consume_1_or_both_2_and_3_with_dataset_expressions', 'dataset_produces_1', 'consume_1_or_2_with_dataset_expressions', 'conditional_dataset_and_time_based_timetable', 'dataset_consumes_1_never_scheduled', 'dataset_produces_2', 'dataset_consumes_1_and_2', 'consume_1_and_2_with_dataset_expressions', 'dataset_consumes_unknown_never_scheduled' retrieved from /home/airflow/.local/lib/python3.12/site-packages/airflow/example_dags/example_datasets.py
[2024-12-10T05:52:03.616+0000] {logging_mixin.py:190} INFO - [2024-12-10T05:52:03.615+0000] {dag.py:3239} INFO - Sync 10 DAGs
[2024-12-10T05:52:03.655+0000] {logging_mixin.py:190} INFO - [2024-12-10T05:52:03.655+0000] {dag.py:4180} INFO - Setting next_dagrun for conditional_dataset_and_time_based_timetable to 2024-12-04 01:00:00+00:00, run_after=2024-12-04 01:00:00+00:00
[2024-12-10T05:52:03.660+0000] {logging_mixin.py:190} INFO - [2024-12-10T05:52:03.660+0000] {dag.py:4180} INFO - Setting next_dagrun for consume_1_and_2_with_dataset_expressions to None, run_after=None
[2024-12-10T05:52:03.662+0000] {logging_mixin.py:190} INFO - [2024-12-10T05:52:03.662+0000] {dag.py:4180} INFO - Setting next_dagrun for consume_1_or_2_with_dataset_expressions to None, run_after=None
[2024-12-10T05:52:03.664+0000] {logging_mixin.py:190} INFO - [2024-12-10T05:52:03.664+0000] {dag.py:4180} INFO - Setting next_dagrun for consume_1_or_both_2_and_3_with_dataset_expressions to None, run_after=None
[2024-12-10T05:52:03.666+0000] {logging_mixin.py:190} INFO - [2024-12-10T05:52:03.666+0000] {dag.py:4180} INFO - Setting next_dagrun for dataset_consumes_1 to None, run_after=None
[2024-12-10T05:52:03.668+0000] {logging_mixin.py:190} INFO - [2024-12-10T05:52:03.668+0000] {dag.py:4180} INFO - Setting next_dagrun for dataset_consumes_1_and_2 to None, run_after=None
[2024-12-10T05:52:03.670+0000] {logging_mixin.py:190} INFO - [2024-12-10T05:52:03.670+0000] {dag.py:4180} INFO - Setting next_dagrun for dataset_consumes_1_never_scheduled to None, run_after=None
[2024-12-10T05:52:03.672+0000] {logging_mixin.py:190} INFO - [2024-12-10T05:52:03.672+0000] {dag.py:4180} INFO - Setting next_dagrun for dataset_consumes_unknown_never_scheduled to None, run_after=None
[2024-12-10T05:52:03.676+0000] {logging_mixin.py:190} INFO - [2024-12-10T05:52:03.675+0000] {dag.py:4180} INFO - Setting next_dagrun for dataset_produces_1 to 2024-12-09 00:00:00+00:00, run_after=2024-12-10 00:00:00+00:00
[2024-12-10T05:52:03.678+0000] {logging_mixin.py:190} INFO - [2024-12-10T05:52:03.678+0000] {dag.py:4180} INFO - Setting next_dagrun for dataset_produces_2 to None, run_after=None
[2024-12-10T05:52:03.720+0000] {processor.py:208} INFO - Processing /home/airflow/.local/lib/python3.12/site-packages/airflow/example_dags/example_datasets.py took 0.934 seconds
[2024-12-10T05:52:34.079+0000] {processor.py:186} INFO - Started process (PID=350) to work on /home/airflow/.local/lib/python3.12/site-packages/airflow/example_dags/example_datasets.py
[2024-12-10T05:52:34.080+0000] {processor.py:914} INFO - Processing file /home/airflow/.local/lib/python3.12/site-packages/airflow/example_dags/example_datasets.py for tasks to queue
[2024-12-10T05:52:34.082+0000] {logging_mixin.py:190} INFO - [2024-12-10T05:52:34.081+0000] {dagbag.py:588} INFO - Filling up the DagBag from /home/airflow/.local/lib/python3.12/site-packages/airflow/example_dags/example_datasets.py
[2024-12-10T05:52:34.647+0000] {processor.py:925} INFO - DAG(s) 'dataset_consumes_1_and_2', 'consume_1_and_2_with_dataset_expressions', 'dataset_produces_1', 'dataset_consumes_1_never_scheduled', 'conditional_dataset_and_time_based_timetable', 'dataset_consumes_unknown_never_scheduled', 'consume_1_or_2_with_dataset_expressions', 'dataset_produces_2', 'consume_1_or_both_2_and_3_with_dataset_expressions', 'dataset_consumes_1' retrieved from /home/airflow/.local/lib/python3.12/site-packages/airflow/example_dags/example_datasets.py
[2024-12-10T05:52:34.691+0000] {logging_mixin.py:190} INFO - [2024-12-10T05:52:34.690+0000] {dag.py:3239} INFO - Sync 10 DAGs
[2024-12-10T05:52:34.714+0000] {logging_mixin.py:190} INFO - [2024-12-10T05:52:34.714+0000] {dag.py:4180} INFO - Setting next_dagrun for conditional_dataset_and_time_based_timetable to 2024-12-04 01:00:00+00:00, run_after=2024-12-04 01:00:00+00:00
[2024-12-10T05:52:34.718+0000] {logging_mixin.py:190} INFO - [2024-12-10T05:52:34.718+0000] {dag.py:4180} INFO - Setting next_dagrun for consume_1_and_2_with_dataset_expressions to None, run_after=None
[2024-12-10T05:52:34.720+0000] {logging_mixin.py:190} INFO - [2024-12-10T05:52:34.719+0000] {dag.py:4180} INFO - Setting next_dagrun for consume_1_or_2_with_dataset_expressions to None, run_after=None
[2024-12-10T05:52:34.722+0000] {logging_mixin.py:190} INFO - [2024-12-10T05:52:34.721+0000] {dag.py:4180} INFO - Setting next_dagrun for consume_1_or_both_2_and_3_with_dataset_expressions to None, run_after=None
[2024-12-10T05:52:34.723+0000] {logging_mixin.py:190} INFO - [2024-12-10T05:52:34.723+0000] {dag.py:4180} INFO - Setting next_dagrun for dataset_consumes_1 to None, run_after=None
[2024-12-10T05:52:34.724+0000] {logging_mixin.py:190} INFO - [2024-12-10T05:52:34.724+0000] {dag.py:4180} INFO - Setting next_dagrun for dataset_consumes_1_and_2 to None, run_after=None
[2024-12-10T05:52:34.725+0000] {logging_mixin.py:190} INFO - [2024-12-10T05:52:34.725+0000] {dag.py:4180} INFO - Setting next_dagrun for dataset_consumes_1_never_scheduled to None, run_after=None
[2024-12-10T05:52:34.727+0000] {logging_mixin.py:190} INFO - [2024-12-10T05:52:34.727+0000] {dag.py:4180} INFO - Setting next_dagrun for dataset_consumes_unknown_never_scheduled to None, run_after=None
[2024-12-10T05:52:34.729+0000] {logging_mixin.py:190} INFO - [2024-12-10T05:52:34.729+0000] {dag.py:4180} INFO - Setting next_dagrun for dataset_produces_1 to 2024-12-09 00:00:00+00:00, run_after=2024-12-10 00:00:00+00:00
[2024-12-10T05:52:34.730+0000] {logging_mixin.py:190} INFO - [2024-12-10T05:52:34.730+0000] {dag.py:4180} INFO - Setting next_dagrun for dataset_produces_2 to None, run_after=None
[2024-12-10T05:52:34.763+0000] {processor.py:208} INFO - Processing /home/airflow/.local/lib/python3.12/site-packages/airflow/example_dags/example_datasets.py took 0.689 seconds
