[2024-12-10T05:50:31.556+0000] {processor.py:186} INFO - Started process (PID=110) to work on /home/airflow/.local/lib/python3.12/site-packages/airflow/example_dags/example_sensors.py
[2024-12-10T05:50:31.557+0000] {processor.py:914} INFO - Processing file /home/airflow/.local/lib/python3.12/site-packages/airflow/example_dags/example_sensors.py for tasks to queue
[2024-12-10T05:50:31.560+0000] {logging_mixin.py:190} INFO - [2024-12-10T05:50:31.560+0000] {dagbag.py:588} INFO - Filling up the DagBag from /home/airflow/.local/lib/python3.12/site-packages/airflow/example_dags/example_sensors.py
[2024-12-10T05:50:31.574+0000] {processor.py:925} INFO - DAG(s) 'example_sensors' retrieved from /home/airflow/.local/lib/python3.12/site-packages/airflow/example_dags/example_sensors.py
[2024-12-10T05:50:31.610+0000] {logging_mixin.py:190} INFO - [2024-12-10T05:50:31.609+0000] {dag.py:3239} INFO - Sync 1 DAGs
[2024-12-10T05:50:31.630+0000] {logging_mixin.py:190} INFO - [2024-12-10T05:50:31.629+0000] {dag.py:4180} INFO - Setting next_dagrun for example_sensors to None, run_after=None
[2024-12-10T05:50:31.653+0000] {processor.py:208} INFO - Processing /home/airflow/.local/lib/python3.12/site-packages/airflow/example_dags/example_sensors.py took 0.104 seconds
[2024-12-10T05:51:02.429+0000] {processor.py:186} INFO - Started process (PID=173) to work on /home/airflow/.local/lib/python3.12/site-packages/airflow/example_dags/example_sensors.py
[2024-12-10T05:51:02.430+0000] {processor.py:914} INFO - Processing file /home/airflow/.local/lib/python3.12/site-packages/airflow/example_dags/example_sensors.py for tasks to queue
[2024-12-10T05:51:02.432+0000] {logging_mixin.py:190} INFO - [2024-12-10T05:51:02.432+0000] {dagbag.py:588} INFO - Filling up the DagBag from /home/airflow/.local/lib/python3.12/site-packages/airflow/example_dags/example_sensors.py
[2024-12-10T05:51:02.445+0000] {processor.py:925} INFO - DAG(s) 'example_sensors' retrieved from /home/airflow/.local/lib/python3.12/site-packages/airflow/example_dags/example_sensors.py
[2024-12-10T05:51:02.471+0000] {logging_mixin.py:190} INFO - [2024-12-10T05:51:02.471+0000] {dag.py:3239} INFO - Sync 1 DAGs
[2024-12-10T05:51:02.486+0000] {logging_mixin.py:190} INFO - [2024-12-10T05:51:02.486+0000] {dag.py:4180} INFO - Setting next_dagrun for example_sensors to None, run_after=None
[2024-12-10T05:51:02.504+0000] {processor.py:208} INFO - Processing /home/airflow/.local/lib/python3.12/site-packages/airflow/example_dags/example_sensors.py took 0.080 seconds
[2024-12-10T05:51:33.548+0000] {processor.py:186} INFO - Started process (PID=236) to work on /home/airflow/.local/lib/python3.12/site-packages/airflow/example_dags/example_sensors.py
[2024-12-10T05:51:33.549+0000] {processor.py:914} INFO - Processing file /home/airflow/.local/lib/python3.12/site-packages/airflow/example_dags/example_sensors.py for tasks to queue
[2024-12-10T05:51:33.551+0000] {logging_mixin.py:190} INFO - [2024-12-10T05:51:33.551+0000] {dagbag.py:588} INFO - Filling up the DagBag from /home/airflow/.local/lib/python3.12/site-packages/airflow/example_dags/example_sensors.py
[2024-12-10T05:51:33.564+0000] {processor.py:925} INFO - DAG(s) 'example_sensors' retrieved from /home/airflow/.local/lib/python3.12/site-packages/airflow/example_dags/example_sensors.py
[2024-12-10T05:51:33.591+0000] {logging_mixin.py:190} INFO - [2024-12-10T05:51:33.591+0000] {dag.py:3239} INFO - Sync 1 DAGs
[2024-12-10T05:51:33.609+0000] {logging_mixin.py:190} INFO - [2024-12-10T05:51:33.609+0000] {dag.py:4180} INFO - Setting next_dagrun for example_sensors to None, run_after=None
[2024-12-10T05:51:33.628+0000] {processor.py:208} INFO - Processing /home/airflow/.local/lib/python3.12/site-packages/airflow/example_dags/example_sensors.py took 0.086 seconds
[2024-12-10T05:52:04.500+0000] {processor.py:186} INFO - Started process (PID=299) to work on /home/airflow/.local/lib/python3.12/site-packages/airflow/example_dags/example_sensors.py
[2024-12-10T05:52:04.501+0000] {processor.py:914} INFO - Processing file /home/airflow/.local/lib/python3.12/site-packages/airflow/example_dags/example_sensors.py for tasks to queue
[2024-12-10T05:52:04.504+0000] {logging_mixin.py:190} INFO - [2024-12-10T05:52:04.503+0000] {dagbag.py:588} INFO - Filling up the DagBag from /home/airflow/.local/lib/python3.12/site-packages/airflow/example_dags/example_sensors.py
[2024-12-10T05:52:04.514+0000] {processor.py:925} INFO - DAG(s) 'example_sensors' retrieved from /home/airflow/.local/lib/python3.12/site-packages/airflow/example_dags/example_sensors.py
[2024-12-10T05:52:04.544+0000] {logging_mixin.py:190} INFO - [2024-12-10T05:52:04.544+0000] {dag.py:3239} INFO - Sync 1 DAGs
[2024-12-10T05:52:04.560+0000] {logging_mixin.py:190} INFO - [2024-12-10T05:52:04.560+0000] {dag.py:4180} INFO - Setting next_dagrun for example_sensors to None, run_after=None
[2024-12-10T05:52:04.584+0000] {processor.py:208} INFO - Processing /home/airflow/.local/lib/python3.12/site-packages/airflow/example_dags/example_sensors.py took 0.091 seconds
[2024-12-10T05:52:35.018+0000] {processor.py:186} INFO - Started process (PID=362) to work on /home/airflow/.local/lib/python3.12/site-packages/airflow/example_dags/example_sensors.py
[2024-12-10T05:52:35.018+0000] {processor.py:914} INFO - Processing file /home/airflow/.local/lib/python3.12/site-packages/airflow/example_dags/example_sensors.py for tasks to queue
[2024-12-10T05:52:35.021+0000] {logging_mixin.py:190} INFO - [2024-12-10T05:52:35.020+0000] {dagbag.py:588} INFO - Filling up the DagBag from /home/airflow/.local/lib/python3.12/site-packages/airflow/example_dags/example_sensors.py
[2024-12-10T05:52:35.030+0000] {processor.py:925} INFO - DAG(s) 'example_sensors' retrieved from /home/airflow/.local/lib/python3.12/site-packages/airflow/example_dags/example_sensors.py
[2024-12-10T05:52:35.055+0000] {logging_mixin.py:190} INFO - [2024-12-10T05:52:35.055+0000] {dag.py:3239} INFO - Sync 1 DAGs
[2024-12-10T05:52:35.069+0000] {logging_mixin.py:190} INFO - [2024-12-10T05:52:35.069+0000] {dag.py:4180} INFO - Setting next_dagrun for example_sensors to None, run_after=None
[2024-12-10T05:52:35.087+0000] {processor.py:208} INFO - Processing /home/airflow/.local/lib/python3.12/site-packages/airflow/example_dags/example_sensors.py took 0.074 seconds
