[2024-12-10T05:50:31.198+0000] {processor.py:186} INFO - Started process (PID=104) to work on /home/airflow/.local/lib/python3.12/site-packages/airflow/example_dags/example_latest_only.py
[2024-12-10T05:50:31.199+0000] {processor.py:914} INFO - Processing file /home/airflow/.local/lib/python3.12/site-packages/airflow/example_dags/example_latest_only.py for tasks to queue
[2024-12-10T05:50:31.201+0000] {logging_mixin.py:190} INFO - [2024-12-10T05:50:31.201+0000] {dagbag.py:588} INFO - Filling up the DagBag from /home/airflow/.local/lib/python3.12/site-packages/airflow/example_dags/example_latest_only.py
[2024-12-10T05:50:31.209+0000] {processor.py:925} INFO - DAG(s) 'latest_only' retrieved from /home/airflow/.local/lib/python3.12/site-packages/airflow/example_dags/example_latest_only.py
[2024-12-10T05:50:31.231+0000] {logging_mixin.py:190} INFO - [2024-12-10T05:50:31.231+0000] {dag.py:3239} INFO - Sync 1 DAGs
[2024-12-10T05:50:31.255+0000] {logging_mixin.py:190} INFO - [2024-12-10T05:50:31.255+0000] {dag.py:4180} INFO - Setting next_dagrun for latest_only to 2024-12-10 00:00:00+00:00, run_after=2024-12-10 04:00:00+00:00
[2024-12-10T05:50:31.272+0000] {processor.py:208} INFO - Processing /home/airflow/.local/lib/python3.12/site-packages/airflow/example_dags/example_latest_only.py took 0.080 seconds
[2024-12-10T05:51:02.078+0000] {processor.py:186} INFO - Started process (PID=167) to work on /home/airflow/.local/lib/python3.12/site-packages/airflow/example_dags/example_latest_only.py
[2024-12-10T05:51:02.079+0000] {processor.py:914} INFO - Processing file /home/airflow/.local/lib/python3.12/site-packages/airflow/example_dags/example_latest_only.py for tasks to queue
[2024-12-10T05:51:02.081+0000] {logging_mixin.py:190} INFO - [2024-12-10T05:51:02.081+0000] {dagbag.py:588} INFO - Filling up the DagBag from /home/airflow/.local/lib/python3.12/site-packages/airflow/example_dags/example_latest_only.py
[2024-12-10T05:51:02.088+0000] {processor.py:925} INFO - DAG(s) 'latest_only' retrieved from /home/airflow/.local/lib/python3.12/site-packages/airflow/example_dags/example_latest_only.py
[2024-12-10T05:51:02.106+0000] {logging_mixin.py:190} INFO - [2024-12-10T05:51:02.106+0000] {dag.py:3239} INFO - Sync 1 DAGs
[2024-12-10T05:51:02.130+0000] {logging_mixin.py:190} INFO - [2024-12-10T05:51:02.130+0000] {dag.py:4180} INFO - Setting next_dagrun for latest_only to 2024-12-10 00:00:00+00:00, run_after=2024-12-10 04:00:00+00:00
[2024-12-10T05:51:02.148+0000] {processor.py:208} INFO - Processing /home/airflow/.local/lib/python3.12/site-packages/airflow/example_dags/example_latest_only.py took 0.075 seconds
[2024-12-10T05:51:33.063+0000] {processor.py:186} INFO - Started process (PID=230) to work on /home/airflow/.local/lib/python3.12/site-packages/airflow/example_dags/example_latest_only.py
[2024-12-10T05:51:33.064+0000] {processor.py:914} INFO - Processing file /home/airflow/.local/lib/python3.12/site-packages/airflow/example_dags/example_latest_only.py for tasks to queue
[2024-12-10T05:51:33.067+0000] {logging_mixin.py:190} INFO - [2024-12-10T05:51:33.067+0000] {dagbag.py:588} INFO - Filling up the DagBag from /home/airflow/.local/lib/python3.12/site-packages/airflow/example_dags/example_latest_only.py
[2024-12-10T05:51:33.081+0000] {processor.py:925} INFO - DAG(s) 'latest_only' retrieved from /home/airflow/.local/lib/python3.12/site-packages/airflow/example_dags/example_latest_only.py
[2024-12-10T05:51:33.109+0000] {logging_mixin.py:190} INFO - [2024-12-10T05:51:33.109+0000] {dag.py:3239} INFO - Sync 1 DAGs
[2024-12-10T05:51:33.149+0000] {logging_mixin.py:190} INFO - [2024-12-10T05:51:33.148+0000] {dag.py:4180} INFO - Setting next_dagrun for latest_only to 2024-12-10 00:00:00+00:00, run_after=2024-12-10 04:00:00+00:00
[2024-12-10T05:51:33.173+0000] {processor.py:208} INFO - Processing /home/airflow/.local/lib/python3.12/site-packages/airflow/example_dags/example_latest_only.py took 0.117 seconds
[2024-12-10T05:52:03.928+0000] {processor.py:186} INFO - Started process (PID=293) to work on /home/airflow/.local/lib/python3.12/site-packages/airflow/example_dags/example_latest_only.py
[2024-12-10T05:52:03.929+0000] {processor.py:914} INFO - Processing file /home/airflow/.local/lib/python3.12/site-packages/airflow/example_dags/example_latest_only.py for tasks to queue
[2024-12-10T05:52:03.931+0000] {logging_mixin.py:190} INFO - [2024-12-10T05:52:03.931+0000] {dagbag.py:588} INFO - Filling up the DagBag from /home/airflow/.local/lib/python3.12/site-packages/airflow/example_dags/example_latest_only.py
[2024-12-10T05:52:03.940+0000] {processor.py:925} INFO - DAG(s) 'latest_only' retrieved from /home/airflow/.local/lib/python3.12/site-packages/airflow/example_dags/example_latest_only.py
[2024-12-10T05:52:03.964+0000] {logging_mixin.py:190} INFO - [2024-12-10T05:52:03.964+0000] {dag.py:3239} INFO - Sync 1 DAGs
[2024-12-10T05:52:03.997+0000] {logging_mixin.py:190} INFO - [2024-12-10T05:52:03.997+0000] {dag.py:4180} INFO - Setting next_dagrun for latest_only to 2024-12-10 00:00:00+00:00, run_after=2024-12-10 04:00:00+00:00
[2024-12-10T05:52:04.021+0000] {processor.py:208} INFO - Processing /home/airflow/.local/lib/python3.12/site-packages/airflow/example_dags/example_latest_only.py took 0.099 seconds
[2024-12-10T05:52:34.653+0000] {processor.py:186} INFO - Started process (PID=356) to work on /home/airflow/.local/lib/python3.12/site-packages/airflow/example_dags/example_latest_only.py
[2024-12-10T05:52:34.654+0000] {processor.py:914} INFO - Processing file /home/airflow/.local/lib/python3.12/site-packages/airflow/example_dags/example_latest_only.py for tasks to queue
[2024-12-10T05:52:34.656+0000] {logging_mixin.py:190} INFO - [2024-12-10T05:52:34.656+0000] {dagbag.py:588} INFO - Filling up the DagBag from /home/airflow/.local/lib/python3.12/site-packages/airflow/example_dags/example_latest_only.py
[2024-12-10T05:52:34.663+0000] {processor.py:925} INFO - DAG(s) 'latest_only' retrieved from /home/airflow/.local/lib/python3.12/site-packages/airflow/example_dags/example_latest_only.py
[2024-12-10T05:52:34.680+0000] {logging_mixin.py:190} INFO - [2024-12-10T05:52:34.679+0000] {dag.py:3239} INFO - Sync 1 DAGs
[2024-12-10T05:52:34.701+0000] {logging_mixin.py:190} INFO - [2024-12-10T05:52:34.701+0000] {dag.py:4180} INFO - Setting next_dagrun for latest_only to 2024-12-10 00:00:00+00:00, run_after=2024-12-10 04:00:00+00:00
[2024-12-10T05:52:34.717+0000] {processor.py:208} INFO - Processing /home/airflow/.local/lib/python3.12/site-packages/airflow/example_dags/example_latest_only.py took 0.070 seconds
