[2024-12-10T05:50:31.887+0000] {processor.py:186} INFO - Started process (PID=114) to work on /home/airflow/.local/lib/python3.12/site-packages/airflow/example_dags/example_branch_python_dop_operator_3.py
[2024-12-10T05:50:31.889+0000] {processor.py:914} INFO - Processing file /home/airflow/.local/lib/python3.12/site-packages/airflow/example_dags/example_branch_python_dop_operator_3.py for tasks to queue
[2024-12-10T05:50:31.892+0000] {logging_mixin.py:190} INFO - [2024-12-10T05:50:31.892+0000] {dagbag.py:588} INFO - Filling up the DagBag from /home/airflow/.local/lib/python3.12/site-packages/airflow/example_dags/example_branch_python_dop_operator_3.py
[2024-12-10T05:50:31.905+0000] {processor.py:925} INFO - DAG(s) 'example_branch_dop_operator_v3' retrieved from /home/airflow/.local/lib/python3.12/site-packages/airflow/example_dags/example_branch_python_dop_operator_3.py
[2024-12-10T05:50:31.930+0000] {logging_mixin.py:190} INFO - [2024-12-10T05:50:31.929+0000] {dag.py:3239} INFO - Sync 1 DAGs
[2024-12-10T05:50:31.960+0000] {logging_mixin.py:190} INFO - [2024-12-10T05:50:31.960+0000] {dag.py:4180} INFO - Setting next_dagrun for example_branch_dop_operator_v3 to 2024-12-10 05:49:00+00:00, run_after=2024-12-10 05:50:00+00:00
[2024-12-10T05:50:31.981+0000] {processor.py:208} INFO - Processing /home/airflow/.local/lib/python3.12/site-packages/airflow/example_dags/example_branch_python_dop_operator_3.py took 0.105 seconds
[2024-12-10T05:51:02.641+0000] {processor.py:186} INFO - Started process (PID=177) to work on /home/airflow/.local/lib/python3.12/site-packages/airflow/example_dags/example_branch_python_dop_operator_3.py
[2024-12-10T05:51:02.642+0000] {processor.py:914} INFO - Processing file /home/airflow/.local/lib/python3.12/site-packages/airflow/example_dags/example_branch_python_dop_operator_3.py for tasks to queue
[2024-12-10T05:51:02.644+0000] {logging_mixin.py:190} INFO - [2024-12-10T05:51:02.643+0000] {dagbag.py:588} INFO - Filling up the DagBag from /home/airflow/.local/lib/python3.12/site-packages/airflow/example_dags/example_branch_python_dop_operator_3.py
[2024-12-10T05:51:02.654+0000] {processor.py:925} INFO - DAG(s) 'example_branch_dop_operator_v3' retrieved from /home/airflow/.local/lib/python3.12/site-packages/airflow/example_dags/example_branch_python_dop_operator_3.py
[2024-12-10T05:51:02.673+0000] {logging_mixin.py:190} INFO - [2024-12-10T05:51:02.673+0000] {dag.py:3239} INFO - Sync 1 DAGs
[2024-12-10T05:51:02.701+0000] {logging_mixin.py:190} INFO - [2024-12-10T05:51:02.701+0000] {dag.py:4180} INFO - Setting next_dagrun for example_branch_dop_operator_v3 to 2024-12-10 05:50:00+00:00, run_after=2024-12-10 05:51:00+00:00
[2024-12-10T05:51:02.719+0000] {processor.py:208} INFO - Processing /home/airflow/.local/lib/python3.12/site-packages/airflow/example_dags/example_branch_python_dop_operator_3.py took 0.084 seconds
[2024-12-10T05:51:33.756+0000] {processor.py:186} INFO - Started process (PID=240) to work on /home/airflow/.local/lib/python3.12/site-packages/airflow/example_dags/example_branch_python_dop_operator_3.py
[2024-12-10T05:51:33.757+0000] {processor.py:914} INFO - Processing file /home/airflow/.local/lib/python3.12/site-packages/airflow/example_dags/example_branch_python_dop_operator_3.py for tasks to queue
[2024-12-10T05:51:33.759+0000] {logging_mixin.py:190} INFO - [2024-12-10T05:51:33.758+0000] {dagbag.py:588} INFO - Filling up the DagBag from /home/airflow/.local/lib/python3.12/site-packages/airflow/example_dags/example_branch_python_dop_operator_3.py
[2024-12-10T05:51:33.768+0000] {processor.py:925} INFO - DAG(s) 'example_branch_dop_operator_v3' retrieved from /home/airflow/.local/lib/python3.12/site-packages/airflow/example_dags/example_branch_python_dop_operator_3.py
[2024-12-10T05:51:33.786+0000] {logging_mixin.py:190} INFO - [2024-12-10T05:51:33.786+0000] {dag.py:3239} INFO - Sync 1 DAGs
[2024-12-10T05:51:33.809+0000] {logging_mixin.py:190} INFO - [2024-12-10T05:51:33.809+0000] {dag.py:4180} INFO - Setting next_dagrun for example_branch_dop_operator_v3 to 2024-12-10 05:50:00+00:00, run_after=2024-12-10 05:51:00+00:00
[2024-12-10T05:51:33.825+0000] {processor.py:208} INFO - Processing /home/airflow/.local/lib/python3.12/site-packages/airflow/example_dags/example_branch_python_dop_operator_3.py took 0.074 seconds
[2024-12-10T05:52:04.749+0000] {processor.py:186} INFO - Started process (PID=303) to work on /home/airflow/.local/lib/python3.12/site-packages/airflow/example_dags/example_branch_python_dop_operator_3.py
[2024-12-10T05:52:04.750+0000] {processor.py:914} INFO - Processing file /home/airflow/.local/lib/python3.12/site-packages/airflow/example_dags/example_branch_python_dop_operator_3.py for tasks to queue
[2024-12-10T05:52:04.754+0000] {logging_mixin.py:190} INFO - [2024-12-10T05:52:04.753+0000] {dagbag.py:588} INFO - Filling up the DagBag from /home/airflow/.local/lib/python3.12/site-packages/airflow/example_dags/example_branch_python_dop_operator_3.py
[2024-12-10T05:52:04.768+0000] {processor.py:925} INFO - DAG(s) 'example_branch_dop_operator_v3' retrieved from /home/airflow/.local/lib/python3.12/site-packages/airflow/example_dags/example_branch_python_dop_operator_3.py
[2024-12-10T05:52:04.792+0000] {logging_mixin.py:190} INFO - [2024-12-10T05:52:04.792+0000] {dag.py:3239} INFO - Sync 1 DAGs
[2024-12-10T05:52:04.829+0000] {logging_mixin.py:190} INFO - [2024-12-10T05:52:04.829+0000] {dag.py:4180} INFO - Setting next_dagrun for example_branch_dop_operator_v3 to 2024-12-10 05:51:00+00:00, run_after=2024-12-10 05:52:00+00:00
[2024-12-10T05:52:04.854+0000] {processor.py:208} INFO - Processing /home/airflow/.local/lib/python3.12/site-packages/airflow/example_dags/example_branch_python_dop_operator_3.py took 0.112 seconds
[2024-12-10T05:52:35.209+0000] {processor.py:186} INFO - Started process (PID=366) to work on /home/airflow/.local/lib/python3.12/site-packages/airflow/example_dags/example_branch_python_dop_operator_3.py
[2024-12-10T05:52:35.210+0000] {processor.py:914} INFO - Processing file /home/airflow/.local/lib/python3.12/site-packages/airflow/example_dags/example_branch_python_dop_operator_3.py for tasks to queue
[2024-12-10T05:52:35.212+0000] {logging_mixin.py:190} INFO - [2024-12-10T05:52:35.212+0000] {dagbag.py:588} INFO - Filling up the DagBag from /home/airflow/.local/lib/python3.12/site-packages/airflow/example_dags/example_branch_python_dop_operator_3.py
[2024-12-10T05:52:35.222+0000] {processor.py:925} INFO - DAG(s) 'example_branch_dop_operator_v3' retrieved from /home/airflow/.local/lib/python3.12/site-packages/airflow/example_dags/example_branch_python_dop_operator_3.py
[2024-12-10T05:52:35.242+0000] {logging_mixin.py:190} INFO - [2024-12-10T05:52:35.242+0000] {dag.py:3239} INFO - Sync 1 DAGs
[2024-12-10T05:52:35.271+0000] {logging_mixin.py:190} INFO - [2024-12-10T05:52:35.271+0000] {dag.py:4180} INFO - Setting next_dagrun for example_branch_dop_operator_v3 to 2024-12-10 05:51:00+00:00, run_after=2024-12-10 05:52:00+00:00
[2024-12-10T05:52:35.290+0000] {processor.py:208} INFO - Processing /home/airflow/.local/lib/python3.12/site-packages/airflow/example_dags/example_branch_python_dop_operator_3.py took 0.085 seconds
