[2024-12-10T05:50:27.985+0000] {processor.py:186} INFO - Started process (PID=76) to work on /home/airflow/.local/lib/python3.12/site-packages/airflow/example_dags/example_complex.py
[2024-12-10T05:50:27.986+0000] {processor.py:914} INFO - Processing file /home/airflow/.local/lib/python3.12/site-packages/airflow/example_dags/example_complex.py for tasks to queue
[2024-12-10T05:50:27.988+0000] {logging_mixin.py:190} INFO - [2024-12-10T05:50:27.987+0000] {dagbag.py:588} INFO - Filling up the DagBag from /home/airflow/.local/lib/python3.12/site-packages/airflow/example_dags/example_complex.py
[2024-12-10T05:50:27.998+0000] {processor.py:925} INFO - DAG(s) 'example_complex' retrieved from /home/airflow/.local/lib/python3.12/site-packages/airflow/example_dags/example_complex.py
[2024-12-10T05:50:28.033+0000] {logging_mixin.py:190} INFO - [2024-12-10T05:50:28.033+0000] {dag.py:3239} INFO - Sync 1 DAGs
[2024-12-10T05:50:28.047+0000] {logging_mixin.py:190} INFO - [2024-12-10T05:50:28.047+0000] {dag.py:4180} INFO - Setting next_dagrun for example_complex to None, run_after=None
[2024-12-10T05:50:28.070+0000] {processor.py:208} INFO - Processing /home/airflow/.local/lib/python3.12/site-packages/airflow/example_dags/example_complex.py took 0.089 seconds
[2024-12-10T05:50:58.631+0000] {processor.py:186} INFO - Started process (PID=138) to work on /home/airflow/.local/lib/python3.12/site-packages/airflow/example_dags/example_complex.py
[2024-12-10T05:50:58.632+0000] {processor.py:914} INFO - Processing file /home/airflow/.local/lib/python3.12/site-packages/airflow/example_dags/example_complex.py for tasks to queue
[2024-12-10T05:50:58.634+0000] {logging_mixin.py:190} INFO - [2024-12-10T05:50:58.634+0000] {dagbag.py:588} INFO - Filling up the DagBag from /home/airflow/.local/lib/python3.12/site-packages/airflow/example_dags/example_complex.py
[2024-12-10T05:50:58.646+0000] {processor.py:925} INFO - DAG(s) 'example_complex' retrieved from /home/airflow/.local/lib/python3.12/site-packages/airflow/example_dags/example_complex.py
[2024-12-10T05:50:58.677+0000] {logging_mixin.py:190} INFO - [2024-12-10T05:50:58.677+0000] {dag.py:3239} INFO - Sync 1 DAGs
[2024-12-10T05:50:58.690+0000] {logging_mixin.py:190} INFO - [2024-12-10T05:50:58.690+0000] {dag.py:4180} INFO - Setting next_dagrun for example_complex to None, run_after=None
[2024-12-10T05:50:58.707+0000] {processor.py:208} INFO - Processing /home/airflow/.local/lib/python3.12/site-packages/airflow/example_dags/example_complex.py took 0.082 seconds
[2024-12-10T05:51:29.188+0000] {processor.py:186} INFO - Started process (PID=200) to work on /home/airflow/.local/lib/python3.12/site-packages/airflow/example_dags/example_complex.py
[2024-12-10T05:51:29.190+0000] {processor.py:914} INFO - Processing file /home/airflow/.local/lib/python3.12/site-packages/airflow/example_dags/example_complex.py for tasks to queue
[2024-12-10T05:51:29.193+0000] {logging_mixin.py:190} INFO - [2024-12-10T05:51:29.192+0000] {dagbag.py:588} INFO - Filling up the DagBag from /home/airflow/.local/lib/python3.12/site-packages/airflow/example_dags/example_complex.py
[2024-12-10T05:51:29.209+0000] {processor.py:925} INFO - DAG(s) 'example_complex' retrieved from /home/airflow/.local/lib/python3.12/site-packages/airflow/example_dags/example_complex.py
[2024-12-10T05:51:29.253+0000] {logging_mixin.py:190} INFO - [2024-12-10T05:51:29.253+0000] {dag.py:3239} INFO - Sync 1 DAGs
[2024-12-10T05:51:29.283+0000] {logging_mixin.py:190} INFO - [2024-12-10T05:51:29.282+0000] {dag.py:4180} INFO - Setting next_dagrun for example_complex to None, run_after=None
[2024-12-10T05:51:29.313+0000] {processor.py:208} INFO - Processing /home/airflow/.local/lib/python3.12/site-packages/airflow/example_dags/example_complex.py took 0.133 seconds
[2024-12-10T05:52:00.188+0000] {processor.py:186} INFO - Started process (PID=263) to work on /home/airflow/.local/lib/python3.12/site-packages/airflow/example_dags/example_complex.py
[2024-12-10T05:52:00.189+0000] {processor.py:914} INFO - Processing file /home/airflow/.local/lib/python3.12/site-packages/airflow/example_dags/example_complex.py for tasks to queue
[2024-12-10T05:52:00.191+0000] {logging_mixin.py:190} INFO - [2024-12-10T05:52:00.191+0000] {dagbag.py:588} INFO - Filling up the DagBag from /home/airflow/.local/lib/python3.12/site-packages/airflow/example_dags/example_complex.py
[2024-12-10T05:52:00.205+0000] {processor.py:925} INFO - DAG(s) 'example_complex' retrieved from /home/airflow/.local/lib/python3.12/site-packages/airflow/example_dags/example_complex.py
[2024-12-10T05:52:00.246+0000] {logging_mixin.py:190} INFO - [2024-12-10T05:52:00.246+0000] {dag.py:3239} INFO - Sync 1 DAGs
[2024-12-10T05:52:00.265+0000] {logging_mixin.py:190} INFO - [2024-12-10T05:52:00.264+0000] {dag.py:4180} INFO - Setting next_dagrun for example_complex to None, run_after=None
[2024-12-10T05:52:00.287+0000] {processor.py:208} INFO - Processing /home/airflow/.local/lib/python3.12/site-packages/airflow/example_dags/example_complex.py took 0.105 seconds
[2024-12-10T05:52:31.149+0000] {processor.py:186} INFO - Started process (PID=332) to work on /home/airflow/.local/lib/python3.12/site-packages/airflow/example_dags/example_complex.py
[2024-12-10T05:52:31.150+0000] {processor.py:914} INFO - Processing file /home/airflow/.local/lib/python3.12/site-packages/airflow/example_dags/example_complex.py for tasks to queue
[2024-12-10T05:52:31.152+0000] {logging_mixin.py:190} INFO - [2024-12-10T05:52:31.151+0000] {dagbag.py:588} INFO - Filling up the DagBag from /home/airflow/.local/lib/python3.12/site-packages/airflow/example_dags/example_complex.py
[2024-12-10T05:52:31.162+0000] {processor.py:925} INFO - DAG(s) 'example_complex' retrieved from /home/airflow/.local/lib/python3.12/site-packages/airflow/example_dags/example_complex.py
[2024-12-10T05:52:31.195+0000] {logging_mixin.py:190} INFO - [2024-12-10T05:52:31.194+0000] {dag.py:3239} INFO - Sync 1 DAGs
[2024-12-10T05:52:31.208+0000] {logging_mixin.py:190} INFO - [2024-12-10T05:52:31.208+0000] {dag.py:4180} INFO - Setting next_dagrun for example_complex to None, run_after=None
[2024-12-10T05:52:31.226+0000] {processor.py:208} INFO - Processing /home/airflow/.local/lib/python3.12/site-packages/airflow/example_dags/example_complex.py took 0.081 seconds
