[2024-12-10T05:50:31.344+0000] {processor.py:186} INFO - Started process (PID=107) to work on /home/airflow/.local/lib/python3.12/site-packages/airflow/example_dags/example_nested_branch_dag.py
[2024-12-10T05:50:31.345+0000] {processor.py:914} INFO - Processing file /home/airflow/.local/lib/python3.12/site-packages/airflow/example_dags/example_nested_branch_dag.py for tasks to queue
[2024-12-10T05:50:31.347+0000] {logging_mixin.py:190} INFO - [2024-12-10T05:50:31.347+0000] {dagbag.py:588} INFO - Filling up the DagBag from /home/airflow/.local/lib/python3.12/site-packages/airflow/example_dags/example_nested_branch_dag.py
[2024-12-10T05:50:31.357+0000] {processor.py:925} INFO - DAG(s) 'example_nested_branch_dag' retrieved from /home/airflow/.local/lib/python3.12/site-packages/airflow/example_dags/example_nested_branch_dag.py
[2024-12-10T05:50:31.378+0000] {logging_mixin.py:190} INFO - [2024-12-10T05:50:31.377+0000] {dag.py:3239} INFO - Sync 1 DAGs
[2024-12-10T05:50:31.402+0000] {logging_mixin.py:190} INFO - [2024-12-10T05:50:31.402+0000] {dag.py:4180} INFO - Setting next_dagrun for example_nested_branch_dag to 2024-12-09 00:00:00+00:00, run_after=2024-12-10 00:00:00+00:00
[2024-12-10T05:50:31.426+0000] {processor.py:208} INFO - Processing /home/airflow/.local/lib/python3.12/site-packages/airflow/example_dags/example_nested_branch_dag.py took 0.087 seconds
[2024-12-10T05:51:02.215+0000] {processor.py:186} INFO - Started process (PID=170) to work on /home/airflow/.local/lib/python3.12/site-packages/airflow/example_dags/example_nested_branch_dag.py
[2024-12-10T05:51:02.217+0000] {processor.py:914} INFO - Processing file /home/airflow/.local/lib/python3.12/site-packages/airflow/example_dags/example_nested_branch_dag.py for tasks to queue
[2024-12-10T05:51:02.220+0000] {logging_mixin.py:190} INFO - [2024-12-10T05:51:02.219+0000] {dagbag.py:588} INFO - Filling up the DagBag from /home/airflow/.local/lib/python3.12/site-packages/airflow/example_dags/example_nested_branch_dag.py
[2024-12-10T05:51:02.231+0000] {processor.py:925} INFO - DAG(s) 'example_nested_branch_dag' retrieved from /home/airflow/.local/lib/python3.12/site-packages/airflow/example_dags/example_nested_branch_dag.py
[2024-12-10T05:51:02.256+0000] {logging_mixin.py:190} INFO - [2024-12-10T05:51:02.256+0000] {dag.py:3239} INFO - Sync 1 DAGs
[2024-12-10T05:51:02.283+0000] {logging_mixin.py:190} INFO - [2024-12-10T05:51:02.283+0000] {dag.py:4180} INFO - Setting next_dagrun for example_nested_branch_dag to 2024-12-09 00:00:00+00:00, run_after=2024-12-10 00:00:00+00:00
[2024-12-10T05:51:02.303+0000] {processor.py:208} INFO - Processing /home/airflow/.local/lib/python3.12/site-packages/airflow/example_dags/example_nested_branch_dag.py took 0.095 seconds
[2024-12-10T05:51:33.261+0000] {processor.py:186} INFO - Started process (PID=233) to work on /home/airflow/.local/lib/python3.12/site-packages/airflow/example_dags/example_nested_branch_dag.py
[2024-12-10T05:51:33.262+0000] {processor.py:914} INFO - Processing file /home/airflow/.local/lib/python3.12/site-packages/airflow/example_dags/example_nested_branch_dag.py for tasks to queue
[2024-12-10T05:51:33.265+0000] {logging_mixin.py:190} INFO - [2024-12-10T05:51:33.265+0000] {dagbag.py:588} INFO - Filling up the DagBag from /home/airflow/.local/lib/python3.12/site-packages/airflow/example_dags/example_nested_branch_dag.py
[2024-12-10T05:51:33.282+0000] {processor.py:925} INFO - DAG(s) 'example_nested_branch_dag' retrieved from /home/airflow/.local/lib/python3.12/site-packages/airflow/example_dags/example_nested_branch_dag.py
[2024-12-10T05:51:33.309+0000] {logging_mixin.py:190} INFO - [2024-12-10T05:51:33.308+0000] {dag.py:3239} INFO - Sync 1 DAGs
[2024-12-10T05:51:33.351+0000] {logging_mixin.py:190} INFO - [2024-12-10T05:51:33.351+0000] {dag.py:4180} INFO - Setting next_dagrun for example_nested_branch_dag to 2024-12-09 00:00:00+00:00, run_after=2024-12-10 00:00:00+00:00
[2024-12-10T05:51:33.377+0000] {processor.py:208} INFO - Processing /home/airflow/.local/lib/python3.12/site-packages/airflow/example_dags/example_nested_branch_dag.py took 0.129 seconds
[2024-12-10T05:52:04.204+0000] {processor.py:186} INFO - Started process (PID=296) to work on /home/airflow/.local/lib/python3.12/site-packages/airflow/example_dags/example_nested_branch_dag.py
[2024-12-10T05:52:04.205+0000] {processor.py:914} INFO - Processing file /home/airflow/.local/lib/python3.12/site-packages/airflow/example_dags/example_nested_branch_dag.py for tasks to queue
[2024-12-10T05:52:04.209+0000] {logging_mixin.py:190} INFO - [2024-12-10T05:52:04.209+0000] {dagbag.py:588} INFO - Filling up the DagBag from /home/airflow/.local/lib/python3.12/site-packages/airflow/example_dags/example_nested_branch_dag.py
[2024-12-10T05:52:04.228+0000] {processor.py:925} INFO - DAG(s) 'example_nested_branch_dag' retrieved from /home/airflow/.local/lib/python3.12/site-packages/airflow/example_dags/example_nested_branch_dag.py
[2024-12-10T05:52:04.261+0000] {logging_mixin.py:190} INFO - [2024-12-10T05:52:04.260+0000] {dag.py:3239} INFO - Sync 1 DAGs
[2024-12-10T05:52:04.295+0000] {logging_mixin.py:190} INFO - [2024-12-10T05:52:04.295+0000] {dag.py:4180} INFO - Setting next_dagrun for example_nested_branch_dag to 2024-12-09 00:00:00+00:00, run_after=2024-12-10 00:00:00+00:00
[2024-12-10T05:52:04.316+0000] {processor.py:208} INFO - Processing /home/airflow/.local/lib/python3.12/site-packages/airflow/example_dags/example_nested_branch_dag.py took 0.120 seconds
[2024-12-10T05:52:34.843+0000] {processor.py:186} INFO - Started process (PID=359) to work on /home/airflow/.local/lib/python3.12/site-packages/airflow/example_dags/example_nested_branch_dag.py
[2024-12-10T05:52:34.844+0000] {processor.py:914} INFO - Processing file /home/airflow/.local/lib/python3.12/site-packages/airflow/example_dags/example_nested_branch_dag.py for tasks to queue
[2024-12-10T05:52:34.846+0000] {logging_mixin.py:190} INFO - [2024-12-10T05:52:34.846+0000] {dagbag.py:588} INFO - Filling up the DagBag from /home/airflow/.local/lib/python3.12/site-packages/airflow/example_dags/example_nested_branch_dag.py
[2024-12-10T05:52:34.856+0000] {processor.py:925} INFO - DAG(s) 'example_nested_branch_dag' retrieved from /home/airflow/.local/lib/python3.12/site-packages/airflow/example_dags/example_nested_branch_dag.py
[2024-12-10T05:52:34.876+0000] {logging_mixin.py:190} INFO - [2024-12-10T05:52:34.876+0000] {dag.py:3239} INFO - Sync 1 DAGs
[2024-12-10T05:52:34.899+0000] {logging_mixin.py:190} INFO - [2024-12-10T05:52:34.899+0000] {dag.py:4180} INFO - Setting next_dagrun for example_nested_branch_dag to 2024-12-09 00:00:00+00:00, run_after=2024-12-10 00:00:00+00:00
[2024-12-10T05:52:34.916+0000] {processor.py:208} INFO - Processing /home/airflow/.local/lib/python3.12/site-packages/airflow/example_dags/example_nested_branch_dag.py took 0.077 seconds
