[2024-12-10T05:50:31.461+0000] {processor.py:186} INFO - Started process (PID=109) to work on /home/airflow/.local/lib/python3.12/site-packages/airflow/example_dags/example_bash_operator.py
[2024-12-10T05:50:31.462+0000] {processor.py:914} INFO - Processing file /home/airflow/.local/lib/python3.12/site-packages/airflow/example_dags/example_bash_operator.py for tasks to queue
[2024-12-10T05:50:31.464+0000] {logging_mixin.py:190} INFO - [2024-12-10T05:50:31.464+0000] {dagbag.py:588} INFO - Filling up the DagBag from /home/airflow/.local/lib/python3.12/site-packages/airflow/example_dags/example_bash_operator.py
[2024-12-10T05:50:31.476+0000] {processor.py:925} INFO - DAG(s) 'example_bash_operator' retrieved from /home/airflow/.local/lib/python3.12/site-packages/airflow/example_dags/example_bash_operator.py
[2024-12-10T05:50:31.505+0000] {logging_mixin.py:190} INFO - [2024-12-10T05:50:31.505+0000] {dag.py:3239} INFO - Sync 1 DAGs
[2024-12-10T05:50:31.537+0000] {logging_mixin.py:190} INFO - [2024-12-10T05:50:31.537+0000] {dag.py:4180} INFO - Setting next_dagrun for example_bash_operator to 2024-12-09 00:00:00+00:00, run_after=2024-12-10 00:00:00+00:00
[2024-12-10T05:50:31.560+0000] {processor.py:208} INFO - Processing /home/airflow/.local/lib/python3.12/site-packages/airflow/example_dags/example_bash_operator.py took 0.103 seconds
[2024-12-10T05:51:02.341+0000] {processor.py:186} INFO - Started process (PID=172) to work on /home/airflow/.local/lib/python3.12/site-packages/airflow/example_dags/example_bash_operator.py
[2024-12-10T05:51:02.343+0000] {processor.py:914} INFO - Processing file /home/airflow/.local/lib/python3.12/site-packages/airflow/example_dags/example_bash_operator.py for tasks to queue
[2024-12-10T05:51:02.345+0000] {logging_mixin.py:190} INFO - [2024-12-10T05:51:02.345+0000] {dagbag.py:588} INFO - Filling up the DagBag from /home/airflow/.local/lib/python3.12/site-packages/airflow/example_dags/example_bash_operator.py
[2024-12-10T05:51:02.360+0000] {processor.py:925} INFO - DAG(s) 'example_bash_operator' retrieved from /home/airflow/.local/lib/python3.12/site-packages/airflow/example_dags/example_bash_operator.py
[2024-12-10T05:51:02.388+0000] {logging_mixin.py:190} INFO - [2024-12-10T05:51:02.387+0000] {dag.py:3239} INFO - Sync 1 DAGs
[2024-12-10T05:51:02.414+0000] {logging_mixin.py:190} INFO - [2024-12-10T05:51:02.413+0000] {dag.py:4180} INFO - Setting next_dagrun for example_bash_operator to 2024-12-09 00:00:00+00:00, run_after=2024-12-10 00:00:00+00:00
[2024-12-10T05:51:02.433+0000] {processor.py:208} INFO - Processing /home/airflow/.local/lib/python3.12/site-packages/airflow/example_dags/example_bash_operator.py took 0.097 seconds
[2024-12-10T05:51:33.424+0000] {processor.py:186} INFO - Started process (PID=235) to work on /home/airflow/.local/lib/python3.12/site-packages/airflow/example_dags/example_bash_operator.py
[2024-12-10T05:51:33.426+0000] {processor.py:914} INFO - Processing file /home/airflow/.local/lib/python3.12/site-packages/airflow/example_dags/example_bash_operator.py for tasks to queue
[2024-12-10T05:51:33.429+0000] {logging_mixin.py:190} INFO - [2024-12-10T05:51:33.428+0000] {dagbag.py:588} INFO - Filling up the DagBag from /home/airflow/.local/lib/python3.12/site-packages/airflow/example_dags/example_bash_operator.py
[2024-12-10T05:51:33.445+0000] {processor.py:925} INFO - DAG(s) 'example_bash_operator' retrieved from /home/airflow/.local/lib/python3.12/site-packages/airflow/example_dags/example_bash_operator.py
[2024-12-10T05:51:33.485+0000] {logging_mixin.py:190} INFO - [2024-12-10T05:51:33.484+0000] {dag.py:3239} INFO - Sync 1 DAGs
[2024-12-10T05:51:33.519+0000] {logging_mixin.py:190} INFO - [2024-12-10T05:51:33.519+0000] {dag.py:4180} INFO - Setting next_dagrun for example_bash_operator to 2024-12-09 00:00:00+00:00, run_after=2024-12-10 00:00:00+00:00
[2024-12-10T05:51:33.539+0000] {processor.py:208} INFO - Processing /home/airflow/.local/lib/python3.12/site-packages/airflow/example_dags/example_bash_operator.py took 0.123 seconds
[2024-12-10T05:52:04.365+0000] {processor.py:186} INFO - Started process (PID=298) to work on /home/airflow/.local/lib/python3.12/site-packages/airflow/example_dags/example_bash_operator.py
[2024-12-10T05:52:04.366+0000] {processor.py:914} INFO - Processing file /home/airflow/.local/lib/python3.12/site-packages/airflow/example_dags/example_bash_operator.py for tasks to queue
[2024-12-10T05:52:04.368+0000] {logging_mixin.py:190} INFO - [2024-12-10T05:52:04.368+0000] {dagbag.py:588} INFO - Filling up the DagBag from /home/airflow/.local/lib/python3.12/site-packages/airflow/example_dags/example_bash_operator.py
[2024-12-10T05:52:04.380+0000] {processor.py:925} INFO - DAG(s) 'example_bash_operator' retrieved from /home/airflow/.local/lib/python3.12/site-packages/airflow/example_dags/example_bash_operator.py
[2024-12-10T05:52:04.414+0000] {logging_mixin.py:190} INFO - [2024-12-10T05:52:04.414+0000] {dag.py:3239} INFO - Sync 1 DAGs
[2024-12-10T05:52:04.440+0000] {logging_mixin.py:190} INFO - [2024-12-10T05:52:04.440+0000] {dag.py:4180} INFO - Setting next_dagrun for example_bash_operator to 2024-12-09 00:00:00+00:00, run_after=2024-12-10 00:00:00+00:00
[2024-12-10T05:52:04.462+0000] {processor.py:208} INFO - Processing /home/airflow/.local/lib/python3.12/site-packages/airflow/example_dags/example_bash_operator.py took 0.102 seconds
[2024-12-10T05:52:34.948+0000] {processor.py:186} INFO - Started process (PID=361) to work on /home/airflow/.local/lib/python3.12/site-packages/airflow/example_dags/example_bash_operator.py
[2024-12-10T05:52:34.948+0000] {processor.py:914} INFO - Processing file /home/airflow/.local/lib/python3.12/site-packages/airflow/example_dags/example_bash_operator.py for tasks to queue
[2024-12-10T05:52:34.950+0000] {logging_mixin.py:190} INFO - [2024-12-10T05:52:34.950+0000] {dagbag.py:588} INFO - Filling up the DagBag from /home/airflow/.local/lib/python3.12/site-packages/airflow/example_dags/example_bash_operator.py
[2024-12-10T05:52:34.964+0000] {processor.py:925} INFO - DAG(s) 'example_bash_operator' retrieved from /home/airflow/.local/lib/python3.12/site-packages/airflow/example_dags/example_bash_operator.py
[2024-12-10T05:52:34.990+0000] {logging_mixin.py:190} INFO - [2024-12-10T05:52:34.990+0000] {dag.py:3239} INFO - Sync 1 DAGs
[2024-12-10T05:52:35.014+0000] {logging_mixin.py:190} INFO - [2024-12-10T05:52:35.014+0000] {dag.py:4180} INFO - Setting next_dagrun for example_bash_operator to 2024-12-09 00:00:00+00:00, run_after=2024-12-10 00:00:00+00:00
[2024-12-10T05:52:35.030+0000] {processor.py:208} INFO - Processing /home/airflow/.local/lib/python3.12/site-packages/airflow/example_dags/example_bash_operator.py took 0.088 seconds
