[2024-12-10T05:50:29.362+0000] {processor.py:186} INFO - Started process (PID=85) to work on /home/airflow/.local/lib/python3.12/site-packages/airflow/example_dags/example_inlet_event_extra.py
[2024-12-10T05:50:29.363+0000] {processor.py:914} INFO - Processing file /home/airflow/.local/lib/python3.12/site-packages/airflow/example_dags/example_inlet_event_extra.py for tasks to queue
[2024-12-10T05:50:29.366+0000] {logging_mixin.py:190} INFO - [2024-12-10T05:50:29.366+0000] {dagbag.py:588} INFO - Filling up the DagBag from /home/airflow/.local/lib/python3.12/site-packages/airflow/example_dags/example_inlet_event_extra.py
[2024-12-10T05:50:30.163+0000] {processor.py:925} INFO - DAG(s) 'read_dataset_event_from_classic', 'read_dataset_event' retrieved from /home/airflow/.local/lib/python3.12/site-packages/airflow/example_dags/example_inlet_event_extra.py
[2024-12-10T05:50:30.190+0000] {logging_mixin.py:190} INFO - [2024-12-10T05:50:30.190+0000] {dag.py:3239} INFO - Sync 2 DAGs
[2024-12-10T05:50:30.230+0000] {logging_mixin.py:190} INFO - [2024-12-10T05:50:30.229+0000] {dag.py:4180} INFO - Setting next_dagrun for read_dataset_event to 2024-12-09 00:00:00+00:00, run_after=2024-12-10 00:00:00+00:00
[2024-12-10T05:50:30.235+0000] {logging_mixin.py:190} INFO - [2024-12-10T05:50:30.235+0000] {dag.py:4180} INFO - Setting next_dagrun for read_dataset_event_from_classic to 2024-12-09 00:00:00+00:00, run_after=2024-12-10 00:00:00+00:00
[2024-12-10T05:50:30.251+0000] {processor.py:208} INFO - Processing /home/airflow/.local/lib/python3.12/site-packages/airflow/example_dags/example_inlet_event_extra.py took 0.899 seconds
[2024-12-10T05:51:00.352+0000] {processor.py:186} INFO - Started process (PID=154) to work on /home/airflow/.local/lib/python3.12/site-packages/airflow/example_dags/example_inlet_event_extra.py
[2024-12-10T05:51:00.353+0000] {processor.py:914} INFO - Processing file /home/airflow/.local/lib/python3.12/site-packages/airflow/example_dags/example_inlet_event_extra.py for tasks to queue
[2024-12-10T05:51:00.355+0000] {logging_mixin.py:190} INFO - [2024-12-10T05:51:00.355+0000] {dagbag.py:588} INFO - Filling up the DagBag from /home/airflow/.local/lib/python3.12/site-packages/airflow/example_dags/example_inlet_event_extra.py
[2024-12-10T05:51:01.006+0000] {processor.py:925} INFO - DAG(s) 'read_dataset_event_from_classic', 'read_dataset_event' retrieved from /home/airflow/.local/lib/python3.12/site-packages/airflow/example_dags/example_inlet_event_extra.py
[2024-12-10T05:51:01.032+0000] {logging_mixin.py:190} INFO - [2024-12-10T05:51:01.032+0000] {dag.py:3239} INFO - Sync 2 DAGs
[2024-12-10T05:51:01.061+0000] {logging_mixin.py:190} INFO - [2024-12-10T05:51:01.061+0000] {dag.py:4180} INFO - Setting next_dagrun for read_dataset_event to 2024-12-09 00:00:00+00:00, run_after=2024-12-10 00:00:00+00:00
[2024-12-10T05:51:01.066+0000] {logging_mixin.py:190} INFO - [2024-12-10T05:51:01.066+0000] {dag.py:4180} INFO - Setting next_dagrun for read_dataset_event_from_classic to 2024-12-09 00:00:00+00:00, run_after=2024-12-10 00:00:00+00:00
[2024-12-10T05:51:01.082+0000] {processor.py:208} INFO - Processing /home/airflow/.local/lib/python3.12/site-packages/airflow/example_dags/example_inlet_event_extra.py took 0.739 seconds
[2024-12-10T05:51:31.129+0000] {processor.py:186} INFO - Started process (PID=217) to work on /home/airflow/.local/lib/python3.12/site-packages/airflow/example_dags/example_inlet_event_extra.py
[2024-12-10T05:51:31.130+0000] {processor.py:914} INFO - Processing file /home/airflow/.local/lib/python3.12/site-packages/airflow/example_dags/example_inlet_event_extra.py for tasks to queue
[2024-12-10T05:51:31.132+0000] {logging_mixin.py:190} INFO - [2024-12-10T05:51:31.132+0000] {dagbag.py:588} INFO - Filling up the DagBag from /home/airflow/.local/lib/python3.12/site-packages/airflow/example_dags/example_inlet_event_extra.py
[2024-12-10T05:51:31.668+0000] {processor.py:925} INFO - DAG(s) 'read_dataset_event', 'read_dataset_event_from_classic' retrieved from /home/airflow/.local/lib/python3.12/site-packages/airflow/example_dags/example_inlet_event_extra.py
[2024-12-10T05:51:31.687+0000] {logging_mixin.py:190} INFO - [2024-12-10T05:51:31.686+0000] {dag.py:3239} INFO - Sync 2 DAGs
[2024-12-10T05:51:31.708+0000] {logging_mixin.py:190} INFO - [2024-12-10T05:51:31.708+0000] {dag.py:4180} INFO - Setting next_dagrun for read_dataset_event to 2024-12-09 00:00:00+00:00, run_after=2024-12-10 00:00:00+00:00
[2024-12-10T05:51:31.712+0000] {logging_mixin.py:190} INFO - [2024-12-10T05:51:31.712+0000] {dag.py:4180} INFO - Setting next_dagrun for read_dataset_event_from_classic to 2024-12-09 00:00:00+00:00, run_after=2024-12-10 00:00:00+00:00
[2024-12-10T05:51:31.725+0000] {processor.py:208} INFO - Processing /home/airflow/.local/lib/python3.12/site-packages/airflow/example_dags/example_inlet_event_extra.py took 0.601 seconds
[2024-12-10T05:52:02.285+0000] {processor.py:186} INFO - Started process (PID=280) to work on /home/airflow/.local/lib/python3.12/site-packages/airflow/example_dags/example_inlet_event_extra.py
[2024-12-10T05:52:02.286+0000] {processor.py:914} INFO - Processing file /home/airflow/.local/lib/python3.12/site-packages/airflow/example_dags/example_inlet_event_extra.py for tasks to queue
[2024-12-10T05:52:02.289+0000] {logging_mixin.py:190} INFO - [2024-12-10T05:52:02.289+0000] {dagbag.py:588} INFO - Filling up the DagBag from /home/airflow/.local/lib/python3.12/site-packages/airflow/example_dags/example_inlet_event_extra.py
[2024-12-10T05:52:02.970+0000] {processor.py:925} INFO - DAG(s) 'read_dataset_event', 'read_dataset_event_from_classic' retrieved from /home/airflow/.local/lib/python3.12/site-packages/airflow/example_dags/example_inlet_event_extra.py
[2024-12-10T05:52:02.995+0000] {logging_mixin.py:190} INFO - [2024-12-10T05:52:02.995+0000] {dag.py:3239} INFO - Sync 2 DAGs
[2024-12-10T05:52:03.031+0000] {logging_mixin.py:190} INFO - [2024-12-10T05:52:03.031+0000] {dag.py:4180} INFO - Setting next_dagrun for read_dataset_event to 2024-12-09 00:00:00+00:00, run_after=2024-12-10 00:00:00+00:00
[2024-12-10T05:52:03.037+0000] {logging_mixin.py:190} INFO - [2024-12-10T05:52:03.037+0000] {dag.py:4180} INFO - Setting next_dagrun for read_dataset_event_from_classic to 2024-12-09 00:00:00+00:00, run_after=2024-12-10 00:00:00+00:00
[2024-12-10T05:52:03.060+0000] {processor.py:208} INFO - Processing /home/airflow/.local/lib/python3.12/site-packages/airflow/example_dags/example_inlet_event_extra.py took 0.779 seconds
[2024-12-10T05:52:33.432+0000] {processor.py:186} INFO - Started process (PID=344) to work on /home/airflow/.local/lib/python3.12/site-packages/airflow/example_dags/example_inlet_event_extra.py
[2024-12-10T05:52:33.433+0000] {processor.py:914} INFO - Processing file /home/airflow/.local/lib/python3.12/site-packages/airflow/example_dags/example_inlet_event_extra.py for tasks to queue
[2024-12-10T05:52:33.436+0000] {logging_mixin.py:190} INFO - [2024-12-10T05:52:33.436+0000] {dagbag.py:588} INFO - Filling up the DagBag from /home/airflow/.local/lib/python3.12/site-packages/airflow/example_dags/example_inlet_event_extra.py
[2024-12-10T05:52:34.042+0000] {processor.py:925} INFO - DAG(s) 'read_dataset_event', 'read_dataset_event_from_classic' retrieved from /home/airflow/.local/lib/python3.12/site-packages/airflow/example_dags/example_inlet_event_extra.py
[2024-12-10T05:52:34.063+0000] {logging_mixin.py:190} INFO - [2024-12-10T05:52:34.063+0000] {dag.py:3239} INFO - Sync 2 DAGs
[2024-12-10T05:52:34.089+0000] {logging_mixin.py:190} INFO - [2024-12-10T05:52:34.088+0000] {dag.py:4180} INFO - Setting next_dagrun for read_dataset_event to 2024-12-09 00:00:00+00:00, run_after=2024-12-10 00:00:00+00:00
[2024-12-10T05:52:34.094+0000] {logging_mixin.py:190} INFO - [2024-12-10T05:52:34.094+0000] {dag.py:4180} INFO - Setting next_dagrun for read_dataset_event_from_classic to 2024-12-09 00:00:00+00:00, run_after=2024-12-10 00:00:00+00:00
[2024-12-10T05:52:34.108+0000] {processor.py:208} INFO - Processing /home/airflow/.local/lib/python3.12/site-packages/airflow/example_dags/example_inlet_event_extra.py took 0.684 seconds
