[2024-12-11T20:10:51.001+0000] {local_task_job_runner.py:123} INFO - ::group::Pre task execution logs
[2024-12-11T20:10:51.040+0000] {taskinstance.py:2613} INFO - Dependencies all met for dep_context=non-requeueable deps ti=<TaskInstance: fetch_and_store_amazon_books.fetch_book_data scheduled__2024-08-10T00:00:00+00:00 [queued]>
[2024-12-11T20:10:51.052+0000] {taskinstance.py:2613} INFO - Dependencies all met for dep_context=requeueable deps ti=<TaskInstance: fetch_and_store_amazon_books.fetch_book_data scheduled__2024-08-10T00:00:00+00:00 [queued]>
[2024-12-11T20:10:51.053+0000] {taskinstance.py:2866} INFO - Starting attempt 1 of 2
[2024-12-11T20:10:51.072+0000] {taskinstance.py:2889} INFO - Executing <Task(PythonOperator): fetch_book_data> on 2024-08-10 00:00:00+00:00
[2024-12-11T20:10:51.090+0000] {warnings.py:112} WARNING - /home/***/.local/lib/python3.12/site-packages/***/task/task_runner/standard_task_runner.py:70: DeprecationWarning: This process (pid=1155) is multi-threaded, use of fork() may lead to deadlocks in the child.
  pid = os.fork()

[2024-12-11T20:10:51.094+0000] {standard_task_runner.py:72} INFO - Started process 1173 to run task
[2024-12-11T20:10:51.105+0000] {standard_task_runner.py:104} INFO - Running: ['***', 'tasks', 'run', 'fetch_and_store_amazon_books', 'fetch_book_data', 'scheduled__2024-08-10T00:00:00+00:00', '--job-id', '163', '--raw', '--subdir', 'DAGS_FOLDER/app.py', '--cfg-path', '/tmp/tmpmfcj1ti3']
[2024-12-11T20:10:51.106+0000] {standard_task_runner.py:105} INFO - Job 163: Subtask fetch_book_data
[2024-12-11T20:10:51.218+0000] {task_command.py:467} INFO - Running <TaskInstance: fetch_and_store_amazon_books.fetch_book_data scheduled__2024-08-10T00:00:00+00:00 [running]> on host aaf3c4c4d810
[2024-12-11T20:10:51.345+0000] {taskinstance.py:3132} INFO - Exporting env vars: AIRFLOW_CTX_DAG_OWNER='***' AIRFLOW_CTX_DAG_ID='fetch_and_store_amazon_books' AIRFLOW_CTX_TASK_ID='fetch_book_data' AIRFLOW_CTX_EXECUTION_DATE='2024-08-10T00:00:00+00:00' AIRFLOW_CTX_TRY_NUMBER='1' AIRFLOW_CTX_DAG_RUN_ID='scheduled__2024-08-10T00:00:00+00:00'
[2024-12-11T20:10:51.347+0000] {logging_mixin.py:190} INFO - Task instance is in running state
[2024-12-11T20:10:51.348+0000] {logging_mixin.py:190} INFO -  Previous state of the Task instance: queued
[2024-12-11T20:10:51.349+0000] {logging_mixin.py:190} INFO - Current task name:fetch_book_data state:running start_date:2024-12-11 20:10:51.041612+00:00
[2024-12-11T20:10:51.349+0000] {logging_mixin.py:190} INFO - Dag name:fetch_and_store_amazon_books and current dag run status:running
[2024-12-11T20:10:51.350+0000] {taskinstance.py:731} INFO - ::endgroup::
[2024-12-11T20:12:43.542+0000] {logging_mixin.py:190} INFO - Failed to retrieve the page
[2024-12-11T20:12:43.561+0000] {python.py:240} INFO - Done. Returned value was: None
[2024-12-11T20:12:43.571+0000] {taskinstance.py:340} INFO - ::group::Post task execution logs
[2024-12-11T20:12:43.572+0000] {taskinstance.py:352} INFO - Marking task as SUCCESS. dag_id=fetch_and_store_amazon_books, task_id=fetch_book_data, run_id=scheduled__2024-08-10T00:00:00+00:00, execution_date=20240810T000000, start_date=20241211T201051, end_date=20241211T201243
[2024-12-11T20:12:43.630+0000] {logging_mixin.py:190} INFO - Task instance in success state
[2024-12-11T20:12:43.630+0000] {logging_mixin.py:190} INFO -  Previous state of the Task instance: running
[2024-12-11T20:12:43.631+0000] {logging_mixin.py:190} INFO - Dag name:fetch_and_store_amazon_books queued_at:2024-12-11 20:10:48.201598+00:00
[2024-12-11T20:12:43.631+0000] {logging_mixin.py:190} INFO - Task hostname:aaf3c4c4d810 operator:PythonOperator
[2024-12-11T20:12:43.681+0000] {local_task_job_runner.py:266} INFO - Task exited with return code 0
[2024-12-11T20:12:43.691+0000] {local_task_job_runner.py:245} INFO - ::endgroup::
