[2024-12-11T20:43:21.797+0000] {local_task_job_runner.py:123} INFO - ::group::Pre task execution logs
[2024-12-11T20:43:21.840+0000] {taskinstance.py:2613} INFO - Dependencies all met for dep_context=non-requeueable deps ti=<TaskInstance: fetch_and_store_amazon_books.fetch_book_data scheduled__2024-10-29T00:00:00+00:00 [queued]>
[2024-12-11T20:43:21.873+0000] {taskinstance.py:2613} INFO - Dependencies all met for dep_context=requeueable deps ti=<TaskInstance: fetch_and_store_amazon_books.fetch_book_data scheduled__2024-10-29T00:00:00+00:00 [queued]>
[2024-12-11T20:43:21.877+0000] {taskinstance.py:2866} INFO - Starting attempt 1 of 2
[2024-12-11T20:43:21.910+0000] {taskinstance.py:2889} INFO - Executing <Task(PythonOperator): fetch_book_data> on 2024-10-29 00:00:00+00:00
[2024-12-11T20:43:21.933+0000] {warnings.py:112} WARNING - /home/***/.local/lib/python3.12/site-packages/***/task/task_runner/standard_task_runner.py:70: DeprecationWarning: This process (pid=2713) is multi-threaded, use of fork() may lead to deadlocks in the child.
  pid = os.fork()

[2024-12-11T20:43:21.938+0000] {standard_task_runner.py:72} INFO - Started process 2745 to run task
[2024-12-11T20:43:21.934+0000] {standard_task_runner.py:104} INFO - Running: ['***', 'tasks', 'run', 'fetch_and_store_amazon_books', 'fetch_book_data', 'scheduled__2024-10-29T00:00:00+00:00', '--job-id', '463', '--raw', '--subdir', 'DAGS_FOLDER/app.py', '--cfg-path', '/tmp/tmpg4repx38']
[2024-12-11T20:43:21.942+0000] {standard_task_runner.py:105} INFO - Job 463: Subtask fetch_book_data
[2024-12-11T20:43:22.051+0000] {task_command.py:467} INFO - Running <TaskInstance: fetch_and_store_amazon_books.fetch_book_data scheduled__2024-10-29T00:00:00+00:00 [running]> on host aaf3c4c4d810
[2024-12-11T20:43:22.228+0000] {taskinstance.py:3132} INFO - Exporting env vars: AIRFLOW_CTX_DAG_OWNER='***' AIRFLOW_CTX_DAG_ID='fetch_and_store_amazon_books' AIRFLOW_CTX_TASK_ID='fetch_book_data' AIRFLOW_CTX_EXECUTION_DATE='2024-10-29T00:00:00+00:00' AIRFLOW_CTX_TRY_NUMBER='1' AIRFLOW_CTX_DAG_RUN_ID='scheduled__2024-10-29T00:00:00+00:00'
[2024-12-11T20:43:22.240+0000] {logging_mixin.py:190} INFO - Task instance is in running state
[2024-12-11T20:43:22.243+0000] {logging_mixin.py:190} INFO -  Previous state of the Task instance: queued
[2024-12-11T20:43:22.254+0000] {logging_mixin.py:190} INFO - Current task name:fetch_book_data state:running start_date:2024-12-11 20:43:21.856436+00:00
[2024-12-11T20:43:22.258+0000] {logging_mixin.py:190} INFO - Dag name:fetch_and_store_amazon_books and current dag run status:running
[2024-12-11T20:43:22.270+0000] {taskinstance.py:731} INFO - ::endgroup::
[2024-12-11T20:43:22.587+0000] {logging_mixin.py:190} INFO - Failed to fetch page 1. Status code: 503
[2024-12-11T20:43:22.630+0000] {python.py:240} INFO - Done. Returned value was: None
[2024-12-11T20:43:22.648+0000] {taskinstance.py:340} INFO - ::group::Post task execution logs
[2024-12-11T20:43:22.649+0000] {taskinstance.py:352} INFO - Marking task as SUCCESS. dag_id=fetch_and_store_amazon_books, task_id=fetch_book_data, run_id=scheduled__2024-10-29T00:00:00+00:00, execution_date=20241029T000000, start_date=20241211T204321, end_date=20241211T204322
[2024-12-11T20:43:22.665+0000] {logging_mixin.py:190} INFO - Task instance in success state
[2024-12-11T20:43:22.667+0000] {logging_mixin.py:190} INFO -  Previous state of the Task instance: running
[2024-12-11T20:43:22.668+0000] {logging_mixin.py:190} INFO - Dag name:fetch_and_store_amazon_books queued_at:2024-12-11 20:43:17.887436+00:00
[2024-12-11T20:43:22.669+0000] {logging_mixin.py:190} INFO - Task hostname:aaf3c4c4d810 operator:PythonOperator
[2024-12-11T20:43:22.700+0000] {local_task_job_runner.py:266} INFO - Task exited with return code 0
[2024-12-11T20:43:22.724+0000] {local_task_job_runner.py:245} INFO - ::endgroup::
