[2024-12-11T21:12:25.838+0000] {local_task_job_runner.py:123} INFO - ::group::Pre task execution logs
[2024-12-11T21:12:25.881+0000] {taskinstance.py:2613} INFO - Dependencies all met for dep_context=non-requeueable deps ti=<TaskInstance: fetch_and_store_google_books.fetch_book_data scheduled__2024-06-23T00:00:00+00:00 [queued]>
[2024-12-11T21:12:25.973+0000] {taskinstance.py:2613} INFO - Dependencies all met for dep_context=requeueable deps ti=<TaskInstance: fetch_and_store_google_books.fetch_book_data scheduled__2024-06-23T00:00:00+00:00 [queued]>
[2024-12-11T21:12:25.974+0000] {taskinstance.py:2866} INFO - Starting attempt 1 of 2
[2024-12-11T21:12:26.016+0000] {taskinstance.py:2889} INFO - Executing <Task(PythonOperator): fetch_book_data> on 2024-06-23 00:00:00+00:00
[2024-12-11T21:12:26.051+0000] {warnings.py:112} WARNING - /home/***/.local/lib/python3.12/site-packages/***/task/task_runner/standard_task_runner.py:70: DeprecationWarning: This process (pid=94) is multi-threaded, use of fork() may lead to deadlocks in the child.
  pid = os.fork()

[2024-12-11T21:12:26.064+0000] {standard_task_runner.py:72} INFO - Started process 131 to run task
[2024-12-11T21:12:26.123+0000] {standard_task_runner.py:104} INFO - Running: ['***', 'tasks', 'run', 'fetch_and_store_google_books', 'fetch_book_data', 'scheduled__2024-06-23T00:00:00+00:00', '--job-id', '665', '--raw', '--subdir', 'DAGS_FOLDER/dag2.py', '--cfg-path', '/tmp/tmp6pnojv94']
[2024-12-11T21:12:26.130+0000] {standard_task_runner.py:105} INFO - Job 665: Subtask fetch_book_data
[2024-12-11T21:12:26.406+0000] {task_command.py:467} INFO - Running <TaskInstance: fetch_and_store_google_books.fetch_book_data scheduled__2024-06-23T00:00:00+00:00 [running]> on host bb74d1700244
[2024-12-11T21:12:26.783+0000] {taskinstance.py:3132} INFO - Exporting env vars: AIRFLOW_CTX_DAG_OWNER='***' AIRFLOW_CTX_DAG_ID='fetch_and_store_google_books' AIRFLOW_CTX_TASK_ID='fetch_book_data' AIRFLOW_CTX_EXECUTION_DATE='2024-06-23T00:00:00+00:00' AIRFLOW_CTX_TRY_NUMBER='1' AIRFLOW_CTX_DAG_RUN_ID='scheduled__2024-06-23T00:00:00+00:00'
[2024-12-11T21:12:26.786+0000] {logging_mixin.py:190} INFO - Task instance is in running state
[2024-12-11T21:12:26.789+0000] {logging_mixin.py:190} INFO -  Previous state of the Task instance: queued
[2024-12-11T21:12:26.792+0000] {logging_mixin.py:190} INFO - Current task name:fetch_book_data state:running start_date:2024-12-11 21:12:25.900421+00:00
[2024-12-11T21:12:26.795+0000] {logging_mixin.py:190} INFO - Dag name:fetch_and_store_google_books and current dag run status:running
[2024-12-11T21:12:26.798+0000] {taskinstance.py:731} INFO - ::endgroup::
[2024-12-11T21:12:35.896+0000] {python.py:240} INFO - Done. Returned value was: None
[2024-12-11T21:12:35.913+0000] {taskinstance.py:340} INFO - ::group::Post task execution logs
[2024-12-11T21:12:35.914+0000] {taskinstance.py:352} INFO - Marking task as SUCCESS. dag_id=fetch_and_store_google_books, task_id=fetch_book_data, run_id=scheduled__2024-06-23T00:00:00+00:00, execution_date=20240623T000000, start_date=20241211T211225, end_date=20241211T211235
[2024-12-11T21:12:35.928+0000] {logging_mixin.py:190} INFO - Task instance in success state
[2024-12-11T21:12:35.929+0000] {logging_mixin.py:190} INFO -  Previous state of the Task instance: running
[2024-12-11T21:12:35.929+0000] {logging_mixin.py:190} INFO - Dag name:fetch_and_store_google_books queued_at:2024-12-11 21:12:15.619314+00:00
[2024-12-11T21:12:35.930+0000] {logging_mixin.py:190} INFO - Task hostname:bb74d1700244 operator:PythonOperator
[2024-12-11T21:12:35.951+0000] {local_task_job_runner.py:266} INFO - Task exited with return code 0
[2024-12-11T21:12:35.988+0000] {taskinstance.py:3895} INFO - 1 downstream tasks scheduled from follow-on schedule check
[2024-12-11T21:12:35.991+0000] {local_task_job_runner.py:245} INFO - ::endgroup::
