[2024-12-11T20:43:23.210+0000] {local_task_job_runner.py:123} INFO - ::group::Pre task execution logs
[2024-12-11T20:43:23.257+0000] {taskinstance.py:2613} INFO - Dependencies all met for dep_context=non-requeueable deps ti=<TaskInstance: fetch_and_store_amazon_books.fetch_book_data scheduled__2024-11-01T00:00:00+00:00 [queued]>
[2024-12-11T20:43:23.268+0000] {taskinstance.py:2613} INFO - Dependencies all met for dep_context=requeueable deps ti=<TaskInstance: fetch_and_store_amazon_books.fetch_book_data scheduled__2024-11-01T00:00:00+00:00 [queued]>
[2024-12-11T20:43:23.269+0000] {taskinstance.py:2866} INFO - Starting attempt 1 of 2
[2024-12-11T20:43:23.289+0000] {taskinstance.py:2889} INFO - Executing <Task(PythonOperator): fetch_book_data> on 2024-11-01 00:00:00+00:00
[2024-12-11T20:43:23.305+0000] {warnings.py:112} WARNING - /home/***/.local/lib/python3.12/site-packages/***/task/task_runner/standard_task_runner.py:70: DeprecationWarning: This process (pid=2719) is multi-threaded, use of fork() may lead to deadlocks in the child.
  pid = os.fork()

[2024-12-11T20:43:23.307+0000] {standard_task_runner.py:72} INFO - Started process 2765 to run task
[2024-12-11T20:43:23.312+0000] {standard_task_runner.py:104} INFO - Running: ['***', 'tasks', 'run', 'fetch_and_store_amazon_books', 'fetch_book_data', 'scheduled__2024-11-01T00:00:00+00:00', '--job-id', '466', '--raw', '--subdir', 'DAGS_FOLDER/app.py', '--cfg-path', '/tmp/tmpf1ogix71']
[2024-12-11T20:43:23.315+0000] {standard_task_runner.py:105} INFO - Job 466: Subtask fetch_book_data
[2024-12-11T20:43:23.414+0000] {task_command.py:467} INFO - Running <TaskInstance: fetch_and_store_amazon_books.fetch_book_data scheduled__2024-11-01T00:00:00+00:00 [running]> on host aaf3c4c4d810
[2024-12-11T20:43:23.625+0000] {taskinstance.py:3132} INFO - Exporting env vars: AIRFLOW_CTX_DAG_OWNER='***' AIRFLOW_CTX_DAG_ID='fetch_and_store_amazon_books' AIRFLOW_CTX_TASK_ID='fetch_book_data' AIRFLOW_CTX_EXECUTION_DATE='2024-11-01T00:00:00+00:00' AIRFLOW_CTX_TRY_NUMBER='1' AIRFLOW_CTX_DAG_RUN_ID='scheduled__2024-11-01T00:00:00+00:00'
[2024-12-11T20:43:23.627+0000] {logging_mixin.py:190} INFO - Task instance is in running state
[2024-12-11T20:43:23.631+0000] {logging_mixin.py:190} INFO -  Previous state of the Task instance: queued
[2024-12-11T20:43:23.632+0000] {logging_mixin.py:190} INFO - Current task name:fetch_book_data state:running start_date:2024-12-11 20:43:23.258230+00:00
[2024-12-11T20:43:23.632+0000] {logging_mixin.py:190} INFO - Dag name:fetch_and_store_amazon_books and current dag run status:running
[2024-12-11T20:43:23.633+0000] {taskinstance.py:731} INFO - ::endgroup::
[2024-12-11T20:43:23.935+0000] {logging_mixin.py:190} INFO - Failed to fetch page 1. Status code: 503
[2024-12-11T20:43:23.981+0000] {python.py:240} INFO - Done. Returned value was: None
[2024-12-11T20:43:23.997+0000] {taskinstance.py:340} INFO - ::group::Post task execution logs
[2024-12-11T20:43:23.998+0000] {taskinstance.py:352} INFO - Marking task as SUCCESS. dag_id=fetch_and_store_amazon_books, task_id=fetch_book_data, run_id=scheduled__2024-11-01T00:00:00+00:00, execution_date=20241101T000000, start_date=20241211T204323, end_date=20241211T204323
[2024-12-11T20:43:24.129+0000] {logging_mixin.py:190} INFO - Task instance in success state
[2024-12-11T20:43:24.132+0000] {logging_mixin.py:190} INFO -  Previous state of the Task instance: running
[2024-12-11T20:43:24.132+0000] {logging_mixin.py:190} INFO - Dag name:fetch_and_store_amazon_books queued_at:2024-12-11 20:43:18.889482+00:00
[2024-12-11T20:43:24.133+0000] {logging_mixin.py:190} INFO - Task hostname:aaf3c4c4d810 operator:PythonOperator
[2024-12-11T20:43:24.168+0000] {local_task_job_runner.py:266} INFO - Task exited with return code 0
[2024-12-11T20:43:24.220+0000] {taskinstance.py:3895} INFO - 1 downstream tasks scheduled from follow-on schedule check
[2024-12-11T20:43:25.058+0000] {local_task_job_runner.py:245} INFO - ::endgroup::
