[2024-12-11T20:31:07.135+0000] {local_task_job_runner.py:123} INFO - ::group::Pre task execution logs
[2024-12-11T20:31:07.190+0000] {taskinstance.py:2613} INFO - Dependencies all met for dep_context=non-requeueable deps ti=<TaskInstance: fetch_and_store_amazon_books.fetch_book_data scheduled__2024-09-26T00:00:00+00:00 [queued]>
[2024-12-11T20:31:07.225+0000] {taskinstance.py:2613} INFO - Dependencies all met for dep_context=requeueable deps ti=<TaskInstance: fetch_and_store_amazon_books.fetch_book_data scheduled__2024-09-26T00:00:00+00:00 [queued]>
[2024-12-11T20:31:07.226+0000] {taskinstance.py:2866} INFO - Starting attempt 1 of 2
[2024-12-11T20:31:07.264+0000] {taskinstance.py:2889} INFO - Executing <Task(PythonOperator): fetch_book_data> on 2024-09-26 00:00:00+00:00
[2024-12-11T20:31:07.282+0000] {warnings.py:112} WARNING - /home/***/.local/lib/python3.12/site-packages/***/task/task_runner/standard_task_runner.py:70: DeprecationWarning: This process (pid=2058) is multi-threaded, use of fork() may lead to deadlocks in the child.
  pid = os.fork()

[2024-12-11T20:31:07.293+0000] {standard_task_runner.py:72} INFO - Started process 2150 to run task
[2024-12-11T20:31:07.295+0000] {standard_task_runner.py:104} INFO - Running: ['***', 'tasks', 'run', 'fetch_and_store_amazon_books', 'fetch_book_data', 'scheduled__2024-09-26T00:00:00+00:00', '--job-id', '345', '--raw', '--subdir', 'DAGS_FOLDER/app.py', '--cfg-path', '/tmp/tmpyr0l8ywp']
[2024-12-11T20:31:07.301+0000] {standard_task_runner.py:105} INFO - Job 345: Subtask fetch_book_data
[2024-12-11T20:31:07.431+0000] {task_command.py:467} INFO - Running <TaskInstance: fetch_and_store_amazon_books.fetch_book_data scheduled__2024-09-26T00:00:00+00:00 [running]> on host aaf3c4c4d810
[2024-12-11T20:31:07.699+0000] {taskinstance.py:3132} INFO - Exporting env vars: AIRFLOW_CTX_DAG_OWNER='***' AIRFLOW_CTX_DAG_ID='fetch_and_store_amazon_books' AIRFLOW_CTX_TASK_ID='fetch_book_data' AIRFLOW_CTX_EXECUTION_DATE='2024-09-26T00:00:00+00:00' AIRFLOW_CTX_TRY_NUMBER='1' AIRFLOW_CTX_DAG_RUN_ID='scheduled__2024-09-26T00:00:00+00:00'
[2024-12-11T20:31:07.701+0000] {logging_mixin.py:190} INFO - Task instance is in running state
[2024-12-11T20:31:07.702+0000] {logging_mixin.py:190} INFO -  Previous state of the Task instance: queued
[2024-12-11T20:31:07.702+0000] {logging_mixin.py:190} INFO - Current task name:fetch_book_data state:running start_date:2024-12-11 20:31:07.205145+00:00
[2024-12-11T20:31:07.703+0000] {logging_mixin.py:190} INFO - Dag name:fetch_and_store_amazon_books and current dag run status:running
[2024-12-11T20:31:07.703+0000] {taskinstance.py:731} INFO - ::endgroup::
[2024-12-11T20:31:08.057+0000] {logging_mixin.py:190} INFO - Failed to retrieve the page
[2024-12-11T20:31:08.087+0000] {python.py:240} INFO - Done. Returned value was: None
[2024-12-11T20:31:08.119+0000] {taskinstance.py:340} INFO - ::group::Post task execution logs
[2024-12-11T20:31:08.120+0000] {taskinstance.py:352} INFO - Marking task as SUCCESS. dag_id=fetch_and_store_amazon_books, task_id=fetch_book_data, run_id=scheduled__2024-09-26T00:00:00+00:00, execution_date=20240926T000000, start_date=20241211T203107, end_date=20241211T203108
[2024-12-11T20:31:08.144+0000] {logging_mixin.py:190} INFO - Task instance in success state
[2024-12-11T20:31:08.145+0000] {logging_mixin.py:190} INFO -  Previous state of the Task instance: running
[2024-12-11T20:31:08.145+0000] {logging_mixin.py:190} INFO - Dag name:fetch_and_store_amazon_books queued_at:2024-12-11 20:30:56.291166+00:00
[2024-12-11T20:31:08.146+0000] {logging_mixin.py:190} INFO - Task hostname:aaf3c4c4d810 operator:PythonOperator
[2024-12-11T20:31:08.169+0000] {local_task_job_runner.py:266} INFO - Task exited with return code 0
[2024-12-11T20:31:08.273+0000] {taskinstance.py:3895} INFO - 1 downstream tasks scheduled from follow-on schedule check
[2024-12-11T20:31:08.290+0000] {local_task_job_runner.py:245} INFO - ::endgroup::
