[2024-12-11T20:28:38.005+0000] {local_task_job_runner.py:123} INFO - ::group::Pre task execution logs
[2024-12-11T20:28:38.019+0000] {taskinstance.py:2613} INFO - Dependencies all met for dep_context=non-requeueable deps ti=<TaskInstance: fetch_and_store_amazon_books.create_table manual__2024-12-11T20:21:05.801996+00:00 [queued]>
[2024-12-11T20:28:38.026+0000] {taskinstance.py:2613} INFO - Dependencies all met for dep_context=requeueable deps ti=<TaskInstance: fetch_and_store_amazon_books.create_table manual__2024-12-11T20:21:05.801996+00:00 [queued]>
[2024-12-11T20:28:38.027+0000] {taskinstance.py:2866} INFO - Starting attempt 2 of 2
[2024-12-11T20:28:38.037+0000] {taskinstance.py:2889} INFO - Executing <Task(PostgresOperator): create_table> on 2024-12-11 20:21:05.801996+00:00
[2024-12-11T20:28:38.047+0000] {warnings.py:112} WARNING - /home/***/.local/lib/python3.12/site-packages/***/task/task_runner/standard_task_runner.py:70: DeprecationWarning: This process (pid=1884) is multi-threaded, use of fork() may lead to deadlocks in the child.
  pid = os.fork()

[2024-12-11T20:28:38.048+0000] {standard_task_runner.py:72} INFO - Started process 1886 to run task
[2024-12-11T20:28:38.049+0000] {standard_task_runner.py:104} INFO - Running: ['***', 'tasks', 'run', 'fetch_and_store_amazon_books', 'create_table', 'manual__2024-12-11T20:21:05.801996+00:00', '--job-id', '293', '--raw', '--subdir', 'DAGS_FOLDER/app.py', '--cfg-path', '/tmp/tmp3g469mk_']
[2024-12-11T20:28:38.049+0000] {standard_task_runner.py:105} INFO - Job 293: Subtask create_table
[2024-12-11T20:28:38.088+0000] {task_command.py:467} INFO - Running <TaskInstance: fetch_and_store_amazon_books.create_table manual__2024-12-11T20:21:05.801996+00:00 [running]> on host aaf3c4c4d810
[2024-12-11T20:28:38.151+0000] {taskinstance.py:3132} INFO - Exporting env vars: AIRFLOW_CTX_DAG_OWNER='***' AIRFLOW_CTX_DAG_ID='fetch_and_store_amazon_books' AIRFLOW_CTX_TASK_ID='create_table' AIRFLOW_CTX_EXECUTION_DATE='2024-12-11T20:21:05.801996+00:00' AIRFLOW_CTX_TRY_NUMBER='2' AIRFLOW_CTX_DAG_RUN_ID='manual__2024-12-11T20:21:05.801996+00:00'
[2024-12-11T20:28:38.153+0000] {logging_mixin.py:190} INFO - Task instance is in running state
[2024-12-11T20:28:38.153+0000] {logging_mixin.py:190} INFO -  Previous state of the Task instance: queued
[2024-12-11T20:28:38.153+0000] {logging_mixin.py:190} INFO - Current task name:create_table state:running start_date:2024-12-11 20:28:38.020395+00:00
[2024-12-11T20:28:38.154+0000] {logging_mixin.py:190} INFO - Dag name:fetch_and_store_amazon_books and current dag run status:running
[2024-12-11T20:28:38.154+0000] {taskinstance.py:731} INFO - ::endgroup::
[2024-12-11T20:28:38.154+0000] {sql.py:278} INFO - Executing: 
    CREATE TABLE IF NOT EXISTS books (
        id SERIAL PRIMARY KEY,
        title TEXT NOT NULL,
        authors TEXT,
        price TEXT,
        rating TEXT
    );
    
[2024-12-11T20:28:38.162+0000] {base.py:84} INFO - Retrieving connection 'books_connection'
[2024-12-11T20:28:38.168+0000] {base.py:84} INFO - Retrieving connection 'books_connection'
[2024-12-11T20:28:38.171+0000] {sql.py:544} INFO - Running statement: 
    CREATE TABLE IF NOT EXISTS books (
        id SERIAL PRIMARY KEY,
        title TEXT NOT NULL,
        authors TEXT,
        price TEXT,
        rating TEXT
    );
    , parameters: None
[2024-12-11T20:28:38.180+0000] {taskinstance.py:340} INFO - ::group::Post task execution logs
[2024-12-11T20:28:38.181+0000] {taskinstance.py:352} INFO - Marking task as SUCCESS. dag_id=fetch_and_store_amazon_books, task_id=create_table, run_id=manual__2024-12-11T20:21:05.801996+00:00, execution_date=20241211T202105, start_date=20241211T202838, end_date=20241211T202838
[2024-12-11T20:28:38.190+0000] {logging_mixin.py:190} INFO - Task instance in success state
[2024-12-11T20:28:38.190+0000] {logging_mixin.py:190} INFO -  Previous state of the Task instance: running
[2024-12-11T20:28:38.190+0000] {logging_mixin.py:190} INFO - Dag name:fetch_and_store_amazon_books queued_at:2024-12-11 20:21:05.810727+00:00
[2024-12-11T20:28:38.191+0000] {logging_mixin.py:190} INFO - Task hostname:aaf3c4c4d810 operator:PostgresOperator
[2024-12-11T20:28:38.222+0000] {local_task_job_runner.py:266} INFO - Task exited with return code 0
[2024-12-11T20:28:38.240+0000] {taskinstance.py:3895} INFO - 1 downstream tasks scheduled from follow-on schedule check
[2024-12-11T20:28:38.241+0000] {local_task_job_runner.py:245} INFO - ::endgroup::
