[2024-12-11T21:24:10.875+0000] {local_task_job_runner.py:123} INFO - ::group::Pre task execution logs
[2024-12-11T21:24:10.891+0000] {taskinstance.py:2613} INFO - Dependencies all met for dep_context=non-requeueable deps ti=<TaskInstance: fetch_and_store_google_books.insert_book_data scheduled__2024-09-28T00:00:00+00:00 [queued]>
[2024-12-11T21:24:10.899+0000] {taskinstance.py:2613} INFO - Dependencies all met for dep_context=requeueable deps ti=<TaskInstance: fetch_and_store_google_books.insert_book_data scheduled__2024-09-28T00:00:00+00:00 [queued]>
[2024-12-11T21:24:10.900+0000] {taskinstance.py:2866} INFO - Starting attempt 1 of 2
[2024-12-11T21:24:10.912+0000] {taskinstance.py:2889} INFO - Executing <Task(PythonOperator): insert_book_data> on 2024-09-28 00:00:00+00:00
[2024-12-11T21:24:10.922+0000] {warnings.py:112} WARNING - /home/***/.local/lib/python3.12/site-packages/***/task/task_runner/standard_task_runner.py:70: DeprecationWarning: This process (pid=1515) is multi-threaded, use of fork() may lead to deadlocks in the child.
  pid = os.fork()

[2024-12-11T21:24:10.924+0000] {standard_task_runner.py:72} INFO - Started process 1519 to run task
[2024-12-11T21:24:10.924+0000] {standard_task_runner.py:104} INFO - Running: ['***', 'tasks', 'run', 'fetch_and_store_google_books', 'insert_book_data', 'scheduled__2024-09-28T00:00:00+00:00', '--job-id', '980', '--raw', '--subdir', 'DAGS_FOLDER/dag2.py', '--cfg-path', '/tmp/tmp3urrv63e']
[2024-12-11T21:24:10.925+0000] {standard_task_runner.py:105} INFO - Job 980: Subtask insert_book_data
[2024-12-11T21:24:10.970+0000] {task_command.py:467} INFO - Running <TaskInstance: fetch_and_store_google_books.insert_book_data scheduled__2024-09-28T00:00:00+00:00 [running]> on host bb74d1700244
[2024-12-11T21:24:11.047+0000] {taskinstance.py:3132} INFO - Exporting env vars: AIRFLOW_CTX_DAG_OWNER='***' AIRFLOW_CTX_DAG_ID='fetch_and_store_google_books' AIRFLOW_CTX_TASK_ID='insert_book_data' AIRFLOW_CTX_EXECUTION_DATE='2024-09-28T00:00:00+00:00' AIRFLOW_CTX_TRY_NUMBER='1' AIRFLOW_CTX_DAG_RUN_ID='scheduled__2024-09-28T00:00:00+00:00'
[2024-12-11T21:24:11.048+0000] {logging_mixin.py:190} INFO - Task instance is in running state
[2024-12-11T21:24:11.049+0000] {logging_mixin.py:190} INFO -  Previous state of the Task instance: queued
[2024-12-11T21:24:11.049+0000] {logging_mixin.py:190} INFO - Current task name:insert_book_data state:running start_date:2024-12-11 21:24:10.892560+00:00
[2024-12-11T21:24:11.050+0000] {logging_mixin.py:190} INFO - Dag name:fetch_and_store_google_books and current dag run status:running
[2024-12-11T21:24:11.050+0000] {taskinstance.py:731} INFO - ::endgroup::
[2024-12-11T21:24:11.071+0000] {base.py:84} INFO - Retrieving connection 'books_connection2'
[2024-12-11T21:24:11.075+0000] {sql.py:544} INFO - Running statement: 
    INSERT INTO google_books (title, authors, price, rating, link)
    VALUES (%s, %s, %s, %s, %s)
    , parameters: ('Data Engineering on Azure', 'Vlad Riscutia', 'Not Available', 'No Rating', 'http://books.google.co.in/books?id=q1Q5EAAAQBAJ&dq=data+engineering&hl=&source=gbs_api')
[2024-12-11T21:24:11.076+0000] {sql.py:553} INFO - Rows affected: 1
[2024-12-11T21:24:11.081+0000] {sql.py:544} INFO - Running statement: 
    INSERT INTO google_books (title, authors, price, rating, link)
    VALUES (%s, %s, %s, %s, %s)
    , parameters: ('Data Engineering with Python', 'Paul Crickard', 'Not Available', 'No Rating', 'https://play.google.com/store/books/details?id=9RYFEAAAQBAJ&source=gbs_api')
[2024-12-11T21:24:11.083+0000] {sql.py:553} INFO - Rows affected: 1
[2024-12-11T21:24:11.087+0000] {sql.py:544} INFO - Running statement: 
    INSERT INTO google_books (title, authors, price, rating, link)
    VALUES (%s, %s, %s, %s, %s)
    , parameters: ('Data Engineering with Google Cloud Platform', 'Adi Wijaya', 'Not Available', 'No Rating', 'https://play.google.com/store/books/details?id=AH9gEAAAQBAJ&source=gbs_api')
[2024-12-11T21:24:11.089+0000] {sql.py:553} INFO - Rows affected: 1
[2024-12-11T21:24:11.094+0000] {sql.py:544} INFO - Running statement: 
    INSERT INTO google_books (title, authors, price, rating, link)
    VALUES (%s, %s, %s, %s, %s)
    , parameters: ('Data Engineering with Apache Spark, Delta Lake, and Lakehouse', 'Manoj Kukreja, Danil Zburivsky', 'Not Available', 'No Rating', 'https://play.google.com/store/books/details?id=XiJEEAAAQBAJ&source=gbs_api')
[2024-12-11T21:24:11.095+0000] {sql.py:553} INFO - Rows affected: 1
[2024-12-11T21:24:11.100+0000] {sql.py:544} INFO - Running statement: 
    INSERT INTO google_books (title, authors, price, rating, link)
    VALUES (%s, %s, %s, %s, %s)
    , parameters: ('Fundamentals of Data Engineering', 'Joe Reis, Matt Housley', 'Not Available', 'No Rating', 'http://books.google.co.in/books?id=3qd2EAAAQBAJ&dq=data+engineering&hl=&source=gbs_api')
[2024-12-11T21:24:11.101+0000] {sql.py:553} INFO - Rows affected: 1
[2024-12-11T21:24:11.105+0000] {sql.py:544} INFO - Running statement: 
    INSERT INTO google_books (title, authors, price, rating, link)
    VALUES (%s, %s, %s, %s, %s)
    , parameters: ('97 Things Every Data Engineer Should Know', 'Tobias Macey', 'Not Available', 'No Rating', 'https://play.google.com/store/books/details?id=ZTQzEAAAQBAJ&source=gbs_api')
[2024-12-11T21:24:11.107+0000] {sql.py:553} INFO - Rows affected: 1
[2024-12-11T21:24:11.111+0000] {sql.py:544} INFO - Running statement: 
    INSERT INTO google_books (title, authors, price, rating, link)
    VALUES (%s, %s, %s, %s, %s)
    , parameters: ('The Rails Way', 'Obie Fernandez', 'Not Available', 'No Rating', 'http://books.google.co.in/books?id=bSfoGQkZYcQC&dq=data+engineering&hl=&source=gbs_api')
[2024-12-11T21:24:11.113+0000] {sql.py:553} INFO - Rows affected: 1
[2024-12-11T21:24:11.117+0000] {sql.py:544} INFO - Running statement: 
    INSERT INTO google_books (title, authors, price, rating, link)
    VALUES (%s, %s, %s, %s, %s)
    , parameters: ('The Pragmatic Programmer', 'David Thomas, Andrew Hunt', 'Not Available', 'No Rating', 'https://play.google.com/store/books/details?id=LhOlDwAAQBAJ&source=gbs_api')
[2024-12-11T21:24:11.118+0000] {sql.py:553} INFO - Rows affected: 1
[2024-12-11T21:24:11.123+0000] {sql.py:544} INFO - Running statement: 
    INSERT INTO google_books (title, authors, price, rating, link)
    VALUES (%s, %s, %s, %s, %s)
    , parameters: ('Data Pipelines Pocket Reference', 'James Densmore', 'Not Available', 'No Rating', 'http://books.google.co.in/books?id=SxgcEAAAQBAJ&dq=data+engineering&hl=&source=gbs_api')
[2024-12-11T21:24:11.124+0000] {sql.py:553} INFO - Rows affected: 1
[2024-12-11T21:24:11.128+0000] {sql.py:544} INFO - Running statement: 
    INSERT INTO google_books (title, authors, price, rating, link)
    VALUES (%s, %s, %s, %s, %s)
    , parameters: ('Official Google Cloud Certified Professional Data Engineer Study Guide', 'Dan Sullivan', 'Not Available', 'No Rating', 'https://play.google.com/store/books/details?id=NDXnDwAAQBAJ&source=gbs_api')
[2024-12-11T21:24:11.130+0000] {sql.py:553} INFO - Rows affected: 1
[2024-12-11T21:24:11.134+0000] {sql.py:544} INFO - Running statement: 
    INSERT INTO google_books (title, authors, price, rating, link)
    VALUES (%s, %s, %s, %s, %s)
    , parameters: ('Data-Driven Science and Engineering', 'Steven L. Brunton, J. Nathan Kutz', 'Not Available', 'No Rating', 'http://books.google.co.in/books?id=rxNkEAAAQBAJ&dq=data+engineering&hl=&source=gbs_api')
[2024-12-11T21:24:11.135+0000] {sql.py:553} INFO - Rows affected: 1
[2024-12-11T21:24:11.140+0000] {sql.py:544} INFO - Running statement: 
    INSERT INTO google_books (title, authors, price, rating, link)
    VALUES (%s, %s, %s, %s, %s)
    , parameters: ('Azure Data Engineering Cookbook', 'Ahmad Osama', 'Not Available', 'No Rating', 'https://play.google.com/store/books/details?id=G3UjEAAAQBAJ&source=gbs_api')
[2024-12-11T21:24:11.141+0000] {sql.py:553} INFO - Rows affected: 1
[2024-12-11T21:24:11.145+0000] {sql.py:544} INFO - Running statement: 
    INSERT INTO google_books (title, authors, price, rating, link)
    VALUES (%s, %s, %s, %s, %s)
    , parameters: ('Data Engineering and Communication Technology', 'K. Ashoka Reddy, B. Rama Devi, Boby George, K. Srujan Raju', 'Not Available', 'No Rating', 'https://play.google.com/store/books/details?id=48wvEAAAQBAJ&source=gbs_api')
[2024-12-11T21:24:11.147+0000] {sql.py:553} INFO - Rows affected: 1
[2024-12-11T21:24:11.151+0000] {sql.py:544} INFO - Running statement: 
    INSERT INTO google_books (title, authors, price, rating, link)
    VALUES (%s, %s, %s, %s, %s)
    , parameters: ('Emerging Research in Data Engineering Systems and Computer Communications', 'P. Venkata Krishna, Mohammad S. Obaidat', 'Not Available', 'No Rating', 'https://play.google.com/store/books/details?id=KIvPDwAAQBAJ&source=gbs_api')
[2024-12-11T21:24:11.152+0000] {sql.py:553} INFO - Rows affected: 1
[2024-12-11T21:24:11.157+0000] {sql.py:544} INFO - Running statement: 
    INSERT INTO google_books (title, authors, price, rating, link)
    VALUES (%s, %s, %s, %s, %s)
    , parameters: ('Advances in Artificial Intelligence and Data Engineering', 'Niranjan N. Chiplunkar, Takanori Fukao', 'Not Available', 'No Rating', 'http://books.google.co.in/books?id=iIhezgEACAAJ&dq=data+engineering&hl=&source=gbs_api')
[2024-12-11T21:24:11.158+0000] {sql.py:553} INFO - Rows affected: 1
[2024-12-11T21:24:11.162+0000] {sql.py:544} INFO - Running statement: 
    INSERT INTO google_books (title, authors, price, rating, link)
    VALUES (%s, %s, %s, %s, %s)
    , parameters: ('Azure Data Engineer Associate Certification Guide', 'Newton Alex', 'Not Available', 'No Rating', 'https://play.google.com/store/books/details?id=NCdcEAAAQBAJ&source=gbs_api')
[2024-12-11T21:24:11.164+0000] {sql.py:553} INFO - Rows affected: 1
[2024-12-11T21:24:11.168+0000] {sql.py:544} INFO - Running statement: 
    INSERT INTO google_books (title, authors, price, rating, link)
    VALUES (%s, %s, %s, %s, %s)
    , parameters: ('Perspectives on Data Science for Software Engineering', 'Tim Menzies, Laurie Williams, Thomas Zimmermann', 'Not Available', 5, 'https://play.google.com/store/books/details?id=Kc7nCQAAQBAJ&source=gbs_api')
[2024-12-11T21:24:11.169+0000] {sql.py:553} INFO - Rows affected: 1
[2024-12-11T21:24:11.173+0000] {sql.py:544} INFO - Running statement: 
    INSERT INTO google_books (title, authors, price, rating, link)
    VALUES (%s, %s, %s, %s, %s)
    , parameters: ('Data-Driven Engineering Design', 'Ang Liu, Yuchen Wang, Xingzhi Wang', 'Not Available', 'No Rating', 'https://play.google.com/store/books/details?id=glJHEAAAQBAJ&source=gbs_api')
[2024-12-11T21:24:11.174+0000] {sql.py:553} INFO - Rows affected: 1
[2024-12-11T21:24:11.178+0000] {sql.py:544} INFO - Running statement: 
    INSERT INTO google_books (title, authors, price, rating, link)
    VALUES (%s, %s, %s, %s, %s)
    , parameters: ('Data Engineering and Intelligent Computing', 'Suresh Chandra Satapathy, Vikrant Bhateja, K. Srujan Raju, B. Janakiramaiah', 'Not Available', 'No Rating', 'https://play.google.com/store/books/details?id=niYmDwAAQBAJ&source=gbs_api')
[2024-12-11T21:24:11.180+0000] {sql.py:553} INFO - Rows affected: 1
[2024-12-11T21:24:11.184+0000] {sql.py:544} INFO - Running statement: 
    INSERT INTO google_books (title, authors, price, rating, link)
    VALUES (%s, %s, %s, %s, %s)
    , parameters: ('Data Science from Scratch', 'Joel Grus', 'Not Available', 5, 'http://books.google.co.in/books?id=24kdCAAAQBAJ&dq=data+engineering&hl=&source=gbs_api')
[2024-12-11T21:24:11.185+0000] {sql.py:553} INFO - Rows affected: 1
[2024-12-11T21:24:11.189+0000] {sql.py:544} INFO - Running statement: 
    INSERT INTO google_books (title, authors, price, rating, link)
    VALUES (%s, %s, %s, %s, %s)
    , parameters: ('Systems, Patterns and Data Engineering with Geometric Calculi', 'Sebastià Xambó-Descamps', 'Not Available', 'No Rating', 'https://play.google.com/store/books/details?id=RvI4EAAAQBAJ&source=gbs_api')
[2024-12-11T21:24:11.190+0000] {sql.py:553} INFO - Rows affected: 1
[2024-12-11T21:24:11.194+0000] {sql.py:544} INFO - Running statement: 
    INSERT INTO google_books (title, authors, price, rating, link)
    VALUES (%s, %s, %s, %s, %s)
    , parameters: ('Enterprise Big Data Engineering, Analytics, and Management', 'Atzmueller, Martin', 'Not Available', 'No Rating', 'https://play.google.com/store/books/details?id=P5BJDAAAQBAJ&source=gbs_api')
[2024-12-11T21:24:11.196+0000] {sql.py:553} INFO - Rows affected: 1
[2024-12-11T21:24:11.200+0000] {sql.py:544} INFO - Running statement: 
    INSERT INTO google_books (title, authors, price, rating, link)
    VALUES (%s, %s, %s, %s, %s)
    , parameters: ('Intelligent Data Engineering and Analytics', 'Suresh Chandra Satapathy, Yu-Dong Zhang, Vikrant Bhateja, Ritanjali Majhi', 'Not Available', 'No Rating', 'https://play.google.com/store/books/details?id=lQ36DwAAQBAJ&source=gbs_api')
[2024-12-11T21:24:11.202+0000] {sql.py:553} INFO - Rows affected: 1
[2024-12-11T21:24:11.208+0000] {sql.py:544} INFO - Running statement: 
    INSERT INTO google_books (title, authors, price, rating, link)
    VALUES (%s, %s, %s, %s, %s)
    , parameters: ('Big Data in Engineering Applications', 'Sanjiban Sekhar Roy, Pijush Samui, Ravinesh Deo, Stavros Ntalampiras', 'Not Available', 5, 'https://play.google.com/store/books/details?id=3XZZDwAAQBAJ&source=gbs_api')
[2024-12-11T21:24:11.210+0000] {sql.py:553} INFO - Rows affected: 1
[2024-12-11T21:24:11.215+0000] {sql.py:544} INFO - Running statement: 
    INSERT INTO google_books (title, authors, price, rating, link)
    VALUES (%s, %s, %s, %s, %s)
    , parameters: ('Intelligent Data Engineering and Automated Learning – IDEAL 2020', 'Cesar Analide, Paulo Novais, David Camacho, Hujun Yin', 'Not Available', 'No Rating', 'https://play.google.com/store/books/details?id=NScGEAAAQBAJ&source=gbs_api')
[2024-12-11T21:24:11.217+0000] {sql.py:553} INFO - Rows affected: 1
[2024-12-11T21:24:11.221+0000] {sql.py:544} INFO - Running statement: 
    INSERT INTO google_books (title, authors, price, rating, link)
    VALUES (%s, %s, %s, %s, %s)
    , parameters: ('Advanced Data Analysis and Modelling in Chemical Engineering', "Denis Constales, Gregory S. Yablonsky, Dagmar R. D'hooge, Joris W. Thybaut, Guy B. Marin", 'Not Available', 'No Rating', 'https://play.google.com/store/books/details?id=IQ6dBAAAQBAJ&source=gbs_api')
[2024-12-11T21:24:11.223+0000] {sql.py:553} INFO - Rows affected: 1
[2024-12-11T21:24:11.227+0000] {sql.py:544} INFO - Running statement: 
    INSERT INTO google_books (title, authors, price, rating, link)
    VALUES (%s, %s, %s, %s, %s)
    , parameters: ('Data Analytics for Engineering and Construction Project Risk Management', 'Ivan Damnjanovic, Kenneth Reinschmidt', 'Not Available', 'No Rating', 'https://play.google.com/store/books/details?id=uv-ZDwAAQBAJ&source=gbs_api')
[2024-12-11T21:24:11.228+0000] {sql.py:553} INFO - Rows affected: 1
[2024-12-11T21:24:11.233+0000] {sql.py:544} INFO - Running statement: 
    INSERT INTO google_books (title, authors, price, rating, link)
    VALUES (%s, %s, %s, %s, %s)
    , parameters: ('Computational Methods and Data Engineering', 'Vijendra Singh, Vijayan K. Asari, Sanjay Kumar, R. B. Patel', 'Not Available', 'No Rating', 'https://play.google.com/store/books/details?id=a374DwAAQBAJ&source=gbs_api')
[2024-12-11T21:24:11.234+0000] {sql.py:553} INFO - Rows affected: 1
[2024-12-11T21:24:11.238+0000] {sql.py:544} INFO - Running statement: 
    INSERT INTO google_books (title, authors, price, rating, link)
    VALUES (%s, %s, %s, %s, %s)
    , parameters: ('Big Data Analytics in Traffic and Transportation Engineering: Emerging Research and Opportunities', 'Moridpour, Sara, Toran Pour, Alireza, Saghapour, Tayebeh', 'Not Available', 'No Rating', 'https://play.google.com/store/books/details?id=MvGCDwAAQBAJ&source=gbs_api')
[2024-12-11T21:24:11.240+0000] {sql.py:553} INFO - Rows affected: 1
[2024-12-11T21:24:11.244+0000] {sql.py:544} INFO - Running statement: 
    INSERT INTO google_books (title, authors, price, rating, link)
    VALUES (%s, %s, %s, %s, %s)
    , parameters: ('Proceedings of the International Conference on Data Engineering and Communication Technology', 'Suresh Chandra Satapathy, Vikrant Bhateja, Amit Joshi', 'Not Available', 5, 'https://play.google.com/store/books/details?id=e7_mDAAAQBAJ&source=gbs_api')
[2024-12-11T21:24:11.245+0000] {sql.py:553} INFO - Rows affected: 1
[2024-12-11T21:24:11.250+0000] {sql.py:544} INFO - Running statement: 
    INSERT INTO google_books (title, authors, price, rating, link)
    VALUES (%s, %s, %s, %s, %s)
    , parameters: ('Data Warehousing Design and Advanced Engineering Applications: Methods for Complex Construction', 'Bellatreche, Ladjel', 'Not Available', 'No Rating', 'https://play.google.com/store/books/details?id=IsbJEPfJX_0C&source=gbs_api')
[2024-12-11T21:24:11.251+0000] {sql.py:553} INFO - Rows affected: 1
[2024-12-11T21:24:11.255+0000] {sql.py:544} INFO - Running statement: 
    INSERT INTO google_books (title, authors, price, rating, link)
    VALUES (%s, %s, %s, %s, %s)
    , parameters: ('Architecting Modern Data Platforms', 'Jan Kunigk, Ian Buss, Paul Wilkinson, Lars George', 'Not Available', 'No Rating', 'https://play.google.com/store/books/details?id=1qd9DwAAQBAJ&source=gbs_api')
[2024-12-11T21:24:11.256+0000] {sql.py:553} INFO - Rows affected: 1
[2024-12-11T21:24:11.260+0000] {sql.py:544} INFO - Running statement: 
    INSERT INTO google_books (title, authors, price, rating, link)
    VALUES (%s, %s, %s, %s, %s)
    , parameters: ('Streaming Systems', 'Tyler Akidau, Slava Chernyak, Reuven Lax', 'Not Available', 'No Rating', 'https://play.google.com/store/books/details?id=TAxlDwAAQBAJ&source=gbs_api')
[2024-12-11T21:24:11.262+0000] {sql.py:553} INFO - Rows affected: 1
[2024-12-11T21:24:11.266+0000] {sql.py:544} INFO - Running statement: 
    INSERT INTO google_books (title, authors, price, rating, link)
    VALUES (%s, %s, %s, %s, %s)
    , parameters: ('Sharing Data and Models in Software Engineering', 'Tim Menzies, Ekrem Kocaguneli, Burak Turhan, Leandro Minku, Fayola Peters', 'Not Available', 'No Rating', 'https://play.google.com/store/books/details?id=Qj3LAwAAQBAJ&source=gbs_api')
[2024-12-11T21:24:11.267+0000] {sql.py:553} INFO - Rows affected: 1
[2024-12-11T21:24:11.271+0000] {sql.py:544} INFO - Running statement: 
    INSERT INTO google_books (title, authors, price, rating, link)
    VALUES (%s, %s, %s, %s, %s)
    , parameters: ('Data Engineering and Data Science', 'Kukatlapalli Pradeep Kumar, Aynur Unal, Vinay Jha Pillai, Hari Murthy, M. Niranjanamurthy', 'Not Available', 'No Rating', 'https://play.google.com/store/books/details?id=5wfUEAAAQBAJ&source=gbs_api')
[2024-12-11T21:24:11.273+0000] {sql.py:553} INFO - Rows affected: 1
[2024-12-11T21:24:11.277+0000] {sql.py:544} INFO - Running statement: 
    INSERT INTO google_books (title, authors, price, rating, link)
    VALUES (%s, %s, %s, %s, %s)
    , parameters: ('Reference Data for Engineers', 'Mac E. Van Valkenburg, Wendy M. Middleton', 'Not Available', 5, 'http://books.google.co.in/books?id=R67HARlhisYC&dq=data+engineering&hl=&source=gbs_api')
[2024-12-11T21:24:11.278+0000] {sql.py:553} INFO - Rows affected: 1
[2024-12-11T21:24:11.283+0000] {sql.py:544} INFO - Running statement: 
    INSERT INTO google_books (title, authors, price, rating, link)
    VALUES (%s, %s, %s, %s, %s)
    , parameters: ('Recent Advances in Artificial Intelligence and Data Engineering', 'Pushparaj Shetty D., Surendra Shetty', 'Not Available', 'No Rating', 'https://play.google.com/store/books/details?id=6bJLEAAAQBAJ&source=gbs_api')
[2024-12-11T21:24:11.284+0000] {sql.py:553} INFO - Rows affected: 1
[2024-12-11T21:24:11.288+0000] {sql.py:544} INFO - Running statement: 
    INSERT INTO google_books (title, authors, price, rating, link)
    VALUES (%s, %s, %s, %s, %s)
    , parameters: ('Azure Storage, Streaming, and Batch Analytics', 'Richard L. Nuckolls', 'Not Available', 'No Rating', 'http://books.google.co.in/books?id=BF4BEAAAQBAJ&dq=data+engineering&hl=&source=gbs_api')
[2024-12-11T21:24:11.289+0000] {sql.py:553} INFO - Rows affected: 1
[2024-12-11T21:24:11.293+0000] {sql.py:544} INFO - Running statement: 
    INSERT INTO google_books (title, authors, price, rating, link)
    VALUES (%s, %s, %s, %s, %s)
    , parameters: ('Quantitative Methods of Data Analysis for the Physical Sciences and Engineering', 'Douglas G. Martinson', 'Not Available', 'No Rating', 'http://books.google.co.in/books?id=5jdqDwAAQBAJ&dq=data+engineering&hl=&source=gbs_api')
[2024-12-11T21:24:11.295+0000] {sql.py:553} INFO - Rows affected: 1
[2024-12-11T21:24:11.299+0000] {sql.py:544} INFO - Running statement: 
    INSERT INTO google_books (title, authors, price, rating, link)
    VALUES (%s, %s, %s, %s, %s)
    , parameters: ('Feature Engineering and Selection', 'Max Kuhn, Kjell Johnson', 'Not Available', 'No Rating', 'https://play.google.com/store/books/details?id=q5alDwAAQBAJ&source=gbs_api')
[2024-12-11T21:24:11.300+0000] {sql.py:553} INFO - Rows affected: 1
[2024-12-11T21:24:11.304+0000] {sql.py:544} INFO - Running statement: 
    INSERT INTO google_books (title, authors, price, rating, link)
    VALUES (%s, %s, %s, %s, %s)
    , parameters: ('Deep Learning and Missing Data in Engineering Systems', 'Collins Achepsah Leke, Tshilidzi Marwala', 'Not Available', 'No Rating', 'http://books.google.co.in/books?id=8H3augEACAAJ&dq=data+engineering&hl=&source=gbs_api')
[2024-12-11T21:24:11.305+0000] {sql.py:553} INFO - Rows affected: 1
[2024-12-11T21:24:11.310+0000] {sql.py:544} INFO - Running statement: 
    INSERT INTO google_books (title, authors, price, rating, link)
    VALUES (%s, %s, %s, %s, %s)
    , parameters: ('Foundations of data engineering: concepts, principles and practices', 'Dr. RVS Praveen', 'Not Available', 'No Rating', 'https://play.google.com/store/books/details?id=rgwtEQAAQBAJ&source=gbs_api')
[2024-12-11T21:24:11.311+0000] {sql.py:553} INFO - Rows affected: 1
[2024-12-11T21:24:11.315+0000] {sql.py:544} INFO - Running statement: 
    INSERT INTO google_books (title, authors, price, rating, link)
    VALUES (%s, %s, %s, %s, %s)
    , parameters: ('Data Teams', 'Jesse Anderson', 'Not Available', 'No Rating', 'http://books.google.co.in/books?id=6cMhzgEACAAJ&dq=data+engineering&hl=&source=gbs_api')
[2024-12-11T21:24:11.316+0000] {sql.py:553} INFO - Rows affected: 1
[2024-12-11T21:24:11.320+0000] {sql.py:544} INFO - Running statement: 
    INSERT INTO google_books (title, authors, price, rating, link)
    VALUES (%s, %s, %s, %s, %s)
    , parameters: ('Big Data Application in Power Systems', 'Reza Arghandeh, Yuxun Zhou', 'Not Available', 'No Rating', 'https://play.google.com/store/books/details?id=tBHtEAAAQBAJ&source=gbs_api')
[2024-12-11T21:24:11.321+0000] {sql.py:553} INFO - Rows affected: 1
[2024-12-11T21:24:11.325+0000] {sql.py:544} INFO - Running statement: 
    INSERT INTO google_books (title, authors, price, rating, link)
    VALUES (%s, %s, %s, %s, %s)
    , parameters: ('Site Reliability Engineering', 'Niall Richard Murphy, Betsy Beyer, Chris Jones, Jennifer Petoff', 'Not Available', 5, 'https://play.google.com/store/books/details?id=tYrPCwAAQBAJ&source=gbs_api')
[2024-12-11T21:24:11.327+0000] {sql.py:553} INFO - Rows affected: 1
[2024-12-11T21:24:11.331+0000] {sql.py:544} INFO - Running statement: 
    INSERT INTO google_books (title, authors, price, rating, link)
    VALUES (%s, %s, %s, %s, %s)
    , parameters: ('Ultimate Data Engineering with Databricks', 'Mayank Malhotra', 'Not Available', 'No Rating', 'https://play.google.com/store/books/details?id=9hb1EAAAQBAJ&source=gbs_api')
[2024-12-11T21:24:11.332+0000] {sql.py:553} INFO - Rows affected: 1
[2024-12-11T21:24:11.337+0000] {sql.py:544} INFO - Running statement: 
    INSERT INTO google_books (title, authors, price, rating, link)
    VALUES (%s, %s, %s, %s, %s)
    , parameters: ('Data Engineering', 'Yupo Chan, John Talburt, Terry M. Talley', 'Not Available', 'No Rating', 'https://play.google.com/store/books/details?id=IpEfAjPItbwC&source=gbs_api')
[2024-12-11T21:24:11.338+0000] {sql.py:553} INFO - Rows affected: 1
[2024-12-11T21:24:11.343+0000] {sql.py:544} INFO - Running statement: 
    INSERT INTO google_books (title, authors, price, rating, link)
    VALUES (%s, %s, %s, %s, %s)
    , parameters: ("Mechanical Engineer's Data Handbook", 'J. Carvill', 'Not Available', 'No Rating', 'https://play.google.com/store/books/details?id=6-VdBgAAQBAJ&source=gbs_api')
[2024-12-11T21:24:11.344+0000] {sql.py:553} INFO - Rows affected: 1
[2024-12-11T21:24:11.348+0000] {sql.py:544} INFO - Running statement: 
    INSERT INTO google_books (title, authors, price, rating, link)
    VALUES (%s, %s, %s, %s, %s)
    , parameters: ('Intelligent Data Engineering and Automated Learning – IDEAL 2018', 'Hujun Yin, David Camacho, Paulo Novais, Antonio J. Tallón-Ballesteros', 'Not Available', 'No Rating', 'https://play.google.com/store/books/details?id=YuN3DwAAQBAJ&source=gbs_api')
[2024-12-11T21:24:11.350+0000] {sql.py:553} INFO - Rows affected: 1
[2024-12-11T21:24:11.354+0000] {sql.py:544} INFO - Running statement: 
    INSERT INTO google_books (title, authors, price, rating, link)
    VALUES (%s, %s, %s, %s, %s)
    , parameters: ('Modern Data Engineering with Apache Spark', 'Scott Haines', 'Not Available', 'No Rating', 'http://books.google.co.in/books?id=HmGbzgEACAAJ&dq=data+engineering&hl=&source=gbs_api')
[2024-12-11T21:24:11.356+0000] {sql.py:553} INFO - Rows affected: 1
[2024-12-11T21:24:11.357+0000] {python.py:240} INFO - Done. Returned value was: None
[2024-12-11T21:24:11.366+0000] {taskinstance.py:340} INFO - ::group::Post task execution logs
[2024-12-11T21:24:11.367+0000] {taskinstance.py:352} INFO - Marking task as SUCCESS. dag_id=fetch_and_store_google_books, task_id=insert_book_data, run_id=scheduled__2024-09-28T00:00:00+00:00, execution_date=20240928T000000, start_date=20241211T212410, end_date=20241211T212411
[2024-12-11T21:24:11.375+0000] {logging_mixin.py:190} INFO - Task instance in success state
[2024-12-11T21:24:11.376+0000] {logging_mixin.py:190} INFO -  Previous state of the Task instance: running
[2024-12-11T21:24:11.376+0000] {logging_mixin.py:190} INFO - Dag name:fetch_and_store_google_books queued_at:2024-12-11 21:23:56.698140+00:00
[2024-12-11T21:24:11.376+0000] {logging_mixin.py:190} INFO - Task hostname:bb74d1700244 operator:PythonOperator
[2024-12-11T21:24:11.418+0000] {local_task_job_runner.py:266} INFO - Task exited with return code 0
[2024-12-11T21:24:11.434+0000] {taskinstance.py:3895} INFO - 0 downstream tasks scheduled from follow-on schedule check
[2024-12-11T21:24:11.436+0000] {local_task_job_runner.py:245} INFO - ::endgroup::
