[2024-12-11T20:30:59.127+0000] {local_task_job_runner.py:123} INFO - ::group::Pre task execution logs
[2024-12-11T20:30:59.170+0000] {taskinstance.py:2613} INFO - Dependencies all met for dep_context=non-requeueable deps ti=<TaskInstance: fetch_and_store_amazon_books.fetch_book_data scheduled__2024-09-20T00:00:00+00:00 [queued]>
[2024-12-11T20:30:59.185+0000] {taskinstance.py:2613} INFO - Dependencies all met for dep_context=requeueable deps ti=<TaskInstance: fetch_and_store_amazon_books.fetch_book_data scheduled__2024-09-20T00:00:00+00:00 [queued]>
[2024-12-11T20:30:59.186+0000] {taskinstance.py:2866} INFO - Starting attempt 1 of 2
[2024-12-11T20:30:59.400+0000] {taskinstance.py:2889} INFO - Executing <Task(PythonOperator): fetch_book_data> on 2024-09-20 00:00:00+00:00
[2024-12-11T20:30:59.422+0000] {warnings.py:112} WARNING - /home/***/.local/lib/python3.12/site-packages/***/task/task_runner/standard_task_runner.py:70: DeprecationWarning: This process (pid=2046) is multi-threaded, use of fork() may lead to deadlocks in the child.
  pid = os.fork()

[2024-12-11T20:30:59.424+0000] {standard_task_runner.py:72} INFO - Started process 2075 to run task
[2024-12-11T20:30:59.433+0000] {standard_task_runner.py:104} INFO - Running: ['***', 'tasks', 'run', 'fetch_and_store_amazon_books', 'fetch_book_data', 'scheduled__2024-09-20T00:00:00+00:00', '--job-id', '327', '--raw', '--subdir', 'DAGS_FOLDER/app.py', '--cfg-path', '/tmp/tmpvo14lpni']
[2024-12-11T20:30:59.441+0000] {standard_task_runner.py:105} INFO - Job 327: Subtask fetch_book_data
[2024-12-11T20:30:59.616+0000] {task_command.py:467} INFO - Running <TaskInstance: fetch_and_store_amazon_books.fetch_book_data scheduled__2024-09-20T00:00:00+00:00 [running]> on host aaf3c4c4d810
[2024-12-11T20:30:59.816+0000] {taskinstance.py:3132} INFO - Exporting env vars: AIRFLOW_CTX_DAG_OWNER='***' AIRFLOW_CTX_DAG_ID='fetch_and_store_amazon_books' AIRFLOW_CTX_TASK_ID='fetch_book_data' AIRFLOW_CTX_EXECUTION_DATE='2024-09-20T00:00:00+00:00' AIRFLOW_CTX_TRY_NUMBER='1' AIRFLOW_CTX_DAG_RUN_ID='scheduled__2024-09-20T00:00:00+00:00'
[2024-12-11T20:30:59.849+0000] {logging_mixin.py:190} INFO - Task instance is in running state
[2024-12-11T20:30:59.858+0000] {logging_mixin.py:190} INFO -  Previous state of the Task instance: queued
[2024-12-11T20:30:59.859+0000] {logging_mixin.py:190} INFO - Current task name:fetch_book_data state:running start_date:2024-12-11 20:30:59.171168+00:00
[2024-12-11T20:30:59.877+0000] {logging_mixin.py:190} INFO - Dag name:fetch_and_store_amazon_books and current dag run status:running
[2024-12-11T20:30:59.879+0000] {taskinstance.py:731} INFO - ::endgroup::
[2024-12-11T20:31:00.252+0000] {logging_mixin.py:190} INFO - Failed to retrieve the page
[2024-12-11T20:31:00.297+0000] {python.py:240} INFO - Done. Returned value was: None
[2024-12-11T20:31:00.319+0000] {taskinstance.py:340} INFO - ::group::Post task execution logs
[2024-12-11T20:31:00.324+0000] {taskinstance.py:352} INFO - Marking task as SUCCESS. dag_id=fetch_and_store_amazon_books, task_id=fetch_book_data, run_id=scheduled__2024-09-20T00:00:00+00:00, execution_date=20240920T000000, start_date=20241211T203059, end_date=20241211T203100
[2024-12-11T20:31:00.345+0000] {logging_mixin.py:190} INFO - Task instance in success state
[2024-12-11T20:31:00.346+0000] {logging_mixin.py:190} INFO -  Previous state of the Task instance: running
[2024-12-11T20:31:00.347+0000] {logging_mixin.py:190} INFO - Dag name:fetch_and_store_amazon_books queued_at:2024-12-11 20:30:55.333669+00:00
[2024-12-11T20:31:00.348+0000] {logging_mixin.py:190} INFO - Task hostname:aaf3c4c4d810 operator:PythonOperator
[2024-12-11T20:31:00.394+0000] {local_task_job_runner.py:266} INFO - Task exited with return code 0
[2024-12-11T20:31:00.444+0000] {taskinstance.py:3895} INFO - 1 downstream tasks scheduled from follow-on schedule check
[2024-12-11T20:31:00.447+0000] {local_task_job_runner.py:245} INFO - ::endgroup::
