[2024-12-11T20:28:44.198+0000] {local_task_job_runner.py:123} INFO - ::group::Pre task execution logs
[2024-12-11T20:28:44.213+0000] {taskinstance.py:2613} INFO - Dependencies all met for dep_context=non-requeueable deps ti=<TaskInstance: fetch_and_store_amazon_books.create_table manual__2024-12-11T20:22:04.287859+00:00 [queued]>
[2024-12-11T20:28:44.220+0000] {taskinstance.py:2613} INFO - Dependencies all met for dep_context=requeueable deps ti=<TaskInstance: fetch_and_store_amazon_books.create_table manual__2024-12-11T20:22:04.287859+00:00 [queued]>
[2024-12-11T20:28:44.221+0000] {taskinstance.py:2866} INFO - Starting attempt 2 of 2
[2024-12-11T20:28:44.232+0000] {taskinstance.py:2889} INFO - Executing <Task(PostgresOperator): create_table> on 2024-12-11 20:22:04.287859+00:00
[2024-12-11T20:28:44.241+0000] {warnings.py:112} WARNING - /home/***/.local/lib/python3.12/site-packages/***/task/task_runner/standard_task_runner.py:70: DeprecationWarning: This process (pid=1894) is multi-threaded, use of fork() may lead to deadlocks in the child.
  pid = os.fork()

[2024-12-11T20:28:44.243+0000] {standard_task_runner.py:72} INFO - Started process 1898 to run task
[2024-12-11T20:28:44.242+0000] {standard_task_runner.py:104} INFO - Running: ['***', 'tasks', 'run', 'fetch_and_store_amazon_books', 'create_table', 'manual__2024-12-11T20:22:04.287859+00:00', '--job-id', '296', '--raw', '--subdir', 'DAGS_FOLDER/app.py', '--cfg-path', '/tmp/tmpdrzyidwn']
[2024-12-11T20:28:44.243+0000] {standard_task_runner.py:105} INFO - Job 296: Subtask create_table
[2024-12-11T20:28:44.283+0000] {task_command.py:467} INFO - Running <TaskInstance: fetch_and_store_amazon_books.create_table manual__2024-12-11T20:22:04.287859+00:00 [running]> on host aaf3c4c4d810
[2024-12-11T20:28:44.356+0000] {taskinstance.py:3132} INFO - Exporting env vars: AIRFLOW_CTX_DAG_OWNER='***' AIRFLOW_CTX_DAG_ID='fetch_and_store_amazon_books' AIRFLOW_CTX_TASK_ID='create_table' AIRFLOW_CTX_EXECUTION_DATE='2024-12-11T20:22:04.287859+00:00' AIRFLOW_CTX_TRY_NUMBER='2' AIRFLOW_CTX_DAG_RUN_ID='manual__2024-12-11T20:22:04.287859+00:00'
[2024-12-11T20:28:44.357+0000] {logging_mixin.py:190} INFO - Task instance is in running state
[2024-12-11T20:28:44.358+0000] {logging_mixin.py:190} INFO -  Previous state of the Task instance: queued
[2024-12-11T20:28:44.358+0000] {logging_mixin.py:190} INFO - Current task name:create_table state:running start_date:2024-12-11 20:28:44.214504+00:00
[2024-12-11T20:28:44.359+0000] {logging_mixin.py:190} INFO - Dag name:fetch_and_store_amazon_books and current dag run status:running
[2024-12-11T20:28:44.359+0000] {taskinstance.py:731} INFO - ::endgroup::
[2024-12-11T20:28:44.360+0000] {sql.py:278} INFO - Executing: 
    CREATE TABLE IF NOT EXISTS books (
        id SERIAL PRIMARY KEY,
        title TEXT NOT NULL,
        authors TEXT,
        price TEXT,
        rating TEXT
    );
    
[2024-12-11T20:28:44.368+0000] {base.py:84} INFO - Retrieving connection 'books_connection'
[2024-12-11T20:28:44.375+0000] {base.py:84} INFO - Retrieving connection 'books_connection'
[2024-12-11T20:28:44.379+0000] {sql.py:544} INFO - Running statement: 
    CREATE TABLE IF NOT EXISTS books (
        id SERIAL PRIMARY KEY,
        title TEXT NOT NULL,
        authors TEXT,
        price TEXT,
        rating TEXT
    );
    , parameters: None
[2024-12-11T20:28:44.388+0000] {taskinstance.py:340} INFO - ::group::Post task execution logs
[2024-12-11T20:28:44.389+0000] {taskinstance.py:352} INFO - Marking task as SUCCESS. dag_id=fetch_and_store_amazon_books, task_id=create_table, run_id=manual__2024-12-11T20:22:04.287859+00:00, execution_date=20241211T202204, start_date=20241211T202844, end_date=20241211T202844
[2024-12-11T20:28:44.398+0000] {logging_mixin.py:190} INFO - Task instance in success state
[2024-12-11T20:28:44.399+0000] {logging_mixin.py:190} INFO -  Previous state of the Task instance: running
[2024-12-11T20:28:44.399+0000] {logging_mixin.py:190} INFO - Dag name:fetch_and_store_amazon_books queued_at:2024-12-11 20:22:04.295825+00:00
[2024-12-11T20:28:44.399+0000] {logging_mixin.py:190} INFO - Task hostname:aaf3c4c4d810 operator:PostgresOperator
[2024-12-11T20:28:44.417+0000] {local_task_job_runner.py:266} INFO - Task exited with return code 0
[2024-12-11T20:28:44.428+0000] {local_task_job_runner.py:245} INFO - ::endgroup::
