[2024-12-11T21:18:52.818+0000] {local_task_job_runner.py:123} INFO - ::group::Pre task execution logs
[2024-12-11T21:18:52.841+0000] {taskinstance.py:2613} INFO - Dependencies all met for dep_context=non-requeueable deps ti=<TaskInstance: fetch_and_store_google_books.insert_book_data scheduled__2024-07-13T00:00:00+00:00 [queued]>
[2024-12-11T21:18:52.852+0000] {taskinstance.py:2613} INFO - Dependencies all met for dep_context=requeueable deps ti=<TaskInstance: fetch_and_store_google_books.insert_book_data scheduled__2024-07-13T00:00:00+00:00 [queued]>
[2024-12-11T21:18:52.853+0000] {taskinstance.py:2866} INFO - Starting attempt 1 of 2
[2024-12-11T21:18:52.867+0000] {taskinstance.py:2889} INFO - Executing <Task(PythonOperator): insert_book_data> on 2024-07-13 00:00:00+00:00
[2024-12-11T21:18:52.878+0000] {warnings.py:112} WARNING - /home/***/.local/lib/python3.12/site-packages/***/task/task_runner/standard_task_runner.py:70: DeprecationWarning: This process (pid=541) is multi-threaded, use of fork() may lead to deadlocks in the child.
  pid = os.fork()

[2024-12-11T21:18:52.881+0000] {standard_task_runner.py:72} INFO - Started process 568 to run task
[2024-12-11T21:18:52.881+0000] {standard_task_runner.py:104} INFO - Running: ['***', 'tasks', 'run', 'fetch_and_store_google_books', 'insert_book_data', 'scheduled__2024-07-13T00:00:00+00:00', '--job-id', '756', '--raw', '--subdir', 'DAGS_FOLDER/dag2.py', '--cfg-path', '/tmp/tmp24hfauod']
[2024-12-11T21:18:52.883+0000] {standard_task_runner.py:105} INFO - Job 756: Subtask insert_book_data
[2024-12-11T21:18:52.944+0000] {task_command.py:467} INFO - Running <TaskInstance: fetch_and_store_google_books.insert_book_data scheduled__2024-07-13T00:00:00+00:00 [running]> on host bb74d1700244
[2024-12-11T21:18:53.078+0000] {taskinstance.py:3132} INFO - Exporting env vars: AIRFLOW_CTX_DAG_OWNER='***' AIRFLOW_CTX_DAG_ID='fetch_and_store_google_books' AIRFLOW_CTX_TASK_ID='insert_book_data' AIRFLOW_CTX_EXECUTION_DATE='2024-07-13T00:00:00+00:00' AIRFLOW_CTX_TRY_NUMBER='1' AIRFLOW_CTX_DAG_RUN_ID='scheduled__2024-07-13T00:00:00+00:00'
[2024-12-11T21:18:53.081+0000] {logging_mixin.py:190} INFO - Task instance is in running state
[2024-12-11T21:18:53.081+0000] {logging_mixin.py:190} INFO -  Previous state of the Task instance: queued
[2024-12-11T21:18:53.082+0000] {logging_mixin.py:190} INFO - Current task name:insert_book_data state:running start_date:2024-12-11 21:18:52.841749+00:00
[2024-12-11T21:18:53.082+0000] {logging_mixin.py:190} INFO - Dag name:fetch_and_store_google_books and current dag run status:running
[2024-12-11T21:18:53.083+0000] {taskinstance.py:731} INFO - ::endgroup::
[2024-12-11T21:18:53.111+0000] {base.py:84} INFO - Retrieving connection 'books_connection2'
[2024-12-11T21:18:53.116+0000] {sql.py:544} INFO - Running statement: 
    INSERT INTO google_books (title, authors, price, rating, link)
    VALUES (%s, %s, %s, %s, %s)
    , parameters: ('Data Engineering on Azure', 'Vlad Riscutia', 'Not Available', 'No Rating', 'http://books.google.co.in/books?id=q1Q5EAAAQBAJ&dq=data+engineering&hl=&source=gbs_api')
[2024-12-11T21:18:53.118+0000] {sql.py:553} INFO - Rows affected: 1
[2024-12-11T21:18:53.123+0000] {sql.py:544} INFO - Running statement: 
    INSERT INTO google_books (title, authors, price, rating, link)
    VALUES (%s, %s, %s, %s, %s)
    , parameters: ('Data Engineering with Python', 'Paul Crickard', 'Not Available', 'No Rating', 'https://play.google.com/store/books/details?id=9RYFEAAAQBAJ&source=gbs_api')
[2024-12-11T21:18:53.125+0000] {sql.py:553} INFO - Rows affected: 1
[2024-12-11T21:18:53.131+0000] {sql.py:544} INFO - Running statement: 
    INSERT INTO google_books (title, authors, price, rating, link)
    VALUES (%s, %s, %s, %s, %s)
    , parameters: ('Data Engineering with Google Cloud Platform', 'Adi Wijaya', 'Not Available', 'No Rating', 'https://play.google.com/store/books/details?id=AH9gEAAAQBAJ&source=gbs_api')
[2024-12-11T21:18:53.133+0000] {sql.py:553} INFO - Rows affected: 1
[2024-12-11T21:18:53.139+0000] {sql.py:544} INFO - Running statement: 
    INSERT INTO google_books (title, authors, price, rating, link)
    VALUES (%s, %s, %s, %s, %s)
    , parameters: ('Fundamentals of Data Engineering', 'Joe Reis, Matt Housley', 'Not Available', 'No Rating', 'http://books.google.co.in/books?id=3qd2EAAAQBAJ&dq=data+engineering&hl=&source=gbs_api')
[2024-12-11T21:18:53.141+0000] {sql.py:553} INFO - Rows affected: 1
[2024-12-11T21:18:53.148+0000] {sql.py:544} INFO - Running statement: 
    INSERT INTO google_books (title, authors, price, rating, link)
    VALUES (%s, %s, %s, %s, %s)
    , parameters: ('Data Engineering with Apache Spark, Delta Lake, and Lakehouse', 'Manoj Kukreja, Danil Zburivsky', 'Not Available', 'No Rating', 'https://play.google.com/store/books/details?id=XiJEEAAAQBAJ&source=gbs_api')
[2024-12-11T21:18:53.150+0000] {sql.py:553} INFO - Rows affected: 1
[2024-12-11T21:18:53.156+0000] {sql.py:544} INFO - Running statement: 
    INSERT INTO google_books (title, authors, price, rating, link)
    VALUES (%s, %s, %s, %s, %s)
    , parameters: ('97 Things Every Data Engineer Should Know', 'Tobias Macey', 'Not Available', 'No Rating', 'https://play.google.com/store/books/details?id=ZTQzEAAAQBAJ&source=gbs_api')
[2024-12-11T21:18:53.166+0000] {sql.py:553} INFO - Rows affected: 1
[2024-12-11T21:18:53.171+0000] {sql.py:544} INFO - Running statement: 
    INSERT INTO google_books (title, authors, price, rating, link)
    VALUES (%s, %s, %s, %s, %s)
    , parameters: ('The Rails Way', 'Obie Fernandez', 'Not Available', 'No Rating', 'http://books.google.co.in/books?id=bSfoGQkZYcQC&dq=data+engineering&hl=&source=gbs_api')
[2024-12-11T21:18:53.173+0000] {sql.py:553} INFO - Rows affected: 1
[2024-12-11T21:18:53.180+0000] {sql.py:544} INFO - Running statement: 
    INSERT INTO google_books (title, authors, price, rating, link)
    VALUES (%s, %s, %s, %s, %s)
    , parameters: ('The Pragmatic Programmer', 'David Thomas, Andrew Hunt', 'Not Available', 'No Rating', 'https://play.google.com/store/books/details?id=LhOlDwAAQBAJ&source=gbs_api')
[2024-12-11T21:18:53.181+0000] {sql.py:553} INFO - Rows affected: 1
[2024-12-11T21:18:53.187+0000] {sql.py:544} INFO - Running statement: 
    INSERT INTO google_books (title, authors, price, rating, link)
    VALUES (%s, %s, %s, %s, %s)
    , parameters: ('Data Teams', 'Jesse Anderson', 'Not Available', 'No Rating', 'http://books.google.co.in/books?id=6cMhzgEACAAJ&dq=data+engineering&hl=&source=gbs_api')
[2024-12-11T21:18:53.188+0000] {sql.py:553} INFO - Rows affected: 1
[2024-12-11T21:18:53.193+0000] {sql.py:544} INFO - Running statement: 
    INSERT INTO google_books (title, authors, price, rating, link)
    VALUES (%s, %s, %s, %s, %s)
    , parameters: ('Data Pipelines Pocket Reference', 'James Densmore', 'Not Available', 'No Rating', 'http://books.google.co.in/books?id=SxgcEAAAQBAJ&dq=data+engineering&hl=&source=gbs_api')
[2024-12-11T21:18:53.195+0000] {sql.py:553} INFO - Rows affected: 1
[2024-12-11T21:18:53.201+0000] {sql.py:544} INFO - Running statement: 
    INSERT INTO google_books (title, authors, price, rating, link)
    VALUES (%s, %s, %s, %s, %s)
    , parameters: ('Azure Data Engineering Cookbook', 'Ahmad Osama', 'Not Available', 'No Rating', 'https://play.google.com/store/books/details?id=G3UjEAAAQBAJ&source=gbs_api')
[2024-12-11T21:18:53.203+0000] {sql.py:553} INFO - Rows affected: 1
[2024-12-11T21:18:53.210+0000] {sql.py:544} INFO - Running statement: 
    INSERT INTO google_books (title, authors, price, rating, link)
    VALUES (%s, %s, %s, %s, %s)
    , parameters: ('Data Engineering and Communication Technology', 'K. Ashoka Reddy, B. Rama Devi, Boby George, K. Srujan Raju', 'Not Available', 'No Rating', 'https://play.google.com/store/books/details?id=48wvEAAAQBAJ&source=gbs_api')
[2024-12-11T21:18:53.211+0000] {sql.py:553} INFO - Rows affected: 1
[2024-12-11T21:18:53.217+0000] {sql.py:544} INFO - Running statement: 
    INSERT INTO google_books (title, authors, price, rating, link)
    VALUES (%s, %s, %s, %s, %s)
    , parameters: ('Emerging Research in Data Engineering Systems and Computer Communications', 'P. Venkata Krishna, Mohammad S. Obaidat', 'Not Available', 'No Rating', 'https://play.google.com/store/books/details?id=KIvPDwAAQBAJ&source=gbs_api')
[2024-12-11T21:18:53.218+0000] {sql.py:553} INFO - Rows affected: 1
[2024-12-11T21:18:53.224+0000] {sql.py:544} INFO - Running statement: 
    INSERT INTO google_books (title, authors, price, rating, link)
    VALUES (%s, %s, %s, %s, %s)
    , parameters: ('Advances in Artificial Intelligence and Data Engineering', 'Niranjan N. Chiplunkar, Takanori Fukao', 'Not Available', 'No Rating', 'http://books.google.co.in/books?id=iIhezgEACAAJ&dq=data+engineering&hl=&source=gbs_api')
[2024-12-11T21:18:53.226+0000] {sql.py:553} INFO - Rows affected: 1
[2024-12-11T21:18:53.231+0000] {sql.py:544} INFO - Running statement: 
    INSERT INTO google_books (title, authors, price, rating, link)
    VALUES (%s, %s, %s, %s, %s)
    , parameters: ('Perspectives on Data Science for Software Engineering', 'Tim Menzies, Laurie Williams, Thomas Zimmermann', 'Not Available', 5, 'https://play.google.com/store/books/details?id=Kc7nCQAAQBAJ&source=gbs_api')
[2024-12-11T21:18:53.233+0000] {sql.py:553} INFO - Rows affected: 1
[2024-12-11T21:18:53.240+0000] {sql.py:544} INFO - Running statement: 
    INSERT INTO google_books (title, authors, price, rating, link)
    VALUES (%s, %s, %s, %s, %s)
    , parameters: ('Data-Driven Engineering Design', 'Ang Liu, Yuchen Wang, Xingzhi Wang', 'Not Available', 'No Rating', 'https://play.google.com/store/books/details?id=glJHEAAAQBAJ&source=gbs_api')
[2024-12-11T21:18:53.242+0000] {sql.py:553} INFO - Rows affected: 1
[2024-12-11T21:18:53.247+0000] {sql.py:544} INFO - Running statement: 
    INSERT INTO google_books (title, authors, price, rating, link)
    VALUES (%s, %s, %s, %s, %s)
    , parameters: ('Data Engineering and Intelligent Computing', 'Suresh Chandra Satapathy, Vikrant Bhateja, K. Srujan Raju, B. Janakiramaiah', 'Not Available', 'No Rating', 'https://play.google.com/store/books/details?id=niYmDwAAQBAJ&source=gbs_api')
[2024-12-11T21:18:53.248+0000] {sql.py:553} INFO - Rows affected: 1
[2024-12-11T21:18:53.254+0000] {sql.py:544} INFO - Running statement: 
    INSERT INTO google_books (title, authors, price, rating, link)
    VALUES (%s, %s, %s, %s, %s)
    , parameters: ('Data Science from Scratch', 'Joel Grus', 'Not Available', 5, 'http://books.google.co.in/books?id=24kdCAAAQBAJ&dq=data+engineering&hl=&source=gbs_api')
[2024-12-11T21:18:53.256+0000] {sql.py:553} INFO - Rows affected: 1
[2024-12-11T21:18:53.261+0000] {sql.py:544} INFO - Running statement: 
    INSERT INTO google_books (title, authors, price, rating, link)
    VALUES (%s, %s, %s, %s, %s)
    , parameters: ('Systems, Patterns and Data Engineering with Geometric Calculi', 'Sebastià Xambó-Descamps', 'Not Available', 'No Rating', 'https://play.google.com/store/books/details?id=RvI4EAAAQBAJ&source=gbs_api')
[2024-12-11T21:18:53.263+0000] {sql.py:553} INFO - Rows affected: 1
[2024-12-11T21:18:53.270+0000] {sql.py:544} INFO - Running statement: 
    INSERT INTO google_books (title, authors, price, rating, link)
    VALUES (%s, %s, %s, %s, %s)
    , parameters: ('Intelligent Data Engineering and Analytics', 'Suresh Chandra Satapathy, Yu-Dong Zhang, Vikrant Bhateja, Ritanjali Majhi', 'Not Available', 'No Rating', 'https://play.google.com/store/books/details?id=lQ36DwAAQBAJ&source=gbs_api')
[2024-12-11T21:18:53.272+0000] {sql.py:553} INFO - Rows affected: 1
[2024-12-11T21:18:53.278+0000] {sql.py:544} INFO - Running statement: 
    INSERT INTO google_books (title, authors, price, rating, link)
    VALUES (%s, %s, %s, %s, %s)
    , parameters: ('Enterprise Big Data Engineering, Analytics, and Management', 'Atzmueller, Martin', 'Not Available', 'No Rating', 'https://play.google.com/store/books/details?id=P5BJDAAAQBAJ&source=gbs_api')
[2024-12-11T21:18:53.280+0000] {sql.py:553} INFO - Rows affected: 1
[2024-12-11T21:18:53.285+0000] {sql.py:544} INFO - Running statement: 
    INSERT INTO google_books (title, authors, price, rating, link)
    VALUES (%s, %s, %s, %s, %s)
    , parameters: ('Big Data in Engineering Applications', 'Sanjiban Sekhar Roy, Pijush Samui, Ravinesh Deo, Stavros Ntalampiras', 'Not Available', 5, 'https://play.google.com/store/books/details?id=3XZZDwAAQBAJ&source=gbs_api')
[2024-12-11T21:18:53.287+0000] {sql.py:553} INFO - Rows affected: 1
[2024-12-11T21:18:53.292+0000] {sql.py:544} INFO - Running statement: 
    INSERT INTO google_books (title, authors, price, rating, link)
    VALUES (%s, %s, %s, %s, %s)
    , parameters: ('Intelligent Data Engineering and Automated Learning – IDEAL 2020', 'Cesar Analide, Paulo Novais, David Camacho, Hujun Yin', 'Not Available', 'No Rating', 'https://play.google.com/store/books/details?id=NScGEAAAQBAJ&source=gbs_api')
[2024-12-11T21:18:53.294+0000] {sql.py:553} INFO - Rows affected: 1
[2024-12-11T21:18:53.300+0000] {sql.py:544} INFO - Running statement: 
    INSERT INTO google_books (title, authors, price, rating, link)
    VALUES (%s, %s, %s, %s, %s)
    , parameters: ('Advanced Data Analysis and Modelling in Chemical Engineering', "Denis Constales, Gregory S. Yablonsky, Dagmar R. D'hooge, Joris W. Thybaut, Guy B. Marin", 'Not Available', 'No Rating', 'https://play.google.com/store/books/details?id=IQ6dBAAAQBAJ&source=gbs_api')
[2024-12-11T21:18:53.301+0000] {sql.py:553} INFO - Rows affected: 1
[2024-12-11T21:18:53.308+0000] {sql.py:544} INFO - Running statement: 
    INSERT INTO google_books (title, authors, price, rating, link)
    VALUES (%s, %s, %s, %s, %s)
    , parameters: ('Data Analytics for Engineering and Construction Project Risk Management', 'Ivan Damnjanovic, Kenneth Reinschmidt', 'Not Available', 'No Rating', 'https://play.google.com/store/books/details?id=uv-ZDwAAQBAJ&source=gbs_api')
[2024-12-11T21:18:53.310+0000] {sql.py:553} INFO - Rows affected: 1
[2024-12-11T21:18:53.317+0000] {sql.py:544} INFO - Running statement: 
    INSERT INTO google_books (title, authors, price, rating, link)
    VALUES (%s, %s, %s, %s, %s)
    , parameters: ('Computational Methods and Data Engineering', 'Vijendra Singh, Vijayan K. Asari, Sanjay Kumar, R. B. Patel', 'Not Available', 'No Rating', 'https://play.google.com/store/books/details?id=a374DwAAQBAJ&source=gbs_api')
[2024-12-11T21:18:53.318+0000] {sql.py:553} INFO - Rows affected: 1
[2024-12-11T21:18:53.323+0000] {sql.py:544} INFO - Running statement: 
    INSERT INTO google_books (title, authors, price, rating, link)
    VALUES (%s, %s, %s, %s, %s)
    , parameters: ('Big Data Analytics in Traffic and Transportation Engineering: Emerging Research and Opportunities', 'Moridpour, Sara, Toran Pour, Alireza, Saghapour, Tayebeh', 'Not Available', 'No Rating', 'https://play.google.com/store/books/details?id=MvGCDwAAQBAJ&source=gbs_api')
[2024-12-11T21:18:53.324+0000] {sql.py:553} INFO - Rows affected: 1
[2024-12-11T21:18:53.330+0000] {sql.py:544} INFO - Running statement: 
    INSERT INTO google_books (title, authors, price, rating, link)
    VALUES (%s, %s, %s, %s, %s)
    , parameters: ('Proceedings of the International Conference on Data Engineering and Communication Technology', 'Suresh Chandra Satapathy, Vikrant Bhateja, Amit Joshi', 'Not Available', 5, 'https://play.google.com/store/books/details?id=e7_mDAAAQBAJ&source=gbs_api')
[2024-12-11T21:18:53.332+0000] {sql.py:553} INFO - Rows affected: 1
[2024-12-11T21:18:53.339+0000] {sql.py:544} INFO - Running statement: 
    INSERT INTO google_books (title, authors, price, rating, link)
    VALUES (%s, %s, %s, %s, %s)
    , parameters: ('Architecting Modern Data Platforms', 'Jan Kunigk, Ian Buss, Paul Wilkinson, Lars George', 'Not Available', 'No Rating', 'https://play.google.com/store/books/details?id=1qd9DwAAQBAJ&source=gbs_api')
[2024-12-11T21:18:53.341+0000] {sql.py:553} INFO - Rows affected: 1
[2024-12-11T21:18:53.348+0000] {sql.py:544} INFO - Running statement: 
    INSERT INTO google_books (title, authors, price, rating, link)
    VALUES (%s, %s, %s, %s, %s)
    , parameters: ('Sharing Data and Models in Software Engineering', 'Tim Menzies, Ekrem Kocaguneli, Burak Turhan, Leandro Minku, Fayola Peters', 'Not Available', 'No Rating', 'https://play.google.com/store/books/details?id=Qj3LAwAAQBAJ&source=gbs_api')
[2024-12-11T21:18:53.350+0000] {sql.py:553} INFO - Rows affected: 1
[2024-12-11T21:18:53.356+0000] {sql.py:544} INFO - Running statement: 
    INSERT INTO google_books (title, authors, price, rating, link)
    VALUES (%s, %s, %s, %s, %s)
    , parameters: ('Reference Data for Engineers', 'Mac E. Van Valkenburg, Wendy M. Middleton', 'Not Available', 5, 'http://books.google.co.in/books?id=R67HARlhisYC&dq=data+engineering&hl=&source=gbs_api')
[2024-12-11T21:18:53.359+0000] {sql.py:553} INFO - Rows affected: 1
[2024-12-11T21:18:53.365+0000] {sql.py:544} INFO - Running statement: 
    INSERT INTO google_books (title, authors, price, rating, link)
    VALUES (%s, %s, %s, %s, %s)
    , parameters: ('Engineering Data on Mixing', 'Reiji Reiji Mezaki, Masafumi Masafumi Mochizuki, Kohei Ogawa', 'Not Available', 'No Rating', 'https://play.google.com/store/books/details?id=6PDnxdmwlKUC&source=gbs_api')
[2024-12-11T21:18:53.366+0000] {sql.py:553} INFO - Rows affected: 1
[2024-12-11T21:18:53.376+0000] {sql.py:544} INFO - Running statement: 
    INSERT INTO google_books (title, authors, price, rating, link)
    VALUES (%s, %s, %s, %s, %s)
    , parameters: ('Data Engineering and Data Science', 'Kukatlapalli Pradeep Kumar, Aynur Unal, Vinay Jha Pillai, Hari Murthy, M. Niranjanamurthy', 'Not Available', 'No Rating', 'https://play.google.com/store/books/details?id=5wfUEAAAQBAJ&source=gbs_api')
[2024-12-11T21:18:53.378+0000] {sql.py:553} INFO - Rows affected: 1
[2024-12-11T21:18:53.383+0000] {sql.py:544} INFO - Running statement: 
    INSERT INTO google_books (title, authors, price, rating, link)
    VALUES (%s, %s, %s, %s, %s)
    , parameters: ('Recent Advances in Artificial Intelligence and Data Engineering', 'Pushparaj Shetty D., Surendra Shetty', 'Not Available', 'No Rating', 'https://play.google.com/store/books/details?id=6bJLEAAAQBAJ&source=gbs_api')
[2024-12-11T21:18:53.385+0000] {sql.py:553} INFO - Rows affected: 1
[2024-12-11T21:18:53.392+0000] {sql.py:544} INFO - Running statement: 
    INSERT INTO google_books (title, authors, price, rating, link)
    VALUES (%s, %s, %s, %s, %s)
    , parameters: ('Data Science in Engineering and Management', 'Zdzislaw Polkowski, Sambit Kumar Mishra, Julian Vasilev', 'Not Available', 'No Rating', 'http://books.google.co.in/books?id=_vNUEAAAQBAJ&dq=data+engineering&hl=&source=gbs_api')
[2024-12-11T21:18:53.394+0000] {sql.py:553} INFO - Rows affected: 1
[2024-12-11T21:18:53.400+0000] {sql.py:544} INFO - Running statement: 
    INSERT INTO google_books (title, authors, price, rating, link)
    VALUES (%s, %s, %s, %s, %s)
    , parameters: ('The Definitive Guide to Azure Data Engineering', "Ron C. L'Esteve", 'Not Available', 'No Rating', 'http://books.google.co.in/books?id=vWx1zgEACAAJ&dq=data+engineering&hl=&source=gbs_api')
[2024-12-11T21:18:53.402+0000] {sql.py:553} INFO - Rows affected: 1
[2024-12-11T21:18:53.408+0000] {sql.py:544} INFO - Running statement: 
    INSERT INTO google_books (title, authors, price, rating, link)
    VALUES (%s, %s, %s, %s, %s)
    , parameters: ('The Self-Service Data Roadmap', 'Sandeep Uttamchandani', 'Not Available', 'No Rating', 'https://play.google.com/store/books/details?id=pEn8DwAAQBAJ&source=gbs_api')
[2024-12-11T21:18:53.410+0000] {sql.py:553} INFO - Rows affected: 1
[2024-12-11T21:18:53.415+0000] {sql.py:544} INFO - Running statement: 
    INSERT INTO google_books (title, authors, price, rating, link)
    VALUES (%s, %s, %s, %s, %s)
    , parameters: ('Engineering Agile Big-Data Systems', 'Feeney, Kevin, Davies, Jim, Hellmann, Sebastian', 'Not Available', 'No Rating', 'http://books.google.co.in/books?id=btd8DwAAQBAJ&dq=data+engineering&hl=&source=gbs_api')
[2024-12-11T21:18:53.417+0000] {sql.py:553} INFO - Rows affected: 1
[2024-12-11T21:18:53.422+0000] {sql.py:544} INFO - Running statement: 
    INSERT INTO google_books (title, authors, price, rating, link)
    VALUES (%s, %s, %s, %s, %s)
    , parameters: ('Azure Storage, Streaming, and Batch Analytics', 'Richard L. Nuckolls', 'Not Available', 'No Rating', 'http://books.google.co.in/books?id=BF4BEAAAQBAJ&dq=data+engineering&hl=&source=gbs_api')
[2024-12-11T21:18:53.424+0000] {sql.py:553} INFO - Rows affected: 1
[2024-12-11T21:18:53.429+0000] {sql.py:544} INFO - Running statement: 
    INSERT INTO google_books (title, authors, price, rating, link)
    VALUES (%s, %s, %s, %s, %s)
    , parameters: ('Quantitative Methods of Data Analysis for the Physical Sciences and Engineering', 'Douglas G. Martinson', 'Not Available', 'No Rating', 'http://books.google.co.in/books?id=5jdqDwAAQBAJ&dq=data+engineering&hl=&source=gbs_api')
[2024-12-11T21:18:53.430+0000] {sql.py:553} INFO - Rows affected: 1
[2024-12-11T21:18:53.439+0000] {sql.py:544} INFO - Running statement: 
    INSERT INTO google_books (title, authors, price, rating, link)
    VALUES (%s, %s, %s, %s, %s)
    , parameters: ('Feature Engineering and Selection', 'Max Kuhn, Kjell Johnson', 'Not Available', 'No Rating', 'https://play.google.com/store/books/details?id=q5alDwAAQBAJ&source=gbs_api')
[2024-12-11T21:18:53.441+0000] {sql.py:553} INFO - Rows affected: 1
[2024-12-11T21:18:53.446+0000] {sql.py:544} INFO - Running statement: 
    INSERT INTO google_books (title, authors, price, rating, link)
    VALUES (%s, %s, %s, %s, %s)
    , parameters: ('Deep Learning and Missing Data in Engineering Systems', 'Collins Achepsah Leke, Tshilidzi Marwala', 'Not Available', 'No Rating', 'http://books.google.co.in/books?id=8H3augEACAAJ&dq=data+engineering&hl=&source=gbs_api')
[2024-12-11T21:18:53.448+0000] {sql.py:553} INFO - Rows affected: 1
[2024-12-11T21:18:53.454+0000] {sql.py:544} INFO - Running statement: 
    INSERT INTO google_books (title, authors, price, rating, link)
    VALUES (%s, %s, %s, %s, %s)
    , parameters: ('Foundations of data engineering: concepts, principles and practices', 'Dr. RVS Praveen', 'Not Available', 'No Rating', 'https://play.google.com/store/books/details?id=rgwtEQAAQBAJ&source=gbs_api')
[2024-12-11T21:18:53.455+0000] {sql.py:553} INFO - Rows affected: 1
[2024-12-11T21:18:53.461+0000] {sql.py:544} INFO - Running statement: 
    INSERT INTO google_books (title, authors, price, rating, link)
    VALUES (%s, %s, %s, %s, %s)
    , parameters: ('Big Data Application in Power Systems', 'Reza Arghandeh, Yuxun Zhou', 'Not Available', 'No Rating', 'https://play.google.com/store/books/details?id=tBHtEAAAQBAJ&source=gbs_api')
[2024-12-11T21:18:53.464+0000] {sql.py:553} INFO - Rows affected: 1
[2024-12-11T21:18:53.469+0000] {sql.py:544} INFO - Running statement: 
    INSERT INTO google_books (title, authors, price, rating, link)
    VALUES (%s, %s, %s, %s, %s)
    , parameters: ('Site Reliability Engineering', 'Niall Richard Murphy, Betsy Beyer, Chris Jones, Jennifer Petoff', 'Not Available', 5, 'https://play.google.com/store/books/details?id=tYrPCwAAQBAJ&source=gbs_api')
[2024-12-11T21:18:53.471+0000] {sql.py:553} INFO - Rows affected: 1
[2024-12-11T21:18:53.477+0000] {sql.py:544} INFO - Running statement: 
    INSERT INTO google_books (title, authors, price, rating, link)
    VALUES (%s, %s, %s, %s, %s)
    , parameters: ('Ultimate Data Engineering with Databricks', 'Mayank Malhotra', 'Not Available', 'No Rating', 'https://play.google.com/store/books/details?id=9hb1EAAAQBAJ&source=gbs_api')
[2024-12-11T21:18:53.479+0000] {sql.py:553} INFO - Rows affected: 1
[2024-12-11T21:18:53.486+0000] {sql.py:544} INFO - Running statement: 
    INSERT INTO google_books (title, authors, price, rating, link)
    VALUES (%s, %s, %s, %s, %s)
    , parameters: ('Data Engineering', 'Yupo Chan, John Talburt, Terry M. Talley', 'Not Available', 'No Rating', 'https://play.google.com/store/books/details?id=IpEfAjPItbwC&source=gbs_api')
[2024-12-11T21:18:53.488+0000] {sql.py:553} INFO - Rows affected: 1
[2024-12-11T21:18:53.494+0000] {sql.py:544} INFO - Running statement: 
    INSERT INTO google_books (title, authors, price, rating, link)
    VALUES (%s, %s, %s, %s, %s)
    , parameters: ("Mechanical Engineer's Data Handbook", 'J. Carvill', 'Not Available', 'No Rating', 'https://play.google.com/store/books/details?id=6-VdBgAAQBAJ&source=gbs_api')
[2024-12-11T21:18:53.496+0000] {sql.py:553} INFO - Rows affected: 1
[2024-12-11T21:18:53.501+0000] {sql.py:544} INFO - Running statement: 
    INSERT INTO google_books (title, authors, price, rating, link)
    VALUES (%s, %s, %s, %s, %s)
    , parameters: ('Intelligent Data Engineering and Automated Learning – IDEAL 2018', 'Hujun Yin, David Camacho, Paulo Novais, Antonio J. Tallón-Ballesteros', 'Not Available', 'No Rating', 'https://play.google.com/store/books/details?id=YuN3DwAAQBAJ&source=gbs_api')
[2024-12-11T21:18:53.503+0000] {sql.py:553} INFO - Rows affected: 1
[2024-12-11T21:18:53.509+0000] {sql.py:544} INFO - Running statement: 
    INSERT INTO google_books (title, authors, price, rating, link)
    VALUES (%s, %s, %s, %s, %s)
    , parameters: ('Modern Data Engineering with Apache Spark', 'Scott Haines', 'Not Available', 'No Rating', 'http://books.google.co.in/books?id=HmGbzgEACAAJ&dq=data+engineering&hl=&source=gbs_api')
[2024-12-11T21:18:53.511+0000] {sql.py:553} INFO - Rows affected: 1
[2024-12-11T21:18:53.513+0000] {python.py:240} INFO - Done. Returned value was: None
[2024-12-11T21:18:53.528+0000] {taskinstance.py:340} INFO - ::group::Post task execution logs
[2024-12-11T21:18:53.528+0000] {taskinstance.py:352} INFO - Marking task as SUCCESS. dag_id=fetch_and_store_google_books, task_id=insert_book_data, run_id=scheduled__2024-07-13T00:00:00+00:00, execution_date=20240713T000000, start_date=20241211T211852, end_date=20241211T211853
[2024-12-11T21:18:53.541+0000] {logging_mixin.py:190} INFO - Task instance in success state
[2024-12-11T21:18:53.542+0000] {logging_mixin.py:190} INFO -  Previous state of the Task instance: running
[2024-12-11T21:18:53.542+0000] {logging_mixin.py:190} INFO - Dag name:fetch_and_store_google_books queued_at:2024-12-11 21:18:37.289324+00:00
[2024-12-11T21:18:53.543+0000] {logging_mixin.py:190} INFO - Task hostname:bb74d1700244 operator:PythonOperator
[2024-12-11T21:18:53.579+0000] {local_task_job_runner.py:266} INFO - Task exited with return code 0
[2024-12-11T21:18:53.592+0000] {local_task_job_runner.py:245} INFO - ::endgroup::
