[2024-12-11T20:54:19.357+0000] {local_task_job_runner.py:123} INFO - ::group::Pre task execution logs
[2024-12-11T20:54:19.385+0000] {taskinstance.py:2613} INFO - Dependencies all met for dep_context=non-requeueable deps ti=<TaskInstance: fetch_and_store_amazon_books.fetch_book_data scheduled__2024-11-26T00:00:00+00:00 [queued]>
[2024-12-11T20:54:19.397+0000] {taskinstance.py:2613} INFO - Dependencies all met for dep_context=requeueable deps ti=<TaskInstance: fetch_and_store_amazon_books.fetch_book_data scheduled__2024-11-26T00:00:00+00:00 [queued]>
[2024-12-11T20:54:19.397+0000] {taskinstance.py:2866} INFO - Starting attempt 1 of 2
[2024-12-11T20:54:19.588+0000] {taskinstance.py:2889} INFO - Executing <Task(PythonOperator): fetch_book_data> on 2024-11-26 00:00:00+00:00
[2024-12-11T20:54:19.607+0000] {warnings.py:112} WARNING - /home/***/.local/lib/python3.12/site-packages/***/task/task_runner/standard_task_runner.py:70: DeprecationWarning: This process (pid=3355) is multi-threaded, use of fork() may lead to deadlocks in the child.
  pid = os.fork()

[2024-12-11T20:54:19.609+0000] {standard_task_runner.py:72} INFO - Started process 3385 to run task
[2024-12-11T20:54:19.614+0000] {standard_task_runner.py:104} INFO - Running: ['***', 'tasks', 'run', 'fetch_and_store_amazon_books', 'fetch_book_data', 'scheduled__2024-11-26T00:00:00+00:00', '--job-id', '590', '--raw', '--subdir', 'DAGS_FOLDER/app.py', '--cfg-path', '/tmp/tmpanpl4644']
[2024-12-11T20:54:19.617+0000] {standard_task_runner.py:105} INFO - Job 590: Subtask fetch_book_data
[2024-12-11T20:54:19.707+0000] {task_command.py:467} INFO - Running <TaskInstance: fetch_and_store_amazon_books.fetch_book_data scheduled__2024-11-26T00:00:00+00:00 [running]> on host aaf3c4c4d810
[2024-12-11T20:54:19.838+0000] {taskinstance.py:3132} INFO - Exporting env vars: AIRFLOW_CTX_DAG_OWNER='***' AIRFLOW_CTX_DAG_ID='fetch_and_store_amazon_books' AIRFLOW_CTX_TASK_ID='fetch_book_data' AIRFLOW_CTX_EXECUTION_DATE='2024-11-26T00:00:00+00:00' AIRFLOW_CTX_TRY_NUMBER='1' AIRFLOW_CTX_DAG_RUN_ID='scheduled__2024-11-26T00:00:00+00:00'
[2024-12-11T20:54:19.840+0000] {logging_mixin.py:190} INFO - Task instance is in running state
[2024-12-11T20:54:19.841+0000] {logging_mixin.py:190} INFO -  Previous state of the Task instance: queued
[2024-12-11T20:54:19.841+0000] {logging_mixin.py:190} INFO - Current task name:fetch_book_data state:running start_date:2024-12-11 20:54:19.385917+00:00
[2024-12-11T20:54:19.842+0000] {logging_mixin.py:190} INFO - Dag name:fetch_and_store_amazon_books and current dag run status:running
[2024-12-11T20:54:19.843+0000] {taskinstance.py:731} INFO - ::endgroup::
[2024-12-11T20:54:20.733+0000] {logging_mixin.py:190} INFO - Failed to fetch page 1. Status code: 503
[2024-12-11T20:54:20.763+0000] {python.py:240} INFO - Done. Returned value was: None
[2024-12-11T20:54:20.778+0000] {taskinstance.py:340} INFO - ::group::Post task execution logs
[2024-12-11T20:54:20.779+0000] {taskinstance.py:352} INFO - Marking task as SUCCESS. dag_id=fetch_and_store_amazon_books, task_id=fetch_book_data, run_id=scheduled__2024-11-26T00:00:00+00:00, execution_date=20241126T000000, start_date=20241211T205419, end_date=20241211T205420
[2024-12-11T20:54:20.827+0000] {logging_mixin.py:190} INFO - Task instance in success state
[2024-12-11T20:54:20.828+0000] {logging_mixin.py:190} INFO -  Previous state of the Task instance: running
[2024-12-11T20:54:20.829+0000] {logging_mixin.py:190} INFO - Dag name:fetch_and_store_amazon_books queued_at:2024-12-11 20:54:15.565067+00:00
[2024-12-11T20:54:20.830+0000] {logging_mixin.py:190} INFO - Task hostname:aaf3c4c4d810 operator:PythonOperator
[2024-12-11T20:54:20.859+0000] {local_task_job_runner.py:266} INFO - Task exited with return code 0
[2024-12-11T20:54:20.900+0000] {taskinstance.py:3895} INFO - 1 downstream tasks scheduled from follow-on schedule check
[2024-12-11T20:54:20.907+0000] {local_task_job_runner.py:245} INFO - ::endgroup::
