[2024-12-11T20:30:28.333+0000] {local_task_job_runner.py:123} INFO - ::group::Pre task execution logs
[2024-12-11T20:30:28.348+0000] {taskinstance.py:2613} INFO - Dependencies all met for dep_context=non-requeueable deps ti=<TaskInstance: fetch_and_store_amazon_books.create_table scheduled__2024-09-17T00:00:00+00:00 [queued]>
[2024-12-11T20:30:28.354+0000] {taskinstance.py:2613} INFO - Dependencies all met for dep_context=requeueable deps ti=<TaskInstance: fetch_and_store_amazon_books.create_table scheduled__2024-09-17T00:00:00+00:00 [queued]>
[2024-12-11T20:30:28.355+0000] {taskinstance.py:2866} INFO - Starting attempt 1 of 2
[2024-12-11T20:30:28.366+0000] {taskinstance.py:2889} INFO - Executing <Task(PostgresOperator): create_table> on 2024-09-17 00:00:00+00:00
[2024-12-11T20:30:28.376+0000] {warnings.py:112} WARNING - /home/***/.local/lib/python3.12/site-packages/***/task/task_runner/standard_task_runner.py:70: DeprecationWarning: This process (pid=2025) is multi-threaded, use of fork() may lead to deadlocks in the child.
  pid = os.fork()

[2024-12-11T20:30:28.377+0000] {standard_task_runner.py:72} INFO - Started process 2027 to run task
[2024-12-11T20:30:28.378+0000] {standard_task_runner.py:104} INFO - Running: ['***', 'tasks', 'run', 'fetch_and_store_amazon_books', 'create_table', 'scheduled__2024-09-17T00:00:00+00:00', '--job-id', '323', '--raw', '--subdir', 'DAGS_FOLDER/app.py', '--cfg-path', '/tmp/tmprz7kynhw']
[2024-12-11T20:30:28.378+0000] {standard_task_runner.py:105} INFO - Job 323: Subtask create_table
[2024-12-11T20:30:28.418+0000] {task_command.py:467} INFO - Running <TaskInstance: fetch_and_store_amazon_books.create_table scheduled__2024-09-17T00:00:00+00:00 [running]> on host aaf3c4c4d810
[2024-12-11T20:30:28.485+0000] {taskinstance.py:3132} INFO - Exporting env vars: AIRFLOW_CTX_DAG_OWNER='***' AIRFLOW_CTX_DAG_ID='fetch_and_store_amazon_books' AIRFLOW_CTX_TASK_ID='create_table' AIRFLOW_CTX_EXECUTION_DATE='2024-09-17T00:00:00+00:00' AIRFLOW_CTX_TRY_NUMBER='1' AIRFLOW_CTX_DAG_RUN_ID='scheduled__2024-09-17T00:00:00+00:00'
[2024-12-11T20:30:28.486+0000] {logging_mixin.py:190} INFO - Task instance is in running state
[2024-12-11T20:30:28.486+0000] {logging_mixin.py:190} INFO -  Previous state of the Task instance: queued
[2024-12-11T20:30:28.487+0000] {logging_mixin.py:190} INFO - Current task name:create_table state:running start_date:2024-12-11 20:30:28.348820+00:00
[2024-12-11T20:30:28.487+0000] {logging_mixin.py:190} INFO - Dag name:fetch_and_store_amazon_books and current dag run status:running
[2024-12-11T20:30:28.488+0000] {taskinstance.py:731} INFO - ::endgroup::
[2024-12-11T20:30:28.488+0000] {sql.py:278} INFO - Executing: 
    CREATE TABLE IF NOT EXISTS books (
        id SERIAL PRIMARY KEY,
        title TEXT NOT NULL,
        authors TEXT,
        price TEXT,
        rating TEXT
    );
    
[2024-12-11T20:30:28.496+0000] {base.py:84} INFO - Retrieving connection 'books_connection'
[2024-12-11T20:30:28.504+0000] {base.py:84} INFO - Retrieving connection 'books_connection'
[2024-12-11T20:30:28.508+0000] {sql.py:544} INFO - Running statement: 
    CREATE TABLE IF NOT EXISTS books (
        id SERIAL PRIMARY KEY,
        title TEXT NOT NULL,
        authors TEXT,
        price TEXT,
        rating TEXT
    );
    , parameters: None
[2024-12-11T20:30:28.519+0000] {taskinstance.py:340} INFO - ::group::Post task execution logs
[2024-12-11T20:30:28.520+0000] {taskinstance.py:352} INFO - Marking task as SUCCESS. dag_id=fetch_and_store_amazon_books, task_id=create_table, run_id=scheduled__2024-09-17T00:00:00+00:00, execution_date=20240917T000000, start_date=20241211T203028, end_date=20241211T203028
[2024-12-11T20:30:28.528+0000] {logging_mixin.py:190} INFO - Task instance in success state
[2024-12-11T20:30:28.528+0000] {logging_mixin.py:190} INFO -  Previous state of the Task instance: running
[2024-12-11T20:30:28.529+0000] {logging_mixin.py:190} INFO - Dag name:fetch_and_store_amazon_books queued_at:2024-12-11 20:30:23.124052+00:00
[2024-12-11T20:30:28.529+0000] {logging_mixin.py:190} INFO - Task hostname:aaf3c4c4d810 operator:PostgresOperator
[2024-12-11T20:30:28.551+0000] {local_task_job_runner.py:266} INFO - Task exited with return code 0
[2024-12-11T20:30:28.573+0000] {taskinstance.py:3895} INFO - 1 downstream tasks scheduled from follow-on schedule check
[2024-12-11T20:30:28.575+0000] {local_task_job_runner.py:245} INFO - ::endgroup::
[2024-12-11T20:31:04.638+0000] {local_task_job_runner.py:123} INFO - ::group::Pre task execution logs
[2024-12-11T20:31:04.688+0000] {taskinstance.py:2613} INFO - Dependencies all met for dep_context=non-requeueable deps ti=<TaskInstance: fetch_and_store_amazon_books.create_table scheduled__2024-09-17T00:00:00+00:00 [queued]>
[2024-12-11T20:31:04.720+0000] {taskinstance.py:2613} INFO - Dependencies all met for dep_context=requeueable deps ti=<TaskInstance: fetch_and_store_amazon_books.create_table scheduled__2024-09-17T00:00:00+00:00 [queued]>
[2024-12-11T20:31:04.721+0000] {taskinstance.py:2866} INFO - Starting attempt 1 of 2
[2024-12-11T20:31:04.753+0000] {taskinstance.py:2889} INFO - Executing <Task(PostgresOperator): create_table> on 2024-09-17 00:00:00+00:00
[2024-12-11T20:31:04.766+0000] {warnings.py:112} WARNING - /home/***/.local/lib/python3.12/site-packages/***/task/task_runner/standard_task_runner.py:70: DeprecationWarning: This process (pid=2091) is multi-threaded, use of fork() may lead to deadlocks in the child.
  pid = os.fork()

[2024-12-11T20:31:04.768+0000] {standard_task_runner.py:72} INFO - Started process 2122 to run task
[2024-12-11T20:31:04.769+0000] {standard_task_runner.py:104} INFO - Running: ['***', 'tasks', 'run', 'fetch_and_store_amazon_books', 'create_table', 'scheduled__2024-09-17T00:00:00+00:00', '--job-id', '340', '--raw', '--subdir', 'DAGS_FOLDER/app.py', '--cfg-path', '/tmp/tmp1l_e5c0p']
[2024-12-11T20:31:04.770+0000] {standard_task_runner.py:105} INFO - Job 340: Subtask create_table
[2024-12-11T20:31:04.907+0000] {task_command.py:467} INFO - Running <TaskInstance: fetch_and_store_amazon_books.create_table scheduled__2024-09-17T00:00:00+00:00 [running]> on host aaf3c4c4d810
[2024-12-11T20:31:05.185+0000] {taskinstance.py:3132} INFO - Exporting env vars: AIRFLOW_CTX_DAG_OWNER='***' AIRFLOW_CTX_DAG_ID='fetch_and_store_amazon_books' AIRFLOW_CTX_TASK_ID='create_table' AIRFLOW_CTX_EXECUTION_DATE='2024-09-17T00:00:00+00:00' AIRFLOW_CTX_TRY_NUMBER='1' AIRFLOW_CTX_DAG_RUN_ID='scheduled__2024-09-17T00:00:00+00:00'
[2024-12-11T20:31:05.187+0000] {logging_mixin.py:190} INFO - Task instance is in running state
[2024-12-11T20:31:05.188+0000] {logging_mixin.py:190} INFO -  Previous state of the Task instance: queued
[2024-12-11T20:31:05.189+0000] {logging_mixin.py:190} INFO - Current task name:create_table state:running start_date:2024-12-11 20:31:04.688833+00:00
[2024-12-11T20:31:05.189+0000] {logging_mixin.py:190} INFO - Dag name:fetch_and_store_amazon_books and current dag run status:running
[2024-12-11T20:31:05.190+0000] {taskinstance.py:731} INFO - ::endgroup::
[2024-12-11T20:31:05.191+0000] {sql.py:278} INFO - Executing: 
    CREATE TABLE IF NOT EXISTS books (
        id SERIAL PRIMARY KEY,
        title TEXT NOT NULL,
        authors TEXT,
        price TEXT,
        rating TEXT
    );
    
[2024-12-11T20:31:05.216+0000] {base.py:84} INFO - Retrieving connection 'books_connection'
[2024-12-11T20:31:05.249+0000] {base.py:84} INFO - Retrieving connection 'books_connection'
[2024-12-11T20:31:05.260+0000] {sql.py:544} INFO - Running statement: 
    CREATE TABLE IF NOT EXISTS books (
        id SERIAL PRIMARY KEY,
        title TEXT NOT NULL,
        authors TEXT,
        price TEXT,
        rating TEXT
    );
    , parameters: None
[2024-12-11T20:31:05.301+0000] {taskinstance.py:340} INFO - ::group::Post task execution logs
[2024-12-11T20:31:05.303+0000] {taskinstance.py:352} INFO - Marking task as SUCCESS. dag_id=fetch_and_store_amazon_books, task_id=create_table, run_id=scheduled__2024-09-17T00:00:00+00:00, execution_date=20240917T000000, start_date=20241211T203104, end_date=20241211T203105
[2024-12-11T20:31:05.328+0000] {logging_mixin.py:190} INFO - Task instance in success state
[2024-12-11T20:31:05.329+0000] {logging_mixin.py:190} INFO -  Previous state of the Task instance: running
[2024-12-11T20:31:05.330+0000] {logging_mixin.py:190} INFO - Dag name:fetch_and_store_amazon_books queued_at:2024-12-11 20:30:55.087991+00:00
[2024-12-11T20:31:05.332+0000] {logging_mixin.py:190} INFO - Task hostname:aaf3c4c4d810 operator:PostgresOperator
[2024-12-11T20:31:05.364+0000] {local_task_job_runner.py:266} INFO - Task exited with return code 0
[2024-12-11T20:31:05.382+0000] {local_task_job_runner.py:245} INFO - ::endgroup::
