[2024-12-11T20:48:51.369+0000] {local_task_job_runner.py:123} INFO - ::group::Pre task execution logs
[2024-12-11T20:48:51.402+0000] {taskinstance.py:2613} INFO - Dependencies all met for dep_context=non-requeueable deps ti=<TaskInstance: fetch_and_store_amazon_books.fetch_book_data scheduled__2024-11-17T00:00:00+00:00 [queued]>
[2024-12-11T20:48:51.415+0000] {taskinstance.py:2613} INFO - Dependencies all met for dep_context=requeueable deps ti=<TaskInstance: fetch_and_store_amazon_books.fetch_book_data scheduled__2024-11-17T00:00:00+00:00 [queued]>
[2024-12-11T20:48:51.416+0000] {taskinstance.py:2866} INFO - Starting attempt 1 of 2
[2024-12-11T20:48:51.437+0000] {taskinstance.py:2889} INFO - Executing <Task(PythonOperator): fetch_book_data> on 2024-11-17 00:00:00+00:00
[2024-12-11T20:48:51.449+0000] {warnings.py:112} WARNING - /home/***/.local/lib/python3.12/site-packages/***/task/task_runner/standard_task_runner.py:70: DeprecationWarning: This process (pid=3044) is multi-threaded, use of fork() may lead to deadlocks in the child.
  pid = os.fork()

[2024-12-11T20:48:51.452+0000] {standard_task_runner.py:72} INFO - Started process 3088 to run task
[2024-12-11T20:48:51.463+0000] {standard_task_runner.py:104} INFO - Running: ['***', 'tasks', 'run', 'fetch_and_store_amazon_books', 'fetch_book_data', 'scheduled__2024-11-17T00:00:00+00:00', '--job-id', '531', '--raw', '--subdir', 'DAGS_FOLDER/app.py', '--cfg-path', '/tmp/tmpd2mztate']
[2024-12-11T20:48:51.465+0000] {standard_task_runner.py:105} INFO - Job 531: Subtask fetch_book_data
[2024-12-11T20:48:51.553+0000] {task_command.py:467} INFO - Running <TaskInstance: fetch_and_store_amazon_books.fetch_book_data scheduled__2024-11-17T00:00:00+00:00 [running]> on host aaf3c4c4d810
[2024-12-11T20:48:51.733+0000] {taskinstance.py:3132} INFO - Exporting env vars: AIRFLOW_CTX_DAG_OWNER='***' AIRFLOW_CTX_DAG_ID='fetch_and_store_amazon_books' AIRFLOW_CTX_TASK_ID='fetch_book_data' AIRFLOW_CTX_EXECUTION_DATE='2024-11-17T00:00:00+00:00' AIRFLOW_CTX_TRY_NUMBER='1' AIRFLOW_CTX_DAG_RUN_ID='scheduled__2024-11-17T00:00:00+00:00'
[2024-12-11T20:48:51.735+0000] {logging_mixin.py:190} INFO - Task instance is in running state
[2024-12-11T20:48:51.736+0000] {logging_mixin.py:190} INFO -  Previous state of the Task instance: queued
[2024-12-11T20:48:51.737+0000] {logging_mixin.py:190} INFO - Current task name:fetch_book_data state:running start_date:2024-12-11 20:48:51.403451+00:00
[2024-12-11T20:48:51.739+0000] {logging_mixin.py:190} INFO - Dag name:fetch_and_store_amazon_books and current dag run status:running
[2024-12-11T20:48:51.743+0000] {taskinstance.py:731} INFO - ::endgroup::
[2024-12-11T20:48:52.616+0000] {logging_mixin.py:190} INFO - Failed to fetch page 1. Status code: 503
[2024-12-11T20:48:52.642+0000] {python.py:240} INFO - Done. Returned value was: None
[2024-12-11T20:48:52.662+0000] {taskinstance.py:340} INFO - ::group::Post task execution logs
[2024-12-11T20:48:52.663+0000] {taskinstance.py:352} INFO - Marking task as SUCCESS. dag_id=fetch_and_store_amazon_books, task_id=fetch_book_data, run_id=scheduled__2024-11-17T00:00:00+00:00, execution_date=20241117T000000, start_date=20241211T204851, end_date=20241211T204852
[2024-12-11T20:48:52.677+0000] {logging_mixin.py:190} INFO - Task instance in success state
[2024-12-11T20:48:52.696+0000] {logging_mixin.py:190} INFO -  Previous state of the Task instance: running
[2024-12-11T20:48:52.697+0000] {logging_mixin.py:190} INFO - Dag name:fetch_and_store_amazon_books queued_at:2024-12-11 20:48:47.625104+00:00
[2024-12-11T20:48:52.697+0000] {logging_mixin.py:190} INFO - Task hostname:aaf3c4c4d810 operator:PythonOperator
[2024-12-11T20:48:52.757+0000] {local_task_job_runner.py:266} INFO - Task exited with return code 0
[2024-12-11T20:48:52.806+0000] {taskinstance.py:3895} INFO - 1 downstream tasks scheduled from follow-on schedule check
[2024-12-11T20:48:52.808+0000] {local_task_job_runner.py:245} INFO - ::endgroup::
