[2024-12-11T20:18:30.963+0000] {local_task_job_runner.py:123} INFO - ::group::Pre task execution logs
[2024-12-11T20:18:30.989+0000] {taskinstance.py:2613} INFO - Dependencies all met for dep_context=non-requeueable deps ti=<TaskInstance: fetch_and_store_amazon_books.fetch_book_data scheduled__2024-08-27T00:00:00+00:00 [queued]>
[2024-12-11T20:18:31.000+0000] {taskinstance.py:2613} INFO - Dependencies all met for dep_context=requeueable deps ti=<TaskInstance: fetch_and_store_amazon_books.fetch_book_data scheduled__2024-08-27T00:00:00+00:00 [queued]>
[2024-12-11T20:18:31.002+0000] {taskinstance.py:2866} INFO - Starting attempt 1 of 2
[2024-12-11T20:18:31.021+0000] {taskinstance.py:2889} INFO - Executing <Task(PythonOperator): fetch_book_data> on 2024-08-27 00:00:00+00:00
[2024-12-11T20:18:31.033+0000] {warnings.py:112} WARNING - /home/***/.local/lib/python3.12/site-packages/***/task/task_runner/standard_task_runner.py:70: DeprecationWarning: This process (pid=1439) is multi-threaded, use of fork() may lead to deadlocks in the child.
  pid = os.fork()

[2024-12-11T20:18:31.035+0000] {standard_task_runner.py:72} INFO - Started process 1475 to run task
[2024-12-11T20:18:31.038+0000] {standard_task_runner.py:104} INFO - Running: ['***', 'tasks', 'run', 'fetch_and_store_amazon_books', 'fetch_book_data', 'scheduled__2024-08-27T00:00:00+00:00', '--job-id', '216', '--raw', '--subdir', 'DAGS_FOLDER/app.py', '--cfg-path', '/tmp/tmpo_5evfq5']
[2024-12-11T20:18:31.040+0000] {standard_task_runner.py:105} INFO - Job 216: Subtask fetch_book_data
[2024-12-11T20:18:31.103+0000] {task_command.py:467} INFO - Running <TaskInstance: fetch_and_store_amazon_books.fetch_book_data scheduled__2024-08-27T00:00:00+00:00 [running]> on host aaf3c4c4d810
[2024-12-11T20:18:31.223+0000] {taskinstance.py:3132} INFO - Exporting env vars: AIRFLOW_CTX_DAG_OWNER='***' AIRFLOW_CTX_DAG_ID='fetch_and_store_amazon_books' AIRFLOW_CTX_TASK_ID='fetch_book_data' AIRFLOW_CTX_EXECUTION_DATE='2024-08-27T00:00:00+00:00' AIRFLOW_CTX_TRY_NUMBER='1' AIRFLOW_CTX_DAG_RUN_ID='scheduled__2024-08-27T00:00:00+00:00'
[2024-12-11T20:18:31.225+0000] {logging_mixin.py:190} INFO - Task instance is in running state
[2024-12-11T20:18:31.225+0000] {logging_mixin.py:190} INFO -  Previous state of the Task instance: queued
[2024-12-11T20:18:31.226+0000] {logging_mixin.py:190} INFO - Current task name:fetch_book_data state:running start_date:2024-12-11 20:18:30.990900+00:00
[2024-12-11T20:18:31.227+0000] {logging_mixin.py:190} INFO - Dag name:fetch_and_store_amazon_books and current dag run status:running
[2024-12-11T20:18:31.227+0000] {taskinstance.py:731} INFO - ::endgroup::
[2024-12-11T20:18:31.538+0000] {logging_mixin.py:190} INFO - Failed to retrieve the page
[2024-12-11T20:18:31.567+0000] {python.py:240} INFO - Done. Returned value was: None
[2024-12-11T20:18:31.581+0000] {taskinstance.py:340} INFO - ::group::Post task execution logs
[2024-12-11T20:18:31.583+0000] {taskinstance.py:352} INFO - Marking task as SUCCESS. dag_id=fetch_and_store_amazon_books, task_id=fetch_book_data, run_id=scheduled__2024-08-27T00:00:00+00:00, execution_date=20240827T000000, start_date=20241211T201830, end_date=20241211T201831
[2024-12-11T20:18:31.599+0000] {logging_mixin.py:190} INFO - Task instance in success state
[2024-12-11T20:18:31.604+0000] {logging_mixin.py:190} INFO -  Previous state of the Task instance: running
[2024-12-11T20:18:31.605+0000] {logging_mixin.py:190} INFO - Dag name:fetch_and_store_amazon_books queued_at:2024-12-11 20:18:22.073079+00:00
[2024-12-11T20:18:31.606+0000] {logging_mixin.py:190} INFO - Task hostname:aaf3c4c4d810 operator:PythonOperator
[2024-12-11T20:18:31.629+0000] {local_task_job_runner.py:266} INFO - Task exited with return code 0
[2024-12-11T20:18:31.648+0000] {local_task_job_runner.py:245} INFO - ::endgroup::
