[2024-12-11T21:18:17.536+0000] {local_task_job_runner.py:123} INFO - ::group::Pre task execution logs
[2024-12-11T21:18:17.585+0000] {taskinstance.py:2613} INFO - Dependencies all met for dep_context=non-requeueable deps ti=<TaskInstance: fetch_and_store_google_books.create_table scheduled__2024-07-05T00:00:00+00:00 [queued]>
[2024-12-11T21:18:17.596+0000] {taskinstance.py:2613} INFO - Dependencies all met for dep_context=requeueable deps ti=<TaskInstance: fetch_and_store_google_books.create_table scheduled__2024-07-05T00:00:00+00:00 [queued]>
[2024-12-11T21:18:17.597+0000] {taskinstance.py:2866} INFO - Starting attempt 2 of 2
[2024-12-11T21:18:17.615+0000] {taskinstance.py:2889} INFO - Executing <Task(PostgresOperator): create_table> on 2024-07-05 00:00:00+00:00
[2024-12-11T21:18:17.634+0000] {warnings.py:112} WARNING - /home/***/.local/lib/python3.12/site-packages/***/task/task_runner/standard_task_runner.py:70: DeprecationWarning: This process (pid=322) is multi-threaded, use of fork() may lead to deadlocks in the child.
  pid = os.fork()

[2024-12-11T21:18:17.637+0000] {standard_task_runner.py:72} INFO - Started process 353 to run task
[2024-12-11T21:18:17.634+0000] {standard_task_runner.py:104} INFO - Running: ['***', 'tasks', 'run', 'fetch_and_store_google_books', 'create_table', 'scheduled__2024-07-05T00:00:00+00:00', '--job-id', '701', '--raw', '--subdir', 'DAGS_FOLDER/dag2.py', '--cfg-path', '/tmp/tmpkuh4ir4c']
[2024-12-11T21:18:17.640+0000] {standard_task_runner.py:105} INFO - Job 701: Subtask create_table
[2024-12-11T21:18:17.711+0000] {task_command.py:467} INFO - Running <TaskInstance: fetch_and_store_google_books.create_table scheduled__2024-07-05T00:00:00+00:00 [running]> on host bb74d1700244
[2024-12-11T21:18:17.867+0000] {taskinstance.py:3132} INFO - Exporting env vars: AIRFLOW_CTX_DAG_OWNER='***' AIRFLOW_CTX_DAG_ID='fetch_and_store_google_books' AIRFLOW_CTX_TASK_ID='create_table' AIRFLOW_CTX_EXECUTION_DATE='2024-07-05T00:00:00+00:00' AIRFLOW_CTX_TRY_NUMBER='2' AIRFLOW_CTX_DAG_RUN_ID='scheduled__2024-07-05T00:00:00+00:00'
[2024-12-11T21:18:17.869+0000] {logging_mixin.py:190} INFO - Task instance is in running state
[2024-12-11T21:18:17.869+0000] {logging_mixin.py:190} INFO -  Previous state of the Task instance: queued
[2024-12-11T21:18:17.870+0000] {logging_mixin.py:190} INFO - Current task name:create_table state:running start_date:2024-12-11 21:18:17.586054+00:00
[2024-12-11T21:18:17.872+0000] {logging_mixin.py:190} INFO - Dag name:fetch_and_store_google_books and current dag run status:running
[2024-12-11T21:18:17.875+0000] {taskinstance.py:731} INFO - ::endgroup::
[2024-12-11T21:18:17.876+0000] {sql.py:278} INFO - Executing:  
        CREATE TABLE IF NOT EXISTS google_books (
            id SERIAL PRIMARY KEY,
            title TEXT NOT NULL,
            authors TEXT,
            price TEXT,
            rating TEXT,
            link TEXT
        );
        
[2024-12-11T21:18:17.888+0000] {base.py:84} INFO - Retrieving connection 'books_connection2'
[2024-12-11T21:18:17.898+0000] {base.py:84} INFO - Retrieving connection 'books_connection2'
[2024-12-11T21:18:17.904+0000] {sql.py:544} INFO - Running statement:  
        CREATE TABLE IF NOT EXISTS google_books (
            id SERIAL PRIMARY KEY,
            title TEXT NOT NULL,
            authors TEXT,
            price TEXT,
            rating TEXT,
            link TEXT
        );
        , parameters: None
[2024-12-11T21:18:17.918+0000] {taskinstance.py:340} INFO - ::group::Post task execution logs
[2024-12-11T21:18:17.919+0000] {taskinstance.py:352} INFO - Marking task as SUCCESS. dag_id=fetch_and_store_google_books, task_id=create_table, run_id=scheduled__2024-07-05T00:00:00+00:00, execution_date=20240705T000000, start_date=20241211T211817, end_date=20241211T211817
[2024-12-11T21:18:17.931+0000] {logging_mixin.py:190} INFO - Task instance in success state
[2024-12-11T21:18:17.932+0000] {logging_mixin.py:190} INFO -  Previous state of the Task instance: running
[2024-12-11T21:18:17.932+0000] {logging_mixin.py:190} INFO - Dag name:fetch_and_store_google_books queued_at:2024-12-11 21:12:23.517324+00:00
[2024-12-11T21:18:17.933+0000] {logging_mixin.py:190} INFO - Task hostname:bb74d1700244 operator:PostgresOperator
[2024-12-11T21:18:17.981+0000] {local_task_job_runner.py:266} INFO - Task exited with return code 0
[2024-12-11T21:18:18.011+0000] {taskinstance.py:3895} INFO - 1 downstream tasks scheduled from follow-on schedule check
[2024-12-11T21:18:18.013+0000] {local_task_job_runner.py:245} INFO - ::endgroup::
