[2024-12-11T20:10:52.184+0000] {local_task_job_runner.py:123} INFO - ::group::Pre task execution logs
[2024-12-11T20:10:52.203+0000] {taskinstance.py:2613} INFO - Dependencies all met for dep_context=non-requeueable deps ti=<TaskInstance: fetch_and_store_amazon_books.fetch_book_data scheduled__2024-08-15T00:00:00+00:00 [queued]>
[2024-12-11T20:10:52.212+0000] {taskinstance.py:2613} INFO - Dependencies all met for dep_context=requeueable deps ti=<TaskInstance: fetch_and_store_amazon_books.fetch_book_data scheduled__2024-08-15T00:00:00+00:00 [queued]>
[2024-12-11T20:10:52.213+0000] {taskinstance.py:2866} INFO - Starting attempt 1 of 2
[2024-12-11T20:10:52.229+0000] {taskinstance.py:2889} INFO - Executing <Task(PythonOperator): fetch_book_data> on 2024-08-15 00:00:00+00:00
[2024-12-11T20:10:52.240+0000] {warnings.py:112} WARNING - /home/***/.local/lib/python3.12/site-packages/***/task/task_runner/standard_task_runner.py:70: DeprecationWarning: This process (pid=1165) is multi-threaded, use of fork() may lead to deadlocks in the child.
  pid = os.fork()

[2024-12-11T20:10:52.241+0000] {standard_task_runner.py:72} INFO - Started process 1183 to run task
[2024-12-11T20:10:52.241+0000] {standard_task_runner.py:104} INFO - Running: ['***', 'tasks', 'run', 'fetch_and_store_amazon_books', 'fetch_book_data', 'scheduled__2024-08-15T00:00:00+00:00', '--job-id', '168', '--raw', '--subdir', 'DAGS_FOLDER/app.py', '--cfg-path', '/tmp/tmpz3ka819b']
[2024-12-11T20:10:52.242+0000] {standard_task_runner.py:105} INFO - Job 168: Subtask fetch_book_data
[2024-12-11T20:10:52.306+0000] {task_command.py:467} INFO - Running <TaskInstance: fetch_and_store_amazon_books.fetch_book_data scheduled__2024-08-15T00:00:00+00:00 [running]> on host aaf3c4c4d810
[2024-12-11T20:10:52.401+0000] {taskinstance.py:3132} INFO - Exporting env vars: AIRFLOW_CTX_DAG_OWNER='***' AIRFLOW_CTX_DAG_ID='fetch_and_store_amazon_books' AIRFLOW_CTX_TASK_ID='fetch_book_data' AIRFLOW_CTX_EXECUTION_DATE='2024-08-15T00:00:00+00:00' AIRFLOW_CTX_TRY_NUMBER='1' AIRFLOW_CTX_DAG_RUN_ID='scheduled__2024-08-15T00:00:00+00:00'
[2024-12-11T20:10:52.404+0000] {logging_mixin.py:190} INFO - Task instance is in running state
[2024-12-11T20:10:52.404+0000] {logging_mixin.py:190} INFO -  Previous state of the Task instance: queued
[2024-12-11T20:10:52.404+0000] {logging_mixin.py:190} INFO - Current task name:fetch_book_data state:running start_date:2024-12-11 20:10:52.204564+00:00
[2024-12-11T20:10:52.405+0000] {logging_mixin.py:190} INFO - Dag name:fetch_and_store_amazon_books and current dag run status:running
[2024-12-11T20:10:52.405+0000] {taskinstance.py:731} INFO - ::endgroup::
[2024-12-11T20:12:55.401+0000] {logging_mixin.py:190} INFO - Failed to retrieve the page
[2024-12-11T20:12:55.422+0000] {python.py:240} INFO - Done. Returned value was: None
[2024-12-11T20:12:55.435+0000] {taskinstance.py:340} INFO - ::group::Post task execution logs
[2024-12-11T20:12:55.435+0000] {taskinstance.py:352} INFO - Marking task as SUCCESS. dag_id=fetch_and_store_amazon_books, task_id=fetch_book_data, run_id=scheduled__2024-08-15T00:00:00+00:00, execution_date=20240815T000000, start_date=20241211T201052, end_date=20241211T201255
[2024-12-11T20:12:55.447+0000] {logging_mixin.py:190} INFO - Task instance in success state
[2024-12-11T20:12:55.448+0000] {logging_mixin.py:190} INFO -  Previous state of the Task instance: running
[2024-12-11T20:12:55.449+0000] {logging_mixin.py:190} INFO - Dag name:fetch_and_store_amazon_books queued_at:2024-12-11 20:10:49.305759+00:00
[2024-12-11T20:12:55.449+0000] {logging_mixin.py:190} INFO - Task hostname:aaf3c4c4d810 operator:PythonOperator
[2024-12-11T20:12:55.504+0000] {local_task_job_runner.py:266} INFO - Task exited with return code 0
[2024-12-11T20:12:55.543+0000] {taskinstance.py:3895} INFO - 1 downstream tasks scheduled from follow-on schedule check
[2024-12-11T20:12:55.545+0000] {local_task_job_runner.py:245} INFO - ::endgroup::
