[2024-12-09T13:15:44.525+0000] {processor.py:186} INFO - Started process (PID=95) to work on /home/airflow/.local/lib/python3.12/site-packages/airflow/example_dags/example_xcom.py
[2024-12-09T13:15:44.526+0000] {processor.py:914} INFO - Processing file /home/airflow/.local/lib/python3.12/site-packages/airflow/example_dags/example_xcom.py for tasks to queue
[2024-12-09T13:15:44.527+0000] {logging_mixin.py:190} INFO - [2024-12-09T13:15:44.527+0000] {dagbag.py:588} INFO - Filling up the DagBag from /home/airflow/.local/lib/python3.12/site-packages/airflow/example_dags/example_xcom.py
[2024-12-09T13:15:44.536+0000] {processor.py:925} INFO - DAG(s) 'example_xcom' retrieved from /home/airflow/.local/lib/python3.12/site-packages/airflow/example_dags/example_xcom.py
[2024-12-09T13:15:43.884+0000] {logging_mixin.py:190} INFO - [2024-12-09T13:15:43.883+0000] {override.py:1911} INFO - Created Permission View: can delete on DAG:example_xcom
[2024-12-09T13:15:43.892+0000] {logging_mixin.py:190} INFO - [2024-12-09T13:15:43.892+0000] {override.py:1911} INFO - Created Permission View: can edit on DAG:example_xcom
[2024-12-09T13:15:43.898+0000] {logging_mixin.py:190} INFO - [2024-12-09T13:15:43.897+0000] {override.py:1911} INFO - Created Permission View: can read on DAG:example_xcom
[2024-12-09T13:15:43.904+0000] {logging_mixin.py:190} INFO - [2024-12-09T13:15:43.903+0000] {override.py:1911} INFO - Created Permission View: menu access on DAG Run:example_xcom
[2024-12-09T13:15:43.909+0000] {logging_mixin.py:190} INFO - [2024-12-09T13:15:43.909+0000] {override.py:1911} INFO - Created Permission View: can create on DAG Run:example_xcom
[2024-12-09T13:15:43.914+0000] {logging_mixin.py:190} INFO - [2024-12-09T13:15:43.914+0000] {override.py:1911} INFO - Created Permission View: can delete on DAG Run:example_xcom
[2024-12-09T13:15:43.920+0000] {logging_mixin.py:190} INFO - [2024-12-09T13:15:43.920+0000] {override.py:1911} INFO - Created Permission View: can read on DAG Run:example_xcom
[2024-12-09T13:15:43.921+0000] {logging_mixin.py:190} INFO - [2024-12-09T13:15:43.920+0000] {dag.py:3239} INFO - Sync 1 DAGs
[2024-12-09T13:15:43.932+0000] {logging_mixin.py:190} INFO - [2024-12-09T13:15:43.932+0000] {dag.py:3262} INFO - Creating ORM DAG for example_xcom
[2024-12-09T13:15:43.940+0000] {logging_mixin.py:190} INFO - [2024-12-09T13:15:43.940+0000] {dag.py:4180} INFO - Setting next_dagrun for example_xcom to 2021-01-01 00:00:00+00:00, run_after=2021-01-01 00:00:00+00:00
[2024-12-09T13:15:43.955+0000] {processor.py:208} INFO - Processing /home/airflow/.local/lib/python3.12/site-packages/airflow/example_dags/example_xcom.py took 0.179 seconds
[2024-12-09T13:16:14.493+0000] {processor.py:186} INFO - Started process (PID=156) to work on /home/airflow/.local/lib/python3.12/site-packages/airflow/example_dags/example_xcom.py
[2024-12-09T13:16:14.494+0000] {processor.py:914} INFO - Processing file /home/airflow/.local/lib/python3.12/site-packages/airflow/example_dags/example_xcom.py for tasks to queue
[2024-12-09T13:16:14.496+0000] {logging_mixin.py:190} INFO - [2024-12-09T13:16:14.496+0000] {dagbag.py:588} INFO - Filling up the DagBag from /home/airflow/.local/lib/python3.12/site-packages/airflow/example_dags/example_xcom.py
[2024-12-09T13:16:14.504+0000] {processor.py:925} INFO - DAG(s) 'example_xcom' retrieved from /home/airflow/.local/lib/python3.12/site-packages/airflow/example_dags/example_xcom.py
[2024-12-09T13:16:14.513+0000] {logging_mixin.py:190} INFO - [2024-12-09T13:16:14.513+0000] {dag.py:3239} INFO - Sync 1 DAGs
[2024-12-09T13:16:14.534+0000] {logging_mixin.py:190} INFO - [2024-12-09T13:16:14.533+0000] {dag.py:4180} INFO - Setting next_dagrun for example_xcom to 2021-01-01 00:00:00+00:00, run_after=2021-01-01 00:00:00+00:00
[2024-12-09T13:16:14.548+0000] {processor.py:208} INFO - Processing /home/airflow/.local/lib/python3.12/site-packages/airflow/example_dags/example_xcom.py took 0.059 seconds
[2024-12-09T13:16:45.230+0000] {processor.py:186} INFO - Started process (PID=213) to work on /home/airflow/.local/lib/python3.12/site-packages/airflow/example_dags/example_xcom.py
[2024-12-09T13:16:45.231+0000] {processor.py:914} INFO - Processing file /home/airflow/.local/lib/python3.12/site-packages/airflow/example_dags/example_xcom.py for tasks to queue
[2024-12-09T13:16:45.232+0000] {logging_mixin.py:190} INFO - [2024-12-09T13:16:45.232+0000] {dagbag.py:588} INFO - Filling up the DagBag from /home/airflow/.local/lib/python3.12/site-packages/airflow/example_dags/example_xcom.py
[2024-12-09T13:16:45.239+0000] {processor.py:925} INFO - DAG(s) 'example_xcom' retrieved from /home/airflow/.local/lib/python3.12/site-packages/airflow/example_dags/example_xcom.py
[2024-12-09T13:16:45.257+0000] {logging_mixin.py:190} INFO - [2024-12-09T13:16:45.257+0000] {dag.py:3239} INFO - Sync 1 DAGs
[2024-12-09T13:16:45.277+0000] {logging_mixin.py:190} INFO - [2024-12-09T13:16:45.277+0000] {dag.py:4180} INFO - Setting next_dagrun for example_xcom to 2021-01-01 00:00:00+00:00, run_after=2021-01-01 00:00:00+00:00
[2024-12-09T13:16:45.292+0000] {processor.py:208} INFO - Processing /home/airflow/.local/lib/python3.12/site-packages/airflow/example_dags/example_xcom.py took 0.067 seconds
[2024-12-09T13:17:16.166+0000] {processor.py:186} INFO - Started process (PID=276) to work on /home/airflow/.local/lib/python3.12/site-packages/airflow/example_dags/example_xcom.py
[2024-12-09T13:17:16.166+0000] {processor.py:914} INFO - Processing file /home/airflow/.local/lib/python3.12/site-packages/airflow/example_dags/example_xcom.py for tasks to queue
[2024-12-09T13:17:16.168+0000] {logging_mixin.py:190} INFO - [2024-12-09T13:17:16.168+0000] {dagbag.py:588} INFO - Filling up the DagBag from /home/airflow/.local/lib/python3.12/site-packages/airflow/example_dags/example_xcom.py
[2024-12-09T13:17:16.175+0000] {processor.py:925} INFO - DAG(s) 'example_xcom' retrieved from /home/airflow/.local/lib/python3.12/site-packages/airflow/example_dags/example_xcom.py
[2024-12-09T13:17:16.193+0000] {logging_mixin.py:190} INFO - [2024-12-09T13:17:16.192+0000] {dag.py:3239} INFO - Sync 1 DAGs
[2024-12-09T13:17:16.213+0000] {logging_mixin.py:190} INFO - [2024-12-09T13:17:16.213+0000] {dag.py:4180} INFO - Setting next_dagrun for example_xcom to 2021-01-01 00:00:00+00:00, run_after=2021-01-01 00:00:00+00:00
[2024-12-09T13:17:16.228+0000] {processor.py:208} INFO - Processing /home/airflow/.local/lib/python3.12/site-packages/airflow/example_dags/example_xcom.py took 0.067 seconds
[2024-12-09T13:17:47.250+0000] {processor.py:186} INFO - Started process (PID=339) to work on /home/airflow/.local/lib/python3.12/site-packages/airflow/example_dags/example_xcom.py
[2024-12-09T13:17:47.250+0000] {processor.py:914} INFO - Processing file /home/airflow/.local/lib/python3.12/site-packages/airflow/example_dags/example_xcom.py for tasks to queue
[2024-12-09T13:17:47.252+0000] {logging_mixin.py:190} INFO - [2024-12-09T13:17:47.252+0000] {dagbag.py:588} INFO - Filling up the DagBag from /home/airflow/.local/lib/python3.12/site-packages/airflow/example_dags/example_xcom.py
[2024-12-09T13:17:47.259+0000] {processor.py:925} INFO - DAG(s) 'example_xcom' retrieved from /home/airflow/.local/lib/python3.12/site-packages/airflow/example_dags/example_xcom.py
[2024-12-09T13:17:47.277+0000] {logging_mixin.py:190} INFO - [2024-12-09T13:17:47.277+0000] {dag.py:3239} INFO - Sync 1 DAGs
[2024-12-09T13:17:47.296+0000] {logging_mixin.py:190} INFO - [2024-12-09T13:17:47.295+0000] {dag.py:4180} INFO - Setting next_dagrun for example_xcom to 2021-01-01 00:00:00+00:00, run_after=2021-01-01 00:00:00+00:00
[2024-12-09T13:17:47.311+0000] {processor.py:208} INFO - Processing /home/airflow/.local/lib/python3.12/site-packages/airflow/example_dags/example_xcom.py took 0.066 seconds
[2024-12-09T13:18:18.689+0000] {processor.py:186} INFO - Started process (PID=403) to work on /home/airflow/.local/lib/python3.12/site-packages/airflow/example_dags/example_xcom.py
[2024-12-09T13:18:18.690+0000] {processor.py:914} INFO - Processing file /home/airflow/.local/lib/python3.12/site-packages/airflow/example_dags/example_xcom.py for tasks to queue
[2024-12-09T13:18:18.692+0000] {logging_mixin.py:190} INFO - [2024-12-09T13:18:18.691+0000] {dagbag.py:588} INFO - Filling up the DagBag from /home/airflow/.local/lib/python3.12/site-packages/airflow/example_dags/example_xcom.py
[2024-12-09T13:18:18.699+0000] {processor.py:925} INFO - DAG(s) 'example_xcom' retrieved from /home/airflow/.local/lib/python3.12/site-packages/airflow/example_dags/example_xcom.py
[2024-12-09T13:18:18.716+0000] {logging_mixin.py:190} INFO - [2024-12-09T13:18:18.716+0000] {dag.py:3239} INFO - Sync 1 DAGs
[2024-12-09T13:18:18.736+0000] {logging_mixin.py:190} INFO - [2024-12-09T13:18:18.735+0000] {dag.py:4180} INFO - Setting next_dagrun for example_xcom to 2021-01-01 00:00:00+00:00, run_after=2021-01-01 00:00:00+00:00
[2024-12-09T13:18:18.751+0000] {processor.py:208} INFO - Processing /home/airflow/.local/lib/python3.12/site-packages/airflow/example_dags/example_xcom.py took 0.066 seconds
[2024-12-09T13:18:49.564+0000] {processor.py:186} INFO - Started process (PID=466) to work on /home/airflow/.local/lib/python3.12/site-packages/airflow/example_dags/example_xcom.py
[2024-12-09T13:18:49.565+0000] {processor.py:914} INFO - Processing file /home/airflow/.local/lib/python3.12/site-packages/airflow/example_dags/example_xcom.py for tasks to queue
[2024-12-09T13:18:49.566+0000] {logging_mixin.py:190} INFO - [2024-12-09T13:18:49.566+0000] {dagbag.py:588} INFO - Filling up the DagBag from /home/airflow/.local/lib/python3.12/site-packages/airflow/example_dags/example_xcom.py
[2024-12-09T13:18:49.574+0000] {processor.py:925} INFO - DAG(s) 'example_xcom' retrieved from /home/airflow/.local/lib/python3.12/site-packages/airflow/example_dags/example_xcom.py
[2024-12-09T13:18:49.591+0000] {logging_mixin.py:190} INFO - [2024-12-09T13:18:49.591+0000] {dag.py:3239} INFO - Sync 1 DAGs
[2024-12-09T13:18:49.610+0000] {logging_mixin.py:190} INFO - [2024-12-09T13:18:49.610+0000] {dag.py:4180} INFO - Setting next_dagrun for example_xcom to 2021-01-01 00:00:00+00:00, run_after=2021-01-01 00:00:00+00:00
[2024-12-09T13:18:49.626+0000] {processor.py:208} INFO - Processing /home/airflow/.local/lib/python3.12/site-packages/airflow/example_dags/example_xcom.py took 0.066 seconds
[2024-12-09T13:19:20.771+0000] {processor.py:186} INFO - Started process (PID=528) to work on /home/airflow/.local/lib/python3.12/site-packages/airflow/example_dags/example_xcom.py
[2024-12-09T13:19:20.772+0000] {processor.py:914} INFO - Processing file /home/airflow/.local/lib/python3.12/site-packages/airflow/example_dags/example_xcom.py for tasks to queue
[2024-12-09T13:19:20.774+0000] {logging_mixin.py:190} INFO - [2024-12-09T13:19:20.774+0000] {dagbag.py:588} INFO - Filling up the DagBag from /home/airflow/.local/lib/python3.12/site-packages/airflow/example_dags/example_xcom.py
[2024-12-09T13:19:20.783+0000] {processor.py:925} INFO - DAG(s) 'example_xcom' retrieved from /home/airflow/.local/lib/python3.12/site-packages/airflow/example_dags/example_xcom.py
[2024-12-09T13:19:20.808+0000] {logging_mixin.py:190} INFO - [2024-12-09T13:19:20.808+0000] {dag.py:3239} INFO - Sync 1 DAGs
[2024-12-09T13:19:20.832+0000] {logging_mixin.py:190} INFO - [2024-12-09T13:19:20.832+0000] {dag.py:4180} INFO - Setting next_dagrun for example_xcom to 2021-01-01 00:00:00+00:00, run_after=2021-01-01 00:00:00+00:00
[2024-12-09T13:19:20.848+0000] {processor.py:208} INFO - Processing /home/airflow/.local/lib/python3.12/site-packages/airflow/example_dags/example_xcom.py took 0.082 seconds
[2024-12-09T13:19:51.416+0000] {processor.py:186} INFO - Started process (PID=591) to work on /home/airflow/.local/lib/python3.12/site-packages/airflow/example_dags/example_xcom.py
[2024-12-09T13:19:51.417+0000] {processor.py:914} INFO - Processing file /home/airflow/.local/lib/python3.12/site-packages/airflow/example_dags/example_xcom.py for tasks to queue
[2024-12-09T13:19:51.419+0000] {logging_mixin.py:190} INFO - [2024-12-09T13:19:51.419+0000] {dagbag.py:588} INFO - Filling up the DagBag from /home/airflow/.local/lib/python3.12/site-packages/airflow/example_dags/example_xcom.py
[2024-12-09T13:19:51.429+0000] {processor.py:925} INFO - DAG(s) 'example_xcom' retrieved from /home/airflow/.local/lib/python3.12/site-packages/airflow/example_dags/example_xcom.py
[2024-12-09T13:19:51.449+0000] {logging_mixin.py:190} INFO - [2024-12-09T13:19:51.448+0000] {dag.py:3239} INFO - Sync 1 DAGs
[2024-12-09T13:19:51.470+0000] {logging_mixin.py:190} INFO - [2024-12-09T13:19:51.469+0000] {dag.py:4180} INFO - Setting next_dagrun for example_xcom to 2021-01-01 00:00:00+00:00, run_after=2021-01-01 00:00:00+00:00
[2024-12-09T13:19:51.488+0000] {processor.py:208} INFO - Processing /home/airflow/.local/lib/python3.12/site-packages/airflow/example_dags/example_xcom.py took 0.078 seconds
[2024-12-09T13:20:22.757+0000] {processor.py:186} INFO - Started process (PID=654) to work on /home/airflow/.local/lib/python3.12/site-packages/airflow/example_dags/example_xcom.py
[2024-12-09T13:20:22.758+0000] {processor.py:914} INFO - Processing file /home/airflow/.local/lib/python3.12/site-packages/airflow/example_dags/example_xcom.py for tasks to queue
[2024-12-09T13:20:22.760+0000] {logging_mixin.py:190} INFO - [2024-12-09T13:20:22.760+0000] {dagbag.py:588} INFO - Filling up the DagBag from /home/airflow/.local/lib/python3.12/site-packages/airflow/example_dags/example_xcom.py
[2024-12-09T13:20:22.768+0000] {processor.py:925} INFO - DAG(s) 'example_xcom' retrieved from /home/airflow/.local/lib/python3.12/site-packages/airflow/example_dags/example_xcom.py
[2024-12-09T13:20:22.787+0000] {logging_mixin.py:190} INFO - [2024-12-09T13:20:22.787+0000] {dag.py:3239} INFO - Sync 1 DAGs
[2024-12-09T13:20:22.807+0000] {logging_mixin.py:190} INFO - [2024-12-09T13:20:22.807+0000] {dag.py:4180} INFO - Setting next_dagrun for example_xcom to 2021-01-01 00:00:00+00:00, run_after=2021-01-01 00:00:00+00:00
[2024-12-09T13:20:22.822+0000] {processor.py:208} INFO - Processing /home/airflow/.local/lib/python3.12/site-packages/airflow/example_dags/example_xcom.py took 0.070 seconds
[2024-12-09T13:20:53.280+0000] {processor.py:186} INFO - Started process (PID=716) to work on /home/airflow/.local/lib/python3.12/site-packages/airflow/example_dags/example_xcom.py
[2024-12-09T13:20:53.281+0000] {processor.py:914} INFO - Processing file /home/airflow/.local/lib/python3.12/site-packages/airflow/example_dags/example_xcom.py for tasks to queue
[2024-12-09T13:20:53.283+0000] {logging_mixin.py:190} INFO - [2024-12-09T13:20:53.283+0000] {dagbag.py:588} INFO - Filling up the DagBag from /home/airflow/.local/lib/python3.12/site-packages/airflow/example_dags/example_xcom.py
[2024-12-09T13:20:53.291+0000] {processor.py:925} INFO - DAG(s) 'example_xcom' retrieved from /home/airflow/.local/lib/python3.12/site-packages/airflow/example_dags/example_xcom.py
[2024-12-09T13:20:53.309+0000] {logging_mixin.py:190} INFO - [2024-12-09T13:20:53.309+0000] {dag.py:3239} INFO - Sync 1 DAGs
[2024-12-09T13:20:53.327+0000] {logging_mixin.py:190} INFO - [2024-12-09T13:20:53.327+0000] {dag.py:4180} INFO - Setting next_dagrun for example_xcom to 2021-01-01 00:00:00+00:00, run_after=2021-01-01 00:00:00+00:00
[2024-12-09T13:20:53.342+0000] {processor.py:208} INFO - Processing /home/airflow/.local/lib/python3.12/site-packages/airflow/example_dags/example_xcom.py took 0.066 seconds
[2024-12-09T13:21:24.517+0000] {processor.py:186} INFO - Started process (PID=779) to work on /home/airflow/.local/lib/python3.12/site-packages/airflow/example_dags/example_xcom.py
[2024-12-09T13:21:24.518+0000] {processor.py:914} INFO - Processing file /home/airflow/.local/lib/python3.12/site-packages/airflow/example_dags/example_xcom.py for tasks to queue
[2024-12-09T13:21:24.520+0000] {logging_mixin.py:190} INFO - [2024-12-09T13:21:24.519+0000] {dagbag.py:588} INFO - Filling up the DagBag from /home/airflow/.local/lib/python3.12/site-packages/airflow/example_dags/example_xcom.py
[2024-12-09T13:21:24.527+0000] {processor.py:925} INFO - DAG(s) 'example_xcom' retrieved from /home/airflow/.local/lib/python3.12/site-packages/airflow/example_dags/example_xcom.py
[2024-12-09T13:21:24.543+0000] {logging_mixin.py:190} INFO - [2024-12-09T13:21:24.543+0000] {dag.py:3239} INFO - Sync 1 DAGs
[2024-12-09T13:21:24.561+0000] {logging_mixin.py:190} INFO - [2024-12-09T13:21:24.560+0000] {dag.py:4180} INFO - Setting next_dagrun for example_xcom to 2021-01-01 00:00:00+00:00, run_after=2021-01-01 00:00:00+00:00
[2024-12-09T13:21:24.575+0000] {processor.py:208} INFO - Processing /home/airflow/.local/lib/python3.12/site-packages/airflow/example_dags/example_xcom.py took 0.062 seconds
[2024-12-09T13:21:55.609+0000] {processor.py:186} INFO - Started process (PID=842) to work on /home/airflow/.local/lib/python3.12/site-packages/airflow/example_dags/example_xcom.py
[2024-12-09T13:21:55.610+0000] {processor.py:914} INFO - Processing file /home/airflow/.local/lib/python3.12/site-packages/airflow/example_dags/example_xcom.py for tasks to queue
[2024-12-09T13:21:55.611+0000] {logging_mixin.py:190} INFO - [2024-12-09T13:21:55.611+0000] {dagbag.py:588} INFO - Filling up the DagBag from /home/airflow/.local/lib/python3.12/site-packages/airflow/example_dags/example_xcom.py
[2024-12-09T13:21:55.619+0000] {processor.py:925} INFO - DAG(s) 'example_xcom' retrieved from /home/airflow/.local/lib/python3.12/site-packages/airflow/example_dags/example_xcom.py
[2024-12-09T13:21:55.635+0000] {logging_mixin.py:190} INFO - [2024-12-09T13:21:55.635+0000] {dag.py:3239} INFO - Sync 1 DAGs
[2024-12-09T13:21:55.653+0000] {logging_mixin.py:190} INFO - [2024-12-09T13:21:55.653+0000] {dag.py:4180} INFO - Setting next_dagrun for example_xcom to 2021-01-01 00:00:00+00:00, run_after=2021-01-01 00:00:00+00:00
[2024-12-09T13:21:55.668+0000] {processor.py:208} INFO - Processing /home/airflow/.local/lib/python3.12/site-packages/airflow/example_dags/example_xcom.py took 0.064 seconds
[2024-12-09T13:22:27.027+0000] {processor.py:186} INFO - Started process (PID=907) to work on /home/airflow/.local/lib/python3.12/site-packages/airflow/example_dags/example_xcom.py
[2024-12-09T13:22:27.027+0000] {processor.py:914} INFO - Processing file /home/airflow/.local/lib/python3.12/site-packages/airflow/example_dags/example_xcom.py for tasks to queue
[2024-12-09T13:22:27.029+0000] {logging_mixin.py:190} INFO - [2024-12-09T13:22:27.029+0000] {dagbag.py:588} INFO - Filling up the DagBag from /home/airflow/.local/lib/python3.12/site-packages/airflow/example_dags/example_xcom.py
[2024-12-09T13:22:27.037+0000] {processor.py:925} INFO - DAG(s) 'example_xcom' retrieved from /home/airflow/.local/lib/python3.12/site-packages/airflow/example_dags/example_xcom.py
[2024-12-09T13:22:27.055+0000] {logging_mixin.py:190} INFO - [2024-12-09T13:22:27.054+0000] {dag.py:3239} INFO - Sync 1 DAGs
[2024-12-09T13:22:27.074+0000] {logging_mixin.py:190} INFO - [2024-12-09T13:22:27.073+0000] {dag.py:4180} INFO - Setting next_dagrun for example_xcom to 2021-01-01 00:00:00+00:00, run_after=2021-01-01 00:00:00+00:00
[2024-12-09T13:22:27.089+0000] {processor.py:208} INFO - Processing /home/airflow/.local/lib/python3.12/site-packages/airflow/example_dags/example_xcom.py took 0.067 seconds
[2024-12-09T13:22:58.242+0000] {processor.py:186} INFO - Started process (PID=970) to work on /home/airflow/.local/lib/python3.12/site-packages/airflow/example_dags/example_xcom.py
[2024-12-09T13:22:58.243+0000] {processor.py:914} INFO - Processing file /home/airflow/.local/lib/python3.12/site-packages/airflow/example_dags/example_xcom.py for tasks to queue
[2024-12-09T13:22:58.245+0000] {logging_mixin.py:190} INFO - [2024-12-09T13:22:58.245+0000] {dagbag.py:588} INFO - Filling up the DagBag from /home/airflow/.local/lib/python3.12/site-packages/airflow/example_dags/example_xcom.py
[2024-12-09T13:22:58.252+0000] {processor.py:925} INFO - DAG(s) 'example_xcom' retrieved from /home/airflow/.local/lib/python3.12/site-packages/airflow/example_dags/example_xcom.py
[2024-12-09T13:22:58.269+0000] {logging_mixin.py:190} INFO - [2024-12-09T13:22:58.269+0000] {dag.py:3239} INFO - Sync 1 DAGs
[2024-12-09T13:22:58.288+0000] {logging_mixin.py:190} INFO - [2024-12-09T13:22:58.288+0000] {dag.py:4180} INFO - Setting next_dagrun for example_xcom to 2021-01-01 00:00:00+00:00, run_after=2021-01-01 00:00:00+00:00
[2024-12-09T13:22:58.306+0000] {processor.py:208} INFO - Processing /home/airflow/.local/lib/python3.12/site-packages/airflow/example_dags/example_xcom.py took 0.068 seconds
[2024-12-09T13:23:29.687+0000] {processor.py:186} INFO - Started process (PID=1032) to work on /home/airflow/.local/lib/python3.12/site-packages/airflow/example_dags/example_xcom.py
[2024-12-09T13:23:29.688+0000] {processor.py:914} INFO - Processing file /home/airflow/.local/lib/python3.12/site-packages/airflow/example_dags/example_xcom.py for tasks to queue
[2024-12-09T13:23:29.689+0000] {logging_mixin.py:190} INFO - [2024-12-09T13:23:29.689+0000] {dagbag.py:588} INFO - Filling up the DagBag from /home/airflow/.local/lib/python3.12/site-packages/airflow/example_dags/example_xcom.py
[2024-12-09T13:23:29.696+0000] {processor.py:925} INFO - DAG(s) 'example_xcom' retrieved from /home/airflow/.local/lib/python3.12/site-packages/airflow/example_dags/example_xcom.py
[2024-12-09T13:23:29.712+0000] {logging_mixin.py:190} INFO - [2024-12-09T13:23:29.712+0000] {dag.py:3239} INFO - Sync 1 DAGs
[2024-12-09T13:23:29.730+0000] {logging_mixin.py:190} INFO - [2024-12-09T13:23:29.729+0000] {dag.py:4180} INFO - Setting next_dagrun for example_xcom to 2021-01-01 00:00:00+00:00, run_after=2021-01-01 00:00:00+00:00
[2024-12-09T13:23:29.744+0000] {processor.py:208} INFO - Processing /home/airflow/.local/lib/python3.12/site-packages/airflow/example_dags/example_xcom.py took 0.061 seconds
[2024-12-09T13:24:02.757+0000] {processor.py:186} INFO - Started process (PID=1096) to work on /home/airflow/.local/lib/python3.12/site-packages/airflow/example_dags/example_xcom.py
[2024-12-09T13:24:02.758+0000] {processor.py:914} INFO - Processing file /home/airflow/.local/lib/python3.12/site-packages/airflow/example_dags/example_xcom.py for tasks to queue
[2024-12-09T13:24:02.760+0000] {logging_mixin.py:190} INFO - [2024-12-09T13:24:02.759+0000] {dagbag.py:588} INFO - Filling up the DagBag from /home/airflow/.local/lib/python3.12/site-packages/airflow/example_dags/example_xcom.py
[2024-12-09T13:24:02.770+0000] {processor.py:925} INFO - DAG(s) 'example_xcom' retrieved from /home/airflow/.local/lib/python3.12/site-packages/airflow/example_dags/example_xcom.py
[2024-12-09T13:24:02.791+0000] {logging_mixin.py:190} INFO - [2024-12-09T13:24:02.791+0000] {dag.py:3239} INFO - Sync 1 DAGs
[2024-12-09T13:24:02.815+0000] {logging_mixin.py:190} INFO - [2024-12-09T13:24:02.815+0000] {dag.py:4180} INFO - Setting next_dagrun for example_xcom to 2021-01-01 00:00:00+00:00, run_after=2021-01-01 00:00:00+00:00
[2024-12-09T13:24:02.833+0000] {processor.py:208} INFO - Processing /home/airflow/.local/lib/python3.12/site-packages/airflow/example_dags/example_xcom.py took 0.081 seconds
[2024-12-09T13:24:36.325+0000] {processor.py:186} INFO - Started process (PID=1159) to work on /home/airflow/.local/lib/python3.12/site-packages/airflow/example_dags/example_xcom.py
[2024-12-09T13:24:36.326+0000] {processor.py:914} INFO - Processing file /home/airflow/.local/lib/python3.12/site-packages/airflow/example_dags/example_xcom.py for tasks to queue
[2024-12-09T13:24:36.328+0000] {logging_mixin.py:190} INFO - [2024-12-09T13:24:36.327+0000] {dagbag.py:588} INFO - Filling up the DagBag from /home/airflow/.local/lib/python3.12/site-packages/airflow/example_dags/example_xcom.py
[2024-12-09T13:24:36.335+0000] {processor.py:925} INFO - DAG(s) 'example_xcom' retrieved from /home/airflow/.local/lib/python3.12/site-packages/airflow/example_dags/example_xcom.py
[2024-12-09T13:24:36.353+0000] {logging_mixin.py:190} INFO - [2024-12-09T13:24:36.353+0000] {dag.py:3239} INFO - Sync 1 DAGs
[2024-12-09T13:24:36.372+0000] {logging_mixin.py:190} INFO - [2024-12-09T13:24:36.372+0000] {dag.py:4180} INFO - Setting next_dagrun for example_xcom to 2021-01-01 00:00:00+00:00, run_after=2021-01-01 00:00:00+00:00
[2024-12-09T13:24:36.388+0000] {processor.py:208} INFO - Processing /home/airflow/.local/lib/python3.12/site-packages/airflow/example_dags/example_xcom.py took 0.067 seconds
[2024-12-09T13:25:07.719+0000] {processor.py:186} INFO - Started process (PID=1213) to work on /home/airflow/.local/lib/python3.12/site-packages/airflow/example_dags/example_xcom.py
[2024-12-09T13:25:07.720+0000] {processor.py:914} INFO - Processing file /home/airflow/.local/lib/python3.12/site-packages/airflow/example_dags/example_xcom.py for tasks to queue
[2024-12-09T13:25:07.722+0000] {logging_mixin.py:190} INFO - [2024-12-09T13:25:07.721+0000] {dagbag.py:588} INFO - Filling up the DagBag from /home/airflow/.local/lib/python3.12/site-packages/airflow/example_dags/example_xcom.py
[2024-12-09T13:25:07.730+0000] {processor.py:925} INFO - DAG(s) 'example_xcom' retrieved from /home/airflow/.local/lib/python3.12/site-packages/airflow/example_dags/example_xcom.py
[2024-12-09T13:25:07.747+0000] {logging_mixin.py:190} INFO - [2024-12-09T13:25:07.746+0000] {dag.py:3239} INFO - Sync 1 DAGs
[2024-12-09T13:25:07.764+0000] {logging_mixin.py:190} INFO - [2024-12-09T13:25:07.764+0000] {dag.py:4180} INFO - Setting next_dagrun for example_xcom to 2021-01-01 00:00:00+00:00, run_after=2021-01-01 00:00:00+00:00
[2024-12-09T13:25:07.778+0000] {processor.py:208} INFO - Processing /home/airflow/.local/lib/python3.12/site-packages/airflow/example_dags/example_xcom.py took 0.064 seconds
[2024-12-09T13:25:40.638+0000] {processor.py:186} INFO - Started process (PID=1277) to work on /home/airflow/.local/lib/python3.12/site-packages/airflow/example_dags/example_xcom.py
[2024-12-09T13:25:40.639+0000] {processor.py:914} INFO - Processing file /home/airflow/.local/lib/python3.12/site-packages/airflow/example_dags/example_xcom.py for tasks to queue
[2024-12-09T13:25:40.641+0000] {logging_mixin.py:190} INFO - [2024-12-09T13:25:40.641+0000] {dagbag.py:588} INFO - Filling up the DagBag from /home/airflow/.local/lib/python3.12/site-packages/airflow/example_dags/example_xcom.py
[2024-12-09T13:25:40.648+0000] {processor.py:925} INFO - DAG(s) 'example_xcom' retrieved from /home/airflow/.local/lib/python3.12/site-packages/airflow/example_dags/example_xcom.py
[2024-12-09T13:25:40.665+0000] {logging_mixin.py:190} INFO - [2024-12-09T13:25:40.665+0000] {dag.py:3239} INFO - Sync 1 DAGs
[2024-12-09T13:25:40.683+0000] {logging_mixin.py:190} INFO - [2024-12-09T13:25:40.683+0000] {dag.py:4180} INFO - Setting next_dagrun for example_xcom to 2021-01-01 00:00:00+00:00, run_after=2021-01-01 00:00:00+00:00
[2024-12-09T13:25:40.696+0000] {processor.py:208} INFO - Processing /home/airflow/.local/lib/python3.12/site-packages/airflow/example_dags/example_xcom.py took 0.063 seconds
[2024-12-09T13:26:13.922+0000] {processor.py:186} INFO - Started process (PID=1340) to work on /home/airflow/.local/lib/python3.12/site-packages/airflow/example_dags/example_xcom.py
[2024-12-09T13:26:13.923+0000] {processor.py:914} INFO - Processing file /home/airflow/.local/lib/python3.12/site-packages/airflow/example_dags/example_xcom.py for tasks to queue
[2024-12-09T13:26:13.925+0000] {logging_mixin.py:190} INFO - [2024-12-09T13:26:13.924+0000] {dagbag.py:588} INFO - Filling up the DagBag from /home/airflow/.local/lib/python3.12/site-packages/airflow/example_dags/example_xcom.py
[2024-12-09T13:26:13.932+0000] {processor.py:925} INFO - DAG(s) 'example_xcom' retrieved from /home/airflow/.local/lib/python3.12/site-packages/airflow/example_dags/example_xcom.py
[2024-12-09T13:26:13.950+0000] {logging_mixin.py:190} INFO - [2024-12-09T13:26:13.950+0000] {dag.py:3239} INFO - Sync 1 DAGs
[2024-12-09T13:26:13.969+0000] {logging_mixin.py:190} INFO - [2024-12-09T13:26:13.969+0000] {dag.py:4180} INFO - Setting next_dagrun for example_xcom to 2021-01-01 00:00:00+00:00, run_after=2021-01-01 00:00:00+00:00
[2024-12-09T13:26:13.987+0000] {processor.py:208} INFO - Processing /home/airflow/.local/lib/python3.12/site-packages/airflow/example_dags/example_xcom.py took 0.069 seconds
[2024-12-09T13:26:45.264+0000] {processor.py:186} INFO - Started process (PID=1392) to work on /home/airflow/.local/lib/python3.12/site-packages/airflow/example_dags/example_xcom.py
[2024-12-09T13:26:45.265+0000] {processor.py:914} INFO - Processing file /home/airflow/.local/lib/python3.12/site-packages/airflow/example_dags/example_xcom.py for tasks to queue
[2024-12-09T13:26:45.267+0000] {logging_mixin.py:190} INFO - [2024-12-09T13:26:45.267+0000] {dagbag.py:588} INFO - Filling up the DagBag from /home/airflow/.local/lib/python3.12/site-packages/airflow/example_dags/example_xcom.py
[2024-12-09T13:26:45.274+0000] {processor.py:925} INFO - DAG(s) 'example_xcom' retrieved from /home/airflow/.local/lib/python3.12/site-packages/airflow/example_dags/example_xcom.py
[2024-12-09T13:26:45.291+0000] {logging_mixin.py:190} INFO - [2024-12-09T13:26:45.290+0000] {dag.py:3239} INFO - Sync 1 DAGs
[2024-12-09T13:26:45.309+0000] {logging_mixin.py:190} INFO - [2024-12-09T13:26:45.308+0000] {dag.py:4180} INFO - Setting next_dagrun for example_xcom to 2021-01-01 00:00:00+00:00, run_after=2021-01-01 00:00:00+00:00
[2024-12-09T13:26:45.323+0000] {processor.py:208} INFO - Processing /home/airflow/.local/lib/python3.12/site-packages/airflow/example_dags/example_xcom.py took 0.063 seconds
[2024-12-09T13:27:18.281+0000] {processor.py:186} INFO - Started process (PID=1456) to work on /home/airflow/.local/lib/python3.12/site-packages/airflow/example_dags/example_xcom.py
[2024-12-09T13:27:18.282+0000] {processor.py:914} INFO - Processing file /home/airflow/.local/lib/python3.12/site-packages/airflow/example_dags/example_xcom.py for tasks to queue
[2024-12-09T13:27:18.284+0000] {logging_mixin.py:190} INFO - [2024-12-09T13:27:18.284+0000] {dagbag.py:588} INFO - Filling up the DagBag from /home/airflow/.local/lib/python3.12/site-packages/airflow/example_dags/example_xcom.py
[2024-12-09T13:27:18.291+0000] {processor.py:925} INFO - DAG(s) 'example_xcom' retrieved from /home/airflow/.local/lib/python3.12/site-packages/airflow/example_dags/example_xcom.py
[2024-12-09T13:27:18.309+0000] {logging_mixin.py:190} INFO - [2024-12-09T13:27:18.308+0000] {dag.py:3239} INFO - Sync 1 DAGs
[2024-12-09T13:27:18.329+0000] {logging_mixin.py:190} INFO - [2024-12-09T13:27:18.329+0000] {dag.py:4180} INFO - Setting next_dagrun for example_xcom to 2021-01-01 00:00:00+00:00, run_after=2021-01-01 00:00:00+00:00
[2024-12-09T13:27:18.345+0000] {processor.py:208} INFO - Processing /home/airflow/.local/lib/python3.12/site-packages/airflow/example_dags/example_xcom.py took 0.068 seconds
