[2024-12-09T13:15:43.737+0000] {processor.py:186} INFO - Started process (PID=93) to work on /home/airflow/.local/lib/python3.12/site-packages/airflow/example_dags/example_inlet_event_extra.py
[2024-12-09T13:15:43.738+0000] {processor.py:914} INFO - Processing file /home/airflow/.local/lib/python3.12/site-packages/airflow/example_dags/example_inlet_event_extra.py for tasks to queue
[2024-12-09T13:15:43.744+0000] {logging_mixin.py:190} INFO - [2024-12-09T13:15:43.744+0000] {dagbag.py:588} INFO - Filling up the DagBag from /home/airflow/.local/lib/python3.12/site-packages/airflow/example_dags/example_inlet_event_extra.py
[2024-12-09T13:15:44.255+0000] {processor.py:925} INFO - DAG(s) 'read_dataset_event_from_classic', 'read_dataset_event' retrieved from /home/airflow/.local/lib/python3.12/site-packages/airflow/example_dags/example_inlet_event_extra.py
[2024-12-09T13:15:44.352+0000] {logging_mixin.py:190} INFO - [2024-12-09T13:15:44.351+0000] {override.py:1911} INFO - Created Permission View: can delete on DAG:read_dataset_event_from_classic
[2024-12-09T13:15:44.361+0000] {logging_mixin.py:190} INFO - [2024-12-09T13:15:44.360+0000] {override.py:1911} INFO - Created Permission View: can edit on DAG:read_dataset_event_from_classic
[2024-12-09T13:15:44.367+0000] {logging_mixin.py:190} INFO - [2024-12-09T13:15:44.366+0000] {override.py:1911} INFO - Created Permission View: can read on DAG:read_dataset_event_from_classic
[2024-12-09T13:15:44.373+0000] {logging_mixin.py:190} INFO - [2024-12-09T13:15:44.373+0000] {override.py:1911} INFO - Created Permission View: menu access on DAG Run:read_dataset_event_from_classic
[2024-12-09T13:15:44.380+0000] {logging_mixin.py:190} INFO - [2024-12-09T13:15:44.380+0000] {override.py:1911} INFO - Created Permission View: can create on DAG Run:read_dataset_event_from_classic
[2024-12-09T13:15:44.387+0000] {logging_mixin.py:190} INFO - [2024-12-09T13:15:44.386+0000] {override.py:1911} INFO - Created Permission View: can delete on DAG Run:read_dataset_event_from_classic
[2024-12-09T13:15:44.393+0000] {logging_mixin.py:190} INFO - [2024-12-09T13:15:44.393+0000] {override.py:1911} INFO - Created Permission View: can read on DAG Run:read_dataset_event_from_classic
[2024-12-09T13:15:44.405+0000] {logging_mixin.py:190} INFO - [2024-12-09T13:15:44.404+0000] {override.py:1911} INFO - Created Permission View: can delete on DAG:read_dataset_event
[2024-12-09T13:15:44.411+0000] {logging_mixin.py:190} INFO - [2024-12-09T13:15:44.410+0000] {override.py:1911} INFO - Created Permission View: can edit on DAG:read_dataset_event
[2024-12-09T13:15:44.417+0000] {logging_mixin.py:190} INFO - [2024-12-09T13:15:44.416+0000] {override.py:1911} INFO - Created Permission View: can read on DAG:read_dataset_event
[2024-12-09T13:15:44.424+0000] {logging_mixin.py:190} INFO - [2024-12-09T13:15:44.423+0000] {override.py:1911} INFO - Created Permission View: menu access on DAG Run:read_dataset_event
[2024-12-09T13:15:44.429+0000] {logging_mixin.py:190} INFO - [2024-12-09T13:15:44.429+0000] {override.py:1911} INFO - Created Permission View: can create on DAG Run:read_dataset_event
[2024-12-09T13:15:44.435+0000] {logging_mixin.py:190} INFO - [2024-12-09T13:15:44.435+0000] {override.py:1911} INFO - Created Permission View: can delete on DAG Run:read_dataset_event
[2024-12-09T13:15:44.440+0000] {logging_mixin.py:190} INFO - [2024-12-09T13:15:44.440+0000] {override.py:1911} INFO - Created Permission View: can read on DAG Run:read_dataset_event
[2024-12-09T13:15:44.441+0000] {logging_mixin.py:190} INFO - [2024-12-09T13:15:44.441+0000] {dag.py:3239} INFO - Sync 2 DAGs
[2024-12-09T13:15:44.454+0000] {logging_mixin.py:190} INFO - [2024-12-09T13:15:44.453+0000] {dag.py:3262} INFO - Creating ORM DAG for read_dataset_event
[2024-12-09T13:15:44.455+0000] {logging_mixin.py:190} INFO - [2024-12-09T13:15:44.455+0000] {dag.py:3262} INFO - Creating ORM DAG for read_dataset_event_from_classic
[2024-12-09T13:15:44.466+0000] {logging_mixin.py:190} INFO - [2024-12-09T13:15:44.466+0000] {dag.py:4180} INFO - Setting next_dagrun for read_dataset_event to 2024-12-08 00:00:00+00:00, run_after=2024-12-09 00:00:00+00:00
[2024-12-09T13:15:44.468+0000] {logging_mixin.py:190} INFO - [2024-12-09T13:15:44.468+0000] {dag.py:4180} INFO - Setting next_dagrun for read_dataset_event_from_classic to 2024-12-08 00:00:00+00:00, run_after=2024-12-09 00:00:00+00:00
[2024-12-09T13:15:44.485+0000] {processor.py:208} INFO - Processing /home/airflow/.local/lib/python3.12/site-packages/airflow/example_dags/example_inlet_event_extra.py took 0.752 seconds
[2024-12-09T13:16:14.581+0000] {processor.py:186} INFO - Started process (PID=157) to work on /home/airflow/.local/lib/python3.12/site-packages/airflow/example_dags/example_inlet_event_extra.py
[2024-12-09T13:16:14.582+0000] {processor.py:914} INFO - Processing file /home/airflow/.local/lib/python3.12/site-packages/airflow/example_dags/example_inlet_event_extra.py for tasks to queue
[2024-12-09T13:16:14.583+0000] {logging_mixin.py:190} INFO - [2024-12-09T13:16:14.583+0000] {dagbag.py:588} INFO - Filling up the DagBag from /home/airflow/.local/lib/python3.12/site-packages/airflow/example_dags/example_inlet_event_extra.py
[2024-12-09T13:16:15.077+0000] {processor.py:925} INFO - DAG(s) 'read_dataset_event', 'read_dataset_event_from_classic' retrieved from /home/airflow/.local/lib/python3.12/site-packages/airflow/example_dags/example_inlet_event_extra.py
[2024-12-09T13:16:15.095+0000] {logging_mixin.py:190} INFO - [2024-12-09T13:16:15.095+0000] {dag.py:3239} INFO - Sync 2 DAGs
[2024-12-09T13:16:15.116+0000] {logging_mixin.py:190} INFO - [2024-12-09T13:16:15.116+0000] {dag.py:4180} INFO - Setting next_dagrun for read_dataset_event to 2024-12-08 00:00:00+00:00, run_after=2024-12-09 00:00:00+00:00
[2024-12-09T13:16:15.120+0000] {logging_mixin.py:190} INFO - [2024-12-09T13:16:15.120+0000] {dag.py:4180} INFO - Setting next_dagrun for read_dataset_event_from_classic to 2024-12-08 00:00:00+00:00, run_after=2024-12-09 00:00:00+00:00
[2024-12-09T13:16:15.135+0000] {processor.py:208} INFO - Processing /home/airflow/.local/lib/python3.12/site-packages/airflow/example_dags/example_inlet_event_extra.py took 0.559 seconds
[2024-12-09T13:16:45.322+0000] {processor.py:186} INFO - Started process (PID=214) to work on /home/airflow/.local/lib/python3.12/site-packages/airflow/example_dags/example_inlet_event_extra.py
[2024-12-09T13:16:45.323+0000] {processor.py:914} INFO - Processing file /home/airflow/.local/lib/python3.12/site-packages/airflow/example_dags/example_inlet_event_extra.py for tasks to queue
[2024-12-09T13:16:45.325+0000] {logging_mixin.py:190} INFO - [2024-12-09T13:16:45.324+0000] {dagbag.py:588} INFO - Filling up the DagBag from /home/airflow/.local/lib/python3.12/site-packages/airflow/example_dags/example_inlet_event_extra.py
[2024-12-09T13:16:45.805+0000] {processor.py:925} INFO - DAG(s) 'read_dataset_event_from_classic', 'read_dataset_event' retrieved from /home/airflow/.local/lib/python3.12/site-packages/airflow/example_dags/example_inlet_event_extra.py
[2024-12-09T13:16:45.821+0000] {logging_mixin.py:190} INFO - [2024-12-09T13:16:45.821+0000] {dag.py:3239} INFO - Sync 2 DAGs
[2024-12-09T13:16:45.843+0000] {logging_mixin.py:190} INFO - [2024-12-09T13:16:45.843+0000] {dag.py:4180} INFO - Setting next_dagrun for read_dataset_event to 2024-12-08 00:00:00+00:00, run_after=2024-12-09 00:00:00+00:00
[2024-12-09T13:16:45.847+0000] {logging_mixin.py:190} INFO - [2024-12-09T13:16:45.847+0000] {dag.py:4180} INFO - Setting next_dagrun for read_dataset_event_from_classic to 2024-12-08 00:00:00+00:00, run_after=2024-12-09 00:00:00+00:00
[2024-12-09T13:16:45.860+0000] {processor.py:208} INFO - Processing /home/airflow/.local/lib/python3.12/site-packages/airflow/example_dags/example_inlet_event_extra.py took 0.542 seconds
[2024-12-09T13:17:16.257+0000] {processor.py:186} INFO - Started process (PID=277) to work on /home/airflow/.local/lib/python3.12/site-packages/airflow/example_dags/example_inlet_event_extra.py
[2024-12-09T13:17:16.257+0000] {processor.py:914} INFO - Processing file /home/airflow/.local/lib/python3.12/site-packages/airflow/example_dags/example_inlet_event_extra.py for tasks to queue
[2024-12-09T13:17:16.259+0000] {logging_mixin.py:190} INFO - [2024-12-09T13:17:16.259+0000] {dagbag.py:588} INFO - Filling up the DagBag from /home/airflow/.local/lib/python3.12/site-packages/airflow/example_dags/example_inlet_event_extra.py
[2024-12-09T13:17:16.747+0000] {processor.py:925} INFO - DAG(s) 'read_dataset_event', 'read_dataset_event_from_classic' retrieved from /home/airflow/.local/lib/python3.12/site-packages/airflow/example_dags/example_inlet_event_extra.py
[2024-12-09T13:17:16.764+0000] {logging_mixin.py:190} INFO - [2024-12-09T13:17:16.763+0000] {dag.py:3239} INFO - Sync 2 DAGs
[2024-12-09T13:17:16.785+0000] {logging_mixin.py:190} INFO - [2024-12-09T13:17:16.784+0000] {dag.py:4180} INFO - Setting next_dagrun for read_dataset_event to 2024-12-08 00:00:00+00:00, run_after=2024-12-09 00:00:00+00:00
[2024-12-09T13:17:16.789+0000] {logging_mixin.py:190} INFO - [2024-12-09T13:17:16.789+0000] {dag.py:4180} INFO - Setting next_dagrun for read_dataset_event_from_classic to 2024-12-08 00:00:00+00:00, run_after=2024-12-09 00:00:00+00:00
[2024-12-09T13:17:16.804+0000] {processor.py:208} INFO - Processing /home/airflow/.local/lib/python3.12/site-packages/airflow/example_dags/example_inlet_event_extra.py took 0.552 seconds
[2024-12-09T13:17:47.340+0000] {processor.py:186} INFO - Started process (PID=340) to work on /home/airflow/.local/lib/python3.12/site-packages/airflow/example_dags/example_inlet_event_extra.py
[2024-12-09T13:17:47.341+0000] {processor.py:914} INFO - Processing file /home/airflow/.local/lib/python3.12/site-packages/airflow/example_dags/example_inlet_event_extra.py for tasks to queue
[2024-12-09T13:17:47.343+0000] {logging_mixin.py:190} INFO - [2024-12-09T13:17:47.343+0000] {dagbag.py:588} INFO - Filling up the DagBag from /home/airflow/.local/lib/python3.12/site-packages/airflow/example_dags/example_inlet_event_extra.py
[2024-12-09T13:17:47.818+0000] {processor.py:925} INFO - DAG(s) 'read_dataset_event', 'read_dataset_event_from_classic' retrieved from /home/airflow/.local/lib/python3.12/site-packages/airflow/example_dags/example_inlet_event_extra.py
[2024-12-09T13:17:47.835+0000] {logging_mixin.py:190} INFO - [2024-12-09T13:17:47.835+0000] {dag.py:3239} INFO - Sync 2 DAGs
[2024-12-09T13:17:47.855+0000] {logging_mixin.py:190} INFO - [2024-12-09T13:17:47.855+0000] {dag.py:4180} INFO - Setting next_dagrun for read_dataset_event to 2024-12-08 00:00:00+00:00, run_after=2024-12-09 00:00:00+00:00
[2024-12-09T13:17:47.860+0000] {logging_mixin.py:190} INFO - [2024-12-09T13:17:47.860+0000] {dag.py:4180} INFO - Setting next_dagrun for read_dataset_event_from_classic to 2024-12-08 00:00:00+00:00, run_after=2024-12-09 00:00:00+00:00
[2024-12-09T13:17:47.872+0000] {processor.py:208} INFO - Processing /home/airflow/.local/lib/python3.12/site-packages/airflow/example_dags/example_inlet_event_extra.py took 0.537 seconds
[2024-12-09T13:18:18.238+0000] {processor.py:186} INFO - Started process (PID=402) to work on /home/airflow/.local/lib/python3.12/site-packages/airflow/example_dags/example_inlet_event_extra.py
[2024-12-09T13:18:18.239+0000] {processor.py:914} INFO - Processing file /home/airflow/.local/lib/python3.12/site-packages/airflow/example_dags/example_inlet_event_extra.py for tasks to queue
[2024-12-09T13:18:18.241+0000] {logging_mixin.py:190} INFO - [2024-12-09T13:18:18.240+0000] {dagbag.py:588} INFO - Filling up the DagBag from /home/airflow/.local/lib/python3.12/site-packages/airflow/example_dags/example_inlet_event_extra.py
[2024-12-09T13:18:18.789+0000] {processor.py:925} INFO - DAG(s) 'read_dataset_event_from_classic', 'read_dataset_event' retrieved from /home/airflow/.local/lib/python3.12/site-packages/airflow/example_dags/example_inlet_event_extra.py
[2024-12-09T13:18:18.807+0000] {logging_mixin.py:190} INFO - [2024-12-09T13:18:18.807+0000] {dag.py:3239} INFO - Sync 2 DAGs
[2024-12-09T13:18:18.827+0000] {logging_mixin.py:190} INFO - [2024-12-09T13:18:18.827+0000] {dag.py:4180} INFO - Setting next_dagrun for read_dataset_event to 2024-12-08 00:00:00+00:00, run_after=2024-12-09 00:00:00+00:00
[2024-12-09T13:18:18.832+0000] {logging_mixin.py:190} INFO - [2024-12-09T13:18:18.831+0000] {dag.py:4180} INFO - Setting next_dagrun for read_dataset_event_from_classic to 2024-12-08 00:00:00+00:00, run_after=2024-12-09 00:00:00+00:00
[2024-12-09T13:18:18.844+0000] {processor.py:208} INFO - Processing /home/airflow/.local/lib/python3.12/site-packages/airflow/example_dags/example_inlet_event_extra.py took 0.610 seconds
[2024-12-09T13:18:49.389+0000] {processor.py:186} INFO - Started process (PID=465) to work on /home/airflow/.local/lib/python3.12/site-packages/airflow/example_dags/example_inlet_event_extra.py
[2024-12-09T13:18:49.390+0000] {processor.py:914} INFO - Processing file /home/airflow/.local/lib/python3.12/site-packages/airflow/example_dags/example_inlet_event_extra.py for tasks to queue
[2024-12-09T13:18:49.392+0000] {logging_mixin.py:190} INFO - [2024-12-09T13:18:49.392+0000] {dagbag.py:588} INFO - Filling up the DagBag from /home/airflow/.local/lib/python3.12/site-packages/airflow/example_dags/example_inlet_event_extra.py
[2024-12-09T13:18:49.876+0000] {processor.py:925} INFO - DAG(s) 'read_dataset_event', 'read_dataset_event_from_classic' retrieved from /home/airflow/.local/lib/python3.12/site-packages/airflow/example_dags/example_inlet_event_extra.py
[2024-12-09T13:18:49.893+0000] {logging_mixin.py:190} INFO - [2024-12-09T13:18:49.893+0000] {dag.py:3239} INFO - Sync 2 DAGs
[2024-12-09T13:18:49.913+0000] {logging_mixin.py:190} INFO - [2024-12-09T13:18:49.913+0000] {dag.py:4180} INFO - Setting next_dagrun for read_dataset_event to 2024-12-08 00:00:00+00:00, run_after=2024-12-09 00:00:00+00:00
[2024-12-09T13:18:49.918+0000] {logging_mixin.py:190} INFO - [2024-12-09T13:18:49.918+0000] {dag.py:4180} INFO - Setting next_dagrun for read_dataset_event_from_classic to 2024-12-08 00:00:00+00:00, run_after=2024-12-09 00:00:00+00:00
[2024-12-09T13:18:49.933+0000] {processor.py:208} INFO - Processing /home/airflow/.local/lib/python3.12/site-packages/airflow/example_dags/example_inlet_event_extra.py took 0.548 seconds
[2024-12-09T13:19:20.850+0000] {processor.py:186} INFO - Started process (PID=529) to work on /home/airflow/.local/lib/python3.12/site-packages/airflow/example_dags/example_inlet_event_extra.py
[2024-12-09T13:19:20.851+0000] {processor.py:914} INFO - Processing file /home/airflow/.local/lib/python3.12/site-packages/airflow/example_dags/example_inlet_event_extra.py for tasks to queue
[2024-12-09T13:19:20.853+0000] {logging_mixin.py:190} INFO - [2024-12-09T13:19:20.852+0000] {dagbag.py:588} INFO - Filling up the DagBag from /home/airflow/.local/lib/python3.12/site-packages/airflow/example_dags/example_inlet_event_extra.py
[2024-12-09T13:19:21.521+0000] {processor.py:925} INFO - DAG(s) 'read_dataset_event_from_classic', 'read_dataset_event' retrieved from /home/airflow/.local/lib/python3.12/site-packages/airflow/example_dags/example_inlet_event_extra.py
[2024-12-09T13:19:21.546+0000] {logging_mixin.py:190} INFO - [2024-12-09T13:19:21.545+0000] {dag.py:3239} INFO - Sync 2 DAGs
[2024-12-09T13:19:21.579+0000] {logging_mixin.py:190} INFO - [2024-12-09T13:19:21.579+0000] {dag.py:4180} INFO - Setting next_dagrun for read_dataset_event to 2024-12-08 00:00:00+00:00, run_after=2024-12-09 00:00:00+00:00
[2024-12-09T13:19:21.588+0000] {logging_mixin.py:190} INFO - [2024-12-09T13:19:21.588+0000] {dag.py:4180} INFO - Setting next_dagrun for read_dataset_event_from_classic to 2024-12-08 00:00:00+00:00, run_after=2024-12-09 00:00:00+00:00
[2024-12-09T13:19:21.608+0000] {processor.py:208} INFO - Processing /home/airflow/.local/lib/python3.12/site-packages/airflow/example_dags/example_inlet_event_extra.py took 0.764 seconds
[2024-12-09T13:19:52.529+0000] {processor.py:186} INFO - Started process (PID=592) to work on /home/airflow/.local/lib/python3.12/site-packages/airflow/example_dags/example_inlet_event_extra.py
[2024-12-09T13:19:52.530+0000] {processor.py:914} INFO - Processing file /home/airflow/.local/lib/python3.12/site-packages/airflow/example_dags/example_inlet_event_extra.py for tasks to queue
[2024-12-09T13:19:52.532+0000] {logging_mixin.py:190} INFO - [2024-12-09T13:19:52.531+0000] {dagbag.py:588} INFO - Filling up the DagBag from /home/airflow/.local/lib/python3.12/site-packages/airflow/example_dags/example_inlet_event_extra.py
[2024-12-09T13:19:53.022+0000] {processor.py:925} INFO - DAG(s) 'read_dataset_event', 'read_dataset_event_from_classic' retrieved from /home/airflow/.local/lib/python3.12/site-packages/airflow/example_dags/example_inlet_event_extra.py
[2024-12-09T13:19:53.037+0000] {logging_mixin.py:190} INFO - [2024-12-09T13:19:53.037+0000] {dag.py:3239} INFO - Sync 2 DAGs
[2024-12-09T13:19:53.057+0000] {logging_mixin.py:190} INFO - [2024-12-09T13:19:53.057+0000] {dag.py:4180} INFO - Setting next_dagrun for read_dataset_event to 2024-12-08 00:00:00+00:00, run_after=2024-12-09 00:00:00+00:00
[2024-12-09T13:19:53.061+0000] {logging_mixin.py:190} INFO - [2024-12-09T13:19:53.061+0000] {dag.py:4180} INFO - Setting next_dagrun for read_dataset_event_from_classic to 2024-12-08 00:00:00+00:00, run_after=2024-12-09 00:00:00+00:00
[2024-12-09T13:19:53.074+0000] {processor.py:208} INFO - Processing /home/airflow/.local/lib/python3.12/site-packages/airflow/example_dags/example_inlet_event_extra.py took 0.550 seconds
[2024-12-09T13:20:23.359+0000] {processor.py:186} INFO - Started process (PID=655) to work on /home/airflow/.local/lib/python3.12/site-packages/airflow/example_dags/example_inlet_event_extra.py
[2024-12-09T13:20:23.360+0000] {processor.py:914} INFO - Processing file /home/airflow/.local/lib/python3.12/site-packages/airflow/example_dags/example_inlet_event_extra.py for tasks to queue
[2024-12-09T13:20:23.361+0000] {logging_mixin.py:190} INFO - [2024-12-09T13:20:23.361+0000] {dagbag.py:588} INFO - Filling up the DagBag from /home/airflow/.local/lib/python3.12/site-packages/airflow/example_dags/example_inlet_event_extra.py
[2024-12-09T13:20:23.828+0000] {processor.py:925} INFO - DAG(s) 'read_dataset_event', 'read_dataset_event_from_classic' retrieved from /home/airflow/.local/lib/python3.12/site-packages/airflow/example_dags/example_inlet_event_extra.py
[2024-12-09T13:20:23.845+0000] {logging_mixin.py:190} INFO - [2024-12-09T13:20:23.845+0000] {dag.py:3239} INFO - Sync 2 DAGs
[2024-12-09T13:20:23.864+0000] {logging_mixin.py:190} INFO - [2024-12-09T13:20:23.863+0000] {dag.py:4180} INFO - Setting next_dagrun for read_dataset_event to 2024-12-08 00:00:00+00:00, run_after=2024-12-09 00:00:00+00:00
[2024-12-09T13:20:23.868+0000] {logging_mixin.py:190} INFO - [2024-12-09T13:20:23.868+0000] {dag.py:4180} INFO - Setting next_dagrun for read_dataset_event_from_classic to 2024-12-08 00:00:00+00:00, run_after=2024-12-09 00:00:00+00:00
[2024-12-09T13:20:23.880+0000] {processor.py:208} INFO - Processing /home/airflow/.local/lib/python3.12/site-packages/airflow/example_dags/example_inlet_event_extra.py took 0.525 seconds
[2024-12-09T13:20:53.990+0000] {processor.py:186} INFO - Started process (PID=718) to work on /home/airflow/.local/lib/python3.12/site-packages/airflow/example_dags/example_inlet_event_extra.py
[2024-12-09T13:20:53.991+0000] {processor.py:914} INFO - Processing file /home/airflow/.local/lib/python3.12/site-packages/airflow/example_dags/example_inlet_event_extra.py for tasks to queue
[2024-12-09T13:20:53.993+0000] {logging_mixin.py:190} INFO - [2024-12-09T13:20:53.993+0000] {dagbag.py:588} INFO - Filling up the DagBag from /home/airflow/.local/lib/python3.12/site-packages/airflow/example_dags/example_inlet_event_extra.py
[2024-12-09T13:20:54.492+0000] {processor.py:925} INFO - DAG(s) 'read_dataset_event', 'read_dataset_event_from_classic' retrieved from /home/airflow/.local/lib/python3.12/site-packages/airflow/example_dags/example_inlet_event_extra.py
[2024-12-09T13:20:54.509+0000] {logging_mixin.py:190} INFO - [2024-12-09T13:20:54.509+0000] {dag.py:3239} INFO - Sync 2 DAGs
[2024-12-09T13:20:54.528+0000] {logging_mixin.py:190} INFO - [2024-12-09T13:20:54.528+0000] {dag.py:4180} INFO - Setting next_dagrun for read_dataset_event to 2024-12-08 00:00:00+00:00, run_after=2024-12-09 00:00:00+00:00
[2024-12-09T13:20:54.533+0000] {logging_mixin.py:190} INFO - [2024-12-09T13:20:54.533+0000] {dag.py:4180} INFO - Setting next_dagrun for read_dataset_event_from_classic to 2024-12-08 00:00:00+00:00, run_after=2024-12-09 00:00:00+00:00
[2024-12-09T13:20:54.548+0000] {processor.py:208} INFO - Processing /home/airflow/.local/lib/python3.12/site-packages/airflow/example_dags/example_inlet_event_extra.py took 0.563 seconds
[2024-12-09T13:21:24.612+0000] {processor.py:186} INFO - Started process (PID=781) to work on /home/airflow/.local/lib/python3.12/site-packages/airflow/example_dags/example_inlet_event_extra.py
[2024-12-09T13:21:24.612+0000] {processor.py:914} INFO - Processing file /home/airflow/.local/lib/python3.12/site-packages/airflow/example_dags/example_inlet_event_extra.py for tasks to queue
[2024-12-09T13:21:24.614+0000] {logging_mixin.py:190} INFO - [2024-12-09T13:21:24.614+0000] {dagbag.py:588} INFO - Filling up the DagBag from /home/airflow/.local/lib/python3.12/site-packages/airflow/example_dags/example_inlet_event_extra.py
[2024-12-09T13:21:25.111+0000] {processor.py:925} INFO - DAG(s) 'read_dataset_event', 'read_dataset_event_from_classic' retrieved from /home/airflow/.local/lib/python3.12/site-packages/airflow/example_dags/example_inlet_event_extra.py
[2024-12-09T13:21:25.128+0000] {logging_mixin.py:190} INFO - [2024-12-09T13:21:25.128+0000] {dag.py:3239} INFO - Sync 2 DAGs
[2024-12-09T13:21:25.152+0000] {logging_mixin.py:190} INFO - [2024-12-09T13:21:25.152+0000] {dag.py:4180} INFO - Setting next_dagrun for read_dataset_event to 2024-12-08 00:00:00+00:00, run_after=2024-12-09 00:00:00+00:00
[2024-12-09T13:21:25.157+0000] {logging_mixin.py:190} INFO - [2024-12-09T13:21:25.157+0000] {dag.py:4180} INFO - Setting next_dagrun for read_dataset_event_from_classic to 2024-12-08 00:00:00+00:00, run_after=2024-12-09 00:00:00+00:00
[2024-12-09T13:21:25.170+0000] {processor.py:208} INFO - Processing /home/airflow/.local/lib/python3.12/site-packages/airflow/example_dags/example_inlet_event_extra.py took 0.563 seconds
[2024-12-09T13:21:55.698+0000] {processor.py:186} INFO - Started process (PID=844) to work on /home/airflow/.local/lib/python3.12/site-packages/airflow/example_dags/example_inlet_event_extra.py
[2024-12-09T13:21:55.698+0000] {processor.py:914} INFO - Processing file /home/airflow/.local/lib/python3.12/site-packages/airflow/example_dags/example_inlet_event_extra.py for tasks to queue
[2024-12-09T13:21:55.700+0000] {logging_mixin.py:190} INFO - [2024-12-09T13:21:55.700+0000] {dagbag.py:588} INFO - Filling up the DagBag from /home/airflow/.local/lib/python3.12/site-packages/airflow/example_dags/example_inlet_event_extra.py
[2024-12-09T13:21:56.193+0000] {processor.py:925} INFO - DAG(s) 'read_dataset_event', 'read_dataset_event_from_classic' retrieved from /home/airflow/.local/lib/python3.12/site-packages/airflow/example_dags/example_inlet_event_extra.py
[2024-12-09T13:21:56.212+0000] {logging_mixin.py:190} INFO - [2024-12-09T13:21:56.212+0000] {dag.py:3239} INFO - Sync 2 DAGs
[2024-12-09T13:21:56.233+0000] {logging_mixin.py:190} INFO - [2024-12-09T13:21:56.233+0000] {dag.py:4180} INFO - Setting next_dagrun for read_dataset_event to 2024-12-08 00:00:00+00:00, run_after=2024-12-09 00:00:00+00:00
[2024-12-09T13:21:56.237+0000] {logging_mixin.py:190} INFO - [2024-12-09T13:21:56.237+0000] {dag.py:4180} INFO - Setting next_dagrun for read_dataset_event_from_classic to 2024-12-08 00:00:00+00:00, run_after=2024-12-09 00:00:00+00:00
[2024-12-09T13:21:56.250+0000] {processor.py:208} INFO - Processing /home/airflow/.local/lib/python3.12/site-packages/airflow/example_dags/example_inlet_event_extra.py took 0.557 seconds
[2024-12-09T13:22:26.783+0000] {processor.py:186} INFO - Started process (PID=906) to work on /home/airflow/.local/lib/python3.12/site-packages/airflow/example_dags/example_inlet_event_extra.py
[2024-12-09T13:22:26.784+0000] {processor.py:914} INFO - Processing file /home/airflow/.local/lib/python3.12/site-packages/airflow/example_dags/example_inlet_event_extra.py for tasks to queue
[2024-12-09T13:22:26.786+0000] {logging_mixin.py:190} INFO - [2024-12-09T13:22:26.785+0000] {dagbag.py:588} INFO - Filling up the DagBag from /home/airflow/.local/lib/python3.12/site-packages/airflow/example_dags/example_inlet_event_extra.py
[2024-12-09T13:22:27.287+0000] {processor.py:925} INFO - DAG(s) 'read_dataset_event', 'read_dataset_event_from_classic' retrieved from /home/airflow/.local/lib/python3.12/site-packages/airflow/example_dags/example_inlet_event_extra.py
[2024-12-09T13:22:27.303+0000] {logging_mixin.py:190} INFO - [2024-12-09T13:22:27.303+0000] {dag.py:3239} INFO - Sync 2 DAGs
[2024-12-09T13:22:27.323+0000] {logging_mixin.py:190} INFO - [2024-12-09T13:22:27.323+0000] {dag.py:4180} INFO - Setting next_dagrun for read_dataset_event to 2024-12-08 00:00:00+00:00, run_after=2024-12-09 00:00:00+00:00
[2024-12-09T13:22:27.327+0000] {logging_mixin.py:190} INFO - [2024-12-09T13:22:27.327+0000] {dag.py:4180} INFO - Setting next_dagrun for read_dataset_event_from_classic to 2024-12-08 00:00:00+00:00, run_after=2024-12-09 00:00:00+00:00
[2024-12-09T13:22:27.339+0000] {processor.py:208} INFO - Processing /home/airflow/.local/lib/python3.12/site-packages/airflow/example_dags/example_inlet_event_extra.py took 0.560 seconds
[2024-12-09T13:22:57.921+0000] {processor.py:186} INFO - Started process (PID=969) to work on /home/airflow/.local/lib/python3.12/site-packages/airflow/example_dags/example_inlet_event_extra.py
[2024-12-09T13:22:57.922+0000] {processor.py:914} INFO - Processing file /home/airflow/.local/lib/python3.12/site-packages/airflow/example_dags/example_inlet_event_extra.py for tasks to queue
[2024-12-09T13:22:57.923+0000] {logging_mixin.py:190} INFO - [2024-12-09T13:22:57.923+0000] {dagbag.py:588} INFO - Filling up the DagBag from /home/airflow/.local/lib/python3.12/site-packages/airflow/example_dags/example_inlet_event_extra.py
[2024-12-09T13:22:58.406+0000] {processor.py:925} INFO - DAG(s) 'read_dataset_event', 'read_dataset_event_from_classic' retrieved from /home/airflow/.local/lib/python3.12/site-packages/airflow/example_dags/example_inlet_event_extra.py
[2024-12-09T13:22:58.422+0000] {logging_mixin.py:190} INFO - [2024-12-09T13:22:58.422+0000] {dag.py:3239} INFO - Sync 2 DAGs
[2024-12-09T13:22:58.441+0000] {logging_mixin.py:190} INFO - [2024-12-09T13:22:58.441+0000] {dag.py:4180} INFO - Setting next_dagrun for read_dataset_event to 2024-12-08 00:00:00+00:00, run_after=2024-12-09 00:00:00+00:00
[2024-12-09T13:22:58.446+0000] {logging_mixin.py:190} INFO - [2024-12-09T13:22:58.445+0000] {dag.py:4180} INFO - Setting next_dagrun for read_dataset_event_from_classic to 2024-12-08 00:00:00+00:00, run_after=2024-12-09 00:00:00+00:00
[2024-12-09T13:22:58.457+0000] {processor.py:208} INFO - Processing /home/airflow/.local/lib/python3.12/site-packages/airflow/example_dags/example_inlet_event_extra.py took 0.541 seconds
[2024-12-09T13:23:29.773+0000] {processor.py:186} INFO - Started process (PID=1033) to work on /home/airflow/.local/lib/python3.12/site-packages/airflow/example_dags/example_inlet_event_extra.py
[2024-12-09T13:23:29.774+0000] {processor.py:914} INFO - Processing file /home/airflow/.local/lib/python3.12/site-packages/airflow/example_dags/example_inlet_event_extra.py for tasks to queue
[2024-12-09T13:23:29.776+0000] {logging_mixin.py:190} INFO - [2024-12-09T13:23:29.776+0000] {dagbag.py:588} INFO - Filling up the DagBag from /home/airflow/.local/lib/python3.12/site-packages/airflow/example_dags/example_inlet_event_extra.py
[2024-12-09T13:23:30.245+0000] {processor.py:925} INFO - DAG(s) 'read_dataset_event', 'read_dataset_event_from_classic' retrieved from /home/airflow/.local/lib/python3.12/site-packages/airflow/example_dags/example_inlet_event_extra.py
[2024-12-09T13:23:30.264+0000] {logging_mixin.py:190} INFO - [2024-12-09T13:23:30.263+0000] {dag.py:3239} INFO - Sync 2 DAGs
[2024-12-09T13:23:30.286+0000] {logging_mixin.py:190} INFO - [2024-12-09T13:23:30.286+0000] {dag.py:4180} INFO - Setting next_dagrun for read_dataset_event to 2024-12-08 00:00:00+00:00, run_after=2024-12-09 00:00:00+00:00
[2024-12-09T13:23:30.292+0000] {logging_mixin.py:190} INFO - [2024-12-09T13:23:30.291+0000] {dag.py:4180} INFO - Setting next_dagrun for read_dataset_event_from_classic to 2024-12-08 00:00:00+00:00, run_after=2024-12-09 00:00:00+00:00
[2024-12-09T13:23:30.305+0000] {processor.py:208} INFO - Processing /home/airflow/.local/lib/python3.12/site-packages/airflow/example_dags/example_inlet_event_extra.py took 0.538 seconds
[2024-12-09T13:24:02.745+0000] {processor.py:186} INFO - Started process (PID=1095) to work on /home/airflow/.local/lib/python3.12/site-packages/airflow/example_dags/example_inlet_event_extra.py
[2024-12-09T13:24:02.746+0000] {processor.py:914} INFO - Processing file /home/airflow/.local/lib/python3.12/site-packages/airflow/example_dags/example_inlet_event_extra.py for tasks to queue
[2024-12-09T13:24:02.748+0000] {logging_mixin.py:190} INFO - [2024-12-09T13:24:02.748+0000] {dagbag.py:588} INFO - Filling up the DagBag from /home/airflow/.local/lib/python3.12/site-packages/airflow/example_dags/example_inlet_event_extra.py
[2024-12-09T13:24:03.253+0000] {processor.py:925} INFO - DAG(s) 'read_dataset_event_from_classic', 'read_dataset_event' retrieved from /home/airflow/.local/lib/python3.12/site-packages/airflow/example_dags/example_inlet_event_extra.py
[2024-12-09T13:24:03.270+0000] {logging_mixin.py:190} INFO - [2024-12-09T13:24:03.270+0000] {dag.py:3239} INFO - Sync 2 DAGs
[2024-12-09T13:24:03.289+0000] {logging_mixin.py:190} INFO - [2024-12-09T13:24:03.289+0000] {dag.py:4180} INFO - Setting next_dagrun for read_dataset_event to 2024-12-08 00:00:00+00:00, run_after=2024-12-09 00:00:00+00:00
[2024-12-09T13:24:03.293+0000] {logging_mixin.py:190} INFO - [2024-12-09T13:24:03.293+0000] {dag.py:4180} INFO - Setting next_dagrun for read_dataset_event_from_classic to 2024-12-08 00:00:00+00:00, run_after=2024-12-09 00:00:00+00:00
[2024-12-09T13:24:03.309+0000] {processor.py:208} INFO - Processing /home/airflow/.local/lib/python3.12/site-packages/airflow/example_dags/example_inlet_event_extra.py took 0.568 seconds
[2024-12-09T13:24:36.304+0000] {processor.py:186} INFO - Started process (PID=1158) to work on /home/airflow/.local/lib/python3.12/site-packages/airflow/example_dags/example_inlet_event_extra.py
[2024-12-09T13:24:36.305+0000] {processor.py:914} INFO - Processing file /home/airflow/.local/lib/python3.12/site-packages/airflow/example_dags/example_inlet_event_extra.py for tasks to queue
[2024-12-09T13:24:36.307+0000] {logging_mixin.py:190} INFO - [2024-12-09T13:24:36.307+0000] {dagbag.py:588} INFO - Filling up the DagBag from /home/airflow/.local/lib/python3.12/site-packages/airflow/example_dags/example_inlet_event_extra.py
[2024-12-09T13:24:36.815+0000] {processor.py:925} INFO - DAG(s) 'read_dataset_event', 'read_dataset_event_from_classic' retrieved from /home/airflow/.local/lib/python3.12/site-packages/airflow/example_dags/example_inlet_event_extra.py
[2024-12-09T13:24:36.832+0000] {logging_mixin.py:190} INFO - [2024-12-09T13:24:36.832+0000] {dag.py:3239} INFO - Sync 2 DAGs
[2024-12-09T13:24:36.853+0000] {logging_mixin.py:190} INFO - [2024-12-09T13:24:36.852+0000] {dag.py:4180} INFO - Setting next_dagrun for read_dataset_event to 2024-12-08 00:00:00+00:00, run_after=2024-12-09 00:00:00+00:00
[2024-12-09T13:24:36.857+0000] {logging_mixin.py:190} INFO - [2024-12-09T13:24:36.857+0000] {dag.py:4180} INFO - Setting next_dagrun for read_dataset_event_from_classic to 2024-12-08 00:00:00+00:00, run_after=2024-12-09 00:00:00+00:00
[2024-12-09T13:24:36.873+0000] {processor.py:208} INFO - Processing /home/airflow/.local/lib/python3.12/site-packages/airflow/example_dags/example_inlet_event_extra.py took 0.573 seconds
[2024-12-09T13:25:08.129+0000] {processor.py:186} INFO - Started process (PID=1222) to work on /home/airflow/.local/lib/python3.12/site-packages/airflow/example_dags/example_inlet_event_extra.py
[2024-12-09T13:25:08.130+0000] {processor.py:914} INFO - Processing file /home/airflow/.local/lib/python3.12/site-packages/airflow/example_dags/example_inlet_event_extra.py for tasks to queue
[2024-12-09T13:25:08.131+0000] {logging_mixin.py:190} INFO - [2024-12-09T13:25:08.131+0000] {dagbag.py:588} INFO - Filling up the DagBag from /home/airflow/.local/lib/python3.12/site-packages/airflow/example_dags/example_inlet_event_extra.py
[2024-12-09T13:25:08.636+0000] {processor.py:925} INFO - DAG(s) 'read_dataset_event_from_classic', 'read_dataset_event' retrieved from /home/airflow/.local/lib/python3.12/site-packages/airflow/example_dags/example_inlet_event_extra.py
[2024-12-09T13:25:08.654+0000] {logging_mixin.py:190} INFO - [2024-12-09T13:25:08.653+0000] {dag.py:3239} INFO - Sync 2 DAGs
[2024-12-09T13:25:08.673+0000] {logging_mixin.py:190} INFO - [2024-12-09T13:25:08.673+0000] {dag.py:4180} INFO - Setting next_dagrun for read_dataset_event to 2024-12-08 00:00:00+00:00, run_after=2024-12-09 00:00:00+00:00
[2024-12-09T13:25:08.677+0000] {logging_mixin.py:190} INFO - [2024-12-09T13:25:08.677+0000] {dag.py:4180} INFO - Setting next_dagrun for read_dataset_event_from_classic to 2024-12-08 00:00:00+00:00, run_after=2024-12-09 00:00:00+00:00
[2024-12-09T13:25:08.692+0000] {processor.py:208} INFO - Processing /home/airflow/.local/lib/python3.12/site-packages/airflow/example_dags/example_inlet_event_extra.py took 0.568 seconds
[2024-12-09T13:25:40.576+0000] {processor.py:186} INFO - Started process (PID=1276) to work on /home/airflow/.local/lib/python3.12/site-packages/airflow/example_dags/example_inlet_event_extra.py
[2024-12-09T13:25:40.577+0000] {processor.py:914} INFO - Processing file /home/airflow/.local/lib/python3.12/site-packages/airflow/example_dags/example_inlet_event_extra.py for tasks to queue
[2024-12-09T13:25:40.578+0000] {logging_mixin.py:190} INFO - [2024-12-09T13:25:40.578+0000] {dagbag.py:588} INFO - Filling up the DagBag from /home/airflow/.local/lib/python3.12/site-packages/airflow/example_dags/example_inlet_event_extra.py
[2024-12-09T13:25:41.094+0000] {processor.py:925} INFO - DAG(s) 'read_dataset_event', 'read_dataset_event_from_classic' retrieved from /home/airflow/.local/lib/python3.12/site-packages/airflow/example_dags/example_inlet_event_extra.py
[2024-12-09T13:25:41.111+0000] {logging_mixin.py:190} INFO - [2024-12-09T13:25:41.111+0000] {dag.py:3239} INFO - Sync 2 DAGs
[2024-12-09T13:25:41.133+0000] {logging_mixin.py:190} INFO - [2024-12-09T13:25:41.133+0000] {dag.py:4180} INFO - Setting next_dagrun for read_dataset_event to 2024-12-08 00:00:00+00:00, run_after=2024-12-09 00:00:00+00:00
[2024-12-09T13:25:41.137+0000] {logging_mixin.py:190} INFO - [2024-12-09T13:25:41.137+0000] {dag.py:4180} INFO - Setting next_dagrun for read_dataset_event_from_classic to 2024-12-08 00:00:00+00:00, run_after=2024-12-09 00:00:00+00:00
[2024-12-09T13:25:41.150+0000] {processor.py:208} INFO - Processing /home/airflow/.local/lib/python3.12/site-packages/airflow/example_dags/example_inlet_event_extra.py took 0.579 seconds
[2024-12-09T13:26:13.905+0000] {processor.py:186} INFO - Started process (PID=1339) to work on /home/airflow/.local/lib/python3.12/site-packages/airflow/example_dags/example_inlet_event_extra.py
[2024-12-09T13:26:13.906+0000] {processor.py:914} INFO - Processing file /home/airflow/.local/lib/python3.12/site-packages/airflow/example_dags/example_inlet_event_extra.py for tasks to queue
[2024-12-09T13:26:13.908+0000] {logging_mixin.py:190} INFO - [2024-12-09T13:26:13.907+0000] {dagbag.py:588} INFO - Filling up the DagBag from /home/airflow/.local/lib/python3.12/site-packages/airflow/example_dags/example_inlet_event_extra.py
[2024-12-09T13:26:14.450+0000] {processor.py:925} INFO - DAG(s) 'read_dataset_event_from_classic', 'read_dataset_event' retrieved from /home/airflow/.local/lib/python3.12/site-packages/airflow/example_dags/example_inlet_event_extra.py
[2024-12-09T13:26:14.469+0000] {logging_mixin.py:190} INFO - [2024-12-09T13:26:14.468+0000] {dag.py:3239} INFO - Sync 2 DAGs
[2024-12-09T13:26:14.491+0000] {logging_mixin.py:190} INFO - [2024-12-09T13:26:14.491+0000] {dag.py:4180} INFO - Setting next_dagrun for read_dataset_event to 2024-12-08 00:00:00+00:00, run_after=2024-12-09 00:00:00+00:00
[2024-12-09T13:26:14.496+0000] {logging_mixin.py:190} INFO - [2024-12-09T13:26:14.496+0000] {dag.py:4180} INFO - Setting next_dagrun for read_dataset_event_from_classic to 2024-12-08 00:00:00+00:00, run_after=2024-12-09 00:00:00+00:00
[2024-12-09T13:26:14.510+0000] {processor.py:208} INFO - Processing /home/airflow/.local/lib/python3.12/site-packages/airflow/example_dags/example_inlet_event_extra.py took 0.610 seconds
[2024-12-09T13:26:45.932+0000] {processor.py:186} INFO - Started process (PID=1408) to work on /home/airflow/.local/lib/python3.12/site-packages/airflow/example_dags/example_inlet_event_extra.py
[2024-12-09T13:26:45.932+0000] {processor.py:914} INFO - Processing file /home/airflow/.local/lib/python3.12/site-packages/airflow/example_dags/example_inlet_event_extra.py for tasks to queue
[2024-12-09T13:26:45.935+0000] {logging_mixin.py:190} INFO - [2024-12-09T13:26:45.934+0000] {dagbag.py:588} INFO - Filling up the DagBag from /home/airflow/.local/lib/python3.12/site-packages/airflow/example_dags/example_inlet_event_extra.py
[2024-12-09T13:26:46.451+0000] {processor.py:925} INFO - DAG(s) 'read_dataset_event', 'read_dataset_event_from_classic' retrieved from /home/airflow/.local/lib/python3.12/site-packages/airflow/example_dags/example_inlet_event_extra.py
[2024-12-09T13:26:46.469+0000] {logging_mixin.py:190} INFO - [2024-12-09T13:26:46.469+0000] {dag.py:3239} INFO - Sync 2 DAGs
[2024-12-09T13:26:46.489+0000] {logging_mixin.py:190} INFO - [2024-12-09T13:26:46.489+0000] {dag.py:4180} INFO - Setting next_dagrun for read_dataset_event to 2024-12-08 00:00:00+00:00, run_after=2024-12-09 00:00:00+00:00
[2024-12-09T13:26:46.493+0000] {logging_mixin.py:190} INFO - [2024-12-09T13:26:46.493+0000] {dag.py:4180} INFO - Setting next_dagrun for read_dataset_event_from_classic to 2024-12-08 00:00:00+00:00, run_after=2024-12-09 00:00:00+00:00
[2024-12-09T13:26:46.509+0000] {processor.py:208} INFO - Processing /home/airflow/.local/lib/python3.12/site-packages/airflow/example_dags/example_inlet_event_extra.py took 0.582 seconds
[2024-12-09T13:27:18.203+0000] {processor.py:186} INFO - Started process (PID=1455) to work on /home/airflow/.local/lib/python3.12/site-packages/airflow/example_dags/example_inlet_event_extra.py
[2024-12-09T13:27:18.204+0000] {processor.py:914} INFO - Processing file /home/airflow/.local/lib/python3.12/site-packages/airflow/example_dags/example_inlet_event_extra.py for tasks to queue
[2024-12-09T13:27:18.206+0000] {logging_mixin.py:190} INFO - [2024-12-09T13:27:18.206+0000] {dagbag.py:588} INFO - Filling up the DagBag from /home/airflow/.local/lib/python3.12/site-packages/airflow/example_dags/example_inlet_event_extra.py
[2024-12-09T13:27:18.694+0000] {processor.py:925} INFO - DAG(s) 'read_dataset_event', 'read_dataset_event_from_classic' retrieved from /home/airflow/.local/lib/python3.12/site-packages/airflow/example_dags/example_inlet_event_extra.py
[2024-12-09T13:27:18.711+0000] {logging_mixin.py:190} INFO - [2024-12-09T13:27:18.710+0000] {dag.py:3239} INFO - Sync 2 DAGs
[2024-12-09T13:27:18.731+0000] {logging_mixin.py:190} INFO - [2024-12-09T13:27:18.730+0000] {dag.py:4180} INFO - Setting next_dagrun for read_dataset_event to 2024-12-08 00:00:00+00:00, run_after=2024-12-09 00:00:00+00:00
[2024-12-09T13:27:18.735+0000] {logging_mixin.py:190} INFO - [2024-12-09T13:27:18.735+0000] {dag.py:4180} INFO - Setting next_dagrun for read_dataset_event_from_classic to 2024-12-08 00:00:00+00:00, run_after=2024-12-09 00:00:00+00:00
[2024-12-09T13:27:18.749+0000] {processor.py:208} INFO - Processing /home/airflow/.local/lib/python3.12/site-packages/airflow/example_dags/example_inlet_event_extra.py took 0.550 seconds
