[2024-12-09T13:15:49.784+0000] {processor.py:186} INFO - Started process (PID=114) to work on /home/airflow/.local/lib/python3.12/site-packages/airflow/example_dags/example_trigger_target_dag.py
[2024-12-09T13:15:49.785+0000] {processor.py:914} INFO - Processing file /home/airflow/.local/lib/python3.12/site-packages/airflow/example_dags/example_trigger_target_dag.py for tasks to queue
[2024-12-09T13:15:49.786+0000] {logging_mixin.py:190} INFO - [2024-12-09T13:15:49.786+0000] {dagbag.py:588} INFO - Filling up the DagBag from /home/airflow/.local/lib/python3.12/site-packages/airflow/example_dags/example_trigger_target_dag.py
[2024-12-09T13:15:49.793+0000] {processor.py:925} INFO - DAG(s) 'example_trigger_target_dag' retrieved from /home/airflow/.local/lib/python3.12/site-packages/airflow/example_dags/example_trigger_target_dag.py
[2024-12-09T13:15:49.881+0000] {logging_mixin.py:190} INFO - [2024-12-09T13:15:49.880+0000] {override.py:1911} INFO - Created Permission View: can delete on DAG:example_trigger_target_dag
[2024-12-09T13:15:49.889+0000] {logging_mixin.py:190} INFO - [2024-12-09T13:15:49.889+0000] {override.py:1911} INFO - Created Permission View: can edit on DAG:example_trigger_target_dag
[2024-12-09T13:15:49.894+0000] {logging_mixin.py:190} INFO - [2024-12-09T13:15:49.894+0000] {override.py:1911} INFO - Created Permission View: can read on DAG:example_trigger_target_dag
[2024-12-09T13:15:49.901+0000] {logging_mixin.py:190} INFO - [2024-12-09T13:15:49.900+0000] {override.py:1911} INFO - Created Permission View: menu access on DAG Run:example_trigger_target_dag
[2024-12-09T13:15:49.906+0000] {logging_mixin.py:190} INFO - [2024-12-09T13:15:49.906+0000] {override.py:1911} INFO - Created Permission View: can create on DAG Run:example_trigger_target_dag
[2024-12-09T13:15:49.911+0000] {logging_mixin.py:190} INFO - [2024-12-09T13:15:49.911+0000] {override.py:1911} INFO - Created Permission View: can delete on DAG Run:example_trigger_target_dag
[2024-12-09T13:15:49.917+0000] {logging_mixin.py:190} INFO - [2024-12-09T13:15:49.916+0000] {override.py:1911} INFO - Created Permission View: can read on DAG Run:example_trigger_target_dag
[2024-12-09T13:15:49.917+0000] {logging_mixin.py:190} INFO - [2024-12-09T13:15:49.917+0000] {dag.py:3239} INFO - Sync 1 DAGs
[2024-12-09T13:15:49.929+0000] {logging_mixin.py:190} INFO - [2024-12-09T13:15:49.929+0000] {dag.py:3262} INFO - Creating ORM DAG for example_trigger_target_dag
[2024-12-09T13:15:49.930+0000] {logging_mixin.py:190} INFO - [2024-12-09T13:15:49.930+0000] {dag.py:4180} INFO - Setting next_dagrun for example_trigger_target_dag to None, run_after=None
[2024-12-09T13:15:49.944+0000] {processor.py:208} INFO - Processing /home/airflow/.local/lib/python3.12/site-packages/airflow/example_dags/example_trigger_target_dag.py took 0.165 seconds
[2024-12-09T13:16:21.607+0000] {processor.py:186} INFO - Started process (PID=177) to work on /home/airflow/.local/lib/python3.12/site-packages/airflow/example_dags/example_trigger_target_dag.py
[2024-12-09T13:16:21.608+0000] {processor.py:914} INFO - Processing file /home/airflow/.local/lib/python3.12/site-packages/airflow/example_dags/example_trigger_target_dag.py for tasks to queue
[2024-12-09T13:16:21.609+0000] {logging_mixin.py:190} INFO - [2024-12-09T13:16:21.609+0000] {dagbag.py:588} INFO - Filling up the DagBag from /home/airflow/.local/lib/python3.12/site-packages/airflow/example_dags/example_trigger_target_dag.py
[2024-12-09T13:16:21.617+0000] {processor.py:925} INFO - DAG(s) 'example_trigger_target_dag' retrieved from /home/airflow/.local/lib/python3.12/site-packages/airflow/example_dags/example_trigger_target_dag.py
[2024-12-09T13:16:21.633+0000] {logging_mixin.py:190} INFO - [2024-12-09T13:16:21.633+0000] {dag.py:3239} INFO - Sync 1 DAGs
[2024-12-09T13:16:21.646+0000] {logging_mixin.py:190} INFO - [2024-12-09T13:16:21.646+0000] {dag.py:4180} INFO - Setting next_dagrun for example_trigger_target_dag to None, run_after=None
[2024-12-09T13:16:21.662+0000] {processor.py:208} INFO - Processing /home/airflow/.local/lib/python3.12/site-packages/airflow/example_dags/example_trigger_target_dag.py took 0.060 seconds
[2024-12-09T13:16:54.481+0000] {processor.py:186} INFO - Started process (PID=240) to work on /home/airflow/.local/lib/python3.12/site-packages/airflow/example_dags/example_trigger_target_dag.py
[2024-12-09T13:16:54.482+0000] {processor.py:914} INFO - Processing file /home/airflow/.local/lib/python3.12/site-packages/airflow/example_dags/example_trigger_target_dag.py for tasks to queue
[2024-12-09T13:16:54.484+0000] {logging_mixin.py:190} INFO - [2024-12-09T13:16:54.484+0000] {dagbag.py:588} INFO - Filling up the DagBag from /home/airflow/.local/lib/python3.12/site-packages/airflow/example_dags/example_trigger_target_dag.py
[2024-12-09T13:16:54.490+0000] {processor.py:925} INFO - DAG(s) 'example_trigger_target_dag' retrieved from /home/airflow/.local/lib/python3.12/site-packages/airflow/example_dags/example_trigger_target_dag.py
[2024-12-09T13:16:54.507+0000] {logging_mixin.py:190} INFO - [2024-12-09T13:16:54.507+0000] {dag.py:3239} INFO - Sync 1 DAGs
[2024-12-09T13:16:54.519+0000] {logging_mixin.py:190} INFO - [2024-12-09T13:16:54.519+0000] {dag.py:4180} INFO - Setting next_dagrun for example_trigger_target_dag to None, run_after=None
[2024-12-09T13:16:54.534+0000] {processor.py:208} INFO - Processing /home/airflow/.local/lib/python3.12/site-packages/airflow/example_dags/example_trigger_target_dag.py took 0.057 seconds
[2024-12-09T13:17:27.573+0000] {processor.py:186} INFO - Started process (PID=303) to work on /home/airflow/.local/lib/python3.12/site-packages/airflow/example_dags/example_trigger_target_dag.py
[2024-12-09T13:17:27.574+0000] {processor.py:914} INFO - Processing file /home/airflow/.local/lib/python3.12/site-packages/airflow/example_dags/example_trigger_target_dag.py for tasks to queue
[2024-12-09T13:17:27.576+0000] {logging_mixin.py:190} INFO - [2024-12-09T13:17:27.576+0000] {dagbag.py:588} INFO - Filling up the DagBag from /home/airflow/.local/lib/python3.12/site-packages/airflow/example_dags/example_trigger_target_dag.py
[2024-12-09T13:17:27.583+0000] {processor.py:925} INFO - DAG(s) 'example_trigger_target_dag' retrieved from /home/airflow/.local/lib/python3.12/site-packages/airflow/example_dags/example_trigger_target_dag.py
[2024-12-09T13:17:27.599+0000] {logging_mixin.py:190} INFO - [2024-12-09T13:17:27.599+0000] {dag.py:3239} INFO - Sync 1 DAGs
[2024-12-09T13:17:27.611+0000] {logging_mixin.py:190} INFO - [2024-12-09T13:17:27.610+0000] {dag.py:4180} INFO - Setting next_dagrun for example_trigger_target_dag to None, run_after=None
[2024-12-09T13:17:27.626+0000] {processor.py:208} INFO - Processing /home/airflow/.local/lib/python3.12/site-packages/airflow/example_dags/example_trigger_target_dag.py took 0.057 seconds
[2024-12-09T13:17:59.770+0000] {processor.py:186} INFO - Started process (PID=366) to work on /home/airflow/.local/lib/python3.12/site-packages/airflow/example_dags/example_trigger_target_dag.py
[2024-12-09T13:17:59.770+0000] {processor.py:914} INFO - Processing file /home/airflow/.local/lib/python3.12/site-packages/airflow/example_dags/example_trigger_target_dag.py for tasks to queue
[2024-12-09T13:17:59.772+0000] {logging_mixin.py:190} INFO - [2024-12-09T13:17:59.772+0000] {dagbag.py:588} INFO - Filling up the DagBag from /home/airflow/.local/lib/python3.12/site-packages/airflow/example_dags/example_trigger_target_dag.py
[2024-12-09T13:17:59.779+0000] {processor.py:925} INFO - DAG(s) 'example_trigger_target_dag' retrieved from /home/airflow/.local/lib/python3.12/site-packages/airflow/example_dags/example_trigger_target_dag.py
[2024-12-09T13:17:59.794+0000] {logging_mixin.py:190} INFO - [2024-12-09T13:17:59.794+0000] {dag.py:3239} INFO - Sync 1 DAGs
[2024-12-09T13:17:59.807+0000] {logging_mixin.py:190} INFO - [2024-12-09T13:17:59.806+0000] {dag.py:4180} INFO - Setting next_dagrun for example_trigger_target_dag to None, run_after=None
[2024-12-09T13:17:59.823+0000] {processor.py:208} INFO - Processing /home/airflow/.local/lib/python3.12/site-packages/airflow/example_dags/example_trigger_target_dag.py took 0.058 seconds
[2024-12-09T13:18:32.780+0000] {processor.py:186} INFO - Started process (PID=429) to work on /home/airflow/.local/lib/python3.12/site-packages/airflow/example_dags/example_trigger_target_dag.py
[2024-12-09T13:18:32.781+0000] {processor.py:914} INFO - Processing file /home/airflow/.local/lib/python3.12/site-packages/airflow/example_dags/example_trigger_target_dag.py for tasks to queue
[2024-12-09T13:18:32.783+0000] {logging_mixin.py:190} INFO - [2024-12-09T13:18:32.783+0000] {dagbag.py:588} INFO - Filling up the DagBag from /home/airflow/.local/lib/python3.12/site-packages/airflow/example_dags/example_trigger_target_dag.py
[2024-12-09T13:18:32.790+0000] {processor.py:925} INFO - DAG(s) 'example_trigger_target_dag' retrieved from /home/airflow/.local/lib/python3.12/site-packages/airflow/example_dags/example_trigger_target_dag.py
[2024-12-09T13:18:32.806+0000] {logging_mixin.py:190} INFO - [2024-12-09T13:18:32.805+0000] {dag.py:3239} INFO - Sync 1 DAGs
[2024-12-09T13:18:32.819+0000] {logging_mixin.py:190} INFO - [2024-12-09T13:18:32.818+0000] {dag.py:4180} INFO - Setting next_dagrun for example_trigger_target_dag to None, run_after=None
[2024-12-09T13:18:32.835+0000] {processor.py:208} INFO - Processing /home/airflow/.local/lib/python3.12/site-packages/airflow/example_dags/example_trigger_target_dag.py took 0.061 seconds
[2024-12-09T13:19:05.631+0000] {processor.py:186} INFO - Started process (PID=492) to work on /home/airflow/.local/lib/python3.12/site-packages/airflow/example_dags/example_trigger_target_dag.py
[2024-12-09T13:19:05.632+0000] {processor.py:914} INFO - Processing file /home/airflow/.local/lib/python3.12/site-packages/airflow/example_dags/example_trigger_target_dag.py for tasks to queue
[2024-12-09T13:19:05.634+0000] {logging_mixin.py:190} INFO - [2024-12-09T13:19:05.634+0000] {dagbag.py:588} INFO - Filling up the DagBag from /home/airflow/.local/lib/python3.12/site-packages/airflow/example_dags/example_trigger_target_dag.py
[2024-12-09T13:19:05.640+0000] {processor.py:925} INFO - DAG(s) 'example_trigger_target_dag' retrieved from /home/airflow/.local/lib/python3.12/site-packages/airflow/example_dags/example_trigger_target_dag.py
[2024-12-09T13:19:05.657+0000] {logging_mixin.py:190} INFO - [2024-12-09T13:19:05.656+0000] {dag.py:3239} INFO - Sync 1 DAGs
[2024-12-09T13:19:05.669+0000] {logging_mixin.py:190} INFO - [2024-12-09T13:19:05.669+0000] {dag.py:4180} INFO - Setting next_dagrun for example_trigger_target_dag to None, run_after=None
[2024-12-09T13:19:05.686+0000] {processor.py:208} INFO - Processing /home/airflow/.local/lib/python3.12/site-packages/airflow/example_dags/example_trigger_target_dag.py took 0.059 seconds
[2024-12-09T13:19:38.702+0000] {processor.py:186} INFO - Started process (PID=555) to work on /home/airflow/.local/lib/python3.12/site-packages/airflow/example_dags/example_trigger_target_dag.py
[2024-12-09T13:19:38.702+0000] {processor.py:914} INFO - Processing file /home/airflow/.local/lib/python3.12/site-packages/airflow/example_dags/example_trigger_target_dag.py for tasks to queue
[2024-12-09T13:19:38.704+0000] {logging_mixin.py:190} INFO - [2024-12-09T13:19:38.704+0000] {dagbag.py:588} INFO - Filling up the DagBag from /home/airflow/.local/lib/python3.12/site-packages/airflow/example_dags/example_trigger_target_dag.py
[2024-12-09T13:19:38.711+0000] {processor.py:925} INFO - DAG(s) 'example_trigger_target_dag' retrieved from /home/airflow/.local/lib/python3.12/site-packages/airflow/example_dags/example_trigger_target_dag.py
[2024-12-09T13:19:38.728+0000] {logging_mixin.py:190} INFO - [2024-12-09T13:19:38.728+0000] {dag.py:3239} INFO - Sync 1 DAGs
[2024-12-09T13:19:38.743+0000] {logging_mixin.py:190} INFO - [2024-12-09T13:19:38.742+0000] {dag.py:4180} INFO - Setting next_dagrun for example_trigger_target_dag to None, run_after=None
[2024-12-09T13:19:38.761+0000] {processor.py:208} INFO - Processing /home/airflow/.local/lib/python3.12/site-packages/airflow/example_dags/example_trigger_target_dag.py took 0.064 seconds
[2024-12-09T13:20:11.158+0000] {processor.py:186} INFO - Started process (PID=618) to work on /home/airflow/.local/lib/python3.12/site-packages/airflow/example_dags/example_trigger_target_dag.py
[2024-12-09T13:20:11.158+0000] {processor.py:914} INFO - Processing file /home/airflow/.local/lib/python3.12/site-packages/airflow/example_dags/example_trigger_target_dag.py for tasks to queue
[2024-12-09T13:20:11.160+0000] {logging_mixin.py:190} INFO - [2024-12-09T13:20:11.160+0000] {dagbag.py:588} INFO - Filling up the DagBag from /home/airflow/.local/lib/python3.12/site-packages/airflow/example_dags/example_trigger_target_dag.py
[2024-12-09T13:20:11.168+0000] {processor.py:925} INFO - DAG(s) 'example_trigger_target_dag' retrieved from /home/airflow/.local/lib/python3.12/site-packages/airflow/example_dags/example_trigger_target_dag.py
[2024-12-09T13:20:11.186+0000] {logging_mixin.py:190} INFO - [2024-12-09T13:20:11.186+0000] {dag.py:3239} INFO - Sync 1 DAGs
[2024-12-09T13:20:11.199+0000] {logging_mixin.py:190} INFO - [2024-12-09T13:20:11.199+0000] {dag.py:4180} INFO - Setting next_dagrun for example_trigger_target_dag to None, run_after=None
[2024-12-09T13:20:11.216+0000] {processor.py:208} INFO - Processing /home/airflow/.local/lib/python3.12/site-packages/airflow/example_dags/example_trigger_target_dag.py took 0.064 seconds
[2024-12-09T13:20:43.938+0000] {processor.py:186} INFO - Started process (PID=681) to work on /home/airflow/.local/lib/python3.12/site-packages/airflow/example_dags/example_trigger_target_dag.py
[2024-12-09T13:20:43.939+0000] {processor.py:914} INFO - Processing file /home/airflow/.local/lib/python3.12/site-packages/airflow/example_dags/example_trigger_target_dag.py for tasks to queue
[2024-12-09T13:20:43.941+0000] {logging_mixin.py:190} INFO - [2024-12-09T13:20:43.941+0000] {dagbag.py:588} INFO - Filling up the DagBag from /home/airflow/.local/lib/python3.12/site-packages/airflow/example_dags/example_trigger_target_dag.py
[2024-12-09T13:20:43.947+0000] {processor.py:925} INFO - DAG(s) 'example_trigger_target_dag' retrieved from /home/airflow/.local/lib/python3.12/site-packages/airflow/example_dags/example_trigger_target_dag.py
[2024-12-09T13:20:43.963+0000] {logging_mixin.py:190} INFO - [2024-12-09T13:20:43.963+0000] {dag.py:3239} INFO - Sync 1 DAGs
[2024-12-09T13:20:43.975+0000] {logging_mixin.py:190} INFO - [2024-12-09T13:20:43.975+0000] {dag.py:4180} INFO - Setting next_dagrun for example_trigger_target_dag to None, run_after=None
[2024-12-09T13:20:43.990+0000] {processor.py:208} INFO - Processing /home/airflow/.local/lib/python3.12/site-packages/airflow/example_dags/example_trigger_target_dag.py took 0.056 seconds
[2024-12-09T13:21:16.379+0000] {processor.py:186} INFO - Started process (PID=744) to work on /home/airflow/.local/lib/python3.12/site-packages/airflow/example_dags/example_trigger_target_dag.py
[2024-12-09T13:21:16.379+0000] {processor.py:914} INFO - Processing file /home/airflow/.local/lib/python3.12/site-packages/airflow/example_dags/example_trigger_target_dag.py for tasks to queue
[2024-12-09T13:21:16.381+0000] {logging_mixin.py:190} INFO - [2024-12-09T13:21:16.381+0000] {dagbag.py:588} INFO - Filling up the DagBag from /home/airflow/.local/lib/python3.12/site-packages/airflow/example_dags/example_trigger_target_dag.py
[2024-12-09T13:21:16.387+0000] {processor.py:925} INFO - DAG(s) 'example_trigger_target_dag' retrieved from /home/airflow/.local/lib/python3.12/site-packages/airflow/example_dags/example_trigger_target_dag.py
[2024-12-09T13:21:16.403+0000] {logging_mixin.py:190} INFO - [2024-12-09T13:21:16.403+0000] {dag.py:3239} INFO - Sync 1 DAGs
[2024-12-09T13:21:16.415+0000] {logging_mixin.py:190} INFO - [2024-12-09T13:21:16.415+0000] {dag.py:4180} INFO - Setting next_dagrun for example_trigger_target_dag to None, run_after=None
[2024-12-09T13:21:16.430+0000] {processor.py:208} INFO - Processing /home/airflow/.local/lib/python3.12/site-packages/airflow/example_dags/example_trigger_target_dag.py took 0.056 seconds
[2024-12-09T13:21:49.650+0000] {processor.py:186} INFO - Started process (PID=809) to work on /home/airflow/.local/lib/python3.12/site-packages/airflow/example_dags/example_trigger_target_dag.py
[2024-12-09T13:21:49.650+0000] {processor.py:914} INFO - Processing file /home/airflow/.local/lib/python3.12/site-packages/airflow/example_dags/example_trigger_target_dag.py for tasks to queue
[2024-12-09T13:21:49.653+0000] {logging_mixin.py:190} INFO - [2024-12-09T13:21:49.652+0000] {dagbag.py:588} INFO - Filling up the DagBag from /home/airflow/.local/lib/python3.12/site-packages/airflow/example_dags/example_trigger_target_dag.py
[2024-12-09T13:21:49.659+0000] {processor.py:925} INFO - DAG(s) 'example_trigger_target_dag' retrieved from /home/airflow/.local/lib/python3.12/site-packages/airflow/example_dags/example_trigger_target_dag.py
[2024-12-09T13:21:49.675+0000] {logging_mixin.py:190} INFO - [2024-12-09T13:21:49.674+0000] {dag.py:3239} INFO - Sync 1 DAGs
[2024-12-09T13:21:49.686+0000] {logging_mixin.py:190} INFO - [2024-12-09T13:21:49.685+0000] {dag.py:4180} INFO - Setting next_dagrun for example_trigger_target_dag to None, run_after=None
[2024-12-09T13:21:49.700+0000] {processor.py:208} INFO - Processing /home/airflow/.local/lib/python3.12/site-packages/airflow/example_dags/example_trigger_target_dag.py took 0.055 seconds
[2024-12-09T13:22:22.876+0000] {processor.py:186} INFO - Started process (PID=881) to work on /home/airflow/.local/lib/python3.12/site-packages/airflow/example_dags/example_trigger_target_dag.py
[2024-12-09T13:22:22.877+0000] {processor.py:914} INFO - Processing file /home/airflow/.local/lib/python3.12/site-packages/airflow/example_dags/example_trigger_target_dag.py for tasks to queue
[2024-12-09T13:22:22.879+0000] {logging_mixin.py:190} INFO - [2024-12-09T13:22:22.879+0000] {dagbag.py:588} INFO - Filling up the DagBag from /home/airflow/.local/lib/python3.12/site-packages/airflow/example_dags/example_trigger_target_dag.py
[2024-12-09T13:22:22.885+0000] {processor.py:925} INFO - DAG(s) 'example_trigger_target_dag' retrieved from /home/airflow/.local/lib/python3.12/site-packages/airflow/example_dags/example_trigger_target_dag.py
[2024-12-09T13:22:22.900+0000] {logging_mixin.py:190} INFO - [2024-12-09T13:22:22.900+0000] {dag.py:3239} INFO - Sync 1 DAGs
[2024-12-09T13:22:22.912+0000] {logging_mixin.py:190} INFO - [2024-12-09T13:22:22.912+0000] {dag.py:4180} INFO - Setting next_dagrun for example_trigger_target_dag to None, run_after=None
[2024-12-09T13:22:22.927+0000] {processor.py:208} INFO - Processing /home/airflow/.local/lib/python3.12/site-packages/airflow/example_dags/example_trigger_target_dag.py took 0.055 seconds
[2024-12-09T13:22:55.033+0000] {processor.py:186} INFO - Started process (PID=944) to work on /home/airflow/.local/lib/python3.12/site-packages/airflow/example_dags/example_trigger_target_dag.py
[2024-12-09T13:22:55.034+0000] {processor.py:914} INFO - Processing file /home/airflow/.local/lib/python3.12/site-packages/airflow/example_dags/example_trigger_target_dag.py for tasks to queue
[2024-12-09T13:22:55.036+0000] {logging_mixin.py:190} INFO - [2024-12-09T13:22:55.035+0000] {dagbag.py:588} INFO - Filling up the DagBag from /home/airflow/.local/lib/python3.12/site-packages/airflow/example_dags/example_trigger_target_dag.py
[2024-12-09T13:22:55.043+0000] {processor.py:925} INFO - DAG(s) 'example_trigger_target_dag' retrieved from /home/airflow/.local/lib/python3.12/site-packages/airflow/example_dags/example_trigger_target_dag.py
[2024-12-09T13:22:55.059+0000] {logging_mixin.py:190} INFO - [2024-12-09T13:22:55.059+0000] {dag.py:3239} INFO - Sync 1 DAGs
[2024-12-09T13:22:55.071+0000] {logging_mixin.py:190} INFO - [2024-12-09T13:22:55.071+0000] {dag.py:4180} INFO - Setting next_dagrun for example_trigger_target_dag to None, run_after=None
[2024-12-09T13:22:55.087+0000] {processor.py:208} INFO - Processing /home/airflow/.local/lib/python3.12/site-packages/airflow/example_dags/example_trigger_target_dag.py took 0.058 seconds
[2024-12-09T13:23:27.869+0000] {processor.py:186} INFO - Started process (PID=1007) to work on /home/airflow/.local/lib/python3.12/site-packages/airflow/example_dags/example_trigger_target_dag.py
[2024-12-09T13:23:27.869+0000] {processor.py:914} INFO - Processing file /home/airflow/.local/lib/python3.12/site-packages/airflow/example_dags/example_trigger_target_dag.py for tasks to queue
[2024-12-09T13:23:27.871+0000] {logging_mixin.py:190} INFO - [2024-12-09T13:23:27.871+0000] {dagbag.py:588} INFO - Filling up the DagBag from /home/airflow/.local/lib/python3.12/site-packages/airflow/example_dags/example_trigger_target_dag.py
[2024-12-09T13:23:27.878+0000] {processor.py:925} INFO - DAG(s) 'example_trigger_target_dag' retrieved from /home/airflow/.local/lib/python3.12/site-packages/airflow/example_dags/example_trigger_target_dag.py
[2024-12-09T13:23:27.894+0000] {logging_mixin.py:190} INFO - [2024-12-09T13:23:27.894+0000] {dag.py:3239} INFO - Sync 1 DAGs
[2024-12-09T13:23:27.906+0000] {logging_mixin.py:190} INFO - [2024-12-09T13:23:27.905+0000] {dag.py:4180} INFO - Setting next_dagrun for example_trigger_target_dag to None, run_after=None
[2024-12-09T13:23:27.919+0000] {processor.py:208} INFO - Processing /home/airflow/.local/lib/python3.12/site-packages/airflow/example_dags/example_trigger_target_dag.py took 0.055 seconds
[2024-12-09T13:24:00.506+0000] {processor.py:186} INFO - Started process (PID=1070) to work on /home/airflow/.local/lib/python3.12/site-packages/airflow/example_dags/example_trigger_target_dag.py
[2024-12-09T13:24:00.507+0000] {processor.py:914} INFO - Processing file /home/airflow/.local/lib/python3.12/site-packages/airflow/example_dags/example_trigger_target_dag.py for tasks to queue
[2024-12-09T13:24:00.509+0000] {logging_mixin.py:190} INFO - [2024-12-09T13:24:00.509+0000] {dagbag.py:588} INFO - Filling up the DagBag from /home/airflow/.local/lib/python3.12/site-packages/airflow/example_dags/example_trigger_target_dag.py
[2024-12-09T13:24:00.516+0000] {processor.py:925} INFO - DAG(s) 'example_trigger_target_dag' retrieved from /home/airflow/.local/lib/python3.12/site-packages/airflow/example_dags/example_trigger_target_dag.py
[2024-12-09T13:24:00.531+0000] {logging_mixin.py:190} INFO - [2024-12-09T13:24:00.531+0000] {dag.py:3239} INFO - Sync 1 DAGs
[2024-12-09T13:24:00.542+0000] {logging_mixin.py:190} INFO - [2024-12-09T13:24:00.542+0000] {dag.py:4180} INFO - Setting next_dagrun for example_trigger_target_dag to None, run_after=None
[2024-12-09T13:24:00.558+0000] {processor.py:208} INFO - Processing /home/airflow/.local/lib/python3.12/site-packages/airflow/example_dags/example_trigger_target_dag.py took 0.056 seconds
[2024-12-09T13:24:33.949+0000] {processor.py:186} INFO - Started process (PID=1133) to work on /home/airflow/.local/lib/python3.12/site-packages/airflow/example_dags/example_trigger_target_dag.py
[2024-12-09T13:24:33.950+0000] {processor.py:914} INFO - Processing file /home/airflow/.local/lib/python3.12/site-packages/airflow/example_dags/example_trigger_target_dag.py for tasks to queue
[2024-12-09T13:24:33.952+0000] {logging_mixin.py:190} INFO - [2024-12-09T13:24:33.952+0000] {dagbag.py:588} INFO - Filling up the DagBag from /home/airflow/.local/lib/python3.12/site-packages/airflow/example_dags/example_trigger_target_dag.py
[2024-12-09T13:24:33.958+0000] {processor.py:925} INFO - DAG(s) 'example_trigger_target_dag' retrieved from /home/airflow/.local/lib/python3.12/site-packages/airflow/example_dags/example_trigger_target_dag.py
[2024-12-09T13:24:33.973+0000] {logging_mixin.py:190} INFO - [2024-12-09T13:24:33.973+0000] {dag.py:3239} INFO - Sync 1 DAGs
[2024-12-09T13:24:33.985+0000] {logging_mixin.py:190} INFO - [2024-12-09T13:24:33.985+0000] {dag.py:4180} INFO - Setting next_dagrun for example_trigger_target_dag to None, run_after=None
[2024-12-09T13:24:33.998+0000] {processor.py:208} INFO - Processing /home/airflow/.local/lib/python3.12/site-packages/airflow/example_dags/example_trigger_target_dag.py took 0.054 seconds
[2024-12-09T13:25:06.179+0000] {processor.py:186} INFO - Started process (PID=1196) to work on /home/airflow/.local/lib/python3.12/site-packages/airflow/example_dags/example_trigger_target_dag.py
[2024-12-09T13:25:06.180+0000] {processor.py:914} INFO - Processing file /home/airflow/.local/lib/python3.12/site-packages/airflow/example_dags/example_trigger_target_dag.py for tasks to queue
[2024-12-09T13:25:06.183+0000] {logging_mixin.py:190} INFO - [2024-12-09T13:25:06.182+0000] {dagbag.py:588} INFO - Filling up the DagBag from /home/airflow/.local/lib/python3.12/site-packages/airflow/example_dags/example_trigger_target_dag.py
[2024-12-09T13:25:06.190+0000] {processor.py:925} INFO - DAG(s) 'example_trigger_target_dag' retrieved from /home/airflow/.local/lib/python3.12/site-packages/airflow/example_dags/example_trigger_target_dag.py
[2024-12-09T13:25:06.207+0000] {logging_mixin.py:190} INFO - [2024-12-09T13:25:06.207+0000] {dag.py:3239} INFO - Sync 1 DAGs
[2024-12-09T13:25:06.219+0000] {logging_mixin.py:190} INFO - [2024-12-09T13:25:06.219+0000] {dag.py:4180} INFO - Setting next_dagrun for example_trigger_target_dag to None, run_after=None
[2024-12-09T13:25:06.235+0000] {processor.py:208} INFO - Processing /home/airflow/.local/lib/python3.12/site-packages/airflow/example_dags/example_trigger_target_dag.py took 0.062 seconds
[2024-12-09T13:25:38.705+0000] {processor.py:186} INFO - Started process (PID=1259) to work on /home/airflow/.local/lib/python3.12/site-packages/airflow/example_dags/example_trigger_target_dag.py
[2024-12-09T13:25:38.706+0000] {processor.py:914} INFO - Processing file /home/airflow/.local/lib/python3.12/site-packages/airflow/example_dags/example_trigger_target_dag.py for tasks to queue
[2024-12-09T13:25:38.708+0000] {logging_mixin.py:190} INFO - [2024-12-09T13:25:38.708+0000] {dagbag.py:588} INFO - Filling up the DagBag from /home/airflow/.local/lib/python3.12/site-packages/airflow/example_dags/example_trigger_target_dag.py
[2024-12-09T13:25:38.715+0000] {processor.py:925} INFO - DAG(s) 'example_trigger_target_dag' retrieved from /home/airflow/.local/lib/python3.12/site-packages/airflow/example_dags/example_trigger_target_dag.py
[2024-12-09T13:25:38.731+0000] {logging_mixin.py:190} INFO - [2024-12-09T13:25:38.730+0000] {dag.py:3239} INFO - Sync 1 DAGs
[2024-12-09T13:25:38.743+0000] {logging_mixin.py:190} INFO - [2024-12-09T13:25:38.743+0000] {dag.py:4180} INFO - Setting next_dagrun for example_trigger_target_dag to None, run_after=None
[2024-12-09T13:25:38.758+0000] {processor.py:208} INFO - Processing /home/airflow/.local/lib/python3.12/site-packages/airflow/example_dags/example_trigger_target_dag.py took 0.057 seconds
[2024-12-09T13:26:12.618+0000] {processor.py:186} INFO - Started process (PID=1326) to work on /home/airflow/.local/lib/python3.12/site-packages/airflow/example_dags/example_trigger_target_dag.py
[2024-12-09T13:26:12.619+0000] {processor.py:914} INFO - Processing file /home/airflow/.local/lib/python3.12/site-packages/airflow/example_dags/example_trigger_target_dag.py for tasks to queue
[2024-12-09T13:26:12.621+0000] {logging_mixin.py:190} INFO - [2024-12-09T13:26:12.620+0000] {dagbag.py:588} INFO - Filling up the DagBag from /home/airflow/.local/lib/python3.12/site-packages/airflow/example_dags/example_trigger_target_dag.py
[2024-12-09T13:26:12.627+0000] {processor.py:925} INFO - DAG(s) 'example_trigger_target_dag' retrieved from /home/airflow/.local/lib/python3.12/site-packages/airflow/example_dags/example_trigger_target_dag.py
[2024-12-09T13:26:12.642+0000] {logging_mixin.py:190} INFO - [2024-12-09T13:26:12.642+0000] {dag.py:3239} INFO - Sync 1 DAGs
[2024-12-09T13:26:12.654+0000] {logging_mixin.py:190} INFO - [2024-12-09T13:26:12.654+0000] {dag.py:4180} INFO - Setting next_dagrun for example_trigger_target_dag to None, run_after=None
[2024-12-09T13:26:12.668+0000] {processor.py:208} INFO - Processing /home/airflow/.local/lib/python3.12/site-packages/airflow/example_dags/example_trigger_target_dag.py took 0.054 seconds
[2024-12-09T13:26:45.473+0000] {processor.py:186} INFO - Started process (PID=1397) to work on /home/airflow/.local/lib/python3.12/site-packages/airflow/example_dags/example_trigger_target_dag.py
[2024-12-09T13:26:45.474+0000] {processor.py:914} INFO - Processing file /home/airflow/.local/lib/python3.12/site-packages/airflow/example_dags/example_trigger_target_dag.py for tasks to queue
[2024-12-09T13:26:45.476+0000] {logging_mixin.py:190} INFO - [2024-12-09T13:26:45.476+0000] {dagbag.py:588} INFO - Filling up the DagBag from /home/airflow/.local/lib/python3.12/site-packages/airflow/example_dags/example_trigger_target_dag.py
[2024-12-09T13:26:45.483+0000] {processor.py:925} INFO - DAG(s) 'example_trigger_target_dag' retrieved from /home/airflow/.local/lib/python3.12/site-packages/airflow/example_dags/example_trigger_target_dag.py
[2024-12-09T13:26:45.498+0000] {logging_mixin.py:190} INFO - [2024-12-09T13:26:45.498+0000] {dag.py:3239} INFO - Sync 1 DAGs
[2024-12-09T13:26:45.511+0000] {logging_mixin.py:190} INFO - [2024-12-09T13:26:45.511+0000] {dag.py:4180} INFO - Setting next_dagrun for example_trigger_target_dag to None, run_after=None
[2024-12-09T13:26:45.527+0000] {processor.py:208} INFO - Processing /home/airflow/.local/lib/python3.12/site-packages/airflow/example_dags/example_trigger_target_dag.py took 0.058 seconds
[2024-12-09T13:27:18.763+0000] {processor.py:186} INFO - Started process (PID=1461) to work on /home/airflow/.local/lib/python3.12/site-packages/airflow/example_dags/example_trigger_target_dag.py
[2024-12-09T13:27:18.764+0000] {processor.py:914} INFO - Processing file /home/airflow/.local/lib/python3.12/site-packages/airflow/example_dags/example_trigger_target_dag.py for tasks to queue
[2024-12-09T13:27:18.766+0000] {logging_mixin.py:190} INFO - [2024-12-09T13:27:18.766+0000] {dagbag.py:588} INFO - Filling up the DagBag from /home/airflow/.local/lib/python3.12/site-packages/airflow/example_dags/example_trigger_target_dag.py
[2024-12-09T13:27:18.773+0000] {processor.py:925} INFO - DAG(s) 'example_trigger_target_dag' retrieved from /home/airflow/.local/lib/python3.12/site-packages/airflow/example_dags/example_trigger_target_dag.py
[2024-12-09T13:27:18.790+0000] {logging_mixin.py:190} INFO - [2024-12-09T13:27:18.790+0000] {dag.py:3239} INFO - Sync 1 DAGs
[2024-12-09T13:27:18.802+0000] {logging_mixin.py:190} INFO - [2024-12-09T13:27:18.802+0000] {dag.py:4180} INFO - Setting next_dagrun for example_trigger_target_dag to None, run_after=None
[2024-12-09T13:27:18.819+0000] {processor.py:208} INFO - Processing /home/airflow/.local/lib/python3.12/site-packages/airflow/example_dags/example_trigger_target_dag.py took 0.060 seconds
