[2024-12-09T13:15:49.982+0000] {processor.py:186} INFO - Started process (PID=116) to work on /home/airflow/.local/lib/python3.12/site-packages/airflow/example_dags/example_branch_python_dop_operator_3.py
[2024-12-09T13:15:49.982+0000] {processor.py:914} INFO - Processing file /home/airflow/.local/lib/python3.12/site-packages/airflow/example_dags/example_branch_python_dop_operator_3.py for tasks to queue
[2024-12-09T13:15:49.984+0000] {logging_mixin.py:190} INFO - [2024-12-09T13:15:49.984+0000] {dagbag.py:588} INFO - Filling up the DagBag from /home/airflow/.local/lib/python3.12/site-packages/airflow/example_dags/example_branch_python_dop_operator_3.py
[2024-12-09T13:15:49.993+0000] {processor.py:925} INFO - DAG(s) 'example_branch_dop_operator_v3' retrieved from /home/airflow/.local/lib/python3.12/site-packages/airflow/example_dags/example_branch_python_dop_operator_3.py
[2024-12-09T13:15:50.079+0000] {logging_mixin.py:190} INFO - [2024-12-09T13:15:50.079+0000] {override.py:1911} INFO - Created Permission View: can delete on DAG:example_branch_dop_operator_v3
[2024-12-09T13:15:50.087+0000] {logging_mixin.py:190} INFO - [2024-12-09T13:15:50.087+0000] {override.py:1911} INFO - Created Permission View: can edit on DAG:example_branch_dop_operator_v3
[2024-12-09T13:15:50.093+0000] {logging_mixin.py:190} INFO - [2024-12-09T13:15:50.093+0000] {override.py:1911} INFO - Created Permission View: can read on DAG:example_branch_dop_operator_v3
[2024-12-09T13:15:50.099+0000] {logging_mixin.py:190} INFO - [2024-12-09T13:15:50.098+0000] {override.py:1911} INFO - Created Permission View: menu access on DAG Run:example_branch_dop_operator_v3
[2024-12-09T13:15:50.104+0000] {logging_mixin.py:190} INFO - [2024-12-09T13:15:50.104+0000] {override.py:1911} INFO - Created Permission View: can create on DAG Run:example_branch_dop_operator_v3
[2024-12-09T13:15:50.110+0000] {logging_mixin.py:190} INFO - [2024-12-09T13:15:50.110+0000] {override.py:1911} INFO - Created Permission View: can delete on DAG Run:example_branch_dop_operator_v3
[2024-12-09T13:15:50.116+0000] {logging_mixin.py:190} INFO - [2024-12-09T13:15:50.116+0000] {override.py:1911} INFO - Created Permission View: can read on DAG Run:example_branch_dop_operator_v3
[2024-12-09T13:15:50.116+0000] {logging_mixin.py:190} INFO - [2024-12-09T13:15:50.116+0000] {dag.py:3239} INFO - Sync 1 DAGs
[2024-12-09T13:15:50.128+0000] {logging_mixin.py:190} INFO - [2024-12-09T13:15:50.128+0000] {dag.py:3262} INFO - Creating ORM DAG for example_branch_dop_operator_v3
[2024-12-09T13:15:50.139+0000] {logging_mixin.py:190} INFO - [2024-12-09T13:15:50.139+0000] {dag.py:4180} INFO - Setting next_dagrun for example_branch_dop_operator_v3 to 2024-12-09 13:14:00+00:00, run_after=2024-12-09 13:15:00+00:00
[2024-12-09T13:15:50.152+0000] {processor.py:208} INFO - Processing /home/airflow/.local/lib/python3.12/site-packages/airflow/example_dags/example_branch_python_dop_operator_3.py took 0.175 seconds
[2024-12-09T13:16:21.693+0000] {processor.py:186} INFO - Started process (PID=179) to work on /home/airflow/.local/lib/python3.12/site-packages/airflow/example_dags/example_branch_python_dop_operator_3.py
[2024-12-09T13:16:21.694+0000] {processor.py:914} INFO - Processing file /home/airflow/.local/lib/python3.12/site-packages/airflow/example_dags/example_branch_python_dop_operator_3.py for tasks to queue
[2024-12-09T13:16:21.696+0000] {logging_mixin.py:190} INFO - [2024-12-09T13:16:21.695+0000] {dagbag.py:588} INFO - Filling up the DagBag from /home/airflow/.local/lib/python3.12/site-packages/airflow/example_dags/example_branch_python_dop_operator_3.py
[2024-12-09T13:16:21.704+0000] {processor.py:925} INFO - DAG(s) 'example_branch_dop_operator_v3' retrieved from /home/airflow/.local/lib/python3.12/site-packages/airflow/example_dags/example_branch_python_dop_operator_3.py
[2024-12-09T13:16:21.722+0000] {logging_mixin.py:190} INFO - [2024-12-09T13:16:21.722+0000] {dag.py:3239} INFO - Sync 1 DAGs
[2024-12-09T13:16:21.744+0000] {logging_mixin.py:190} INFO - [2024-12-09T13:16:21.744+0000] {dag.py:4180} INFO - Setting next_dagrun for example_branch_dop_operator_v3 to 2024-12-09 13:15:00+00:00, run_after=2024-12-09 13:16:00+00:00
[2024-12-09T13:16:21.759+0000] {processor.py:208} INFO - Processing /home/airflow/.local/lib/python3.12/site-packages/airflow/example_dags/example_branch_python_dop_operator_3.py took 0.070 seconds
[2024-12-09T13:16:54.669+0000] {processor.py:186} INFO - Started process (PID=242) to work on /home/airflow/.local/lib/python3.12/site-packages/airflow/example_dags/example_branch_python_dop_operator_3.py
[2024-12-09T13:16:54.670+0000] {processor.py:914} INFO - Processing file /home/airflow/.local/lib/python3.12/site-packages/airflow/example_dags/example_branch_python_dop_operator_3.py for tasks to queue
[2024-12-09T13:16:54.672+0000] {logging_mixin.py:190} INFO - [2024-12-09T13:16:54.672+0000] {dagbag.py:588} INFO - Filling up the DagBag from /home/airflow/.local/lib/python3.12/site-packages/airflow/example_dags/example_branch_python_dop_operator_3.py
[2024-12-09T13:16:54.680+0000] {processor.py:925} INFO - DAG(s) 'example_branch_dop_operator_v3' retrieved from /home/airflow/.local/lib/python3.12/site-packages/airflow/example_dags/example_branch_python_dop_operator_3.py
[2024-12-09T13:16:54.696+0000] {logging_mixin.py:190} INFO - [2024-12-09T13:16:54.696+0000] {dag.py:3239} INFO - Sync 1 DAGs
[2024-12-09T13:16:54.719+0000] {logging_mixin.py:190} INFO - [2024-12-09T13:16:54.719+0000] {dag.py:4180} INFO - Setting next_dagrun for example_branch_dop_operator_v3 to 2024-12-09 13:15:00+00:00, run_after=2024-12-09 13:16:00+00:00
[2024-12-09T13:16:54.734+0000] {processor.py:208} INFO - Processing /home/airflow/.local/lib/python3.12/site-packages/airflow/example_dags/example_branch_python_dop_operator_3.py took 0.070 seconds
[2024-12-09T13:17:27.654+0000] {processor.py:186} INFO - Started process (PID=305) to work on /home/airflow/.local/lib/python3.12/site-packages/airflow/example_dags/example_branch_python_dop_operator_3.py
[2024-12-09T13:17:27.655+0000] {processor.py:914} INFO - Processing file /home/airflow/.local/lib/python3.12/site-packages/airflow/example_dags/example_branch_python_dop_operator_3.py for tasks to queue
[2024-12-09T13:17:27.657+0000] {logging_mixin.py:190} INFO - [2024-12-09T13:17:27.656+0000] {dagbag.py:588} INFO - Filling up the DagBag from /home/airflow/.local/lib/python3.12/site-packages/airflow/example_dags/example_branch_python_dop_operator_3.py
[2024-12-09T13:17:27.665+0000] {processor.py:925} INFO - DAG(s) 'example_branch_dop_operator_v3' retrieved from /home/airflow/.local/lib/python3.12/site-packages/airflow/example_dags/example_branch_python_dop_operator_3.py
[2024-12-09T13:17:27.683+0000] {logging_mixin.py:190} INFO - [2024-12-09T13:17:27.683+0000] {dag.py:3239} INFO - Sync 1 DAGs
[2024-12-09T13:17:27.708+0000] {logging_mixin.py:190} INFO - [2024-12-09T13:17:27.707+0000] {dag.py:4180} INFO - Setting next_dagrun for example_branch_dop_operator_v3 to 2024-12-09 13:16:00+00:00, run_after=2024-12-09 13:17:00+00:00
[2024-12-09T13:17:27.723+0000] {processor.py:208} INFO - Processing /home/airflow/.local/lib/python3.12/site-packages/airflow/example_dags/example_branch_python_dop_operator_3.py took 0.074 seconds
[2024-12-09T13:17:59.854+0000] {processor.py:186} INFO - Started process (PID=368) to work on /home/airflow/.local/lib/python3.12/site-packages/airflow/example_dags/example_branch_python_dop_operator_3.py
[2024-12-09T13:17:59.855+0000] {processor.py:914} INFO - Processing file /home/airflow/.local/lib/python3.12/site-packages/airflow/example_dags/example_branch_python_dop_operator_3.py for tasks to queue
[2024-12-09T13:17:59.857+0000] {logging_mixin.py:190} INFO - [2024-12-09T13:17:59.856+0000] {dagbag.py:588} INFO - Filling up the DagBag from /home/airflow/.local/lib/python3.12/site-packages/airflow/example_dags/example_branch_python_dop_operator_3.py
[2024-12-09T13:17:59.865+0000] {processor.py:925} INFO - DAG(s) 'example_branch_dop_operator_v3' retrieved from /home/airflow/.local/lib/python3.12/site-packages/airflow/example_dags/example_branch_python_dop_operator_3.py
[2024-12-09T13:17:59.883+0000] {logging_mixin.py:190} INFO - [2024-12-09T13:17:59.882+0000] {dag.py:3239} INFO - Sync 1 DAGs
[2024-12-09T13:17:59.904+0000] {logging_mixin.py:190} INFO - [2024-12-09T13:17:59.904+0000] {dag.py:4180} INFO - Setting next_dagrun for example_branch_dop_operator_v3 to 2024-12-09 13:16:00+00:00, run_after=2024-12-09 13:17:00+00:00
[2024-12-09T13:17:59.920+0000] {processor.py:208} INFO - Processing /home/airflow/.local/lib/python3.12/site-packages/airflow/example_dags/example_branch_python_dop_operator_3.py took 0.071 seconds
[2024-12-09T13:18:32.867+0000] {processor.py:186} INFO - Started process (PID=431) to work on /home/airflow/.local/lib/python3.12/site-packages/airflow/example_dags/example_branch_python_dop_operator_3.py
[2024-12-09T13:18:32.868+0000] {processor.py:914} INFO - Processing file /home/airflow/.local/lib/python3.12/site-packages/airflow/example_dags/example_branch_python_dop_operator_3.py for tasks to queue
[2024-12-09T13:18:32.870+0000] {logging_mixin.py:190} INFO - [2024-12-09T13:18:32.870+0000] {dagbag.py:588} INFO - Filling up the DagBag from /home/airflow/.local/lib/python3.12/site-packages/airflow/example_dags/example_branch_python_dop_operator_3.py
[2024-12-09T13:18:32.881+0000] {processor.py:925} INFO - DAG(s) 'example_branch_dop_operator_v3' retrieved from /home/airflow/.local/lib/python3.12/site-packages/airflow/example_dags/example_branch_python_dop_operator_3.py
[2024-12-09T13:18:32.903+0000] {logging_mixin.py:190} INFO - [2024-12-09T13:18:32.902+0000] {dag.py:3239} INFO - Sync 1 DAGs
[2024-12-09T13:18:32.933+0000] {logging_mixin.py:190} INFO - [2024-12-09T13:18:32.933+0000] {dag.py:4180} INFO - Setting next_dagrun for example_branch_dop_operator_v3 to 2024-12-09 13:17:00+00:00, run_after=2024-12-09 13:18:00+00:00
[2024-12-09T13:18:32.955+0000] {processor.py:208} INFO - Processing /home/airflow/.local/lib/python3.12/site-packages/airflow/example_dags/example_branch_python_dop_operator_3.py took 0.094 seconds
[2024-12-09T13:19:05.715+0000] {processor.py:186} INFO - Started process (PID=494) to work on /home/airflow/.local/lib/python3.12/site-packages/airflow/example_dags/example_branch_python_dop_operator_3.py
[2024-12-09T13:19:05.716+0000] {processor.py:914} INFO - Processing file /home/airflow/.local/lib/python3.12/site-packages/airflow/example_dags/example_branch_python_dop_operator_3.py for tasks to queue
[2024-12-09T13:19:05.718+0000] {logging_mixin.py:190} INFO - [2024-12-09T13:19:05.718+0000] {dagbag.py:588} INFO - Filling up the DagBag from /home/airflow/.local/lib/python3.12/site-packages/airflow/example_dags/example_branch_python_dop_operator_3.py
[2024-12-09T13:19:05.727+0000] {processor.py:925} INFO - DAG(s) 'example_branch_dop_operator_v3' retrieved from /home/airflow/.local/lib/python3.12/site-packages/airflow/example_dags/example_branch_python_dop_operator_3.py
[2024-12-09T13:19:05.743+0000] {logging_mixin.py:190} INFO - [2024-12-09T13:19:05.743+0000] {dag.py:3239} INFO - Sync 1 DAGs
[2024-12-09T13:19:05.768+0000] {logging_mixin.py:190} INFO - [2024-12-09T13:19:05.768+0000] {dag.py:4180} INFO - Setting next_dagrun for example_branch_dop_operator_v3 to 2024-12-09 13:18:00+00:00, run_after=2024-12-09 13:19:00+00:00
[2024-12-09T13:19:05.785+0000] {processor.py:208} INFO - Processing /home/airflow/.local/lib/python3.12/site-packages/airflow/example_dags/example_branch_python_dop_operator_3.py took 0.075 seconds
[2024-12-09T13:19:38.792+0000] {processor.py:186} INFO - Started process (PID=557) to work on /home/airflow/.local/lib/python3.12/site-packages/airflow/example_dags/example_branch_python_dop_operator_3.py
[2024-12-09T13:19:38.793+0000] {processor.py:914} INFO - Processing file /home/airflow/.local/lib/python3.12/site-packages/airflow/example_dags/example_branch_python_dop_operator_3.py for tasks to queue
[2024-12-09T13:19:38.795+0000] {logging_mixin.py:190} INFO - [2024-12-09T13:19:38.795+0000] {dagbag.py:588} INFO - Filling up the DagBag from /home/airflow/.local/lib/python3.12/site-packages/airflow/example_dags/example_branch_python_dop_operator_3.py
[2024-12-09T13:19:38.805+0000] {processor.py:925} INFO - DAG(s) 'example_branch_dop_operator_v3' retrieved from /home/airflow/.local/lib/python3.12/site-packages/airflow/example_dags/example_branch_python_dop_operator_3.py
[2024-12-09T13:19:38.821+0000] {logging_mixin.py:190} INFO - [2024-12-09T13:19:38.821+0000] {dag.py:3239} INFO - Sync 1 DAGs
[2024-12-09T13:19:38.843+0000] {logging_mixin.py:190} INFO - [2024-12-09T13:19:38.843+0000] {dag.py:4180} INFO - Setting next_dagrun for example_branch_dop_operator_v3 to 2024-12-09 13:18:00+00:00, run_after=2024-12-09 13:19:00+00:00
[2024-12-09T13:19:38.858+0000] {processor.py:208} INFO - Processing /home/airflow/.local/lib/python3.12/site-packages/airflow/example_dags/example_branch_python_dop_operator_3.py took 0.070 seconds
[2024-12-09T13:20:11.246+0000] {processor.py:186} INFO - Started process (PID=620) to work on /home/airflow/.local/lib/python3.12/site-packages/airflow/example_dags/example_branch_python_dop_operator_3.py
[2024-12-09T13:20:11.247+0000] {processor.py:914} INFO - Processing file /home/airflow/.local/lib/python3.12/site-packages/airflow/example_dags/example_branch_python_dop_operator_3.py for tasks to queue
[2024-12-09T13:20:11.249+0000] {logging_mixin.py:190} INFO - [2024-12-09T13:20:11.248+0000] {dagbag.py:588} INFO - Filling up the DagBag from /home/airflow/.local/lib/python3.12/site-packages/airflow/example_dags/example_branch_python_dop_operator_3.py
[2024-12-09T13:20:11.258+0000] {processor.py:925} INFO - DAG(s) 'example_branch_dop_operator_v3' retrieved from /home/airflow/.local/lib/python3.12/site-packages/airflow/example_dags/example_branch_python_dop_operator_3.py
[2024-12-09T13:20:11.275+0000] {logging_mixin.py:190} INFO - [2024-12-09T13:20:11.275+0000] {dag.py:3239} INFO - Sync 1 DAGs
[2024-12-09T13:20:11.297+0000] {logging_mixin.py:190} INFO - [2024-12-09T13:20:11.297+0000] {dag.py:4180} INFO - Setting next_dagrun for example_branch_dop_operator_v3 to 2024-12-09 13:19:00+00:00, run_after=2024-12-09 13:20:00+00:00
[2024-12-09T13:20:11.314+0000] {processor.py:208} INFO - Processing /home/airflow/.local/lib/python3.12/site-packages/airflow/example_dags/example_branch_python_dop_operator_3.py took 0.073 seconds
[2024-12-09T13:20:44.020+0000] {processor.py:186} INFO - Started process (PID=683) to work on /home/airflow/.local/lib/python3.12/site-packages/airflow/example_dags/example_branch_python_dop_operator_3.py
[2024-12-09T13:20:44.021+0000] {processor.py:914} INFO - Processing file /home/airflow/.local/lib/python3.12/site-packages/airflow/example_dags/example_branch_python_dop_operator_3.py for tasks to queue
[2024-12-09T13:20:44.023+0000] {logging_mixin.py:190} INFO - [2024-12-09T13:20:44.023+0000] {dagbag.py:588} INFO - Filling up the DagBag from /home/airflow/.local/lib/python3.12/site-packages/airflow/example_dags/example_branch_python_dop_operator_3.py
[2024-12-09T13:20:44.033+0000] {processor.py:925} INFO - DAG(s) 'example_branch_dop_operator_v3' retrieved from /home/airflow/.local/lib/python3.12/site-packages/airflow/example_dags/example_branch_python_dop_operator_3.py
[2024-12-09T13:20:44.050+0000] {logging_mixin.py:190} INFO - [2024-12-09T13:20:44.049+0000] {dag.py:3239} INFO - Sync 1 DAGs
[2024-12-09T13:20:44.072+0000] {logging_mixin.py:190} INFO - [2024-12-09T13:20:44.072+0000] {dag.py:4180} INFO - Setting next_dagrun for example_branch_dop_operator_v3 to 2024-12-09 13:19:00+00:00, run_after=2024-12-09 13:20:00+00:00
[2024-12-09T13:20:44.087+0000] {processor.py:208} INFO - Processing /home/airflow/.local/lib/python3.12/site-packages/airflow/example_dags/example_branch_python_dop_operator_3.py took 0.073 seconds
[2024-12-09T13:21:16.459+0000] {processor.py:186} INFO - Started process (PID=746) to work on /home/airflow/.local/lib/python3.12/site-packages/airflow/example_dags/example_branch_python_dop_operator_3.py
[2024-12-09T13:21:16.460+0000] {processor.py:914} INFO - Processing file /home/airflow/.local/lib/python3.12/site-packages/airflow/example_dags/example_branch_python_dop_operator_3.py for tasks to queue
[2024-12-09T13:21:16.462+0000] {logging_mixin.py:190} INFO - [2024-12-09T13:21:16.462+0000] {dagbag.py:588} INFO - Filling up the DagBag from /home/airflow/.local/lib/python3.12/site-packages/airflow/example_dags/example_branch_python_dop_operator_3.py
[2024-12-09T13:21:16.472+0000] {processor.py:925} INFO - DAG(s) 'example_branch_dop_operator_v3' retrieved from /home/airflow/.local/lib/python3.12/site-packages/airflow/example_dags/example_branch_python_dop_operator_3.py
[2024-12-09T13:21:16.488+0000] {logging_mixin.py:190} INFO - [2024-12-09T13:21:16.488+0000] {dag.py:3239} INFO - Sync 1 DAGs
[2024-12-09T13:21:16.510+0000] {logging_mixin.py:190} INFO - [2024-12-09T13:21:16.510+0000] {dag.py:4180} INFO - Setting next_dagrun for example_branch_dop_operator_v3 to 2024-12-09 13:20:00+00:00, run_after=2024-12-09 13:21:00+00:00
[2024-12-09T13:21:16.525+0000] {processor.py:208} INFO - Processing /home/airflow/.local/lib/python3.12/site-packages/airflow/example_dags/example_branch_python_dop_operator_3.py took 0.070 seconds
[2024-12-09T13:21:49.729+0000] {processor.py:186} INFO - Started process (PID=811) to work on /home/airflow/.local/lib/python3.12/site-packages/airflow/example_dags/example_branch_python_dop_operator_3.py
[2024-12-09T13:21:49.730+0000] {processor.py:914} INFO - Processing file /home/airflow/.local/lib/python3.12/site-packages/airflow/example_dags/example_branch_python_dop_operator_3.py for tasks to queue
[2024-12-09T13:21:49.732+0000] {logging_mixin.py:190} INFO - [2024-12-09T13:21:49.732+0000] {dagbag.py:588} INFO - Filling up the DagBag from /home/airflow/.local/lib/python3.12/site-packages/airflow/example_dags/example_branch_python_dop_operator_3.py
[2024-12-09T13:21:49.740+0000] {processor.py:925} INFO - DAG(s) 'example_branch_dop_operator_v3' retrieved from /home/airflow/.local/lib/python3.12/site-packages/airflow/example_dags/example_branch_python_dop_operator_3.py
[2024-12-09T13:21:49.756+0000] {logging_mixin.py:190} INFO - [2024-12-09T13:21:49.756+0000] {dag.py:3239} INFO - Sync 1 DAGs
[2024-12-09T13:21:49.776+0000] {logging_mixin.py:190} INFO - [2024-12-09T13:21:49.776+0000] {dag.py:4180} INFO - Setting next_dagrun for example_branch_dop_operator_v3 to 2024-12-09 13:20:00+00:00, run_after=2024-12-09 13:21:00+00:00
[2024-12-09T13:21:49.790+0000] {processor.py:208} INFO - Processing /home/airflow/.local/lib/python3.12/site-packages/airflow/example_dags/example_branch_python_dop_operator_3.py took 0.065 seconds
[2024-12-09T13:22:22.958+0000] {processor.py:186} INFO - Started process (PID=883) to work on /home/airflow/.local/lib/python3.12/site-packages/airflow/example_dags/example_branch_python_dop_operator_3.py
[2024-12-09T13:22:22.959+0000] {processor.py:914} INFO - Processing file /home/airflow/.local/lib/python3.12/site-packages/airflow/example_dags/example_branch_python_dop_operator_3.py for tasks to queue
[2024-12-09T13:22:22.961+0000] {logging_mixin.py:190} INFO - [2024-12-09T13:22:22.961+0000] {dagbag.py:588} INFO - Filling up the DagBag from /home/airflow/.local/lib/python3.12/site-packages/airflow/example_dags/example_branch_python_dop_operator_3.py
[2024-12-09T13:22:22.969+0000] {processor.py:925} INFO - DAG(s) 'example_branch_dop_operator_v3' retrieved from /home/airflow/.local/lib/python3.12/site-packages/airflow/example_dags/example_branch_python_dop_operator_3.py
[2024-12-09T13:22:22.987+0000] {logging_mixin.py:190} INFO - [2024-12-09T13:22:22.987+0000] {dag.py:3239} INFO - Sync 1 DAGs
[2024-12-09T13:22:23.018+0000] {logging_mixin.py:190} INFO - [2024-12-09T13:22:23.018+0000] {dag.py:4180} INFO - Setting next_dagrun for example_branch_dop_operator_v3 to 2024-12-09 13:21:00+00:00, run_after=2024-12-09 13:22:00+00:00
[2024-12-09T13:22:23.040+0000] {processor.py:208} INFO - Processing /home/airflow/.local/lib/python3.12/site-packages/airflow/example_dags/example_branch_python_dop_operator_3.py took 0.086 seconds
[2024-12-09T13:22:55.115+0000] {processor.py:186} INFO - Started process (PID=946) to work on /home/airflow/.local/lib/python3.12/site-packages/airflow/example_dags/example_branch_python_dop_operator_3.py
[2024-12-09T13:22:55.115+0000] {processor.py:914} INFO - Processing file /home/airflow/.local/lib/python3.12/site-packages/airflow/example_dags/example_branch_python_dop_operator_3.py for tasks to queue
[2024-12-09T13:22:55.117+0000] {logging_mixin.py:190} INFO - [2024-12-09T13:22:55.117+0000] {dagbag.py:588} INFO - Filling up the DagBag from /home/airflow/.local/lib/python3.12/site-packages/airflow/example_dags/example_branch_python_dop_operator_3.py
[2024-12-09T13:22:55.126+0000] {processor.py:925} INFO - DAG(s) 'example_branch_dop_operator_v3' retrieved from /home/airflow/.local/lib/python3.12/site-packages/airflow/example_dags/example_branch_python_dop_operator_3.py
[2024-12-09T13:22:55.143+0000] {logging_mixin.py:190} INFO - [2024-12-09T13:22:55.143+0000] {dag.py:3239} INFO - Sync 1 DAGs
[2024-12-09T13:22:55.164+0000] {logging_mixin.py:190} INFO - [2024-12-09T13:22:55.164+0000] {dag.py:4180} INFO - Setting next_dagrun for example_branch_dop_operator_v3 to 2024-12-09 13:21:00+00:00, run_after=2024-12-09 13:22:00+00:00
[2024-12-09T13:22:55.179+0000] {processor.py:208} INFO - Processing /home/airflow/.local/lib/python3.12/site-packages/airflow/example_dags/example_branch_python_dop_operator_3.py took 0.069 seconds
[2024-12-09T13:23:27.948+0000] {processor.py:186} INFO - Started process (PID=1009) to work on /home/airflow/.local/lib/python3.12/site-packages/airflow/example_dags/example_branch_python_dop_operator_3.py
[2024-12-09T13:23:27.948+0000] {processor.py:914} INFO - Processing file /home/airflow/.local/lib/python3.12/site-packages/airflow/example_dags/example_branch_python_dop_operator_3.py for tasks to queue
[2024-12-09T13:23:27.951+0000] {logging_mixin.py:190} INFO - [2024-12-09T13:23:27.950+0000] {dagbag.py:588} INFO - Filling up the DagBag from /home/airflow/.local/lib/python3.12/site-packages/airflow/example_dags/example_branch_python_dop_operator_3.py
[2024-12-09T13:23:27.959+0000] {processor.py:925} INFO - DAG(s) 'example_branch_dop_operator_v3' retrieved from /home/airflow/.local/lib/python3.12/site-packages/airflow/example_dags/example_branch_python_dop_operator_3.py
[2024-12-09T13:23:27.976+0000] {logging_mixin.py:190} INFO - [2024-12-09T13:23:27.976+0000] {dag.py:3239} INFO - Sync 1 DAGs
[2024-12-09T13:23:27.999+0000] {logging_mixin.py:190} INFO - [2024-12-09T13:23:27.999+0000] {dag.py:4180} INFO - Setting next_dagrun for example_branch_dop_operator_v3 to 2024-12-09 13:22:00+00:00, run_after=2024-12-09 13:23:00+00:00
[2024-12-09T13:23:28.013+0000] {processor.py:208} INFO - Processing /home/airflow/.local/lib/python3.12/site-packages/airflow/example_dags/example_branch_python_dop_operator_3.py took 0.069 seconds
[2024-12-09T13:24:00.588+0000] {processor.py:186} INFO - Started process (PID=1072) to work on /home/airflow/.local/lib/python3.12/site-packages/airflow/example_dags/example_branch_python_dop_operator_3.py
[2024-12-09T13:24:00.589+0000] {processor.py:914} INFO - Processing file /home/airflow/.local/lib/python3.12/site-packages/airflow/example_dags/example_branch_python_dop_operator_3.py for tasks to queue
[2024-12-09T13:24:00.591+0000] {logging_mixin.py:190} INFO - [2024-12-09T13:24:00.591+0000] {dagbag.py:588} INFO - Filling up the DagBag from /home/airflow/.local/lib/python3.12/site-packages/airflow/example_dags/example_branch_python_dop_operator_3.py
[2024-12-09T13:24:00.599+0000] {processor.py:925} INFO - DAG(s) 'example_branch_dop_operator_v3' retrieved from /home/airflow/.local/lib/python3.12/site-packages/airflow/example_dags/example_branch_python_dop_operator_3.py
[2024-12-09T13:24:00.614+0000] {logging_mixin.py:190} INFO - [2024-12-09T13:24:00.614+0000] {dag.py:3239} INFO - Sync 1 DAGs
[2024-12-09T13:24:00.636+0000] {logging_mixin.py:190} INFO - [2024-12-09T13:24:00.635+0000] {dag.py:4180} INFO - Setting next_dagrun for example_branch_dop_operator_v3 to 2024-12-09 13:23:00+00:00, run_after=2024-12-09 13:24:00+00:00
[2024-12-09T13:24:00.652+0000] {processor.py:208} INFO - Processing /home/airflow/.local/lib/python3.12/site-packages/airflow/example_dags/example_branch_python_dop_operator_3.py took 0.069 seconds
[2024-12-09T13:24:34.126+0000] {processor.py:186} INFO - Started process (PID=1135) to work on /home/airflow/.local/lib/python3.12/site-packages/airflow/example_dags/example_branch_python_dop_operator_3.py
[2024-12-09T13:24:34.126+0000] {processor.py:914} INFO - Processing file /home/airflow/.local/lib/python3.12/site-packages/airflow/example_dags/example_branch_python_dop_operator_3.py for tasks to queue
[2024-12-09T13:24:34.128+0000] {logging_mixin.py:190} INFO - [2024-12-09T13:24:34.128+0000] {dagbag.py:588} INFO - Filling up the DagBag from /home/airflow/.local/lib/python3.12/site-packages/airflow/example_dags/example_branch_python_dop_operator_3.py
[2024-12-09T13:24:34.137+0000] {processor.py:925} INFO - DAG(s) 'example_branch_dop_operator_v3' retrieved from /home/airflow/.local/lib/python3.12/site-packages/airflow/example_dags/example_branch_python_dop_operator_3.py
[2024-12-09T13:24:34.152+0000] {logging_mixin.py:190} INFO - [2024-12-09T13:24:34.152+0000] {dag.py:3239} INFO - Sync 1 DAGs
[2024-12-09T13:24:34.174+0000] {logging_mixin.py:190} INFO - [2024-12-09T13:24:34.174+0000] {dag.py:4180} INFO - Setting next_dagrun for example_branch_dop_operator_v3 to 2024-12-09 13:23:00+00:00, run_after=2024-12-09 13:24:00+00:00
[2024-12-09T13:24:34.189+0000] {processor.py:208} INFO - Processing /home/airflow/.local/lib/python3.12/site-packages/airflow/example_dags/example_branch_python_dop_operator_3.py took 0.069 seconds
[2024-12-09T13:25:06.264+0000] {processor.py:186} INFO - Started process (PID=1198) to work on /home/airflow/.local/lib/python3.12/site-packages/airflow/example_dags/example_branch_python_dop_operator_3.py
[2024-12-09T13:25:06.265+0000] {processor.py:914} INFO - Processing file /home/airflow/.local/lib/python3.12/site-packages/airflow/example_dags/example_branch_python_dop_operator_3.py for tasks to queue
[2024-12-09T13:25:06.266+0000] {logging_mixin.py:190} INFO - [2024-12-09T13:25:06.266+0000] {dagbag.py:588} INFO - Filling up the DagBag from /home/airflow/.local/lib/python3.12/site-packages/airflow/example_dags/example_branch_python_dop_operator_3.py
[2024-12-09T13:25:06.274+0000] {processor.py:925} INFO - DAG(s) 'example_branch_dop_operator_v3' retrieved from /home/airflow/.local/lib/python3.12/site-packages/airflow/example_dags/example_branch_python_dop_operator_3.py
[2024-12-09T13:25:06.290+0000] {logging_mixin.py:190} INFO - [2024-12-09T13:25:06.290+0000] {dag.py:3239} INFO - Sync 1 DAGs
[2024-12-09T13:25:06.312+0000] {logging_mixin.py:190} INFO - [2024-12-09T13:25:06.312+0000] {dag.py:4180} INFO - Setting next_dagrun for example_branch_dop_operator_v3 to 2024-12-09 13:24:00+00:00, run_after=2024-12-09 13:25:00+00:00
[2024-12-09T13:25:06.326+0000] {processor.py:208} INFO - Processing /home/airflow/.local/lib/python3.12/site-packages/airflow/example_dags/example_branch_python_dop_operator_3.py took 0.067 seconds
[2024-12-09T13:25:38.788+0000] {processor.py:186} INFO - Started process (PID=1261) to work on /home/airflow/.local/lib/python3.12/site-packages/airflow/example_dags/example_branch_python_dop_operator_3.py
[2024-12-09T13:25:38.789+0000] {processor.py:914} INFO - Processing file /home/airflow/.local/lib/python3.12/site-packages/airflow/example_dags/example_branch_python_dop_operator_3.py for tasks to queue
[2024-12-09T13:25:38.791+0000] {logging_mixin.py:190} INFO - [2024-12-09T13:25:38.791+0000] {dagbag.py:588} INFO - Filling up the DagBag from /home/airflow/.local/lib/python3.12/site-packages/airflow/example_dags/example_branch_python_dop_operator_3.py
[2024-12-09T13:25:38.799+0000] {processor.py:925} INFO - DAG(s) 'example_branch_dop_operator_v3' retrieved from /home/airflow/.local/lib/python3.12/site-packages/airflow/example_dags/example_branch_python_dop_operator_3.py
[2024-12-09T13:25:38.816+0000] {logging_mixin.py:190} INFO - [2024-12-09T13:25:38.816+0000] {dag.py:3239} INFO - Sync 1 DAGs
[2024-12-09T13:25:38.839+0000] {logging_mixin.py:190} INFO - [2024-12-09T13:25:38.838+0000] {dag.py:4180} INFO - Setting next_dagrun for example_branch_dop_operator_v3 to 2024-12-09 13:24:00+00:00, run_after=2024-12-09 13:25:00+00:00
[2024-12-09T13:25:38.853+0000] {processor.py:208} INFO - Processing /home/airflow/.local/lib/python3.12/site-packages/airflow/example_dags/example_branch_python_dop_operator_3.py took 0.070 seconds
[2024-12-09T13:26:12.700+0000] {processor.py:186} INFO - Started process (PID=1328) to work on /home/airflow/.local/lib/python3.12/site-packages/airflow/example_dags/example_branch_python_dop_operator_3.py
[2024-12-09T13:26:12.701+0000] {processor.py:914} INFO - Processing file /home/airflow/.local/lib/python3.12/site-packages/airflow/example_dags/example_branch_python_dop_operator_3.py for tasks to queue
[2024-12-09T13:26:12.703+0000] {logging_mixin.py:190} INFO - [2024-12-09T13:26:12.702+0000] {dagbag.py:588} INFO - Filling up the DagBag from /home/airflow/.local/lib/python3.12/site-packages/airflow/example_dags/example_branch_python_dop_operator_3.py
[2024-12-09T13:26:12.710+0000] {processor.py:925} INFO - DAG(s) 'example_branch_dop_operator_v3' retrieved from /home/airflow/.local/lib/python3.12/site-packages/airflow/example_dags/example_branch_python_dop_operator_3.py
[2024-12-09T13:26:12.726+0000] {logging_mixin.py:190} INFO - [2024-12-09T13:26:12.726+0000] {dag.py:3239} INFO - Sync 1 DAGs
[2024-12-09T13:26:12.752+0000] {logging_mixin.py:190} INFO - [2024-12-09T13:26:12.752+0000] {dag.py:4180} INFO - Setting next_dagrun for example_branch_dop_operator_v3 to 2024-12-09 13:25:00+00:00, run_after=2024-12-09 13:26:00+00:00
[2024-12-09T13:26:12.768+0000] {processor.py:208} INFO - Processing /home/airflow/.local/lib/python3.12/site-packages/airflow/example_dags/example_branch_python_dop_operator_3.py took 0.072 seconds
[2024-12-09T13:26:45.560+0000] {processor.py:186} INFO - Started process (PID=1399) to work on /home/airflow/.local/lib/python3.12/site-packages/airflow/example_dags/example_branch_python_dop_operator_3.py
[2024-12-09T13:26:45.560+0000] {processor.py:914} INFO - Processing file /home/airflow/.local/lib/python3.12/site-packages/airflow/example_dags/example_branch_python_dop_operator_3.py for tasks to queue
[2024-12-09T13:26:45.562+0000] {logging_mixin.py:190} INFO - [2024-12-09T13:26:45.562+0000] {dagbag.py:588} INFO - Filling up the DagBag from /home/airflow/.local/lib/python3.12/site-packages/airflow/example_dags/example_branch_python_dop_operator_3.py
[2024-12-09T13:26:45.570+0000] {processor.py:925} INFO - DAG(s) 'example_branch_dop_operator_v3' retrieved from /home/airflow/.local/lib/python3.12/site-packages/airflow/example_dags/example_branch_python_dop_operator_3.py
[2024-12-09T13:26:45.586+0000] {logging_mixin.py:190} INFO - [2024-12-09T13:26:45.586+0000] {dag.py:3239} INFO - Sync 1 DAGs
[2024-12-09T13:26:45.607+0000] {logging_mixin.py:190} INFO - [2024-12-09T13:26:45.607+0000] {dag.py:4180} INFO - Setting next_dagrun for example_branch_dop_operator_v3 to 2024-12-09 13:25:00+00:00, run_after=2024-12-09 13:26:00+00:00
[2024-12-09T13:26:45.622+0000] {processor.py:208} INFO - Processing /home/airflow/.local/lib/python3.12/site-packages/airflow/example_dags/example_branch_python_dop_operator_3.py took 0.067 seconds
[2024-12-09T13:27:18.852+0000] {processor.py:186} INFO - Started process (PID=1463) to work on /home/airflow/.local/lib/python3.12/site-packages/airflow/example_dags/example_branch_python_dop_operator_3.py
[2024-12-09T13:27:18.853+0000] {processor.py:914} INFO - Processing file /home/airflow/.local/lib/python3.12/site-packages/airflow/example_dags/example_branch_python_dop_operator_3.py for tasks to queue
[2024-12-09T13:27:18.855+0000] {logging_mixin.py:190} INFO - [2024-12-09T13:27:18.855+0000] {dagbag.py:588} INFO - Filling up the DagBag from /home/airflow/.local/lib/python3.12/site-packages/airflow/example_dags/example_branch_python_dop_operator_3.py
[2024-12-09T13:27:18.866+0000] {processor.py:925} INFO - DAG(s) 'example_branch_dop_operator_v3' retrieved from /home/airflow/.local/lib/python3.12/site-packages/airflow/example_dags/example_branch_python_dop_operator_3.py
[2024-12-09T13:27:18.890+0000] {logging_mixin.py:190} INFO - [2024-12-09T13:27:18.890+0000] {dag.py:3239} INFO - Sync 1 DAGs
[2024-12-09T13:27:18.915+0000] {logging_mixin.py:190} INFO - [2024-12-09T13:27:18.915+0000] {dag.py:4180} INFO - Setting next_dagrun for example_branch_dop_operator_v3 to 2024-12-09 13:26:00+00:00, run_after=2024-12-09 13:27:00+00:00
[2024-12-09T13:27:18.932+0000] {processor.py:208} INFO - Processing /home/airflow/.local/lib/python3.12/site-packages/airflow/example_dags/example_branch_python_dop_operator_3.py took 0.085 seconds
