[2024-12-09T13:15:42.580+0000] {processor.py:186} INFO - Started process (PID=86) to work on /home/airflow/.local/lib/python3.12/site-packages/airflow/example_dags/example_xcomargs.py
[2024-12-09T13:15:42.581+0000] {processor.py:914} INFO - Processing file /home/airflow/.local/lib/python3.12/site-packages/airflow/example_dags/example_xcomargs.py for tasks to queue
[2024-12-09T13:15:42.583+0000] {logging_mixin.py:190} INFO - [2024-12-09T13:15:42.583+0000] {dagbag.py:588} INFO - Filling up the DagBag from /home/airflow/.local/lib/python3.12/site-packages/airflow/example_dags/example_xcomargs.py
[2024-12-09T13:15:42.598+0000] {processor.py:925} INFO - DAG(s) 'example_xcom_args_with_operators', 'example_xcom_args' retrieved from /home/airflow/.local/lib/python3.12/site-packages/airflow/example_dags/example_xcomargs.py
[2024-12-09T13:15:42.695+0000] {logging_mixin.py:190} INFO - [2024-12-09T13:15:42.694+0000] {override.py:1911} INFO - Created Permission View: can delete on DAG:example_xcom_args_with_operators
[2024-12-09T13:15:42.704+0000] {logging_mixin.py:190} INFO - [2024-12-09T13:15:42.703+0000] {override.py:1911} INFO - Created Permission View: can edit on DAG:example_xcom_args_with_operators
[2024-12-09T13:15:42.710+0000] {logging_mixin.py:190} INFO - [2024-12-09T13:15:42.709+0000] {override.py:1911} INFO - Created Permission View: can read on DAG:example_xcom_args_with_operators
[2024-12-09T13:15:42.716+0000] {logging_mixin.py:190} INFO - [2024-12-09T13:15:42.716+0000] {override.py:1911} INFO - Created Permission View: menu access on DAG Run:example_xcom_args_with_operators
[2024-12-09T13:15:42.721+0000] {logging_mixin.py:190} INFO - [2024-12-09T13:15:42.721+0000] {override.py:1911} INFO - Created Permission View: can create on DAG Run:example_xcom_args_with_operators
[2024-12-09T13:15:42.727+0000] {logging_mixin.py:190} INFO - [2024-12-09T13:15:42.727+0000] {override.py:1911} INFO - Created Permission View: can delete on DAG Run:example_xcom_args_with_operators
[2024-12-09T13:15:42.733+0000] {logging_mixin.py:190} INFO - [2024-12-09T13:15:42.733+0000] {override.py:1911} INFO - Created Permission View: can read on DAG Run:example_xcom_args_with_operators
[2024-12-09T13:15:42.746+0000] {logging_mixin.py:190} INFO - [2024-12-09T13:15:42.746+0000] {override.py:1911} INFO - Created Permission View: can delete on DAG:example_xcom_args
[2024-12-09T13:15:42.752+0000] {logging_mixin.py:190} INFO - [2024-12-09T13:15:42.751+0000] {override.py:1911} INFO - Created Permission View: can edit on DAG:example_xcom_args
[2024-12-09T13:15:42.757+0000] {logging_mixin.py:190} INFO - [2024-12-09T13:15:42.757+0000] {override.py:1911} INFO - Created Permission View: can read on DAG:example_xcom_args
[2024-12-09T13:15:42.764+0000] {logging_mixin.py:190} INFO - [2024-12-09T13:15:42.764+0000] {override.py:1911} INFO - Created Permission View: menu access on DAG Run:example_xcom_args
[2024-12-09T13:15:42.770+0000] {logging_mixin.py:190} INFO - [2024-12-09T13:15:42.769+0000] {override.py:1911} INFO - Created Permission View: can create on DAG Run:example_xcom_args
[2024-12-09T13:15:42.776+0000] {logging_mixin.py:190} INFO - [2024-12-09T13:15:42.775+0000] {override.py:1911} INFO - Created Permission View: can delete on DAG Run:example_xcom_args
[2024-12-09T13:15:42.782+0000] {logging_mixin.py:190} INFO - [2024-12-09T13:15:42.782+0000] {override.py:1911} INFO - Created Permission View: can read on DAG Run:example_xcom_args
[2024-12-09T13:15:42.783+0000] {logging_mixin.py:190} INFO - [2024-12-09T13:15:42.783+0000] {dag.py:3239} INFO - Sync 2 DAGs
[2024-12-09T13:15:42.797+0000] {logging_mixin.py:190} INFO - [2024-12-09T13:15:42.797+0000] {dag.py:3262} INFO - Creating ORM DAG for example_xcom_args_with_operators
[2024-12-09T13:15:42.798+0000] {logging_mixin.py:190} INFO - [2024-12-09T13:15:42.798+0000] {dag.py:3262} INFO - Creating ORM DAG for example_xcom_args
[2024-12-09T13:15:42.799+0000] {logging_mixin.py:190} INFO - [2024-12-09T13:15:42.799+0000] {dag.py:4180} INFO - Setting next_dagrun for example_xcom_args to None, run_after=None
[2024-12-09T13:15:42.799+0000] {logging_mixin.py:190} INFO - [2024-12-09T13:15:42.799+0000] {dag.py:4180} INFO - Setting next_dagrun for example_xcom_args_with_operators to None, run_after=None
[2024-12-09T13:15:42.820+0000] {processor.py:208} INFO - Processing /home/airflow/.local/lib/python3.12/site-packages/airflow/example_dags/example_xcomargs.py took 0.246 seconds
[2024-12-09T13:16:13.516+0000] {processor.py:186} INFO - Started process (PID=143) to work on /home/airflow/.local/lib/python3.12/site-packages/airflow/example_dags/example_xcomargs.py
[2024-12-09T13:16:13.517+0000] {processor.py:914} INFO - Processing file /home/airflow/.local/lib/python3.12/site-packages/airflow/example_dags/example_xcomargs.py for tasks to queue
[2024-12-09T13:16:13.519+0000] {logging_mixin.py:190} INFO - [2024-12-09T13:16:13.519+0000] {dagbag.py:588} INFO - Filling up the DagBag from /home/airflow/.local/lib/python3.12/site-packages/airflow/example_dags/example_xcomargs.py
[2024-12-09T13:16:13.528+0000] {processor.py:925} INFO - DAG(s) 'example_xcom_args', 'example_xcom_args_with_operators' retrieved from /home/airflow/.local/lib/python3.12/site-packages/airflow/example_dags/example_xcomargs.py
[2024-12-09T13:16:13.548+0000] {logging_mixin.py:190} INFO - [2024-12-09T13:16:13.548+0000] {dag.py:3239} INFO - Sync 2 DAGs
[2024-12-09T13:16:13.561+0000] {logging_mixin.py:190} INFO - [2024-12-09T13:16:13.561+0000] {dag.py:4180} INFO - Setting next_dagrun for example_xcom_args to None, run_after=None
[2024-12-09T13:16:13.565+0000] {logging_mixin.py:190} INFO - [2024-12-09T13:16:13.564+0000] {dag.py:4180} INFO - Setting next_dagrun for example_xcom_args_with_operators to None, run_after=None
[2024-12-09T13:16:13.579+0000] {processor.py:208} INFO - Processing /home/airflow/.local/lib/python3.12/site-packages/airflow/example_dags/example_xcomargs.py took 0.070 seconds
[2024-12-09T13:16:44.588+0000] {processor.py:186} INFO - Started process (PID=206) to work on /home/airflow/.local/lib/python3.12/site-packages/airflow/example_dags/example_xcomargs.py
[2024-12-09T13:16:44.589+0000] {processor.py:914} INFO - Processing file /home/airflow/.local/lib/python3.12/site-packages/airflow/example_dags/example_xcomargs.py for tasks to queue
[2024-12-09T13:16:44.590+0000] {logging_mixin.py:190} INFO - [2024-12-09T13:16:44.590+0000] {dagbag.py:588} INFO - Filling up the DagBag from /home/airflow/.local/lib/python3.12/site-packages/airflow/example_dags/example_xcomargs.py
[2024-12-09T13:16:44.598+0000] {processor.py:925} INFO - DAG(s) 'example_xcom_args_with_operators', 'example_xcom_args' retrieved from /home/airflow/.local/lib/python3.12/site-packages/airflow/example_dags/example_xcomargs.py
[2024-12-09T13:16:44.616+0000] {logging_mixin.py:190} INFO - [2024-12-09T13:16:44.616+0000] {dag.py:3239} INFO - Sync 2 DAGs
[2024-12-09T13:16:44.628+0000] {logging_mixin.py:190} INFO - [2024-12-09T13:16:44.628+0000] {dag.py:4180} INFO - Setting next_dagrun for example_xcom_args to None, run_after=None
[2024-12-09T13:16:44.632+0000] {logging_mixin.py:190} INFO - [2024-12-09T13:16:44.632+0000] {dag.py:4180} INFO - Setting next_dagrun for example_xcom_args_with_operators to None, run_after=None
[2024-12-09T13:16:44.645+0000] {processor.py:208} INFO - Processing /home/airflow/.local/lib/python3.12/site-packages/airflow/example_dags/example_xcomargs.py took 0.061 seconds
[2024-12-09T13:17:15.578+0000] {processor.py:186} INFO - Started process (PID=269) to work on /home/airflow/.local/lib/python3.12/site-packages/airflow/example_dags/example_xcomargs.py
[2024-12-09T13:17:15.578+0000] {processor.py:914} INFO - Processing file /home/airflow/.local/lib/python3.12/site-packages/airflow/example_dags/example_xcomargs.py for tasks to queue
[2024-12-09T13:17:15.580+0000] {logging_mixin.py:190} INFO - [2024-12-09T13:17:15.580+0000] {dagbag.py:588} INFO - Filling up the DagBag from /home/airflow/.local/lib/python3.12/site-packages/airflow/example_dags/example_xcomargs.py
[2024-12-09T13:17:15.587+0000] {processor.py:925} INFO - DAG(s) 'example_xcom_args_with_operators', 'example_xcom_args' retrieved from /home/airflow/.local/lib/python3.12/site-packages/airflow/example_dags/example_xcomargs.py
[2024-12-09T13:17:15.604+0000] {logging_mixin.py:190} INFO - [2024-12-09T13:17:15.604+0000] {dag.py:3239} INFO - Sync 2 DAGs
[2024-12-09T13:17:15.616+0000] {logging_mixin.py:190} INFO - [2024-12-09T13:17:15.616+0000] {dag.py:4180} INFO - Setting next_dagrun for example_xcom_args to None, run_after=None
[2024-12-09T13:17:15.619+0000] {logging_mixin.py:190} INFO - [2024-12-09T13:17:15.619+0000] {dag.py:4180} INFO - Setting next_dagrun for example_xcom_args_with_operators to None, run_after=None
[2024-12-09T13:17:15.631+0000] {processor.py:208} INFO - Processing /home/airflow/.local/lib/python3.12/site-packages/airflow/example_dags/example_xcomargs.py took 0.058 seconds
[2024-12-09T13:17:46.685+0000] {processor.py:186} INFO - Started process (PID=332) to work on /home/airflow/.local/lib/python3.12/site-packages/airflow/example_dags/example_xcomargs.py
[2024-12-09T13:17:46.686+0000] {processor.py:914} INFO - Processing file /home/airflow/.local/lib/python3.12/site-packages/airflow/example_dags/example_xcomargs.py for tasks to queue
[2024-12-09T13:17:46.688+0000] {logging_mixin.py:190} INFO - [2024-12-09T13:17:46.688+0000] {dagbag.py:588} INFO - Filling up the DagBag from /home/airflow/.local/lib/python3.12/site-packages/airflow/example_dags/example_xcomargs.py
[2024-12-09T13:17:46.696+0000] {processor.py:925} INFO - DAG(s) 'example_xcom_args_with_operators', 'example_xcom_args' retrieved from /home/airflow/.local/lib/python3.12/site-packages/airflow/example_dags/example_xcomargs.py
[2024-12-09T13:17:46.714+0000] {logging_mixin.py:190} INFO - [2024-12-09T13:17:46.714+0000] {dag.py:3239} INFO - Sync 2 DAGs
[2024-12-09T13:17:46.726+0000] {logging_mixin.py:190} INFO - [2024-12-09T13:17:46.726+0000] {dag.py:4180} INFO - Setting next_dagrun for example_xcom_args to None, run_after=None
[2024-12-09T13:17:46.729+0000] {logging_mixin.py:190} INFO - [2024-12-09T13:17:46.729+0000] {dag.py:4180} INFO - Setting next_dagrun for example_xcom_args_with_operators to None, run_after=None
[2024-12-09T13:17:46.743+0000] {processor.py:208} INFO - Processing /home/airflow/.local/lib/python3.12/site-packages/airflow/example_dags/example_xcomargs.py took 0.062 seconds
[2024-12-09T13:18:17.793+0000] {processor.py:186} INFO - Started process (PID=395) to work on /home/airflow/.local/lib/python3.12/site-packages/airflow/example_dags/example_xcomargs.py
[2024-12-09T13:18:17.794+0000] {processor.py:914} INFO - Processing file /home/airflow/.local/lib/python3.12/site-packages/airflow/example_dags/example_xcomargs.py for tasks to queue
[2024-12-09T13:18:17.795+0000] {logging_mixin.py:190} INFO - [2024-12-09T13:18:17.795+0000] {dagbag.py:588} INFO - Filling up the DagBag from /home/airflow/.local/lib/python3.12/site-packages/airflow/example_dags/example_xcomargs.py
[2024-12-09T13:18:17.804+0000] {processor.py:925} INFO - DAG(s) 'example_xcom_args', 'example_xcom_args_with_operators' retrieved from /home/airflow/.local/lib/python3.12/site-packages/airflow/example_dags/example_xcomargs.py
[2024-12-09T13:18:17.822+0000] {logging_mixin.py:190} INFO - [2024-12-09T13:18:17.822+0000] {dag.py:3239} INFO - Sync 2 DAGs
[2024-12-09T13:18:17.834+0000] {logging_mixin.py:190} INFO - [2024-12-09T13:18:17.834+0000] {dag.py:4180} INFO - Setting next_dagrun for example_xcom_args to None, run_after=None
[2024-12-09T13:18:17.838+0000] {logging_mixin.py:190} INFO - [2024-12-09T13:18:17.837+0000] {dag.py:4180} INFO - Setting next_dagrun for example_xcom_args_with_operators to None, run_after=None
[2024-12-09T13:18:17.850+0000] {processor.py:208} INFO - Processing /home/airflow/.local/lib/python3.12/site-packages/airflow/example_dags/example_xcomargs.py took 0.062 seconds
[2024-12-09T13:18:48.787+0000] {processor.py:186} INFO - Started process (PID=458) to work on /home/airflow/.local/lib/python3.12/site-packages/airflow/example_dags/example_xcomargs.py
[2024-12-09T13:18:48.788+0000] {processor.py:914} INFO - Processing file /home/airflow/.local/lib/python3.12/site-packages/airflow/example_dags/example_xcomargs.py for tasks to queue
[2024-12-09T13:18:48.789+0000] {logging_mixin.py:190} INFO - [2024-12-09T13:18:48.789+0000] {dagbag.py:588} INFO - Filling up the DagBag from /home/airflow/.local/lib/python3.12/site-packages/airflow/example_dags/example_xcomargs.py
[2024-12-09T13:18:48.796+0000] {processor.py:925} INFO - DAG(s) 'example_xcom_args', 'example_xcom_args_with_operators' retrieved from /home/airflow/.local/lib/python3.12/site-packages/airflow/example_dags/example_xcomargs.py
[2024-12-09T13:18:48.814+0000] {logging_mixin.py:190} INFO - [2024-12-09T13:18:48.813+0000] {dag.py:3239} INFO - Sync 2 DAGs
[2024-12-09T13:18:48.826+0000] {logging_mixin.py:190} INFO - [2024-12-09T13:18:48.825+0000] {dag.py:4180} INFO - Setting next_dagrun for example_xcom_args to None, run_after=None
[2024-12-09T13:18:48.829+0000] {logging_mixin.py:190} INFO - [2024-12-09T13:18:48.829+0000] {dag.py:4180} INFO - Setting next_dagrun for example_xcom_args_with_operators to None, run_after=None
[2024-12-09T13:18:48.841+0000] {processor.py:208} INFO - Processing /home/airflow/.local/lib/python3.12/site-packages/airflow/example_dags/example_xcomargs.py took 0.058 seconds
[2024-12-09T13:19:19.744+0000] {processor.py:186} INFO - Started process (PID=521) to work on /home/airflow/.local/lib/python3.12/site-packages/airflow/example_dags/example_xcomargs.py
[2024-12-09T13:19:19.745+0000] {processor.py:914} INFO - Processing file /home/airflow/.local/lib/python3.12/site-packages/airflow/example_dags/example_xcomargs.py for tasks to queue
[2024-12-09T13:19:19.748+0000] {logging_mixin.py:190} INFO - [2024-12-09T13:19:19.747+0000] {dagbag.py:588} INFO - Filling up the DagBag from /home/airflow/.local/lib/python3.12/site-packages/airflow/example_dags/example_xcomargs.py
[2024-12-09T13:19:19.757+0000] {processor.py:925} INFO - DAG(s) 'example_xcom_args', 'example_xcom_args_with_operators' retrieved from /home/airflow/.local/lib/python3.12/site-packages/airflow/example_dags/example_xcomargs.py
[2024-12-09T13:19:19.779+0000] {logging_mixin.py:190} INFO - [2024-12-09T13:19:19.779+0000] {dag.py:3239} INFO - Sync 2 DAGs
[2024-12-09T13:19:19.794+0000] {logging_mixin.py:190} INFO - [2024-12-09T13:19:19.794+0000] {dag.py:4180} INFO - Setting next_dagrun for example_xcom_args to None, run_after=None
[2024-12-09T13:19:19.798+0000] {logging_mixin.py:190} INFO - [2024-12-09T13:19:19.797+0000] {dag.py:4180} INFO - Setting next_dagrun for example_xcom_args_with_operators to None, run_after=None
[2024-12-09T13:19:19.814+0000] {processor.py:208} INFO - Processing /home/airflow/.local/lib/python3.12/site-packages/airflow/example_dags/example_xcomargs.py took 0.078 seconds
[2024-12-09T13:19:50.741+0000] {processor.py:186} INFO - Started process (PID=584) to work on /home/airflow/.local/lib/python3.12/site-packages/airflow/example_dags/example_xcomargs.py
[2024-12-09T13:19:50.742+0000] {processor.py:914} INFO - Processing file /home/airflow/.local/lib/python3.12/site-packages/airflow/example_dags/example_xcomargs.py for tasks to queue
[2024-12-09T13:19:50.744+0000] {logging_mixin.py:190} INFO - [2024-12-09T13:19:50.743+0000] {dagbag.py:588} INFO - Filling up the DagBag from /home/airflow/.local/lib/python3.12/site-packages/airflow/example_dags/example_xcomargs.py
[2024-12-09T13:19:50.751+0000] {processor.py:925} INFO - DAG(s) 'example_xcom_args', 'example_xcom_args_with_operators' retrieved from /home/airflow/.local/lib/python3.12/site-packages/airflow/example_dags/example_xcomargs.py
[2024-12-09T13:19:50.771+0000] {logging_mixin.py:190} INFO - [2024-12-09T13:19:50.771+0000] {dag.py:3239} INFO - Sync 2 DAGs
[2024-12-09T13:19:50.784+0000] {logging_mixin.py:190} INFO - [2024-12-09T13:19:50.784+0000] {dag.py:4180} INFO - Setting next_dagrun for example_xcom_args to None, run_after=None
[2024-12-09T13:19:50.787+0000] {logging_mixin.py:190} INFO - [2024-12-09T13:19:50.787+0000] {dag.py:4180} INFO - Setting next_dagrun for example_xcom_args_with_operators to None, run_after=None
[2024-12-09T13:19:50.801+0000] {processor.py:208} INFO - Processing /home/airflow/.local/lib/python3.12/site-packages/airflow/example_dags/example_xcomargs.py took 0.065 seconds
[2024-12-09T13:20:22.227+0000] {processor.py:186} INFO - Started process (PID=647) to work on /home/airflow/.local/lib/python3.12/site-packages/airflow/example_dags/example_xcomargs.py
[2024-12-09T13:20:22.228+0000] {processor.py:914} INFO - Processing file /home/airflow/.local/lib/python3.12/site-packages/airflow/example_dags/example_xcomargs.py for tasks to queue
[2024-12-09T13:20:22.230+0000] {logging_mixin.py:190} INFO - [2024-12-09T13:20:22.230+0000] {dagbag.py:588} INFO - Filling up the DagBag from /home/airflow/.local/lib/python3.12/site-packages/airflow/example_dags/example_xcomargs.py
[2024-12-09T13:20:22.238+0000] {processor.py:925} INFO - DAG(s) 'example_xcom_args_with_operators', 'example_xcom_args' retrieved from /home/airflow/.local/lib/python3.12/site-packages/airflow/example_dags/example_xcomargs.py
[2024-12-09T13:20:22.258+0000] {logging_mixin.py:190} INFO - [2024-12-09T13:20:22.257+0000] {dag.py:3239} INFO - Sync 2 DAGs
[2024-12-09T13:20:22.270+0000] {logging_mixin.py:190} INFO - [2024-12-09T13:20:22.269+0000] {dag.py:4180} INFO - Setting next_dagrun for example_xcom_args to None, run_after=None
[2024-12-09T13:20:22.273+0000] {logging_mixin.py:190} INFO - [2024-12-09T13:20:22.273+0000] {dag.py:4180} INFO - Setting next_dagrun for example_xcom_args_with_operators to None, run_after=None
[2024-12-09T13:20:22.287+0000] {processor.py:208} INFO - Processing /home/airflow/.local/lib/python3.12/site-packages/airflow/example_dags/example_xcomargs.py took 0.064 seconds
[2024-12-09T13:20:52.912+0000] {processor.py:186} INFO - Started process (PID=710) to work on /home/airflow/.local/lib/python3.12/site-packages/airflow/example_dags/example_xcomargs.py
[2024-12-09T13:20:52.913+0000] {processor.py:914} INFO - Processing file /home/airflow/.local/lib/python3.12/site-packages/airflow/example_dags/example_xcomargs.py for tasks to queue
[2024-12-09T13:20:52.914+0000] {logging_mixin.py:190} INFO - [2024-12-09T13:20:52.914+0000] {dagbag.py:588} INFO - Filling up the DagBag from /home/airflow/.local/lib/python3.12/site-packages/airflow/example_dags/example_xcomargs.py
[2024-12-09T13:20:52.923+0000] {processor.py:925} INFO - DAG(s) 'example_xcom_args', 'example_xcom_args_with_operators' retrieved from /home/airflow/.local/lib/python3.12/site-packages/airflow/example_dags/example_xcomargs.py
[2024-12-09T13:20:52.943+0000] {logging_mixin.py:190} INFO - [2024-12-09T13:20:52.942+0000] {dag.py:3239} INFO - Sync 2 DAGs
[2024-12-09T13:20:52.955+0000] {logging_mixin.py:190} INFO - [2024-12-09T13:20:52.955+0000] {dag.py:4180} INFO - Setting next_dagrun for example_xcom_args to None, run_after=None
[2024-12-09T13:20:52.958+0000] {logging_mixin.py:190} INFO - [2024-12-09T13:20:52.958+0000] {dag.py:4180} INFO - Setting next_dagrun for example_xcom_args_with_operators to None, run_after=None
[2024-12-09T13:20:52.971+0000] {processor.py:208} INFO - Processing /home/airflow/.local/lib/python3.12/site-packages/airflow/example_dags/example_xcomargs.py took 0.064 seconds
[2024-12-09T13:21:24.168+0000] {processor.py:186} INFO - Started process (PID=773) to work on /home/airflow/.local/lib/python3.12/site-packages/airflow/example_dags/example_xcomargs.py
[2024-12-09T13:21:24.169+0000] {processor.py:914} INFO - Processing file /home/airflow/.local/lib/python3.12/site-packages/airflow/example_dags/example_xcomargs.py for tasks to queue
[2024-12-09T13:21:24.171+0000] {logging_mixin.py:190} INFO - [2024-12-09T13:21:24.171+0000] {dagbag.py:588} INFO - Filling up the DagBag from /home/airflow/.local/lib/python3.12/site-packages/airflow/example_dags/example_xcomargs.py
[2024-12-09T13:21:24.178+0000] {processor.py:925} INFO - DAG(s) 'example_xcom_args', 'example_xcom_args_with_operators' retrieved from /home/airflow/.local/lib/python3.12/site-packages/airflow/example_dags/example_xcomargs.py
[2024-12-09T13:21:24.196+0000] {logging_mixin.py:190} INFO - [2024-12-09T13:21:24.196+0000] {dag.py:3239} INFO - Sync 2 DAGs
[2024-12-09T13:21:24.208+0000] {logging_mixin.py:190} INFO - [2024-12-09T13:21:24.208+0000] {dag.py:4180} INFO - Setting next_dagrun for example_xcom_args to None, run_after=None
[2024-12-09T13:21:24.211+0000] {logging_mixin.py:190} INFO - [2024-12-09T13:21:24.211+0000] {dag.py:4180} INFO - Setting next_dagrun for example_xcom_args_with_operators to None, run_after=None
[2024-12-09T13:21:24.223+0000] {processor.py:208} INFO - Processing /home/airflow/.local/lib/python3.12/site-packages/airflow/example_dags/example_xcomargs.py took 0.059 seconds
[2024-12-09T13:21:55.337+0000] {processor.py:186} INFO - Started process (PID=836) to work on /home/airflow/.local/lib/python3.12/site-packages/airflow/example_dags/example_xcomargs.py
[2024-12-09T13:21:55.338+0000] {processor.py:914} INFO - Processing file /home/airflow/.local/lib/python3.12/site-packages/airflow/example_dags/example_xcomargs.py for tasks to queue
[2024-12-09T13:21:55.340+0000] {logging_mixin.py:190} INFO - [2024-12-09T13:21:55.339+0000] {dagbag.py:588} INFO - Filling up the DagBag from /home/airflow/.local/lib/python3.12/site-packages/airflow/example_dags/example_xcomargs.py
[2024-12-09T13:21:55.347+0000] {processor.py:925} INFO - DAG(s) 'example_xcom_args', 'example_xcom_args_with_operators' retrieved from /home/airflow/.local/lib/python3.12/site-packages/airflow/example_dags/example_xcomargs.py
[2024-12-09T13:21:55.365+0000] {logging_mixin.py:190} INFO - [2024-12-09T13:21:55.365+0000] {dag.py:3239} INFO - Sync 2 DAGs
[2024-12-09T13:21:55.378+0000] {logging_mixin.py:190} INFO - [2024-12-09T13:21:55.378+0000] {dag.py:4180} INFO - Setting next_dagrun for example_xcom_args to None, run_after=None
[2024-12-09T13:21:55.381+0000] {logging_mixin.py:190} INFO - [2024-12-09T13:21:55.381+0000] {dag.py:4180} INFO - Setting next_dagrun for example_xcom_args_with_operators to None, run_after=None
[2024-12-09T13:21:55.394+0000] {processor.py:208} INFO - Processing /home/airflow/.local/lib/python3.12/site-packages/airflow/example_dags/example_xcomargs.py took 0.061 seconds
[2024-12-09T13:22:26.178+0000] {processor.py:186} INFO - Started process (PID=899) to work on /home/airflow/.local/lib/python3.12/site-packages/airflow/example_dags/example_xcomargs.py
[2024-12-09T13:22:26.179+0000] {processor.py:914} INFO - Processing file /home/airflow/.local/lib/python3.12/site-packages/airflow/example_dags/example_xcomargs.py for tasks to queue
[2024-12-09T13:22:26.180+0000] {logging_mixin.py:190} INFO - [2024-12-09T13:22:26.180+0000] {dagbag.py:588} INFO - Filling up the DagBag from /home/airflow/.local/lib/python3.12/site-packages/airflow/example_dags/example_xcomargs.py
[2024-12-09T13:22:26.188+0000] {processor.py:925} INFO - DAG(s) 'example_xcom_args', 'example_xcom_args_with_operators' retrieved from /home/airflow/.local/lib/python3.12/site-packages/airflow/example_dags/example_xcomargs.py
[2024-12-09T13:22:26.205+0000] {logging_mixin.py:190} INFO - [2024-12-09T13:22:26.205+0000] {dag.py:3239} INFO - Sync 2 DAGs
[2024-12-09T13:22:26.217+0000] {logging_mixin.py:190} INFO - [2024-12-09T13:22:26.217+0000] {dag.py:4180} INFO - Setting next_dagrun for example_xcom_args to None, run_after=None
[2024-12-09T13:22:26.220+0000] {logging_mixin.py:190} INFO - [2024-12-09T13:22:26.219+0000] {dag.py:4180} INFO - Setting next_dagrun for example_xcom_args_with_operators to None, run_after=None
[2024-12-09T13:22:26.232+0000] {processor.py:208} INFO - Processing /home/airflow/.local/lib/python3.12/site-packages/airflow/example_dags/example_xcomargs.py took 0.058 seconds
[2024-12-09T13:22:57.305+0000] {processor.py:186} INFO - Started process (PID=962) to work on /home/airflow/.local/lib/python3.12/site-packages/airflow/example_dags/example_xcomargs.py
[2024-12-09T13:22:57.305+0000] {processor.py:914} INFO - Processing file /home/airflow/.local/lib/python3.12/site-packages/airflow/example_dags/example_xcomargs.py for tasks to queue
[2024-12-09T13:22:57.307+0000] {logging_mixin.py:190} INFO - [2024-12-09T13:22:57.307+0000] {dagbag.py:588} INFO - Filling up the DagBag from /home/airflow/.local/lib/python3.12/site-packages/airflow/example_dags/example_xcomargs.py
[2024-12-09T13:22:57.315+0000] {processor.py:925} INFO - DAG(s) 'example_xcom_args_with_operators', 'example_xcom_args' retrieved from /home/airflow/.local/lib/python3.12/site-packages/airflow/example_dags/example_xcomargs.py
[2024-12-09T13:22:57.332+0000] {logging_mixin.py:190} INFO - [2024-12-09T13:22:57.332+0000] {dag.py:3239} INFO - Sync 2 DAGs
[2024-12-09T13:22:57.344+0000] {logging_mixin.py:190} INFO - [2024-12-09T13:22:57.344+0000] {dag.py:4180} INFO - Setting next_dagrun for example_xcom_args to None, run_after=None
[2024-12-09T13:22:57.347+0000] {logging_mixin.py:190} INFO - [2024-12-09T13:22:57.347+0000] {dag.py:4180} INFO - Setting next_dagrun for example_xcom_args_with_operators to None, run_after=None
[2024-12-09T13:22:57.359+0000] {processor.py:208} INFO - Processing /home/airflow/.local/lib/python3.12/site-packages/airflow/example_dags/example_xcomargs.py took 0.059 seconds
[2024-12-09T13:23:29.098+0000] {processor.py:186} INFO - Started process (PID=1025) to work on /home/airflow/.local/lib/python3.12/site-packages/airflow/example_dags/example_xcomargs.py
[2024-12-09T13:23:29.098+0000] {processor.py:914} INFO - Processing file /home/airflow/.local/lib/python3.12/site-packages/airflow/example_dags/example_xcomargs.py for tasks to queue
[2024-12-09T13:23:29.100+0000] {logging_mixin.py:190} INFO - [2024-12-09T13:23:29.100+0000] {dagbag.py:588} INFO - Filling up the DagBag from /home/airflow/.local/lib/python3.12/site-packages/airflow/example_dags/example_xcomargs.py
[2024-12-09T13:23:29.108+0000] {processor.py:925} INFO - DAG(s) 'example_xcom_args', 'example_xcom_args_with_operators' retrieved from /home/airflow/.local/lib/python3.12/site-packages/airflow/example_dags/example_xcomargs.py
[2024-12-09T13:23:29.126+0000] {logging_mixin.py:190} INFO - [2024-12-09T13:23:29.126+0000] {dag.py:3239} INFO - Sync 2 DAGs
[2024-12-09T13:23:29.139+0000] {logging_mixin.py:190} INFO - [2024-12-09T13:23:29.138+0000] {dag.py:4180} INFO - Setting next_dagrun for example_xcom_args to None, run_after=None
[2024-12-09T13:23:29.142+0000] {logging_mixin.py:190} INFO - [2024-12-09T13:23:29.142+0000] {dag.py:4180} INFO - Setting next_dagrun for example_xcom_args_with_operators to None, run_after=None
[2024-12-09T13:23:29.154+0000] {processor.py:208} INFO - Processing /home/airflow/.local/lib/python3.12/site-packages/airflow/example_dags/example_xcomargs.py took 0.061 seconds
[2024-12-09T13:24:01.831+0000] {processor.py:186} INFO - Started process (PID=1088) to work on /home/airflow/.local/lib/python3.12/site-packages/airflow/example_dags/example_xcomargs.py
[2024-12-09T13:24:01.832+0000] {processor.py:914} INFO - Processing file /home/airflow/.local/lib/python3.12/site-packages/airflow/example_dags/example_xcomargs.py for tasks to queue
[2024-12-09T13:24:01.834+0000] {logging_mixin.py:190} INFO - [2024-12-09T13:24:01.833+0000] {dagbag.py:588} INFO - Filling up the DagBag from /home/airflow/.local/lib/python3.12/site-packages/airflow/example_dags/example_xcomargs.py
[2024-12-09T13:24:01.841+0000] {processor.py:925} INFO - DAG(s) 'example_xcom_args', 'example_xcom_args_with_operators' retrieved from /home/airflow/.local/lib/python3.12/site-packages/airflow/example_dags/example_xcomargs.py
[2024-12-09T13:24:01.859+0000] {logging_mixin.py:190} INFO - [2024-12-09T13:24:01.859+0000] {dag.py:3239} INFO - Sync 2 DAGs
[2024-12-09T13:24:01.871+0000] {logging_mixin.py:190} INFO - [2024-12-09T13:24:01.871+0000] {dag.py:4180} INFO - Setting next_dagrun for example_xcom_args to None, run_after=None
[2024-12-09T13:24:01.874+0000] {logging_mixin.py:190} INFO - [2024-12-09T13:24:01.874+0000] {dag.py:4180} INFO - Setting next_dagrun for example_xcom_args_with_operators to None, run_after=None
[2024-12-09T13:24:01.887+0000] {processor.py:208} INFO - Processing /home/airflow/.local/lib/python3.12/site-packages/airflow/example_dags/example_xcomargs.py took 0.061 seconds
[2024-12-09T13:24:35.317+0000] {processor.py:186} INFO - Started process (PID=1151) to work on /home/airflow/.local/lib/python3.12/site-packages/airflow/example_dags/example_xcomargs.py
[2024-12-09T13:24:35.317+0000] {processor.py:914} INFO - Processing file /home/airflow/.local/lib/python3.12/site-packages/airflow/example_dags/example_xcomargs.py for tasks to queue
[2024-12-09T13:24:35.319+0000] {logging_mixin.py:190} INFO - [2024-12-09T13:24:35.319+0000] {dagbag.py:588} INFO - Filling up the DagBag from /home/airflow/.local/lib/python3.12/site-packages/airflow/example_dags/example_xcomargs.py
[2024-12-09T13:24:35.327+0000] {processor.py:925} INFO - DAG(s) 'example_xcom_args', 'example_xcom_args_with_operators' retrieved from /home/airflow/.local/lib/python3.12/site-packages/airflow/example_dags/example_xcomargs.py
[2024-12-09T13:24:35.352+0000] {logging_mixin.py:190} INFO - [2024-12-09T13:24:35.352+0000] {dag.py:3239} INFO - Sync 2 DAGs
[2024-12-09T13:24:35.364+0000] {logging_mixin.py:190} INFO - [2024-12-09T13:24:35.364+0000] {dag.py:4180} INFO - Setting next_dagrun for example_xcom_args to None, run_after=None
[2024-12-09T13:24:35.367+0000] {logging_mixin.py:190} INFO - [2024-12-09T13:24:35.367+0000] {dag.py:4180} INFO - Setting next_dagrun for example_xcom_args_with_operators to None, run_after=None
[2024-12-09T13:24:35.380+0000] {processor.py:208} INFO - Processing /home/airflow/.local/lib/python3.12/site-packages/airflow/example_dags/example_xcomargs.py took 0.068 seconds
[2024-12-09T13:25:07.118+0000] {processor.py:186} INFO - Started process (PID=1206) to work on /home/airflow/.local/lib/python3.12/site-packages/airflow/example_dags/example_xcomargs.py
[2024-12-09T13:25:07.119+0000] {processor.py:914} INFO - Processing file /home/airflow/.local/lib/python3.12/site-packages/airflow/example_dags/example_xcomargs.py for tasks to queue
[2024-12-09T13:25:07.121+0000] {logging_mixin.py:190} INFO - [2024-12-09T13:25:07.121+0000] {dagbag.py:588} INFO - Filling up the DagBag from /home/airflow/.local/lib/python3.12/site-packages/airflow/example_dags/example_xcomargs.py
[2024-12-09T13:25:07.129+0000] {processor.py:925} INFO - DAG(s) 'example_xcom_args', 'example_xcom_args_with_operators' retrieved from /home/airflow/.local/lib/python3.12/site-packages/airflow/example_dags/example_xcomargs.py
[2024-12-09T13:25:07.148+0000] {logging_mixin.py:190} INFO - [2024-12-09T13:25:07.147+0000] {dag.py:3239} INFO - Sync 2 DAGs
[2024-12-09T13:25:07.162+0000] {logging_mixin.py:190} INFO - [2024-12-09T13:25:07.161+0000] {dag.py:4180} INFO - Setting next_dagrun for example_xcom_args to None, run_after=None
[2024-12-09T13:25:07.165+0000] {logging_mixin.py:190} INFO - [2024-12-09T13:25:07.165+0000] {dag.py:4180} INFO - Setting next_dagrun for example_xcom_args_with_operators to None, run_after=None
[2024-12-09T13:25:07.177+0000] {processor.py:208} INFO - Processing /home/airflow/.local/lib/python3.12/site-packages/airflow/example_dags/example_xcomargs.py took 0.063 seconds
[2024-12-09T13:25:39.773+0000] {processor.py:186} INFO - Started process (PID=1269) to work on /home/airflow/.local/lib/python3.12/site-packages/airflow/example_dags/example_xcomargs.py
[2024-12-09T13:25:39.774+0000] {processor.py:914} INFO - Processing file /home/airflow/.local/lib/python3.12/site-packages/airflow/example_dags/example_xcomargs.py for tasks to queue
[2024-12-09T13:25:39.776+0000] {logging_mixin.py:190} INFO - [2024-12-09T13:25:39.776+0000] {dagbag.py:588} INFO - Filling up the DagBag from /home/airflow/.local/lib/python3.12/site-packages/airflow/example_dags/example_xcomargs.py
[2024-12-09T13:25:39.785+0000] {processor.py:925} INFO - DAG(s) 'example_xcom_args', 'example_xcom_args_with_operators' retrieved from /home/airflow/.local/lib/python3.12/site-packages/airflow/example_dags/example_xcomargs.py
[2024-12-09T13:25:39.806+0000] {logging_mixin.py:190} INFO - [2024-12-09T13:25:39.806+0000] {dag.py:3239} INFO - Sync 2 DAGs
[2024-12-09T13:25:39.819+0000] {logging_mixin.py:190} INFO - [2024-12-09T13:25:39.819+0000] {dag.py:4180} INFO - Setting next_dagrun for example_xcom_args to None, run_after=None
[2024-12-09T13:25:39.823+0000] {logging_mixin.py:190} INFO - [2024-12-09T13:25:39.823+0000] {dag.py:4180} INFO - Setting next_dagrun for example_xcom_args_with_operators to None, run_after=None
[2024-12-09T13:25:39.837+0000] {processor.py:208} INFO - Processing /home/airflow/.local/lib/python3.12/site-packages/airflow/example_dags/example_xcomargs.py took 0.068 seconds
[2024-12-09T13:26:11.027+0000] {processor.py:186} INFO - Started process (PID=1306) to work on /home/airflow/.local/lib/python3.12/site-packages/airflow/example_dags/example_xcomargs.py
[2024-12-09T13:26:11.027+0000] {processor.py:914} INFO - Processing file /home/airflow/.local/lib/python3.12/site-packages/airflow/example_dags/example_xcomargs.py for tasks to queue
[2024-12-09T13:26:11.029+0000] {logging_mixin.py:190} INFO - [2024-12-09T13:26:11.029+0000] {dagbag.py:588} INFO - Filling up the DagBag from /home/airflow/.local/lib/python3.12/site-packages/airflow/example_dags/example_xcomargs.py
[2024-12-09T13:26:11.037+0000] {processor.py:925} INFO - DAG(s) 'example_xcom_args_with_operators', 'example_xcom_args' retrieved from /home/airflow/.local/lib/python3.12/site-packages/airflow/example_dags/example_xcomargs.py
[2024-12-09T13:26:11.056+0000] {logging_mixin.py:190} INFO - [2024-12-09T13:26:11.056+0000] {dag.py:3239} INFO - Sync 2 DAGs
[2024-12-09T13:26:11.068+0000] {logging_mixin.py:190} INFO - [2024-12-09T13:26:11.068+0000] {dag.py:4180} INFO - Setting next_dagrun for example_xcom_args to None, run_after=None
[2024-12-09T13:26:11.072+0000] {logging_mixin.py:190} INFO - [2024-12-09T13:26:11.072+0000] {dag.py:4180} INFO - Setting next_dagrun for example_xcom_args_with_operators to None, run_after=None
[2024-12-09T13:26:11.084+0000] {processor.py:208} INFO - Processing /home/airflow/.local/lib/python3.12/site-packages/airflow/example_dags/example_xcomargs.py took 0.062 seconds
[2024-12-09T13:26:43.209+0000] {processor.py:186} INFO - Started process (PID=1369) to work on /home/airflow/.local/lib/python3.12/site-packages/airflow/example_dags/example_xcomargs.py
[2024-12-09T13:26:43.210+0000] {processor.py:914} INFO - Processing file /home/airflow/.local/lib/python3.12/site-packages/airflow/example_dags/example_xcomargs.py for tasks to queue
[2024-12-09T13:26:43.212+0000] {logging_mixin.py:190} INFO - [2024-12-09T13:26:43.212+0000] {dagbag.py:588} INFO - Filling up the DagBag from /home/airflow/.local/lib/python3.12/site-packages/airflow/example_dags/example_xcomargs.py
[2024-12-09T13:26:43.219+0000] {processor.py:925} INFO - DAG(s) 'example_xcom_args', 'example_xcom_args_with_operators' retrieved from /home/airflow/.local/lib/python3.12/site-packages/airflow/example_dags/example_xcomargs.py
[2024-12-09T13:26:43.238+0000] {logging_mixin.py:190} INFO - [2024-12-09T13:26:43.238+0000] {dag.py:3239} INFO - Sync 2 DAGs
[2024-12-09T13:26:43.250+0000] {logging_mixin.py:190} INFO - [2024-12-09T13:26:43.250+0000] {dag.py:4180} INFO - Setting next_dagrun for example_xcom_args to None, run_after=None
[2024-12-09T13:26:43.253+0000] {logging_mixin.py:190} INFO - [2024-12-09T13:26:43.253+0000] {dag.py:4180} INFO - Setting next_dagrun for example_xcom_args_with_operators to None, run_after=None
[2024-12-09T13:26:43.266+0000] {processor.py:208} INFO - Processing /home/airflow/.local/lib/python3.12/site-packages/airflow/example_dags/example_xcomargs.py took 0.061 seconds
[2024-12-09T13:27:15.895+0000] {processor.py:186} INFO - Started process (PID=1432) to work on /home/airflow/.local/lib/python3.12/site-packages/airflow/example_dags/example_xcomargs.py
[2024-12-09T13:27:15.895+0000] {processor.py:914} INFO - Processing file /home/airflow/.local/lib/python3.12/site-packages/airflow/example_dags/example_xcomargs.py for tasks to queue
[2024-12-09T13:27:15.897+0000] {logging_mixin.py:190} INFO - [2024-12-09T13:27:15.897+0000] {dagbag.py:588} INFO - Filling up the DagBag from /home/airflow/.local/lib/python3.12/site-packages/airflow/example_dags/example_xcomargs.py
[2024-12-09T13:27:15.905+0000] {processor.py:925} INFO - DAG(s) 'example_xcom_args_with_operators', 'example_xcom_args' retrieved from /home/airflow/.local/lib/python3.12/site-packages/airflow/example_dags/example_xcomargs.py
[2024-12-09T13:27:15.925+0000] {logging_mixin.py:190} INFO - [2024-12-09T13:27:15.924+0000] {dag.py:3239} INFO - Sync 2 DAGs
[2024-12-09T13:27:15.937+0000] {logging_mixin.py:190} INFO - [2024-12-09T13:27:15.937+0000] {dag.py:4180} INFO - Setting next_dagrun for example_xcom_args to None, run_after=None
[2024-12-09T13:27:15.940+0000] {logging_mixin.py:190} INFO - [2024-12-09T13:27:15.940+0000] {dag.py:4180} INFO - Setting next_dagrun for example_xcom_args_with_operators to None, run_after=None
[2024-12-09T13:27:15.953+0000] {processor.py:208} INFO - Processing /home/airflow/.local/lib/python3.12/site-packages/airflow/example_dags/example_xcomargs.py took 0.063 seconds
