[2024-12-09T13:15:43.986+0000] {processor.py:186} INFO - Started process (PID=96) to work on /home/airflow/.local/lib/python3.12/site-packages/airflow/example_dags/example_subdag_operator.py
[2024-12-09T13:15:43.987+0000] {processor.py:914} INFO - Processing file /home/airflow/.local/lib/python3.12/site-packages/airflow/example_dags/example_subdag_operator.py for tasks to queue
[2024-12-09T13:15:43.989+0000] {logging_mixin.py:190} INFO - [2024-12-09T13:15:43.988+0000] {dagbag.py:588} INFO - Filling up the DagBag from /home/airflow/.local/lib/python3.12/site-packages/airflow/example_dags/example_subdag_operator.py
[2024-12-09T13:15:44.012+0000] {processor.py:925} INFO - DAG(s) 'example_subdag_operator.section-1', 'example_subdag_operator.section-2', 'example_subdag_operator' retrieved from /home/airflow/.local/lib/python3.12/site-packages/airflow/example_dags/example_subdag_operator.py
[2024-12-09T13:15:44.093+0000] {logging_mixin.py:190} INFO - [2024-12-09T13:15:44.092+0000] {override.py:1911} INFO - Created Permission View: can delete on DAG:example_subdag_operator
[2024-12-09T13:15:44.102+0000] {logging_mixin.py:190} INFO - [2024-12-09T13:15:44.101+0000] {override.py:1911} INFO - Created Permission View: can edit on DAG:example_subdag_operator
[2024-12-09T13:15:44.108+0000] {logging_mixin.py:190} INFO - [2024-12-09T13:15:44.108+0000] {override.py:1911} INFO - Created Permission View: can read on DAG:example_subdag_operator
[2024-12-09T13:15:44.114+0000] {logging_mixin.py:190} INFO - [2024-12-09T13:15:44.114+0000] {override.py:1911} INFO - Created Permission View: menu access on DAG Run:example_subdag_operator
[2024-12-09T13:15:44.120+0000] {logging_mixin.py:190} INFO - [2024-12-09T13:15:44.120+0000] {override.py:1911} INFO - Created Permission View: can create on DAG Run:example_subdag_operator
[2024-12-09T13:15:47.612+0000] {logging_mixin.py:190} INFO - [2024-12-09T13:15:47.612+0000] {override.py:1911} INFO - Created Permission View: can delete on DAG Run:example_subdag_operator
[2024-12-09T13:15:47.618+0000] {logging_mixin.py:190} INFO - [2024-12-09T13:15:47.618+0000] {override.py:1911} INFO - Created Permission View: can read on DAG Run:example_subdag_operator
[2024-12-09T13:15:47.618+0000] {logging_mixin.py:190} INFO - [2024-12-09T13:15:47.618+0000] {dag.py:3239} INFO - Sync 3 DAGs
[2024-12-09T13:15:47.630+0000] {logging_mixin.py:190} INFO - [2024-12-09T13:15:47.630+0000] {dag.py:3262} INFO - Creating ORM DAG for example_subdag_operator.section-2
[2024-12-09T13:15:47.631+0000] {logging_mixin.py:190} INFO - [2024-12-09T13:15:47.631+0000] {dag.py:3262} INFO - Creating ORM DAG for example_subdag_operator
[2024-12-09T13:15:47.632+0000] {logging_mixin.py:190} INFO - [2024-12-09T13:15:47.632+0000] {dag.py:3262} INFO - Creating ORM DAG for example_subdag_operator.section-1
[2024-12-09T13:15:47.641+0000] {logging_mixin.py:190} INFO - [2024-12-09T13:15:47.641+0000] {dag.py:4180} INFO - Setting next_dagrun for example_subdag_operator to 2022-01-01 00:00:00+00:00, run_after=2022-01-01 00:00:00+00:00
[2024-12-09T13:15:47.642+0000] {logging_mixin.py:190} INFO - [2024-12-09T13:15:47.642+0000] {dag.py:4180} INFO - Setting next_dagrun for example_subdag_operator.section-1 to None, run_after=None
[2024-12-09T13:15:47.642+0000] {logging_mixin.py:190} INFO - [2024-12-09T13:15:47.642+0000] {dag.py:4180} INFO - Setting next_dagrun for example_subdag_operator.section-2 to None, run_after=None
[2024-12-09T13:15:47.650+0000] {logging_mixin.py:190} INFO - [2024-12-09T13:15:47.650+0000] {dag.py:3239} INFO - Sync 2 DAGs
[2024-12-09T13:15:47.655+0000] {logging_mixin.py:190} INFO - [2024-12-09T13:15:47.655+0000] {dag.py:4180} INFO - Setting next_dagrun for example_subdag_operator.section-1 to None, run_after=None
[2024-12-09T13:15:47.658+0000] {logging_mixin.py:190} INFO - [2024-12-09T13:15:47.658+0000] {dag.py:4180} INFO - Setting next_dagrun for example_subdag_operator.section-2 to None, run_after=None
[2024-12-09T13:15:47.669+0000] {processor.py:208} INFO - Processing /home/airflow/.local/lib/python3.12/site-packages/airflow/example_dags/example_subdag_operator.py took 0.202 seconds
[2024-12-09T13:16:20.366+0000] {processor.py:186} INFO - Started process (PID=159) to work on /home/airflow/.local/lib/python3.12/site-packages/airflow/example_dags/example_subdag_operator.py
[2024-12-09T13:16:20.366+0000] {processor.py:914} INFO - Processing file /home/airflow/.local/lib/python3.12/site-packages/airflow/example_dags/example_subdag_operator.py for tasks to queue
[2024-12-09T13:16:20.368+0000] {logging_mixin.py:190} INFO - [2024-12-09T13:16:20.368+0000] {dagbag.py:588} INFO - Filling up the DagBag from /home/airflow/.local/lib/python3.12/site-packages/airflow/example_dags/example_subdag_operator.py
[2024-12-09T13:16:20.392+0000] {processor.py:925} INFO - DAG(s) 'example_subdag_operator.section-1', 'example_subdag_operator.section-2', 'example_subdag_operator' retrieved from /home/airflow/.local/lib/python3.12/site-packages/airflow/example_dags/example_subdag_operator.py
[2024-12-09T13:16:20.409+0000] {logging_mixin.py:190} INFO - [2024-12-09T13:16:20.409+0000] {dag.py:3239} INFO - Sync 3 DAGs
[2024-12-09T13:16:20.429+0000] {logging_mixin.py:190} INFO - [2024-12-09T13:16:20.429+0000] {dag.py:4180} INFO - Setting next_dagrun for example_subdag_operator to 2022-01-01 00:00:00+00:00, run_after=2022-01-01 00:00:00+00:00
[2024-12-09T13:16:20.433+0000] {logging_mixin.py:190} INFO - [2024-12-09T13:16:20.432+0000] {dag.py:4180} INFO - Setting next_dagrun for example_subdag_operator.section-1 to None, run_after=None
[2024-12-09T13:16:20.434+0000] {logging_mixin.py:190} INFO - [2024-12-09T13:16:20.434+0000] {dag.py:4180} INFO - Setting next_dagrun for example_subdag_operator.section-2 to None, run_after=None
[2024-12-09T13:16:20.440+0000] {logging_mixin.py:190} INFO - [2024-12-09T13:16:20.440+0000] {dag.py:3239} INFO - Sync 2 DAGs
[2024-12-09T13:16:20.446+0000] {logging_mixin.py:190} INFO - [2024-12-09T13:16:20.446+0000] {dag.py:4180} INFO - Setting next_dagrun for example_subdag_operator.section-1 to None, run_after=None
[2024-12-09T13:16:20.446+0000] {logging_mixin.py:190} INFO - [2024-12-09T13:16:20.446+0000] {dag.py:4180} INFO - Setting next_dagrun for example_subdag_operator.section-2 to None, run_after=None
[2024-12-09T13:16:20.456+0000] {processor.py:208} INFO - Processing /home/airflow/.local/lib/python3.12/site-packages/airflow/example_dags/example_subdag_operator.py took 0.094 seconds
[2024-12-09T13:16:53.268+0000] {processor.py:186} INFO - Started process (PID=222) to work on /home/airflow/.local/lib/python3.12/site-packages/airflow/example_dags/example_subdag_operator.py
[2024-12-09T13:16:53.269+0000] {processor.py:914} INFO - Processing file /home/airflow/.local/lib/python3.12/site-packages/airflow/example_dags/example_subdag_operator.py for tasks to queue
[2024-12-09T13:16:53.271+0000] {logging_mixin.py:190} INFO - [2024-12-09T13:16:53.270+0000] {dagbag.py:588} INFO - Filling up the DagBag from /home/airflow/.local/lib/python3.12/site-packages/airflow/example_dags/example_subdag_operator.py
[2024-12-09T13:16:53.291+0000] {processor.py:925} INFO - DAG(s) 'example_subdag_operator.section-1', 'example_subdag_operator.section-2', 'example_subdag_operator' retrieved from /home/airflow/.local/lib/python3.12/site-packages/airflow/example_dags/example_subdag_operator.py
[2024-12-09T13:16:53.303+0000] {logging_mixin.py:190} INFO - [2024-12-09T13:16:53.303+0000] {dag.py:3239} INFO - Sync 3 DAGs
[2024-12-09T13:16:53.321+0000] {logging_mixin.py:190} INFO - [2024-12-09T13:16:53.321+0000] {dag.py:4180} INFO - Setting next_dagrun for example_subdag_operator to 2022-01-01 00:00:00+00:00, run_after=2022-01-01 00:00:00+00:00
[2024-12-09T13:16:53.324+0000] {logging_mixin.py:190} INFO - [2024-12-09T13:16:53.324+0000] {dag.py:4180} INFO - Setting next_dagrun for example_subdag_operator.section-1 to None, run_after=None
[2024-12-09T13:16:53.325+0000] {logging_mixin.py:190} INFO - [2024-12-09T13:16:53.325+0000] {dag.py:4180} INFO - Setting next_dagrun for example_subdag_operator.section-2 to None, run_after=None
[2024-12-09T13:16:53.330+0000] {logging_mixin.py:190} INFO - [2024-12-09T13:16:53.330+0000] {dag.py:3239} INFO - Sync 2 DAGs
[2024-12-09T13:16:53.335+0000] {logging_mixin.py:190} INFO - [2024-12-09T13:16:53.335+0000] {dag.py:4180} INFO - Setting next_dagrun for example_subdag_operator.section-1 to None, run_after=None
[2024-12-09T13:16:53.335+0000] {logging_mixin.py:190} INFO - [2024-12-09T13:16:53.335+0000] {dag.py:4180} INFO - Setting next_dagrun for example_subdag_operator.section-2 to None, run_after=None
[2024-12-09T13:16:53.347+0000] {processor.py:208} INFO - Processing /home/airflow/.local/lib/python3.12/site-packages/airflow/example_dags/example_subdag_operator.py took 0.083 seconds
[2024-12-09T13:17:26.243+0000] {processor.py:186} INFO - Started process (PID=285) to work on /home/airflow/.local/lib/python3.12/site-packages/airflow/example_dags/example_subdag_operator.py
[2024-12-09T13:17:26.244+0000] {processor.py:914} INFO - Processing file /home/airflow/.local/lib/python3.12/site-packages/airflow/example_dags/example_subdag_operator.py for tasks to queue
[2024-12-09T13:17:26.246+0000] {logging_mixin.py:190} INFO - [2024-12-09T13:17:26.246+0000] {dagbag.py:588} INFO - Filling up the DagBag from /home/airflow/.local/lib/python3.12/site-packages/airflow/example_dags/example_subdag_operator.py
[2024-12-09T13:17:26.271+0000] {processor.py:925} INFO - DAG(s) 'example_subdag_operator.section-1', 'example_subdag_operator.section-2', 'example_subdag_operator' retrieved from /home/airflow/.local/lib/python3.12/site-packages/airflow/example_dags/example_subdag_operator.py
[2024-12-09T13:17:26.285+0000] {logging_mixin.py:190} INFO - [2024-12-09T13:17:26.285+0000] {dag.py:3239} INFO - Sync 3 DAGs
[2024-12-09T13:17:26.307+0000] {logging_mixin.py:190} INFO - [2024-12-09T13:17:26.307+0000] {dag.py:4180} INFO - Setting next_dagrun for example_subdag_operator to 2022-01-01 00:00:00+00:00, run_after=2022-01-01 00:00:00+00:00
[2024-12-09T13:17:26.311+0000] {logging_mixin.py:190} INFO - [2024-12-09T13:17:26.310+0000] {dag.py:4180} INFO - Setting next_dagrun for example_subdag_operator.section-1 to None, run_after=None
[2024-12-09T13:17:26.312+0000] {logging_mixin.py:190} INFO - [2024-12-09T13:17:26.312+0000] {dag.py:4180} INFO - Setting next_dagrun for example_subdag_operator.section-2 to None, run_after=None
[2024-12-09T13:17:26.318+0000] {logging_mixin.py:190} INFO - [2024-12-09T13:17:26.318+0000] {dag.py:3239} INFO - Sync 2 DAGs
[2024-12-09T13:17:26.323+0000] {logging_mixin.py:190} INFO - [2024-12-09T13:17:26.323+0000] {dag.py:4180} INFO - Setting next_dagrun for example_subdag_operator.section-1 to None, run_after=None
[2024-12-09T13:17:26.324+0000] {logging_mixin.py:190} INFO - [2024-12-09T13:17:26.324+0000] {dag.py:4180} INFO - Setting next_dagrun for example_subdag_operator.section-2 to None, run_after=None
[2024-12-09T13:17:26.333+0000] {processor.py:208} INFO - Processing /home/airflow/.local/lib/python3.12/site-packages/airflow/example_dags/example_subdag_operator.py took 0.096 seconds
[2024-12-09T13:17:58.618+0000] {processor.py:186} INFO - Started process (PID=348) to work on /home/airflow/.local/lib/python3.12/site-packages/airflow/example_dags/example_subdag_operator.py
[2024-12-09T13:17:58.619+0000] {processor.py:914} INFO - Processing file /home/airflow/.local/lib/python3.12/site-packages/airflow/example_dags/example_subdag_operator.py for tasks to queue
[2024-12-09T13:17:58.621+0000] {logging_mixin.py:190} INFO - [2024-12-09T13:17:58.620+0000] {dagbag.py:588} INFO - Filling up the DagBag from /home/airflow/.local/lib/python3.12/site-packages/airflow/example_dags/example_subdag_operator.py
[2024-12-09T13:17:58.640+0000] {processor.py:925} INFO - DAG(s) 'example_subdag_operator.section-1', 'example_subdag_operator.section-2', 'example_subdag_operator' retrieved from /home/airflow/.local/lib/python3.12/site-packages/airflow/example_dags/example_subdag_operator.py
[2024-12-09T13:17:58.652+0000] {logging_mixin.py:190} INFO - [2024-12-09T13:17:58.652+0000] {dag.py:3239} INFO - Sync 3 DAGs
[2024-12-09T13:17:58.671+0000] {logging_mixin.py:190} INFO - [2024-12-09T13:17:58.671+0000] {dag.py:4180} INFO - Setting next_dagrun for example_subdag_operator to 2022-01-01 00:00:00+00:00, run_after=2022-01-01 00:00:00+00:00
[2024-12-09T13:17:58.674+0000] {logging_mixin.py:190} INFO - [2024-12-09T13:17:58.674+0000] {dag.py:4180} INFO - Setting next_dagrun for example_subdag_operator.section-1 to None, run_after=None
[2024-12-09T13:17:58.675+0000] {logging_mixin.py:190} INFO - [2024-12-09T13:17:58.675+0000] {dag.py:4180} INFO - Setting next_dagrun for example_subdag_operator.section-2 to None, run_after=None
[2024-12-09T13:17:58.681+0000] {logging_mixin.py:190} INFO - [2024-12-09T13:17:58.681+0000] {dag.py:3239} INFO - Sync 2 DAGs
[2024-12-09T13:17:58.686+0000] {logging_mixin.py:190} INFO - [2024-12-09T13:17:58.686+0000] {dag.py:4180} INFO - Setting next_dagrun for example_subdag_operator.section-1 to None, run_after=None
[2024-12-09T13:17:58.686+0000] {logging_mixin.py:190} INFO - [2024-12-09T13:17:58.686+0000] {dag.py:4180} INFO - Setting next_dagrun for example_subdag_operator.section-2 to None, run_after=None
[2024-12-09T13:17:58.696+0000] {processor.py:208} INFO - Processing /home/airflow/.local/lib/python3.12/site-packages/airflow/example_dags/example_subdag_operator.py took 0.083 seconds
[2024-12-09T13:18:31.551+0000] {processor.py:186} INFO - Started process (PID=411) to work on /home/airflow/.local/lib/python3.12/site-packages/airflow/example_dags/example_subdag_operator.py
[2024-12-09T13:18:31.552+0000] {processor.py:914} INFO - Processing file /home/airflow/.local/lib/python3.12/site-packages/airflow/example_dags/example_subdag_operator.py for tasks to queue
[2024-12-09T13:18:31.554+0000] {logging_mixin.py:190} INFO - [2024-12-09T13:18:31.554+0000] {dagbag.py:588} INFO - Filling up the DagBag from /home/airflow/.local/lib/python3.12/site-packages/airflow/example_dags/example_subdag_operator.py
[2024-12-09T13:18:31.574+0000] {processor.py:925} INFO - DAG(s) 'example_subdag_operator.section-1', 'example_subdag_operator.section-2', 'example_subdag_operator' retrieved from /home/airflow/.local/lib/python3.12/site-packages/airflow/example_dags/example_subdag_operator.py
[2024-12-09T13:18:31.586+0000] {logging_mixin.py:190} INFO - [2024-12-09T13:18:31.585+0000] {dag.py:3239} INFO - Sync 3 DAGs
[2024-12-09T13:18:31.606+0000] {logging_mixin.py:190} INFO - [2024-12-09T13:18:31.606+0000] {dag.py:4180} INFO - Setting next_dagrun for example_subdag_operator to 2022-01-01 00:00:00+00:00, run_after=2022-01-01 00:00:00+00:00
[2024-12-09T13:18:31.609+0000] {logging_mixin.py:190} INFO - [2024-12-09T13:18:31.609+0000] {dag.py:4180} INFO - Setting next_dagrun for example_subdag_operator.section-1 to None, run_after=None
[2024-12-09T13:18:31.610+0000] {logging_mixin.py:190} INFO - [2024-12-09T13:18:31.610+0000] {dag.py:4180} INFO - Setting next_dagrun for example_subdag_operator.section-2 to None, run_after=None
[2024-12-09T13:18:31.618+0000] {logging_mixin.py:190} INFO - [2024-12-09T13:18:31.617+0000] {dag.py:3239} INFO - Sync 2 DAGs
[2024-12-09T13:18:31.622+0000] {logging_mixin.py:190} INFO - [2024-12-09T13:18:31.622+0000] {dag.py:4180} INFO - Setting next_dagrun for example_subdag_operator.section-1 to None, run_after=None
[2024-12-09T13:18:31.623+0000] {logging_mixin.py:190} INFO - [2024-12-09T13:18:31.623+0000] {dag.py:4180} INFO - Setting next_dagrun for example_subdag_operator.section-2 to None, run_after=None
[2024-12-09T13:18:31.632+0000] {processor.py:208} INFO - Processing /home/airflow/.local/lib/python3.12/site-packages/airflow/example_dags/example_subdag_operator.py took 0.085 seconds
[2024-12-09T13:19:04.469+0000] {processor.py:186} INFO - Started process (PID=474) to work on /home/airflow/.local/lib/python3.12/site-packages/airflow/example_dags/example_subdag_operator.py
[2024-12-09T13:19:04.470+0000] {processor.py:914} INFO - Processing file /home/airflow/.local/lib/python3.12/site-packages/airflow/example_dags/example_subdag_operator.py for tasks to queue
[2024-12-09T13:19:04.471+0000] {logging_mixin.py:190} INFO - [2024-12-09T13:19:04.471+0000] {dagbag.py:588} INFO - Filling up the DagBag from /home/airflow/.local/lib/python3.12/site-packages/airflow/example_dags/example_subdag_operator.py
[2024-12-09T13:19:04.492+0000] {processor.py:925} INFO - DAG(s) 'example_subdag_operator.section-1', 'example_subdag_operator.section-2', 'example_subdag_operator' retrieved from /home/airflow/.local/lib/python3.12/site-packages/airflow/example_dags/example_subdag_operator.py
[2024-12-09T13:19:04.505+0000] {logging_mixin.py:190} INFO - [2024-12-09T13:19:04.505+0000] {dag.py:3239} INFO - Sync 3 DAGs
[2024-12-09T13:19:04.524+0000] {logging_mixin.py:190} INFO - [2024-12-09T13:19:04.524+0000] {dag.py:4180} INFO - Setting next_dagrun for example_subdag_operator to 2022-01-01 00:00:00+00:00, run_after=2022-01-01 00:00:00+00:00
[2024-12-09T13:19:04.527+0000] {logging_mixin.py:190} INFO - [2024-12-09T13:19:04.527+0000] {dag.py:4180} INFO - Setting next_dagrun for example_subdag_operator.section-1 to None, run_after=None
[2024-12-09T13:19:04.529+0000] {logging_mixin.py:190} INFO - [2024-12-09T13:19:04.529+0000] {dag.py:4180} INFO - Setting next_dagrun for example_subdag_operator.section-2 to None, run_after=None
[2024-12-09T13:19:04.535+0000] {logging_mixin.py:190} INFO - [2024-12-09T13:19:04.534+0000] {dag.py:3239} INFO - Sync 2 DAGs
[2024-12-09T13:19:04.539+0000] {logging_mixin.py:190} INFO - [2024-12-09T13:19:04.539+0000] {dag.py:4180} INFO - Setting next_dagrun for example_subdag_operator.section-1 to None, run_after=None
[2024-12-09T13:19:04.540+0000] {logging_mixin.py:190} INFO - [2024-12-09T13:19:04.539+0000] {dag.py:4180} INFO - Setting next_dagrun for example_subdag_operator.section-2 to None, run_after=None
[2024-12-09T13:19:04.549+0000] {processor.py:208} INFO - Processing /home/airflow/.local/lib/python3.12/site-packages/airflow/example_dags/example_subdag_operator.py took 0.084 seconds
[2024-12-09T13:19:37.480+0000] {processor.py:186} INFO - Started process (PID=537) to work on /home/airflow/.local/lib/python3.12/site-packages/airflow/example_dags/example_subdag_operator.py
[2024-12-09T13:19:37.481+0000] {processor.py:914} INFO - Processing file /home/airflow/.local/lib/python3.12/site-packages/airflow/example_dags/example_subdag_operator.py for tasks to queue
[2024-12-09T13:19:37.483+0000] {logging_mixin.py:190} INFO - [2024-12-09T13:19:37.483+0000] {dagbag.py:588} INFO - Filling up the DagBag from /home/airflow/.local/lib/python3.12/site-packages/airflow/example_dags/example_subdag_operator.py
[2024-12-09T13:19:37.503+0000] {processor.py:925} INFO - DAG(s) 'example_subdag_operator.section-1', 'example_subdag_operator.section-2', 'example_subdag_operator' retrieved from /home/airflow/.local/lib/python3.12/site-packages/airflow/example_dags/example_subdag_operator.py
[2024-12-09T13:19:37.516+0000] {logging_mixin.py:190} INFO - [2024-12-09T13:19:37.515+0000] {dag.py:3239} INFO - Sync 3 DAGs
[2024-12-09T13:19:37.535+0000] {logging_mixin.py:190} INFO - [2024-12-09T13:19:37.535+0000] {dag.py:4180} INFO - Setting next_dagrun for example_subdag_operator to 2022-01-01 00:00:00+00:00, run_after=2022-01-01 00:00:00+00:00
[2024-12-09T13:19:37.539+0000] {logging_mixin.py:190} INFO - [2024-12-09T13:19:37.539+0000] {dag.py:4180} INFO - Setting next_dagrun for example_subdag_operator.section-1 to None, run_after=None
[2024-12-09T13:19:37.540+0000] {logging_mixin.py:190} INFO - [2024-12-09T13:19:37.540+0000] {dag.py:4180} INFO - Setting next_dagrun for example_subdag_operator.section-2 to None, run_after=None
[2024-12-09T13:19:37.546+0000] {logging_mixin.py:190} INFO - [2024-12-09T13:19:37.546+0000] {dag.py:3239} INFO - Sync 2 DAGs
[2024-12-09T13:19:37.551+0000] {logging_mixin.py:190} INFO - [2024-12-09T13:19:37.551+0000] {dag.py:4180} INFO - Setting next_dagrun for example_subdag_operator.section-1 to None, run_after=None
[2024-12-09T13:19:37.552+0000] {logging_mixin.py:190} INFO - [2024-12-09T13:19:37.552+0000] {dag.py:4180} INFO - Setting next_dagrun for example_subdag_operator.section-2 to None, run_after=None
[2024-12-09T13:19:37.561+0000] {processor.py:208} INFO - Processing /home/airflow/.local/lib/python3.12/site-packages/airflow/example_dags/example_subdag_operator.py took 0.085 seconds
[2024-12-09T13:20:09.910+0000] {processor.py:186} INFO - Started process (PID=600) to work on /home/airflow/.local/lib/python3.12/site-packages/airflow/example_dags/example_subdag_operator.py
[2024-12-09T13:20:09.911+0000] {processor.py:914} INFO - Processing file /home/airflow/.local/lib/python3.12/site-packages/airflow/example_dags/example_subdag_operator.py for tasks to queue
[2024-12-09T13:20:09.913+0000] {logging_mixin.py:190} INFO - [2024-12-09T13:20:09.913+0000] {dagbag.py:588} INFO - Filling up the DagBag from /home/airflow/.local/lib/python3.12/site-packages/airflow/example_dags/example_subdag_operator.py
[2024-12-09T13:20:09.933+0000] {processor.py:925} INFO - DAG(s) 'example_subdag_operator.section-1', 'example_subdag_operator.section-2', 'example_subdag_operator' retrieved from /home/airflow/.local/lib/python3.12/site-packages/airflow/example_dags/example_subdag_operator.py
[2024-12-09T13:20:09.945+0000] {logging_mixin.py:190} INFO - [2024-12-09T13:20:09.945+0000] {dag.py:3239} INFO - Sync 3 DAGs
[2024-12-09T13:20:09.964+0000] {logging_mixin.py:190} INFO - [2024-12-09T13:20:09.963+0000] {dag.py:4180} INFO - Setting next_dagrun for example_subdag_operator to 2022-01-01 00:00:00+00:00, run_after=2022-01-01 00:00:00+00:00
[2024-12-09T13:20:09.967+0000] {logging_mixin.py:190} INFO - [2024-12-09T13:20:09.967+0000] {dag.py:4180} INFO - Setting next_dagrun for example_subdag_operator.section-1 to None, run_after=None
[2024-12-09T13:20:09.968+0000] {logging_mixin.py:190} INFO - [2024-12-09T13:20:09.968+0000] {dag.py:4180} INFO - Setting next_dagrun for example_subdag_operator.section-2 to None, run_after=None
[2024-12-09T13:20:09.974+0000] {logging_mixin.py:190} INFO - [2024-12-09T13:20:09.974+0000] {dag.py:3239} INFO - Sync 2 DAGs
[2024-12-09T13:20:09.978+0000] {logging_mixin.py:190} INFO - [2024-12-09T13:20:09.978+0000] {dag.py:4180} INFO - Setting next_dagrun for example_subdag_operator.section-1 to None, run_after=None
[2024-12-09T13:20:09.978+0000] {logging_mixin.py:190} INFO - [2024-12-09T13:20:09.978+0000] {dag.py:4180} INFO - Setting next_dagrun for example_subdag_operator.section-2 to None, run_after=None
[2024-12-09T13:20:09.990+0000] {processor.py:208} INFO - Processing /home/airflow/.local/lib/python3.12/site-packages/airflow/example_dags/example_subdag_operator.py took 0.084 seconds
[2024-12-09T13:20:42.716+0000] {processor.py:186} INFO - Started process (PID=663) to work on /home/airflow/.local/lib/python3.12/site-packages/airflow/example_dags/example_subdag_operator.py
[2024-12-09T13:20:42.717+0000] {processor.py:914} INFO - Processing file /home/airflow/.local/lib/python3.12/site-packages/airflow/example_dags/example_subdag_operator.py for tasks to queue
[2024-12-09T13:20:42.718+0000] {logging_mixin.py:190} INFO - [2024-12-09T13:20:42.718+0000] {dagbag.py:588} INFO - Filling up the DagBag from /home/airflow/.local/lib/python3.12/site-packages/airflow/example_dags/example_subdag_operator.py
[2024-12-09T13:20:42.737+0000] {processor.py:925} INFO - DAG(s) 'example_subdag_operator.section-1', 'example_subdag_operator.section-2', 'example_subdag_operator' retrieved from /home/airflow/.local/lib/python3.12/site-packages/airflow/example_dags/example_subdag_operator.py
[2024-12-09T13:20:42.750+0000] {logging_mixin.py:190} INFO - [2024-12-09T13:20:42.749+0000] {dag.py:3239} INFO - Sync 3 DAGs
[2024-12-09T13:20:42.769+0000] {logging_mixin.py:190} INFO - [2024-12-09T13:20:42.768+0000] {dag.py:4180} INFO - Setting next_dagrun for example_subdag_operator to 2022-01-01 00:00:00+00:00, run_after=2022-01-01 00:00:00+00:00
[2024-12-09T13:20:42.772+0000] {logging_mixin.py:190} INFO - [2024-12-09T13:20:42.771+0000] {dag.py:4180} INFO - Setting next_dagrun for example_subdag_operator.section-1 to None, run_after=None
[2024-12-09T13:20:42.773+0000] {logging_mixin.py:190} INFO - [2024-12-09T13:20:42.773+0000] {dag.py:4180} INFO - Setting next_dagrun for example_subdag_operator.section-2 to None, run_after=None
[2024-12-09T13:20:42.778+0000] {logging_mixin.py:190} INFO - [2024-12-09T13:20:42.778+0000] {dag.py:3239} INFO - Sync 2 DAGs
[2024-12-09T13:20:42.783+0000] {logging_mixin.py:190} INFO - [2024-12-09T13:20:42.783+0000] {dag.py:4180} INFO - Setting next_dagrun for example_subdag_operator.section-1 to None, run_after=None
[2024-12-09T13:20:42.783+0000] {logging_mixin.py:190} INFO - [2024-12-09T13:20:42.783+0000] {dag.py:4180} INFO - Setting next_dagrun for example_subdag_operator.section-2 to None, run_after=None
[2024-12-09T13:20:42.794+0000] {processor.py:208} INFO - Processing /home/airflow/.local/lib/python3.12/site-packages/airflow/example_dags/example_subdag_operator.py took 0.082 seconds
[2024-12-09T13:21:15.197+0000] {processor.py:186} INFO - Started process (PID=726) to work on /home/airflow/.local/lib/python3.12/site-packages/airflow/example_dags/example_subdag_operator.py
[2024-12-09T13:21:15.198+0000] {processor.py:914} INFO - Processing file /home/airflow/.local/lib/python3.12/site-packages/airflow/example_dags/example_subdag_operator.py for tasks to queue
[2024-12-09T13:21:15.200+0000] {logging_mixin.py:190} INFO - [2024-12-09T13:21:15.199+0000] {dagbag.py:588} INFO - Filling up the DagBag from /home/airflow/.local/lib/python3.12/site-packages/airflow/example_dags/example_subdag_operator.py
[2024-12-09T13:21:15.222+0000] {processor.py:925} INFO - DAG(s) 'example_subdag_operator.section-1', 'example_subdag_operator.section-2', 'example_subdag_operator' retrieved from /home/airflow/.local/lib/python3.12/site-packages/airflow/example_dags/example_subdag_operator.py
[2024-12-09T13:21:15.235+0000] {logging_mixin.py:190} INFO - [2024-12-09T13:21:15.235+0000] {dag.py:3239} INFO - Sync 3 DAGs
[2024-12-09T13:21:15.254+0000] {logging_mixin.py:190} INFO - [2024-12-09T13:21:15.254+0000] {dag.py:4180} INFO - Setting next_dagrun for example_subdag_operator to 2022-01-01 00:00:00+00:00, run_after=2022-01-01 00:00:00+00:00
[2024-12-09T13:21:15.257+0000] {logging_mixin.py:190} INFO - [2024-12-09T13:21:15.257+0000] {dag.py:4180} INFO - Setting next_dagrun for example_subdag_operator.section-1 to None, run_after=None
[2024-12-09T13:21:15.258+0000] {logging_mixin.py:190} INFO - [2024-12-09T13:21:15.258+0000] {dag.py:4180} INFO - Setting next_dagrun for example_subdag_operator.section-2 to None, run_after=None
[2024-12-09T13:21:15.264+0000] {logging_mixin.py:190} INFO - [2024-12-09T13:21:15.264+0000] {dag.py:3239} INFO - Sync 2 DAGs
[2024-12-09T13:21:15.268+0000] {logging_mixin.py:190} INFO - [2024-12-09T13:21:15.268+0000] {dag.py:4180} INFO - Setting next_dagrun for example_subdag_operator.section-1 to None, run_after=None
[2024-12-09T13:21:15.268+0000] {logging_mixin.py:190} INFO - [2024-12-09T13:21:15.268+0000] {dag.py:4180} INFO - Setting next_dagrun for example_subdag_operator.section-2 to None, run_after=None
[2024-12-09T13:21:15.280+0000] {processor.py:208} INFO - Processing /home/airflow/.local/lib/python3.12/site-packages/airflow/example_dags/example_subdag_operator.py took 0.087 seconds
[2024-12-09T13:21:48.820+0000] {processor.py:186} INFO - Started process (PID=791) to work on /home/airflow/.local/lib/python3.12/site-packages/airflow/example_dags/example_subdag_operator.py
[2024-12-09T13:21:48.821+0000] {processor.py:914} INFO - Processing file /home/airflow/.local/lib/python3.12/site-packages/airflow/example_dags/example_subdag_operator.py for tasks to queue
[2024-12-09T13:21:48.823+0000] {logging_mixin.py:190} INFO - [2024-12-09T13:21:48.822+0000] {dagbag.py:588} INFO - Filling up the DagBag from /home/airflow/.local/lib/python3.12/site-packages/airflow/example_dags/example_subdag_operator.py
[2024-12-09T13:21:48.843+0000] {processor.py:925} INFO - DAG(s) 'example_subdag_operator.section-1', 'example_subdag_operator.section-2', 'example_subdag_operator' retrieved from /home/airflow/.local/lib/python3.12/site-packages/airflow/example_dags/example_subdag_operator.py
[2024-12-09T13:21:48.854+0000] {logging_mixin.py:190} INFO - [2024-12-09T13:21:48.854+0000] {dag.py:3239} INFO - Sync 3 DAGs
[2024-12-09T13:21:48.872+0000] {logging_mixin.py:190} INFO - [2024-12-09T13:21:48.872+0000] {dag.py:4180} INFO - Setting next_dagrun for example_subdag_operator to 2022-01-01 00:00:00+00:00, run_after=2022-01-01 00:00:00+00:00
[2024-12-09T13:21:48.875+0000] {logging_mixin.py:190} INFO - [2024-12-09T13:21:48.875+0000] {dag.py:4180} INFO - Setting next_dagrun for example_subdag_operator.section-1 to None, run_after=None
[2024-12-09T13:21:48.876+0000] {logging_mixin.py:190} INFO - [2024-12-09T13:21:48.876+0000] {dag.py:4180} INFO - Setting next_dagrun for example_subdag_operator.section-2 to None, run_after=None
[2024-12-09T13:21:48.882+0000] {logging_mixin.py:190} INFO - [2024-12-09T13:21:48.881+0000] {dag.py:3239} INFO - Sync 2 DAGs
[2024-12-09T13:21:48.886+0000] {logging_mixin.py:190} INFO - [2024-12-09T13:21:48.886+0000] {dag.py:4180} INFO - Setting next_dagrun for example_subdag_operator.section-1 to None, run_after=None
[2024-12-09T13:21:48.887+0000] {logging_mixin.py:190} INFO - [2024-12-09T13:21:48.887+0000] {dag.py:4180} INFO - Setting next_dagrun for example_subdag_operator.section-2 to None, run_after=None
[2024-12-09T13:21:48.896+0000] {processor.py:208} INFO - Processing /home/airflow/.local/lib/python3.12/site-packages/airflow/example_dags/example_subdag_operator.py took 0.080 seconds
[2024-12-09T13:22:21.747+0000] {processor.py:186} INFO - Started process (PID=863) to work on /home/airflow/.local/lib/python3.12/site-packages/airflow/example_dags/example_subdag_operator.py
[2024-12-09T13:22:21.748+0000] {processor.py:914} INFO - Processing file /home/airflow/.local/lib/python3.12/site-packages/airflow/example_dags/example_subdag_operator.py for tasks to queue
[2024-12-09T13:22:21.750+0000] {logging_mixin.py:190} INFO - [2024-12-09T13:22:21.750+0000] {dagbag.py:588} INFO - Filling up the DagBag from /home/airflow/.local/lib/python3.12/site-packages/airflow/example_dags/example_subdag_operator.py
[2024-12-09T13:22:21.770+0000] {processor.py:925} INFO - DAG(s) 'example_subdag_operator.section-1', 'example_subdag_operator.section-2', 'example_subdag_operator' retrieved from /home/airflow/.local/lib/python3.12/site-packages/airflow/example_dags/example_subdag_operator.py
[2024-12-09T13:22:21.782+0000] {logging_mixin.py:190} INFO - [2024-12-09T13:22:21.781+0000] {dag.py:3239} INFO - Sync 3 DAGs
[2024-12-09T13:22:21.799+0000] {logging_mixin.py:190} INFO - [2024-12-09T13:22:21.799+0000] {dag.py:4180} INFO - Setting next_dagrun for example_subdag_operator to 2022-01-01 00:00:00+00:00, run_after=2022-01-01 00:00:00+00:00
[2024-12-09T13:22:21.803+0000] {logging_mixin.py:190} INFO - [2024-12-09T13:22:21.803+0000] {dag.py:4180} INFO - Setting next_dagrun for example_subdag_operator.section-1 to None, run_after=None
[2024-12-09T13:22:21.804+0000] {logging_mixin.py:190} INFO - [2024-12-09T13:22:21.804+0000] {dag.py:4180} INFO - Setting next_dagrun for example_subdag_operator.section-2 to None, run_after=None
[2024-12-09T13:22:21.810+0000] {logging_mixin.py:190} INFO - [2024-12-09T13:22:21.810+0000] {dag.py:3239} INFO - Sync 2 DAGs
[2024-12-09T13:22:21.815+0000] {logging_mixin.py:190} INFO - [2024-12-09T13:22:21.815+0000] {dag.py:4180} INFO - Setting next_dagrun for example_subdag_operator.section-1 to None, run_after=None
[2024-12-09T13:22:21.815+0000] {logging_mixin.py:190} INFO - [2024-12-09T13:22:21.815+0000] {dag.py:4180} INFO - Setting next_dagrun for example_subdag_operator.section-2 to None, run_after=None
[2024-12-09T13:22:21.824+0000] {processor.py:208} INFO - Processing /home/airflow/.local/lib/python3.12/site-packages/airflow/example_dags/example_subdag_operator.py took 0.081 seconds
[2024-12-09T13:22:53.920+0000] {processor.py:186} INFO - Started process (PID=926) to work on /home/airflow/.local/lib/python3.12/site-packages/airflow/example_dags/example_subdag_operator.py
[2024-12-09T13:22:53.921+0000] {processor.py:914} INFO - Processing file /home/airflow/.local/lib/python3.12/site-packages/airflow/example_dags/example_subdag_operator.py for tasks to queue
[2024-12-09T13:22:53.923+0000] {logging_mixin.py:190} INFO - [2024-12-09T13:22:53.923+0000] {dagbag.py:588} INFO - Filling up the DagBag from /home/airflow/.local/lib/python3.12/site-packages/airflow/example_dags/example_subdag_operator.py
[2024-12-09T13:22:53.944+0000] {processor.py:925} INFO - DAG(s) 'example_subdag_operator.section-1', 'example_subdag_operator.section-2', 'example_subdag_operator' retrieved from /home/airflow/.local/lib/python3.12/site-packages/airflow/example_dags/example_subdag_operator.py
[2024-12-09T13:22:53.956+0000] {logging_mixin.py:190} INFO - [2024-12-09T13:22:53.956+0000] {dag.py:3239} INFO - Sync 3 DAGs
[2024-12-09T13:22:53.975+0000] {logging_mixin.py:190} INFO - [2024-12-09T13:22:53.975+0000] {dag.py:4180} INFO - Setting next_dagrun for example_subdag_operator to 2022-01-01 00:00:00+00:00, run_after=2022-01-01 00:00:00+00:00
[2024-12-09T13:22:53.978+0000] {logging_mixin.py:190} INFO - [2024-12-09T13:22:53.978+0000] {dag.py:4180} INFO - Setting next_dagrun for example_subdag_operator.section-1 to None, run_after=None
[2024-12-09T13:22:53.979+0000] {logging_mixin.py:190} INFO - [2024-12-09T13:22:53.979+0000] {dag.py:4180} INFO - Setting next_dagrun for example_subdag_operator.section-2 to None, run_after=None
[2024-12-09T13:22:53.985+0000] {logging_mixin.py:190} INFO - [2024-12-09T13:22:53.985+0000] {dag.py:3239} INFO - Sync 2 DAGs
[2024-12-09T13:22:53.989+0000] {logging_mixin.py:190} INFO - [2024-12-09T13:22:53.989+0000] {dag.py:4180} INFO - Setting next_dagrun for example_subdag_operator.section-1 to None, run_after=None
[2024-12-09T13:22:53.989+0000] {logging_mixin.py:190} INFO - [2024-12-09T13:22:53.989+0000] {dag.py:4180} INFO - Setting next_dagrun for example_subdag_operator.section-2 to None, run_after=None
[2024-12-09T13:22:53.998+0000] {processor.py:208} INFO - Processing /home/airflow/.local/lib/python3.12/site-packages/airflow/example_dags/example_subdag_operator.py took 0.082 seconds
[2024-12-09T13:23:26.778+0000] {processor.py:186} INFO - Started process (PID=989) to work on /home/airflow/.local/lib/python3.12/site-packages/airflow/example_dags/example_subdag_operator.py
[2024-12-09T13:23:26.779+0000] {processor.py:914} INFO - Processing file /home/airflow/.local/lib/python3.12/site-packages/airflow/example_dags/example_subdag_operator.py for tasks to queue
[2024-12-09T13:23:26.781+0000] {logging_mixin.py:190} INFO - [2024-12-09T13:23:26.781+0000] {dagbag.py:588} INFO - Filling up the DagBag from /home/airflow/.local/lib/python3.12/site-packages/airflow/example_dags/example_subdag_operator.py
[2024-12-09T13:23:26.801+0000] {processor.py:925} INFO - DAG(s) 'example_subdag_operator.section-1', 'example_subdag_operator.section-2', 'example_subdag_operator' retrieved from /home/airflow/.local/lib/python3.12/site-packages/airflow/example_dags/example_subdag_operator.py
[2024-12-09T13:23:26.813+0000] {logging_mixin.py:190} INFO - [2024-12-09T13:23:26.813+0000] {dag.py:3239} INFO - Sync 3 DAGs
[2024-12-09T13:23:26.831+0000] {logging_mixin.py:190} INFO - [2024-12-09T13:23:26.831+0000] {dag.py:4180} INFO - Setting next_dagrun for example_subdag_operator to 2022-01-01 00:00:00+00:00, run_after=2022-01-01 00:00:00+00:00
[2024-12-09T13:23:26.835+0000] {logging_mixin.py:190} INFO - [2024-12-09T13:23:26.834+0000] {dag.py:4180} INFO - Setting next_dagrun for example_subdag_operator.section-1 to None, run_after=None
[2024-12-09T13:23:26.836+0000] {logging_mixin.py:190} INFO - [2024-12-09T13:23:26.835+0000] {dag.py:4180} INFO - Setting next_dagrun for example_subdag_operator.section-2 to None, run_after=None
[2024-12-09T13:23:26.841+0000] {logging_mixin.py:190} INFO - [2024-12-09T13:23:26.841+0000] {dag.py:3239} INFO - Sync 2 DAGs
[2024-12-09T13:23:26.845+0000] {logging_mixin.py:190} INFO - [2024-12-09T13:23:26.845+0000] {dag.py:4180} INFO - Setting next_dagrun for example_subdag_operator.section-1 to None, run_after=None
[2024-12-09T13:23:26.846+0000] {logging_mixin.py:190} INFO - [2024-12-09T13:23:26.846+0000] {dag.py:4180} INFO - Setting next_dagrun for example_subdag_operator.section-2 to None, run_after=None
[2024-12-09T13:23:26.854+0000] {processor.py:208} INFO - Processing /home/airflow/.local/lib/python3.12/site-packages/airflow/example_dags/example_subdag_operator.py took 0.080 seconds
[2024-12-09T13:23:59.307+0000] {processor.py:186} INFO - Started process (PID=1052) to work on /home/airflow/.local/lib/python3.12/site-packages/airflow/example_dags/example_subdag_operator.py
[2024-12-09T13:23:59.308+0000] {processor.py:914} INFO - Processing file /home/airflow/.local/lib/python3.12/site-packages/airflow/example_dags/example_subdag_operator.py for tasks to queue
[2024-12-09T13:23:59.310+0000] {logging_mixin.py:190} INFO - [2024-12-09T13:23:59.309+0000] {dagbag.py:588} INFO - Filling up the DagBag from /home/airflow/.local/lib/python3.12/site-packages/airflow/example_dags/example_subdag_operator.py
[2024-12-09T13:23:59.330+0000] {processor.py:925} INFO - DAG(s) 'example_subdag_operator.section-1', 'example_subdag_operator.section-2', 'example_subdag_operator' retrieved from /home/airflow/.local/lib/python3.12/site-packages/airflow/example_dags/example_subdag_operator.py
[2024-12-09T13:23:59.342+0000] {logging_mixin.py:190} INFO - [2024-12-09T13:23:59.342+0000] {dag.py:3239} INFO - Sync 3 DAGs
[2024-12-09T13:23:59.361+0000] {logging_mixin.py:190} INFO - [2024-12-09T13:23:59.361+0000] {dag.py:4180} INFO - Setting next_dagrun for example_subdag_operator to 2022-01-01 00:00:00+00:00, run_after=2022-01-01 00:00:00+00:00
[2024-12-09T13:23:59.364+0000] {logging_mixin.py:190} INFO - [2024-12-09T13:23:59.364+0000] {dag.py:4180} INFO - Setting next_dagrun for example_subdag_operator.section-1 to None, run_after=None
[2024-12-09T13:23:59.366+0000] {logging_mixin.py:190} INFO - [2024-12-09T13:23:59.366+0000] {dag.py:4180} INFO - Setting next_dagrun for example_subdag_operator.section-2 to None, run_after=None
[2024-12-09T13:23:59.371+0000] {logging_mixin.py:190} INFO - [2024-12-09T13:23:59.371+0000] {dag.py:3239} INFO - Sync 2 DAGs
[2024-12-09T13:23:59.376+0000] {logging_mixin.py:190} INFO - [2024-12-09T13:23:59.376+0000] {dag.py:4180} INFO - Setting next_dagrun for example_subdag_operator.section-1 to None, run_after=None
[2024-12-09T13:23:59.376+0000] {logging_mixin.py:190} INFO - [2024-12-09T13:23:59.376+0000] {dag.py:4180} INFO - Setting next_dagrun for example_subdag_operator.section-2 to None, run_after=None
[2024-12-09T13:23:59.385+0000] {processor.py:208} INFO - Processing /home/airflow/.local/lib/python3.12/site-packages/airflow/example_dags/example_subdag_operator.py took 0.083 seconds
[2024-12-09T13:24:32.981+0000] {processor.py:186} INFO - Started process (PID=1115) to work on /home/airflow/.local/lib/python3.12/site-packages/airflow/example_dags/example_subdag_operator.py
[2024-12-09T13:24:32.982+0000] {processor.py:914} INFO - Processing file /home/airflow/.local/lib/python3.12/site-packages/airflow/example_dags/example_subdag_operator.py for tasks to queue
[2024-12-09T13:24:32.984+0000] {logging_mixin.py:190} INFO - [2024-12-09T13:24:32.984+0000] {dagbag.py:588} INFO - Filling up the DagBag from /home/airflow/.local/lib/python3.12/site-packages/airflow/example_dags/example_subdag_operator.py
[2024-12-09T13:24:33.004+0000] {processor.py:925} INFO - DAG(s) 'example_subdag_operator.section-1', 'example_subdag_operator.section-2', 'example_subdag_operator' retrieved from /home/airflow/.local/lib/python3.12/site-packages/airflow/example_dags/example_subdag_operator.py
[2024-12-09T13:24:33.017+0000] {logging_mixin.py:190} INFO - [2024-12-09T13:24:33.017+0000] {dag.py:3239} INFO - Sync 3 DAGs
[2024-12-09T13:24:33.035+0000] {logging_mixin.py:190} INFO - [2024-12-09T13:24:33.035+0000] {dag.py:4180} INFO - Setting next_dagrun for example_subdag_operator to 2022-01-01 00:00:00+00:00, run_after=2022-01-01 00:00:00+00:00
[2024-12-09T13:24:33.038+0000] {logging_mixin.py:190} INFO - [2024-12-09T13:24:33.038+0000] {dag.py:4180} INFO - Setting next_dagrun for example_subdag_operator.section-1 to None, run_after=None
[2024-12-09T13:24:33.039+0000] {logging_mixin.py:190} INFO - [2024-12-09T13:24:33.039+0000] {dag.py:4180} INFO - Setting next_dagrun for example_subdag_operator.section-2 to None, run_after=None
[2024-12-09T13:24:33.045+0000] {logging_mixin.py:190} INFO - [2024-12-09T13:24:33.044+0000] {dag.py:3239} INFO - Sync 2 DAGs
[2024-12-09T13:24:33.049+0000] {logging_mixin.py:190} INFO - [2024-12-09T13:24:33.049+0000] {dag.py:4180} INFO - Setting next_dagrun for example_subdag_operator.section-1 to None, run_after=None
[2024-12-09T13:24:33.050+0000] {logging_mixin.py:190} INFO - [2024-12-09T13:24:33.050+0000] {dag.py:4180} INFO - Setting next_dagrun for example_subdag_operator.section-2 to None, run_after=None
[2024-12-09T13:24:33.059+0000] {processor.py:208} INFO - Processing /home/airflow/.local/lib/python3.12/site-packages/airflow/example_dags/example_subdag_operator.py took 0.082 seconds
[2024-12-09T13:25:05.025+0000] {processor.py:186} INFO - Started process (PID=1178) to work on /home/airflow/.local/lib/python3.12/site-packages/airflow/example_dags/example_subdag_operator.py
[2024-12-09T13:25:05.026+0000] {processor.py:914} INFO - Processing file /home/airflow/.local/lib/python3.12/site-packages/airflow/example_dags/example_subdag_operator.py for tasks to queue
[2024-12-09T13:25:05.028+0000] {logging_mixin.py:190} INFO - [2024-12-09T13:25:05.028+0000] {dagbag.py:588} INFO - Filling up the DagBag from /home/airflow/.local/lib/python3.12/site-packages/airflow/example_dags/example_subdag_operator.py
[2024-12-09T13:25:05.048+0000] {processor.py:925} INFO - DAG(s) 'example_subdag_operator.section-1', 'example_subdag_operator.section-2', 'example_subdag_operator' retrieved from /home/airflow/.local/lib/python3.12/site-packages/airflow/example_dags/example_subdag_operator.py
[2024-12-09T13:25:05.061+0000] {logging_mixin.py:190} INFO - [2024-12-09T13:25:05.061+0000] {dag.py:3239} INFO - Sync 3 DAGs
[2024-12-09T13:25:05.079+0000] {logging_mixin.py:190} INFO - [2024-12-09T13:25:05.079+0000] {dag.py:4180} INFO - Setting next_dagrun for example_subdag_operator to 2022-01-01 00:00:00+00:00, run_after=2022-01-01 00:00:00+00:00
[2024-12-09T13:25:05.082+0000] {logging_mixin.py:190} INFO - [2024-12-09T13:25:05.082+0000] {dag.py:4180} INFO - Setting next_dagrun for example_subdag_operator.section-1 to None, run_after=None
[2024-12-09T13:25:05.083+0000] {logging_mixin.py:190} INFO - [2024-12-09T13:25:05.083+0000] {dag.py:4180} INFO - Setting next_dagrun for example_subdag_operator.section-2 to None, run_after=None
[2024-12-09T13:25:05.089+0000] {logging_mixin.py:190} INFO - [2024-12-09T13:25:05.089+0000] {dag.py:3239} INFO - Sync 2 DAGs
[2024-12-09T13:25:05.093+0000] {logging_mixin.py:190} INFO - [2024-12-09T13:25:05.093+0000] {dag.py:4180} INFO - Setting next_dagrun for example_subdag_operator.section-1 to None, run_after=None
[2024-12-09T13:25:05.094+0000] {logging_mixin.py:190} INFO - [2024-12-09T13:25:05.094+0000] {dag.py:4180} INFO - Setting next_dagrun for example_subdag_operator.section-2 to None, run_after=None
[2024-12-09T13:25:05.102+0000] {processor.py:208} INFO - Processing /home/airflow/.local/lib/python3.12/site-packages/airflow/example_dags/example_subdag_operator.py took 0.082 seconds
[2024-12-09T13:25:37.564+0000] {processor.py:186} INFO - Started process (PID=1241) to work on /home/airflow/.local/lib/python3.12/site-packages/airflow/example_dags/example_subdag_operator.py
[2024-12-09T13:25:37.565+0000] {processor.py:914} INFO - Processing file /home/airflow/.local/lib/python3.12/site-packages/airflow/example_dags/example_subdag_operator.py for tasks to queue
[2024-12-09T13:25:37.567+0000] {logging_mixin.py:190} INFO - [2024-12-09T13:25:37.567+0000] {dagbag.py:588} INFO - Filling up the DagBag from /home/airflow/.local/lib/python3.12/site-packages/airflow/example_dags/example_subdag_operator.py
[2024-12-09T13:25:37.588+0000] {processor.py:925} INFO - DAG(s) 'example_subdag_operator.section-1', 'example_subdag_operator.section-2', 'example_subdag_operator' retrieved from /home/airflow/.local/lib/python3.12/site-packages/airflow/example_dags/example_subdag_operator.py
[2024-12-09T13:25:37.602+0000] {logging_mixin.py:190} INFO - [2024-12-09T13:25:37.602+0000] {dag.py:3239} INFO - Sync 3 DAGs
[2024-12-09T13:25:37.622+0000] {logging_mixin.py:190} INFO - [2024-12-09T13:25:37.622+0000] {dag.py:4180} INFO - Setting next_dagrun for example_subdag_operator to 2022-01-01 00:00:00+00:00, run_after=2022-01-01 00:00:00+00:00
[2024-12-09T13:25:37.626+0000] {logging_mixin.py:190} INFO - [2024-12-09T13:25:37.625+0000] {dag.py:4180} INFO - Setting next_dagrun for example_subdag_operator.section-1 to None, run_after=None
[2024-12-09T13:25:37.627+0000] {logging_mixin.py:190} INFO - [2024-12-09T13:25:37.627+0000] {dag.py:4180} INFO - Setting next_dagrun for example_subdag_operator.section-2 to None, run_after=None
[2024-12-09T13:25:37.632+0000] {logging_mixin.py:190} INFO - [2024-12-09T13:25:37.632+0000] {dag.py:3239} INFO - Sync 2 DAGs
[2024-12-09T13:25:37.638+0000] {logging_mixin.py:190} INFO - [2024-12-09T13:25:37.637+0000] {dag.py:4180} INFO - Setting next_dagrun for example_subdag_operator.section-1 to None, run_after=None
[2024-12-09T13:25:37.638+0000] {logging_mixin.py:190} INFO - [2024-12-09T13:25:37.638+0000] {dag.py:4180} INFO - Setting next_dagrun for example_subdag_operator.section-2 to None, run_after=None
[2024-12-09T13:25:37.647+0000] {processor.py:208} INFO - Processing /home/airflow/.local/lib/python3.12/site-packages/airflow/example_dags/example_subdag_operator.py took 0.088 seconds
[2024-12-09T13:26:11.288+0000] {processor.py:186} INFO - Started process (PID=1308) to work on /home/airflow/.local/lib/python3.12/site-packages/airflow/example_dags/example_subdag_operator.py
[2024-12-09T13:26:11.289+0000] {processor.py:914} INFO - Processing file /home/airflow/.local/lib/python3.12/site-packages/airflow/example_dags/example_subdag_operator.py for tasks to queue
[2024-12-09T13:26:11.291+0000] {logging_mixin.py:190} INFO - [2024-12-09T13:26:11.291+0000] {dagbag.py:588} INFO - Filling up the DagBag from /home/airflow/.local/lib/python3.12/site-packages/airflow/example_dags/example_subdag_operator.py
[2024-12-09T13:26:11.314+0000] {processor.py:925} INFO - DAG(s) 'example_subdag_operator.section-1', 'example_subdag_operator.section-2', 'example_subdag_operator' retrieved from /home/airflow/.local/lib/python3.12/site-packages/airflow/example_dags/example_subdag_operator.py
[2024-12-09T13:26:11.326+0000] {logging_mixin.py:190} INFO - [2024-12-09T13:26:11.326+0000] {dag.py:3239} INFO - Sync 3 DAGs
[2024-12-09T13:26:11.346+0000] {logging_mixin.py:190} INFO - [2024-12-09T13:26:11.346+0000] {dag.py:4180} INFO - Setting next_dagrun for example_subdag_operator to 2022-01-01 00:00:00+00:00, run_after=2022-01-01 00:00:00+00:00
[2024-12-09T13:26:11.350+0000] {logging_mixin.py:190} INFO - [2024-12-09T13:26:11.349+0000] {dag.py:4180} INFO - Setting next_dagrun for example_subdag_operator.section-1 to None, run_after=None
[2024-12-09T13:26:11.351+0000] {logging_mixin.py:190} INFO - [2024-12-09T13:26:11.351+0000] {dag.py:4180} INFO - Setting next_dagrun for example_subdag_operator.section-2 to None, run_after=None
[2024-12-09T13:26:11.357+0000] {logging_mixin.py:190} INFO - [2024-12-09T13:26:11.356+0000] {dag.py:3239} INFO - Sync 2 DAGs
[2024-12-09T13:26:11.361+0000] {logging_mixin.py:190} INFO - [2024-12-09T13:26:11.361+0000] {dag.py:4180} INFO - Setting next_dagrun for example_subdag_operator.section-1 to None, run_after=None
[2024-12-09T13:26:11.362+0000] {logging_mixin.py:190} INFO - [2024-12-09T13:26:11.362+0000] {dag.py:4180} INFO - Setting next_dagrun for example_subdag_operator.section-2 to None, run_after=None
[2024-12-09T13:26:11.370+0000] {processor.py:208} INFO - Processing /home/airflow/.local/lib/python3.12/site-packages/airflow/example_dags/example_subdag_operator.py took 0.087 seconds
[2024-12-09T13:26:43.593+0000] {processor.py:186} INFO - Started process (PID=1371) to work on /home/airflow/.local/lib/python3.12/site-packages/airflow/example_dags/example_subdag_operator.py
[2024-12-09T13:26:43.594+0000] {processor.py:914} INFO - Processing file /home/airflow/.local/lib/python3.12/site-packages/airflow/example_dags/example_subdag_operator.py for tasks to queue
[2024-12-09T13:26:43.596+0000] {logging_mixin.py:190} INFO - [2024-12-09T13:26:43.595+0000] {dagbag.py:588} INFO - Filling up the DagBag from /home/airflow/.local/lib/python3.12/site-packages/airflow/example_dags/example_subdag_operator.py
[2024-12-09T13:26:43.620+0000] {processor.py:925} INFO - DAG(s) 'example_subdag_operator.section-1', 'example_subdag_operator.section-2', 'example_subdag_operator' retrieved from /home/airflow/.local/lib/python3.12/site-packages/airflow/example_dags/example_subdag_operator.py
[2024-12-09T13:26:43.633+0000] {logging_mixin.py:190} INFO - [2024-12-09T13:26:43.633+0000] {dag.py:3239} INFO - Sync 3 DAGs
[2024-12-09T13:26:43.653+0000] {logging_mixin.py:190} INFO - [2024-12-09T13:26:43.653+0000] {dag.py:4180} INFO - Setting next_dagrun for example_subdag_operator to 2022-01-01 00:00:00+00:00, run_after=2022-01-01 00:00:00+00:00
[2024-12-09T13:26:43.656+0000] {logging_mixin.py:190} INFO - [2024-12-09T13:26:43.656+0000] {dag.py:4180} INFO - Setting next_dagrun for example_subdag_operator.section-1 to None, run_after=None
[2024-12-09T13:26:43.657+0000] {logging_mixin.py:190} INFO - [2024-12-09T13:26:43.657+0000] {dag.py:4180} INFO - Setting next_dagrun for example_subdag_operator.section-2 to None, run_after=None
[2024-12-09T13:26:43.663+0000] {logging_mixin.py:190} INFO - [2024-12-09T13:26:43.663+0000] {dag.py:3239} INFO - Sync 2 DAGs
[2024-12-09T13:26:43.667+0000] {logging_mixin.py:190} INFO - [2024-12-09T13:26:43.667+0000] {dag.py:4180} INFO - Setting next_dagrun for example_subdag_operator.section-1 to None, run_after=None
[2024-12-09T13:26:43.668+0000] {logging_mixin.py:190} INFO - [2024-12-09T13:26:43.668+0000] {dag.py:4180} INFO - Setting next_dagrun for example_subdag_operator.section-2 to None, run_after=None
[2024-12-09T13:26:43.676+0000] {processor.py:208} INFO - Processing /home/airflow/.local/lib/python3.12/site-packages/airflow/example_dags/example_subdag_operator.py took 0.088 seconds
[2024-12-09T13:27:16.147+0000] {processor.py:186} INFO - Started process (PID=1434) to work on /home/airflow/.local/lib/python3.12/site-packages/airflow/example_dags/example_subdag_operator.py
[2024-12-09T13:27:16.148+0000] {processor.py:914} INFO - Processing file /home/airflow/.local/lib/python3.12/site-packages/airflow/example_dags/example_subdag_operator.py for tasks to queue
[2024-12-09T13:27:16.149+0000] {logging_mixin.py:190} INFO - [2024-12-09T13:27:16.149+0000] {dagbag.py:588} INFO - Filling up the DagBag from /home/airflow/.local/lib/python3.12/site-packages/airflow/example_dags/example_subdag_operator.py
[2024-12-09T13:27:16.171+0000] {processor.py:925} INFO - DAG(s) 'example_subdag_operator.section-1', 'example_subdag_operator.section-2', 'example_subdag_operator' retrieved from /home/airflow/.local/lib/python3.12/site-packages/airflow/example_dags/example_subdag_operator.py
[2024-12-09T13:27:16.185+0000] {logging_mixin.py:190} INFO - [2024-12-09T13:27:16.185+0000] {dag.py:3239} INFO - Sync 3 DAGs
[2024-12-09T13:27:16.205+0000] {logging_mixin.py:190} INFO - [2024-12-09T13:27:16.204+0000] {dag.py:4180} INFO - Setting next_dagrun for example_subdag_operator to 2022-01-01 00:00:00+00:00, run_after=2022-01-01 00:00:00+00:00
[2024-12-09T13:27:16.208+0000] {logging_mixin.py:190} INFO - [2024-12-09T13:27:16.208+0000] {dag.py:4180} INFO - Setting next_dagrun for example_subdag_operator.section-1 to None, run_after=None
[2024-12-09T13:27:16.209+0000] {logging_mixin.py:190} INFO - [2024-12-09T13:27:16.209+0000] {dag.py:4180} INFO - Setting next_dagrun for example_subdag_operator.section-2 to None, run_after=None
[2024-12-09T13:27:16.216+0000] {logging_mixin.py:190} INFO - [2024-12-09T13:27:16.215+0000] {dag.py:3239} INFO - Sync 2 DAGs
[2024-12-09T13:27:16.222+0000] {logging_mixin.py:190} INFO - [2024-12-09T13:27:16.221+0000] {dag.py:4180} INFO - Setting next_dagrun for example_subdag_operator.section-1 to None, run_after=None
[2024-12-09T13:27:16.222+0000] {logging_mixin.py:190} INFO - [2024-12-09T13:27:16.222+0000] {dag.py:4180} INFO - Setting next_dagrun for example_subdag_operator.section-2 to None, run_after=None
[2024-12-09T13:27:16.232+0000] {processor.py:208} INFO - Processing /home/airflow/.local/lib/python3.12/site-packages/airflow/example_dags/example_subdag_operator.py took 0.089 seconds
