[2024-12-09T13:15:40.112+0000] {processor.py:186} INFO - Started process (PID=74) to work on /home/airflow/.local/lib/python3.12/site-packages/airflow/example_dags/example_short_circuit_operator.py
[2024-12-09T13:15:40.112+0000] {processor.py:914} INFO - Processing file /home/airflow/.local/lib/python3.12/site-packages/airflow/example_dags/example_short_circuit_operator.py for tasks to queue
[2024-12-09T13:15:40.114+0000] {logging_mixin.py:190} INFO - [2024-12-09T13:15:40.114+0000] {dagbag.py:588} INFO - Filling up the DagBag from /home/airflow/.local/lib/python3.12/site-packages/airflow/example_dags/example_short_circuit_operator.py
[2024-12-09T13:15:40.122+0000] {processor.py:925} INFO - DAG(s) 'example_short_circuit_operator' retrieved from /home/airflow/.local/lib/python3.12/site-packages/airflow/example_dags/example_short_circuit_operator.py
[2024-12-09T13:15:40.215+0000] {logging_mixin.py:190} INFO - [2024-12-09T13:15:40.215+0000] {override.py:1911} INFO - Created Permission View: can delete on DAG:example_short_circuit_operator
[2024-12-09T13:15:40.224+0000] {logging_mixin.py:190} INFO - [2024-12-09T13:15:40.224+0000] {override.py:1911} INFO - Created Permission View: can edit on DAG:example_short_circuit_operator
[2024-12-09T13:15:40.230+0000] {logging_mixin.py:190} INFO - [2024-12-09T13:15:40.229+0000] {override.py:1911} INFO - Created Permission View: can read on DAG:example_short_circuit_operator
[2024-12-09T13:15:40.236+0000] {logging_mixin.py:190} INFO - [2024-12-09T13:15:40.235+0000] {override.py:1911} INFO - Created Permission View: menu access on DAG Run:example_short_circuit_operator
[2024-12-09T13:15:40.241+0000] {logging_mixin.py:190} INFO - [2024-12-09T13:15:40.241+0000] {override.py:1911} INFO - Created Permission View: can create on DAG Run:example_short_circuit_operator
[2024-12-09T13:15:40.247+0000] {logging_mixin.py:190} INFO - [2024-12-09T13:15:40.247+0000] {override.py:1911} INFO - Created Permission View: can delete on DAG Run:example_short_circuit_operator
[2024-12-09T13:15:40.252+0000] {logging_mixin.py:190} INFO - [2024-12-09T13:15:40.252+0000] {override.py:1911} INFO - Created Permission View: can read on DAG Run:example_short_circuit_operator
[2024-12-09T13:15:40.253+0000] {logging_mixin.py:190} INFO - [2024-12-09T13:15:40.253+0000] {dag.py:3239} INFO - Sync 1 DAGs
[2024-12-09T13:15:40.264+0000] {logging_mixin.py:190} INFO - [2024-12-09T13:15:40.264+0000] {dag.py:3262} INFO - Creating ORM DAG for example_short_circuit_operator
[2024-12-09T13:15:40.265+0000] {logging_mixin.py:190} INFO - [2024-12-09T13:15:40.264+0000] {dag.py:4180} INFO - Setting next_dagrun for example_short_circuit_operator to None, run_after=None
[2024-12-09T13:15:40.278+0000] {processor.py:208} INFO - Processing /home/airflow/.local/lib/python3.12/site-packages/airflow/example_dags/example_short_circuit_operator.py took 0.171 seconds
[2024-12-09T13:16:10.663+0000] {processor.py:186} INFO - Started process (PID=137) to work on /home/airflow/.local/lib/python3.12/site-packages/airflow/example_dags/example_short_circuit_operator.py
[2024-12-09T13:16:10.664+0000] {processor.py:914} INFO - Processing file /home/airflow/.local/lib/python3.12/site-packages/airflow/example_dags/example_short_circuit_operator.py for tasks to queue
[2024-12-09T13:16:10.666+0000] {logging_mixin.py:190} INFO - [2024-12-09T13:16:10.666+0000] {dagbag.py:588} INFO - Filling up the DagBag from /home/airflow/.local/lib/python3.12/site-packages/airflow/example_dags/example_short_circuit_operator.py
[2024-12-09T13:16:10.674+0000] {processor.py:925} INFO - DAG(s) 'example_short_circuit_operator' retrieved from /home/airflow/.local/lib/python3.12/site-packages/airflow/example_dags/example_short_circuit_operator.py
[2024-12-09T13:16:10.694+0000] {logging_mixin.py:190} INFO - [2024-12-09T13:16:10.694+0000] {dag.py:3239} INFO - Sync 1 DAGs
[2024-12-09T13:16:10.706+0000] {logging_mixin.py:190} INFO - [2024-12-09T13:16:10.706+0000] {dag.py:4180} INFO - Setting next_dagrun for example_short_circuit_operator to None, run_after=None
[2024-12-09T13:16:10.720+0000] {processor.py:208} INFO - Processing /home/airflow/.local/lib/python3.12/site-packages/airflow/example_dags/example_short_circuit_operator.py took 0.062 seconds
[2024-12-09T13:16:41.738+0000] {processor.py:186} INFO - Started process (PID=200) to work on /home/airflow/.local/lib/python3.12/site-packages/airflow/example_dags/example_short_circuit_operator.py
[2024-12-09T13:16:41.738+0000] {processor.py:914} INFO - Processing file /home/airflow/.local/lib/python3.12/site-packages/airflow/example_dags/example_short_circuit_operator.py for tasks to queue
[2024-12-09T13:16:41.740+0000] {logging_mixin.py:190} INFO - [2024-12-09T13:16:41.740+0000] {dagbag.py:588} INFO - Filling up the DagBag from /home/airflow/.local/lib/python3.12/site-packages/airflow/example_dags/example_short_circuit_operator.py
[2024-12-09T13:16:41.749+0000] {processor.py:925} INFO - DAG(s) 'example_short_circuit_operator' retrieved from /home/airflow/.local/lib/python3.12/site-packages/airflow/example_dags/example_short_circuit_operator.py
[2024-12-09T13:16:41.771+0000] {logging_mixin.py:190} INFO - [2024-12-09T13:16:41.771+0000] {dag.py:3239} INFO - Sync 1 DAGs
[2024-12-09T13:16:41.784+0000] {logging_mixin.py:190} INFO - [2024-12-09T13:16:41.784+0000] {dag.py:4180} INFO - Setting next_dagrun for example_short_circuit_operator to None, run_after=None
[2024-12-09T13:16:41.799+0000] {processor.py:208} INFO - Processing /home/airflow/.local/lib/python3.12/site-packages/airflow/example_dags/example_short_circuit_operator.py took 0.066 seconds
[2024-12-09T13:17:12.780+0000] {processor.py:186} INFO - Started process (PID=263) to work on /home/airflow/.local/lib/python3.12/site-packages/airflow/example_dags/example_short_circuit_operator.py
[2024-12-09T13:17:12.780+0000] {processor.py:914} INFO - Processing file /home/airflow/.local/lib/python3.12/site-packages/airflow/example_dags/example_short_circuit_operator.py for tasks to queue
[2024-12-09T13:17:12.782+0000] {logging_mixin.py:190} INFO - [2024-12-09T13:17:12.782+0000] {dagbag.py:588} INFO - Filling up the DagBag from /home/airflow/.local/lib/python3.12/site-packages/airflow/example_dags/example_short_circuit_operator.py
[2024-12-09T13:17:12.788+0000] {processor.py:925} INFO - DAG(s) 'example_short_circuit_operator' retrieved from /home/airflow/.local/lib/python3.12/site-packages/airflow/example_dags/example_short_circuit_operator.py
[2024-12-09T13:17:12.806+0000] {logging_mixin.py:190} INFO - [2024-12-09T13:17:12.806+0000] {dag.py:3239} INFO - Sync 1 DAGs
[2024-12-09T13:17:12.817+0000] {logging_mixin.py:190} INFO - [2024-12-09T13:17:12.817+0000] {dag.py:4180} INFO - Setting next_dagrun for example_short_circuit_operator to None, run_after=None
[2024-12-09T13:17:12.832+0000] {processor.py:208} INFO - Processing /home/airflow/.local/lib/python3.12/site-packages/airflow/example_dags/example_short_circuit_operator.py took 0.057 seconds
[2024-12-09T13:17:43.774+0000] {processor.py:186} INFO - Started process (PID=326) to work on /home/airflow/.local/lib/python3.12/site-packages/airflow/example_dags/example_short_circuit_operator.py
[2024-12-09T13:17:43.775+0000] {processor.py:914} INFO - Processing file /home/airflow/.local/lib/python3.12/site-packages/airflow/example_dags/example_short_circuit_operator.py for tasks to queue
[2024-12-09T13:17:43.777+0000] {logging_mixin.py:190} INFO - [2024-12-09T13:17:43.776+0000] {dagbag.py:588} INFO - Filling up the DagBag from /home/airflow/.local/lib/python3.12/site-packages/airflow/example_dags/example_short_circuit_operator.py
[2024-12-09T13:17:43.784+0000] {processor.py:925} INFO - DAG(s) 'example_short_circuit_operator' retrieved from /home/airflow/.local/lib/python3.12/site-packages/airflow/example_dags/example_short_circuit_operator.py
[2024-12-09T13:17:43.807+0000] {logging_mixin.py:190} INFO - [2024-12-09T13:17:43.807+0000] {dag.py:3239} INFO - Sync 1 DAGs
[2024-12-09T13:17:43.823+0000] {logging_mixin.py:190} INFO - [2024-12-09T13:17:43.822+0000] {dag.py:4180} INFO - Setting next_dagrun for example_short_circuit_operator to None, run_after=None
[2024-12-09T13:17:43.838+0000] {processor.py:208} INFO - Processing /home/airflow/.local/lib/python3.12/site-packages/airflow/example_dags/example_short_circuit_operator.py took 0.069 seconds
[2024-12-09T13:18:13.879+0000] {processor.py:186} INFO - Started process (PID=388) to work on /home/airflow/.local/lib/python3.12/site-packages/airflow/example_dags/example_short_circuit_operator.py
[2024-12-09T13:18:13.880+0000] {processor.py:914} INFO - Processing file /home/airflow/.local/lib/python3.12/site-packages/airflow/example_dags/example_short_circuit_operator.py for tasks to queue
[2024-12-09T13:18:13.881+0000] {logging_mixin.py:190} INFO - [2024-12-09T13:18:13.881+0000] {dagbag.py:588} INFO - Filling up the DagBag from /home/airflow/.local/lib/python3.12/site-packages/airflow/example_dags/example_short_circuit_operator.py
[2024-12-09T13:18:13.888+0000] {processor.py:925} INFO - DAG(s) 'example_short_circuit_operator' retrieved from /home/airflow/.local/lib/python3.12/site-packages/airflow/example_dags/example_short_circuit_operator.py
[2024-12-09T13:18:13.905+0000] {logging_mixin.py:190} INFO - [2024-12-09T13:18:13.905+0000] {dag.py:3239} INFO - Sync 1 DAGs
[2024-12-09T13:18:13.916+0000] {logging_mixin.py:190} INFO - [2024-12-09T13:18:13.916+0000] {dag.py:4180} INFO - Setting next_dagrun for example_short_circuit_operator to None, run_after=None
[2024-12-09T13:18:13.931+0000] {processor.py:208} INFO - Processing /home/airflow/.local/lib/python3.12/site-packages/airflow/example_dags/example_short_circuit_operator.py took 0.056 seconds
[2024-12-09T13:18:45.024+0000] {processor.py:186} INFO - Started process (PID=452) to work on /home/airflow/.local/lib/python3.12/site-packages/airflow/example_dags/example_short_circuit_operator.py
[2024-12-09T13:18:45.025+0000] {processor.py:914} INFO - Processing file /home/airflow/.local/lib/python3.12/site-packages/airflow/example_dags/example_short_circuit_operator.py for tasks to queue
[2024-12-09T13:18:45.027+0000] {logging_mixin.py:190} INFO - [2024-12-09T13:18:45.027+0000] {dagbag.py:588} INFO - Filling up the DagBag from /home/airflow/.local/lib/python3.12/site-packages/airflow/example_dags/example_short_circuit_operator.py
[2024-12-09T13:18:45.033+0000] {processor.py:925} INFO - DAG(s) 'example_short_circuit_operator' retrieved from /home/airflow/.local/lib/python3.12/site-packages/airflow/example_dags/example_short_circuit_operator.py
[2024-12-09T13:18:45.053+0000] {logging_mixin.py:190} INFO - [2024-12-09T13:18:45.052+0000] {dag.py:3239} INFO - Sync 1 DAGs
[2024-12-09T13:18:45.066+0000] {logging_mixin.py:190} INFO - [2024-12-09T13:18:45.065+0000] {dag.py:4180} INFO - Setting next_dagrun for example_short_circuit_operator to None, run_after=None
[2024-12-09T13:18:45.081+0000] {processor.py:208} INFO - Processing /home/airflow/.local/lib/python3.12/site-packages/airflow/example_dags/example_short_circuit_operator.py took 0.061 seconds
[2024-12-09T13:19:15.821+0000] {processor.py:186} INFO - Started process (PID=515) to work on /home/airflow/.local/lib/python3.12/site-packages/airflow/example_dags/example_short_circuit_operator.py
[2024-12-09T13:19:15.822+0000] {processor.py:914} INFO - Processing file /home/airflow/.local/lib/python3.12/site-packages/airflow/example_dags/example_short_circuit_operator.py for tasks to queue
[2024-12-09T13:19:15.824+0000] {logging_mixin.py:190} INFO - [2024-12-09T13:19:15.824+0000] {dagbag.py:588} INFO - Filling up the DagBag from /home/airflow/.local/lib/python3.12/site-packages/airflow/example_dags/example_short_circuit_operator.py
[2024-12-09T13:19:15.832+0000] {processor.py:925} INFO - DAG(s) 'example_short_circuit_operator' retrieved from /home/airflow/.local/lib/python3.12/site-packages/airflow/example_dags/example_short_circuit_operator.py
[2024-12-09T13:19:15.858+0000] {logging_mixin.py:190} INFO - [2024-12-09T13:19:15.857+0000] {dag.py:3239} INFO - Sync 1 DAGs
[2024-12-09T13:19:15.871+0000] {logging_mixin.py:190} INFO - [2024-12-09T13:19:15.870+0000] {dag.py:4180} INFO - Setting next_dagrun for example_short_circuit_operator to None, run_after=None
[2024-12-09T13:19:15.888+0000] {processor.py:208} INFO - Processing /home/airflow/.local/lib/python3.12/site-packages/airflow/example_dags/example_short_circuit_operator.py took 0.071 seconds
[2024-12-09T13:19:46.882+0000] {processor.py:186} INFO - Started process (PID=578) to work on /home/airflow/.local/lib/python3.12/site-packages/airflow/example_dags/example_short_circuit_operator.py
[2024-12-09T13:19:46.882+0000] {processor.py:914} INFO - Processing file /home/airflow/.local/lib/python3.12/site-packages/airflow/example_dags/example_short_circuit_operator.py for tasks to queue
[2024-12-09T13:19:46.884+0000] {logging_mixin.py:190} INFO - [2024-12-09T13:19:46.884+0000] {dagbag.py:588} INFO - Filling up the DagBag from /home/airflow/.local/lib/python3.12/site-packages/airflow/example_dags/example_short_circuit_operator.py
[2024-12-09T13:19:46.891+0000] {processor.py:925} INFO - DAG(s) 'example_short_circuit_operator' retrieved from /home/airflow/.local/lib/python3.12/site-packages/airflow/example_dags/example_short_circuit_operator.py
[2024-12-09T13:19:46.910+0000] {logging_mixin.py:190} INFO - [2024-12-09T13:19:46.910+0000] {dag.py:3239} INFO - Sync 1 DAGs
[2024-12-09T13:19:46.921+0000] {logging_mixin.py:190} INFO - [2024-12-09T13:19:46.921+0000] {dag.py:4180} INFO - Setting next_dagrun for example_short_circuit_operator to None, run_after=None
[2024-12-09T13:19:46.936+0000] {processor.py:208} INFO - Processing /home/airflow/.local/lib/python3.12/site-packages/airflow/example_dags/example_short_circuit_operator.py took 0.059 seconds
[2024-12-09T13:20:17.425+0000] {processor.py:186} INFO - Started process (PID=641) to work on /home/airflow/.local/lib/python3.12/site-packages/airflow/example_dags/example_short_circuit_operator.py
[2024-12-09T13:20:17.426+0000] {processor.py:914} INFO - Processing file /home/airflow/.local/lib/python3.12/site-packages/airflow/example_dags/example_short_circuit_operator.py for tasks to queue
[2024-12-09T13:20:17.428+0000] {logging_mixin.py:190} INFO - [2024-12-09T13:20:17.427+0000] {dagbag.py:588} INFO - Filling up the DagBag from /home/airflow/.local/lib/python3.12/site-packages/airflow/example_dags/example_short_circuit_operator.py
[2024-12-09T13:20:17.437+0000] {processor.py:925} INFO - DAG(s) 'example_short_circuit_operator' retrieved from /home/airflow/.local/lib/python3.12/site-packages/airflow/example_dags/example_short_circuit_operator.py
[2024-12-09T13:20:17.459+0000] {logging_mixin.py:190} INFO - [2024-12-09T13:20:17.459+0000] {dag.py:3239} INFO - Sync 1 DAGs
[2024-12-09T13:20:17.472+0000] {logging_mixin.py:190} INFO - [2024-12-09T13:20:17.472+0000] {dag.py:4180} INFO - Setting next_dagrun for example_short_circuit_operator to None, run_after=None
[2024-12-09T13:20:17.492+0000] {processor.py:208} INFO - Processing /home/airflow/.local/lib/python3.12/site-packages/airflow/example_dags/example_short_circuit_operator.py took 0.071 seconds
[2024-12-09T13:20:48.060+0000] {processor.py:186} INFO - Started process (PID=704) to work on /home/airflow/.local/lib/python3.12/site-packages/airflow/example_dags/example_short_circuit_operator.py
[2024-12-09T13:20:48.061+0000] {processor.py:914} INFO - Processing file /home/airflow/.local/lib/python3.12/site-packages/airflow/example_dags/example_short_circuit_operator.py for tasks to queue
[2024-12-09T13:20:48.063+0000] {logging_mixin.py:190} INFO - [2024-12-09T13:20:48.063+0000] {dagbag.py:588} INFO - Filling up the DagBag from /home/airflow/.local/lib/python3.12/site-packages/airflow/example_dags/example_short_circuit_operator.py
[2024-12-09T13:20:48.070+0000] {processor.py:925} INFO - DAG(s) 'example_short_circuit_operator' retrieved from /home/airflow/.local/lib/python3.12/site-packages/airflow/example_dags/example_short_circuit_operator.py
[2024-12-09T13:20:48.089+0000] {logging_mixin.py:190} INFO - [2024-12-09T13:20:48.089+0000] {dag.py:3239} INFO - Sync 1 DAGs
[2024-12-09T13:20:48.100+0000] {logging_mixin.py:190} INFO - [2024-12-09T13:20:48.100+0000] {dag.py:4180} INFO - Setting next_dagrun for example_short_circuit_operator to None, run_after=None
[2024-12-09T13:20:48.115+0000] {processor.py:208} INFO - Processing /home/airflow/.local/lib/python3.12/site-packages/airflow/example_dags/example_short_circuit_operator.py took 0.059 seconds
[2024-12-09T13:21:18.398+0000] {processor.py:186} INFO - Started process (PID=767) to work on /home/airflow/.local/lib/python3.12/site-packages/airflow/example_dags/example_short_circuit_operator.py
[2024-12-09T13:21:18.398+0000] {processor.py:914} INFO - Processing file /home/airflow/.local/lib/python3.12/site-packages/airflow/example_dags/example_short_circuit_operator.py for tasks to queue
[2024-12-09T13:21:18.400+0000] {logging_mixin.py:190} INFO - [2024-12-09T13:21:18.400+0000] {dagbag.py:588} INFO - Filling up the DagBag from /home/airflow/.local/lib/python3.12/site-packages/airflow/example_dags/example_short_circuit_operator.py
[2024-12-09T13:21:18.408+0000] {processor.py:925} INFO - DAG(s) 'example_short_circuit_operator' retrieved from /home/airflow/.local/lib/python3.12/site-packages/airflow/example_dags/example_short_circuit_operator.py
[2024-12-09T13:21:18.427+0000] {logging_mixin.py:190} INFO - [2024-12-09T13:21:18.427+0000] {dag.py:3239} INFO - Sync 1 DAGs
[2024-12-09T13:21:18.438+0000] {logging_mixin.py:190} INFO - [2024-12-09T13:21:18.438+0000] {dag.py:4180} INFO - Setting next_dagrun for example_short_circuit_operator to None, run_after=None
[2024-12-09T13:21:18.453+0000] {processor.py:208} INFO - Processing /home/airflow/.local/lib/python3.12/site-packages/airflow/example_dags/example_short_circuit_operator.py took 0.060 seconds
[2024-12-09T13:21:50.538+0000] {processor.py:186} INFO - Started process (PID=830) to work on /home/airflow/.local/lib/python3.12/site-packages/airflow/example_dags/example_short_circuit_operator.py
[2024-12-09T13:21:50.539+0000] {processor.py:914} INFO - Processing file /home/airflow/.local/lib/python3.12/site-packages/airflow/example_dags/example_short_circuit_operator.py for tasks to queue
[2024-12-09T13:21:50.541+0000] {logging_mixin.py:190} INFO - [2024-12-09T13:21:50.540+0000] {dagbag.py:588} INFO - Filling up the DagBag from /home/airflow/.local/lib/python3.12/site-packages/airflow/example_dags/example_short_circuit_operator.py
[2024-12-09T13:21:50.547+0000] {processor.py:925} INFO - DAG(s) 'example_short_circuit_operator' retrieved from /home/airflow/.local/lib/python3.12/site-packages/airflow/example_dags/example_short_circuit_operator.py
[2024-12-09T13:21:50.566+0000] {logging_mixin.py:190} INFO - [2024-12-09T13:21:50.566+0000] {dag.py:3239} INFO - Sync 1 DAGs
[2024-12-09T13:21:50.578+0000] {logging_mixin.py:190} INFO - [2024-12-09T13:21:50.578+0000] {dag.py:4180} INFO - Setting next_dagrun for example_short_circuit_operator to None, run_after=None
[2024-12-09T13:21:50.595+0000] {processor.py:208} INFO - Processing /home/airflow/.local/lib/python3.12/site-packages/airflow/example_dags/example_short_circuit_operator.py took 0.062 seconds
[2024-12-09T13:22:21.661+0000] {processor.py:186} INFO - Started process (PID=860) to work on /home/airflow/.local/lib/python3.12/site-packages/airflow/example_dags/example_short_circuit_operator.py
[2024-12-09T13:22:21.662+0000] {processor.py:914} INFO - Processing file /home/airflow/.local/lib/python3.12/site-packages/airflow/example_dags/example_short_circuit_operator.py for tasks to queue
[2024-12-09T13:22:21.664+0000] {logging_mixin.py:190} INFO - [2024-12-09T13:22:21.663+0000] {dagbag.py:588} INFO - Filling up the DagBag from /home/airflow/.local/lib/python3.12/site-packages/airflow/example_dags/example_short_circuit_operator.py
[2024-12-09T13:22:21.670+0000] {processor.py:925} INFO - DAG(s) 'example_short_circuit_operator' retrieved from /home/airflow/.local/lib/python3.12/site-packages/airflow/example_dags/example_short_circuit_operator.py
[2024-12-09T13:22:21.689+0000] {logging_mixin.py:190} INFO - [2024-12-09T13:22:21.689+0000] {dag.py:3239} INFO - Sync 1 DAGs
[2024-12-09T13:22:21.700+0000] {logging_mixin.py:190} INFO - [2024-12-09T13:22:21.700+0000] {dag.py:4180} INFO - Setting next_dagrun for example_short_circuit_operator to None, run_after=None
[2024-12-09T13:22:21.713+0000] {processor.py:208} INFO - Processing /home/airflow/.local/lib/python3.12/site-packages/airflow/example_dags/example_short_circuit_operator.py took 0.057 seconds
[2024-12-09T13:22:53.762+0000] {processor.py:186} INFO - Started process (PID=923) to work on /home/airflow/.local/lib/python3.12/site-packages/airflow/example_dags/example_short_circuit_operator.py
[2024-12-09T13:22:53.763+0000] {processor.py:914} INFO - Processing file /home/airflow/.local/lib/python3.12/site-packages/airflow/example_dags/example_short_circuit_operator.py for tasks to queue
[2024-12-09T13:22:53.765+0000] {logging_mixin.py:190} INFO - [2024-12-09T13:22:53.764+0000] {dagbag.py:588} INFO - Filling up the DagBag from /home/airflow/.local/lib/python3.12/site-packages/airflow/example_dags/example_short_circuit_operator.py
[2024-12-09T13:22:53.771+0000] {processor.py:925} INFO - DAG(s) 'example_short_circuit_operator' retrieved from /home/airflow/.local/lib/python3.12/site-packages/airflow/example_dags/example_short_circuit_operator.py
[2024-12-09T13:22:53.789+0000] {logging_mixin.py:190} INFO - [2024-12-09T13:22:53.789+0000] {dag.py:3239} INFO - Sync 1 DAGs
[2024-12-09T13:22:53.800+0000] {logging_mixin.py:190} INFO - [2024-12-09T13:22:53.800+0000] {dag.py:4180} INFO - Setting next_dagrun for example_short_circuit_operator to None, run_after=None
[2024-12-09T13:22:53.815+0000] {processor.py:208} INFO - Processing /home/airflow/.local/lib/python3.12/site-packages/airflow/example_dags/example_short_circuit_operator.py took 0.057 seconds
[2024-12-09T13:23:26.624+0000] {processor.py:186} INFO - Started process (PID=986) to work on /home/airflow/.local/lib/python3.12/site-packages/airflow/example_dags/example_short_circuit_operator.py
[2024-12-09T13:23:26.625+0000] {processor.py:914} INFO - Processing file /home/airflow/.local/lib/python3.12/site-packages/airflow/example_dags/example_short_circuit_operator.py for tasks to queue
[2024-12-09T13:23:26.626+0000] {logging_mixin.py:190} INFO - [2024-12-09T13:23:26.626+0000] {dagbag.py:588} INFO - Filling up the DagBag from /home/airflow/.local/lib/python3.12/site-packages/airflow/example_dags/example_short_circuit_operator.py
[2024-12-09T13:23:26.632+0000] {processor.py:925} INFO - DAG(s) 'example_short_circuit_operator' retrieved from /home/airflow/.local/lib/python3.12/site-packages/airflow/example_dags/example_short_circuit_operator.py
[2024-12-09T13:23:26.650+0000] {logging_mixin.py:190} INFO - [2024-12-09T13:23:26.650+0000] {dag.py:3239} INFO - Sync 1 DAGs
[2024-12-09T13:23:26.661+0000] {logging_mixin.py:190} INFO - [2024-12-09T13:23:26.661+0000] {dag.py:4180} INFO - Setting next_dagrun for example_short_circuit_operator to None, run_after=None
[2024-12-09T13:23:26.676+0000] {processor.py:208} INFO - Processing /home/airflow/.local/lib/python3.12/site-packages/airflow/example_dags/example_short_circuit_operator.py took 0.056 seconds
[2024-12-09T13:23:59.140+0000] {processor.py:186} INFO - Started process (PID=1049) to work on /home/airflow/.local/lib/python3.12/site-packages/airflow/example_dags/example_short_circuit_operator.py
[2024-12-09T13:23:59.141+0000] {processor.py:914} INFO - Processing file /home/airflow/.local/lib/python3.12/site-packages/airflow/example_dags/example_short_circuit_operator.py for tasks to queue
[2024-12-09T13:23:59.142+0000] {logging_mixin.py:190} INFO - [2024-12-09T13:23:59.142+0000] {dagbag.py:588} INFO - Filling up the DagBag from /home/airflow/.local/lib/python3.12/site-packages/airflow/example_dags/example_short_circuit_operator.py
[2024-12-09T13:23:59.149+0000] {processor.py:925} INFO - DAG(s) 'example_short_circuit_operator' retrieved from /home/airflow/.local/lib/python3.12/site-packages/airflow/example_dags/example_short_circuit_operator.py
[2024-12-09T13:23:59.168+0000] {logging_mixin.py:190} INFO - [2024-12-09T13:23:59.168+0000] {dag.py:3239} INFO - Sync 1 DAGs
[2024-12-09T13:23:59.179+0000] {logging_mixin.py:190} INFO - [2024-12-09T13:23:59.179+0000] {dag.py:4180} INFO - Setting next_dagrun for example_short_circuit_operator to None, run_after=None
[2024-12-09T13:23:59.194+0000] {processor.py:208} INFO - Processing /home/airflow/.local/lib/python3.12/site-packages/airflow/example_dags/example_short_circuit_operator.py took 0.058 seconds
[2024-12-09T13:24:32.282+0000] {processor.py:186} INFO - Started process (PID=1112) to work on /home/airflow/.local/lib/python3.12/site-packages/airflow/example_dags/example_short_circuit_operator.py
[2024-12-09T13:24:32.283+0000] {processor.py:914} INFO - Processing file /home/airflow/.local/lib/python3.12/site-packages/airflow/example_dags/example_short_circuit_operator.py for tasks to queue
[2024-12-09T13:24:32.285+0000] {logging_mixin.py:190} INFO - [2024-12-09T13:24:32.285+0000] {dagbag.py:588} INFO - Filling up the DagBag from /home/airflow/.local/lib/python3.12/site-packages/airflow/example_dags/example_short_circuit_operator.py
[2024-12-09T13:24:32.291+0000] {processor.py:925} INFO - DAG(s) 'example_short_circuit_operator' retrieved from /home/airflow/.local/lib/python3.12/site-packages/airflow/example_dags/example_short_circuit_operator.py
[2024-12-09T13:24:32.310+0000] {logging_mixin.py:190} INFO - [2024-12-09T13:24:32.310+0000] {dag.py:3239} INFO - Sync 1 DAGs
[2024-12-09T13:24:32.322+0000] {logging_mixin.py:190} INFO - [2024-12-09T13:24:32.321+0000] {dag.py:4180} INFO - Setting next_dagrun for example_short_circuit_operator to None, run_after=None
[2024-12-09T13:24:32.336+0000] {processor.py:208} INFO - Processing /home/airflow/.local/lib/python3.12/site-packages/airflow/example_dags/example_short_circuit_operator.py took 0.058 seconds
[2024-12-09T13:25:04.863+0000] {processor.py:186} INFO - Started process (PID=1175) to work on /home/airflow/.local/lib/python3.12/site-packages/airflow/example_dags/example_short_circuit_operator.py
[2024-12-09T13:25:04.864+0000] {processor.py:914} INFO - Processing file /home/airflow/.local/lib/python3.12/site-packages/airflow/example_dags/example_short_circuit_operator.py for tasks to queue
[2024-12-09T13:25:04.866+0000] {logging_mixin.py:190} INFO - [2024-12-09T13:25:04.865+0000] {dagbag.py:588} INFO - Filling up the DagBag from /home/airflow/.local/lib/python3.12/site-packages/airflow/example_dags/example_short_circuit_operator.py
[2024-12-09T13:25:04.872+0000] {processor.py:925} INFO - DAG(s) 'example_short_circuit_operator' retrieved from /home/airflow/.local/lib/python3.12/site-packages/airflow/example_dags/example_short_circuit_operator.py
[2024-12-09T13:25:04.891+0000] {logging_mixin.py:190} INFO - [2024-12-09T13:25:04.890+0000] {dag.py:3239} INFO - Sync 1 DAGs
[2024-12-09T13:25:04.902+0000] {logging_mixin.py:190} INFO - [2024-12-09T13:25:04.902+0000] {dag.py:4180} INFO - Setting next_dagrun for example_short_circuit_operator to None, run_after=None
[2024-12-09T13:25:04.917+0000] {processor.py:208} INFO - Processing /home/airflow/.local/lib/python3.12/site-packages/airflow/example_dags/example_short_circuit_operator.py took 0.058 seconds
[2024-12-09T13:25:37.396+0000] {processor.py:186} INFO - Started process (PID=1238) to work on /home/airflow/.local/lib/python3.12/site-packages/airflow/example_dags/example_short_circuit_operator.py
[2024-12-09T13:25:37.396+0000] {processor.py:914} INFO - Processing file /home/airflow/.local/lib/python3.12/site-packages/airflow/example_dags/example_short_circuit_operator.py for tasks to queue
[2024-12-09T13:25:37.398+0000] {logging_mixin.py:190} INFO - [2024-12-09T13:25:37.398+0000] {dagbag.py:588} INFO - Filling up the DagBag from /home/airflow/.local/lib/python3.12/site-packages/airflow/example_dags/example_short_circuit_operator.py
[2024-12-09T13:25:37.405+0000] {processor.py:925} INFO - DAG(s) 'example_short_circuit_operator' retrieved from /home/airflow/.local/lib/python3.12/site-packages/airflow/example_dags/example_short_circuit_operator.py
[2024-12-09T13:25:37.423+0000] {logging_mixin.py:190} INFO - [2024-12-09T13:25:37.423+0000] {dag.py:3239} INFO - Sync 1 DAGs
[2024-12-09T13:25:37.435+0000] {logging_mixin.py:190} INFO - [2024-12-09T13:25:37.435+0000] {dag.py:4180} INFO - Setting next_dagrun for example_short_circuit_operator to None, run_after=None
[2024-12-09T13:25:37.450+0000] {processor.py:208} INFO - Processing /home/airflow/.local/lib/python3.12/site-packages/airflow/example_dags/example_short_circuit_operator.py took 0.059 seconds
[2024-12-09T13:26:10.694+0000] {processor.py:186} INFO - Started process (PID=1301) to work on /home/airflow/.local/lib/python3.12/site-packages/airflow/example_dags/example_short_circuit_operator.py
[2024-12-09T13:26:10.695+0000] {processor.py:914} INFO - Processing file /home/airflow/.local/lib/python3.12/site-packages/airflow/example_dags/example_short_circuit_operator.py for tasks to queue
[2024-12-09T13:26:10.697+0000] {logging_mixin.py:190} INFO - [2024-12-09T13:26:10.697+0000] {dagbag.py:588} INFO - Filling up the DagBag from /home/airflow/.local/lib/python3.12/site-packages/airflow/example_dags/example_short_circuit_operator.py
[2024-12-09T13:26:10.704+0000] {processor.py:925} INFO - DAG(s) 'example_short_circuit_operator' retrieved from /home/airflow/.local/lib/python3.12/site-packages/airflow/example_dags/example_short_circuit_operator.py
[2024-12-09T13:26:10.722+0000] {logging_mixin.py:190} INFO - [2024-12-09T13:26:10.722+0000] {dag.py:3239} INFO - Sync 1 DAGs
[2024-12-09T13:26:10.734+0000] {logging_mixin.py:190} INFO - [2024-12-09T13:26:10.733+0000] {dag.py:4180} INFO - Setting next_dagrun for example_short_circuit_operator to None, run_after=None
[2024-12-09T13:26:10.749+0000] {processor.py:208} INFO - Processing /home/airflow/.local/lib/python3.12/site-packages/airflow/example_dags/example_short_circuit_operator.py took 0.059 seconds
[2024-12-09T13:26:42.849+0000] {processor.py:186} INFO - Started process (PID=1364) to work on /home/airflow/.local/lib/python3.12/site-packages/airflow/example_dags/example_short_circuit_operator.py
[2024-12-09T13:26:42.849+0000] {processor.py:914} INFO - Processing file /home/airflow/.local/lib/python3.12/site-packages/airflow/example_dags/example_short_circuit_operator.py for tasks to queue
[2024-12-09T13:26:42.851+0000] {logging_mixin.py:190} INFO - [2024-12-09T13:26:42.851+0000] {dagbag.py:588} INFO - Filling up the DagBag from /home/airflow/.local/lib/python3.12/site-packages/airflow/example_dags/example_short_circuit_operator.py
[2024-12-09T13:26:42.857+0000] {processor.py:925} INFO - DAG(s) 'example_short_circuit_operator' retrieved from /home/airflow/.local/lib/python3.12/site-packages/airflow/example_dags/example_short_circuit_operator.py
[2024-12-09T13:26:42.875+0000] {logging_mixin.py:190} INFO - [2024-12-09T13:26:42.875+0000] {dag.py:3239} INFO - Sync 1 DAGs
[2024-12-09T13:26:42.886+0000] {logging_mixin.py:190} INFO - [2024-12-09T13:26:42.886+0000] {dag.py:4180} INFO - Setting next_dagrun for example_short_circuit_operator to None, run_after=None
[2024-12-09T13:26:42.900+0000] {processor.py:208} INFO - Processing /home/airflow/.local/lib/python3.12/site-packages/airflow/example_dags/example_short_circuit_operator.py took 0.055 seconds
[2024-12-09T13:27:15.543+0000] {processor.py:186} INFO - Started process (PID=1427) to work on /home/airflow/.local/lib/python3.12/site-packages/airflow/example_dags/example_short_circuit_operator.py
[2024-12-09T13:27:15.544+0000] {processor.py:914} INFO - Processing file /home/airflow/.local/lib/python3.12/site-packages/airflow/example_dags/example_short_circuit_operator.py for tasks to queue
[2024-12-09T13:27:15.546+0000] {logging_mixin.py:190} INFO - [2024-12-09T13:27:15.545+0000] {dagbag.py:588} INFO - Filling up the DagBag from /home/airflow/.local/lib/python3.12/site-packages/airflow/example_dags/example_short_circuit_operator.py
[2024-12-09T13:27:15.552+0000] {processor.py:925} INFO - DAG(s) 'example_short_circuit_operator' retrieved from /home/airflow/.local/lib/python3.12/site-packages/airflow/example_dags/example_short_circuit_operator.py
[2024-12-09T13:27:15.571+0000] {logging_mixin.py:190} INFO - [2024-12-09T13:27:15.571+0000] {dag.py:3239} INFO - Sync 1 DAGs
[2024-12-09T13:27:15.583+0000] {logging_mixin.py:190} INFO - [2024-12-09T13:27:15.583+0000] {dag.py:4180} INFO - Setting next_dagrun for example_short_circuit_operator to None, run_after=None
[2024-12-09T13:27:15.599+0000] {processor.py:208} INFO - Processing /home/airflow/.local/lib/python3.12/site-packages/airflow/example_dags/example_short_circuit_operator.py took 0.060 seconds
