[2024-12-09T13:15:48.574+0000] {processor.py:186} INFO - Started process (PID=105) to work on /home/airflow/.local/lib/python3.12/site-packages/airflow/example_dags/example_bash_decorator.py
[2024-12-09T13:15:48.575+0000] {processor.py:914} INFO - Processing file /home/airflow/.local/lib/python3.12/site-packages/airflow/example_dags/example_bash_decorator.py for tasks to queue
[2024-12-09T13:15:48.578+0000] {logging_mixin.py:190} INFO - [2024-12-09T13:15:48.577+0000] {dagbag.py:588} INFO - Filling up the DagBag from /home/airflow/.local/lib/python3.12/site-packages/airflow/example_dags/example_bash_decorator.py
[2024-12-09T13:15:48.594+0000] {processor.py:925} INFO - DAG(s) 'example_bash_decorator' retrieved from /home/airflow/.local/lib/python3.12/site-packages/airflow/example_dags/example_bash_decorator.py
[2024-12-09T13:15:48.708+0000] {logging_mixin.py:190} INFO - [2024-12-09T13:15:48.707+0000] {override.py:1911} INFO - Created Permission View: can delete on DAG:example_bash_decorator
[2024-12-09T13:15:48.719+0000] {logging_mixin.py:190} INFO - [2024-12-09T13:15:48.718+0000] {override.py:1911} INFO - Created Permission View: can edit on DAG:example_bash_decorator
[2024-12-09T13:15:48.728+0000] {logging_mixin.py:190} INFO - [2024-12-09T13:15:48.728+0000] {override.py:1911} INFO - Created Permission View: can read on DAG:example_bash_decorator
[2024-12-09T13:15:48.737+0000] {logging_mixin.py:190} INFO - [2024-12-09T13:15:48.736+0000] {override.py:1911} INFO - Created Permission View: menu access on DAG Run:example_bash_decorator
[2024-12-09T13:15:48.744+0000] {logging_mixin.py:190} INFO - [2024-12-09T13:15:48.744+0000] {override.py:1911} INFO - Created Permission View: can create on DAG Run:example_bash_decorator
[2024-12-09T13:15:48.752+0000] {logging_mixin.py:190} INFO - [2024-12-09T13:15:48.751+0000] {override.py:1911} INFO - Created Permission View: can delete on DAG Run:example_bash_decorator
[2024-12-09T13:15:48.760+0000] {logging_mixin.py:190} INFO - [2024-12-09T13:15:48.760+0000] {override.py:1911} INFO - Created Permission View: can read on DAG Run:example_bash_decorator
[2024-12-09T13:15:48.761+0000] {logging_mixin.py:190} INFO - [2024-12-09T13:15:48.761+0000] {dag.py:3239} INFO - Sync 1 DAGs
[2024-12-09T13:15:48.776+0000] {logging_mixin.py:190} INFO - [2024-12-09T13:15:48.776+0000] {dag.py:3262} INFO - Creating ORM DAG for example_bash_decorator
[2024-12-09T13:15:48.778+0000] {logging_mixin.py:190} INFO - [2024-12-09T13:15:48.777+0000] {dag.py:4180} INFO - Setting next_dagrun for example_bash_decorator to None, run_after=None
[2024-12-09T13:15:48.798+0000] {processor.py:208} INFO - Processing /home/airflow/.local/lib/python3.12/site-packages/airflow/example_dags/example_bash_decorator.py took 0.230 seconds
[2024-12-09T13:16:21.126+0000] {processor.py:186} INFO - Started process (PID=168) to work on /home/airflow/.local/lib/python3.12/site-packages/airflow/example_dags/example_bash_decorator.py
[2024-12-09T13:16:21.127+0000] {processor.py:914} INFO - Processing file /home/airflow/.local/lib/python3.12/site-packages/airflow/example_dags/example_bash_decorator.py for tasks to queue
[2024-12-09T13:16:21.129+0000] {logging_mixin.py:190} INFO - [2024-12-09T13:16:21.128+0000] {dagbag.py:588} INFO - Filling up the DagBag from /home/airflow/.local/lib/python3.12/site-packages/airflow/example_dags/example_bash_decorator.py
[2024-12-09T13:16:21.140+0000] {processor.py:925} INFO - DAG(s) 'example_bash_decorator' retrieved from /home/airflow/.local/lib/python3.12/site-packages/airflow/example_dags/example_bash_decorator.py
[2024-12-09T13:16:21.160+0000] {logging_mixin.py:190} INFO - [2024-12-09T13:16:21.160+0000] {dag.py:3239} INFO - Sync 1 DAGs
[2024-12-09T13:16:21.172+0000] {logging_mixin.py:190} INFO - [2024-12-09T13:16:21.172+0000] {dag.py:4180} INFO - Setting next_dagrun for example_bash_decorator to None, run_after=None
[2024-12-09T13:16:21.187+0000] {processor.py:208} INFO - Processing /home/airflow/.local/lib/python3.12/site-packages/airflow/example_dags/example_bash_decorator.py took 0.065 seconds
[2024-12-09T13:16:54.001+0000] {processor.py:186} INFO - Started process (PID=231) to work on /home/airflow/.local/lib/python3.12/site-packages/airflow/example_dags/example_bash_decorator.py
[2024-12-09T13:16:54.002+0000] {processor.py:914} INFO - Processing file /home/airflow/.local/lib/python3.12/site-packages/airflow/example_dags/example_bash_decorator.py for tasks to queue
[2024-12-09T13:16:54.003+0000] {logging_mixin.py:190} INFO - [2024-12-09T13:16:54.003+0000] {dagbag.py:588} INFO - Filling up the DagBag from /home/airflow/.local/lib/python3.12/site-packages/airflow/example_dags/example_bash_decorator.py
[2024-12-09T13:16:54.015+0000] {processor.py:925} INFO - DAG(s) 'example_bash_decorator' retrieved from /home/airflow/.local/lib/python3.12/site-packages/airflow/example_dags/example_bash_decorator.py
[2024-12-09T13:16:54.035+0000] {logging_mixin.py:190} INFO - [2024-12-09T13:16:54.034+0000] {dag.py:3239} INFO - Sync 1 DAGs
[2024-12-09T13:16:54.047+0000] {logging_mixin.py:190} INFO - [2024-12-09T13:16:54.046+0000] {dag.py:4180} INFO - Setting next_dagrun for example_bash_decorator to None, run_after=None
[2024-12-09T13:16:54.061+0000] {processor.py:208} INFO - Processing /home/airflow/.local/lib/python3.12/site-packages/airflow/example_dags/example_bash_decorator.py took 0.065 seconds
[2024-12-09T13:17:27.084+0000] {processor.py:186} INFO - Started process (PID=294) to work on /home/airflow/.local/lib/python3.12/site-packages/airflow/example_dags/example_bash_decorator.py
[2024-12-09T13:17:27.084+0000] {processor.py:914} INFO - Processing file /home/airflow/.local/lib/python3.12/site-packages/airflow/example_dags/example_bash_decorator.py for tasks to queue
[2024-12-09T13:17:27.086+0000] {logging_mixin.py:190} INFO - [2024-12-09T13:17:27.086+0000] {dagbag.py:588} INFO - Filling up the DagBag from /home/airflow/.local/lib/python3.12/site-packages/airflow/example_dags/example_bash_decorator.py
[2024-12-09T13:17:27.098+0000] {processor.py:925} INFO - DAG(s) 'example_bash_decorator' retrieved from /home/airflow/.local/lib/python3.12/site-packages/airflow/example_dags/example_bash_decorator.py
[2024-12-09T13:17:27.119+0000] {logging_mixin.py:190} INFO - [2024-12-09T13:17:27.119+0000] {dag.py:3239} INFO - Sync 1 DAGs
[2024-12-09T13:17:27.132+0000] {logging_mixin.py:190} INFO - [2024-12-09T13:17:27.132+0000] {dag.py:4180} INFO - Setting next_dagrun for example_bash_decorator to None, run_after=None
[2024-12-09T13:17:27.150+0000] {processor.py:208} INFO - Processing /home/airflow/.local/lib/python3.12/site-packages/airflow/example_dags/example_bash_decorator.py took 0.071 seconds
[2024-12-09T13:17:59.363+0000] {processor.py:186} INFO - Started process (PID=357) to work on /home/airflow/.local/lib/python3.12/site-packages/airflow/example_dags/example_bash_decorator.py
[2024-12-09T13:17:59.364+0000] {processor.py:914} INFO - Processing file /home/airflow/.local/lib/python3.12/site-packages/airflow/example_dags/example_bash_decorator.py for tasks to queue
[2024-12-09T13:17:59.366+0000] {logging_mixin.py:190} INFO - [2024-12-09T13:17:59.365+0000] {dagbag.py:588} INFO - Filling up the DagBag from /home/airflow/.local/lib/python3.12/site-packages/airflow/example_dags/example_bash_decorator.py
[2024-12-09T13:17:59.378+0000] {processor.py:925} INFO - DAG(s) 'example_bash_decorator' retrieved from /home/airflow/.local/lib/python3.12/site-packages/airflow/example_dags/example_bash_decorator.py
[2024-12-09T13:17:59.399+0000] {logging_mixin.py:190} INFO - [2024-12-09T13:17:59.399+0000] {dag.py:3239} INFO - Sync 1 DAGs
[2024-12-09T13:17:59.412+0000] {logging_mixin.py:190} INFO - [2024-12-09T13:17:59.412+0000] {dag.py:4180} INFO - Setting next_dagrun for example_bash_decorator to None, run_after=None
[2024-12-09T13:17:59.427+0000] {processor.py:208} INFO - Processing /home/airflow/.local/lib/python3.12/site-packages/airflow/example_dags/example_bash_decorator.py took 0.069 seconds
[2024-12-09T13:18:32.314+0000] {processor.py:186} INFO - Started process (PID=420) to work on /home/airflow/.local/lib/python3.12/site-packages/airflow/example_dags/example_bash_decorator.py
[2024-12-09T13:18:32.315+0000] {processor.py:914} INFO - Processing file /home/airflow/.local/lib/python3.12/site-packages/airflow/example_dags/example_bash_decorator.py for tasks to queue
[2024-12-09T13:18:32.317+0000] {logging_mixin.py:190} INFO - [2024-12-09T13:18:32.316+0000] {dagbag.py:588} INFO - Filling up the DagBag from /home/airflow/.local/lib/python3.12/site-packages/airflow/example_dags/example_bash_decorator.py
[2024-12-09T13:18:32.328+0000] {processor.py:925} INFO - DAG(s) 'example_bash_decorator' retrieved from /home/airflow/.local/lib/python3.12/site-packages/airflow/example_dags/example_bash_decorator.py
[2024-12-09T13:18:32.347+0000] {logging_mixin.py:190} INFO - [2024-12-09T13:18:32.347+0000] {dag.py:3239} INFO - Sync 1 DAGs
[2024-12-09T13:18:32.360+0000] {logging_mixin.py:190} INFO - [2024-12-09T13:18:32.359+0000] {dag.py:4180} INFO - Setting next_dagrun for example_bash_decorator to None, run_after=None
[2024-12-09T13:18:32.374+0000] {processor.py:208} INFO - Processing /home/airflow/.local/lib/python3.12/site-packages/airflow/example_dags/example_bash_decorator.py took 0.064 seconds
[2024-12-09T13:19:05.206+0000] {processor.py:186} INFO - Started process (PID=483) to work on /home/airflow/.local/lib/python3.12/site-packages/airflow/example_dags/example_bash_decorator.py
[2024-12-09T13:19:05.207+0000] {processor.py:914} INFO - Processing file /home/airflow/.local/lib/python3.12/site-packages/airflow/example_dags/example_bash_decorator.py for tasks to queue
[2024-12-09T13:19:05.209+0000] {logging_mixin.py:190} INFO - [2024-12-09T13:19:05.209+0000] {dagbag.py:588} INFO - Filling up the DagBag from /home/airflow/.local/lib/python3.12/site-packages/airflow/example_dags/example_bash_decorator.py
[2024-12-09T13:19:05.221+0000] {processor.py:925} INFO - DAG(s) 'example_bash_decorator' retrieved from /home/airflow/.local/lib/python3.12/site-packages/airflow/example_dags/example_bash_decorator.py
[2024-12-09T13:19:05.241+0000] {logging_mixin.py:190} INFO - [2024-12-09T13:19:05.241+0000] {dag.py:3239} INFO - Sync 1 DAGs
[2024-12-09T13:19:05.253+0000] {logging_mixin.py:190} INFO - [2024-12-09T13:19:05.253+0000] {dag.py:4180} INFO - Setting next_dagrun for example_bash_decorator to None, run_after=None
[2024-12-09T13:19:05.268+0000] {processor.py:208} INFO - Processing /home/airflow/.local/lib/python3.12/site-packages/airflow/example_dags/example_bash_decorator.py took 0.066 seconds
[2024-12-09T13:19:38.241+0000] {processor.py:186} INFO - Started process (PID=546) to work on /home/airflow/.local/lib/python3.12/site-packages/airflow/example_dags/example_bash_decorator.py
[2024-12-09T13:19:38.242+0000] {processor.py:914} INFO - Processing file /home/airflow/.local/lib/python3.12/site-packages/airflow/example_dags/example_bash_decorator.py for tasks to queue
[2024-12-09T13:19:38.244+0000] {logging_mixin.py:190} INFO - [2024-12-09T13:19:38.243+0000] {dagbag.py:588} INFO - Filling up the DagBag from /home/airflow/.local/lib/python3.12/site-packages/airflow/example_dags/example_bash_decorator.py
[2024-12-09T13:19:38.255+0000] {processor.py:925} INFO - DAG(s) 'example_bash_decorator' retrieved from /home/airflow/.local/lib/python3.12/site-packages/airflow/example_dags/example_bash_decorator.py
[2024-12-09T13:19:38.276+0000] {logging_mixin.py:190} INFO - [2024-12-09T13:19:38.275+0000] {dag.py:3239} INFO - Sync 1 DAGs
[2024-12-09T13:19:38.288+0000] {logging_mixin.py:190} INFO - [2024-12-09T13:19:38.288+0000] {dag.py:4180} INFO - Setting next_dagrun for example_bash_decorator to None, run_after=None
[2024-12-09T13:19:38.302+0000] {processor.py:208} INFO - Processing /home/airflow/.local/lib/python3.12/site-packages/airflow/example_dags/example_bash_decorator.py took 0.066 seconds
[2024-12-09T13:20:10.694+0000] {processor.py:186} INFO - Started process (PID=609) to work on /home/airflow/.local/lib/python3.12/site-packages/airflow/example_dags/example_bash_decorator.py
[2024-12-09T13:20:10.694+0000] {processor.py:914} INFO - Processing file /home/airflow/.local/lib/python3.12/site-packages/airflow/example_dags/example_bash_decorator.py for tasks to queue
[2024-12-09T13:20:10.696+0000] {logging_mixin.py:190} INFO - [2024-12-09T13:20:10.696+0000] {dagbag.py:588} INFO - Filling up the DagBag from /home/airflow/.local/lib/python3.12/site-packages/airflow/example_dags/example_bash_decorator.py
[2024-12-09T13:20:10.707+0000] {processor.py:925} INFO - DAG(s) 'example_bash_decorator' retrieved from /home/airflow/.local/lib/python3.12/site-packages/airflow/example_dags/example_bash_decorator.py
[2024-12-09T13:20:10.726+0000] {logging_mixin.py:190} INFO - [2024-12-09T13:20:10.726+0000] {dag.py:3239} INFO - Sync 1 DAGs
[2024-12-09T13:20:10.738+0000] {logging_mixin.py:190} INFO - [2024-12-09T13:20:10.738+0000] {dag.py:4180} INFO - Setting next_dagrun for example_bash_decorator to None, run_after=None
[2024-12-09T13:20:10.752+0000] {processor.py:208} INFO - Processing /home/airflow/.local/lib/python3.12/site-packages/airflow/example_dags/example_bash_decorator.py took 0.063 seconds
[2024-12-09T13:20:43.491+0000] {processor.py:186} INFO - Started process (PID=672) to work on /home/airflow/.local/lib/python3.12/site-packages/airflow/example_dags/example_bash_decorator.py
[2024-12-09T13:20:43.492+0000] {processor.py:914} INFO - Processing file /home/airflow/.local/lib/python3.12/site-packages/airflow/example_dags/example_bash_decorator.py for tasks to queue
[2024-12-09T13:20:43.494+0000] {logging_mixin.py:190} INFO - [2024-12-09T13:20:43.494+0000] {dagbag.py:588} INFO - Filling up the DagBag from /home/airflow/.local/lib/python3.12/site-packages/airflow/example_dags/example_bash_decorator.py
[2024-12-09T13:20:43.505+0000] {processor.py:925} INFO - DAG(s) 'example_bash_decorator' retrieved from /home/airflow/.local/lib/python3.12/site-packages/airflow/example_dags/example_bash_decorator.py
[2024-12-09T13:20:43.524+0000] {logging_mixin.py:190} INFO - [2024-12-09T13:20:43.524+0000] {dag.py:3239} INFO - Sync 1 DAGs
[2024-12-09T13:20:43.536+0000] {logging_mixin.py:190} INFO - [2024-12-09T13:20:43.535+0000] {dag.py:4180} INFO - Setting next_dagrun for example_bash_decorator to None, run_after=None
[2024-12-09T13:20:43.549+0000] {processor.py:208} INFO - Processing /home/airflow/.local/lib/python3.12/site-packages/airflow/example_dags/example_bash_decorator.py took 0.063 seconds
[2024-12-09T13:21:15.918+0000] {processor.py:186} INFO - Started process (PID=735) to work on /home/airflow/.local/lib/python3.12/site-packages/airflow/example_dags/example_bash_decorator.py
[2024-12-09T13:21:15.918+0000] {processor.py:914} INFO - Processing file /home/airflow/.local/lib/python3.12/site-packages/airflow/example_dags/example_bash_decorator.py for tasks to queue
[2024-12-09T13:21:15.920+0000] {logging_mixin.py:190} INFO - [2024-12-09T13:21:15.920+0000] {dagbag.py:588} INFO - Filling up the DagBag from /home/airflow/.local/lib/python3.12/site-packages/airflow/example_dags/example_bash_decorator.py
[2024-12-09T13:21:15.931+0000] {processor.py:925} INFO - DAG(s) 'example_bash_decorator' retrieved from /home/airflow/.local/lib/python3.12/site-packages/airflow/example_dags/example_bash_decorator.py
[2024-12-09T13:21:15.952+0000] {logging_mixin.py:190} INFO - [2024-12-09T13:21:15.952+0000] {dag.py:3239} INFO - Sync 1 DAGs
[2024-12-09T13:21:15.966+0000] {logging_mixin.py:190} INFO - [2024-12-09T13:21:15.965+0000] {dag.py:4180} INFO - Setting next_dagrun for example_bash_decorator to None, run_after=None
[2024-12-09T13:21:15.981+0000] {processor.py:208} INFO - Processing /home/airflow/.local/lib/python3.12/site-packages/airflow/example_dags/example_bash_decorator.py took 0.068 seconds
[2024-12-09T13:21:49.271+0000] {processor.py:186} INFO - Started process (PID=800) to work on /home/airflow/.local/lib/python3.12/site-packages/airflow/example_dags/example_bash_decorator.py
[2024-12-09T13:21:49.272+0000] {processor.py:914} INFO - Processing file /home/airflow/.local/lib/python3.12/site-packages/airflow/example_dags/example_bash_decorator.py for tasks to queue
[2024-12-09T13:21:49.274+0000] {logging_mixin.py:190} INFO - [2024-12-09T13:21:49.274+0000] {dagbag.py:588} INFO - Filling up the DagBag from /home/airflow/.local/lib/python3.12/site-packages/airflow/example_dags/example_bash_decorator.py
[2024-12-09T13:21:49.286+0000] {processor.py:925} INFO - DAG(s) 'example_bash_decorator' retrieved from /home/airflow/.local/lib/python3.12/site-packages/airflow/example_dags/example_bash_decorator.py
[2024-12-09T13:21:49.304+0000] {logging_mixin.py:190} INFO - [2024-12-09T13:21:49.304+0000] {dag.py:3239} INFO - Sync 1 DAGs
[2024-12-09T13:21:49.317+0000] {logging_mixin.py:190} INFO - [2024-12-09T13:21:49.316+0000] {dag.py:4180} INFO - Setting next_dagrun for example_bash_decorator to None, run_after=None
[2024-12-09T13:21:49.330+0000] {processor.py:208} INFO - Processing /home/airflow/.local/lib/python3.12/site-packages/airflow/example_dags/example_bash_decorator.py took 0.063 seconds
[2024-12-09T13:22:22.470+0000] {processor.py:186} INFO - Started process (PID=872) to work on /home/airflow/.local/lib/python3.12/site-packages/airflow/example_dags/example_bash_decorator.py
[2024-12-09T13:22:22.471+0000] {processor.py:914} INFO - Processing file /home/airflow/.local/lib/python3.12/site-packages/airflow/example_dags/example_bash_decorator.py for tasks to queue
[2024-12-09T13:22:22.473+0000] {logging_mixin.py:190} INFO - [2024-12-09T13:22:22.473+0000] {dagbag.py:588} INFO - Filling up the DagBag from /home/airflow/.local/lib/python3.12/site-packages/airflow/example_dags/example_bash_decorator.py
[2024-12-09T13:22:22.485+0000] {processor.py:925} INFO - DAG(s) 'example_bash_decorator' retrieved from /home/airflow/.local/lib/python3.12/site-packages/airflow/example_dags/example_bash_decorator.py
[2024-12-09T13:22:22.505+0000] {logging_mixin.py:190} INFO - [2024-12-09T13:22:22.505+0000] {dag.py:3239} INFO - Sync 1 DAGs
[2024-12-09T13:22:22.517+0000] {logging_mixin.py:190} INFO - [2024-12-09T13:22:22.517+0000] {dag.py:4180} INFO - Setting next_dagrun for example_bash_decorator to None, run_after=None
[2024-12-09T13:22:22.532+0000] {processor.py:208} INFO - Processing /home/airflow/.local/lib/python3.12/site-packages/airflow/example_dags/example_bash_decorator.py took 0.066 seconds
[2024-12-09T13:22:54.592+0000] {processor.py:186} INFO - Started process (PID=935) to work on /home/airflow/.local/lib/python3.12/site-packages/airflow/example_dags/example_bash_decorator.py
[2024-12-09T13:22:54.593+0000] {processor.py:914} INFO - Processing file /home/airflow/.local/lib/python3.12/site-packages/airflow/example_dags/example_bash_decorator.py for tasks to queue
[2024-12-09T13:22:54.595+0000] {logging_mixin.py:190} INFO - [2024-12-09T13:22:54.594+0000] {dagbag.py:588} INFO - Filling up the DagBag from /home/airflow/.local/lib/python3.12/site-packages/airflow/example_dags/example_bash_decorator.py
[2024-12-09T13:22:54.607+0000] {processor.py:925} INFO - DAG(s) 'example_bash_decorator' retrieved from /home/airflow/.local/lib/python3.12/site-packages/airflow/example_dags/example_bash_decorator.py
[2024-12-09T13:22:54.628+0000] {logging_mixin.py:190} INFO - [2024-12-09T13:22:54.628+0000] {dag.py:3239} INFO - Sync 1 DAGs
[2024-12-09T13:22:54.640+0000] {logging_mixin.py:190} INFO - [2024-12-09T13:22:54.640+0000] {dag.py:4180} INFO - Setting next_dagrun for example_bash_decorator to None, run_after=None
[2024-12-09T13:22:54.656+0000] {processor.py:208} INFO - Processing /home/airflow/.local/lib/python3.12/site-packages/airflow/example_dags/example_bash_decorator.py took 0.068 seconds
[2024-12-09T13:23:27.454+0000] {processor.py:186} INFO - Started process (PID=998) to work on /home/airflow/.local/lib/python3.12/site-packages/airflow/example_dags/example_bash_decorator.py
[2024-12-09T13:23:27.455+0000] {processor.py:914} INFO - Processing file /home/airflow/.local/lib/python3.12/site-packages/airflow/example_dags/example_bash_decorator.py for tasks to queue
[2024-12-09T13:23:27.457+0000] {logging_mixin.py:190} INFO - [2024-12-09T13:23:27.456+0000] {dagbag.py:588} INFO - Filling up the DagBag from /home/airflow/.local/lib/python3.12/site-packages/airflow/example_dags/example_bash_decorator.py
[2024-12-09T13:23:27.468+0000] {processor.py:925} INFO - DAG(s) 'example_bash_decorator' retrieved from /home/airflow/.local/lib/python3.12/site-packages/airflow/example_dags/example_bash_decorator.py
[2024-12-09T13:23:27.488+0000] {logging_mixin.py:190} INFO - [2024-12-09T13:23:27.488+0000] {dag.py:3239} INFO - Sync 1 DAGs
[2024-12-09T13:23:27.502+0000] {logging_mixin.py:190} INFO - [2024-12-09T13:23:27.502+0000] {dag.py:4180} INFO - Setting next_dagrun for example_bash_decorator to None, run_after=None
[2024-12-09T13:23:27.518+0000] {processor.py:208} INFO - Processing /home/airflow/.local/lib/python3.12/site-packages/airflow/example_dags/example_bash_decorator.py took 0.069 seconds
[2024-12-09T13:24:00.107+0000] {processor.py:186} INFO - Started process (PID=1061) to work on /home/airflow/.local/lib/python3.12/site-packages/airflow/example_dags/example_bash_decorator.py
[2024-12-09T13:24:00.108+0000] {processor.py:914} INFO - Processing file /home/airflow/.local/lib/python3.12/site-packages/airflow/example_dags/example_bash_decorator.py for tasks to queue
[2024-12-09T13:24:00.110+0000] {logging_mixin.py:190} INFO - [2024-12-09T13:24:00.110+0000] {dagbag.py:588} INFO - Filling up the DagBag from /home/airflow/.local/lib/python3.12/site-packages/airflow/example_dags/example_bash_decorator.py
[2024-12-09T13:24:00.122+0000] {processor.py:925} INFO - DAG(s) 'example_bash_decorator' retrieved from /home/airflow/.local/lib/python3.12/site-packages/airflow/example_dags/example_bash_decorator.py
[2024-12-09T13:24:00.141+0000] {logging_mixin.py:190} INFO - [2024-12-09T13:24:00.141+0000] {dag.py:3239} INFO - Sync 1 DAGs
[2024-12-09T13:24:00.153+0000] {logging_mixin.py:190} INFO - [2024-12-09T13:24:00.153+0000] {dag.py:4180} INFO - Setting next_dagrun for example_bash_decorator to None, run_after=None
[2024-12-09T13:24:00.166+0000] {processor.py:208} INFO - Processing /home/airflow/.local/lib/python3.12/site-packages/airflow/example_dags/example_bash_decorator.py took 0.064 seconds
[2024-12-09T13:24:33.389+0000] {processor.py:186} INFO - Started process (PID=1124) to work on /home/airflow/.local/lib/python3.12/site-packages/airflow/example_dags/example_bash_decorator.py
[2024-12-09T13:24:33.390+0000] {processor.py:914} INFO - Processing file /home/airflow/.local/lib/python3.12/site-packages/airflow/example_dags/example_bash_decorator.py for tasks to queue
[2024-12-09T13:24:33.392+0000] {logging_mixin.py:190} INFO - [2024-12-09T13:24:33.391+0000] {dagbag.py:588} INFO - Filling up the DagBag from /home/airflow/.local/lib/python3.12/site-packages/airflow/example_dags/example_bash_decorator.py
[2024-12-09T13:24:33.403+0000] {processor.py:925} INFO - DAG(s) 'example_bash_decorator' retrieved from /home/airflow/.local/lib/python3.12/site-packages/airflow/example_dags/example_bash_decorator.py
[2024-12-09T13:24:33.422+0000] {logging_mixin.py:190} INFO - [2024-12-09T13:24:33.421+0000] {dag.py:3239} INFO - Sync 1 DAGs
[2024-12-09T13:24:33.433+0000] {logging_mixin.py:190} INFO - [2024-12-09T13:24:33.433+0000] {dag.py:4180} INFO - Setting next_dagrun for example_bash_decorator to None, run_after=None
[2024-12-09T13:24:33.447+0000] {processor.py:208} INFO - Processing /home/airflow/.local/lib/python3.12/site-packages/airflow/example_dags/example_bash_decorator.py took 0.063 seconds
[2024-12-09T13:25:05.746+0000] {processor.py:186} INFO - Started process (PID=1187) to work on /home/airflow/.local/lib/python3.12/site-packages/airflow/example_dags/example_bash_decorator.py
[2024-12-09T13:25:05.747+0000] {processor.py:914} INFO - Processing file /home/airflow/.local/lib/python3.12/site-packages/airflow/example_dags/example_bash_decorator.py for tasks to queue
[2024-12-09T13:25:05.749+0000] {logging_mixin.py:190} INFO - [2024-12-09T13:25:05.749+0000] {dagbag.py:588} INFO - Filling up the DagBag from /home/airflow/.local/lib/python3.12/site-packages/airflow/example_dags/example_bash_decorator.py
[2024-12-09T13:25:05.761+0000] {processor.py:925} INFO - DAG(s) 'example_bash_decorator' retrieved from /home/airflow/.local/lib/python3.12/site-packages/airflow/example_dags/example_bash_decorator.py
[2024-12-09T13:25:05.780+0000] {logging_mixin.py:190} INFO - [2024-12-09T13:25:05.780+0000] {dag.py:3239} INFO - Sync 1 DAGs
[2024-12-09T13:25:05.792+0000] {logging_mixin.py:190} INFO - [2024-12-09T13:25:05.792+0000] {dag.py:4180} INFO - Setting next_dagrun for example_bash_decorator to None, run_after=None
[2024-12-09T13:25:05.809+0000] {processor.py:208} INFO - Processing /home/airflow/.local/lib/python3.12/site-packages/airflow/example_dags/example_bash_decorator.py took 0.067 seconds
[2024-12-09T13:25:38.263+0000] {processor.py:186} INFO - Started process (PID=1250) to work on /home/airflow/.local/lib/python3.12/site-packages/airflow/example_dags/example_bash_decorator.py
[2024-12-09T13:25:38.263+0000] {processor.py:914} INFO - Processing file /home/airflow/.local/lib/python3.12/site-packages/airflow/example_dags/example_bash_decorator.py for tasks to queue
[2024-12-09T13:25:38.265+0000] {logging_mixin.py:190} INFO - [2024-12-09T13:25:38.265+0000] {dagbag.py:588} INFO - Filling up the DagBag from /home/airflow/.local/lib/python3.12/site-packages/airflow/example_dags/example_bash_decorator.py
[2024-12-09T13:25:38.277+0000] {processor.py:925} INFO - DAG(s) 'example_bash_decorator' retrieved from /home/airflow/.local/lib/python3.12/site-packages/airflow/example_dags/example_bash_decorator.py
[2024-12-09T13:25:38.296+0000] {logging_mixin.py:190} INFO - [2024-12-09T13:25:38.296+0000] {dag.py:3239} INFO - Sync 1 DAGs
[2024-12-09T13:25:38.309+0000] {logging_mixin.py:190} INFO - [2024-12-09T13:25:38.308+0000] {dag.py:4180} INFO - Setting next_dagrun for example_bash_decorator to None, run_after=None
[2024-12-09T13:25:38.324+0000] {processor.py:208} INFO - Processing /home/airflow/.local/lib/python3.12/site-packages/airflow/example_dags/example_bash_decorator.py took 0.066 seconds
[2024-12-09T13:26:12.068+0000] {processor.py:186} INFO - Started process (PID=1317) to work on /home/airflow/.local/lib/python3.12/site-packages/airflow/example_dags/example_bash_decorator.py
[2024-12-09T13:26:12.069+0000] {processor.py:914} INFO - Processing file /home/airflow/.local/lib/python3.12/site-packages/airflow/example_dags/example_bash_decorator.py for tasks to queue
[2024-12-09T13:26:12.071+0000] {logging_mixin.py:190} INFO - [2024-12-09T13:26:12.070+0000] {dagbag.py:588} INFO - Filling up the DagBag from /home/airflow/.local/lib/python3.12/site-packages/airflow/example_dags/example_bash_decorator.py
[2024-12-09T13:26:12.083+0000] {processor.py:925} INFO - DAG(s) 'example_bash_decorator' retrieved from /home/airflow/.local/lib/python3.12/site-packages/airflow/example_dags/example_bash_decorator.py
[2024-12-09T13:26:12.103+0000] {logging_mixin.py:190} INFO - [2024-12-09T13:26:12.103+0000] {dag.py:3239} INFO - Sync 1 DAGs
[2024-12-09T13:26:12.115+0000] {logging_mixin.py:190} INFO - [2024-12-09T13:26:12.115+0000] {dag.py:4180} INFO - Setting next_dagrun for example_bash_decorator to None, run_after=None
[2024-12-09T13:26:12.130+0000] {processor.py:208} INFO - Processing /home/airflow/.local/lib/python3.12/site-packages/airflow/example_dags/example_bash_decorator.py took 0.067 seconds
[2024-12-09T13:26:44.170+0000] {processor.py:186} INFO - Started process (PID=1380) to work on /home/airflow/.local/lib/python3.12/site-packages/airflow/example_dags/example_bash_decorator.py
[2024-12-09T13:26:44.171+0000] {processor.py:914} INFO - Processing file /home/airflow/.local/lib/python3.12/site-packages/airflow/example_dags/example_bash_decorator.py for tasks to queue
[2024-12-09T13:26:44.173+0000] {logging_mixin.py:190} INFO - [2024-12-09T13:26:44.173+0000] {dagbag.py:588} INFO - Filling up the DagBag from /home/airflow/.local/lib/python3.12/site-packages/airflow/example_dags/example_bash_decorator.py
[2024-12-09T13:26:44.185+0000] {processor.py:925} INFO - DAG(s) 'example_bash_decorator' retrieved from /home/airflow/.local/lib/python3.12/site-packages/airflow/example_dags/example_bash_decorator.py
[2024-12-09T13:26:44.204+0000] {logging_mixin.py:190} INFO - [2024-12-09T13:26:44.204+0000] {dag.py:3239} INFO - Sync 1 DAGs
[2024-12-09T13:26:44.215+0000] {logging_mixin.py:190} INFO - [2024-12-09T13:26:44.215+0000] {dag.py:4180} INFO - Setting next_dagrun for example_bash_decorator to None, run_after=None
[2024-12-09T13:26:44.230+0000] {processor.py:208} INFO - Processing /home/airflow/.local/lib/python3.12/site-packages/airflow/example_dags/example_bash_decorator.py took 0.065 seconds
[2024-12-09T13:27:16.935+0000] {processor.py:186} INFO - Started process (PID=1443) to work on /home/airflow/.local/lib/python3.12/site-packages/airflow/example_dags/example_bash_decorator.py
[2024-12-09T13:27:16.936+0000] {processor.py:914} INFO - Processing file /home/airflow/.local/lib/python3.12/site-packages/airflow/example_dags/example_bash_decorator.py for tasks to queue
[2024-12-09T13:27:16.938+0000] {logging_mixin.py:190} INFO - [2024-12-09T13:27:16.938+0000] {dagbag.py:588} INFO - Filling up the DagBag from /home/airflow/.local/lib/python3.12/site-packages/airflow/example_dags/example_bash_decorator.py
[2024-12-09T13:27:16.950+0000] {processor.py:925} INFO - DAG(s) 'example_bash_decorator' retrieved from /home/airflow/.local/lib/python3.12/site-packages/airflow/example_dags/example_bash_decorator.py
[2024-12-09T13:27:16.968+0000] {logging_mixin.py:190} INFO - [2024-12-09T13:27:16.968+0000] {dag.py:3239} INFO - Sync 1 DAGs
[2024-12-09T13:27:16.980+0000] {logging_mixin.py:190} INFO - [2024-12-09T13:27:16.979+0000] {dag.py:4180} INFO - Setting next_dagrun for example_bash_decorator to None, run_after=None
[2024-12-09T13:27:16.995+0000] {processor.py:208} INFO - Processing /home/airflow/.local/lib/python3.12/site-packages/airflow/example_dags/example_bash_decorator.py took 0.064 seconds
