[2024-12-09T13:15:48.056+0000] {processor.py:186} INFO - Started process (PID=100) to work on /home/airflow/.local/lib/python3.12/site-packages/airflow/example_dags/example_kubernetes_executor.py
[2024-12-09T13:15:48.056+0000] {processor.py:914} INFO - Processing file /home/airflow/.local/lib/python3.12/site-packages/airflow/example_dags/example_kubernetes_executor.py for tasks to queue
[2024-12-09T13:15:48.058+0000] {logging_mixin.py:190} INFO - [2024-12-09T13:15:48.058+0000] {dagbag.py:588} INFO - Filling up the DagBag from /home/airflow/.local/lib/python3.12/site-packages/airflow/example_dags/example_kubernetes_executor.py
[2024-12-09T13:15:48.072+0000] {processor.py:925} INFO - DAG(s) 'example_kubernetes_executor' retrieved from /home/airflow/.local/lib/python3.12/site-packages/airflow/example_dags/example_kubernetes_executor.py
[2024-12-09T13:15:48.175+0000] {logging_mixin.py:190} INFO - [2024-12-09T13:15:48.175+0000] {override.py:1911} INFO - Created Permission View: can delete on DAG:example_kubernetes_executor
[2024-12-09T13:15:48.184+0000] {logging_mixin.py:190} INFO - [2024-12-09T13:15:48.184+0000] {override.py:1911} INFO - Created Permission View: can edit on DAG:example_kubernetes_executor
[2024-12-09T13:15:48.190+0000] {logging_mixin.py:190} INFO - [2024-12-09T13:15:48.189+0000] {override.py:1911} INFO - Created Permission View: can read on DAG:example_kubernetes_executor
[2024-12-09T13:15:48.196+0000] {logging_mixin.py:190} INFO - [2024-12-09T13:15:48.196+0000] {override.py:1911} INFO - Created Permission View: menu access on DAG Run:example_kubernetes_executor
[2024-12-09T13:15:48.202+0000] {logging_mixin.py:190} INFO - [2024-12-09T13:15:48.202+0000] {override.py:1911} INFO - Created Permission View: can create on DAG Run:example_kubernetes_executor
[2024-12-09T13:15:48.207+0000] {logging_mixin.py:190} INFO - [2024-12-09T13:15:48.207+0000] {override.py:1911} INFO - Created Permission View: can delete on DAG Run:example_kubernetes_executor
[2024-12-09T13:15:48.213+0000] {logging_mixin.py:190} INFO - [2024-12-09T13:15:48.213+0000] {override.py:1911} INFO - Created Permission View: can read on DAG Run:example_kubernetes_executor
[2024-12-09T13:15:48.214+0000] {logging_mixin.py:190} INFO - [2024-12-09T13:15:48.213+0000] {dag.py:3239} INFO - Sync 1 DAGs
[2024-12-09T13:15:48.225+0000] {logging_mixin.py:190} INFO - [2024-12-09T13:15:48.224+0000] {dag.py:3262} INFO - Creating ORM DAG for example_kubernetes_executor
[2024-12-09T13:15:48.225+0000] {logging_mixin.py:190} INFO - [2024-12-09T13:15:48.225+0000] {dag.py:4180} INFO - Setting next_dagrun for example_kubernetes_executor to None, run_after=None
[2024-12-09T13:15:48.240+0000] {processor.py:208} INFO - Processing /home/airflow/.local/lib/python3.12/site-packages/airflow/example_dags/example_kubernetes_executor.py took 0.189 seconds
[2024-12-09T13:16:20.755+0000] {processor.py:186} INFO - Started process (PID=163) to work on /home/airflow/.local/lib/python3.12/site-packages/airflow/example_dags/example_kubernetes_executor.py
[2024-12-09T13:16:20.756+0000] {processor.py:914} INFO - Processing file /home/airflow/.local/lib/python3.12/site-packages/airflow/example_dags/example_kubernetes_executor.py for tasks to queue
[2024-12-09T13:16:20.757+0000] {logging_mixin.py:190} INFO - [2024-12-09T13:16:20.757+0000] {dagbag.py:588} INFO - Filling up the DagBag from /home/airflow/.local/lib/python3.12/site-packages/airflow/example_dags/example_kubernetes_executor.py
[2024-12-09T13:16:20.769+0000] {processor.py:925} INFO - DAG(s) 'example_kubernetes_executor' retrieved from /home/airflow/.local/lib/python3.12/site-packages/airflow/example_dags/example_kubernetes_executor.py
[2024-12-09T13:16:20.801+0000] {logging_mixin.py:190} INFO - [2024-12-09T13:16:20.801+0000] {dag.py:3239} INFO - Sync 1 DAGs
[2024-12-09T13:16:20.814+0000] {logging_mixin.py:190} INFO - [2024-12-09T13:16:20.814+0000] {dag.py:4180} INFO - Setting next_dagrun for example_kubernetes_executor to None, run_after=None
[2024-12-09T13:16:20.829+0000] {processor.py:208} INFO - Processing /home/airflow/.local/lib/python3.12/site-packages/airflow/example_dags/example_kubernetes_executor.py took 0.079 seconds
[2024-12-09T13:16:53.626+0000] {processor.py:186} INFO - Started process (PID=226) to work on /home/airflow/.local/lib/python3.12/site-packages/airflow/example_dags/example_kubernetes_executor.py
[2024-12-09T13:16:53.627+0000] {processor.py:914} INFO - Processing file /home/airflow/.local/lib/python3.12/site-packages/airflow/example_dags/example_kubernetes_executor.py for tasks to queue
[2024-12-09T13:16:53.629+0000] {logging_mixin.py:190} INFO - [2024-12-09T13:16:53.629+0000] {dagbag.py:588} INFO - Filling up the DagBag from /home/airflow/.local/lib/python3.12/site-packages/airflow/example_dags/example_kubernetes_executor.py
[2024-12-09T13:16:53.640+0000] {processor.py:925} INFO - DAG(s) 'example_kubernetes_executor' retrieved from /home/airflow/.local/lib/python3.12/site-packages/airflow/example_dags/example_kubernetes_executor.py
[2024-12-09T13:16:53.671+0000] {logging_mixin.py:190} INFO - [2024-12-09T13:16:53.670+0000] {dag.py:3239} INFO - Sync 1 DAGs
[2024-12-09T13:16:53.683+0000] {logging_mixin.py:190} INFO - [2024-12-09T13:16:53.682+0000] {dag.py:4180} INFO - Setting next_dagrun for example_kubernetes_executor to None, run_after=None
[2024-12-09T13:16:53.698+0000] {processor.py:208} INFO - Processing /home/airflow/.local/lib/python3.12/site-packages/airflow/example_dags/example_kubernetes_executor.py took 0.076 seconds
[2024-12-09T13:17:26.655+0000] {processor.py:186} INFO - Started process (PID=289) to work on /home/airflow/.local/lib/python3.12/site-packages/airflow/example_dags/example_kubernetes_executor.py
[2024-12-09T13:17:26.656+0000] {processor.py:914} INFO - Processing file /home/airflow/.local/lib/python3.12/site-packages/airflow/example_dags/example_kubernetes_executor.py for tasks to queue
[2024-12-09T13:17:26.658+0000] {logging_mixin.py:190} INFO - [2024-12-09T13:17:26.658+0000] {dagbag.py:588} INFO - Filling up the DagBag from /home/airflow/.local/lib/python3.12/site-packages/airflow/example_dags/example_kubernetes_executor.py
[2024-12-09T13:17:26.673+0000] {processor.py:925} INFO - DAG(s) 'example_kubernetes_executor' retrieved from /home/airflow/.local/lib/python3.12/site-packages/airflow/example_dags/example_kubernetes_executor.py
[2024-12-09T13:17:26.705+0000] {logging_mixin.py:190} INFO - [2024-12-09T13:17:26.705+0000] {dag.py:3239} INFO - Sync 1 DAGs
[2024-12-09T13:17:26.719+0000] {logging_mixin.py:190} INFO - [2024-12-09T13:17:26.719+0000] {dag.py:4180} INFO - Setting next_dagrun for example_kubernetes_executor to None, run_after=None
[2024-12-09T13:17:26.736+0000] {processor.py:208} INFO - Processing /home/airflow/.local/lib/python3.12/site-packages/airflow/example_dags/example_kubernetes_executor.py took 0.088 seconds
[2024-12-09T13:17:58.986+0000] {processor.py:186} INFO - Started process (PID=352) to work on /home/airflow/.local/lib/python3.12/site-packages/airflow/example_dags/example_kubernetes_executor.py
[2024-12-09T13:17:58.986+0000] {processor.py:914} INFO - Processing file /home/airflow/.local/lib/python3.12/site-packages/airflow/example_dags/example_kubernetes_executor.py for tasks to queue
[2024-12-09T13:17:58.988+0000] {logging_mixin.py:190} INFO - [2024-12-09T13:17:58.988+0000] {dagbag.py:588} INFO - Filling up the DagBag from /home/airflow/.local/lib/python3.12/site-packages/airflow/example_dags/example_kubernetes_executor.py
[2024-12-09T13:17:59.000+0000] {processor.py:925} INFO - DAG(s) 'example_kubernetes_executor' retrieved from /home/airflow/.local/lib/python3.12/site-packages/airflow/example_dags/example_kubernetes_executor.py
[2024-12-09T13:17:59.032+0000] {logging_mixin.py:190} INFO - [2024-12-09T13:17:59.032+0000] {dag.py:3239} INFO - Sync 1 DAGs
[2024-12-09T13:17:59.048+0000] {logging_mixin.py:190} INFO - [2024-12-09T13:17:59.048+0000] {dag.py:4180} INFO - Setting next_dagrun for example_kubernetes_executor to None, run_after=None
[2024-12-09T13:17:59.067+0000] {processor.py:208} INFO - Processing /home/airflow/.local/lib/python3.12/site-packages/airflow/example_dags/example_kubernetes_executor.py took 0.086 seconds
[2024-12-09T13:18:31.925+0000] {processor.py:186} INFO - Started process (PID=415) to work on /home/airflow/.local/lib/python3.12/site-packages/airflow/example_dags/example_kubernetes_executor.py
[2024-12-09T13:18:31.926+0000] {processor.py:914} INFO - Processing file /home/airflow/.local/lib/python3.12/site-packages/airflow/example_dags/example_kubernetes_executor.py for tasks to queue
[2024-12-09T13:18:31.928+0000] {logging_mixin.py:190} INFO - [2024-12-09T13:18:31.928+0000] {dagbag.py:588} INFO - Filling up the DagBag from /home/airflow/.local/lib/python3.12/site-packages/airflow/example_dags/example_kubernetes_executor.py
[2024-12-09T13:18:31.939+0000] {processor.py:925} INFO - DAG(s) 'example_kubernetes_executor' retrieved from /home/airflow/.local/lib/python3.12/site-packages/airflow/example_dags/example_kubernetes_executor.py
[2024-12-09T13:18:31.970+0000] {logging_mixin.py:190} INFO - [2024-12-09T13:18:31.970+0000] {dag.py:3239} INFO - Sync 1 DAGs
[2024-12-09T13:18:31.983+0000] {logging_mixin.py:190} INFO - [2024-12-09T13:18:31.983+0000] {dag.py:4180} INFO - Setting next_dagrun for example_kubernetes_executor to None, run_after=None
[2024-12-09T13:18:31.998+0000] {processor.py:208} INFO - Processing /home/airflow/.local/lib/python3.12/site-packages/airflow/example_dags/example_kubernetes_executor.py took 0.077 seconds
[2024-12-09T13:19:04.836+0000] {processor.py:186} INFO - Started process (PID=478) to work on /home/airflow/.local/lib/python3.12/site-packages/airflow/example_dags/example_kubernetes_executor.py
[2024-12-09T13:19:04.837+0000] {processor.py:914} INFO - Processing file /home/airflow/.local/lib/python3.12/site-packages/airflow/example_dags/example_kubernetes_executor.py for tasks to queue
[2024-12-09T13:19:04.839+0000] {logging_mixin.py:190} INFO - [2024-12-09T13:19:04.838+0000] {dagbag.py:588} INFO - Filling up the DagBag from /home/airflow/.local/lib/python3.12/site-packages/airflow/example_dags/example_kubernetes_executor.py
[2024-12-09T13:19:04.851+0000] {processor.py:925} INFO - DAG(s) 'example_kubernetes_executor' retrieved from /home/airflow/.local/lib/python3.12/site-packages/airflow/example_dags/example_kubernetes_executor.py
[2024-12-09T13:19:04.882+0000] {logging_mixin.py:190} INFO - [2024-12-09T13:19:04.882+0000] {dag.py:3239} INFO - Sync 1 DAGs
[2024-12-09T13:19:04.894+0000] {logging_mixin.py:190} INFO - [2024-12-09T13:19:04.894+0000] {dag.py:4180} INFO - Setting next_dagrun for example_kubernetes_executor to None, run_after=None
[2024-12-09T13:19:04.911+0000] {processor.py:208} INFO - Processing /home/airflow/.local/lib/python3.12/site-packages/airflow/example_dags/example_kubernetes_executor.py took 0.081 seconds
[2024-12-09T13:19:37.859+0000] {processor.py:186} INFO - Started process (PID=541) to work on /home/airflow/.local/lib/python3.12/site-packages/airflow/example_dags/example_kubernetes_executor.py
[2024-12-09T13:19:37.860+0000] {processor.py:914} INFO - Processing file /home/airflow/.local/lib/python3.12/site-packages/airflow/example_dags/example_kubernetes_executor.py for tasks to queue
[2024-12-09T13:19:37.862+0000] {logging_mixin.py:190} INFO - [2024-12-09T13:19:37.861+0000] {dagbag.py:588} INFO - Filling up the DagBag from /home/airflow/.local/lib/python3.12/site-packages/airflow/example_dags/example_kubernetes_executor.py
[2024-12-09T13:19:37.873+0000] {processor.py:925} INFO - DAG(s) 'example_kubernetes_executor' retrieved from /home/airflow/.local/lib/python3.12/site-packages/airflow/example_dags/example_kubernetes_executor.py
[2024-12-09T13:19:37.903+0000] {logging_mixin.py:190} INFO - [2024-12-09T13:19:37.903+0000] {dag.py:3239} INFO - Sync 1 DAGs
[2024-12-09T13:19:37.915+0000] {logging_mixin.py:190} INFO - [2024-12-09T13:19:37.915+0000] {dag.py:4180} INFO - Setting next_dagrun for example_kubernetes_executor to None, run_after=None
[2024-12-09T13:19:37.930+0000] {processor.py:208} INFO - Processing /home/airflow/.local/lib/python3.12/site-packages/airflow/example_dags/example_kubernetes_executor.py took 0.076 seconds
[2024-12-09T13:20:10.284+0000] {processor.py:186} INFO - Started process (PID=604) to work on /home/airflow/.local/lib/python3.12/site-packages/airflow/example_dags/example_kubernetes_executor.py
[2024-12-09T13:20:10.285+0000] {processor.py:914} INFO - Processing file /home/airflow/.local/lib/python3.12/site-packages/airflow/example_dags/example_kubernetes_executor.py for tasks to queue
[2024-12-09T13:20:10.287+0000] {logging_mixin.py:190} INFO - [2024-12-09T13:20:10.286+0000] {dagbag.py:588} INFO - Filling up the DagBag from /home/airflow/.local/lib/python3.12/site-packages/airflow/example_dags/example_kubernetes_executor.py
[2024-12-09T13:20:10.298+0000] {processor.py:925} INFO - DAG(s) 'example_kubernetes_executor' retrieved from /home/airflow/.local/lib/python3.12/site-packages/airflow/example_dags/example_kubernetes_executor.py
[2024-12-09T13:20:10.329+0000] {logging_mixin.py:190} INFO - [2024-12-09T13:20:10.328+0000] {dag.py:3239} INFO - Sync 1 DAGs
[2024-12-09T13:20:10.341+0000] {logging_mixin.py:190} INFO - [2024-12-09T13:20:10.341+0000] {dag.py:4180} INFO - Setting next_dagrun for example_kubernetes_executor to None, run_after=None
[2024-12-09T13:20:10.356+0000] {processor.py:208} INFO - Processing /home/airflow/.local/lib/python3.12/site-packages/airflow/example_dags/example_kubernetes_executor.py took 0.077 seconds
[2024-12-09T13:20:43.070+0000] {processor.py:186} INFO - Started process (PID=667) to work on /home/airflow/.local/lib/python3.12/site-packages/airflow/example_dags/example_kubernetes_executor.py
[2024-12-09T13:20:43.071+0000] {processor.py:914} INFO - Processing file /home/airflow/.local/lib/python3.12/site-packages/airflow/example_dags/example_kubernetes_executor.py for tasks to queue
[2024-12-09T13:20:43.073+0000] {logging_mixin.py:190} INFO - [2024-12-09T13:20:43.073+0000] {dagbag.py:588} INFO - Filling up the DagBag from /home/airflow/.local/lib/python3.12/site-packages/airflow/example_dags/example_kubernetes_executor.py
[2024-12-09T13:20:43.088+0000] {processor.py:925} INFO - DAG(s) 'example_kubernetes_executor' retrieved from /home/airflow/.local/lib/python3.12/site-packages/airflow/example_dags/example_kubernetes_executor.py
[2024-12-09T13:20:43.126+0000] {logging_mixin.py:190} INFO - [2024-12-09T13:20:43.125+0000] {dag.py:3239} INFO - Sync 1 DAGs
[2024-12-09T13:20:43.144+0000] {logging_mixin.py:190} INFO - [2024-12-09T13:20:43.144+0000] {dag.py:4180} INFO - Setting next_dagrun for example_kubernetes_executor to None, run_after=None
[2024-12-09T13:20:43.160+0000] {processor.py:208} INFO - Processing /home/airflow/.local/lib/python3.12/site-packages/airflow/example_dags/example_kubernetes_executor.py took 0.095 seconds
[2024-12-09T13:21:15.562+0000] {processor.py:186} INFO - Started process (PID=730) to work on /home/airflow/.local/lib/python3.12/site-packages/airflow/example_dags/example_kubernetes_executor.py
[2024-12-09T13:21:15.562+0000] {processor.py:914} INFO - Processing file /home/airflow/.local/lib/python3.12/site-packages/airflow/example_dags/example_kubernetes_executor.py for tasks to queue
[2024-12-09T13:21:15.564+0000] {logging_mixin.py:190} INFO - [2024-12-09T13:21:15.564+0000] {dagbag.py:588} INFO - Filling up the DagBag from /home/airflow/.local/lib/python3.12/site-packages/airflow/example_dags/example_kubernetes_executor.py
[2024-12-09T13:21:15.575+0000] {processor.py:925} INFO - DAG(s) 'example_kubernetes_executor' retrieved from /home/airflow/.local/lib/python3.12/site-packages/airflow/example_dags/example_kubernetes_executor.py
[2024-12-09T13:21:15.605+0000] {logging_mixin.py:190} INFO - [2024-12-09T13:21:15.605+0000] {dag.py:3239} INFO - Sync 1 DAGs
[2024-12-09T13:21:15.617+0000] {logging_mixin.py:190} INFO - [2024-12-09T13:21:15.616+0000] {dag.py:4180} INFO - Setting next_dagrun for example_kubernetes_executor to None, run_after=None
[2024-12-09T13:21:15.631+0000] {processor.py:208} INFO - Processing /home/airflow/.local/lib/python3.12/site-packages/airflow/example_dags/example_kubernetes_executor.py took 0.074 seconds
[2024-12-09T13:21:48.994+0000] {processor.py:186} INFO - Started process (PID=795) to work on /home/airflow/.local/lib/python3.12/site-packages/airflow/example_dags/example_kubernetes_executor.py
[2024-12-09T13:21:48.994+0000] {processor.py:914} INFO - Processing file /home/airflow/.local/lib/python3.12/site-packages/airflow/example_dags/example_kubernetes_executor.py for tasks to queue
[2024-12-09T13:21:48.996+0000] {logging_mixin.py:190} INFO - [2024-12-09T13:21:48.996+0000] {dagbag.py:588} INFO - Filling up the DagBag from /home/airflow/.local/lib/python3.12/site-packages/airflow/example_dags/example_kubernetes_executor.py
[2024-12-09T13:21:49.008+0000] {processor.py:925} INFO - DAG(s) 'example_kubernetes_executor' retrieved from /home/airflow/.local/lib/python3.12/site-packages/airflow/example_dags/example_kubernetes_executor.py
[2024-12-09T13:21:49.037+0000] {logging_mixin.py:190} INFO - [2024-12-09T13:21:49.037+0000] {dag.py:3239} INFO - Sync 1 DAGs
[2024-12-09T13:21:49.048+0000] {logging_mixin.py:190} INFO - [2024-12-09T13:21:49.048+0000] {dag.py:4180} INFO - Setting next_dagrun for example_kubernetes_executor to None, run_after=None
[2024-12-09T13:21:49.063+0000] {processor.py:208} INFO - Processing /home/airflow/.local/lib/python3.12/site-packages/airflow/example_dags/example_kubernetes_executor.py took 0.074 seconds
[2024-12-09T13:22:22.098+0000] {processor.py:186} INFO - Started process (PID=867) to work on /home/airflow/.local/lib/python3.12/site-packages/airflow/example_dags/example_kubernetes_executor.py
[2024-12-09T13:22:22.099+0000] {processor.py:914} INFO - Processing file /home/airflow/.local/lib/python3.12/site-packages/airflow/example_dags/example_kubernetes_executor.py for tasks to queue
[2024-12-09T13:22:22.101+0000] {logging_mixin.py:190} INFO - [2024-12-09T13:22:22.101+0000] {dagbag.py:588} INFO - Filling up the DagBag from /home/airflow/.local/lib/python3.12/site-packages/airflow/example_dags/example_kubernetes_executor.py
[2024-12-09T13:22:22.112+0000] {processor.py:925} INFO - DAG(s) 'example_kubernetes_executor' retrieved from /home/airflow/.local/lib/python3.12/site-packages/airflow/example_dags/example_kubernetes_executor.py
[2024-12-09T13:22:22.140+0000] {logging_mixin.py:190} INFO - [2024-12-09T13:22:22.140+0000] {dag.py:3239} INFO - Sync 1 DAGs
[2024-12-09T13:22:22.153+0000] {logging_mixin.py:190} INFO - [2024-12-09T13:22:22.152+0000] {dag.py:4180} INFO - Setting next_dagrun for example_kubernetes_executor to None, run_after=None
[2024-12-09T13:22:22.167+0000] {processor.py:208} INFO - Processing /home/airflow/.local/lib/python3.12/site-packages/airflow/example_dags/example_kubernetes_executor.py took 0.073 seconds
[2024-12-09T13:22:54.291+0000] {processor.py:186} INFO - Started process (PID=930) to work on /home/airflow/.local/lib/python3.12/site-packages/airflow/example_dags/example_kubernetes_executor.py
[2024-12-09T13:22:54.292+0000] {processor.py:914} INFO - Processing file /home/airflow/.local/lib/python3.12/site-packages/airflow/example_dags/example_kubernetes_executor.py for tasks to queue
[2024-12-09T13:22:54.294+0000] {logging_mixin.py:190} INFO - [2024-12-09T13:22:54.293+0000] {dagbag.py:588} INFO - Filling up the DagBag from /home/airflow/.local/lib/python3.12/site-packages/airflow/example_dags/example_kubernetes_executor.py
[2024-12-09T13:22:54.304+0000] {processor.py:925} INFO - DAG(s) 'example_kubernetes_executor' retrieved from /home/airflow/.local/lib/python3.12/site-packages/airflow/example_dags/example_kubernetes_executor.py
[2024-12-09T13:22:54.334+0000] {logging_mixin.py:190} INFO - [2024-12-09T13:22:54.334+0000] {dag.py:3239} INFO - Sync 1 DAGs
[2024-12-09T13:22:54.346+0000] {logging_mixin.py:190} INFO - [2024-12-09T13:22:54.345+0000] {dag.py:4180} INFO - Setting next_dagrun for example_kubernetes_executor to None, run_after=None
[2024-12-09T13:22:54.360+0000] {processor.py:208} INFO - Processing /home/airflow/.local/lib/python3.12/site-packages/airflow/example_dags/example_kubernetes_executor.py took 0.073 seconds
[2024-12-09T13:23:27.139+0000] {processor.py:186} INFO - Started process (PID=993) to work on /home/airflow/.local/lib/python3.12/site-packages/airflow/example_dags/example_kubernetes_executor.py
[2024-12-09T13:23:27.140+0000] {processor.py:914} INFO - Processing file /home/airflow/.local/lib/python3.12/site-packages/airflow/example_dags/example_kubernetes_executor.py for tasks to queue
[2024-12-09T13:23:27.142+0000] {logging_mixin.py:190} INFO - [2024-12-09T13:23:27.142+0000] {dagbag.py:588} INFO - Filling up the DagBag from /home/airflow/.local/lib/python3.12/site-packages/airflow/example_dags/example_kubernetes_executor.py
[2024-12-09T13:23:27.153+0000] {processor.py:925} INFO - DAG(s) 'example_kubernetes_executor' retrieved from /home/airflow/.local/lib/python3.12/site-packages/airflow/example_dags/example_kubernetes_executor.py
[2024-12-09T13:23:27.183+0000] {logging_mixin.py:190} INFO - [2024-12-09T13:23:27.182+0000] {dag.py:3239} INFO - Sync 1 DAGs
[2024-12-09T13:23:27.195+0000] {logging_mixin.py:190} INFO - [2024-12-09T13:23:27.194+0000] {dag.py:4180} INFO - Setting next_dagrun for example_kubernetes_executor to None, run_after=None
[2024-12-09T13:23:27.209+0000] {processor.py:208} INFO - Processing /home/airflow/.local/lib/python3.12/site-packages/airflow/example_dags/example_kubernetes_executor.py took 0.074 seconds
[2024-12-09T13:23:59.667+0000] {processor.py:186} INFO - Started process (PID=1056) to work on /home/airflow/.local/lib/python3.12/site-packages/airflow/example_dags/example_kubernetes_executor.py
[2024-12-09T13:23:59.667+0000] {processor.py:914} INFO - Processing file /home/airflow/.local/lib/python3.12/site-packages/airflow/example_dags/example_kubernetes_executor.py for tasks to queue
[2024-12-09T13:23:59.669+0000] {logging_mixin.py:190} INFO - [2024-12-09T13:23:59.669+0000] {dagbag.py:588} INFO - Filling up the DagBag from /home/airflow/.local/lib/python3.12/site-packages/airflow/example_dags/example_kubernetes_executor.py
[2024-12-09T13:23:59.680+0000] {processor.py:925} INFO - DAG(s) 'example_kubernetes_executor' retrieved from /home/airflow/.local/lib/python3.12/site-packages/airflow/example_dags/example_kubernetes_executor.py
[2024-12-09T13:23:59.712+0000] {logging_mixin.py:190} INFO - [2024-12-09T13:23:59.712+0000] {dag.py:3239} INFO - Sync 1 DAGs
[2024-12-09T13:23:59.724+0000] {logging_mixin.py:190} INFO - [2024-12-09T13:23:59.724+0000] {dag.py:4180} INFO - Setting next_dagrun for example_kubernetes_executor to None, run_after=None
[2024-12-09T13:23:59.740+0000] {processor.py:208} INFO - Processing /home/airflow/.local/lib/python3.12/site-packages/airflow/example_dags/example_kubernetes_executor.py took 0.078 seconds
[2024-12-09T13:24:33.154+0000] {processor.py:186} INFO - Started process (PID=1119) to work on /home/airflow/.local/lib/python3.12/site-packages/airflow/example_dags/example_kubernetes_executor.py
[2024-12-09T13:24:33.155+0000] {processor.py:914} INFO - Processing file /home/airflow/.local/lib/python3.12/site-packages/airflow/example_dags/example_kubernetes_executor.py for tasks to queue
[2024-12-09T13:24:33.157+0000] {logging_mixin.py:190} INFO - [2024-12-09T13:24:33.157+0000] {dagbag.py:588} INFO - Filling up the DagBag from /home/airflow/.local/lib/python3.12/site-packages/airflow/example_dags/example_kubernetes_executor.py
[2024-12-09T13:24:33.173+0000] {processor.py:925} INFO - DAG(s) 'example_kubernetes_executor' retrieved from /home/airflow/.local/lib/python3.12/site-packages/airflow/example_dags/example_kubernetes_executor.py
[2024-12-09T13:24:33.207+0000] {logging_mixin.py:190} INFO - [2024-12-09T13:24:33.206+0000] {dag.py:3239} INFO - Sync 1 DAGs
[2024-12-09T13:24:33.222+0000] {logging_mixin.py:190} INFO - [2024-12-09T13:24:33.222+0000] {dag.py:4180} INFO - Setting next_dagrun for example_kubernetes_executor to None, run_after=None
[2024-12-09T13:24:33.240+0000] {processor.py:208} INFO - Processing /home/airflow/.local/lib/python3.12/site-packages/airflow/example_dags/example_kubernetes_executor.py took 0.091 seconds
[2024-12-09T13:25:05.408+0000] {processor.py:186} INFO - Started process (PID=1182) to work on /home/airflow/.local/lib/python3.12/site-packages/airflow/example_dags/example_kubernetes_executor.py
[2024-12-09T13:25:05.409+0000] {processor.py:914} INFO - Processing file /home/airflow/.local/lib/python3.12/site-packages/airflow/example_dags/example_kubernetes_executor.py for tasks to queue
[2024-12-09T13:25:05.410+0000] {logging_mixin.py:190} INFO - [2024-12-09T13:25:05.410+0000] {dagbag.py:588} INFO - Filling up the DagBag from /home/airflow/.local/lib/python3.12/site-packages/airflow/example_dags/example_kubernetes_executor.py
[2024-12-09T13:25:05.422+0000] {processor.py:925} INFO - DAG(s) 'example_kubernetes_executor' retrieved from /home/airflow/.local/lib/python3.12/site-packages/airflow/example_dags/example_kubernetes_executor.py
[2024-12-09T13:25:05.452+0000] {logging_mixin.py:190} INFO - [2024-12-09T13:25:05.452+0000] {dag.py:3239} INFO - Sync 1 DAGs
[2024-12-09T13:25:05.464+0000] {logging_mixin.py:190} INFO - [2024-12-09T13:25:05.463+0000] {dag.py:4180} INFO - Setting next_dagrun for example_kubernetes_executor to None, run_after=None
[2024-12-09T13:25:05.478+0000] {processor.py:208} INFO - Processing /home/airflow/.local/lib/python3.12/site-packages/airflow/example_dags/example_kubernetes_executor.py took 0.074 seconds
[2024-12-09T13:25:37.938+0000] {processor.py:186} INFO - Started process (PID=1245) to work on /home/airflow/.local/lib/python3.12/site-packages/airflow/example_dags/example_kubernetes_executor.py
[2024-12-09T13:25:37.939+0000] {processor.py:914} INFO - Processing file /home/airflow/.local/lib/python3.12/site-packages/airflow/example_dags/example_kubernetes_executor.py for tasks to queue
[2024-12-09T13:25:37.941+0000] {logging_mixin.py:190} INFO - [2024-12-09T13:25:37.940+0000] {dagbag.py:588} INFO - Filling up the DagBag from /home/airflow/.local/lib/python3.12/site-packages/airflow/example_dags/example_kubernetes_executor.py
[2024-12-09T13:25:37.952+0000] {processor.py:925} INFO - DAG(s) 'example_kubernetes_executor' retrieved from /home/airflow/.local/lib/python3.12/site-packages/airflow/example_dags/example_kubernetes_executor.py
[2024-12-09T13:25:37.982+0000] {logging_mixin.py:190} INFO - [2024-12-09T13:25:37.982+0000] {dag.py:3239} INFO - Sync 1 DAGs
[2024-12-09T13:25:37.994+0000] {logging_mixin.py:190} INFO - [2024-12-09T13:25:37.994+0000] {dag.py:4180} INFO - Setting next_dagrun for example_kubernetes_executor to None, run_after=None
[2024-12-09T13:25:38.010+0000] {processor.py:208} INFO - Processing /home/airflow/.local/lib/python3.12/site-packages/airflow/example_dags/example_kubernetes_executor.py took 0.076 seconds
[2024-12-09T13:26:11.651+0000] {processor.py:186} INFO - Started process (PID=1312) to work on /home/airflow/.local/lib/python3.12/site-packages/airflow/example_dags/example_kubernetes_executor.py
[2024-12-09T13:26:11.652+0000] {processor.py:914} INFO - Processing file /home/airflow/.local/lib/python3.12/site-packages/airflow/example_dags/example_kubernetes_executor.py for tasks to queue
[2024-12-09T13:26:11.654+0000] {logging_mixin.py:190} INFO - [2024-12-09T13:26:11.654+0000] {dagbag.py:588} INFO - Filling up the DagBag from /home/airflow/.local/lib/python3.12/site-packages/airflow/example_dags/example_kubernetes_executor.py
[2024-12-09T13:26:11.666+0000] {processor.py:925} INFO - DAG(s) 'example_kubernetes_executor' retrieved from /home/airflow/.local/lib/python3.12/site-packages/airflow/example_dags/example_kubernetes_executor.py
[2024-12-09T13:26:11.696+0000] {logging_mixin.py:190} INFO - [2024-12-09T13:26:11.696+0000] {dag.py:3239} INFO - Sync 1 DAGs
[2024-12-09T13:26:11.714+0000] {logging_mixin.py:190} INFO - [2024-12-09T13:26:11.713+0000] {dag.py:4180} INFO - Setting next_dagrun for example_kubernetes_executor to None, run_after=None
[2024-12-09T13:26:11.730+0000] {processor.py:208} INFO - Processing /home/airflow/.local/lib/python3.12/site-packages/airflow/example_dags/example_kubernetes_executor.py took 0.084 seconds
[2024-12-09T13:26:43.957+0000] {processor.py:186} INFO - Started process (PID=1375) to work on /home/airflow/.local/lib/python3.12/site-packages/airflow/example_dags/example_kubernetes_executor.py
[2024-12-09T13:26:43.958+0000] {processor.py:914} INFO - Processing file /home/airflow/.local/lib/python3.12/site-packages/airflow/example_dags/example_kubernetes_executor.py for tasks to queue
[2024-12-09T13:26:43.960+0000] {logging_mixin.py:190} INFO - [2024-12-09T13:26:43.959+0000] {dagbag.py:588} INFO - Filling up the DagBag from /home/airflow/.local/lib/python3.12/site-packages/airflow/example_dags/example_kubernetes_executor.py
[2024-12-09T13:26:43.972+0000] {processor.py:925} INFO - DAG(s) 'example_kubernetes_executor' retrieved from /home/airflow/.local/lib/python3.12/site-packages/airflow/example_dags/example_kubernetes_executor.py
[2024-12-09T13:26:44.002+0000] {logging_mixin.py:190} INFO - [2024-12-09T13:26:44.002+0000] {dag.py:3239} INFO - Sync 1 DAGs
[2024-12-09T13:26:44.014+0000] {logging_mixin.py:190} INFO - [2024-12-09T13:26:44.013+0000] {dag.py:4180} INFO - Setting next_dagrun for example_kubernetes_executor to None, run_after=None
[2024-12-09T13:26:44.029+0000] {processor.py:208} INFO - Processing /home/airflow/.local/lib/python3.12/site-packages/airflow/example_dags/example_kubernetes_executor.py took 0.076 seconds
[2024-12-09T13:27:16.521+0000] {processor.py:186} INFO - Started process (PID=1438) to work on /home/airflow/.local/lib/python3.12/site-packages/airflow/example_dags/example_kubernetes_executor.py
[2024-12-09T13:27:16.522+0000] {processor.py:914} INFO - Processing file /home/airflow/.local/lib/python3.12/site-packages/airflow/example_dags/example_kubernetes_executor.py for tasks to queue
[2024-12-09T13:27:16.524+0000] {logging_mixin.py:190} INFO - [2024-12-09T13:27:16.523+0000] {dagbag.py:588} INFO - Filling up the DagBag from /home/airflow/.local/lib/python3.12/site-packages/airflow/example_dags/example_kubernetes_executor.py
[2024-12-09T13:27:16.535+0000] {processor.py:925} INFO - DAG(s) 'example_kubernetes_executor' retrieved from /home/airflow/.local/lib/python3.12/site-packages/airflow/example_dags/example_kubernetes_executor.py
[2024-12-09T13:27:16.564+0000] {logging_mixin.py:190} INFO - [2024-12-09T13:27:16.564+0000] {dag.py:3239} INFO - Sync 1 DAGs
[2024-12-09T13:27:16.578+0000] {logging_mixin.py:190} INFO - [2024-12-09T13:27:16.578+0000] {dag.py:4180} INFO - Setting next_dagrun for example_kubernetes_executor to None, run_after=None
[2024-12-09T13:27:16.596+0000] {processor.py:208} INFO - Processing /home/airflow/.local/lib/python3.12/site-packages/airflow/example_dags/example_kubernetes_executor.py took 0.079 seconds
