[2024-12-09T13:15:42.861+0000] {processor.py:186} INFO - Started process (PID=88) to work on /home/airflow/.local/lib/python3.12/site-packages/airflow/example_dags/example_dag_decorator.py
[2024-12-09T13:15:42.862+0000] {processor.py:914} INFO - Processing file /home/airflow/.local/lib/python3.12/site-packages/airflow/example_dags/example_dag_decorator.py for tasks to queue
[2024-12-09T13:15:42.865+0000] {logging_mixin.py:190} INFO - [2024-12-09T13:15:42.864+0000] {dagbag.py:588} INFO - Filling up the DagBag from /home/airflow/.local/lib/python3.12/site-packages/airflow/example_dags/example_dag_decorator.py
[2024-12-09T13:15:42.880+0000] {processor.py:925} INFO - DAG(s) 'example_dag_decorator' retrieved from /home/airflow/.local/lib/python3.12/site-packages/airflow/example_dags/example_dag_decorator.py
[2024-12-09T13:15:42.980+0000] {logging_mixin.py:190} INFO - [2024-12-09T13:15:42.980+0000] {override.py:1911} INFO - Created Permission View: can delete on DAG:example_dag_decorator
[2024-12-09T13:15:42.990+0000] {logging_mixin.py:190} INFO - [2024-12-09T13:15:42.990+0000] {override.py:1911} INFO - Created Permission View: can edit on DAG:example_dag_decorator
[2024-12-09T13:15:42.996+0000] {logging_mixin.py:190} INFO - [2024-12-09T13:15:42.996+0000] {override.py:1911} INFO - Created Permission View: can read on DAG:example_dag_decorator
[2024-12-09T13:15:43.002+0000] {logging_mixin.py:190} INFO - [2024-12-09T13:15:43.002+0000] {override.py:1911} INFO - Created Permission View: menu access on DAG Run:example_dag_decorator
[2024-12-09T13:15:43.008+0000] {logging_mixin.py:190} INFO - [2024-12-09T13:15:43.008+0000] {override.py:1911} INFO - Created Permission View: can create on DAG Run:example_dag_decorator
[2024-12-09T13:15:43.014+0000] {logging_mixin.py:190} INFO - [2024-12-09T13:15:43.014+0000] {override.py:1911} INFO - Created Permission View: can delete on DAG Run:example_dag_decorator
[2024-12-09T13:15:43.020+0000] {logging_mixin.py:190} INFO - [2024-12-09T13:15:43.019+0000] {override.py:1911} INFO - Created Permission View: can read on DAG Run:example_dag_decorator
[2024-12-09T13:15:43.020+0000] {logging_mixin.py:190} INFO - [2024-12-09T13:15:43.020+0000] {dag.py:3239} INFO - Sync 1 DAGs
[2024-12-09T13:15:43.031+0000] {logging_mixin.py:190} INFO - [2024-12-09T13:15:43.031+0000] {dag.py:3262} INFO - Creating ORM DAG for example_dag_decorator
[2024-12-09T13:15:43.032+0000] {logging_mixin.py:190} INFO - [2024-12-09T13:15:43.032+0000] {dag.py:4180} INFO - Setting next_dagrun for example_dag_decorator to None, run_after=None
[2024-12-09T13:15:43.046+0000] {processor.py:208} INFO - Processing /home/airflow/.local/lib/python3.12/site-packages/airflow/example_dags/example_dag_decorator.py took 0.192 seconds
[2024-12-09T13:16:13.615+0000] {processor.py:186} INFO - Started process (PID=144) to work on /home/airflow/.local/lib/python3.12/site-packages/airflow/example_dags/example_dag_decorator.py
[2024-12-09T13:16:13.616+0000] {processor.py:914} INFO - Processing file /home/airflow/.local/lib/python3.12/site-packages/airflow/example_dags/example_dag_decorator.py for tasks to queue
[2024-12-09T13:16:13.618+0000] {logging_mixin.py:190} INFO - [2024-12-09T13:16:13.618+0000] {dagbag.py:588} INFO - Filling up the DagBag from /home/airflow/.local/lib/python3.12/site-packages/airflow/example_dags/example_dag_decorator.py
[2024-12-09T13:16:13.627+0000] {processor.py:925} INFO - DAG(s) 'example_dag_decorator' retrieved from /home/airflow/.local/lib/python3.12/site-packages/airflow/example_dags/example_dag_decorator.py
[2024-12-09T13:16:13.646+0000] {logging_mixin.py:190} INFO - [2024-12-09T13:16:13.646+0000] {dag.py:3239} INFO - Sync 1 DAGs
[2024-12-09T13:16:13.659+0000] {logging_mixin.py:190} INFO - [2024-12-09T13:16:13.659+0000] {dag.py:4180} INFO - Setting next_dagrun for example_dag_decorator to None, run_after=None
[2024-12-09T13:16:13.678+0000] {processor.py:208} INFO - Processing /home/airflow/.local/lib/python3.12/site-packages/airflow/example_dags/example_dag_decorator.py took 0.068 seconds
[2024-12-09T13:16:44.674+0000] {processor.py:186} INFO - Started process (PID=207) to work on /home/airflow/.local/lib/python3.12/site-packages/airflow/example_dags/example_dag_decorator.py
[2024-12-09T13:16:44.675+0000] {processor.py:914} INFO - Processing file /home/airflow/.local/lib/python3.12/site-packages/airflow/example_dags/example_dag_decorator.py for tasks to queue
[2024-12-09T13:16:44.677+0000] {logging_mixin.py:190} INFO - [2024-12-09T13:16:44.677+0000] {dagbag.py:588} INFO - Filling up the DagBag from /home/airflow/.local/lib/python3.12/site-packages/airflow/example_dags/example_dag_decorator.py
[2024-12-09T13:16:44.687+0000] {processor.py:925} INFO - DAG(s) 'example_dag_decorator' retrieved from /home/airflow/.local/lib/python3.12/site-packages/airflow/example_dags/example_dag_decorator.py
[2024-12-09T13:16:44.788+0000] {logging_mixin.py:190} INFO - [2024-12-09T13:16:44.787+0000] {dag.py:3239} INFO - Sync 1 DAGs
[2024-12-09T13:16:44.798+0000] {logging_mixin.py:190} INFO - [2024-12-09T13:16:44.797+0000] {dag.py:4180} INFO - Setting next_dagrun for example_dag_decorator to None, run_after=None
[2024-12-09T13:16:44.813+0000] {processor.py:208} INFO - Processing /home/airflow/.local/lib/python3.12/site-packages/airflow/example_dags/example_dag_decorator.py took 0.144 seconds
[2024-12-09T13:17:15.659+0000] {processor.py:186} INFO - Started process (PID=270) to work on /home/airflow/.local/lib/python3.12/site-packages/airflow/example_dags/example_dag_decorator.py
[2024-12-09T13:17:15.660+0000] {processor.py:914} INFO - Processing file /home/airflow/.local/lib/python3.12/site-packages/airflow/example_dags/example_dag_decorator.py for tasks to queue
[2024-12-09T13:17:15.661+0000] {logging_mixin.py:190} INFO - [2024-12-09T13:17:15.661+0000] {dagbag.py:588} INFO - Filling up the DagBag from /home/airflow/.local/lib/python3.12/site-packages/airflow/example_dags/example_dag_decorator.py
[2024-12-09T13:17:15.670+0000] {processor.py:925} INFO - DAG(s) 'example_dag_decorator' retrieved from /home/airflow/.local/lib/python3.12/site-packages/airflow/example_dags/example_dag_decorator.py
[2024-12-09T13:17:15.759+0000] {logging_mixin.py:190} INFO - [2024-12-09T13:17:15.759+0000] {dag.py:3239} INFO - Sync 1 DAGs
[2024-12-09T13:17:15.771+0000] {logging_mixin.py:190} INFO - [2024-12-09T13:17:15.771+0000] {dag.py:4180} INFO - Setting next_dagrun for example_dag_decorator to None, run_after=None
[2024-12-09T13:17:15.788+0000] {processor.py:208} INFO - Processing /home/airflow/.local/lib/python3.12/site-packages/airflow/example_dags/example_dag_decorator.py took 0.133 seconds
[2024-12-09T13:17:46.699+0000] {processor.py:186} INFO - Started process (PID=333) to work on /home/airflow/.local/lib/python3.12/site-packages/airflow/example_dags/example_dag_decorator.py
[2024-12-09T13:17:46.700+0000] {processor.py:914} INFO - Processing file /home/airflow/.local/lib/python3.12/site-packages/airflow/example_dags/example_dag_decorator.py for tasks to queue
[2024-12-09T13:17:46.702+0000] {logging_mixin.py:190} INFO - [2024-12-09T13:17:46.701+0000] {dagbag.py:588} INFO - Filling up the DagBag from /home/airflow/.local/lib/python3.12/site-packages/airflow/example_dags/example_dag_decorator.py
[2024-12-09T13:17:46.710+0000] {processor.py:925} INFO - DAG(s) 'example_dag_decorator' retrieved from /home/airflow/.local/lib/python3.12/site-packages/airflow/example_dags/example_dag_decorator.py
[2024-12-09T13:17:46.800+0000] {logging_mixin.py:190} INFO - [2024-12-09T13:17:46.800+0000] {dag.py:3239} INFO - Sync 1 DAGs
[2024-12-09T13:17:46.810+0000] {logging_mixin.py:190} INFO - [2024-12-09T13:17:46.810+0000] {dag.py:4180} INFO - Setting next_dagrun for example_dag_decorator to None, run_after=None
[2024-12-09T13:17:46.826+0000] {processor.py:208} INFO - Processing /home/airflow/.local/lib/python3.12/site-packages/airflow/example_dags/example_dag_decorator.py took 0.131 seconds
[2024-12-09T13:18:17.884+0000] {processor.py:186} INFO - Started process (PID=396) to work on /home/airflow/.local/lib/python3.12/site-packages/airflow/example_dags/example_dag_decorator.py
[2024-12-09T13:18:17.885+0000] {processor.py:914} INFO - Processing file /home/airflow/.local/lib/python3.12/site-packages/airflow/example_dags/example_dag_decorator.py for tasks to queue
[2024-12-09T13:18:17.886+0000] {logging_mixin.py:190} INFO - [2024-12-09T13:18:17.886+0000] {dagbag.py:588} INFO - Filling up the DagBag from /home/airflow/.local/lib/python3.12/site-packages/airflow/example_dags/example_dag_decorator.py
[2024-12-09T13:18:17.895+0000] {processor.py:925} INFO - DAG(s) 'example_dag_decorator' retrieved from /home/airflow/.local/lib/python3.12/site-packages/airflow/example_dags/example_dag_decorator.py
[2024-12-09T13:18:17.989+0000] {logging_mixin.py:190} INFO - [2024-12-09T13:18:17.989+0000] {dag.py:3239} INFO - Sync 1 DAGs
[2024-12-09T13:18:18.001+0000] {logging_mixin.py:190} INFO - [2024-12-09T13:18:18.001+0000] {dag.py:4180} INFO - Setting next_dagrun for example_dag_decorator to None, run_after=None
[2024-12-09T13:18:18.020+0000] {processor.py:208} INFO - Processing /home/airflow/.local/lib/python3.12/site-packages/airflow/example_dags/example_dag_decorator.py took 0.140 seconds
[2024-12-09T13:18:48.961+0000] {processor.py:186} INFO - Started process (PID=461) to work on /home/airflow/.local/lib/python3.12/site-packages/airflow/example_dags/example_dag_decorator.py
[2024-12-09T13:18:48.961+0000] {processor.py:914} INFO - Processing file /home/airflow/.local/lib/python3.12/site-packages/airflow/example_dags/example_dag_decorator.py for tasks to queue
[2024-12-09T13:18:48.963+0000] {logging_mixin.py:190} INFO - [2024-12-09T13:18:48.963+0000] {dagbag.py:588} INFO - Filling up the DagBag from /home/airflow/.local/lib/python3.12/site-packages/airflow/example_dags/example_dag_decorator.py
[2024-12-09T13:18:48.971+0000] {processor.py:925} INFO - DAG(s) 'example_dag_decorator' retrieved from /home/airflow/.local/lib/python3.12/site-packages/airflow/example_dags/example_dag_decorator.py
[2024-12-09T13:18:49.062+0000] {logging_mixin.py:190} INFO - [2024-12-09T13:18:49.062+0000] {dag.py:3239} INFO - Sync 1 DAGs
[2024-12-09T13:18:49.073+0000] {logging_mixin.py:190} INFO - [2024-12-09T13:18:49.073+0000] {dag.py:4180} INFO - Setting next_dagrun for example_dag_decorator to None, run_after=None
[2024-12-09T13:18:49.088+0000] {processor.py:208} INFO - Processing /home/airflow/.local/lib/python3.12/site-packages/airflow/example_dags/example_dag_decorator.py took 0.131 seconds
[2024-12-09T13:19:20.529+0000] {processor.py:186} INFO - Started process (PID=524) to work on /home/airflow/.local/lib/python3.12/site-packages/airflow/example_dags/example_dag_decorator.py
[2024-12-09T13:19:20.530+0000] {processor.py:914} INFO - Processing file /home/airflow/.local/lib/python3.12/site-packages/airflow/example_dags/example_dag_decorator.py for tasks to queue
[2024-12-09T13:19:20.532+0000] {logging_mixin.py:190} INFO - [2024-12-09T13:19:20.532+0000] {dagbag.py:588} INFO - Filling up the DagBag from /home/airflow/.local/lib/python3.12/site-packages/airflow/example_dags/example_dag_decorator.py
[2024-12-09T13:19:20.542+0000] {processor.py:925} INFO - DAG(s) 'example_dag_decorator' retrieved from /home/airflow/.local/lib/python3.12/site-packages/airflow/example_dags/example_dag_decorator.py
[2024-12-09T13:19:20.677+0000] {logging_mixin.py:190} INFO - [2024-12-09T13:19:20.676+0000] {dag.py:3239} INFO - Sync 1 DAGs
[2024-12-09T13:19:20.689+0000] {logging_mixin.py:190} INFO - [2024-12-09T13:19:20.689+0000] {dag.py:4180} INFO - Setting next_dagrun for example_dag_decorator to None, run_after=None
[2024-12-09T13:19:20.709+0000] {processor.py:208} INFO - Processing /home/airflow/.local/lib/python3.12/site-packages/airflow/example_dags/example_dag_decorator.py took 0.186 seconds
[2024-12-09T13:19:50.933+0000] {processor.py:186} INFO - Started process (PID=587) to work on /home/airflow/.local/lib/python3.12/site-packages/airflow/example_dags/example_dag_decorator.py
[2024-12-09T13:19:50.934+0000] {processor.py:914} INFO - Processing file /home/airflow/.local/lib/python3.12/site-packages/airflow/example_dags/example_dag_decorator.py for tasks to queue
[2024-12-09T13:19:50.935+0000] {logging_mixin.py:190} INFO - [2024-12-09T13:19:50.935+0000] {dagbag.py:588} INFO - Filling up the DagBag from /home/airflow/.local/lib/python3.12/site-packages/airflow/example_dags/example_dag_decorator.py
[2024-12-09T13:19:50.944+0000] {processor.py:925} INFO - DAG(s) 'example_dag_decorator' retrieved from /home/airflow/.local/lib/python3.12/site-packages/airflow/example_dags/example_dag_decorator.py
[2024-12-09T13:19:51.041+0000] {logging_mixin.py:190} INFO - [2024-12-09T13:19:51.041+0000] {dag.py:3239} INFO - Sync 1 DAGs
[2024-12-09T13:19:51.054+0000] {logging_mixin.py:190} INFO - [2024-12-09T13:19:51.054+0000] {dag.py:4180} INFO - Setting next_dagrun for example_dag_decorator to None, run_after=None
[2024-12-09T13:19:51.071+0000] {processor.py:208} INFO - Processing /home/airflow/.local/lib/python3.12/site-packages/airflow/example_dags/example_dag_decorator.py took 0.143 seconds
[2024-12-09T13:20:22.314+0000] {processor.py:186} INFO - Started process (PID=648) to work on /home/airflow/.local/lib/python3.12/site-packages/airflow/example_dags/example_dag_decorator.py
[2024-12-09T13:20:22.315+0000] {processor.py:914} INFO - Processing file /home/airflow/.local/lib/python3.12/site-packages/airflow/example_dags/example_dag_decorator.py for tasks to queue
[2024-12-09T13:20:22.317+0000] {logging_mixin.py:190} INFO - [2024-12-09T13:20:22.317+0000] {dagbag.py:588} INFO - Filling up the DagBag from /home/airflow/.local/lib/python3.12/site-packages/airflow/example_dags/example_dag_decorator.py
[2024-12-09T13:20:22.326+0000] {processor.py:925} INFO - DAG(s) 'example_dag_decorator' retrieved from /home/airflow/.local/lib/python3.12/site-packages/airflow/example_dags/example_dag_decorator.py
[2024-12-09T13:20:22.416+0000] {logging_mixin.py:190} INFO - [2024-12-09T13:20:22.416+0000] {dag.py:3239} INFO - Sync 1 DAGs
[2024-12-09T13:20:22.426+0000] {logging_mixin.py:190} INFO - [2024-12-09T13:20:22.426+0000] {dag.py:4180} INFO - Setting next_dagrun for example_dag_decorator to None, run_after=None
[2024-12-09T13:20:22.442+0000] {processor.py:208} INFO - Processing /home/airflow/.local/lib/python3.12/site-packages/airflow/example_dags/example_dag_decorator.py took 0.132 seconds
[2024-12-09T13:20:52.938+0000] {processor.py:186} INFO - Started process (PID=711) to work on /home/airflow/.local/lib/python3.12/site-packages/airflow/example_dags/example_dag_decorator.py
[2024-12-09T13:20:52.939+0000] {processor.py:914} INFO - Processing file /home/airflow/.local/lib/python3.12/site-packages/airflow/example_dags/example_dag_decorator.py for tasks to queue
[2024-12-09T13:20:52.941+0000] {logging_mixin.py:190} INFO - [2024-12-09T13:20:52.940+0000] {dagbag.py:588} INFO - Filling up the DagBag from /home/airflow/.local/lib/python3.12/site-packages/airflow/example_dags/example_dag_decorator.py
[2024-12-09T13:20:52.950+0000] {processor.py:925} INFO - DAG(s) 'example_dag_decorator' retrieved from /home/airflow/.local/lib/python3.12/site-packages/airflow/example_dags/example_dag_decorator.py
[2024-12-09T13:20:53.042+0000] {logging_mixin.py:190} INFO - [2024-12-09T13:20:53.042+0000] {dag.py:3239} INFO - Sync 1 DAGs
[2024-12-09T13:20:53.051+0000] {logging_mixin.py:190} INFO - [2024-12-09T13:20:53.051+0000] {dag.py:4180} INFO - Setting next_dagrun for example_dag_decorator to None, run_after=None
[2024-12-09T13:20:53.068+0000] {processor.py:208} INFO - Processing /home/airflow/.local/lib/python3.12/site-packages/airflow/example_dags/example_dag_decorator.py took 0.134 seconds
[2024-12-09T13:21:24.181+0000] {processor.py:186} INFO - Started process (PID=774) to work on /home/airflow/.local/lib/python3.12/site-packages/airflow/example_dags/example_dag_decorator.py
[2024-12-09T13:21:24.182+0000] {processor.py:914} INFO - Processing file /home/airflow/.local/lib/python3.12/site-packages/airflow/example_dags/example_dag_decorator.py for tasks to queue
[2024-12-09T13:21:24.183+0000] {logging_mixin.py:190} INFO - [2024-12-09T13:21:24.183+0000] {dagbag.py:588} INFO - Filling up the DagBag from /home/airflow/.local/lib/python3.12/site-packages/airflow/example_dags/example_dag_decorator.py
[2024-12-09T13:21:24.192+0000] {processor.py:925} INFO - DAG(s) 'example_dag_decorator' retrieved from /home/airflow/.local/lib/python3.12/site-packages/airflow/example_dags/example_dag_decorator.py
[2024-12-09T13:21:24.281+0000] {logging_mixin.py:190} INFO - [2024-12-09T13:21:24.281+0000] {dag.py:3239} INFO - Sync 1 DAGs
[2024-12-09T13:21:24.291+0000] {logging_mixin.py:190} INFO - [2024-12-09T13:21:24.290+0000] {dag.py:4180} INFO - Setting next_dagrun for example_dag_decorator to None, run_after=None
[2024-12-09T13:21:24.306+0000] {processor.py:208} INFO - Processing /home/airflow/.local/lib/python3.12/site-packages/airflow/example_dags/example_dag_decorator.py took 0.129 seconds
[2024-12-09T13:21:55.338+0000] {processor.py:186} INFO - Started process (PID=837) to work on /home/airflow/.local/lib/python3.12/site-packages/airflow/example_dags/example_dag_decorator.py
[2024-12-09T13:21:55.339+0000] {processor.py:914} INFO - Processing file /home/airflow/.local/lib/python3.12/site-packages/airflow/example_dags/example_dag_decorator.py for tasks to queue
[2024-12-09T13:21:55.340+0000] {logging_mixin.py:190} INFO - [2024-12-09T13:21:55.340+0000] {dagbag.py:588} INFO - Filling up the DagBag from /home/airflow/.local/lib/python3.12/site-packages/airflow/example_dags/example_dag_decorator.py
[2024-12-09T13:21:55.348+0000] {processor.py:925} INFO - DAG(s) 'example_dag_decorator' retrieved from /home/airflow/.local/lib/python3.12/site-packages/airflow/example_dags/example_dag_decorator.py
[2024-12-09T13:21:55.438+0000] {logging_mixin.py:190} INFO - [2024-12-09T13:21:55.438+0000] {dag.py:3239} INFO - Sync 1 DAGs
[2024-12-09T13:21:55.449+0000] {logging_mixin.py:190} INFO - [2024-12-09T13:21:55.449+0000] {dag.py:4180} INFO - Setting next_dagrun for example_dag_decorator to None, run_after=None
[2024-12-09T13:21:55.465+0000] {processor.py:208} INFO - Processing /home/airflow/.local/lib/python3.12/site-packages/airflow/example_dags/example_dag_decorator.py took 0.131 seconds
[2024-12-09T13:22:26.260+0000] {processor.py:186} INFO - Started process (PID=900) to work on /home/airflow/.local/lib/python3.12/site-packages/airflow/example_dags/example_dag_decorator.py
[2024-12-09T13:22:26.261+0000] {processor.py:914} INFO - Processing file /home/airflow/.local/lib/python3.12/site-packages/airflow/example_dags/example_dag_decorator.py for tasks to queue
[2024-12-09T13:22:26.263+0000] {logging_mixin.py:190} INFO - [2024-12-09T13:22:26.263+0000] {dagbag.py:588} INFO - Filling up the DagBag from /home/airflow/.local/lib/python3.12/site-packages/airflow/example_dags/example_dag_decorator.py
[2024-12-09T13:22:26.272+0000] {processor.py:925} INFO - DAG(s) 'example_dag_decorator' retrieved from /home/airflow/.local/lib/python3.12/site-packages/airflow/example_dags/example_dag_decorator.py
[2024-12-09T13:22:26.359+0000] {logging_mixin.py:190} INFO - [2024-12-09T13:22:26.359+0000] {dag.py:3239} INFO - Sync 1 DAGs
[2024-12-09T13:22:26.369+0000] {logging_mixin.py:190} INFO - [2024-12-09T13:22:26.369+0000] {dag.py:4180} INFO - Setting next_dagrun for example_dag_decorator to None, run_after=None
[2024-12-09T13:22:26.384+0000] {processor.py:208} INFO - Processing /home/airflow/.local/lib/python3.12/site-packages/airflow/example_dags/example_dag_decorator.py took 0.128 seconds
[2024-12-09T13:22:57.393+0000] {processor.py:186} INFO - Started process (PID=963) to work on /home/airflow/.local/lib/python3.12/site-packages/airflow/example_dags/example_dag_decorator.py
[2024-12-09T13:22:57.393+0000] {processor.py:914} INFO - Processing file /home/airflow/.local/lib/python3.12/site-packages/airflow/example_dags/example_dag_decorator.py for tasks to queue
[2024-12-09T13:22:57.396+0000] {logging_mixin.py:190} INFO - [2024-12-09T13:22:57.395+0000] {dagbag.py:588} INFO - Filling up the DagBag from /home/airflow/.local/lib/python3.12/site-packages/airflow/example_dags/example_dag_decorator.py
[2024-12-09T13:22:57.408+0000] {processor.py:925} INFO - DAG(s) 'example_dag_decorator' retrieved from /home/airflow/.local/lib/python3.12/site-packages/airflow/example_dags/example_dag_decorator.py
[2024-12-09T13:22:57.501+0000] {logging_mixin.py:190} INFO - [2024-12-09T13:22:57.501+0000] {dag.py:3239} INFO - Sync 1 DAGs
[2024-12-09T13:22:57.513+0000] {logging_mixin.py:190} INFO - [2024-12-09T13:22:57.513+0000] {dag.py:4180} INFO - Setting next_dagrun for example_dag_decorator to None, run_after=None
[2024-12-09T13:22:57.528+0000] {processor.py:208} INFO - Processing /home/airflow/.local/lib/python3.12/site-packages/airflow/example_dags/example_dag_decorator.py took 0.140 seconds
[2024-12-09T13:23:29.188+0000] {processor.py:186} INFO - Started process (PID=1027) to work on /home/airflow/.local/lib/python3.12/site-packages/airflow/example_dags/example_dag_decorator.py
[2024-12-09T13:23:29.188+0000] {processor.py:914} INFO - Processing file /home/airflow/.local/lib/python3.12/site-packages/airflow/example_dags/example_dag_decorator.py for tasks to queue
[2024-12-09T13:23:29.190+0000] {logging_mixin.py:190} INFO - [2024-12-09T13:23:29.190+0000] {dagbag.py:588} INFO - Filling up the DagBag from /home/airflow/.local/lib/python3.12/site-packages/airflow/example_dags/example_dag_decorator.py
[2024-12-09T13:23:29.199+0000] {processor.py:925} INFO - DAG(s) 'example_dag_decorator' retrieved from /home/airflow/.local/lib/python3.12/site-packages/airflow/example_dags/example_dag_decorator.py
[2024-12-09T13:23:29.287+0000] {logging_mixin.py:190} INFO - [2024-12-09T13:23:29.287+0000] {dag.py:3239} INFO - Sync 1 DAGs
[2024-12-09T13:23:29.299+0000] {logging_mixin.py:190} INFO - [2024-12-09T13:23:29.298+0000] {dag.py:4180} INFO - Setting next_dagrun for example_dag_decorator to None, run_after=None
[2024-12-09T13:23:29.315+0000] {processor.py:208} INFO - Processing /home/airflow/.local/lib/python3.12/site-packages/airflow/example_dags/example_dag_decorator.py took 0.131 seconds
[2024-12-09T13:24:02.481+0000] {processor.py:186} INFO - Started process (PID=1090) to work on /home/airflow/.local/lib/python3.12/site-packages/airflow/example_dags/example_dag_decorator.py
[2024-12-09T13:24:02.482+0000] {processor.py:914} INFO - Processing file /home/airflow/.local/lib/python3.12/site-packages/airflow/example_dags/example_dag_decorator.py for tasks to queue
[2024-12-09T13:24:02.484+0000] {logging_mixin.py:190} INFO - [2024-12-09T13:24:02.484+0000] {dagbag.py:588} INFO - Filling up the DagBag from /home/airflow/.local/lib/python3.12/site-packages/airflow/example_dags/example_dag_decorator.py
[2024-12-09T13:24:02.493+0000] {processor.py:925} INFO - DAG(s) 'example_dag_decorator' retrieved from /home/airflow/.local/lib/python3.12/site-packages/airflow/example_dags/example_dag_decorator.py
[2024-12-09T13:24:02.600+0000] {logging_mixin.py:190} INFO - [2024-12-09T13:24:02.600+0000] {dag.py:3239} INFO - Sync 1 DAGs
[2024-12-09T13:24:02.610+0000] {logging_mixin.py:190} INFO - [2024-12-09T13:24:02.610+0000] {dag.py:4180} INFO - Setting next_dagrun for example_dag_decorator to None, run_after=None
[2024-12-09T13:24:02.626+0000] {processor.py:208} INFO - Processing /home/airflow/.local/lib/python3.12/site-packages/airflow/example_dags/example_dag_decorator.py took 0.151 seconds
[2024-12-09T13:24:36.054+0000] {processor.py:186} INFO - Started process (PID=1153) to work on /home/airflow/.local/lib/python3.12/site-packages/airflow/example_dags/example_dag_decorator.py
[2024-12-09T13:24:36.055+0000] {processor.py:914} INFO - Processing file /home/airflow/.local/lib/python3.12/site-packages/airflow/example_dags/example_dag_decorator.py for tasks to queue
[2024-12-09T13:24:36.056+0000] {logging_mixin.py:190} INFO - [2024-12-09T13:24:36.056+0000] {dagbag.py:588} INFO - Filling up the DagBag from /home/airflow/.local/lib/python3.12/site-packages/airflow/example_dags/example_dag_decorator.py
[2024-12-09T13:24:36.067+0000] {processor.py:925} INFO - DAG(s) 'example_dag_decorator' retrieved from /home/airflow/.local/lib/python3.12/site-packages/airflow/example_dags/example_dag_decorator.py
[2024-12-09T13:24:36.158+0000] {logging_mixin.py:190} INFO - [2024-12-09T13:24:36.158+0000] {dag.py:3239} INFO - Sync 1 DAGs
[2024-12-09T13:24:36.168+0000] {logging_mixin.py:190} INFO - [2024-12-09T13:24:36.168+0000] {dag.py:4180} INFO - Setting next_dagrun for example_dag_decorator to None, run_after=None
[2024-12-09T13:24:36.185+0000] {processor.py:208} INFO - Processing /home/airflow/.local/lib/python3.12/site-packages/airflow/example_dags/example_dag_decorator.py took 0.136 seconds
[2024-12-09T13:25:07.205+0000] {processor.py:186} INFO - Started process (PID=1208) to work on /home/airflow/.local/lib/python3.12/site-packages/airflow/example_dags/example_dag_decorator.py
[2024-12-09T13:25:07.206+0000] {processor.py:914} INFO - Processing file /home/airflow/.local/lib/python3.12/site-packages/airflow/example_dags/example_dag_decorator.py for tasks to queue
[2024-12-09T13:25:07.208+0000] {logging_mixin.py:190} INFO - [2024-12-09T13:25:07.208+0000] {dagbag.py:588} INFO - Filling up the DagBag from /home/airflow/.local/lib/python3.12/site-packages/airflow/example_dags/example_dag_decorator.py
[2024-12-09T13:25:07.217+0000] {processor.py:925} INFO - DAG(s) 'example_dag_decorator' retrieved from /home/airflow/.local/lib/python3.12/site-packages/airflow/example_dags/example_dag_decorator.py
[2024-12-09T13:25:07.307+0000] {logging_mixin.py:190} INFO - [2024-12-09T13:25:07.307+0000] {dag.py:3239} INFO - Sync 1 DAGs
[2024-12-09T13:25:07.317+0000] {logging_mixin.py:190} INFO - [2024-12-09T13:25:07.317+0000] {dag.py:4180} INFO - Setting next_dagrun for example_dag_decorator to None, run_after=None
[2024-12-09T13:25:07.332+0000] {processor.py:208} INFO - Processing /home/airflow/.local/lib/python3.12/site-packages/airflow/example_dags/example_dag_decorator.py took 0.131 seconds
[2024-12-09T13:25:40.202+0000] {processor.py:186} INFO - Started process (PID=1271) to work on /home/airflow/.local/lib/python3.12/site-packages/airflow/example_dags/example_dag_decorator.py
[2024-12-09T13:25:40.203+0000] {processor.py:914} INFO - Processing file /home/airflow/.local/lib/python3.12/site-packages/airflow/example_dags/example_dag_decorator.py for tasks to queue
[2024-12-09T13:25:40.205+0000] {logging_mixin.py:190} INFO - [2024-12-09T13:25:40.204+0000] {dagbag.py:588} INFO - Filling up the DagBag from /home/airflow/.local/lib/python3.12/site-packages/airflow/example_dags/example_dag_decorator.py
[2024-12-09T13:25:40.213+0000] {processor.py:925} INFO - DAG(s) 'example_dag_decorator' retrieved from /home/airflow/.local/lib/python3.12/site-packages/airflow/example_dags/example_dag_decorator.py
[2024-12-09T13:25:40.316+0000] {logging_mixin.py:190} INFO - [2024-12-09T13:25:40.316+0000] {dag.py:3239} INFO - Sync 1 DAGs
[2024-12-09T13:25:40.327+0000] {logging_mixin.py:190} INFO - [2024-12-09T13:25:40.327+0000] {dag.py:4180} INFO - Setting next_dagrun for example_dag_decorator to None, run_after=None
[2024-12-09T13:25:40.343+0000] {processor.py:208} INFO - Processing /home/airflow/.local/lib/python3.12/site-packages/airflow/example_dags/example_dag_decorator.py took 0.145 seconds
[2024-12-09T13:26:13.628+0000] {processor.py:186} INFO - Started process (PID=1334) to work on /home/airflow/.local/lib/python3.12/site-packages/airflow/example_dags/example_dag_decorator.py
[2024-12-09T13:26:13.628+0000] {processor.py:914} INFO - Processing file /home/airflow/.local/lib/python3.12/site-packages/airflow/example_dags/example_dag_decorator.py for tasks to queue
[2024-12-09T13:26:13.630+0000] {logging_mixin.py:190} INFO - [2024-12-09T13:26:13.630+0000] {dagbag.py:588} INFO - Filling up the DagBag from /home/airflow/.local/lib/python3.12/site-packages/airflow/example_dags/example_dag_decorator.py
[2024-12-09T13:26:13.641+0000] {processor.py:925} INFO - DAG(s) 'example_dag_decorator' retrieved from /home/airflow/.local/lib/python3.12/site-packages/airflow/example_dags/example_dag_decorator.py
[2024-12-09T13:26:13.751+0000] {logging_mixin.py:190} INFO - [2024-12-09T13:26:13.751+0000] {dag.py:3239} INFO - Sync 1 DAGs
[2024-12-09T13:26:13.762+0000] {logging_mixin.py:190} INFO - [2024-12-09T13:26:13.761+0000] {dag.py:4180} INFO - Setting next_dagrun for example_dag_decorator to None, run_after=None
[2024-12-09T13:26:13.777+0000] {processor.py:208} INFO - Processing /home/airflow/.local/lib/python3.12/site-packages/airflow/example_dags/example_dag_decorator.py took 0.155 seconds
[2024-12-09T13:26:45.016+0000] {processor.py:186} INFO - Started process (PID=1387) to work on /home/airflow/.local/lib/python3.12/site-packages/airflow/example_dags/example_dag_decorator.py
[2024-12-09T13:26:45.016+0000] {processor.py:914} INFO - Processing file /home/airflow/.local/lib/python3.12/site-packages/airflow/example_dags/example_dag_decorator.py for tasks to queue
[2024-12-09T13:26:45.018+0000] {logging_mixin.py:190} INFO - [2024-12-09T13:26:45.018+0000] {dagbag.py:588} INFO - Filling up the DagBag from /home/airflow/.local/lib/python3.12/site-packages/airflow/example_dags/example_dag_decorator.py
[2024-12-09T13:26:45.027+0000] {processor.py:925} INFO - DAG(s) 'example_dag_decorator' retrieved from /home/airflow/.local/lib/python3.12/site-packages/airflow/example_dags/example_dag_decorator.py
[2024-12-09T13:26:45.122+0000] {logging_mixin.py:190} INFO - [2024-12-09T13:26:45.122+0000] {dag.py:3239} INFO - Sync 1 DAGs
[2024-12-09T13:26:45.134+0000] {logging_mixin.py:190} INFO - [2024-12-09T13:26:45.133+0000] {dag.py:4180} INFO - Setting next_dagrun for example_dag_decorator to None, run_after=None
[2024-12-09T13:26:45.149+0000] {processor.py:208} INFO - Processing /home/airflow/.local/lib/python3.12/site-packages/airflow/example_dags/example_dag_decorator.py took 0.137 seconds
[2024-12-09T13:27:17.863+0000] {processor.py:186} INFO - Started process (PID=1450) to work on /home/airflow/.local/lib/python3.12/site-packages/airflow/example_dags/example_dag_decorator.py
[2024-12-09T13:27:17.864+0000] {processor.py:914} INFO - Processing file /home/airflow/.local/lib/python3.12/site-packages/airflow/example_dags/example_dag_decorator.py for tasks to queue
[2024-12-09T13:27:17.866+0000] {logging_mixin.py:190} INFO - [2024-12-09T13:27:17.866+0000] {dagbag.py:588} INFO - Filling up the DagBag from /home/airflow/.local/lib/python3.12/site-packages/airflow/example_dags/example_dag_decorator.py
[2024-12-09T13:27:17.875+0000] {processor.py:925} INFO - DAG(s) 'example_dag_decorator' retrieved from /home/airflow/.local/lib/python3.12/site-packages/airflow/example_dags/example_dag_decorator.py
[2024-12-09T13:27:17.964+0000] {logging_mixin.py:190} INFO - [2024-12-09T13:27:17.963+0000] {dag.py:3239} INFO - Sync 1 DAGs
[2024-12-09T13:27:17.973+0000] {logging_mixin.py:190} INFO - [2024-12-09T13:27:17.973+0000] {dag.py:4180} INFO - Setting next_dagrun for example_dag_decorator to None, run_after=None
[2024-12-09T13:27:17.989+0000] {processor.py:208} INFO - Processing /home/airflow/.local/lib/python3.12/site-packages/airflow/example_dags/example_dag_decorator.py took 0.130 seconds
