[2024-12-09T13:15:40.596+0000] {processor.py:186} INFO - Started process (PID=77) to work on /home/airflow/.local/lib/python3.12/site-packages/airflow/example_dags/example_dataset_alias.py
[2024-12-09T13:15:40.597+0000] {processor.py:914} INFO - Processing file /home/airflow/.local/lib/python3.12/site-packages/airflow/example_dags/example_dataset_alias.py for tasks to queue
[2024-12-09T13:15:40.599+0000] {logging_mixin.py:190} INFO - [2024-12-09T13:15:40.599+0000] {dagbag.py:588} INFO - Filling up the DagBag from /home/airflow/.local/lib/python3.12/site-packages/airflow/example_dags/example_dataset_alias.py
[2024-12-09T13:15:41.899+0000] {processor.py:925} INFO - DAG(s) 'dataset_alias_example_alias_consumer', 'dataset_s3_bucket_consumer', 'dataset_alias_example_alias_producer', 'dataset_s3_bucket_producer' retrieved from /home/airflow/.local/lib/python3.12/site-packages/airflow/example_dags/example_dataset_alias.py
[2024-12-09T13:15:41.976+0000] {logging_mixin.py:190} INFO - [2024-12-09T13:15:41.975+0000] {override.py:1911} INFO - Created Permission View: can delete on DAG:dataset_alias_example_alias_consumer
[2024-12-09T13:15:41.985+0000] {logging_mixin.py:190} INFO - [2024-12-09T13:15:41.985+0000] {override.py:1911} INFO - Created Permission View: can edit on DAG:dataset_alias_example_alias_consumer
[2024-12-09T13:15:41.992+0000] {logging_mixin.py:190} INFO - [2024-12-09T13:15:41.992+0000] {override.py:1911} INFO - Created Permission View: can read on DAG:dataset_alias_example_alias_consumer
[2024-12-09T13:15:41.999+0000] {logging_mixin.py:190} INFO - [2024-12-09T13:15:41.999+0000] {override.py:1911} INFO - Created Permission View: menu access on DAG Run:dataset_alias_example_alias_consumer
[2024-12-09T13:15:42.005+0000] {logging_mixin.py:190} INFO - [2024-12-09T13:15:42.005+0000] {override.py:1911} INFO - Created Permission View: can create on DAG Run:dataset_alias_example_alias_consumer
[2024-12-09T13:15:42.011+0000] {logging_mixin.py:190} INFO - [2024-12-09T13:15:42.011+0000] {override.py:1911} INFO - Created Permission View: can delete on DAG Run:dataset_alias_example_alias_consumer
[2024-12-09T13:15:42.017+0000] {logging_mixin.py:190} INFO - [2024-12-09T13:15:42.017+0000] {override.py:1911} INFO - Created Permission View: can read on DAG Run:dataset_alias_example_alias_consumer
[2024-12-09T13:15:42.032+0000] {logging_mixin.py:190} INFO - [2024-12-09T13:15:42.032+0000] {override.py:1911} INFO - Created Permission View: can delete on DAG:dataset_s3_bucket_consumer
[2024-12-09T13:15:42.040+0000] {logging_mixin.py:190} INFO - [2024-12-09T13:15:42.040+0000] {override.py:1911} INFO - Created Permission View: can edit on DAG:dataset_s3_bucket_consumer
[2024-12-09T13:15:42.048+0000] {logging_mixin.py:190} INFO - [2024-12-09T13:15:42.048+0000] {override.py:1911} INFO - Created Permission View: can read on DAG:dataset_s3_bucket_consumer
[2024-12-09T13:15:42.057+0000] {logging_mixin.py:190} INFO - [2024-12-09T13:15:42.057+0000] {override.py:1911} INFO - Created Permission View: menu access on DAG Run:dataset_s3_bucket_consumer
[2024-12-09T13:15:42.064+0000] {logging_mixin.py:190} INFO - [2024-12-09T13:15:42.064+0000] {override.py:1911} INFO - Created Permission View: can create on DAG Run:dataset_s3_bucket_consumer
[2024-12-09T13:15:42.071+0000] {logging_mixin.py:190} INFO - [2024-12-09T13:15:42.071+0000] {override.py:1911} INFO - Created Permission View: can delete on DAG Run:dataset_s3_bucket_consumer
[2024-12-09T13:15:42.079+0000] {logging_mixin.py:190} INFO - [2024-12-09T13:15:42.079+0000] {override.py:1911} INFO - Created Permission View: can read on DAG Run:dataset_s3_bucket_consumer
[2024-12-09T13:15:42.095+0000] {logging_mixin.py:190} INFO - [2024-12-09T13:15:42.095+0000] {override.py:1911} INFO - Created Permission View: can delete on DAG:dataset_alias_example_alias_producer
[2024-12-09T13:15:42.103+0000] {logging_mixin.py:190} INFO - [2024-12-09T13:15:42.103+0000] {override.py:1911} INFO - Created Permission View: can edit on DAG:dataset_alias_example_alias_producer
[2024-12-09T13:15:42.110+0000] {logging_mixin.py:190} INFO - [2024-12-09T13:15:42.110+0000] {override.py:1911} INFO - Created Permission View: can read on DAG:dataset_alias_example_alias_producer
[2024-12-09T13:15:42.118+0000] {logging_mixin.py:190} INFO - [2024-12-09T13:15:42.118+0000] {override.py:1911} INFO - Created Permission View: menu access on DAG Run:dataset_alias_example_alias_producer
[2024-12-09T13:15:42.140+0000] {logging_mixin.py:190} INFO - [2024-12-09T13:15:42.139+0000] {override.py:1911} INFO - Created Permission View: can create on DAG Run:dataset_alias_example_alias_producer
[2024-12-09T13:15:42.156+0000] {logging_mixin.py:190} INFO - [2024-12-09T13:15:42.156+0000] {override.py:1911} INFO - Created Permission View: can delete on DAG Run:dataset_alias_example_alias_producer
[2024-12-09T13:15:42.169+0000] {logging_mixin.py:190} INFO - [2024-12-09T13:15:42.169+0000] {override.py:1911} INFO - Created Permission View: can read on DAG Run:dataset_alias_example_alias_producer
[2024-12-09T13:15:42.183+0000] {logging_mixin.py:190} INFO - [2024-12-09T13:15:42.183+0000] {override.py:1911} INFO - Created Permission View: can delete on DAG:dataset_s3_bucket_producer
[2024-12-09T13:15:42.189+0000] {logging_mixin.py:190} INFO - [2024-12-09T13:15:42.189+0000] {override.py:1911} INFO - Created Permission View: can edit on DAG:dataset_s3_bucket_producer
[2024-12-09T13:15:42.195+0000] {logging_mixin.py:190} INFO - [2024-12-09T13:15:42.195+0000] {override.py:1911} INFO - Created Permission View: can read on DAG:dataset_s3_bucket_producer
[2024-12-09T13:15:42.202+0000] {logging_mixin.py:190} INFO - [2024-12-09T13:15:42.202+0000] {override.py:1911} INFO - Created Permission View: menu access on DAG Run:dataset_s3_bucket_producer
[2024-12-09T13:15:42.209+0000] {logging_mixin.py:190} INFO - [2024-12-09T13:15:42.209+0000] {override.py:1911} INFO - Created Permission View: can create on DAG Run:dataset_s3_bucket_producer
[2024-12-09T13:15:42.215+0000] {logging_mixin.py:190} INFO - [2024-12-09T13:15:42.215+0000] {override.py:1911} INFO - Created Permission View: can delete on DAG Run:dataset_s3_bucket_producer
[2024-12-09T13:15:42.221+0000] {logging_mixin.py:190} INFO - [2024-12-09T13:15:42.221+0000] {override.py:1911} INFO - Created Permission View: can read on DAG Run:dataset_s3_bucket_producer
[2024-12-09T13:15:42.222+0000] {logging_mixin.py:190} INFO - [2024-12-09T13:15:42.222+0000] {dag.py:3239} INFO - Sync 4 DAGs
[2024-12-09T13:15:42.241+0000] {logging_mixin.py:190} INFO - [2024-12-09T13:15:42.241+0000] {dag.py:3262} INFO - Creating ORM DAG for dataset_s3_bucket_consumer
[2024-12-09T13:15:42.242+0000] {logging_mixin.py:190} INFO - [2024-12-09T13:15:42.242+0000] {dag.py:3262} INFO - Creating ORM DAG for dataset_s3_bucket_producer
[2024-12-09T13:15:42.243+0000] {logging_mixin.py:190} INFO - [2024-12-09T13:15:42.243+0000] {dag.py:3262} INFO - Creating ORM DAG for dataset_alias_example_alias_consumer
[2024-12-09T13:15:42.244+0000] {logging_mixin.py:190} INFO - [2024-12-09T13:15:42.244+0000] {dag.py:3262} INFO - Creating ORM DAG for dataset_alias_example_alias_producer
[2024-12-09T13:15:42.253+0000] {logging_mixin.py:190} INFO - [2024-12-09T13:15:42.252+0000] {dag.py:4180} INFO - Setting next_dagrun for dataset_alias_example_alias_consumer to None, run_after=None
[2024-12-09T13:15:42.254+0000] {logging_mixin.py:190} INFO - [2024-12-09T13:15:42.254+0000] {dag.py:4180} INFO - Setting next_dagrun for dataset_alias_example_alias_producer to None, run_after=None
[2024-12-09T13:15:42.254+0000] {logging_mixin.py:190} INFO - [2024-12-09T13:15:42.254+0000] {dag.py:4180} INFO - Setting next_dagrun for dataset_s3_bucket_consumer to None, run_after=None
[2024-12-09T13:15:42.255+0000] {logging_mixin.py:190} INFO - [2024-12-09T13:15:42.255+0000] {dag.py:4180} INFO - Setting next_dagrun for dataset_s3_bucket_producer to None, run_after=None
[2024-12-09T13:15:42.288+0000] {processor.py:208} INFO - Processing /home/airflow/.local/lib/python3.12/site-packages/airflow/example_dags/example_dataset_alias.py took 1.700 seconds
[2024-12-09T13:16:12.780+0000] {processor.py:186} INFO - Started process (PID=140) to work on /home/airflow/.local/lib/python3.12/site-packages/airflow/example_dags/example_dataset_alias.py
[2024-12-09T13:16:12.781+0000] {processor.py:914} INFO - Processing file /home/airflow/.local/lib/python3.12/site-packages/airflow/example_dags/example_dataset_alias.py for tasks to queue
[2024-12-09T13:16:12.783+0000] {logging_mixin.py:190} INFO - [2024-12-09T13:16:12.783+0000] {dagbag.py:588} INFO - Filling up the DagBag from /home/airflow/.local/lib/python3.12/site-packages/airflow/example_dags/example_dataset_alias.py
[2024-12-09T13:16:13.312+0000] {processor.py:925} INFO - DAG(s) 'dataset_alias_example_alias_consumer', 'dataset_s3_bucket_producer', 'dataset_s3_bucket_consumer', 'dataset_alias_example_alias_producer' retrieved from /home/airflow/.local/lib/python3.12/site-packages/airflow/example_dags/example_dataset_alias.py
[2024-12-09T13:16:13.332+0000] {logging_mixin.py:190} INFO - [2024-12-09T13:16:13.330+0000] {dag.py:3239} INFO - Sync 4 DAGs
[2024-12-09T13:16:13.352+0000] {logging_mixin.py:190} INFO - [2024-12-09T13:16:13.352+0000] {dag.py:4180} INFO - Setting next_dagrun for dataset_alias_example_alias_consumer to None, run_after=None
[2024-12-09T13:16:13.354+0000] {logging_mixin.py:190} INFO - [2024-12-09T13:16:13.354+0000] {dag.py:4180} INFO - Setting next_dagrun for dataset_alias_example_alias_producer to None, run_after=None
[2024-12-09T13:16:13.356+0000] {logging_mixin.py:190} INFO - [2024-12-09T13:16:13.356+0000] {dag.py:4180} INFO - Setting next_dagrun for dataset_s3_bucket_consumer to None, run_after=None
[2024-12-09T13:16:13.357+0000] {logging_mixin.py:190} INFO - [2024-12-09T13:16:13.357+0000] {dag.py:4180} INFO - Setting next_dagrun for dataset_s3_bucket_producer to None, run_after=None
[2024-12-09T13:16:13.374+0000] {processor.py:208} INFO - Processing /home/airflow/.local/lib/python3.12/site-packages/airflow/example_dags/example_dataset_alias.py took 0.598 seconds
[2024-12-09T13:16:43.845+0000] {processor.py:186} INFO - Started process (PID=203) to work on /home/airflow/.local/lib/python3.12/site-packages/airflow/example_dags/example_dataset_alias.py
[2024-12-09T13:16:43.846+0000] {processor.py:914} INFO - Processing file /home/airflow/.local/lib/python3.12/site-packages/airflow/example_dags/example_dataset_alias.py for tasks to queue
[2024-12-09T13:16:43.847+0000] {logging_mixin.py:190} INFO - [2024-12-09T13:16:43.847+0000] {dagbag.py:588} INFO - Filling up the DagBag from /home/airflow/.local/lib/python3.12/site-packages/airflow/example_dags/example_dataset_alias.py
[2024-12-09T13:16:44.391+0000] {processor.py:925} INFO - DAG(s) 'dataset_alias_example_alias_consumer', 'dataset_s3_bucket_producer', 'dataset_alias_example_alias_producer', 'dataset_s3_bucket_consumer' retrieved from /home/airflow/.local/lib/python3.12/site-packages/airflow/example_dags/example_dataset_alias.py
[2024-12-09T13:16:44.409+0000] {logging_mixin.py:190} INFO - [2024-12-09T13:16:44.409+0000] {dag.py:3239} INFO - Sync 4 DAGs
[2024-12-09T13:16:44.431+0000] {logging_mixin.py:190} INFO - [2024-12-09T13:16:44.430+0000] {dag.py:4180} INFO - Setting next_dagrun for dataset_alias_example_alias_consumer to None, run_after=None
[2024-12-09T13:16:44.433+0000] {logging_mixin.py:190} INFO - [2024-12-09T13:16:44.432+0000] {dag.py:4180} INFO - Setting next_dagrun for dataset_alias_example_alias_producer to None, run_after=None
[2024-12-09T13:16:44.434+0000] {logging_mixin.py:190} INFO - [2024-12-09T13:16:44.434+0000] {dag.py:4180} INFO - Setting next_dagrun for dataset_s3_bucket_consumer to None, run_after=None
[2024-12-09T13:16:44.435+0000] {logging_mixin.py:190} INFO - [2024-12-09T13:16:44.435+0000] {dag.py:4180} INFO - Setting next_dagrun for dataset_s3_bucket_producer to None, run_after=None
[2024-12-09T13:16:44.454+0000] {processor.py:208} INFO - Processing /home/airflow/.local/lib/python3.12/site-packages/airflow/example_dags/example_dataset_alias.py took 0.613 seconds
[2024-12-09T13:17:14.897+0000] {processor.py:186} INFO - Started process (PID=266) to work on /home/airflow/.local/lib/python3.12/site-packages/airflow/example_dags/example_dataset_alias.py
[2024-12-09T13:17:14.897+0000] {processor.py:914} INFO - Processing file /home/airflow/.local/lib/python3.12/site-packages/airflow/example_dags/example_dataset_alias.py for tasks to queue
[2024-12-09T13:17:14.899+0000] {logging_mixin.py:190} INFO - [2024-12-09T13:17:14.899+0000] {dagbag.py:588} INFO - Filling up the DagBag from /home/airflow/.local/lib/python3.12/site-packages/airflow/example_dags/example_dataset_alias.py
[2024-12-09T13:17:15.385+0000] {processor.py:925} INFO - DAG(s) 'dataset_alias_example_alias_consumer', 'dataset_s3_bucket_producer', 'dataset_alias_example_alias_producer', 'dataset_s3_bucket_consumer' retrieved from /home/airflow/.local/lib/python3.12/site-packages/airflow/example_dags/example_dataset_alias.py
[2024-12-09T13:17:15.401+0000] {logging_mixin.py:190} INFO - [2024-12-09T13:17:15.401+0000] {dag.py:3239} INFO - Sync 4 DAGs
[2024-12-09T13:17:15.419+0000] {logging_mixin.py:190} INFO - [2024-12-09T13:17:15.419+0000] {dag.py:4180} INFO - Setting next_dagrun for dataset_alias_example_alias_consumer to None, run_after=None
[2024-12-09T13:17:15.421+0000] {logging_mixin.py:190} INFO - [2024-12-09T13:17:15.421+0000] {dag.py:4180} INFO - Setting next_dagrun for dataset_alias_example_alias_producer to None, run_after=None
[2024-12-09T13:17:15.423+0000] {logging_mixin.py:190} INFO - [2024-12-09T13:17:15.423+0000] {dag.py:4180} INFO - Setting next_dagrun for dataset_s3_bucket_consumer to None, run_after=None
[2024-12-09T13:17:15.425+0000] {logging_mixin.py:190} INFO - [2024-12-09T13:17:15.424+0000] {dag.py:4180} INFO - Setting next_dagrun for dataset_s3_bucket_producer to None, run_after=None
[2024-12-09T13:17:15.441+0000] {processor.py:208} INFO - Processing /home/airflow/.local/lib/python3.12/site-packages/airflow/example_dags/example_dataset_alias.py took 0.549 seconds
[2024-12-09T13:17:45.903+0000] {processor.py:186} INFO - Started process (PID=329) to work on /home/airflow/.local/lib/python3.12/site-packages/airflow/example_dags/example_dataset_alias.py
[2024-12-09T13:17:45.903+0000] {processor.py:914} INFO - Processing file /home/airflow/.local/lib/python3.12/site-packages/airflow/example_dags/example_dataset_alias.py for tasks to queue
[2024-12-09T13:17:45.905+0000] {logging_mixin.py:190} INFO - [2024-12-09T13:17:45.905+0000] {dagbag.py:588} INFO - Filling up the DagBag from /home/airflow/.local/lib/python3.12/site-packages/airflow/example_dags/example_dataset_alias.py
[2024-12-09T13:17:46.494+0000] {processor.py:925} INFO - DAG(s) 'dataset_s3_bucket_producer', 'dataset_s3_bucket_consumer', 'dataset_alias_example_alias_producer', 'dataset_alias_example_alias_consumer' retrieved from /home/airflow/.local/lib/python3.12/site-packages/airflow/example_dags/example_dataset_alias.py
[2024-12-09T13:17:46.511+0000] {logging_mixin.py:190} INFO - [2024-12-09T13:17:46.511+0000] {dag.py:3239} INFO - Sync 4 DAGs
[2024-12-09T13:17:46.530+0000] {logging_mixin.py:190} INFO - [2024-12-09T13:17:46.530+0000] {dag.py:4180} INFO - Setting next_dagrun for dataset_alias_example_alias_consumer to None, run_after=None
[2024-12-09T13:17:46.532+0000] {logging_mixin.py:190} INFO - [2024-12-09T13:17:46.532+0000] {dag.py:4180} INFO - Setting next_dagrun for dataset_alias_example_alias_producer to None, run_after=None
[2024-12-09T13:17:46.534+0000] {logging_mixin.py:190} INFO - [2024-12-09T13:17:46.534+0000] {dag.py:4180} INFO - Setting next_dagrun for dataset_s3_bucket_consumer to None, run_after=None
[2024-12-09T13:17:46.535+0000] {logging_mixin.py:190} INFO - [2024-12-09T13:17:46.535+0000] {dag.py:4180} INFO - Setting next_dagrun for dataset_s3_bucket_producer to None, run_after=None
[2024-12-09T13:17:46.555+0000] {processor.py:208} INFO - Processing /home/airflow/.local/lib/python3.12/site-packages/airflow/example_dags/example_dataset_alias.py took 0.657 seconds
[2024-12-09T13:18:17.098+0000] {processor.py:186} INFO - Started process (PID=392) to work on /home/airflow/.local/lib/python3.12/site-packages/airflow/example_dags/example_dataset_alias.py
[2024-12-09T13:18:17.098+0000] {processor.py:914} INFO - Processing file /home/airflow/.local/lib/python3.12/site-packages/airflow/example_dags/example_dataset_alias.py for tasks to queue
[2024-12-09T13:18:17.100+0000] {logging_mixin.py:190} INFO - [2024-12-09T13:18:17.100+0000] {dagbag.py:588} INFO - Filling up the DagBag from /home/airflow/.local/lib/python3.12/site-packages/airflow/example_dags/example_dataset_alias.py
[2024-12-09T13:18:17.616+0000] {processor.py:925} INFO - DAG(s) 'dataset_alias_example_alias_consumer', 'dataset_alias_example_alias_producer', 'dataset_s3_bucket_producer', 'dataset_s3_bucket_consumer' retrieved from /home/airflow/.local/lib/python3.12/site-packages/airflow/example_dags/example_dataset_alias.py
[2024-12-09T13:18:17.635+0000] {logging_mixin.py:190} INFO - [2024-12-09T13:18:17.634+0000] {dag.py:3239} INFO - Sync 4 DAGs
[2024-12-09T13:18:17.653+0000] {logging_mixin.py:190} INFO - [2024-12-09T13:18:17.653+0000] {dag.py:4180} INFO - Setting next_dagrun for dataset_alias_example_alias_consumer to None, run_after=None
[2024-12-09T13:18:17.655+0000] {logging_mixin.py:190} INFO - [2024-12-09T13:18:17.655+0000] {dag.py:4180} INFO - Setting next_dagrun for dataset_alias_example_alias_producer to None, run_after=None
[2024-12-09T13:18:17.657+0000] {logging_mixin.py:190} INFO - [2024-12-09T13:18:17.657+0000] {dag.py:4180} INFO - Setting next_dagrun for dataset_s3_bucket_consumer to None, run_after=None
[2024-12-09T13:18:17.658+0000] {logging_mixin.py:190} INFO - [2024-12-09T13:18:17.658+0000] {dag.py:4180} INFO - Setting next_dagrun for dataset_s3_bucket_producer to None, run_after=None
[2024-12-09T13:18:17.676+0000] {processor.py:208} INFO - Processing /home/airflow/.local/lib/python3.12/site-packages/airflow/example_dags/example_dataset_alias.py took 0.582 seconds
[2024-12-09T13:18:48.054+0000] {processor.py:186} INFO - Started process (PID=455) to work on /home/airflow/.local/lib/python3.12/site-packages/airflow/example_dags/example_dataset_alias.py
[2024-12-09T13:18:48.055+0000] {processor.py:914} INFO - Processing file /home/airflow/.local/lib/python3.12/site-packages/airflow/example_dags/example_dataset_alias.py for tasks to queue
[2024-12-09T13:18:48.057+0000] {logging_mixin.py:190} INFO - [2024-12-09T13:18:48.057+0000] {dagbag.py:588} INFO - Filling up the DagBag from /home/airflow/.local/lib/python3.12/site-packages/airflow/example_dags/example_dataset_alias.py
[2024-12-09T13:18:48.586+0000] {processor.py:925} INFO - DAG(s) 'dataset_s3_bucket_consumer', 'dataset_alias_example_alias_producer', 'dataset_alias_example_alias_consumer', 'dataset_s3_bucket_producer' retrieved from /home/airflow/.local/lib/python3.12/site-packages/airflow/example_dags/example_dataset_alias.py
[2024-12-09T13:18:48.604+0000] {logging_mixin.py:190} INFO - [2024-12-09T13:18:48.602+0000] {dag.py:3239} INFO - Sync 4 DAGs
[2024-12-09T13:18:48.622+0000] {logging_mixin.py:190} INFO - [2024-12-09T13:18:48.622+0000] {dag.py:4180} INFO - Setting next_dagrun for dataset_alias_example_alias_consumer to None, run_after=None
[2024-12-09T13:18:48.624+0000] {logging_mixin.py:190} INFO - [2024-12-09T13:18:48.624+0000] {dag.py:4180} INFO - Setting next_dagrun for dataset_alias_example_alias_producer to None, run_after=None
[2024-12-09T13:18:48.626+0000] {logging_mixin.py:190} INFO - [2024-12-09T13:18:48.626+0000] {dag.py:4180} INFO - Setting next_dagrun for dataset_s3_bucket_consumer to None, run_after=None
[2024-12-09T13:18:48.627+0000] {logging_mixin.py:190} INFO - [2024-12-09T13:18:48.627+0000] {dag.py:4180} INFO - Setting next_dagrun for dataset_s3_bucket_producer to None, run_after=None
[2024-12-09T13:18:48.647+0000] {processor.py:208} INFO - Processing /home/airflow/.local/lib/python3.12/site-packages/airflow/example_dags/example_dataset_alias.py took 0.597 seconds
[2024-12-09T13:19:18.962+0000] {processor.py:186} INFO - Started process (PID=518) to work on /home/airflow/.local/lib/python3.12/site-packages/airflow/example_dags/example_dataset_alias.py
[2024-12-09T13:19:18.962+0000] {processor.py:914} INFO - Processing file /home/airflow/.local/lib/python3.12/site-packages/airflow/example_dags/example_dataset_alias.py for tasks to queue
[2024-12-09T13:19:18.965+0000] {logging_mixin.py:190} INFO - [2024-12-09T13:19:18.964+0000] {dagbag.py:588} INFO - Filling up the DagBag from /home/airflow/.local/lib/python3.12/site-packages/airflow/example_dags/example_dataset_alias.py
[2024-12-09T13:19:19.515+0000] {processor.py:925} INFO - DAG(s) 'dataset_alias_example_alias_producer', 'dataset_s3_bucket_producer', 'dataset_alias_example_alias_consumer', 'dataset_s3_bucket_consumer' retrieved from /home/airflow/.local/lib/python3.12/site-packages/airflow/example_dags/example_dataset_alias.py
[2024-12-09T13:19:19.535+0000] {logging_mixin.py:190} INFO - [2024-12-09T13:19:19.534+0000] {dag.py:3239} INFO - Sync 4 DAGs
[2024-12-09T13:19:19.558+0000] {logging_mixin.py:190} INFO - [2024-12-09T13:19:19.557+0000] {dag.py:4180} INFO - Setting next_dagrun for dataset_alias_example_alias_consumer to None, run_after=None
[2024-12-09T13:19:19.560+0000] {logging_mixin.py:190} INFO - [2024-12-09T13:19:19.560+0000] {dag.py:4180} INFO - Setting next_dagrun for dataset_alias_example_alias_producer to None, run_after=None
[2024-12-09T13:19:19.562+0000] {logging_mixin.py:190} INFO - [2024-12-09T13:19:19.562+0000] {dag.py:4180} INFO - Setting next_dagrun for dataset_s3_bucket_consumer to None, run_after=None
[2024-12-09T13:19:19.563+0000] {logging_mixin.py:190} INFO - [2024-12-09T13:19:19.563+0000] {dag.py:4180} INFO - Setting next_dagrun for dataset_s3_bucket_producer to None, run_after=None
[2024-12-09T13:19:19.585+0000] {processor.py:208} INFO - Processing /home/airflow/.local/lib/python3.12/site-packages/airflow/example_dags/example_dataset_alias.py took 0.628 seconds
[2024-12-09T13:19:49.912+0000] {processor.py:186} INFO - Started process (PID=581) to work on /home/airflow/.local/lib/python3.12/site-packages/airflow/example_dags/example_dataset_alias.py
[2024-12-09T13:19:49.912+0000] {processor.py:914} INFO - Processing file /home/airflow/.local/lib/python3.12/site-packages/airflow/example_dags/example_dataset_alias.py for tasks to queue
[2024-12-09T13:19:49.914+0000] {logging_mixin.py:190} INFO - [2024-12-09T13:19:49.914+0000] {dagbag.py:588} INFO - Filling up the DagBag from /home/airflow/.local/lib/python3.12/site-packages/airflow/example_dags/example_dataset_alias.py
[2024-12-09T13:19:50.498+0000] {processor.py:925} INFO - DAG(s) 'dataset_alias_example_alias_consumer', 'dataset_s3_bucket_consumer', 'dataset_s3_bucket_producer', 'dataset_alias_example_alias_producer' retrieved from /home/airflow/.local/lib/python3.12/site-packages/airflow/example_dags/example_dataset_alias.py
[2024-12-09T13:19:50.519+0000] {logging_mixin.py:190} INFO - [2024-12-09T13:19:50.518+0000] {dag.py:3239} INFO - Sync 4 DAGs
[2024-12-09T13:19:50.539+0000] {logging_mixin.py:190} INFO - [2024-12-09T13:19:50.539+0000] {dag.py:4180} INFO - Setting next_dagrun for dataset_alias_example_alias_consumer to None, run_after=None
[2024-12-09T13:19:50.542+0000] {logging_mixin.py:190} INFO - [2024-12-09T13:19:50.542+0000] {dag.py:4180} INFO - Setting next_dagrun for dataset_alias_example_alias_producer to None, run_after=None
[2024-12-09T13:19:50.545+0000] {logging_mixin.py:190} INFO - [2024-12-09T13:19:50.545+0000] {dag.py:4180} INFO - Setting next_dagrun for dataset_s3_bucket_consumer to None, run_after=None
[2024-12-09T13:19:50.546+0000] {logging_mixin.py:190} INFO - [2024-12-09T13:19:50.546+0000] {dag.py:4180} INFO - Setting next_dagrun for dataset_s3_bucket_producer to None, run_after=None
[2024-12-09T13:19:50.566+0000] {processor.py:208} INFO - Processing /home/airflow/.local/lib/python3.12/site-packages/airflow/example_dags/example_dataset_alias.py took 0.658 seconds
[2024-12-09T13:20:21.457+0000] {processor.py:186} INFO - Started process (PID=644) to work on /home/airflow/.local/lib/python3.12/site-packages/airflow/example_dags/example_dataset_alias.py
[2024-12-09T13:20:21.458+0000] {processor.py:914} INFO - Processing file /home/airflow/.local/lib/python3.12/site-packages/airflow/example_dags/example_dataset_alias.py for tasks to queue
[2024-12-09T13:20:21.460+0000] {logging_mixin.py:190} INFO - [2024-12-09T13:20:21.460+0000] {dagbag.py:588} INFO - Filling up the DagBag from /home/airflow/.local/lib/python3.12/site-packages/airflow/example_dags/example_dataset_alias.py
[2024-12-09T13:20:21.975+0000] {processor.py:925} INFO - DAG(s) 'dataset_alias_example_alias_producer', 'dataset_alias_example_alias_consumer', 'dataset_s3_bucket_consumer', 'dataset_s3_bucket_producer' retrieved from /home/airflow/.local/lib/python3.12/site-packages/airflow/example_dags/example_dataset_alias.py
[2024-12-09T13:20:21.996+0000] {logging_mixin.py:190} INFO - [2024-12-09T13:20:21.996+0000] {dag.py:3239} INFO - Sync 4 DAGs
[2024-12-09T13:20:22.020+0000] {logging_mixin.py:190} INFO - [2024-12-09T13:20:22.019+0000] {dag.py:4180} INFO - Setting next_dagrun for dataset_alias_example_alias_consumer to None, run_after=None
[2024-12-09T13:20:22.023+0000] {logging_mixin.py:190} INFO - [2024-12-09T13:20:22.023+0000] {dag.py:4180} INFO - Setting next_dagrun for dataset_alias_example_alias_producer to None, run_after=None
[2024-12-09T13:20:22.025+0000] {logging_mixin.py:190} INFO - [2024-12-09T13:20:22.025+0000] {dag.py:4180} INFO - Setting next_dagrun for dataset_s3_bucket_consumer to None, run_after=None
[2024-12-09T13:20:22.027+0000] {logging_mixin.py:190} INFO - [2024-12-09T13:20:22.027+0000] {dag.py:4180} INFO - Setting next_dagrun for dataset_s3_bucket_producer to None, run_after=None
[2024-12-09T13:20:22.051+0000] {processor.py:208} INFO - Processing /home/airflow/.local/lib/python3.12/site-packages/airflow/example_dags/example_dataset_alias.py took 0.599 seconds
[2024-12-09T13:20:52.171+0000] {processor.py:186} INFO - Started process (PID=707) to work on /home/airflow/.local/lib/python3.12/site-packages/airflow/example_dags/example_dataset_alias.py
[2024-12-09T13:20:52.171+0000] {processor.py:914} INFO - Processing file /home/airflow/.local/lib/python3.12/site-packages/airflow/example_dags/example_dataset_alias.py for tasks to queue
[2024-12-09T13:20:52.173+0000] {logging_mixin.py:190} INFO - [2024-12-09T13:20:52.173+0000] {dagbag.py:588} INFO - Filling up the DagBag from /home/airflow/.local/lib/python3.12/site-packages/airflow/example_dags/example_dataset_alias.py
[2024-12-09T13:20:52.722+0000] {processor.py:925} INFO - DAG(s) 'dataset_alias_example_alias_producer', 'dataset_alias_example_alias_consumer', 'dataset_s3_bucket_producer', 'dataset_s3_bucket_consumer' retrieved from /home/airflow/.local/lib/python3.12/site-packages/airflow/example_dags/example_dataset_alias.py
[2024-12-09T13:20:52.739+0000] {logging_mixin.py:190} INFO - [2024-12-09T13:20:52.739+0000] {dag.py:3239} INFO - Sync 4 DAGs
[2024-12-09T13:20:52.758+0000] {logging_mixin.py:190} INFO - [2024-12-09T13:20:52.758+0000] {dag.py:4180} INFO - Setting next_dagrun for dataset_alias_example_alias_consumer to None, run_after=None
[2024-12-09T13:20:52.761+0000] {logging_mixin.py:190} INFO - [2024-12-09T13:20:52.760+0000] {dag.py:4180} INFO - Setting next_dagrun for dataset_alias_example_alias_producer to None, run_after=None
[2024-12-09T13:20:52.762+0000] {logging_mixin.py:190} INFO - [2024-12-09T13:20:52.762+0000] {dag.py:4180} INFO - Setting next_dagrun for dataset_s3_bucket_consumer to None, run_after=None
[2024-12-09T13:20:52.763+0000] {logging_mixin.py:190} INFO - [2024-12-09T13:20:52.763+0000] {dag.py:4180} INFO - Setting next_dagrun for dataset_s3_bucket_producer to None, run_after=None
[2024-12-09T13:20:52.780+0000] {processor.py:208} INFO - Processing /home/airflow/.local/lib/python3.12/site-packages/airflow/example_dags/example_dataset_alias.py took 0.613 seconds
[2024-12-09T13:21:23.515+0000] {processor.py:186} INFO - Started process (PID=770) to work on /home/airflow/.local/lib/python3.12/site-packages/airflow/example_dags/example_dataset_alias.py
[2024-12-09T13:21:23.515+0000] {processor.py:914} INFO - Processing file /home/airflow/.local/lib/python3.12/site-packages/airflow/example_dags/example_dataset_alias.py for tasks to queue
[2024-12-09T13:21:23.517+0000] {logging_mixin.py:190} INFO - [2024-12-09T13:21:23.517+0000] {dagbag.py:588} INFO - Filling up the DagBag from /home/airflow/.local/lib/python3.12/site-packages/airflow/example_dags/example_dataset_alias.py
[2024-12-09T13:21:23.996+0000] {processor.py:925} INFO - DAG(s) 'dataset_s3_bucket_producer', 'dataset_alias_example_alias_producer', 'dataset_s3_bucket_consumer', 'dataset_alias_example_alias_consumer' retrieved from /home/airflow/.local/lib/python3.12/site-packages/airflow/example_dags/example_dataset_alias.py
[2024-12-09T13:21:24.012+0000] {logging_mixin.py:190} INFO - [2024-12-09T13:21:24.012+0000] {dag.py:3239} INFO - Sync 4 DAGs
[2024-12-09T13:21:24.029+0000] {logging_mixin.py:190} INFO - [2024-12-09T13:21:24.029+0000] {dag.py:4180} INFO - Setting next_dagrun for dataset_alias_example_alias_consumer to None, run_after=None
[2024-12-09T13:21:24.032+0000] {logging_mixin.py:190} INFO - [2024-12-09T13:21:24.031+0000] {dag.py:4180} INFO - Setting next_dagrun for dataset_alias_example_alias_producer to None, run_after=None
[2024-12-09T13:21:24.033+0000] {logging_mixin.py:190} INFO - [2024-12-09T13:21:24.033+0000] {dag.py:4180} INFO - Setting next_dagrun for dataset_s3_bucket_consumer to None, run_after=None
[2024-12-09T13:21:24.034+0000] {logging_mixin.py:190} INFO - [2024-12-09T13:21:24.034+0000] {dag.py:4180} INFO - Setting next_dagrun for dataset_s3_bucket_producer to None, run_after=None
[2024-12-09T13:21:24.051+0000] {processor.py:208} INFO - Processing /home/airflow/.local/lib/python3.12/site-packages/airflow/example_dags/example_dataset_alias.py took 0.540 seconds
[2024-12-09T13:21:54.658+0000] {processor.py:186} INFO - Started process (PID=833) to work on /home/airflow/.local/lib/python3.12/site-packages/airflow/example_dags/example_dataset_alias.py
[2024-12-09T13:21:54.658+0000] {processor.py:914} INFO - Processing file /home/airflow/.local/lib/python3.12/site-packages/airflow/example_dags/example_dataset_alias.py for tasks to queue
[2024-12-09T13:21:54.660+0000] {logging_mixin.py:190} INFO - [2024-12-09T13:21:54.660+0000] {dagbag.py:588} INFO - Filling up the DagBag from /home/airflow/.local/lib/python3.12/site-packages/airflow/example_dags/example_dataset_alias.py
[2024-12-09T13:21:55.141+0000] {processor.py:925} INFO - DAG(s) 'dataset_alias_example_alias_consumer', 'dataset_s3_bucket_producer', 'dataset_s3_bucket_consumer', 'dataset_alias_example_alias_producer' retrieved from /home/airflow/.local/lib/python3.12/site-packages/airflow/example_dags/example_dataset_alias.py
[2024-12-09T13:21:55.158+0000] {logging_mixin.py:190} INFO - [2024-12-09T13:21:55.158+0000] {dag.py:3239} INFO - Sync 4 DAGs
[2024-12-09T13:21:55.176+0000] {logging_mixin.py:190} INFO - [2024-12-09T13:21:55.175+0000] {dag.py:4180} INFO - Setting next_dagrun for dataset_alias_example_alias_consumer to None, run_after=None
[2024-12-09T13:21:55.178+0000] {logging_mixin.py:190} INFO - [2024-12-09T13:21:55.177+0000] {dag.py:4180} INFO - Setting next_dagrun for dataset_alias_example_alias_producer to None, run_after=None
[2024-12-09T13:21:55.179+0000] {logging_mixin.py:190} INFO - [2024-12-09T13:21:55.179+0000] {dag.py:4180} INFO - Setting next_dagrun for dataset_s3_bucket_consumer to None, run_after=None
[2024-12-09T13:21:55.180+0000] {logging_mixin.py:190} INFO - [2024-12-09T13:21:55.180+0000] {dag.py:4180} INFO - Setting next_dagrun for dataset_s3_bucket_producer to None, run_after=None
[2024-12-09T13:21:55.196+0000] {processor.py:208} INFO - Processing /home/airflow/.local/lib/python3.12/site-packages/airflow/example_dags/example_dataset_alias.py took 0.542 seconds
[2024-12-09T13:22:25.498+0000] {processor.py:186} INFO - Started process (PID=896) to work on /home/airflow/.local/lib/python3.12/site-packages/airflow/example_dags/example_dataset_alias.py
[2024-12-09T13:22:25.499+0000] {processor.py:914} INFO - Processing file /home/airflow/.local/lib/python3.12/site-packages/airflow/example_dags/example_dataset_alias.py for tasks to queue
[2024-12-09T13:22:25.500+0000] {logging_mixin.py:190} INFO - [2024-12-09T13:22:25.500+0000] {dagbag.py:588} INFO - Filling up the DagBag from /home/airflow/.local/lib/python3.12/site-packages/airflow/example_dags/example_dataset_alias.py
[2024-12-09T13:22:25.985+0000] {processor.py:925} INFO - DAG(s) 'dataset_s3_bucket_producer', 'dataset_alias_example_alias_producer', 'dataset_alias_example_alias_consumer', 'dataset_s3_bucket_consumer' retrieved from /home/airflow/.local/lib/python3.12/site-packages/airflow/example_dags/example_dataset_alias.py
[2024-12-09T13:22:26.002+0000] {logging_mixin.py:190} INFO - [2024-12-09T13:22:26.002+0000] {dag.py:3239} INFO - Sync 4 DAGs
[2024-12-09T13:22:26.021+0000] {logging_mixin.py:190} INFO - [2024-12-09T13:22:26.021+0000] {dag.py:4180} INFO - Setting next_dagrun for dataset_alias_example_alias_consumer to None, run_after=None
[2024-12-09T13:22:26.023+0000] {logging_mixin.py:190} INFO - [2024-12-09T13:22:26.023+0000] {dag.py:4180} INFO - Setting next_dagrun for dataset_alias_example_alias_producer to None, run_after=None
[2024-12-09T13:22:26.025+0000] {logging_mixin.py:190} INFO - [2024-12-09T13:22:26.025+0000] {dag.py:4180} INFO - Setting next_dagrun for dataset_s3_bucket_consumer to None, run_after=None
[2024-12-09T13:22:26.026+0000] {logging_mixin.py:190} INFO - [2024-12-09T13:22:26.026+0000] {dag.py:4180} INFO - Setting next_dagrun for dataset_s3_bucket_producer to None, run_after=None
[2024-12-09T13:22:26.043+0000] {processor.py:208} INFO - Processing /home/airflow/.local/lib/python3.12/site-packages/airflow/example_dags/example_dataset_alias.py took 0.549 seconds
[2024-12-09T13:22:56.578+0000] {processor.py:186} INFO - Started process (PID=959) to work on /home/airflow/.local/lib/python3.12/site-packages/airflow/example_dags/example_dataset_alias.py
[2024-12-09T13:22:56.579+0000] {processor.py:914} INFO - Processing file /home/airflow/.local/lib/python3.12/site-packages/airflow/example_dags/example_dataset_alias.py for tasks to queue
[2024-12-09T13:22:56.581+0000] {logging_mixin.py:190} INFO - [2024-12-09T13:22:56.580+0000] {dagbag.py:588} INFO - Filling up the DagBag from /home/airflow/.local/lib/python3.12/site-packages/airflow/example_dags/example_dataset_alias.py
[2024-12-09T13:22:57.101+0000] {processor.py:925} INFO - DAG(s) 'dataset_s3_bucket_producer', 'dataset_alias_example_alias_consumer', 'dataset_alias_example_alias_producer', 'dataset_s3_bucket_consumer' retrieved from /home/airflow/.local/lib/python3.12/site-packages/airflow/example_dags/example_dataset_alias.py
[2024-12-09T13:22:57.120+0000] {logging_mixin.py:190} INFO - [2024-12-09T13:22:57.120+0000] {dag.py:3239} INFO - Sync 4 DAGs
[2024-12-09T13:22:57.143+0000] {logging_mixin.py:190} INFO - [2024-12-09T13:22:57.142+0000] {dag.py:4180} INFO - Setting next_dagrun for dataset_alias_example_alias_consumer to None, run_after=None
[2024-12-09T13:22:57.145+0000] {logging_mixin.py:190} INFO - [2024-12-09T13:22:57.145+0000] {dag.py:4180} INFO - Setting next_dagrun for dataset_alias_example_alias_producer to None, run_after=None
[2024-12-09T13:22:57.147+0000] {logging_mixin.py:190} INFO - [2024-12-09T13:22:57.147+0000] {dag.py:4180} INFO - Setting next_dagrun for dataset_s3_bucket_consumer to None, run_after=None
[2024-12-09T13:22:57.148+0000] {logging_mixin.py:190} INFO - [2024-12-09T13:22:57.148+0000] {dag.py:4180} INFO - Setting next_dagrun for dataset_s3_bucket_producer to None, run_after=None
[2024-12-09T13:22:57.168+0000] {processor.py:208} INFO - Processing /home/airflow/.local/lib/python3.12/site-packages/airflow/example_dags/example_dataset_alias.py took 0.594 seconds
[2024-12-09T13:23:28.402+0000] {processor.py:186} INFO - Started process (PID=1022) to work on /home/airflow/.local/lib/python3.12/site-packages/airflow/example_dags/example_dataset_alias.py
[2024-12-09T13:23:28.403+0000] {processor.py:914} INFO - Processing file /home/airflow/.local/lib/python3.12/site-packages/airflow/example_dags/example_dataset_alias.py for tasks to queue
[2024-12-09T13:23:28.405+0000] {logging_mixin.py:190} INFO - [2024-12-09T13:23:28.404+0000] {dagbag.py:588} INFO - Filling up the DagBag from /home/airflow/.local/lib/python3.12/site-packages/airflow/example_dags/example_dataset_alias.py
[2024-12-09T13:23:28.907+0000] {processor.py:925} INFO - DAG(s) 'dataset_alias_example_alias_consumer', 'dataset_s3_bucket_producer', 'dataset_s3_bucket_consumer', 'dataset_alias_example_alias_producer' retrieved from /home/airflow/.local/lib/python3.12/site-packages/airflow/example_dags/example_dataset_alias.py
[2024-12-09T13:23:28.925+0000] {logging_mixin.py:190} INFO - [2024-12-09T13:23:28.925+0000] {dag.py:3239} INFO - Sync 4 DAGs
[2024-12-09T13:23:28.948+0000] {logging_mixin.py:190} INFO - [2024-12-09T13:23:28.947+0000] {dag.py:4180} INFO - Setting next_dagrun for dataset_alias_example_alias_consumer to None, run_after=None
[2024-12-09T13:23:28.951+0000] {logging_mixin.py:190} INFO - [2024-12-09T13:23:28.951+0000] {dag.py:4180} INFO - Setting next_dagrun for dataset_alias_example_alias_producer to None, run_after=None
[2024-12-09T13:23:28.952+0000] {logging_mixin.py:190} INFO - [2024-12-09T13:23:28.952+0000] {dag.py:4180} INFO - Setting next_dagrun for dataset_s3_bucket_consumer to None, run_after=None
[2024-12-09T13:23:28.954+0000] {logging_mixin.py:190} INFO - [2024-12-09T13:23:28.954+0000] {dag.py:4180} INFO - Setting next_dagrun for dataset_s3_bucket_producer to None, run_after=None
[2024-12-09T13:23:28.975+0000] {processor.py:208} INFO - Processing /home/airflow/.local/lib/python3.12/site-packages/airflow/example_dags/example_dataset_alias.py took 0.578 seconds
[2024-12-09T13:24:01.089+0000] {processor.py:186} INFO - Started process (PID=1085) to work on /home/airflow/.local/lib/python3.12/site-packages/airflow/example_dags/example_dataset_alias.py
[2024-12-09T13:24:01.090+0000] {processor.py:914} INFO - Processing file /home/airflow/.local/lib/python3.12/site-packages/airflow/example_dags/example_dataset_alias.py for tasks to queue
[2024-12-09T13:24:01.091+0000] {logging_mixin.py:190} INFO - [2024-12-09T13:24:01.091+0000] {dagbag.py:588} INFO - Filling up the DagBag from /home/airflow/.local/lib/python3.12/site-packages/airflow/example_dags/example_dataset_alias.py
[2024-12-09T13:24:01.613+0000] {processor.py:925} INFO - DAG(s) 'dataset_alias_example_alias_consumer', 'dataset_alias_example_alias_producer', 'dataset_s3_bucket_consumer', 'dataset_s3_bucket_producer' retrieved from /home/airflow/.local/lib/python3.12/site-packages/airflow/example_dags/example_dataset_alias.py
[2024-12-09T13:24:01.630+0000] {logging_mixin.py:190} INFO - [2024-12-09T13:24:01.630+0000] {dag.py:3239} INFO - Sync 4 DAGs
[2024-12-09T13:24:01.649+0000] {logging_mixin.py:190} INFO - [2024-12-09T13:24:01.649+0000] {dag.py:4180} INFO - Setting next_dagrun for dataset_alias_example_alias_consumer to None, run_after=None
[2024-12-09T13:24:01.652+0000] {logging_mixin.py:190} INFO - [2024-12-09T13:24:01.652+0000] {dag.py:4180} INFO - Setting next_dagrun for dataset_alias_example_alias_producer to None, run_after=None
[2024-12-09T13:24:01.653+0000] {logging_mixin.py:190} INFO - [2024-12-09T13:24:01.653+0000] {dag.py:4180} INFO - Setting next_dagrun for dataset_s3_bucket_consumer to None, run_after=None
[2024-12-09T13:24:01.654+0000] {logging_mixin.py:190} INFO - [2024-12-09T13:24:01.654+0000] {dag.py:4180} INFO - Setting next_dagrun for dataset_s3_bucket_producer to None, run_after=None
[2024-12-09T13:24:01.676+0000] {processor.py:208} INFO - Processing /home/airflow/.local/lib/python3.12/site-packages/airflow/example_dags/example_dataset_alias.py took 0.591 seconds
[2024-12-09T13:24:34.589+0000] {processor.py:186} INFO - Started process (PID=1148) to work on /home/airflow/.local/lib/python3.12/site-packages/airflow/example_dags/example_dataset_alias.py
[2024-12-09T13:24:34.590+0000] {processor.py:914} INFO - Processing file /home/airflow/.local/lib/python3.12/site-packages/airflow/example_dags/example_dataset_alias.py for tasks to queue
[2024-12-09T13:24:34.591+0000] {logging_mixin.py:190} INFO - [2024-12-09T13:24:34.591+0000] {dagbag.py:588} INFO - Filling up the DagBag from /home/airflow/.local/lib/python3.12/site-packages/airflow/example_dags/example_dataset_alias.py
[2024-12-09T13:24:35.119+0000] {processor.py:925} INFO - DAG(s) 'dataset_s3_bucket_consumer', 'dataset_s3_bucket_producer', 'dataset_alias_example_alias_consumer', 'dataset_alias_example_alias_producer' retrieved from /home/airflow/.local/lib/python3.12/site-packages/airflow/example_dags/example_dataset_alias.py
[2024-12-09T13:24:35.136+0000] {logging_mixin.py:190} INFO - [2024-12-09T13:24:35.136+0000] {dag.py:3239} INFO - Sync 4 DAGs
[2024-12-09T13:24:35.155+0000] {logging_mixin.py:190} INFO - [2024-12-09T13:24:35.154+0000] {dag.py:4180} INFO - Setting next_dagrun for dataset_alias_example_alias_consumer to None, run_after=None
[2024-12-09T13:24:35.157+0000] {logging_mixin.py:190} INFO - [2024-12-09T13:24:35.157+0000] {dag.py:4180} INFO - Setting next_dagrun for dataset_alias_example_alias_producer to None, run_after=None
[2024-12-09T13:24:35.159+0000] {logging_mixin.py:190} INFO - [2024-12-09T13:24:35.158+0000] {dag.py:4180} INFO - Setting next_dagrun for dataset_s3_bucket_consumer to None, run_after=None
[2024-12-09T13:24:35.160+0000] {logging_mixin.py:190} INFO - [2024-12-09T13:24:35.160+0000] {dag.py:4180} INFO - Setting next_dagrun for dataset_s3_bucket_producer to None, run_after=None
[2024-12-09T13:24:35.177+0000] {processor.py:208} INFO - Processing /home/airflow/.local/lib/python3.12/site-packages/airflow/example_dags/example_dataset_alias.py took 0.593 seconds
[2024-12-09T13:25:06.472+0000] {processor.py:186} INFO - Started process (PID=1203) to work on /home/airflow/.local/lib/python3.12/site-packages/airflow/example_dags/example_dataset_alias.py
[2024-12-09T13:25:06.473+0000] {processor.py:914} INFO - Processing file /home/airflow/.local/lib/python3.12/site-packages/airflow/example_dags/example_dataset_alias.py for tasks to queue
[2024-12-09T13:25:06.475+0000] {logging_mixin.py:190} INFO - [2024-12-09T13:25:06.475+0000] {dagbag.py:588} INFO - Filling up the DagBag from /home/airflow/.local/lib/python3.12/site-packages/airflow/example_dags/example_dataset_alias.py
[2024-12-09T13:25:06.997+0000] {processor.py:925} INFO - DAG(s) 'dataset_s3_bucket_consumer', 'dataset_alias_example_alias_consumer', 'dataset_s3_bucket_producer', 'dataset_alias_example_alias_producer' retrieved from /home/airflow/.local/lib/python3.12/site-packages/airflow/example_dags/example_dataset_alias.py
[2024-12-09T13:25:07.015+0000] {logging_mixin.py:190} INFO - [2024-12-09T13:25:07.015+0000] {dag.py:3239} INFO - Sync 4 DAGs
[2024-12-09T13:25:07.036+0000] {logging_mixin.py:190} INFO - [2024-12-09T13:25:07.036+0000] {dag.py:4180} INFO - Setting next_dagrun for dataset_alias_example_alias_consumer to None, run_after=None
[2024-12-09T13:25:07.038+0000] {logging_mixin.py:190} INFO - [2024-12-09T13:25:07.038+0000] {dag.py:4180} INFO - Setting next_dagrun for dataset_alias_example_alias_producer to None, run_after=None
[2024-12-09T13:25:07.039+0000] {logging_mixin.py:190} INFO - [2024-12-09T13:25:07.039+0000] {dag.py:4180} INFO - Setting next_dagrun for dataset_s3_bucket_consumer to None, run_after=None
[2024-12-09T13:25:07.040+0000] {logging_mixin.py:190} INFO - [2024-12-09T13:25:07.040+0000] {dag.py:4180} INFO - Setting next_dagrun for dataset_s3_bucket_producer to None, run_after=None
[2024-12-09T13:25:07.057+0000] {processor.py:208} INFO - Processing /home/airflow/.local/lib/python3.12/site-packages/airflow/example_dags/example_dataset_alias.py took 0.589 seconds
[2024-12-09T13:25:39.597+0000] {processor.py:186} INFO - Started process (PID=1266) to work on /home/airflow/.local/lib/python3.12/site-packages/airflow/example_dags/example_dataset_alias.py
[2024-12-09T13:25:39.598+0000] {processor.py:914} INFO - Processing file /home/airflow/.local/lib/python3.12/site-packages/airflow/example_dags/example_dataset_alias.py for tasks to queue
[2024-12-09T13:25:39.600+0000] {logging_mixin.py:190} INFO - [2024-12-09T13:25:39.599+0000] {dagbag.py:588} INFO - Filling up the DagBag from /home/airflow/.local/lib/python3.12/site-packages/airflow/example_dags/example_dataset_alias.py
[2024-12-09T13:25:40.102+0000] {processor.py:925} INFO - DAG(s) 'dataset_s3_bucket_consumer', 'dataset_alias_example_alias_consumer', 'dataset_alias_example_alias_producer', 'dataset_s3_bucket_producer' retrieved from /home/airflow/.local/lib/python3.12/site-packages/airflow/example_dags/example_dataset_alias.py
[2024-12-09T13:25:40.119+0000] {logging_mixin.py:190} INFO - [2024-12-09T13:25:40.119+0000] {dag.py:3239} INFO - Sync 4 DAGs
[2024-12-09T13:25:40.140+0000] {logging_mixin.py:190} INFO - [2024-12-09T13:25:40.140+0000] {dag.py:4180} INFO - Setting next_dagrun for dataset_alias_example_alias_consumer to None, run_after=None
[2024-12-09T13:25:40.143+0000] {logging_mixin.py:190} INFO - [2024-12-09T13:25:40.142+0000] {dag.py:4180} INFO - Setting next_dagrun for dataset_alias_example_alias_producer to None, run_after=None
[2024-12-09T13:25:40.144+0000] {logging_mixin.py:190} INFO - [2024-12-09T13:25:40.144+0000] {dag.py:4180} INFO - Setting next_dagrun for dataset_s3_bucket_consumer to None, run_after=None
[2024-12-09T13:25:40.145+0000] {logging_mixin.py:190} INFO - [2024-12-09T13:25:40.145+0000] {dag.py:4180} INFO - Setting next_dagrun for dataset_s3_bucket_producer to None, run_after=None
[2024-12-09T13:25:40.165+0000] {processor.py:208} INFO - Processing /home/airflow/.local/lib/python3.12/site-packages/airflow/example_dags/example_dataset_alias.py took 0.572 seconds
[2024-12-09T13:26:12.977+0000] {processor.py:186} INFO - Started process (PID=1332) to work on /home/airflow/.local/lib/python3.12/site-packages/airflow/example_dags/example_dataset_alias.py
[2024-12-09T13:26:12.978+0000] {processor.py:914} INFO - Processing file /home/airflow/.local/lib/python3.12/site-packages/airflow/example_dags/example_dataset_alias.py for tasks to queue
[2024-12-09T13:26:12.980+0000] {logging_mixin.py:190} INFO - [2024-12-09T13:26:12.980+0000] {dagbag.py:588} INFO - Filling up the DagBag from /home/airflow/.local/lib/python3.12/site-packages/airflow/example_dags/example_dataset_alias.py
[2024-12-09T13:26:13.514+0000] {processor.py:925} INFO - DAG(s) 'dataset_alias_example_alias_consumer', 'dataset_alias_example_alias_producer', 'dataset_s3_bucket_producer', 'dataset_s3_bucket_consumer' retrieved from /home/airflow/.local/lib/python3.12/site-packages/airflow/example_dags/example_dataset_alias.py
[2024-12-09T13:26:13.534+0000] {logging_mixin.py:190} INFO - [2024-12-09T13:26:13.533+0000] {dag.py:3239} INFO - Sync 4 DAGs
[2024-12-09T13:26:13.556+0000] {logging_mixin.py:190} INFO - [2024-12-09T13:26:13.556+0000] {dag.py:4180} INFO - Setting next_dagrun for dataset_alias_example_alias_consumer to None, run_after=None
[2024-12-09T13:26:13.559+0000] {logging_mixin.py:190} INFO - [2024-12-09T13:26:13.558+0000] {dag.py:4180} INFO - Setting next_dagrun for dataset_alias_example_alias_producer to None, run_after=None
[2024-12-09T13:26:13.560+0000] {logging_mixin.py:190} INFO - [2024-12-09T13:26:13.560+0000] {dag.py:4180} INFO - Setting next_dagrun for dataset_s3_bucket_consumer to None, run_after=None
[2024-12-09T13:26:13.561+0000] {logging_mixin.py:190} INFO - [2024-12-09T13:26:13.561+0000] {dag.py:4180} INFO - Setting next_dagrun for dataset_s3_bucket_producer to None, run_after=None
[2024-12-09T13:26:13.583+0000] {processor.py:208} INFO - Processing /home/airflow/.local/lib/python3.12/site-packages/airflow/example_dags/example_dataset_alias.py took 0.610 seconds
[2024-12-09T13:26:44.412+0000] {processor.py:186} INFO - Started process (PID=1385) to work on /home/airflow/.local/lib/python3.12/site-packages/airflow/example_dags/example_dataset_alias.py
[2024-12-09T13:26:44.413+0000] {processor.py:914} INFO - Processing file /home/airflow/.local/lib/python3.12/site-packages/airflow/example_dags/example_dataset_alias.py for tasks to queue
[2024-12-09T13:26:44.415+0000] {logging_mixin.py:190} INFO - [2024-12-09T13:26:44.414+0000] {dagbag.py:588} INFO - Filling up the DagBag from /home/airflow/.local/lib/python3.12/site-packages/airflow/example_dags/example_dataset_alias.py
[2024-12-09T13:26:44.915+0000] {processor.py:925} INFO - DAG(s) 'dataset_alias_example_alias_producer', 'dataset_alias_example_alias_consumer', 'dataset_s3_bucket_consumer', 'dataset_s3_bucket_producer' retrieved from /home/airflow/.local/lib/python3.12/site-packages/airflow/example_dags/example_dataset_alias.py
[2024-12-09T13:26:44.931+0000] {logging_mixin.py:190} INFO - [2024-12-09T13:26:44.931+0000] {dag.py:3239} INFO - Sync 4 DAGs
[2024-12-09T13:26:44.950+0000] {logging_mixin.py:190} INFO - [2024-12-09T13:26:44.950+0000] {dag.py:4180} INFO - Setting next_dagrun for dataset_alias_example_alias_consumer to None, run_after=None
[2024-12-09T13:26:44.953+0000] {logging_mixin.py:190} INFO - [2024-12-09T13:26:44.953+0000] {dag.py:4180} INFO - Setting next_dagrun for dataset_alias_example_alias_producer to None, run_after=None
[2024-12-09T13:26:44.957+0000] {logging_mixin.py:190} INFO - [2024-12-09T13:26:44.956+0000] {dag.py:4180} INFO - Setting next_dagrun for dataset_s3_bucket_consumer to None, run_after=None
[2024-12-09T13:26:44.958+0000] {logging_mixin.py:190} INFO - [2024-12-09T13:26:44.958+0000] {dag.py:4180} INFO - Setting next_dagrun for dataset_s3_bucket_producer to None, run_after=None
[2024-12-09T13:26:44.975+0000] {processor.py:208} INFO - Processing /home/airflow/.local/lib/python3.12/site-packages/airflow/example_dags/example_dataset_alias.py took 0.568 seconds
[2024-12-09T13:27:17.202+0000] {processor.py:186} INFO - Started process (PID=1448) to work on /home/airflow/.local/lib/python3.12/site-packages/airflow/example_dags/example_dataset_alias.py
[2024-12-09T13:27:17.202+0000] {processor.py:914} INFO - Processing file /home/airflow/.local/lib/python3.12/site-packages/airflow/example_dags/example_dataset_alias.py for tasks to queue
[2024-12-09T13:27:17.204+0000] {logging_mixin.py:190} INFO - [2024-12-09T13:27:17.204+0000] {dagbag.py:588} INFO - Filling up the DagBag from /home/airflow/.local/lib/python3.12/site-packages/airflow/example_dags/example_dataset_alias.py
[2024-12-09T13:27:17.763+0000] {processor.py:925} INFO - DAG(s) 'dataset_alias_example_alias_producer', 'dataset_s3_bucket_consumer', 'dataset_alias_example_alias_consumer', 'dataset_s3_bucket_producer' retrieved from /home/airflow/.local/lib/python3.12/site-packages/airflow/example_dags/example_dataset_alias.py
[2024-12-09T13:27:17.780+0000] {logging_mixin.py:190} INFO - [2024-12-09T13:27:17.779+0000] {dag.py:3239} INFO - Sync 4 DAGs
[2024-12-09T13:27:17.801+0000] {logging_mixin.py:190} INFO - [2024-12-09T13:27:17.800+0000] {dag.py:4180} INFO - Setting next_dagrun for dataset_alias_example_alias_consumer to None, run_after=None
[2024-12-09T13:27:17.803+0000] {logging_mixin.py:190} INFO - [2024-12-09T13:27:17.803+0000] {dag.py:4180} INFO - Setting next_dagrun for dataset_alias_example_alias_producer to None, run_after=None
[2024-12-09T13:27:17.805+0000] {logging_mixin.py:190} INFO - [2024-12-09T13:27:17.805+0000] {dag.py:4180} INFO - Setting next_dagrun for dataset_s3_bucket_consumer to None, run_after=None
[2024-12-09T13:27:17.806+0000] {logging_mixin.py:190} INFO - [2024-12-09T13:27:17.806+0000] {dag.py:4180} INFO - Setting next_dagrun for dataset_s3_bucket_producer to None, run_after=None
[2024-12-09T13:27:17.824+0000] {processor.py:208} INFO - Processing /home/airflow/.local/lib/python3.12/site-packages/airflow/example_dags/example_dataset_alias.py took 0.627 seconds
