[2024-12-09T13:15:42.344+0000] {processor.py:186} INFO - Started process (PID=84) to work on /home/airflow/.local/lib/python3.12/site-packages/airflow/example_dags/example_complex.py
[2024-12-09T13:15:42.345+0000] {processor.py:914} INFO - Processing file /home/airflow/.local/lib/python3.12/site-packages/airflow/example_dags/example_complex.py for tasks to queue
[2024-12-09T13:15:42.347+0000] {logging_mixin.py:190} INFO - [2024-12-09T13:15:42.347+0000] {dagbag.py:588} INFO - Filling up the DagBag from /home/airflow/.local/lib/python3.12/site-packages/airflow/example_dags/example_complex.py
[2024-12-09T13:15:42.363+0000] {processor.py:925} INFO - DAG(s) 'example_complex' retrieved from /home/airflow/.local/lib/python3.12/site-packages/airflow/example_dags/example_complex.py
[2024-12-09T13:15:42.465+0000] {logging_mixin.py:190} INFO - [2024-12-09T13:15:42.464+0000] {override.py:1911} INFO - Created Permission View: can delete on DAG:example_complex
[2024-12-09T13:15:42.473+0000] {logging_mixin.py:190} INFO - [2024-12-09T13:15:42.473+0000] {override.py:1911} INFO - Created Permission View: can edit on DAG:example_complex
[2024-12-09T13:15:42.479+0000] {logging_mixin.py:190} INFO - [2024-12-09T13:15:42.479+0000] {override.py:1911} INFO - Created Permission View: can read on DAG:example_complex
[2024-12-09T13:15:42.487+0000] {logging_mixin.py:190} INFO - [2024-12-09T13:15:42.486+0000] {override.py:1911} INFO - Created Permission View: menu access on DAG Run:example_complex
[2024-12-09T13:15:42.492+0000] {logging_mixin.py:190} INFO - [2024-12-09T13:15:42.492+0000] {override.py:1911} INFO - Created Permission View: can create on DAG Run:example_complex
[2024-12-09T13:15:42.498+0000] {logging_mixin.py:190} INFO - [2024-12-09T13:15:42.498+0000] {override.py:1911} INFO - Created Permission View: can delete on DAG Run:example_complex
[2024-12-09T13:15:42.504+0000] {logging_mixin.py:190} INFO - [2024-12-09T13:15:42.504+0000] {override.py:1911} INFO - Created Permission View: can read on DAG Run:example_complex
[2024-12-09T13:15:42.505+0000] {logging_mixin.py:190} INFO - [2024-12-09T13:15:42.505+0000] {dag.py:3239} INFO - Sync 1 DAGs
[2024-12-09T13:15:42.516+0000] {logging_mixin.py:190} INFO - [2024-12-09T13:15:42.516+0000] {dag.py:3262} INFO - Creating ORM DAG for example_complex
[2024-12-09T13:15:42.517+0000] {logging_mixin.py:190} INFO - [2024-12-09T13:15:42.517+0000] {dag.py:4180} INFO - Setting next_dagrun for example_complex to None, run_after=None
[2024-12-09T13:15:42.533+0000] {processor.py:208} INFO - Processing /home/airflow/.local/lib/python3.12/site-packages/airflow/example_dags/example_complex.py took 0.193 seconds
[2024-12-09T13:16:13.411+0000] {processor.py:186} INFO - Started process (PID=141) to work on /home/airflow/.local/lib/python3.12/site-packages/airflow/example_dags/example_complex.py
[2024-12-09T13:16:13.412+0000] {processor.py:914} INFO - Processing file /home/airflow/.local/lib/python3.12/site-packages/airflow/example_dags/example_complex.py for tasks to queue
[2024-12-09T13:16:13.414+0000] {logging_mixin.py:190} INFO - [2024-12-09T13:16:13.413+0000] {dagbag.py:588} INFO - Filling up the DagBag from /home/airflow/.local/lib/python3.12/site-packages/airflow/example_dags/example_complex.py
[2024-12-09T13:16:13.423+0000] {processor.py:925} INFO - DAG(s) 'example_complex' retrieved from /home/airflow/.local/lib/python3.12/site-packages/airflow/example_dags/example_complex.py
[2024-12-09T13:16:13.450+0000] {logging_mixin.py:190} INFO - [2024-12-09T13:16:13.450+0000] {dag.py:3239} INFO - Sync 1 DAGs
[2024-12-09T13:16:13.463+0000] {logging_mixin.py:190} INFO - [2024-12-09T13:16:13.462+0000] {dag.py:4180} INFO - Setting next_dagrun for example_complex to None, run_after=None
[2024-12-09T13:16:13.478+0000] {processor.py:208} INFO - Processing /home/airflow/.local/lib/python3.12/site-packages/airflow/example_dags/example_complex.py took 0.072 seconds
[2024-12-09T13:16:44.488+0000] {processor.py:186} INFO - Started process (PID=204) to work on /home/airflow/.local/lib/python3.12/site-packages/airflow/example_dags/example_complex.py
[2024-12-09T13:16:44.488+0000] {processor.py:914} INFO - Processing file /home/airflow/.local/lib/python3.12/site-packages/airflow/example_dags/example_complex.py for tasks to queue
[2024-12-09T13:16:44.490+0000] {logging_mixin.py:190} INFO - [2024-12-09T13:16:44.490+0000] {dagbag.py:588} INFO - Filling up the DagBag from /home/airflow/.local/lib/python3.12/site-packages/airflow/example_dags/example_complex.py
[2024-12-09T13:16:44.500+0000] {processor.py:925} INFO - DAG(s) 'example_complex' retrieved from /home/airflow/.local/lib/python3.12/site-packages/airflow/example_dags/example_complex.py
[2024-12-09T13:16:44.526+0000] {logging_mixin.py:190} INFO - [2024-12-09T13:16:44.526+0000] {dag.py:3239} INFO - Sync 1 DAGs
[2024-12-09T13:16:44.538+0000] {logging_mixin.py:190} INFO - [2024-12-09T13:16:44.538+0000] {dag.py:4180} INFO - Setting next_dagrun for example_complex to None, run_after=None
[2024-12-09T13:16:44.554+0000] {processor.py:208} INFO - Processing /home/airflow/.local/lib/python3.12/site-packages/airflow/example_dags/example_complex.py took 0.071 seconds
[2024-12-09T13:17:15.481+0000] {processor.py:186} INFO - Started process (PID=267) to work on /home/airflow/.local/lib/python3.12/site-packages/airflow/example_dags/example_complex.py
[2024-12-09T13:17:15.482+0000] {processor.py:914} INFO - Processing file /home/airflow/.local/lib/python3.12/site-packages/airflow/example_dags/example_complex.py for tasks to queue
[2024-12-09T13:17:15.484+0000] {logging_mixin.py:190} INFO - [2024-12-09T13:17:15.483+0000] {dagbag.py:588} INFO - Filling up the DagBag from /home/airflow/.local/lib/python3.12/site-packages/airflow/example_dags/example_complex.py
[2024-12-09T13:17:15.493+0000] {processor.py:925} INFO - DAG(s) 'example_complex' retrieved from /home/airflow/.local/lib/python3.12/site-packages/airflow/example_dags/example_complex.py
[2024-12-09T13:17:15.518+0000] {logging_mixin.py:190} INFO - [2024-12-09T13:17:15.518+0000] {dag.py:3239} INFO - Sync 1 DAGs
[2024-12-09T13:17:15.530+0000] {logging_mixin.py:190} INFO - [2024-12-09T13:17:15.529+0000] {dag.py:4180} INFO - Setting next_dagrun for example_complex to None, run_after=None
[2024-12-09T13:17:15.544+0000] {processor.py:208} INFO - Processing /home/airflow/.local/lib/python3.12/site-packages/airflow/example_dags/example_complex.py took 0.068 seconds
[2024-12-09T13:17:46.592+0000] {processor.py:186} INFO - Started process (PID=330) to work on /home/airflow/.local/lib/python3.12/site-packages/airflow/example_dags/example_complex.py
[2024-12-09T13:17:46.593+0000] {processor.py:914} INFO - Processing file /home/airflow/.local/lib/python3.12/site-packages/airflow/example_dags/example_complex.py for tasks to queue
[2024-12-09T13:17:46.595+0000] {logging_mixin.py:190} INFO - [2024-12-09T13:17:46.594+0000] {dagbag.py:588} INFO - Filling up the DagBag from /home/airflow/.local/lib/python3.12/site-packages/airflow/example_dags/example_complex.py
[2024-12-09T13:17:46.605+0000] {processor.py:925} INFO - DAG(s) 'example_complex' retrieved from /home/airflow/.local/lib/python3.12/site-packages/airflow/example_dags/example_complex.py
[2024-12-09T13:17:46.631+0000] {logging_mixin.py:190} INFO - [2024-12-09T13:17:46.630+0000] {dag.py:3239} INFO - Sync 1 DAGs
[2024-12-09T13:17:46.642+0000] {logging_mixin.py:190} INFO - [2024-12-09T13:17:46.642+0000] {dag.py:4180} INFO - Setting next_dagrun for example_complex to None, run_after=None
[2024-12-09T13:17:46.657+0000] {processor.py:208} INFO - Processing /home/airflow/.local/lib/python3.12/site-packages/airflow/example_dags/example_complex.py took 0.070 seconds
[2024-12-09T13:18:17.694+0000] {processor.py:186} INFO - Started process (PID=393) to work on /home/airflow/.local/lib/python3.12/site-packages/airflow/example_dags/example_complex.py
[2024-12-09T13:18:17.695+0000] {processor.py:914} INFO - Processing file /home/airflow/.local/lib/python3.12/site-packages/airflow/example_dags/example_complex.py for tasks to queue
[2024-12-09T13:18:17.697+0000] {logging_mixin.py:190} INFO - [2024-12-09T13:18:17.697+0000] {dagbag.py:588} INFO - Filling up the DagBag from /home/airflow/.local/lib/python3.12/site-packages/airflow/example_dags/example_complex.py
[2024-12-09T13:18:17.707+0000] {processor.py:925} INFO - DAG(s) 'example_complex' retrieved from /home/airflow/.local/lib/python3.12/site-packages/airflow/example_dags/example_complex.py
[2024-12-09T13:18:17.733+0000] {logging_mixin.py:190} INFO - [2024-12-09T13:18:17.733+0000] {dag.py:3239} INFO - Sync 1 DAGs
[2024-12-09T13:18:17.745+0000] {logging_mixin.py:190} INFO - [2024-12-09T13:18:17.745+0000] {dag.py:4180} INFO - Setting next_dagrun for example_complex to None, run_after=None
[2024-12-09T13:18:17.760+0000] {processor.py:208} INFO - Processing /home/airflow/.local/lib/python3.12/site-packages/airflow/example_dags/example_complex.py took 0.071 seconds
[2024-12-09T13:18:48.688+0000] {processor.py:186} INFO - Started process (PID=456) to work on /home/airflow/.local/lib/python3.12/site-packages/airflow/example_dags/example_complex.py
[2024-12-09T13:18:48.688+0000] {processor.py:914} INFO - Processing file /home/airflow/.local/lib/python3.12/site-packages/airflow/example_dags/example_complex.py for tasks to queue
[2024-12-09T13:18:48.691+0000] {logging_mixin.py:190} INFO - [2024-12-09T13:18:48.690+0000] {dagbag.py:588} INFO - Filling up the DagBag from /home/airflow/.local/lib/python3.12/site-packages/airflow/example_dags/example_complex.py
[2024-12-09T13:18:48.700+0000] {processor.py:925} INFO - DAG(s) 'example_complex' retrieved from /home/airflow/.local/lib/python3.12/site-packages/airflow/example_dags/example_complex.py
[2024-12-09T13:18:48.727+0000] {logging_mixin.py:190} INFO - [2024-12-09T13:18:48.727+0000] {dag.py:3239} INFO - Sync 1 DAGs
[2024-12-09T13:18:48.739+0000] {logging_mixin.py:190} INFO - [2024-12-09T13:18:48.739+0000] {dag.py:4180} INFO - Setting next_dagrun for example_complex to None, run_after=None
[2024-12-09T13:18:48.755+0000] {processor.py:208} INFO - Processing /home/airflow/.local/lib/python3.12/site-packages/airflow/example_dags/example_complex.py took 0.071 seconds
[2024-12-09T13:19:19.632+0000] {processor.py:186} INFO - Started process (PID=519) to work on /home/airflow/.local/lib/python3.12/site-packages/airflow/example_dags/example_complex.py
[2024-12-09T13:19:19.633+0000] {processor.py:914} INFO - Processing file /home/airflow/.local/lib/python3.12/site-packages/airflow/example_dags/example_complex.py for tasks to queue
[2024-12-09T13:19:19.636+0000] {logging_mixin.py:190} INFO - [2024-12-09T13:19:19.636+0000] {dagbag.py:588} INFO - Filling up the DagBag from /home/airflow/.local/lib/python3.12/site-packages/airflow/example_dags/example_complex.py
[2024-12-09T13:19:19.646+0000] {processor.py:925} INFO - DAG(s) 'example_complex' retrieved from /home/airflow/.local/lib/python3.12/site-packages/airflow/example_dags/example_complex.py
[2024-12-09T13:19:19.676+0000] {logging_mixin.py:190} INFO - [2024-12-09T13:19:19.676+0000] {dag.py:3239} INFO - Sync 1 DAGs
[2024-12-09T13:19:19.692+0000] {logging_mixin.py:190} INFO - [2024-12-09T13:19:19.692+0000] {dag.py:4180} INFO - Setting next_dagrun for example_complex to None, run_after=None
[2024-12-09T13:19:19.713+0000] {processor.py:208} INFO - Processing /home/airflow/.local/lib/python3.12/site-packages/airflow/example_dags/example_complex.py took 0.086 seconds
[2024-12-09T13:19:50.612+0000] {processor.py:186} INFO - Started process (PID=582) to work on /home/airflow/.local/lib/python3.12/site-packages/airflow/example_dags/example_complex.py
[2024-12-09T13:19:50.613+0000] {processor.py:914} INFO - Processing file /home/airflow/.local/lib/python3.12/site-packages/airflow/example_dags/example_complex.py for tasks to queue
[2024-12-09T13:19:50.615+0000] {logging_mixin.py:190} INFO - [2024-12-09T13:19:50.615+0000] {dagbag.py:588} INFO - Filling up the DagBag from /home/airflow/.local/lib/python3.12/site-packages/airflow/example_dags/example_complex.py
[2024-12-09T13:19:50.628+0000] {processor.py:925} INFO - DAG(s) 'example_complex' retrieved from /home/airflow/.local/lib/python3.12/site-packages/airflow/example_dags/example_complex.py
[2024-12-09T13:19:50.666+0000] {logging_mixin.py:190} INFO - [2024-12-09T13:19:50.666+0000] {dag.py:3239} INFO - Sync 1 DAGs
[2024-12-09T13:19:50.680+0000] {logging_mixin.py:190} INFO - [2024-12-09T13:19:50.680+0000] {dag.py:4180} INFO - Setting next_dagrun for example_complex to None, run_after=None
[2024-12-09T13:19:50.700+0000] {processor.py:208} INFO - Processing /home/airflow/.local/lib/python3.12/site-packages/airflow/example_dags/example_complex.py took 0.092 seconds
[2024-12-09T13:20:22.102+0000] {processor.py:186} INFO - Started process (PID=645) to work on /home/airflow/.local/lib/python3.12/site-packages/airflow/example_dags/example_complex.py
[2024-12-09T13:20:22.103+0000] {processor.py:914} INFO - Processing file /home/airflow/.local/lib/python3.12/site-packages/airflow/example_dags/example_complex.py for tasks to queue
[2024-12-09T13:20:22.105+0000] {logging_mixin.py:190} INFO - [2024-12-09T13:20:22.104+0000] {dagbag.py:588} INFO - Filling up the DagBag from /home/airflow/.local/lib/python3.12/site-packages/airflow/example_dags/example_complex.py
[2024-12-09T13:20:22.115+0000] {processor.py:925} INFO - DAG(s) 'example_complex' retrieved from /home/airflow/.local/lib/python3.12/site-packages/airflow/example_dags/example_complex.py
[2024-12-09T13:20:22.155+0000] {logging_mixin.py:190} INFO - [2024-12-09T13:20:22.154+0000] {dag.py:3239} INFO - Sync 1 DAGs
[2024-12-09T13:20:22.173+0000] {logging_mixin.py:190} INFO - [2024-12-09T13:20:22.173+0000] {dag.py:4180} INFO - Setting next_dagrun for example_complex to None, run_after=None
[2024-12-09T13:20:22.191+0000] {processor.py:208} INFO - Processing /home/airflow/.local/lib/python3.12/site-packages/airflow/example_dags/example_complex.py took 0.095 seconds
[2024-12-09T13:20:52.816+0000] {processor.py:186} INFO - Started process (PID=708) to work on /home/airflow/.local/lib/python3.12/site-packages/airflow/example_dags/example_complex.py
[2024-12-09T13:20:52.817+0000] {processor.py:914} INFO - Processing file /home/airflow/.local/lib/python3.12/site-packages/airflow/example_dags/example_complex.py for tasks to queue
[2024-12-09T13:20:52.819+0000] {logging_mixin.py:190} INFO - [2024-12-09T13:20:52.819+0000] {dagbag.py:588} INFO - Filling up the DagBag from /home/airflow/.local/lib/python3.12/site-packages/airflow/example_dags/example_complex.py
[2024-12-09T13:20:52.829+0000] {processor.py:925} INFO - DAG(s) 'example_complex' retrieved from /home/airflow/.local/lib/python3.12/site-packages/airflow/example_dags/example_complex.py
[2024-12-09T13:20:52.855+0000] {logging_mixin.py:190} INFO - [2024-12-09T13:20:52.855+0000] {dag.py:3239} INFO - Sync 1 DAGs
[2024-12-09T13:20:52.867+0000] {logging_mixin.py:190} INFO - [2024-12-09T13:20:52.866+0000] {dag.py:4180} INFO - Setting next_dagrun for example_complex to None, run_after=None
[2024-12-09T13:20:52.882+0000] {processor.py:208} INFO - Processing /home/airflow/.local/lib/python3.12/site-packages/airflow/example_dags/example_complex.py took 0.071 seconds
[2024-12-09T13:21:24.090+0000] {processor.py:186} INFO - Started process (PID=771) to work on /home/airflow/.local/lib/python3.12/site-packages/airflow/example_dags/example_complex.py
[2024-12-09T13:21:24.091+0000] {processor.py:914} INFO - Processing file /home/airflow/.local/lib/python3.12/site-packages/airflow/example_dags/example_complex.py for tasks to queue
[2024-12-09T13:21:24.093+0000] {logging_mixin.py:190} INFO - [2024-12-09T13:21:24.093+0000] {dagbag.py:588} INFO - Filling up the DagBag from /home/airflow/.local/lib/python3.12/site-packages/airflow/example_dags/example_complex.py
[2024-12-09T13:21:24.102+0000] {processor.py:925} INFO - DAG(s) 'example_complex' retrieved from /home/airflow/.local/lib/python3.12/site-packages/airflow/example_dags/example_complex.py
[2024-12-09T13:21:24.127+0000] {logging_mixin.py:190} INFO - [2024-12-09T13:21:24.126+0000] {dag.py:3239} INFO - Sync 1 DAGs
[2024-12-09T13:21:24.138+0000] {logging_mixin.py:190} INFO - [2024-12-09T13:21:24.138+0000] {dag.py:4180} INFO - Setting next_dagrun for example_complex to None, run_after=None
[2024-12-09T13:21:24.153+0000] {processor.py:208} INFO - Processing /home/airflow/.local/lib/python3.12/site-packages/airflow/example_dags/example_complex.py took 0.067 seconds
[2024-12-09T13:21:55.230+0000] {processor.py:186} INFO - Started process (PID=834) to work on /home/airflow/.local/lib/python3.12/site-packages/airflow/example_dags/example_complex.py
[2024-12-09T13:21:55.230+0000] {processor.py:914} INFO - Processing file /home/airflow/.local/lib/python3.12/site-packages/airflow/example_dags/example_complex.py for tasks to queue
[2024-12-09T13:21:55.232+0000] {logging_mixin.py:190} INFO - [2024-12-09T13:21:55.232+0000] {dagbag.py:588} INFO - Filling up the DagBag from /home/airflow/.local/lib/python3.12/site-packages/airflow/example_dags/example_complex.py
[2024-12-09T13:21:55.243+0000] {processor.py:925} INFO - DAG(s) 'example_complex' retrieved from /home/airflow/.local/lib/python3.12/site-packages/airflow/example_dags/example_complex.py
[2024-12-09T13:21:55.271+0000] {logging_mixin.py:190} INFO - [2024-12-09T13:21:55.271+0000] {dag.py:3239} INFO - Sync 1 DAGs
[2024-12-09T13:21:55.284+0000] {logging_mixin.py:190} INFO - [2024-12-09T13:21:55.284+0000] {dag.py:4180} INFO - Setting next_dagrun for example_complex to None, run_after=None
[2024-12-09T13:21:55.303+0000] {processor.py:208} INFO - Processing /home/airflow/.local/lib/python3.12/site-packages/airflow/example_dags/example_complex.py took 0.077 seconds
[2024-12-09T13:22:26.082+0000] {processor.py:186} INFO - Started process (PID=897) to work on /home/airflow/.local/lib/python3.12/site-packages/airflow/example_dags/example_complex.py
[2024-12-09T13:22:26.083+0000] {processor.py:914} INFO - Processing file /home/airflow/.local/lib/python3.12/site-packages/airflow/example_dags/example_complex.py for tasks to queue
[2024-12-09T13:22:26.084+0000] {logging_mixin.py:190} INFO - [2024-12-09T13:22:26.084+0000] {dagbag.py:588} INFO - Filling up the DagBag from /home/airflow/.local/lib/python3.12/site-packages/airflow/example_dags/example_complex.py
[2024-12-09T13:22:26.094+0000] {processor.py:925} INFO - DAG(s) 'example_complex' retrieved from /home/airflow/.local/lib/python3.12/site-packages/airflow/example_dags/example_complex.py
[2024-12-09T13:22:26.119+0000] {logging_mixin.py:190} INFO - [2024-12-09T13:22:26.119+0000] {dag.py:3239} INFO - Sync 1 DAGs
[2024-12-09T13:22:26.130+0000] {logging_mixin.py:190} INFO - [2024-12-09T13:22:26.130+0000] {dag.py:4180} INFO - Setting next_dagrun for example_complex to None, run_after=None
[2024-12-09T13:22:26.146+0000] {processor.py:208} INFO - Processing /home/airflow/.local/lib/python3.12/site-packages/airflow/example_dags/example_complex.py took 0.068 seconds
[2024-12-09T13:22:57.208+0000] {processor.py:186} INFO - Started process (PID=960) to work on /home/airflow/.local/lib/python3.12/site-packages/airflow/example_dags/example_complex.py
[2024-12-09T13:22:57.209+0000] {processor.py:914} INFO - Processing file /home/airflow/.local/lib/python3.12/site-packages/airflow/example_dags/example_complex.py for tasks to queue
[2024-12-09T13:22:57.210+0000] {logging_mixin.py:190} INFO - [2024-12-09T13:22:57.210+0000] {dagbag.py:588} INFO - Filling up the DagBag from /home/airflow/.local/lib/python3.12/site-packages/airflow/example_dags/example_complex.py
[2024-12-09T13:22:57.220+0000] {processor.py:925} INFO - DAG(s) 'example_complex' retrieved from /home/airflow/.local/lib/python3.12/site-packages/airflow/example_dags/example_complex.py
[2024-12-09T13:22:57.245+0000] {logging_mixin.py:190} INFO - [2024-12-09T13:22:57.245+0000] {dag.py:3239} INFO - Sync 1 DAGs
[2024-12-09T13:22:57.257+0000] {logging_mixin.py:190} INFO - [2024-12-09T13:22:57.257+0000] {dag.py:4180} INFO - Setting next_dagrun for example_complex to None, run_after=None
[2024-12-09T13:22:57.271+0000] {processor.py:208} INFO - Processing /home/airflow/.local/lib/python3.12/site-packages/airflow/example_dags/example_complex.py took 0.068 seconds
[2024-12-09T13:23:28.999+0000] {processor.py:186} INFO - Started process (PID=1023) to work on /home/airflow/.local/lib/python3.12/site-packages/airflow/example_dags/example_complex.py
[2024-12-09T13:23:28.999+0000] {processor.py:914} INFO - Processing file /home/airflow/.local/lib/python3.12/site-packages/airflow/example_dags/example_complex.py for tasks to queue
[2024-12-09T13:23:29.001+0000] {logging_mixin.py:190} INFO - [2024-12-09T13:23:29.001+0000] {dagbag.py:588} INFO - Filling up the DagBag from /home/airflow/.local/lib/python3.12/site-packages/airflow/example_dags/example_complex.py
[2024-12-09T13:23:29.011+0000] {processor.py:925} INFO - DAG(s) 'example_complex' retrieved from /home/airflow/.local/lib/python3.12/site-packages/airflow/example_dags/example_complex.py
[2024-12-09T13:23:29.037+0000] {logging_mixin.py:190} INFO - [2024-12-09T13:23:29.037+0000] {dag.py:3239} INFO - Sync 1 DAGs
[2024-12-09T13:23:29.051+0000] {logging_mixin.py:190} INFO - [2024-12-09T13:23:29.051+0000] {dag.py:4180} INFO - Setting next_dagrun for example_complex to None, run_after=None
[2024-12-09T13:23:29.066+0000] {processor.py:208} INFO - Processing /home/airflow/.local/lib/python3.12/site-packages/airflow/example_dags/example_complex.py took 0.072 seconds
[2024-12-09T13:24:01.718+0000] {processor.py:186} INFO - Started process (PID=1086) to work on /home/airflow/.local/lib/python3.12/site-packages/airflow/example_dags/example_complex.py
[2024-12-09T13:24:01.719+0000] {processor.py:914} INFO - Processing file /home/airflow/.local/lib/python3.12/site-packages/airflow/example_dags/example_complex.py for tasks to queue
[2024-12-09T13:24:01.721+0000] {logging_mixin.py:190} INFO - [2024-12-09T13:24:01.721+0000] {dagbag.py:588} INFO - Filling up the DagBag from /home/airflow/.local/lib/python3.12/site-packages/airflow/example_dags/example_complex.py
[2024-12-09T13:24:01.731+0000] {processor.py:925} INFO - DAG(s) 'example_complex' retrieved from /home/airflow/.local/lib/python3.12/site-packages/airflow/example_dags/example_complex.py
[2024-12-09T13:24:01.765+0000] {logging_mixin.py:190} INFO - [2024-12-09T13:24:01.765+0000] {dag.py:3239} INFO - Sync 1 DAGs
[2024-12-09T13:24:01.782+0000] {logging_mixin.py:190} INFO - [2024-12-09T13:24:01.782+0000] {dag.py:4180} INFO - Setting next_dagrun for example_complex to None, run_after=None
[2024-12-09T13:24:01.798+0000] {processor.py:208} INFO - Processing /home/airflow/.local/lib/python3.12/site-packages/airflow/example_dags/example_complex.py took 0.085 seconds
[2024-12-09T13:24:35.218+0000] {processor.py:186} INFO - Started process (PID=1149) to work on /home/airflow/.local/lib/python3.12/site-packages/airflow/example_dags/example_complex.py
[2024-12-09T13:24:35.219+0000] {processor.py:914} INFO - Processing file /home/airflow/.local/lib/python3.12/site-packages/airflow/example_dags/example_complex.py for tasks to queue
[2024-12-09T13:24:35.220+0000] {logging_mixin.py:190} INFO - [2024-12-09T13:24:35.220+0000] {dagbag.py:588} INFO - Filling up the DagBag from /home/airflow/.local/lib/python3.12/site-packages/airflow/example_dags/example_complex.py
[2024-12-09T13:24:35.230+0000] {processor.py:925} INFO - DAG(s) 'example_complex' retrieved from /home/airflow/.local/lib/python3.12/site-packages/airflow/example_dags/example_complex.py
[2024-12-09T13:24:35.256+0000] {logging_mixin.py:190} INFO - [2024-12-09T13:24:35.255+0000] {dag.py:3239} INFO - Sync 1 DAGs
[2024-12-09T13:24:35.268+0000] {logging_mixin.py:190} INFO - [2024-12-09T13:24:35.268+0000] {dag.py:4180} INFO - Setting next_dagrun for example_complex to None, run_after=None
[2024-12-09T13:24:35.283+0000] {processor.py:208} INFO - Processing /home/airflow/.local/lib/python3.12/site-packages/airflow/example_dags/example_complex.py took 0.070 seconds
[2024-12-09T13:25:07.024+0000] {processor.py:186} INFO - Started process (PID=1204) to work on /home/airflow/.local/lib/python3.12/site-packages/airflow/example_dags/example_complex.py
[2024-12-09T13:25:07.025+0000] {processor.py:914} INFO - Processing file /home/airflow/.local/lib/python3.12/site-packages/airflow/example_dags/example_complex.py for tasks to queue
[2024-12-09T13:25:07.027+0000] {logging_mixin.py:190} INFO - [2024-12-09T13:25:07.027+0000] {dagbag.py:588} INFO - Filling up the DagBag from /home/airflow/.local/lib/python3.12/site-packages/airflow/example_dags/example_complex.py
[2024-12-09T13:25:07.037+0000] {processor.py:925} INFO - DAG(s) 'example_complex' retrieved from /home/airflow/.local/lib/python3.12/site-packages/airflow/example_dags/example_complex.py
[2024-12-09T13:25:07.062+0000] {logging_mixin.py:190} INFO - [2024-12-09T13:25:07.062+0000] {dag.py:3239} INFO - Sync 1 DAGs
[2024-12-09T13:25:07.074+0000] {logging_mixin.py:190} INFO - [2024-12-09T13:25:07.073+0000] {dag.py:4180} INFO - Setting next_dagrun for example_complex to None, run_after=None
[2024-12-09T13:25:07.089+0000] {processor.py:208} INFO - Processing /home/airflow/.local/lib/python3.12/site-packages/airflow/example_dags/example_complex.py took 0.069 seconds
[2024-12-09T13:25:39.598+0000] {processor.py:186} INFO - Started process (PID=1267) to work on /home/airflow/.local/lib/python3.12/site-packages/airflow/example_dags/example_complex.py
[2024-12-09T13:25:39.599+0000] {processor.py:914} INFO - Processing file /home/airflow/.local/lib/python3.12/site-packages/airflow/example_dags/example_complex.py for tasks to queue
[2024-12-09T13:25:39.601+0000] {logging_mixin.py:190} INFO - [2024-12-09T13:25:39.601+0000] {dagbag.py:588} INFO - Filling up the DagBag from /home/airflow/.local/lib/python3.12/site-packages/airflow/example_dags/example_complex.py
[2024-12-09T13:25:39.610+0000] {processor.py:925} INFO - DAG(s) 'example_complex' retrieved from /home/airflow/.local/lib/python3.12/site-packages/airflow/example_dags/example_complex.py
[2024-12-09T13:25:39.637+0000] {logging_mixin.py:190} INFO - [2024-12-09T13:25:39.637+0000] {dag.py:3239} INFO - Sync 1 DAGs
[2024-12-09T13:25:39.649+0000] {logging_mixin.py:190} INFO - [2024-12-09T13:25:39.649+0000] {dag.py:4180} INFO - Setting next_dagrun for example_complex to None, run_after=None
[2024-12-09T13:25:39.664+0000] {processor.py:208} INFO - Processing /home/airflow/.local/lib/python3.12/site-packages/airflow/example_dags/example_complex.py took 0.070 seconds
[2024-12-09T13:26:10.856+0000] {processor.py:186} INFO - Started process (PID=1304) to work on /home/airflow/.local/lib/python3.12/site-packages/airflow/example_dags/example_complex.py
[2024-12-09T13:26:10.856+0000] {processor.py:914} INFO - Processing file /home/airflow/.local/lib/python3.12/site-packages/airflow/example_dags/example_complex.py for tasks to queue
[2024-12-09T13:26:10.858+0000] {logging_mixin.py:190} INFO - [2024-12-09T13:26:10.858+0000] {dagbag.py:588} INFO - Filling up the DagBag from /home/airflow/.local/lib/python3.12/site-packages/airflow/example_dags/example_complex.py
[2024-12-09T13:26:10.868+0000] {processor.py:925} INFO - DAG(s) 'example_complex' retrieved from /home/airflow/.local/lib/python3.12/site-packages/airflow/example_dags/example_complex.py
[2024-12-09T13:26:10.894+0000] {logging_mixin.py:190} INFO - [2024-12-09T13:26:10.894+0000] {dag.py:3239} INFO - Sync 1 DAGs
[2024-12-09T13:26:10.907+0000] {logging_mixin.py:190} INFO - [2024-12-09T13:26:10.907+0000] {dag.py:4180} INFO - Setting next_dagrun for example_complex to None, run_after=None
[2024-12-09T13:26:10.921+0000] {processor.py:208} INFO - Processing /home/airflow/.local/lib/python3.12/site-packages/airflow/example_dags/example_complex.py took 0.070 seconds
[2024-12-09T13:26:43.032+0000] {processor.py:186} INFO - Started process (PID=1367) to work on /home/airflow/.local/lib/python3.12/site-packages/airflow/example_dags/example_complex.py
[2024-12-09T13:26:43.033+0000] {processor.py:914} INFO - Processing file /home/airflow/.local/lib/python3.12/site-packages/airflow/example_dags/example_complex.py for tasks to queue
[2024-12-09T13:26:43.035+0000] {logging_mixin.py:190} INFO - [2024-12-09T13:26:43.035+0000] {dagbag.py:588} INFO - Filling up the DagBag from /home/airflow/.local/lib/python3.12/site-packages/airflow/example_dags/example_complex.py
[2024-12-09T13:26:43.044+0000] {processor.py:925} INFO - DAG(s) 'example_complex' retrieved from /home/airflow/.local/lib/python3.12/site-packages/airflow/example_dags/example_complex.py
[2024-12-09T13:26:43.070+0000] {logging_mixin.py:190} INFO - [2024-12-09T13:26:43.069+0000] {dag.py:3239} INFO - Sync 1 DAGs
[2024-12-09T13:26:43.081+0000] {logging_mixin.py:190} INFO - [2024-12-09T13:26:43.081+0000] {dag.py:4180} INFO - Setting next_dagrun for example_complex to None, run_after=None
[2024-12-09T13:26:43.095+0000] {processor.py:208} INFO - Processing /home/airflow/.local/lib/python3.12/site-packages/airflow/example_dags/example_complex.py took 0.067 seconds
[2024-12-09T13:27:15.715+0000] {processor.py:186} INFO - Started process (PID=1430) to work on /home/airflow/.local/lib/python3.12/site-packages/airflow/example_dags/example_complex.py
[2024-12-09T13:27:15.716+0000] {processor.py:914} INFO - Processing file /home/airflow/.local/lib/python3.12/site-packages/airflow/example_dags/example_complex.py for tasks to queue
[2024-12-09T13:27:15.718+0000] {logging_mixin.py:190} INFO - [2024-12-09T13:27:15.718+0000] {dagbag.py:588} INFO - Filling up the DagBag from /home/airflow/.local/lib/python3.12/site-packages/airflow/example_dags/example_complex.py
[2024-12-09T13:27:15.728+0000] {processor.py:925} INFO - DAG(s) 'example_complex' retrieved from /home/airflow/.local/lib/python3.12/site-packages/airflow/example_dags/example_complex.py
[2024-12-09T13:27:15.756+0000] {logging_mixin.py:190} INFO - [2024-12-09T13:27:15.755+0000] {dag.py:3239} INFO - Sync 1 DAGs
[2024-12-09T13:27:15.767+0000] {logging_mixin.py:190} INFO - [2024-12-09T13:27:15.767+0000] {dag.py:4180} INFO - Setting next_dagrun for example_complex to None, run_after=None
[2024-12-09T13:27:15.782+0000] {processor.py:208} INFO - Processing /home/airflow/.local/lib/python3.12/site-packages/airflow/example_dags/example_complex.py took 0.071 seconds
