[2024-12-09T13:15:40.311+0000] {processor.py:186} INFO - Started process (PID=75) to work on /home/airflow/.local/lib/python3.12/site-packages/airflow/example_dags/example_dataset_alias_with_no_taskflow.py
[2024-12-09T13:15:40.312+0000] {processor.py:914} INFO - Processing file /home/airflow/.local/lib/python3.12/site-packages/airflow/example_dags/example_dataset_alias_with_no_taskflow.py for tasks to queue
[2024-12-09T13:15:40.314+0000] {logging_mixin.py:190} INFO - [2024-12-09T13:15:40.314+0000] {dagbag.py:588} INFO - Filling up the DagBag from /home/airflow/.local/lib/python3.12/site-packages/airflow/example_dags/example_dataset_alias_with_no_taskflow.py
[2024-12-09T13:15:41.899+0000] {processor.py:925} INFO - DAG(s) 'dataset_alias_example_alias_consumer_with_no_taskflow', 'dataset_s3_bucket_consumer_with_no_taskflow', 'dataset_alias_example_alias_producer_with_no_taskflow', 'dataset_s3_bucket_producer_with_no_taskflow' retrieved from /home/airflow/.local/lib/python3.12/site-packages/airflow/example_dags/example_dataset_alias_with_no_taskflow.py
[2024-12-09T13:15:41.976+0000] {logging_mixin.py:190} INFO - [2024-12-09T13:15:41.975+0000] {override.py:1911} INFO - Created Permission View: can delete on DAG:dataset_alias_example_alias_consumer_with_no_taskflow
[2024-12-09T13:15:41.986+0000] {logging_mixin.py:190} INFO - [2024-12-09T13:15:41.986+0000] {override.py:1911} INFO - Created Permission View: can edit on DAG:dataset_alias_example_alias_consumer_with_no_taskflow
[2024-12-09T13:15:41.993+0000] {logging_mixin.py:190} INFO - [2024-12-09T13:15:41.992+0000] {override.py:1911} INFO - Created Permission View: can read on DAG:dataset_alias_example_alias_consumer_with_no_taskflow
[2024-12-09T13:15:42.000+0000] {logging_mixin.py:190} INFO - [2024-12-09T13:15:41.999+0000] {override.py:1911} INFO - Created Permission View: menu access on DAG Run:dataset_alias_example_alias_consumer_with_no_taskflow
[2024-12-09T13:15:42.006+0000] {logging_mixin.py:190} INFO - [2024-12-09T13:15:42.005+0000] {override.py:1911} INFO - Created Permission View: can create on DAG Run:dataset_alias_example_alias_consumer_with_no_taskflow
[2024-12-09T13:15:42.012+0000] {logging_mixin.py:190} INFO - [2024-12-09T13:15:42.012+0000] {override.py:1911} INFO - Created Permission View: can delete on DAG Run:dataset_alias_example_alias_consumer_with_no_taskflow
[2024-12-09T13:15:42.018+0000] {logging_mixin.py:190} INFO - [2024-12-09T13:15:42.018+0000] {override.py:1911} INFO - Created Permission View: can read on DAG Run:dataset_alias_example_alias_consumer_with_no_taskflow
[2024-12-09T13:15:42.033+0000] {logging_mixin.py:190} INFO - [2024-12-09T13:15:42.032+0000] {override.py:1911} INFO - Created Permission View: can delete on DAG:dataset_s3_bucket_consumer_with_no_taskflow
[2024-12-09T13:15:42.041+0000] {logging_mixin.py:190} INFO - [2024-12-09T13:15:42.041+0000] {override.py:1911} INFO - Created Permission View: can edit on DAG:dataset_s3_bucket_consumer_with_no_taskflow
[2024-12-09T13:15:42.049+0000] {logging_mixin.py:190} INFO - [2024-12-09T13:15:42.049+0000] {override.py:1911} INFO - Created Permission View: can read on DAG:dataset_s3_bucket_consumer_with_no_taskflow
[2024-12-09T13:15:42.058+0000] {logging_mixin.py:190} INFO - [2024-12-09T13:15:42.058+0000] {override.py:1911} INFO - Created Permission View: menu access on DAG Run:dataset_s3_bucket_consumer_with_no_taskflow
[2024-12-09T13:15:42.065+0000] {logging_mixin.py:190} INFO - [2024-12-09T13:15:42.065+0000] {override.py:1911} INFO - Created Permission View: can create on DAG Run:dataset_s3_bucket_consumer_with_no_taskflow
[2024-12-09T13:15:42.072+0000] {logging_mixin.py:190} INFO - [2024-12-09T13:15:42.072+0000] {override.py:1911} INFO - Created Permission View: can delete on DAG Run:dataset_s3_bucket_consumer_with_no_taskflow
[2024-12-09T13:15:42.081+0000] {logging_mixin.py:190} INFO - [2024-12-09T13:15:42.080+0000] {override.py:1911} INFO - Created Permission View: can read on DAG Run:dataset_s3_bucket_consumer_with_no_taskflow
[2024-12-09T13:15:42.096+0000] {logging_mixin.py:190} INFO - [2024-12-09T13:15:42.096+0000] {override.py:1911} INFO - Created Permission View: can delete on DAG:dataset_alias_example_alias_producer_with_no_taskflow
[2024-12-09T13:15:42.104+0000] {logging_mixin.py:190} INFO - [2024-12-09T13:15:42.104+0000] {override.py:1911} INFO - Created Permission View: can edit on DAG:dataset_alias_example_alias_producer_with_no_taskflow
[2024-12-09T13:15:42.111+0000] {logging_mixin.py:190} INFO - [2024-12-09T13:15:42.111+0000] {override.py:1911} INFO - Created Permission View: can read on DAG:dataset_alias_example_alias_producer_with_no_taskflow
[2024-12-09T13:15:42.119+0000] {logging_mixin.py:190} INFO - [2024-12-09T13:15:42.118+0000] {override.py:1911} INFO - Created Permission View: menu access on DAG Run:dataset_alias_example_alias_producer_with_no_taskflow
[2024-12-09T13:15:42.137+0000] {logging_mixin.py:190} INFO - [2024-12-09T13:15:42.137+0000] {override.py:1911} INFO - Created Permission View: can create on DAG Run:dataset_alias_example_alias_producer_with_no_taskflow
[2024-12-09T13:15:42.150+0000] {logging_mixin.py:190} INFO - [2024-12-09T13:15:42.150+0000] {override.py:1911} INFO - Created Permission View: can delete on DAG Run:dataset_alias_example_alias_producer_with_no_taskflow
[2024-12-09T13:15:42.163+0000] {logging_mixin.py:190} INFO - [2024-12-09T13:15:42.163+0000] {override.py:1911} INFO - Created Permission View: can read on DAG Run:dataset_alias_example_alias_producer_with_no_taskflow
[2024-12-09T13:15:42.176+0000] {logging_mixin.py:190} INFO - [2024-12-09T13:15:42.175+0000] {override.py:1911} INFO - Created Permission View: can delete on DAG:dataset_s3_bucket_producer_with_no_taskflow
[2024-12-09T13:15:42.184+0000] {logging_mixin.py:190} INFO - [2024-12-09T13:15:42.183+0000] {override.py:1911} INFO - Created Permission View: can edit on DAG:dataset_s3_bucket_producer_with_no_taskflow
[2024-12-09T13:15:42.190+0000] {logging_mixin.py:190} INFO - [2024-12-09T13:15:42.190+0000] {override.py:1911} INFO - Created Permission View: can read on DAG:dataset_s3_bucket_producer_with_no_taskflow
[2024-12-09T13:15:42.196+0000] {logging_mixin.py:190} INFO - [2024-12-09T13:15:42.196+0000] {override.py:1911} INFO - Created Permission View: menu access on DAG Run:dataset_s3_bucket_producer_with_no_taskflow
[2024-12-09T13:15:42.203+0000] {logging_mixin.py:190} INFO - [2024-12-09T13:15:42.202+0000] {override.py:1911} INFO - Created Permission View: can create on DAG Run:dataset_s3_bucket_producer_with_no_taskflow
[2024-12-09T13:15:42.210+0000] {logging_mixin.py:190} INFO - [2024-12-09T13:15:42.210+0000] {override.py:1911} INFO - Created Permission View: can delete on DAG Run:dataset_s3_bucket_producer_with_no_taskflow
[2024-12-09T13:15:42.216+0000] {logging_mixin.py:190} INFO - [2024-12-09T13:15:42.216+0000] {override.py:1911} INFO - Created Permission View: can read on DAG Run:dataset_s3_bucket_producer_with_no_taskflow
[2024-12-09T13:15:42.217+0000] {logging_mixin.py:190} INFO - [2024-12-09T13:15:42.216+0000] {dag.py:3239} INFO - Sync 4 DAGs
[2024-12-09T13:15:42.232+0000] {logging_mixin.py:190} INFO - [2024-12-09T13:15:42.231+0000] {dag.py:3262} INFO - Creating ORM DAG for dataset_alias_example_alias_producer_with_no_taskflow
[2024-12-09T13:15:42.234+0000] {logging_mixin.py:190} INFO - [2024-12-09T13:15:42.233+0000] {dag.py:3262} INFO - Creating ORM DAG for dataset_alias_example_alias_consumer_with_no_taskflow
[2024-12-09T13:15:42.234+0000] {logging_mixin.py:190} INFO - [2024-12-09T13:15:42.234+0000] {dag.py:3262} INFO - Creating ORM DAG for dataset_s3_bucket_consumer_with_no_taskflow
[2024-12-09T13:15:42.235+0000] {logging_mixin.py:190} INFO - [2024-12-09T13:15:42.235+0000] {dag.py:3262} INFO - Creating ORM DAG for dataset_s3_bucket_producer_with_no_taskflow
[2024-12-09T13:15:42.244+0000] {logging_mixin.py:190} INFO - [2024-12-09T13:15:42.244+0000] {dag.py:4180} INFO - Setting next_dagrun for dataset_alias_example_alias_consumer_with_no_taskflow to None, run_after=None
[2024-12-09T13:15:42.245+0000] {logging_mixin.py:190} INFO - [2024-12-09T13:15:42.245+0000] {dag.py:4180} INFO - Setting next_dagrun for dataset_alias_example_alias_producer_with_no_taskflow to None, run_after=None
[2024-12-09T13:15:42.246+0000] {logging_mixin.py:190} INFO - [2024-12-09T13:15:42.246+0000] {dag.py:4180} INFO - Setting next_dagrun for dataset_s3_bucket_consumer_with_no_taskflow to None, run_after=None
[2024-12-09T13:15:42.247+0000] {logging_mixin.py:190} INFO - [2024-12-09T13:15:42.246+0000] {dag.py:4180} INFO - Setting next_dagrun for dataset_s3_bucket_producer_with_no_taskflow to None, run_after=None
[2024-12-09T13:15:42.281+0000] {processor.py:208} INFO - Processing /home/airflow/.local/lib/python3.12/site-packages/airflow/example_dags/example_dataset_alias_with_no_taskflow.py took 1.975 seconds
[2024-12-09T13:16:12.779+0000] {processor.py:186} INFO - Started process (PID=139) to work on /home/airflow/.local/lib/python3.12/site-packages/airflow/example_dags/example_dataset_alias_with_no_taskflow.py
[2024-12-09T13:16:12.780+0000] {processor.py:914} INFO - Processing file /home/airflow/.local/lib/python3.12/site-packages/airflow/example_dags/example_dataset_alias_with_no_taskflow.py for tasks to queue
[2024-12-09T13:16:12.782+0000] {logging_mixin.py:190} INFO - [2024-12-09T13:16:12.782+0000] {dagbag.py:588} INFO - Filling up the DagBag from /home/airflow/.local/lib/python3.12/site-packages/airflow/example_dags/example_dataset_alias_with_no_taskflow.py
[2024-12-09T13:16:13.327+0000] {processor.py:925} INFO - DAG(s) 'dataset_alias_example_alias_consumer_with_no_taskflow', 'dataset_s3_bucket_consumer_with_no_taskflow', 'dataset_s3_bucket_producer_with_no_taskflow', 'dataset_alias_example_alias_producer_with_no_taskflow' retrieved from /home/airflow/.local/lib/python3.12/site-packages/airflow/example_dags/example_dataset_alias_with_no_taskflow.py
[2024-12-09T13:16:13.347+0000] {logging_mixin.py:190} INFO - [2024-12-09T13:16:13.345+0000] {dag.py:3239} INFO - Sync 4 DAGs
[2024-12-09T13:16:13.367+0000] {logging_mixin.py:190} INFO - [2024-12-09T13:16:13.367+0000] {dag.py:4180} INFO - Setting next_dagrun for dataset_alias_example_alias_consumer_with_no_taskflow to None, run_after=None
[2024-12-09T13:16:13.370+0000] {logging_mixin.py:190} INFO - [2024-12-09T13:16:13.369+0000] {dag.py:4180} INFO - Setting next_dagrun for dataset_alias_example_alias_producer_with_no_taskflow to None, run_after=None
[2024-12-09T13:16:13.372+0000] {logging_mixin.py:190} INFO - [2024-12-09T13:16:13.371+0000] {dag.py:4180} INFO - Setting next_dagrun for dataset_s3_bucket_consumer_with_no_taskflow to None, run_after=None
[2024-12-09T13:16:13.373+0000] {logging_mixin.py:190} INFO - [2024-12-09T13:16:13.373+0000] {dag.py:4180} INFO - Setting next_dagrun for dataset_s3_bucket_producer_with_no_taskflow to None, run_after=None
[2024-12-09T13:16:13.391+0000] {processor.py:208} INFO - Processing /home/airflow/.local/lib/python3.12/site-packages/airflow/example_dags/example_dataset_alias_with_no_taskflow.py took 0.616 seconds
[2024-12-09T13:16:43.845+0000] {processor.py:186} INFO - Started process (PID=202) to work on /home/airflow/.local/lib/python3.12/site-packages/airflow/example_dags/example_dataset_alias_with_no_taskflow.py
[2024-12-09T13:16:43.846+0000] {processor.py:914} INFO - Processing file /home/airflow/.local/lib/python3.12/site-packages/airflow/example_dags/example_dataset_alias_with_no_taskflow.py for tasks to queue
[2024-12-09T13:16:43.848+0000] {logging_mixin.py:190} INFO - [2024-12-09T13:16:43.847+0000] {dagbag.py:588} INFO - Filling up the DagBag from /home/airflow/.local/lib/python3.12/site-packages/airflow/example_dags/example_dataset_alias_with_no_taskflow.py
[2024-12-09T13:16:44.383+0000] {processor.py:925} INFO - DAG(s) 'dataset_s3_bucket_consumer_with_no_taskflow', 'dataset_s3_bucket_producer_with_no_taskflow', 'dataset_alias_example_alias_producer_with_no_taskflow', 'dataset_alias_example_alias_consumer_with_no_taskflow' retrieved from /home/airflow/.local/lib/python3.12/site-packages/airflow/example_dags/example_dataset_alias_with_no_taskflow.py
[2024-12-09T13:16:44.401+0000] {logging_mixin.py:190} INFO - [2024-12-09T13:16:44.400+0000] {dag.py:3239} INFO - Sync 4 DAGs
[2024-12-09T13:16:44.421+0000] {logging_mixin.py:190} INFO - [2024-12-09T13:16:44.421+0000] {dag.py:4180} INFO - Setting next_dagrun for dataset_alias_example_alias_consumer_with_no_taskflow to None, run_after=None
[2024-12-09T13:16:44.424+0000] {logging_mixin.py:190} INFO - [2024-12-09T13:16:44.424+0000] {dag.py:4180} INFO - Setting next_dagrun for dataset_alias_example_alias_producer_with_no_taskflow to None, run_after=None
[2024-12-09T13:16:44.426+0000] {logging_mixin.py:190} INFO - [2024-12-09T13:16:44.426+0000] {dag.py:4180} INFO - Setting next_dagrun for dataset_s3_bucket_consumer_with_no_taskflow to None, run_after=None
[2024-12-09T13:16:44.427+0000] {logging_mixin.py:190} INFO - [2024-12-09T13:16:44.427+0000] {dag.py:4180} INFO - Setting next_dagrun for dataset_s3_bucket_producer_with_no_taskflow to None, run_after=None
[2024-12-09T13:16:44.446+0000] {processor.py:208} INFO - Processing /home/airflow/.local/lib/python3.12/site-packages/airflow/example_dags/example_dataset_alias_with_no_taskflow.py took 0.605 seconds
[2024-12-09T13:17:14.896+0000] {processor.py:186} INFO - Started process (PID=265) to work on /home/airflow/.local/lib/python3.12/site-packages/airflow/example_dags/example_dataset_alias_with_no_taskflow.py
[2024-12-09T13:17:14.897+0000] {processor.py:914} INFO - Processing file /home/airflow/.local/lib/python3.12/site-packages/airflow/example_dags/example_dataset_alias_with_no_taskflow.py for tasks to queue
[2024-12-09T13:17:14.899+0000] {logging_mixin.py:190} INFO - [2024-12-09T13:17:14.899+0000] {dagbag.py:588} INFO - Filling up the DagBag from /home/airflow/.local/lib/python3.12/site-packages/airflow/example_dags/example_dataset_alias_with_no_taskflow.py
[2024-12-09T13:17:15.385+0000] {processor.py:925} INFO - DAG(s) 'dataset_s3_bucket_producer_with_no_taskflow', 'dataset_alias_example_alias_consumer_with_no_taskflow', 'dataset_s3_bucket_consumer_with_no_taskflow', 'dataset_alias_example_alias_producer_with_no_taskflow' retrieved from /home/airflow/.local/lib/python3.12/site-packages/airflow/example_dags/example_dataset_alias_with_no_taskflow.py
[2024-12-09T13:17:15.401+0000] {logging_mixin.py:190} INFO - [2024-12-09T13:17:15.401+0000] {dag.py:3239} INFO - Sync 4 DAGs
[2024-12-09T13:17:15.419+0000] {logging_mixin.py:190} INFO - [2024-12-09T13:17:15.419+0000] {dag.py:4180} INFO - Setting next_dagrun for dataset_alias_example_alias_consumer_with_no_taskflow to None, run_after=None
[2024-12-09T13:17:15.421+0000] {logging_mixin.py:190} INFO - [2024-12-09T13:17:15.421+0000] {dag.py:4180} INFO - Setting next_dagrun for dataset_alias_example_alias_producer_with_no_taskflow to None, run_after=None
[2024-12-09T13:17:15.424+0000] {logging_mixin.py:190} INFO - [2024-12-09T13:17:15.423+0000] {dag.py:4180} INFO - Setting next_dagrun for dataset_s3_bucket_consumer_with_no_taskflow to None, run_after=None
[2024-12-09T13:17:15.425+0000] {logging_mixin.py:190} INFO - [2024-12-09T13:17:15.424+0000] {dag.py:4180} INFO - Setting next_dagrun for dataset_s3_bucket_producer_with_no_taskflow to None, run_after=None
[2024-12-09T13:17:15.441+0000] {processor.py:208} INFO - Processing /home/airflow/.local/lib/python3.12/site-packages/airflow/example_dags/example_dataset_alias_with_no_taskflow.py took 0.549 seconds
[2024-12-09T13:17:45.901+0000] {processor.py:186} INFO - Started process (PID=328) to work on /home/airflow/.local/lib/python3.12/site-packages/airflow/example_dags/example_dataset_alias_with_no_taskflow.py
[2024-12-09T13:17:45.902+0000] {processor.py:914} INFO - Processing file /home/airflow/.local/lib/python3.12/site-packages/airflow/example_dags/example_dataset_alias_with_no_taskflow.py for tasks to queue
[2024-12-09T13:17:45.904+0000] {logging_mixin.py:190} INFO - [2024-12-09T13:17:45.904+0000] {dagbag.py:588} INFO - Filling up the DagBag from /home/airflow/.local/lib/python3.12/site-packages/airflow/example_dags/example_dataset_alias_with_no_taskflow.py
[2024-12-09T13:17:46.524+0000] {processor.py:925} INFO - DAG(s) 'dataset_alias_example_alias_producer_with_no_taskflow', 'dataset_alias_example_alias_consumer_with_no_taskflow', 'dataset_s3_bucket_consumer_with_no_taskflow', 'dataset_s3_bucket_producer_with_no_taskflow' retrieved from /home/airflow/.local/lib/python3.12/site-packages/airflow/example_dags/example_dataset_alias_with_no_taskflow.py
[2024-12-09T13:17:46.542+0000] {logging_mixin.py:190} INFO - [2024-12-09T13:17:46.541+0000] {dag.py:3239} INFO - Sync 4 DAGs
[2024-12-09T13:17:46.561+0000] {logging_mixin.py:190} INFO - [2024-12-09T13:17:46.561+0000] {dag.py:4180} INFO - Setting next_dagrun for dataset_alias_example_alias_consumer_with_no_taskflow to None, run_after=None
[2024-12-09T13:17:46.564+0000] {logging_mixin.py:190} INFO - [2024-12-09T13:17:46.563+0000] {dag.py:4180} INFO - Setting next_dagrun for dataset_alias_example_alias_producer_with_no_taskflow to None, run_after=None
[2024-12-09T13:17:46.565+0000] {logging_mixin.py:190} INFO - [2024-12-09T13:17:46.565+0000] {dag.py:4180} INFO - Setting next_dagrun for dataset_s3_bucket_consumer_with_no_taskflow to None, run_after=None
[2024-12-09T13:17:46.566+0000] {logging_mixin.py:190} INFO - [2024-12-09T13:17:46.566+0000] {dag.py:4180} INFO - Setting next_dagrun for dataset_s3_bucket_producer_with_no_taskflow to None, run_after=None
[2024-12-09T13:17:46.584+0000] {processor.py:208} INFO - Processing /home/airflow/.local/lib/python3.12/site-packages/airflow/example_dags/example_dataset_alias_with_no_taskflow.py took 0.688 seconds
[2024-12-09T13:18:17.096+0000] {processor.py:186} INFO - Started process (PID=391) to work on /home/airflow/.local/lib/python3.12/site-packages/airflow/example_dags/example_dataset_alias_with_no_taskflow.py
[2024-12-09T13:18:17.097+0000] {processor.py:914} INFO - Processing file /home/airflow/.local/lib/python3.12/site-packages/airflow/example_dags/example_dataset_alias_with_no_taskflow.py for tasks to queue
[2024-12-09T13:18:17.099+0000] {logging_mixin.py:190} INFO - [2024-12-09T13:18:17.099+0000] {dagbag.py:588} INFO - Filling up the DagBag from /home/airflow/.local/lib/python3.12/site-packages/airflow/example_dags/example_dataset_alias_with_no_taskflow.py
[2024-12-09T13:18:17.600+0000] {processor.py:925} INFO - DAG(s) 'dataset_alias_example_alias_consumer_with_no_taskflow', 'dataset_s3_bucket_consumer_with_no_taskflow', 'dataset_alias_example_alias_producer_with_no_taskflow', 'dataset_s3_bucket_producer_with_no_taskflow' retrieved from /home/airflow/.local/lib/python3.12/site-packages/airflow/example_dags/example_dataset_alias_with_no_taskflow.py
[2024-12-09T13:18:17.618+0000] {logging_mixin.py:190} INFO - [2024-12-09T13:18:17.618+0000] {dag.py:3239} INFO - Sync 4 DAGs
[2024-12-09T13:18:17.637+0000] {logging_mixin.py:190} INFO - [2024-12-09T13:18:17.636+0000] {dag.py:4180} INFO - Setting next_dagrun for dataset_alias_example_alias_consumer_with_no_taskflow to None, run_after=None
[2024-12-09T13:18:17.639+0000] {logging_mixin.py:190} INFO - [2024-12-09T13:18:17.639+0000] {dag.py:4180} INFO - Setting next_dagrun for dataset_alias_example_alias_producer_with_no_taskflow to None, run_after=None
[2024-12-09T13:18:17.640+0000] {logging_mixin.py:190} INFO - [2024-12-09T13:18:17.640+0000] {dag.py:4180} INFO - Setting next_dagrun for dataset_s3_bucket_consumer_with_no_taskflow to None, run_after=None
[2024-12-09T13:18:17.642+0000] {logging_mixin.py:190} INFO - [2024-12-09T13:18:17.641+0000] {dag.py:4180} INFO - Setting next_dagrun for dataset_s3_bucket_producer_with_no_taskflow to None, run_after=None
[2024-12-09T13:18:17.658+0000] {processor.py:208} INFO - Processing /home/airflow/.local/lib/python3.12/site-packages/airflow/example_dags/example_dataset_alias_with_no_taskflow.py took 0.566 seconds
[2024-12-09T13:18:48.054+0000] {processor.py:186} INFO - Started process (PID=454) to work on /home/airflow/.local/lib/python3.12/site-packages/airflow/example_dags/example_dataset_alias_with_no_taskflow.py
[2024-12-09T13:18:48.055+0000] {processor.py:914} INFO - Processing file /home/airflow/.local/lib/python3.12/site-packages/airflow/example_dags/example_dataset_alias_with_no_taskflow.py for tasks to queue
[2024-12-09T13:18:48.057+0000] {logging_mixin.py:190} INFO - [2024-12-09T13:18:48.056+0000] {dagbag.py:588} INFO - Filling up the DagBag from /home/airflow/.local/lib/python3.12/site-packages/airflow/example_dags/example_dataset_alias_with_no_taskflow.py
[2024-12-09T13:18:48.585+0000] {processor.py:925} INFO - DAG(s) 'dataset_s3_bucket_producer_with_no_taskflow', 'dataset_alias_example_alias_consumer_with_no_taskflow', 'dataset_alias_example_alias_producer_with_no_taskflow', 'dataset_s3_bucket_consumer_with_no_taskflow' retrieved from /home/airflow/.local/lib/python3.12/site-packages/airflow/example_dags/example_dataset_alias_with_no_taskflow.py
[2024-12-09T13:18:48.604+0000] {logging_mixin.py:190} INFO - [2024-12-09T13:18:48.602+0000] {dag.py:3239} INFO - Sync 4 DAGs
[2024-12-09T13:18:48.622+0000] {logging_mixin.py:190} INFO - [2024-12-09T13:18:48.622+0000] {dag.py:4180} INFO - Setting next_dagrun for dataset_alias_example_alias_consumer_with_no_taskflow to None, run_after=None
[2024-12-09T13:18:48.624+0000] {logging_mixin.py:190} INFO - [2024-12-09T13:18:48.624+0000] {dag.py:4180} INFO - Setting next_dagrun for dataset_alias_example_alias_producer_with_no_taskflow to None, run_after=None
[2024-12-09T13:18:48.626+0000] {logging_mixin.py:190} INFO - [2024-12-09T13:18:48.625+0000] {dag.py:4180} INFO - Setting next_dagrun for dataset_s3_bucket_consumer_with_no_taskflow to None, run_after=None
[2024-12-09T13:18:48.627+0000] {logging_mixin.py:190} INFO - [2024-12-09T13:18:48.626+0000] {dag.py:4180} INFO - Setting next_dagrun for dataset_s3_bucket_producer_with_no_taskflow to None, run_after=None
[2024-12-09T13:18:48.647+0000] {processor.py:208} INFO - Processing /home/airflow/.local/lib/python3.12/site-packages/airflow/example_dags/example_dataset_alias_with_no_taskflow.py took 0.597 seconds
[2024-12-09T13:19:18.961+0000] {processor.py:186} INFO - Started process (PID=517) to work on /home/airflow/.local/lib/python3.12/site-packages/airflow/example_dags/example_dataset_alias_with_no_taskflow.py
[2024-12-09T13:19:18.962+0000] {processor.py:914} INFO - Processing file /home/airflow/.local/lib/python3.12/site-packages/airflow/example_dags/example_dataset_alias_with_no_taskflow.py for tasks to queue
[2024-12-09T13:19:18.964+0000] {logging_mixin.py:190} INFO - [2024-12-09T13:19:18.964+0000] {dagbag.py:588} INFO - Filling up the DagBag from /home/airflow/.local/lib/python3.12/site-packages/airflow/example_dags/example_dataset_alias_with_no_taskflow.py
[2024-12-09T13:19:19.515+0000] {processor.py:925} INFO - DAG(s) 'dataset_s3_bucket_consumer_with_no_taskflow', 'dataset_s3_bucket_producer_with_no_taskflow', 'dataset_alias_example_alias_producer_with_no_taskflow', 'dataset_alias_example_alias_consumer_with_no_taskflow' retrieved from /home/airflow/.local/lib/python3.12/site-packages/airflow/example_dags/example_dataset_alias_with_no_taskflow.py
[2024-12-09T13:19:19.535+0000] {logging_mixin.py:190} INFO - [2024-12-09T13:19:19.534+0000] {dag.py:3239} INFO - Sync 4 DAGs
[2024-12-09T13:19:19.557+0000] {logging_mixin.py:190} INFO - [2024-12-09T13:19:19.557+0000] {dag.py:4180} INFO - Setting next_dagrun for dataset_alias_example_alias_consumer_with_no_taskflow to None, run_after=None
[2024-12-09T13:19:19.561+0000] {logging_mixin.py:190} INFO - [2024-12-09T13:19:19.560+0000] {dag.py:4180} INFO - Setting next_dagrun for dataset_alias_example_alias_producer_with_no_taskflow to None, run_after=None
[2024-12-09T13:19:19.562+0000] {logging_mixin.py:190} INFO - [2024-12-09T13:19:19.562+0000] {dag.py:4180} INFO - Setting next_dagrun for dataset_s3_bucket_consumer_with_no_taskflow to None, run_after=None
[2024-12-09T13:19:19.563+0000] {logging_mixin.py:190} INFO - [2024-12-09T13:19:19.563+0000] {dag.py:4180} INFO - Setting next_dagrun for dataset_s3_bucket_producer_with_no_taskflow to None, run_after=None
[2024-12-09T13:19:19.584+0000] {processor.py:208} INFO - Processing /home/airflow/.local/lib/python3.12/site-packages/airflow/example_dags/example_dataset_alias_with_no_taskflow.py took 0.628 seconds
[2024-12-09T13:19:49.911+0000] {processor.py:186} INFO - Started process (PID=580) to work on /home/airflow/.local/lib/python3.12/site-packages/airflow/example_dags/example_dataset_alias_with_no_taskflow.py
[2024-12-09T13:19:49.912+0000] {processor.py:914} INFO - Processing file /home/airflow/.local/lib/python3.12/site-packages/airflow/example_dags/example_dataset_alias_with_no_taskflow.py for tasks to queue
[2024-12-09T13:19:49.914+0000] {logging_mixin.py:190} INFO - [2024-12-09T13:19:49.914+0000] {dagbag.py:588} INFO - Filling up the DagBag from /home/airflow/.local/lib/python3.12/site-packages/airflow/example_dags/example_dataset_alias_with_no_taskflow.py
[2024-12-09T13:19:50.503+0000] {processor.py:925} INFO - DAG(s) 'dataset_s3_bucket_consumer_with_no_taskflow', 'dataset_alias_example_alias_consumer_with_no_taskflow', 'dataset_alias_example_alias_producer_with_no_taskflow', 'dataset_s3_bucket_producer_with_no_taskflow' retrieved from /home/airflow/.local/lib/python3.12/site-packages/airflow/example_dags/example_dataset_alias_with_no_taskflow.py
[2024-12-09T13:19:50.526+0000] {logging_mixin.py:190} INFO - [2024-12-09T13:19:50.526+0000] {dag.py:3239} INFO - Sync 4 DAGs
[2024-12-09T13:19:50.546+0000] {logging_mixin.py:190} INFO - [2024-12-09T13:19:50.545+0000] {dag.py:4180} INFO - Setting next_dagrun for dataset_alias_example_alias_consumer_with_no_taskflow to None, run_after=None
[2024-12-09T13:19:50.548+0000] {logging_mixin.py:190} INFO - [2024-12-09T13:19:50.548+0000] {dag.py:4180} INFO - Setting next_dagrun for dataset_alias_example_alias_producer_with_no_taskflow to None, run_after=None
[2024-12-09T13:19:50.551+0000] {logging_mixin.py:190} INFO - [2024-12-09T13:19:50.551+0000] {dag.py:4180} INFO - Setting next_dagrun for dataset_s3_bucket_consumer_with_no_taskflow to None, run_after=None
[2024-12-09T13:19:50.553+0000] {logging_mixin.py:190} INFO - [2024-12-09T13:19:50.552+0000] {dag.py:4180} INFO - Setting next_dagrun for dataset_s3_bucket_producer_with_no_taskflow to None, run_after=None
[2024-12-09T13:19:50.570+0000] {processor.py:208} INFO - Processing /home/airflow/.local/lib/python3.12/site-packages/airflow/example_dags/example_dataset_alias_with_no_taskflow.py took 0.663 seconds
[2024-12-09T13:20:21.456+0000] {processor.py:186} INFO - Started process (PID=643) to work on /home/airflow/.local/lib/python3.12/site-packages/airflow/example_dags/example_dataset_alias_with_no_taskflow.py
[2024-12-09T13:20:21.456+0000] {processor.py:914} INFO - Processing file /home/airflow/.local/lib/python3.12/site-packages/airflow/example_dags/example_dataset_alias_with_no_taskflow.py for tasks to queue
[2024-12-09T13:20:21.458+0000] {logging_mixin.py:190} INFO - [2024-12-09T13:20:21.458+0000] {dagbag.py:588} INFO - Filling up the DagBag from /home/airflow/.local/lib/python3.12/site-packages/airflow/example_dags/example_dataset_alias_with_no_taskflow.py
[2024-12-09T13:20:21.975+0000] {processor.py:925} INFO - DAG(s) 'dataset_alias_example_alias_producer_with_no_taskflow', 'dataset_s3_bucket_producer_with_no_taskflow', 'dataset_alias_example_alias_consumer_with_no_taskflow', 'dataset_s3_bucket_consumer_with_no_taskflow' retrieved from /home/airflow/.local/lib/python3.12/site-packages/airflow/example_dags/example_dataset_alias_with_no_taskflow.py
[2024-12-09T13:20:21.996+0000] {logging_mixin.py:190} INFO - [2024-12-09T13:20:21.996+0000] {dag.py:3239} INFO - Sync 4 DAGs
[2024-12-09T13:20:22.020+0000] {logging_mixin.py:190} INFO - [2024-12-09T13:20:22.019+0000] {dag.py:4180} INFO - Setting next_dagrun for dataset_alias_example_alias_consumer_with_no_taskflow to None, run_after=None
[2024-12-09T13:20:22.023+0000] {logging_mixin.py:190} INFO - [2024-12-09T13:20:22.023+0000] {dag.py:4180} INFO - Setting next_dagrun for dataset_alias_example_alias_producer_with_no_taskflow to None, run_after=None
[2024-12-09T13:20:22.025+0000] {logging_mixin.py:190} INFO - [2024-12-09T13:20:22.025+0000] {dag.py:4180} INFO - Setting next_dagrun for dataset_s3_bucket_consumer_with_no_taskflow to None, run_after=None
[2024-12-09T13:20:22.027+0000] {logging_mixin.py:190} INFO - [2024-12-09T13:20:22.027+0000] {dag.py:4180} INFO - Setting next_dagrun for dataset_s3_bucket_producer_with_no_taskflow to None, run_after=None
[2024-12-09T13:20:22.051+0000] {processor.py:208} INFO - Processing /home/airflow/.local/lib/python3.12/site-packages/airflow/example_dags/example_dataset_alias_with_no_taskflow.py took 0.599 seconds
[2024-12-09T13:20:52.171+0000] {processor.py:186} INFO - Started process (PID=706) to work on /home/airflow/.local/lib/python3.12/site-packages/airflow/example_dags/example_dataset_alias_with_no_taskflow.py
[2024-12-09T13:20:52.171+0000] {processor.py:914} INFO - Processing file /home/airflow/.local/lib/python3.12/site-packages/airflow/example_dags/example_dataset_alias_with_no_taskflow.py for tasks to queue
[2024-12-09T13:20:52.173+0000] {logging_mixin.py:190} INFO - [2024-12-09T13:20:52.173+0000] {dagbag.py:588} INFO - Filling up the DagBag from /home/airflow/.local/lib/python3.12/site-packages/airflow/example_dags/example_dataset_alias_with_no_taskflow.py
[2024-12-09T13:20:52.757+0000] {processor.py:925} INFO - DAG(s) 'dataset_s3_bucket_producer_with_no_taskflow', 'dataset_alias_example_alias_producer_with_no_taskflow', 'dataset_s3_bucket_consumer_with_no_taskflow', 'dataset_alias_example_alias_consumer_with_no_taskflow' retrieved from /home/airflow/.local/lib/python3.12/site-packages/airflow/example_dags/example_dataset_alias_with_no_taskflow.py
[2024-12-09T13:20:52.776+0000] {logging_mixin.py:190} INFO - [2024-12-09T13:20:52.775+0000] {dag.py:3239} INFO - Sync 4 DAGs
[2024-12-09T13:20:52.795+0000] {logging_mixin.py:190} INFO - [2024-12-09T13:20:52.795+0000] {dag.py:4180} INFO - Setting next_dagrun for dataset_alias_example_alias_consumer_with_no_taskflow to None, run_after=None
[2024-12-09T13:20:52.797+0000] {logging_mixin.py:190} INFO - [2024-12-09T13:20:52.797+0000] {dag.py:4180} INFO - Setting next_dagrun for dataset_alias_example_alias_producer_with_no_taskflow to None, run_after=None
[2024-12-09T13:20:52.799+0000] {logging_mixin.py:190} INFO - [2024-12-09T13:20:52.799+0000] {dag.py:4180} INFO - Setting next_dagrun for dataset_s3_bucket_consumer_with_no_taskflow to None, run_after=None
[2024-12-09T13:20:52.800+0000] {logging_mixin.py:190} INFO - [2024-12-09T13:20:52.800+0000] {dag.py:4180} INFO - Setting next_dagrun for dataset_s3_bucket_producer_with_no_taskflow to None, run_after=None
[2024-12-09T13:20:52.820+0000] {processor.py:208} INFO - Processing /home/airflow/.local/lib/python3.12/site-packages/airflow/example_dags/example_dataset_alias_with_no_taskflow.py took 0.654 seconds
[2024-12-09T13:21:23.514+0000] {processor.py:186} INFO - Started process (PID=769) to work on /home/airflow/.local/lib/python3.12/site-packages/airflow/example_dags/example_dataset_alias_with_no_taskflow.py
[2024-12-09T13:21:23.515+0000] {processor.py:914} INFO - Processing file /home/airflow/.local/lib/python3.12/site-packages/airflow/example_dags/example_dataset_alias_with_no_taskflow.py for tasks to queue
[2024-12-09T13:21:23.517+0000] {logging_mixin.py:190} INFO - [2024-12-09T13:21:23.516+0000] {dagbag.py:588} INFO - Filling up the DagBag from /home/airflow/.local/lib/python3.12/site-packages/airflow/example_dags/example_dataset_alias_with_no_taskflow.py
[2024-12-09T13:21:23.996+0000] {processor.py:925} INFO - DAG(s) 'dataset_alias_example_alias_consumer_with_no_taskflow', 'dataset_s3_bucket_producer_with_no_taskflow', 'dataset_s3_bucket_consumer_with_no_taskflow', 'dataset_alias_example_alias_producer_with_no_taskflow' retrieved from /home/airflow/.local/lib/python3.12/site-packages/airflow/example_dags/example_dataset_alias_with_no_taskflow.py
[2024-12-09T13:21:24.012+0000] {logging_mixin.py:190} INFO - [2024-12-09T13:21:24.011+0000] {dag.py:3239} INFO - Sync 4 DAGs
[2024-12-09T13:21:24.029+0000] {logging_mixin.py:190} INFO - [2024-12-09T13:21:24.029+0000] {dag.py:4180} INFO - Setting next_dagrun for dataset_alias_example_alias_consumer_with_no_taskflow to None, run_after=None
[2024-12-09T13:21:24.032+0000] {logging_mixin.py:190} INFO - [2024-12-09T13:21:24.032+0000] {dag.py:4180} INFO - Setting next_dagrun for dataset_alias_example_alias_producer_with_no_taskflow to None, run_after=None
[2024-12-09T13:21:24.033+0000] {logging_mixin.py:190} INFO - [2024-12-09T13:21:24.033+0000] {dag.py:4180} INFO - Setting next_dagrun for dataset_s3_bucket_consumer_with_no_taskflow to None, run_after=None
[2024-12-09T13:21:24.034+0000] {logging_mixin.py:190} INFO - [2024-12-09T13:21:24.034+0000] {dag.py:4180} INFO - Setting next_dagrun for dataset_s3_bucket_producer_with_no_taskflow to None, run_after=None
[2024-12-09T13:21:24.051+0000] {processor.py:208} INFO - Processing /home/airflow/.local/lib/python3.12/site-packages/airflow/example_dags/example_dataset_alias_with_no_taskflow.py took 0.541 seconds
[2024-12-09T13:21:54.657+0000] {processor.py:186} INFO - Started process (PID=832) to work on /home/airflow/.local/lib/python3.12/site-packages/airflow/example_dags/example_dataset_alias_with_no_taskflow.py
[2024-12-09T13:21:54.657+0000] {processor.py:914} INFO - Processing file /home/airflow/.local/lib/python3.12/site-packages/airflow/example_dags/example_dataset_alias_with_no_taskflow.py for tasks to queue
[2024-12-09T13:21:54.659+0000] {logging_mixin.py:190} INFO - [2024-12-09T13:21:54.659+0000] {dagbag.py:588} INFO - Filling up the DagBag from /home/airflow/.local/lib/python3.12/site-packages/airflow/example_dags/example_dataset_alias_with_no_taskflow.py
[2024-12-09T13:21:55.154+0000] {processor.py:925} INFO - DAG(s) 'dataset_s3_bucket_producer_with_no_taskflow', 'dataset_s3_bucket_consumer_with_no_taskflow', 'dataset_alias_example_alias_consumer_with_no_taskflow', 'dataset_alias_example_alias_producer_with_no_taskflow' retrieved from /home/airflow/.local/lib/python3.12/site-packages/airflow/example_dags/example_dataset_alias_with_no_taskflow.py
[2024-12-09T13:21:55.171+0000] {logging_mixin.py:190} INFO - [2024-12-09T13:21:55.171+0000] {dag.py:3239} INFO - Sync 4 DAGs
[2024-12-09T13:21:55.188+0000] {logging_mixin.py:190} INFO - [2024-12-09T13:21:55.188+0000] {dag.py:4180} INFO - Setting next_dagrun for dataset_alias_example_alias_consumer_with_no_taskflow to None, run_after=None
[2024-12-09T13:21:55.191+0000] {logging_mixin.py:190} INFO - [2024-12-09T13:21:55.190+0000] {dag.py:4180} INFO - Setting next_dagrun for dataset_alias_example_alias_producer_with_no_taskflow to None, run_after=None
[2024-12-09T13:21:55.192+0000] {logging_mixin.py:190} INFO - [2024-12-09T13:21:55.192+0000] {dag.py:4180} INFO - Setting next_dagrun for dataset_s3_bucket_consumer_with_no_taskflow to None, run_after=None
[2024-12-09T13:21:55.193+0000] {logging_mixin.py:190} INFO - [2024-12-09T13:21:55.193+0000] {dag.py:4180} INFO - Setting next_dagrun for dataset_s3_bucket_producer_with_no_taskflow to None, run_after=None
[2024-12-09T13:21:55.209+0000] {processor.py:208} INFO - Processing /home/airflow/.local/lib/python3.12/site-packages/airflow/example_dags/example_dataset_alias_with_no_taskflow.py took 0.556 seconds
[2024-12-09T13:22:25.497+0000] {processor.py:186} INFO - Started process (PID=895) to work on /home/airflow/.local/lib/python3.12/site-packages/airflow/example_dags/example_dataset_alias_with_no_taskflow.py
[2024-12-09T13:22:25.498+0000] {processor.py:914} INFO - Processing file /home/airflow/.local/lib/python3.12/site-packages/airflow/example_dags/example_dataset_alias_with_no_taskflow.py for tasks to queue
[2024-12-09T13:22:25.500+0000] {logging_mixin.py:190} INFO - [2024-12-09T13:22:25.500+0000] {dagbag.py:588} INFO - Filling up the DagBag from /home/airflow/.local/lib/python3.12/site-packages/airflow/example_dags/example_dataset_alias_with_no_taskflow.py
[2024-12-09T13:22:25.985+0000] {processor.py:925} INFO - DAG(s) 'dataset_s3_bucket_producer_with_no_taskflow', 'dataset_alias_example_alias_consumer_with_no_taskflow', 'dataset_s3_bucket_consumer_with_no_taskflow', 'dataset_alias_example_alias_producer_with_no_taskflow' retrieved from /home/airflow/.local/lib/python3.12/site-packages/airflow/example_dags/example_dataset_alias_with_no_taskflow.py
[2024-12-09T13:22:26.002+0000] {logging_mixin.py:190} INFO - [2024-12-09T13:22:26.001+0000] {dag.py:3239} INFO - Sync 4 DAGs
[2024-12-09T13:22:26.021+0000] {logging_mixin.py:190} INFO - [2024-12-09T13:22:26.021+0000] {dag.py:4180} INFO - Setting next_dagrun for dataset_alias_example_alias_consumer_with_no_taskflow to None, run_after=None
[2024-12-09T13:22:26.023+0000] {logging_mixin.py:190} INFO - [2024-12-09T13:22:26.023+0000] {dag.py:4180} INFO - Setting next_dagrun for dataset_alias_example_alias_producer_with_no_taskflow to None, run_after=None
[2024-12-09T13:22:26.025+0000] {logging_mixin.py:190} INFO - [2024-12-09T13:22:26.025+0000] {dag.py:4180} INFO - Setting next_dagrun for dataset_s3_bucket_consumer_with_no_taskflow to None, run_after=None
[2024-12-09T13:22:26.026+0000] {logging_mixin.py:190} INFO - [2024-12-09T13:22:26.026+0000] {dag.py:4180} INFO - Setting next_dagrun for dataset_s3_bucket_producer_with_no_taskflow to None, run_after=None
[2024-12-09T13:22:26.042+0000] {processor.py:208} INFO - Processing /home/airflow/.local/lib/python3.12/site-packages/airflow/example_dags/example_dataset_alias_with_no_taskflow.py took 0.549 seconds
[2024-12-09T13:22:56.577+0000] {processor.py:186} INFO - Started process (PID=958) to work on /home/airflow/.local/lib/python3.12/site-packages/airflow/example_dags/example_dataset_alias_with_no_taskflow.py
[2024-12-09T13:22:56.578+0000] {processor.py:914} INFO - Processing file /home/airflow/.local/lib/python3.12/site-packages/airflow/example_dags/example_dataset_alias_with_no_taskflow.py for tasks to queue
[2024-12-09T13:22:56.580+0000] {logging_mixin.py:190} INFO - [2024-12-09T13:22:56.580+0000] {dagbag.py:588} INFO - Filling up the DagBag from /home/airflow/.local/lib/python3.12/site-packages/airflow/example_dags/example_dataset_alias_with_no_taskflow.py
[2024-12-09T13:22:57.102+0000] {processor.py:925} INFO - DAG(s) 'dataset_alias_example_alias_consumer_with_no_taskflow', 'dataset_s3_bucket_consumer_with_no_taskflow', 'dataset_alias_example_alias_producer_with_no_taskflow', 'dataset_s3_bucket_producer_with_no_taskflow' retrieved from /home/airflow/.local/lib/python3.12/site-packages/airflow/example_dags/example_dataset_alias_with_no_taskflow.py
[2024-12-09T13:22:57.121+0000] {logging_mixin.py:190} INFO - [2024-12-09T13:22:57.120+0000] {dag.py:3239} INFO - Sync 4 DAGs
[2024-12-09T13:22:57.143+0000] {logging_mixin.py:190} INFO - [2024-12-09T13:22:57.143+0000] {dag.py:4180} INFO - Setting next_dagrun for dataset_alias_example_alias_consumer_with_no_taskflow to None, run_after=None
[2024-12-09T13:22:57.145+0000] {logging_mixin.py:190} INFO - [2024-12-09T13:22:57.145+0000] {dag.py:4180} INFO - Setting next_dagrun for dataset_alias_example_alias_producer_with_no_taskflow to None, run_after=None
[2024-12-09T13:22:57.147+0000] {logging_mixin.py:190} INFO - [2024-12-09T13:22:57.147+0000] {dag.py:4180} INFO - Setting next_dagrun for dataset_s3_bucket_consumer_with_no_taskflow to None, run_after=None
[2024-12-09T13:22:57.148+0000] {logging_mixin.py:190} INFO - [2024-12-09T13:22:57.148+0000] {dag.py:4180} INFO - Setting next_dagrun for dataset_s3_bucket_producer_with_no_taskflow to None, run_after=None
[2024-12-09T13:22:57.167+0000] {processor.py:208} INFO - Processing /home/airflow/.local/lib/python3.12/site-packages/airflow/example_dags/example_dataset_alias_with_no_taskflow.py took 0.594 seconds
[2024-12-09T13:23:28.384+0000] {processor.py:186} INFO - Started process (PID=1021) to work on /home/airflow/.local/lib/python3.12/site-packages/airflow/example_dags/example_dataset_alias_with_no_taskflow.py
[2024-12-09T13:23:28.385+0000] {processor.py:914} INFO - Processing file /home/airflow/.local/lib/python3.12/site-packages/airflow/example_dags/example_dataset_alias_with_no_taskflow.py for tasks to queue
[2024-12-09T13:23:28.386+0000] {logging_mixin.py:190} INFO - [2024-12-09T13:23:28.386+0000] {dagbag.py:588} INFO - Filling up the DagBag from /home/airflow/.local/lib/python3.12/site-packages/airflow/example_dags/example_dataset_alias_with_no_taskflow.py
[2024-12-09T13:23:28.891+0000] {processor.py:925} INFO - DAG(s) 'dataset_s3_bucket_consumer_with_no_taskflow', 'dataset_alias_example_alias_producer_with_no_taskflow', 'dataset_alias_example_alias_consumer_with_no_taskflow', 'dataset_s3_bucket_producer_with_no_taskflow' retrieved from /home/airflow/.local/lib/python3.12/site-packages/airflow/example_dags/example_dataset_alias_with_no_taskflow.py
[2024-12-09T13:23:28.911+0000] {logging_mixin.py:190} INFO - [2024-12-09T13:23:28.910+0000] {dag.py:3239} INFO - Sync 4 DAGs
[2024-12-09T13:23:28.931+0000] {logging_mixin.py:190} INFO - [2024-12-09T13:23:28.931+0000] {dag.py:4180} INFO - Setting next_dagrun for dataset_alias_example_alias_consumer_with_no_taskflow to None, run_after=None
[2024-12-09T13:23:28.934+0000] {logging_mixin.py:190} INFO - [2024-12-09T13:23:28.933+0000] {dag.py:4180} INFO - Setting next_dagrun for dataset_alias_example_alias_producer_with_no_taskflow to None, run_after=None
[2024-12-09T13:23:28.935+0000] {logging_mixin.py:190} INFO - [2024-12-09T13:23:28.935+0000] {dag.py:4180} INFO - Setting next_dagrun for dataset_s3_bucket_consumer_with_no_taskflow to None, run_after=None
[2024-12-09T13:23:28.936+0000] {logging_mixin.py:190} INFO - [2024-12-09T13:23:28.936+0000] {dag.py:4180} INFO - Setting next_dagrun for dataset_s3_bucket_producer_with_no_taskflow to None, run_after=None
[2024-12-09T13:23:28.960+0000] {processor.py:208} INFO - Processing /home/airflow/.local/lib/python3.12/site-packages/airflow/example_dags/example_dataset_alias_with_no_taskflow.py took 0.580 seconds
[2024-12-09T13:24:01.079+0000] {processor.py:186} INFO - Started process (PID=1084) to work on /home/airflow/.local/lib/python3.12/site-packages/airflow/example_dags/example_dataset_alias_with_no_taskflow.py
[2024-12-09T13:24:01.080+0000] {processor.py:914} INFO - Processing file /home/airflow/.local/lib/python3.12/site-packages/airflow/example_dags/example_dataset_alias_with_no_taskflow.py for tasks to queue
[2024-12-09T13:24:01.082+0000] {logging_mixin.py:190} INFO - [2024-12-09T13:24:01.082+0000] {dagbag.py:588} INFO - Filling up the DagBag from /home/airflow/.local/lib/python3.12/site-packages/airflow/example_dags/example_dataset_alias_with_no_taskflow.py
[2024-12-09T13:24:01.621+0000] {processor.py:925} INFO - DAG(s) 'dataset_s3_bucket_producer_with_no_taskflow', 'dataset_alias_example_alias_consumer_with_no_taskflow', 'dataset_alias_example_alias_producer_with_no_taskflow', 'dataset_s3_bucket_consumer_with_no_taskflow' retrieved from /home/airflow/.local/lib/python3.12/site-packages/airflow/example_dags/example_dataset_alias_with_no_taskflow.py
[2024-12-09T13:24:01.639+0000] {logging_mixin.py:190} INFO - [2024-12-09T13:24:01.639+0000] {dag.py:3239} INFO - Sync 4 DAGs
[2024-12-09T13:24:01.658+0000] {logging_mixin.py:190} INFO - [2024-12-09T13:24:01.658+0000] {dag.py:4180} INFO - Setting next_dagrun for dataset_alias_example_alias_consumer_with_no_taskflow to None, run_after=None
[2024-12-09T13:24:01.662+0000] {logging_mixin.py:190} INFO - [2024-12-09T13:24:01.662+0000] {dag.py:4180} INFO - Setting next_dagrun for dataset_alias_example_alias_producer_with_no_taskflow to None, run_after=None
[2024-12-09T13:24:01.664+0000] {logging_mixin.py:190} INFO - [2024-12-09T13:24:01.664+0000] {dag.py:4180} INFO - Setting next_dagrun for dataset_s3_bucket_consumer_with_no_taskflow to None, run_after=None
[2024-12-09T13:24:01.665+0000] {logging_mixin.py:190} INFO - [2024-12-09T13:24:01.665+0000] {dag.py:4180} INFO - Setting next_dagrun for dataset_s3_bucket_producer_with_no_taskflow to None, run_after=None
[2024-12-09T13:24:01.682+0000] {processor.py:208} INFO - Processing /home/airflow/.local/lib/python3.12/site-packages/airflow/example_dags/example_dataset_alias_with_no_taskflow.py took 0.607 seconds
[2024-12-09T13:24:34.587+0000] {processor.py:186} INFO - Started process (PID=1147) to work on /home/airflow/.local/lib/python3.12/site-packages/airflow/example_dags/example_dataset_alias_with_no_taskflow.py
[2024-12-09T13:24:34.588+0000] {processor.py:914} INFO - Processing file /home/airflow/.local/lib/python3.12/site-packages/airflow/example_dags/example_dataset_alias_with_no_taskflow.py for tasks to queue
[2024-12-09T13:24:34.590+0000] {logging_mixin.py:190} INFO - [2024-12-09T13:24:34.590+0000] {dagbag.py:588} INFO - Filling up the DagBag from /home/airflow/.local/lib/python3.12/site-packages/airflow/example_dags/example_dataset_alias_with_no_taskflow.py
[2024-12-09T13:24:35.127+0000] {processor.py:925} INFO - DAG(s) 'dataset_s3_bucket_consumer_with_no_taskflow', 'dataset_alias_example_alias_consumer_with_no_taskflow', 'dataset_s3_bucket_producer_with_no_taskflow', 'dataset_alias_example_alias_producer_with_no_taskflow' retrieved from /home/airflow/.local/lib/python3.12/site-packages/airflow/example_dags/example_dataset_alias_with_no_taskflow.py
[2024-12-09T13:24:35.144+0000] {logging_mixin.py:190} INFO - [2024-12-09T13:24:35.144+0000] {dag.py:3239} INFO - Sync 4 DAGs
[2024-12-09T13:24:35.162+0000] {logging_mixin.py:190} INFO - [2024-12-09T13:24:35.162+0000] {dag.py:4180} INFO - Setting next_dagrun for dataset_alias_example_alias_consumer_with_no_taskflow to None, run_after=None
[2024-12-09T13:24:35.165+0000] {logging_mixin.py:190} INFO - [2024-12-09T13:24:35.164+0000] {dag.py:4180} INFO - Setting next_dagrun for dataset_alias_example_alias_producer_with_no_taskflow to None, run_after=None
[2024-12-09T13:24:35.166+0000] {logging_mixin.py:190} INFO - [2024-12-09T13:24:35.166+0000] {dag.py:4180} INFO - Setting next_dagrun for dataset_s3_bucket_consumer_with_no_taskflow to None, run_after=None
[2024-12-09T13:24:35.167+0000] {logging_mixin.py:190} INFO - [2024-12-09T13:24:35.167+0000] {dag.py:4180} INFO - Setting next_dagrun for dataset_s3_bucket_producer_with_no_taskflow to None, run_after=None
[2024-12-09T13:24:35.184+0000] {processor.py:208} INFO - Processing /home/airflow/.local/lib/python3.12/site-packages/airflow/example_dags/example_dataset_alias_with_no_taskflow.py took 0.601 seconds
[2024-12-09T13:25:06.433+0000] {processor.py:186} INFO - Started process (PID=1202) to work on /home/airflow/.local/lib/python3.12/site-packages/airflow/example_dags/example_dataset_alias_with_no_taskflow.py
[2024-12-09T13:25:06.433+0000] {processor.py:914} INFO - Processing file /home/airflow/.local/lib/python3.12/site-packages/airflow/example_dags/example_dataset_alias_with_no_taskflow.py for tasks to queue
[2024-12-09T13:25:06.435+0000] {logging_mixin.py:190} INFO - [2024-12-09T13:25:06.435+0000] {dagbag.py:588} INFO - Filling up the DagBag from /home/airflow/.local/lib/python3.12/site-packages/airflow/example_dags/example_dataset_alias_with_no_taskflow.py
[2024-12-09T13:25:06.929+0000] {processor.py:925} INFO - DAG(s) 'dataset_alias_example_alias_producer_with_no_taskflow', 'dataset_s3_bucket_consumer_with_no_taskflow', 'dataset_s3_bucket_producer_with_no_taskflow', 'dataset_alias_example_alias_consumer_with_no_taskflow' retrieved from /home/airflow/.local/lib/python3.12/site-packages/airflow/example_dags/example_dataset_alias_with_no_taskflow.py
[2024-12-09T13:25:06.946+0000] {logging_mixin.py:190} INFO - [2024-12-09T13:25:06.946+0000] {dag.py:3239} INFO - Sync 4 DAGs
[2024-12-09T13:25:06.966+0000] {logging_mixin.py:190} INFO - [2024-12-09T13:25:06.966+0000] {dag.py:4180} INFO - Setting next_dagrun for dataset_alias_example_alias_consumer_with_no_taskflow to None, run_after=None
[2024-12-09T13:25:06.969+0000] {logging_mixin.py:190} INFO - [2024-12-09T13:25:06.968+0000] {dag.py:4180} INFO - Setting next_dagrun for dataset_alias_example_alias_producer_with_no_taskflow to None, run_after=None
[2024-12-09T13:25:06.970+0000] {logging_mixin.py:190} INFO - [2024-12-09T13:25:06.970+0000] {dag.py:4180} INFO - Setting next_dagrun for dataset_s3_bucket_consumer_with_no_taskflow to None, run_after=None
[2024-12-09T13:25:06.971+0000] {logging_mixin.py:190} INFO - [2024-12-09T13:25:06.971+0000] {dag.py:4180} INFO - Setting next_dagrun for dataset_s3_bucket_producer_with_no_taskflow to None, run_after=None
[2024-12-09T13:25:06.988+0000] {processor.py:208} INFO - Processing /home/airflow/.local/lib/python3.12/site-packages/airflow/example_dags/example_dataset_alias_with_no_taskflow.py took 0.560 seconds
[2024-12-09T13:25:39.003+0000] {processor.py:186} INFO - Started process (PID=1265) to work on /home/airflow/.local/lib/python3.12/site-packages/airflow/example_dags/example_dataset_alias_with_no_taskflow.py
[2024-12-09T13:25:39.004+0000] {processor.py:914} INFO - Processing file /home/airflow/.local/lib/python3.12/site-packages/airflow/example_dags/example_dataset_alias_with_no_taskflow.py for tasks to queue
[2024-12-09T13:25:39.006+0000] {logging_mixin.py:190} INFO - [2024-12-09T13:25:39.006+0000] {dagbag.py:588} INFO - Filling up the DagBag from /home/airflow/.local/lib/python3.12/site-packages/airflow/example_dags/example_dataset_alias_with_no_taskflow.py
[2024-12-09T13:25:39.495+0000] {processor.py:925} INFO - DAG(s) 'dataset_s3_bucket_producer_with_no_taskflow', 'dataset_alias_example_alias_consumer_with_no_taskflow', 'dataset_s3_bucket_consumer_with_no_taskflow', 'dataset_alias_example_alias_producer_with_no_taskflow' retrieved from /home/airflow/.local/lib/python3.12/site-packages/airflow/example_dags/example_dataset_alias_with_no_taskflow.py
[2024-12-09T13:25:39.512+0000] {logging_mixin.py:190} INFO - [2024-12-09T13:25:39.512+0000] {dag.py:3239} INFO - Sync 4 DAGs
[2024-12-09T13:25:39.532+0000] {logging_mixin.py:190} INFO - [2024-12-09T13:25:39.532+0000] {dag.py:4180} INFO - Setting next_dagrun for dataset_alias_example_alias_consumer_with_no_taskflow to None, run_after=None
[2024-12-09T13:25:39.534+0000] {logging_mixin.py:190} INFO - [2024-12-09T13:25:39.534+0000] {dag.py:4180} INFO - Setting next_dagrun for dataset_alias_example_alias_producer_with_no_taskflow to None, run_after=None
[2024-12-09T13:25:39.536+0000] {logging_mixin.py:190} INFO - [2024-12-09T13:25:39.536+0000] {dag.py:4180} INFO - Setting next_dagrun for dataset_s3_bucket_consumer_with_no_taskflow to None, run_after=None
[2024-12-09T13:25:39.537+0000] {logging_mixin.py:190} INFO - [2024-12-09T13:25:39.537+0000] {dag.py:4180} INFO - Setting next_dagrun for dataset_s3_bucket_producer_with_no_taskflow to None, run_after=None
[2024-12-09T13:25:39.556+0000] {processor.py:208} INFO - Processing /home/airflow/.local/lib/python3.12/site-packages/airflow/example_dags/example_dataset_alias_with_no_taskflow.py took 0.557 seconds
[2024-12-09T13:26:10.696+0000] {processor.py:186} INFO - Started process (PID=1302) to work on /home/airflow/.local/lib/python3.12/site-packages/airflow/example_dags/example_dataset_alias_with_no_taskflow.py
[2024-12-09T13:26:10.696+0000] {processor.py:914} INFO - Processing file /home/airflow/.local/lib/python3.12/site-packages/airflow/example_dags/example_dataset_alias_with_no_taskflow.py for tasks to queue
[2024-12-09T13:26:10.698+0000] {logging_mixin.py:190} INFO - [2024-12-09T13:26:10.698+0000] {dagbag.py:588} INFO - Filling up the DagBag from /home/airflow/.local/lib/python3.12/site-packages/airflow/example_dags/example_dataset_alias_with_no_taskflow.py
[2024-12-09T13:26:11.191+0000] {processor.py:925} INFO - DAG(s) 'dataset_s3_bucket_producer_with_no_taskflow', 'dataset_alias_example_alias_producer_with_no_taskflow', 'dataset_s3_bucket_consumer_with_no_taskflow', 'dataset_alias_example_alias_consumer_with_no_taskflow' retrieved from /home/airflow/.local/lib/python3.12/site-packages/airflow/example_dags/example_dataset_alias_with_no_taskflow.py
[2024-12-09T13:26:11.209+0000] {logging_mixin.py:190} INFO - [2024-12-09T13:26:11.208+0000] {dag.py:3239} INFO - Sync 4 DAGs
[2024-12-09T13:26:11.227+0000] {logging_mixin.py:190} INFO - [2024-12-09T13:26:11.227+0000] {dag.py:4180} INFO - Setting next_dagrun for dataset_alias_example_alias_consumer_with_no_taskflow to None, run_after=None
[2024-12-09T13:26:11.229+0000] {logging_mixin.py:190} INFO - [2024-12-09T13:26:11.229+0000] {dag.py:4180} INFO - Setting next_dagrun for dataset_alias_example_alias_producer_with_no_taskflow to None, run_after=None
[2024-12-09T13:26:11.231+0000] {logging_mixin.py:190} INFO - [2024-12-09T13:26:11.230+0000] {dag.py:4180} INFO - Setting next_dagrun for dataset_s3_bucket_consumer_with_no_taskflow to None, run_after=None
[2024-12-09T13:26:11.232+0000] {logging_mixin.py:190} INFO - [2024-12-09T13:26:11.232+0000] {dag.py:4180} INFO - Setting next_dagrun for dataset_s3_bucket_producer_with_no_taskflow to None, run_after=None
[2024-12-09T13:26:11.250+0000] {processor.py:208} INFO - Processing /home/airflow/.local/lib/python3.12/site-packages/airflow/example_dags/example_dataset_alias_with_no_taskflow.py took 0.559 seconds
[2024-12-09T13:26:42.927+0000] {processor.py:186} INFO - Started process (PID=1365) to work on /home/airflow/.local/lib/python3.12/site-packages/airflow/example_dags/example_dataset_alias_with_no_taskflow.py
[2024-12-09T13:26:42.928+0000] {processor.py:914} INFO - Processing file /home/airflow/.local/lib/python3.12/site-packages/airflow/example_dags/example_dataset_alias_with_no_taskflow.py for tasks to queue
[2024-12-09T13:26:42.930+0000] {logging_mixin.py:190} INFO - [2024-12-09T13:26:42.930+0000] {dagbag.py:588} INFO - Filling up the DagBag from /home/airflow/.local/lib/python3.12/site-packages/airflow/example_dags/example_dataset_alias_with_no_taskflow.py
[2024-12-09T13:26:43.472+0000] {processor.py:925} INFO - DAG(s) 'dataset_s3_bucket_consumer_with_no_taskflow', 'dataset_alias_example_alias_consumer_with_no_taskflow', 'dataset_alias_example_alias_producer_with_no_taskflow', 'dataset_s3_bucket_producer_with_no_taskflow' retrieved from /home/airflow/.local/lib/python3.12/site-packages/airflow/example_dags/example_dataset_alias_with_no_taskflow.py
[2024-12-09T13:26:43.497+0000] {logging_mixin.py:190} INFO - [2024-12-09T13:26:43.497+0000] {dag.py:3239} INFO - Sync 4 DAGs
[2024-12-09T13:26:43.525+0000] {logging_mixin.py:190} INFO - [2024-12-09T13:26:43.525+0000] {dag.py:4180} INFO - Setting next_dagrun for dataset_alias_example_alias_consumer_with_no_taskflow to None, run_after=None
[2024-12-09T13:26:43.529+0000] {logging_mixin.py:190} INFO - [2024-12-09T13:26:43.529+0000] {dag.py:4180} INFO - Setting next_dagrun for dataset_alias_example_alias_producer_with_no_taskflow to None, run_after=None
[2024-12-09T13:26:43.531+0000] {logging_mixin.py:190} INFO - [2024-12-09T13:26:43.531+0000] {dag.py:4180} INFO - Setting next_dagrun for dataset_s3_bucket_consumer_with_no_taskflow to None, run_after=None
[2024-12-09T13:26:43.532+0000] {logging_mixin.py:190} INFO - [2024-12-09T13:26:43.532+0000] {dag.py:4180} INFO - Setting next_dagrun for dataset_s3_bucket_producer_with_no_taskflow to None, run_after=None
[2024-12-09T13:26:43.553+0000] {processor.py:208} INFO - Processing /home/airflow/.local/lib/python3.12/site-packages/airflow/example_dags/example_dataset_alias_with_no_taskflow.py took 0.630 seconds
[2024-12-09T13:27:15.544+0000] {processor.py:186} INFO - Started process (PID=1428) to work on /home/airflow/.local/lib/python3.12/site-packages/airflow/example_dags/example_dataset_alias_with_no_taskflow.py
[2024-12-09T13:27:15.544+0000] {processor.py:914} INFO - Processing file /home/airflow/.local/lib/python3.12/site-packages/airflow/example_dags/example_dataset_alias_with_no_taskflow.py for tasks to queue
[2024-12-09T13:27:15.546+0000] {logging_mixin.py:190} INFO - [2024-12-09T13:27:15.545+0000] {dagbag.py:588} INFO - Filling up the DagBag from /home/airflow/.local/lib/python3.12/site-packages/airflow/example_dags/example_dataset_alias_with_no_taskflow.py
[2024-12-09T13:27:16.049+0000] {processor.py:925} INFO - DAG(s) 'dataset_s3_bucket_producer_with_no_taskflow', 'dataset_alias_example_alias_consumer_with_no_taskflow', 'dataset_s3_bucket_consumer_with_no_taskflow', 'dataset_alias_example_alias_producer_with_no_taskflow' retrieved from /home/airflow/.local/lib/python3.12/site-packages/airflow/example_dags/example_dataset_alias_with_no_taskflow.py
[2024-12-09T13:27:16.069+0000] {logging_mixin.py:190} INFO - [2024-12-09T13:27:16.068+0000] {dag.py:3239} INFO - Sync 4 DAGs
[2024-12-09T13:27:16.088+0000] {logging_mixin.py:190} INFO - [2024-12-09T13:27:16.087+0000] {dag.py:4180} INFO - Setting next_dagrun for dataset_alias_example_alias_consumer_with_no_taskflow to None, run_after=None
[2024-12-09T13:27:16.090+0000] {logging_mixin.py:190} INFO - [2024-12-09T13:27:16.090+0000] {dag.py:4180} INFO - Setting next_dagrun for dataset_alias_example_alias_producer_with_no_taskflow to None, run_after=None
[2024-12-09T13:27:16.091+0000] {logging_mixin.py:190} INFO - [2024-12-09T13:27:16.091+0000] {dag.py:4180} INFO - Setting next_dagrun for dataset_s3_bucket_consumer_with_no_taskflow to None, run_after=None
[2024-12-09T13:27:16.092+0000] {logging_mixin.py:190} INFO - [2024-12-09T13:27:16.092+0000] {dag.py:4180} INFO - Setting next_dagrun for dataset_s3_bucket_producer_with_no_taskflow to None, run_after=None
[2024-12-09T13:27:16.110+0000] {processor.py:208} INFO - Processing /home/airflow/.local/lib/python3.12/site-packages/airflow/example_dags/example_dataset_alias_with_no_taskflow.py took 0.571 seconds
