[2024-12-09T13:15:38.806+0000] {processor.py:186} INFO - Started process (PID=65) to work on /home/airflow/.local/lib/python3.12/site-packages/airflow/example_dags/example_branch_operator_decorator.py
[2024-12-09T13:15:38.810+0000] {processor.py:914} INFO - Processing file /home/airflow/.local/lib/python3.12/site-packages/airflow/example_dags/example_branch_operator_decorator.py for tasks to queue
[2024-12-09T13:15:38.822+0000] {logging_mixin.py:190} INFO - [2024-12-09T13:15:38.820+0000] {dagbag.py:588} INFO - Filling up the DagBag from /home/airflow/.local/lib/python3.12/site-packages/airflow/example_dags/example_branch_operator_decorator.py
[2024-12-09T13:15:38.933+0000] {processor.py:925} INFO - DAG(s) 'example_branch_python_operator_decorator' retrieved from /home/airflow/.local/lib/python3.12/site-packages/airflow/example_dags/example_branch_operator_decorator.py
[2024-12-09T13:15:39.211+0000] {logging_mixin.py:190} INFO - [2024-12-09T13:15:39.210+0000] {override.py:1911} INFO - Created Permission View: can delete on DAG:example_branch_python_operator_decorator
[2024-12-09T13:15:39.222+0000] {logging_mixin.py:190} INFO - [2024-12-09T13:15:39.221+0000] {override.py:1911} INFO - Created Permission View: can edit on DAG:example_branch_python_operator_decorator
[2024-12-09T13:15:39.227+0000] {logging_mixin.py:190} INFO - [2024-12-09T13:15:39.227+0000] {override.py:1911} INFO - Created Permission View: can read on DAG:example_branch_python_operator_decorator
[2024-12-09T13:15:39.234+0000] {logging_mixin.py:190} INFO - [2024-12-09T13:15:39.234+0000] {override.py:1911} INFO - Created Permission View: menu access on DAG Run:example_branch_python_operator_decorator
[2024-12-09T13:15:39.240+0000] {logging_mixin.py:190} INFO - [2024-12-09T13:15:39.239+0000] {override.py:1911} INFO - Created Permission View: can create on DAG Run:example_branch_python_operator_decorator
[2024-12-09T13:15:39.245+0000] {logging_mixin.py:190} INFO - [2024-12-09T13:15:39.245+0000] {override.py:1911} INFO - Created Permission View: can delete on DAG Run:example_branch_python_operator_decorator
[2024-12-09T13:15:39.251+0000] {logging_mixin.py:190} INFO - [2024-12-09T13:15:39.251+0000] {override.py:1911} INFO - Created Permission View: can read on DAG Run:example_branch_python_operator_decorator
[2024-12-09T13:15:39.251+0000] {logging_mixin.py:190} INFO - [2024-12-09T13:15:39.251+0000] {dag.py:3239} INFO - Sync 1 DAGs
[2024-12-09T13:15:39.262+0000] {logging_mixin.py:190} INFO - [2024-12-09T13:15:39.262+0000] {dag.py:3262} INFO - Creating ORM DAG for example_branch_python_operator_decorator
[2024-12-09T13:15:39.273+0000] {logging_mixin.py:190} INFO - [2024-12-09T13:15:39.272+0000] {dag.py:4180} INFO - Setting next_dagrun for example_branch_python_operator_decorator to 2024-12-08 00:00:00+00:00, run_after=2024-12-09 00:00:00+00:00
[2024-12-09T13:15:39.293+0000] {processor.py:208} INFO - Processing /home/airflow/.local/lib/python3.12/site-packages/airflow/example_dags/example_branch_operator_decorator.py took 0.510 seconds
[2024-12-09T13:16:10.245+0000] {processor.py:186} INFO - Started process (PID=128) to work on /home/airflow/.local/lib/python3.12/site-packages/airflow/example_dags/example_branch_operator_decorator.py
[2024-12-09T13:16:10.245+0000] {processor.py:914} INFO - Processing file /home/airflow/.local/lib/python3.12/site-packages/airflow/example_dags/example_branch_operator_decorator.py for tasks to queue
[2024-12-09T13:16:10.247+0000] {logging_mixin.py:190} INFO - [2024-12-09T13:16:10.247+0000] {dagbag.py:588} INFO - Filling up the DagBag from /home/airflow/.local/lib/python3.12/site-packages/airflow/example_dags/example_branch_operator_decorator.py
[2024-12-09T13:16:10.263+0000] {processor.py:925} INFO - DAG(s) 'example_branch_python_operator_decorator' retrieved from /home/airflow/.local/lib/python3.12/site-packages/airflow/example_dags/example_branch_operator_decorator.py
[2024-12-09T13:16:10.286+0000] {logging_mixin.py:190} INFO - [2024-12-09T13:16:10.285+0000] {dag.py:3239} INFO - Sync 1 DAGs
[2024-12-09T13:16:10.304+0000] {logging_mixin.py:190} INFO - [2024-12-09T13:16:10.304+0000] {dag.py:4180} INFO - Setting next_dagrun for example_branch_python_operator_decorator to 2024-12-08 00:00:00+00:00, run_after=2024-12-09 00:00:00+00:00
[2024-12-09T13:16:10.318+0000] {processor.py:208} INFO - Processing /home/airflow/.local/lib/python3.12/site-packages/airflow/example_dags/example_branch_operator_decorator.py took 0.078 seconds
[2024-12-09T13:16:41.236+0000] {processor.py:186} INFO - Started process (PID=191) to work on /home/airflow/.local/lib/python3.12/site-packages/airflow/example_dags/example_branch_operator_decorator.py
[2024-12-09T13:16:41.236+0000] {processor.py:914} INFO - Processing file /home/airflow/.local/lib/python3.12/site-packages/airflow/example_dags/example_branch_operator_decorator.py for tasks to queue
[2024-12-09T13:16:41.238+0000] {logging_mixin.py:190} INFO - [2024-12-09T13:16:41.238+0000] {dagbag.py:588} INFO - Filling up the DagBag from /home/airflow/.local/lib/python3.12/site-packages/airflow/example_dags/example_branch_operator_decorator.py
[2024-12-09T13:16:41.260+0000] {processor.py:925} INFO - DAG(s) 'example_branch_python_operator_decorator' retrieved from /home/airflow/.local/lib/python3.12/site-packages/airflow/example_dags/example_branch_operator_decorator.py
[2024-12-09T13:16:41.291+0000] {logging_mixin.py:190} INFO - [2024-12-09T13:16:41.290+0000] {dag.py:3239} INFO - Sync 1 DAGs
[2024-12-09T13:16:41.321+0000] {logging_mixin.py:190} INFO - [2024-12-09T13:16:41.321+0000] {dag.py:4180} INFO - Setting next_dagrun for example_branch_python_operator_decorator to 2024-12-08 00:00:00+00:00, run_after=2024-12-09 00:00:00+00:00
[2024-12-09T13:16:41.338+0000] {processor.py:208} INFO - Processing /home/airflow/.local/lib/python3.12/site-packages/airflow/example_dags/example_branch_operator_decorator.py took 0.107 seconds
[2024-12-09T13:17:12.298+0000] {processor.py:186} INFO - Started process (PID=254) to work on /home/airflow/.local/lib/python3.12/site-packages/airflow/example_dags/example_branch_operator_decorator.py
[2024-12-09T13:17:12.299+0000] {processor.py:914} INFO - Processing file /home/airflow/.local/lib/python3.12/site-packages/airflow/example_dags/example_branch_operator_decorator.py for tasks to queue
[2024-12-09T13:17:12.300+0000] {logging_mixin.py:190} INFO - [2024-12-09T13:17:12.300+0000] {dagbag.py:588} INFO - Filling up the DagBag from /home/airflow/.local/lib/python3.12/site-packages/airflow/example_dags/example_branch_operator_decorator.py
[2024-12-09T13:17:12.317+0000] {processor.py:925} INFO - DAG(s) 'example_branch_python_operator_decorator' retrieved from /home/airflow/.local/lib/python3.12/site-packages/airflow/example_dags/example_branch_operator_decorator.py
[2024-12-09T13:17:12.339+0000] {logging_mixin.py:190} INFO - [2024-12-09T13:17:12.339+0000] {dag.py:3239} INFO - Sync 1 DAGs
[2024-12-09T13:17:12.358+0000] {logging_mixin.py:190} INFO - [2024-12-09T13:17:12.358+0000] {dag.py:4180} INFO - Setting next_dagrun for example_branch_python_operator_decorator to 2024-12-08 00:00:00+00:00, run_after=2024-12-09 00:00:00+00:00
[2024-12-09T13:17:12.373+0000] {processor.py:208} INFO - Processing /home/airflow/.local/lib/python3.12/site-packages/airflow/example_dags/example_branch_operator_decorator.py took 0.080 seconds
[2024-12-09T13:17:43.193+0000] {processor.py:186} INFO - Started process (PID=317) to work on /home/airflow/.local/lib/python3.12/site-packages/airflow/example_dags/example_branch_operator_decorator.py
[2024-12-09T13:17:43.194+0000] {processor.py:914} INFO - Processing file /home/airflow/.local/lib/python3.12/site-packages/airflow/example_dags/example_branch_operator_decorator.py for tasks to queue
[2024-12-09T13:17:43.197+0000] {logging_mixin.py:190} INFO - [2024-12-09T13:17:43.197+0000] {dagbag.py:588} INFO - Filling up the DagBag from /home/airflow/.local/lib/python3.12/site-packages/airflow/example_dags/example_branch_operator_decorator.py
[2024-12-09T13:17:43.222+0000] {processor.py:925} INFO - DAG(s) 'example_branch_python_operator_decorator' retrieved from /home/airflow/.local/lib/python3.12/site-packages/airflow/example_dags/example_branch_operator_decorator.py
[2024-12-09T13:17:43.247+0000] {logging_mixin.py:190} INFO - [2024-12-09T13:17:43.247+0000] {dag.py:3239} INFO - Sync 1 DAGs
[2024-12-09T13:17:43.270+0000] {logging_mixin.py:190} INFO - [2024-12-09T13:17:43.270+0000] {dag.py:4180} INFO - Setting next_dagrun for example_branch_python_operator_decorator to 2024-12-08 00:00:00+00:00, run_after=2024-12-09 00:00:00+00:00
[2024-12-09T13:17:43.287+0000] {processor.py:208} INFO - Processing /home/airflow/.local/lib/python3.12/site-packages/airflow/example_dags/example_branch_operator_decorator.py took 0.100 seconds
[2024-12-09T13:18:13.371+0000] {processor.py:186} INFO - Started process (PID=380) to work on /home/airflow/.local/lib/python3.12/site-packages/airflow/example_dags/example_branch_operator_decorator.py
[2024-12-09T13:18:13.371+0000] {processor.py:914} INFO - Processing file /home/airflow/.local/lib/python3.12/site-packages/airflow/example_dags/example_branch_operator_decorator.py for tasks to queue
[2024-12-09T13:18:13.373+0000] {logging_mixin.py:190} INFO - [2024-12-09T13:18:13.373+0000] {dagbag.py:588} INFO - Filling up the DagBag from /home/airflow/.local/lib/python3.12/site-packages/airflow/example_dags/example_branch_operator_decorator.py
[2024-12-09T13:18:13.388+0000] {processor.py:925} INFO - DAG(s) 'example_branch_python_operator_decorator' retrieved from /home/airflow/.local/lib/python3.12/site-packages/airflow/example_dags/example_branch_operator_decorator.py
[2024-12-09T13:18:13.419+0000] {logging_mixin.py:190} INFO - [2024-12-09T13:18:13.419+0000] {dag.py:3239} INFO - Sync 1 DAGs
[2024-12-09T13:18:13.441+0000] {logging_mixin.py:190} INFO - [2024-12-09T13:18:13.440+0000] {dag.py:4180} INFO - Setting next_dagrun for example_branch_python_operator_decorator to 2024-12-08 00:00:00+00:00, run_after=2024-12-09 00:00:00+00:00
[2024-12-09T13:18:13.457+0000] {processor.py:208} INFO - Processing /home/airflow/.local/lib/python3.12/site-packages/airflow/example_dags/example_branch_operator_decorator.py took 0.091 seconds
[2024-12-09T13:18:44.432+0000] {processor.py:186} INFO - Started process (PID=443) to work on /home/airflow/.local/lib/python3.12/site-packages/airflow/example_dags/example_branch_operator_decorator.py
[2024-12-09T13:18:44.433+0000] {processor.py:914} INFO - Processing file /home/airflow/.local/lib/python3.12/site-packages/airflow/example_dags/example_branch_operator_decorator.py for tasks to queue
[2024-12-09T13:18:44.434+0000] {logging_mixin.py:190} INFO - [2024-12-09T13:18:44.434+0000] {dagbag.py:588} INFO - Filling up the DagBag from /home/airflow/.local/lib/python3.12/site-packages/airflow/example_dags/example_branch_operator_decorator.py
[2024-12-09T13:18:44.451+0000] {processor.py:925} INFO - DAG(s) 'example_branch_python_operator_decorator' retrieved from /home/airflow/.local/lib/python3.12/site-packages/airflow/example_dags/example_branch_operator_decorator.py
[2024-12-09T13:18:44.473+0000] {logging_mixin.py:190} INFO - [2024-12-09T13:18:44.473+0000] {dag.py:3239} INFO - Sync 1 DAGs
[2024-12-09T13:18:44.493+0000] {logging_mixin.py:190} INFO - [2024-12-09T13:18:44.493+0000] {dag.py:4180} INFO - Setting next_dagrun for example_branch_python_operator_decorator to 2024-12-08 00:00:00+00:00, run_after=2024-12-09 00:00:00+00:00
[2024-12-09T13:18:44.508+0000] {processor.py:208} INFO - Processing /home/airflow/.local/lib/python3.12/site-packages/airflow/example_dags/example_branch_operator_decorator.py took 0.080 seconds
[2024-12-09T13:19:15.268+0000] {processor.py:186} INFO - Started process (PID=506) to work on /home/airflow/.local/lib/python3.12/site-packages/airflow/example_dags/example_branch_operator_decorator.py
[2024-12-09T13:19:15.269+0000] {processor.py:914} INFO - Processing file /home/airflow/.local/lib/python3.12/site-packages/airflow/example_dags/example_branch_operator_decorator.py for tasks to queue
[2024-12-09T13:19:15.271+0000] {logging_mixin.py:190} INFO - [2024-12-09T13:19:15.271+0000] {dagbag.py:588} INFO - Filling up the DagBag from /home/airflow/.local/lib/python3.12/site-packages/airflow/example_dags/example_branch_operator_decorator.py
[2024-12-09T13:19:15.288+0000] {processor.py:925} INFO - DAG(s) 'example_branch_python_operator_decorator' retrieved from /home/airflow/.local/lib/python3.12/site-packages/airflow/example_dags/example_branch_operator_decorator.py
[2024-12-09T13:19:15.312+0000] {logging_mixin.py:190} INFO - [2024-12-09T13:19:15.312+0000] {dag.py:3239} INFO - Sync 1 DAGs
[2024-12-09T13:19:15.335+0000] {logging_mixin.py:190} INFO - [2024-12-09T13:19:15.335+0000] {dag.py:4180} INFO - Setting next_dagrun for example_branch_python_operator_decorator to 2024-12-08 00:00:00+00:00, run_after=2024-12-09 00:00:00+00:00
[2024-12-09T13:19:15.352+0000] {processor.py:208} INFO - Processing /home/airflow/.local/lib/python3.12/site-packages/airflow/example_dags/example_branch_operator_decorator.py took 0.089 seconds
[2024-12-09T13:19:46.274+0000] {processor.py:186} INFO - Started process (PID=569) to work on /home/airflow/.local/lib/python3.12/site-packages/airflow/example_dags/example_branch_operator_decorator.py
[2024-12-09T13:19:46.275+0000] {processor.py:914} INFO - Processing file /home/airflow/.local/lib/python3.12/site-packages/airflow/example_dags/example_branch_operator_decorator.py for tasks to queue
[2024-12-09T13:19:46.277+0000] {logging_mixin.py:190} INFO - [2024-12-09T13:19:46.277+0000] {dagbag.py:588} INFO - Filling up the DagBag from /home/airflow/.local/lib/python3.12/site-packages/airflow/example_dags/example_branch_operator_decorator.py
[2024-12-09T13:19:46.293+0000] {processor.py:925} INFO - DAG(s) 'example_branch_python_operator_decorator' retrieved from /home/airflow/.local/lib/python3.12/site-packages/airflow/example_dags/example_branch_operator_decorator.py
[2024-12-09T13:19:46.315+0000] {logging_mixin.py:190} INFO - [2024-12-09T13:19:46.315+0000] {dag.py:3239} INFO - Sync 1 DAGs
[2024-12-09T13:19:46.335+0000] {logging_mixin.py:190} INFO - [2024-12-09T13:19:46.335+0000] {dag.py:4180} INFO - Setting next_dagrun for example_branch_python_operator_decorator to 2024-12-08 00:00:00+00:00, run_after=2024-12-09 00:00:00+00:00
[2024-12-09T13:19:46.353+0000] {processor.py:208} INFO - Processing /home/airflow/.local/lib/python3.12/site-packages/airflow/example_dags/example_branch_operator_decorator.py took 0.083 seconds
[2024-12-09T13:20:16.724+0000] {processor.py:186} INFO - Started process (PID=632) to work on /home/airflow/.local/lib/python3.12/site-packages/airflow/example_dags/example_branch_operator_decorator.py
[2024-12-09T13:20:16.724+0000] {processor.py:914} INFO - Processing file /home/airflow/.local/lib/python3.12/site-packages/airflow/example_dags/example_branch_operator_decorator.py for tasks to queue
[2024-12-09T13:20:16.726+0000] {logging_mixin.py:190} INFO - [2024-12-09T13:20:16.726+0000] {dagbag.py:588} INFO - Filling up the DagBag from /home/airflow/.local/lib/python3.12/site-packages/airflow/example_dags/example_branch_operator_decorator.py
[2024-12-09T13:20:16.743+0000] {processor.py:925} INFO - DAG(s) 'example_branch_python_operator_decorator' retrieved from /home/airflow/.local/lib/python3.12/site-packages/airflow/example_dags/example_branch_operator_decorator.py
[2024-12-09T13:20:16.768+0000] {logging_mixin.py:190} INFO - [2024-12-09T13:20:16.767+0000] {dag.py:3239} INFO - Sync 1 DAGs
[2024-12-09T13:20:16.796+0000] {logging_mixin.py:190} INFO - [2024-12-09T13:20:16.796+0000] {dag.py:4180} INFO - Setting next_dagrun for example_branch_python_operator_decorator to 2024-12-08 00:00:00+00:00, run_after=2024-12-09 00:00:00+00:00
[2024-12-09T13:20:16.815+0000] {processor.py:208} INFO - Processing /home/airflow/.local/lib/python3.12/site-packages/airflow/example_dags/example_branch_operator_decorator.py took 0.096 seconds
[2024-12-09T13:20:47.576+0000] {processor.py:186} INFO - Started process (PID=695) to work on /home/airflow/.local/lib/python3.12/site-packages/airflow/example_dags/example_branch_operator_decorator.py
[2024-12-09T13:20:47.577+0000] {processor.py:914} INFO - Processing file /home/airflow/.local/lib/python3.12/site-packages/airflow/example_dags/example_branch_operator_decorator.py for tasks to queue
[2024-12-09T13:20:47.579+0000] {logging_mixin.py:190} INFO - [2024-12-09T13:20:47.578+0000] {dagbag.py:588} INFO - Filling up the DagBag from /home/airflow/.local/lib/python3.12/site-packages/airflow/example_dags/example_branch_operator_decorator.py
[2024-12-09T13:20:47.594+0000] {processor.py:925} INFO - DAG(s) 'example_branch_python_operator_decorator' retrieved from /home/airflow/.local/lib/python3.12/site-packages/airflow/example_dags/example_branch_operator_decorator.py
[2024-12-09T13:20:47.616+0000] {logging_mixin.py:190} INFO - [2024-12-09T13:20:47.616+0000] {dag.py:3239} INFO - Sync 1 DAGs
[2024-12-09T13:20:47.634+0000] {logging_mixin.py:190} INFO - [2024-12-09T13:20:47.634+0000] {dag.py:4180} INFO - Setting next_dagrun for example_branch_python_operator_decorator to 2024-12-08 00:00:00+00:00, run_after=2024-12-09 00:00:00+00:00
[2024-12-09T13:20:47.648+0000] {processor.py:208} INFO - Processing /home/airflow/.local/lib/python3.12/site-packages/airflow/example_dags/example_branch_operator_decorator.py took 0.076 seconds
[2024-12-09T13:21:17.888+0000] {processor.py:186} INFO - Started process (PID=758) to work on /home/airflow/.local/lib/python3.12/site-packages/airflow/example_dags/example_branch_operator_decorator.py
[2024-12-09T13:21:17.888+0000] {processor.py:914} INFO - Processing file /home/airflow/.local/lib/python3.12/site-packages/airflow/example_dags/example_branch_operator_decorator.py for tasks to queue
[2024-12-09T13:21:17.890+0000] {logging_mixin.py:190} INFO - [2024-12-09T13:21:17.890+0000] {dagbag.py:588} INFO - Filling up the DagBag from /home/airflow/.local/lib/python3.12/site-packages/airflow/example_dags/example_branch_operator_decorator.py
[2024-12-09T13:21:17.906+0000] {processor.py:925} INFO - DAG(s) 'example_branch_python_operator_decorator' retrieved from /home/airflow/.local/lib/python3.12/site-packages/airflow/example_dags/example_branch_operator_decorator.py
[2024-12-09T13:21:17.929+0000] {logging_mixin.py:190} INFO - [2024-12-09T13:21:17.929+0000] {dag.py:3239} INFO - Sync 1 DAGs
[2024-12-09T13:21:17.951+0000] {logging_mixin.py:190} INFO - [2024-12-09T13:21:17.950+0000] {dag.py:4180} INFO - Setting next_dagrun for example_branch_python_operator_decorator to 2024-12-08 00:00:00+00:00, run_after=2024-12-09 00:00:00+00:00
[2024-12-09T13:21:17.969+0000] {processor.py:208} INFO - Processing /home/airflow/.local/lib/python3.12/site-packages/airflow/example_dags/example_branch_operator_decorator.py took 0.087 seconds
[2024-12-09T13:21:48.106+0000] {processor.py:186} INFO - Started process (PID=788) to work on /home/airflow/.local/lib/python3.12/site-packages/airflow/example_dags/example_branch_operator_decorator.py
[2024-12-09T13:21:48.107+0000] {processor.py:914} INFO - Processing file /home/airflow/.local/lib/python3.12/site-packages/airflow/example_dags/example_branch_operator_decorator.py for tasks to queue
[2024-12-09T13:21:48.109+0000] {logging_mixin.py:190} INFO - [2024-12-09T13:21:48.109+0000] {dagbag.py:588} INFO - Filling up the DagBag from /home/airflow/.local/lib/python3.12/site-packages/airflow/example_dags/example_branch_operator_decorator.py
[2024-12-09T13:21:48.126+0000] {processor.py:925} INFO - DAG(s) 'example_branch_python_operator_decorator' retrieved from /home/airflow/.local/lib/python3.12/site-packages/airflow/example_dags/example_branch_operator_decorator.py
[2024-12-09T13:21:48.148+0000] {logging_mixin.py:190} INFO - [2024-12-09T13:21:48.148+0000] {dag.py:3239} INFO - Sync 1 DAGs
[2024-12-09T13:21:48.169+0000] {logging_mixin.py:190} INFO - [2024-12-09T13:21:48.169+0000] {dag.py:4180} INFO - Setting next_dagrun for example_branch_python_operator_decorator to 2024-12-08 00:00:00+00:00, run_after=2024-12-09 00:00:00+00:00
[2024-12-09T13:21:48.185+0000] {processor.py:208} INFO - Processing /home/airflow/.local/lib/python3.12/site-packages/airflow/example_dags/example_branch_operator_decorator.py took 0.084 seconds
[2024-12-09T13:22:21.066+0000] {processor.py:186} INFO - Started process (PID=851) to work on /home/airflow/.local/lib/python3.12/site-packages/airflow/example_dags/example_branch_operator_decorator.py
[2024-12-09T13:22:21.067+0000] {processor.py:914} INFO - Processing file /home/airflow/.local/lib/python3.12/site-packages/airflow/example_dags/example_branch_operator_decorator.py for tasks to queue
[2024-12-09T13:22:21.069+0000] {logging_mixin.py:190} INFO - [2024-12-09T13:22:21.068+0000] {dagbag.py:588} INFO - Filling up the DagBag from /home/airflow/.local/lib/python3.12/site-packages/airflow/example_dags/example_branch_operator_decorator.py
[2024-12-09T13:22:21.086+0000] {processor.py:925} INFO - DAG(s) 'example_branch_python_operator_decorator' retrieved from /home/airflow/.local/lib/python3.12/site-packages/airflow/example_dags/example_branch_operator_decorator.py
[2024-12-09T13:22:21.111+0000] {logging_mixin.py:190} INFO - [2024-12-09T13:22:21.110+0000] {dag.py:3239} INFO - Sync 1 DAGs
[2024-12-09T13:22:21.133+0000] {logging_mixin.py:190} INFO - [2024-12-09T13:22:21.133+0000] {dag.py:4180} INFO - Setting next_dagrun for example_branch_python_operator_decorator to 2024-12-08 00:00:00+00:00, run_after=2024-12-09 00:00:00+00:00
[2024-12-09T13:22:21.152+0000] {processor.py:208} INFO - Processing /home/airflow/.local/lib/python3.12/site-packages/airflow/example_dags/example_branch_operator_decorator.py took 0.091 seconds
[2024-12-09T13:22:53.249+0000] {processor.py:186} INFO - Started process (PID=914) to work on /home/airflow/.local/lib/python3.12/site-packages/airflow/example_dags/example_branch_operator_decorator.py
[2024-12-09T13:22:53.250+0000] {processor.py:914} INFO - Processing file /home/airflow/.local/lib/python3.12/site-packages/airflow/example_dags/example_branch_operator_decorator.py for tasks to queue
[2024-12-09T13:22:53.251+0000] {logging_mixin.py:190} INFO - [2024-12-09T13:22:53.251+0000] {dagbag.py:588} INFO - Filling up the DagBag from /home/airflow/.local/lib/python3.12/site-packages/airflow/example_dags/example_branch_operator_decorator.py
[2024-12-09T13:22:53.267+0000] {processor.py:925} INFO - DAG(s) 'example_branch_python_operator_decorator' retrieved from /home/airflow/.local/lib/python3.12/site-packages/airflow/example_dags/example_branch_operator_decorator.py
[2024-12-09T13:22:53.292+0000] {logging_mixin.py:190} INFO - [2024-12-09T13:22:53.291+0000] {dag.py:3239} INFO - Sync 1 DAGs
[2024-12-09T13:22:53.314+0000] {logging_mixin.py:190} INFO - [2024-12-09T13:22:53.314+0000] {dag.py:4180} INFO - Setting next_dagrun for example_branch_python_operator_decorator to 2024-12-08 00:00:00+00:00, run_after=2024-12-09 00:00:00+00:00
[2024-12-09T13:22:53.332+0000] {processor.py:208} INFO - Processing /home/airflow/.local/lib/python3.12/site-packages/airflow/example_dags/example_branch_operator_decorator.py took 0.087 seconds
[2024-12-09T13:23:26.141+0000] {processor.py:186} INFO - Started process (PID=977) to work on /home/airflow/.local/lib/python3.12/site-packages/airflow/example_dags/example_branch_operator_decorator.py
[2024-12-09T13:23:26.142+0000] {processor.py:914} INFO - Processing file /home/airflow/.local/lib/python3.12/site-packages/airflow/example_dags/example_branch_operator_decorator.py for tasks to queue
[2024-12-09T13:23:26.144+0000] {logging_mixin.py:190} INFO - [2024-12-09T13:23:26.144+0000] {dagbag.py:588} INFO - Filling up the DagBag from /home/airflow/.local/lib/python3.12/site-packages/airflow/example_dags/example_branch_operator_decorator.py
[2024-12-09T13:23:26.161+0000] {processor.py:925} INFO - DAG(s) 'example_branch_python_operator_decorator' retrieved from /home/airflow/.local/lib/python3.12/site-packages/airflow/example_dags/example_branch_operator_decorator.py
[2024-12-09T13:23:26.185+0000] {logging_mixin.py:190} INFO - [2024-12-09T13:23:26.185+0000] {dag.py:3239} INFO - Sync 1 DAGs
[2024-12-09T13:23:26.207+0000] {logging_mixin.py:190} INFO - [2024-12-09T13:23:26.207+0000] {dag.py:4180} INFO - Setting next_dagrun for example_branch_python_operator_decorator to 2024-12-08 00:00:00+00:00, run_after=2024-12-09 00:00:00+00:00
[2024-12-09T13:23:26.222+0000] {processor.py:208} INFO - Processing /home/airflow/.local/lib/python3.12/site-packages/airflow/example_dags/example_branch_operator_decorator.py took 0.086 seconds
[2024-12-09T13:23:58.646+0000] {processor.py:186} INFO - Started process (PID=1040) to work on /home/airflow/.local/lib/python3.12/site-packages/airflow/example_dags/example_branch_operator_decorator.py
[2024-12-09T13:23:58.647+0000] {processor.py:914} INFO - Processing file /home/airflow/.local/lib/python3.12/site-packages/airflow/example_dags/example_branch_operator_decorator.py for tasks to queue
[2024-12-09T13:23:58.649+0000] {logging_mixin.py:190} INFO - [2024-12-09T13:23:58.648+0000] {dagbag.py:588} INFO - Filling up the DagBag from /home/airflow/.local/lib/python3.12/site-packages/airflow/example_dags/example_branch_operator_decorator.py
[2024-12-09T13:23:58.664+0000] {processor.py:925} INFO - DAG(s) 'example_branch_python_operator_decorator' retrieved from /home/airflow/.local/lib/python3.12/site-packages/airflow/example_dags/example_branch_operator_decorator.py
[2024-12-09T13:23:58.687+0000] {logging_mixin.py:190} INFO - [2024-12-09T13:23:58.687+0000] {dag.py:3239} INFO - Sync 1 DAGs
[2024-12-09T13:23:58.706+0000] {logging_mixin.py:190} INFO - [2024-12-09T13:23:58.706+0000] {dag.py:4180} INFO - Setting next_dagrun for example_branch_python_operator_decorator to 2024-12-08 00:00:00+00:00, run_after=2024-12-09 00:00:00+00:00
[2024-12-09T13:23:58.722+0000] {processor.py:208} INFO - Processing /home/airflow/.local/lib/python3.12/site-packages/airflow/example_dags/example_branch_operator_decorator.py took 0.080 seconds
[2024-12-09T13:24:31.696+0000] {processor.py:186} INFO - Started process (PID=1103) to work on /home/airflow/.local/lib/python3.12/site-packages/airflow/example_dags/example_branch_operator_decorator.py
[2024-12-09T13:24:31.697+0000] {processor.py:914} INFO - Processing file /home/airflow/.local/lib/python3.12/site-packages/airflow/example_dags/example_branch_operator_decorator.py for tasks to queue
[2024-12-09T13:24:31.699+0000] {logging_mixin.py:190} INFO - [2024-12-09T13:24:31.699+0000] {dagbag.py:588} INFO - Filling up the DagBag from /home/airflow/.local/lib/python3.12/site-packages/airflow/example_dags/example_branch_operator_decorator.py
[2024-12-09T13:24:31.717+0000] {processor.py:925} INFO - DAG(s) 'example_branch_python_operator_decorator' retrieved from /home/airflow/.local/lib/python3.12/site-packages/airflow/example_dags/example_branch_operator_decorator.py
[2024-12-09T13:24:31.740+0000] {logging_mixin.py:190} INFO - [2024-12-09T13:24:31.740+0000] {dag.py:3239} INFO - Sync 1 DAGs
[2024-12-09T13:24:31.760+0000] {logging_mixin.py:190} INFO - [2024-12-09T13:24:31.760+0000] {dag.py:4180} INFO - Setting next_dagrun for example_branch_python_operator_decorator to 2024-12-08 00:00:00+00:00, run_after=2024-12-09 00:00:00+00:00
[2024-12-09T13:24:31.777+0000] {processor.py:208} INFO - Processing /home/airflow/.local/lib/python3.12/site-packages/airflow/example_dags/example_branch_operator_decorator.py took 0.085 seconds
[2024-12-09T13:25:04.369+0000] {processor.py:186} INFO - Started process (PID=1166) to work on /home/airflow/.local/lib/python3.12/site-packages/airflow/example_dags/example_branch_operator_decorator.py
[2024-12-09T13:25:04.370+0000] {processor.py:914} INFO - Processing file /home/airflow/.local/lib/python3.12/site-packages/airflow/example_dags/example_branch_operator_decorator.py for tasks to queue
[2024-12-09T13:25:04.372+0000] {logging_mixin.py:190} INFO - [2024-12-09T13:25:04.371+0000] {dagbag.py:588} INFO - Filling up the DagBag from /home/airflow/.local/lib/python3.12/site-packages/airflow/example_dags/example_branch_operator_decorator.py
[2024-12-09T13:25:04.389+0000] {processor.py:925} INFO - DAG(s) 'example_branch_python_operator_decorator' retrieved from /home/airflow/.local/lib/python3.12/site-packages/airflow/example_dags/example_branch_operator_decorator.py
[2024-12-09T13:25:04.417+0000] {logging_mixin.py:190} INFO - [2024-12-09T13:25:04.416+0000] {dag.py:3239} INFO - Sync 1 DAGs
[2024-12-09T13:25:04.438+0000] {logging_mixin.py:190} INFO - [2024-12-09T13:25:04.438+0000] {dag.py:4180} INFO - Setting next_dagrun for example_branch_python_operator_decorator to 2024-12-08 00:00:00+00:00, run_after=2024-12-09 00:00:00+00:00
[2024-12-09T13:25:04.456+0000] {processor.py:208} INFO - Processing /home/airflow/.local/lib/python3.12/site-packages/airflow/example_dags/example_branch_operator_decorator.py took 0.093 seconds
[2024-12-09T13:25:36.899+0000] {processor.py:186} INFO - Started process (PID=1229) to work on /home/airflow/.local/lib/python3.12/site-packages/airflow/example_dags/example_branch_operator_decorator.py
[2024-12-09T13:25:36.899+0000] {processor.py:914} INFO - Processing file /home/airflow/.local/lib/python3.12/site-packages/airflow/example_dags/example_branch_operator_decorator.py for tasks to queue
[2024-12-09T13:25:36.901+0000] {logging_mixin.py:190} INFO - [2024-12-09T13:25:36.901+0000] {dagbag.py:588} INFO - Filling up the DagBag from /home/airflow/.local/lib/python3.12/site-packages/airflow/example_dags/example_branch_operator_decorator.py
[2024-12-09T13:25:36.916+0000] {processor.py:925} INFO - DAG(s) 'example_branch_python_operator_decorator' retrieved from /home/airflow/.local/lib/python3.12/site-packages/airflow/example_dags/example_branch_operator_decorator.py
[2024-12-09T13:25:36.939+0000] {logging_mixin.py:190} INFO - [2024-12-09T13:25:36.938+0000] {dag.py:3239} INFO - Sync 1 DAGs
[2024-12-09T13:25:36.958+0000] {logging_mixin.py:190} INFO - [2024-12-09T13:25:36.958+0000] {dag.py:4180} INFO - Setting next_dagrun for example_branch_python_operator_decorator to 2024-12-08 00:00:00+00:00, run_after=2024-12-09 00:00:00+00:00
[2024-12-09T13:25:36.972+0000] {processor.py:208} INFO - Processing /home/airflow/.local/lib/python3.12/site-packages/airflow/example_dags/example_branch_operator_decorator.py took 0.078 seconds
[2024-12-09T13:26:10.109+0000] {processor.py:186} INFO - Started process (PID=1292) to work on /home/airflow/.local/lib/python3.12/site-packages/airflow/example_dags/example_branch_operator_decorator.py
[2024-12-09T13:26:10.110+0000] {processor.py:914} INFO - Processing file /home/airflow/.local/lib/python3.12/site-packages/airflow/example_dags/example_branch_operator_decorator.py for tasks to queue
[2024-12-09T13:26:10.112+0000] {logging_mixin.py:190} INFO - [2024-12-09T13:26:10.112+0000] {dagbag.py:588} INFO - Filling up the DagBag from /home/airflow/.local/lib/python3.12/site-packages/airflow/example_dags/example_branch_operator_decorator.py
[2024-12-09T13:26:10.128+0000] {processor.py:925} INFO - DAG(s) 'example_branch_python_operator_decorator' retrieved from /home/airflow/.local/lib/python3.12/site-packages/airflow/example_dags/example_branch_operator_decorator.py
[2024-12-09T13:26:10.150+0000] {logging_mixin.py:190} INFO - [2024-12-09T13:26:10.150+0000] {dag.py:3239} INFO - Sync 1 DAGs
[2024-12-09T13:26:10.171+0000] {logging_mixin.py:190} INFO - [2024-12-09T13:26:10.170+0000] {dag.py:4180} INFO - Setting next_dagrun for example_branch_python_operator_decorator to 2024-12-08 00:00:00+00:00, run_after=2024-12-09 00:00:00+00:00
[2024-12-09T13:26:10.188+0000] {processor.py:208} INFO - Processing /home/airflow/.local/lib/python3.12/site-packages/airflow/example_dags/example_branch_operator_decorator.py took 0.082 seconds
[2024-12-09T13:26:42.374+0000] {processor.py:186} INFO - Started process (PID=1355) to work on /home/airflow/.local/lib/python3.12/site-packages/airflow/example_dags/example_branch_operator_decorator.py
[2024-12-09T13:26:42.374+0000] {processor.py:914} INFO - Processing file /home/airflow/.local/lib/python3.12/site-packages/airflow/example_dags/example_branch_operator_decorator.py for tasks to queue
[2024-12-09T13:26:42.376+0000] {logging_mixin.py:190} INFO - [2024-12-09T13:26:42.376+0000] {dagbag.py:588} INFO - Filling up the DagBag from /home/airflow/.local/lib/python3.12/site-packages/airflow/example_dags/example_branch_operator_decorator.py
[2024-12-09T13:26:42.392+0000] {processor.py:925} INFO - DAG(s) 'example_branch_python_operator_decorator' retrieved from /home/airflow/.local/lib/python3.12/site-packages/airflow/example_dags/example_branch_operator_decorator.py
[2024-12-09T13:26:42.413+0000] {logging_mixin.py:190} INFO - [2024-12-09T13:26:42.413+0000] {dag.py:3239} INFO - Sync 1 DAGs
[2024-12-09T13:26:42.432+0000] {logging_mixin.py:190} INFO - [2024-12-09T13:26:42.432+0000] {dag.py:4180} INFO - Setting next_dagrun for example_branch_python_operator_decorator to 2024-12-08 00:00:00+00:00, run_after=2024-12-09 00:00:00+00:00
[2024-12-09T13:26:42.449+0000] {processor.py:208} INFO - Processing /home/airflow/.local/lib/python3.12/site-packages/airflow/example_dags/example_branch_operator_decorator.py took 0.080 seconds
[2024-12-09T13:27:14.950+0000] {processor.py:186} INFO - Started process (PID=1418) to work on /home/airflow/.local/lib/python3.12/site-packages/airflow/example_dags/example_branch_operator_decorator.py
[2024-12-09T13:27:14.951+0000] {processor.py:914} INFO - Processing file /home/airflow/.local/lib/python3.12/site-packages/airflow/example_dags/example_branch_operator_decorator.py for tasks to queue
[2024-12-09T13:27:14.953+0000] {logging_mixin.py:190} INFO - [2024-12-09T13:27:14.953+0000] {dagbag.py:588} INFO - Filling up the DagBag from /home/airflow/.local/lib/python3.12/site-packages/airflow/example_dags/example_branch_operator_decorator.py
[2024-12-09T13:27:14.969+0000] {processor.py:925} INFO - DAG(s) 'example_branch_python_operator_decorator' retrieved from /home/airflow/.local/lib/python3.12/site-packages/airflow/example_dags/example_branch_operator_decorator.py
[2024-12-09T13:27:14.992+0000] {logging_mixin.py:190} INFO - [2024-12-09T13:27:14.992+0000] {dag.py:3239} INFO - Sync 1 DAGs
[2024-12-09T13:27:15.012+0000] {logging_mixin.py:190} INFO - [2024-12-09T13:27:15.012+0000] {dag.py:4180} INFO - Setting next_dagrun for example_branch_python_operator_decorator to 2024-12-08 00:00:00+00:00, run_after=2024-12-09 00:00:00+00:00
[2024-12-09T13:27:15.031+0000] {processor.py:208} INFO - Processing /home/airflow/.local/lib/python3.12/site-packages/airflow/example_dags/example_branch_operator_decorator.py took 0.085 seconds
