[2024-12-09T13:15:39.598+0000] {processor.py:186} INFO - Started process (PID=69) to work on /home/airflow/.local/lib/python3.12/site-packages/airflow/example_dags/example_external_task_marker_dag.py
[2024-12-09T13:15:39.598+0000] {processor.py:914} INFO - Processing file /home/airflow/.local/lib/python3.12/site-packages/airflow/example_dags/example_external_task_marker_dag.py for tasks to queue
[2024-12-09T13:15:39.601+0000] {logging_mixin.py:190} INFO - [2024-12-09T13:15:39.600+0000] {dagbag.py:588} INFO - Filling up the DagBag from /home/airflow/.local/lib/python3.12/site-packages/airflow/example_dags/example_external_task_marker_dag.py
[2024-12-09T13:15:39.610+0000] {processor.py:925} INFO - DAG(s) 'example_external_task_marker_parent', 'example_external_task_marker_child' retrieved from /home/airflow/.local/lib/python3.12/site-packages/airflow/example_dags/example_external_task_marker_dag.py
[2024-12-09T13:15:39.739+0000] {logging_mixin.py:190} INFO - [2024-12-09T13:15:39.738+0000] {override.py:1911} INFO - Created Permission View: can delete on DAG:example_external_task_marker_parent
[2024-12-09T13:15:39.754+0000] {logging_mixin.py:190} INFO - [2024-12-09T13:15:39.754+0000] {override.py:1911} INFO - Created Permission View: can edit on DAG:example_external_task_marker_parent
[2024-12-09T13:15:39.764+0000] {logging_mixin.py:190} INFO - [2024-12-09T13:15:39.764+0000] {override.py:1911} INFO - Created Permission View: can read on DAG:example_external_task_marker_parent
[2024-12-09T13:15:39.773+0000] {logging_mixin.py:190} INFO - [2024-12-09T13:15:39.773+0000] {override.py:1911} INFO - Created Permission View: menu access on DAG Run:example_external_task_marker_parent
[2024-12-09T13:15:39.781+0000] {logging_mixin.py:190} INFO - [2024-12-09T13:15:39.781+0000] {override.py:1911} INFO - Created Permission View: can create on DAG Run:example_external_task_marker_parent
[2024-12-09T13:15:39.788+0000] {logging_mixin.py:190} INFO - [2024-12-09T13:15:39.787+0000] {override.py:1911} INFO - Created Permission View: can delete on DAG Run:example_external_task_marker_parent
[2024-12-09T13:15:39.794+0000] {logging_mixin.py:190} INFO - [2024-12-09T13:15:39.794+0000] {override.py:1911} INFO - Created Permission View: can read on DAG Run:example_external_task_marker_parent
[2024-12-09T13:15:39.806+0000] {logging_mixin.py:190} INFO - [2024-12-09T13:15:39.806+0000] {override.py:1911} INFO - Created Permission View: can delete on DAG:example_external_task_marker_child
[2024-12-09T13:15:39.812+0000] {logging_mixin.py:190} INFO - [2024-12-09T13:15:39.812+0000] {override.py:1911} INFO - Created Permission View: can edit on DAG:example_external_task_marker_child
[2024-12-09T13:15:39.817+0000] {logging_mixin.py:190} INFO - [2024-12-09T13:15:39.817+0000] {override.py:1911} INFO - Created Permission View: can read on DAG:example_external_task_marker_child
[2024-12-09T13:15:39.823+0000] {logging_mixin.py:190} INFO - [2024-12-09T13:15:39.823+0000] {override.py:1911} INFO - Created Permission View: menu access on DAG Run:example_external_task_marker_child
[2024-12-09T13:15:39.829+0000] {logging_mixin.py:190} INFO - [2024-12-09T13:15:39.829+0000] {override.py:1911} INFO - Created Permission View: can create on DAG Run:example_external_task_marker_child
[2024-12-09T13:15:39.834+0000] {logging_mixin.py:190} INFO - [2024-12-09T13:15:39.834+0000] {override.py:1911} INFO - Created Permission View: can delete on DAG Run:example_external_task_marker_child
[2024-12-09T13:15:39.840+0000] {logging_mixin.py:190} INFO - [2024-12-09T13:15:39.839+0000] {override.py:1911} INFO - Created Permission View: can read on DAG Run:example_external_task_marker_child
[2024-12-09T13:15:39.840+0000] {logging_mixin.py:190} INFO - [2024-12-09T13:15:39.840+0000] {dag.py:3239} INFO - Sync 2 DAGs
[2024-12-09T13:15:39.851+0000] {logging_mixin.py:190} INFO - [2024-12-09T13:15:39.850+0000] {dag.py:3262} INFO - Creating ORM DAG for example_external_task_marker_child
[2024-12-09T13:15:39.851+0000] {logging_mixin.py:190} INFO - [2024-12-09T13:15:39.851+0000] {dag.py:3262} INFO - Creating ORM DAG for example_external_task_marker_parent
[2024-12-09T13:15:39.852+0000] {logging_mixin.py:190} INFO - [2024-12-09T13:15:39.852+0000] {dag.py:4180} INFO - Setting next_dagrun for example_external_task_marker_child to None, run_after=None
[2024-12-09T13:15:39.853+0000] {logging_mixin.py:190} INFO - [2024-12-09T13:15:39.853+0000] {dag.py:4180} INFO - Setting next_dagrun for example_external_task_marker_parent to None, run_after=None
[2024-12-09T13:15:39.867+0000] {processor.py:208} INFO - Processing /home/airflow/.local/lib/python3.12/site-packages/airflow/example_dags/example_external_task_marker_dag.py took 0.275 seconds
[2024-12-09T13:16:10.459+0000] {processor.py:186} INFO - Started process (PID=132) to work on /home/airflow/.local/lib/python3.12/site-packages/airflow/example_dags/example_external_task_marker_dag.py
[2024-12-09T13:16:10.459+0000] {processor.py:914} INFO - Processing file /home/airflow/.local/lib/python3.12/site-packages/airflow/example_dags/example_external_task_marker_dag.py for tasks to queue
[2024-12-09T13:16:10.461+0000] {logging_mixin.py:190} INFO - [2024-12-09T13:16:10.461+0000] {dagbag.py:588} INFO - Filling up the DagBag from /home/airflow/.local/lib/python3.12/site-packages/airflow/example_dags/example_external_task_marker_dag.py
[2024-12-09T13:16:10.467+0000] {processor.py:925} INFO - DAG(s) 'example_external_task_marker_parent', 'example_external_task_marker_child' retrieved from /home/airflow/.local/lib/python3.12/site-packages/airflow/example_dags/example_external_task_marker_dag.py
[2024-12-09T13:16:10.485+0000] {logging_mixin.py:190} INFO - [2024-12-09T13:16:10.485+0000] {dag.py:3239} INFO - Sync 2 DAGs
[2024-12-09T13:16:10.497+0000] {logging_mixin.py:190} INFO - [2024-12-09T13:16:10.497+0000] {dag.py:4180} INFO - Setting next_dagrun for example_external_task_marker_child to None, run_after=None
[2024-12-09T13:16:10.500+0000] {logging_mixin.py:190} INFO - [2024-12-09T13:16:10.500+0000] {dag.py:4180} INFO - Setting next_dagrun for example_external_task_marker_parent to None, run_after=None
[2024-12-09T13:16:10.513+0000] {processor.py:208} INFO - Processing /home/airflow/.local/lib/python3.12/site-packages/airflow/example_dags/example_external_task_marker_dag.py took 0.059 seconds
[2024-12-09T13:16:41.478+0000] {processor.py:186} INFO - Started process (PID=195) to work on /home/airflow/.local/lib/python3.12/site-packages/airflow/example_dags/example_external_task_marker_dag.py
[2024-12-09T13:16:41.479+0000] {processor.py:914} INFO - Processing file /home/airflow/.local/lib/python3.12/site-packages/airflow/example_dags/example_external_task_marker_dag.py for tasks to queue
[2024-12-09T13:16:41.481+0000] {logging_mixin.py:190} INFO - [2024-12-09T13:16:41.481+0000] {dagbag.py:588} INFO - Filling up the DagBag from /home/airflow/.local/lib/python3.12/site-packages/airflow/example_dags/example_external_task_marker_dag.py
[2024-12-09T13:16:41.487+0000] {processor.py:925} INFO - DAG(s) 'example_external_task_marker_child', 'example_external_task_marker_parent' retrieved from /home/airflow/.local/lib/python3.12/site-packages/airflow/example_dags/example_external_task_marker_dag.py
[2024-12-09T13:16:41.505+0000] {logging_mixin.py:190} INFO - [2024-12-09T13:16:41.504+0000] {dag.py:3239} INFO - Sync 2 DAGs
[2024-12-09T13:16:41.517+0000] {logging_mixin.py:190} INFO - [2024-12-09T13:16:41.517+0000] {dag.py:4180} INFO - Setting next_dagrun for example_external_task_marker_child to None, run_after=None
[2024-12-09T13:16:41.520+0000] {logging_mixin.py:190} INFO - [2024-12-09T13:16:41.520+0000] {dag.py:4180} INFO - Setting next_dagrun for example_external_task_marker_parent to None, run_after=None
[2024-12-09T13:16:41.532+0000] {processor.py:208} INFO - Processing /home/airflow/.local/lib/python3.12/site-packages/airflow/example_dags/example_external_task_marker_dag.py took 0.059 seconds
[2024-12-09T13:17:12.512+0000] {processor.py:186} INFO - Started process (PID=258) to work on /home/airflow/.local/lib/python3.12/site-packages/airflow/example_dags/example_external_task_marker_dag.py
[2024-12-09T13:17:12.513+0000] {processor.py:914} INFO - Processing file /home/airflow/.local/lib/python3.12/site-packages/airflow/example_dags/example_external_task_marker_dag.py for tasks to queue
[2024-12-09T13:17:12.515+0000] {logging_mixin.py:190} INFO - [2024-12-09T13:17:12.515+0000] {dagbag.py:588} INFO - Filling up the DagBag from /home/airflow/.local/lib/python3.12/site-packages/airflow/example_dags/example_external_task_marker_dag.py
[2024-12-09T13:17:12.522+0000] {processor.py:925} INFO - DAG(s) 'example_external_task_marker_parent', 'example_external_task_marker_child' retrieved from /home/airflow/.local/lib/python3.12/site-packages/airflow/example_dags/example_external_task_marker_dag.py
[2024-12-09T13:17:12.540+0000] {logging_mixin.py:190} INFO - [2024-12-09T13:17:12.540+0000] {dag.py:3239} INFO - Sync 2 DAGs
[2024-12-09T13:17:12.552+0000] {logging_mixin.py:190} INFO - [2024-12-09T13:17:12.552+0000] {dag.py:4180} INFO - Setting next_dagrun for example_external_task_marker_child to None, run_after=None
[2024-12-09T13:17:12.555+0000] {logging_mixin.py:190} INFO - [2024-12-09T13:17:12.555+0000] {dag.py:4180} INFO - Setting next_dagrun for example_external_task_marker_parent to None, run_after=None
[2024-12-09T13:17:12.568+0000] {processor.py:208} INFO - Processing /home/airflow/.local/lib/python3.12/site-packages/airflow/example_dags/example_external_task_marker_dag.py took 0.061 seconds
[2024-12-09T13:17:43.461+0000] {processor.py:186} INFO - Started process (PID=321) to work on /home/airflow/.local/lib/python3.12/site-packages/airflow/example_dags/example_external_task_marker_dag.py
[2024-12-09T13:17:43.462+0000] {processor.py:914} INFO - Processing file /home/airflow/.local/lib/python3.12/site-packages/airflow/example_dags/example_external_task_marker_dag.py for tasks to queue
[2024-12-09T13:17:43.465+0000] {logging_mixin.py:190} INFO - [2024-12-09T13:17:43.464+0000] {dagbag.py:588} INFO - Filling up the DagBag from /home/airflow/.local/lib/python3.12/site-packages/airflow/example_dags/example_external_task_marker_dag.py
[2024-12-09T13:17:43.474+0000] {processor.py:925} INFO - DAG(s) 'example_external_task_marker_child', 'example_external_task_marker_parent' retrieved from /home/airflow/.local/lib/python3.12/site-packages/airflow/example_dags/example_external_task_marker_dag.py
[2024-12-09T13:17:43.497+0000] {logging_mixin.py:190} INFO - [2024-12-09T13:17:43.496+0000] {dag.py:3239} INFO - Sync 2 DAGs
[2024-12-09T13:17:43.510+0000] {logging_mixin.py:190} INFO - [2024-12-09T13:17:43.509+0000] {dag.py:4180} INFO - Setting next_dagrun for example_external_task_marker_child to None, run_after=None
[2024-12-09T13:17:43.514+0000] {logging_mixin.py:190} INFO - [2024-12-09T13:17:43.513+0000] {dag.py:4180} INFO - Setting next_dagrun for example_external_task_marker_parent to None, run_after=None
[2024-12-09T13:17:43.529+0000] {processor.py:208} INFO - Processing /home/airflow/.local/lib/python3.12/site-packages/airflow/example_dags/example_external_task_marker_dag.py took 0.074 seconds
[2024-12-09T13:18:13.700+0000] {processor.py:186} INFO - Started process (PID=384) to work on /home/airflow/.local/lib/python3.12/site-packages/airflow/example_dags/example_external_task_marker_dag.py
[2024-12-09T13:18:13.701+0000] {processor.py:914} INFO - Processing file /home/airflow/.local/lib/python3.12/site-packages/airflow/example_dags/example_external_task_marker_dag.py for tasks to queue
[2024-12-09T13:18:13.702+0000] {logging_mixin.py:190} INFO - [2024-12-09T13:18:13.702+0000] {dagbag.py:588} INFO - Filling up the DagBag from /home/airflow/.local/lib/python3.12/site-packages/airflow/example_dags/example_external_task_marker_dag.py
[2024-12-09T13:18:13.709+0000] {processor.py:925} INFO - DAG(s) 'example_external_task_marker_parent', 'example_external_task_marker_child' retrieved from /home/airflow/.local/lib/python3.12/site-packages/airflow/example_dags/example_external_task_marker_dag.py
[2024-12-09T13:18:13.728+0000] {logging_mixin.py:190} INFO - [2024-12-09T13:18:13.727+0000] {dag.py:3239} INFO - Sync 2 DAGs
[2024-12-09T13:18:13.740+0000] {logging_mixin.py:190} INFO - [2024-12-09T13:18:13.740+0000] {dag.py:4180} INFO - Setting next_dagrun for example_external_task_marker_child to None, run_after=None
[2024-12-09T13:18:13.743+0000] {logging_mixin.py:190} INFO - [2024-12-09T13:18:13.743+0000] {dag.py:4180} INFO - Setting next_dagrun for example_external_task_marker_parent to None, run_after=None
[2024-12-09T13:18:13.755+0000] {processor.py:208} INFO - Processing /home/airflow/.local/lib/python3.12/site-packages/airflow/example_dags/example_external_task_marker_dag.py took 0.060 seconds
[2024-12-09T13:18:44.642+0000] {processor.py:186} INFO - Started process (PID=447) to work on /home/airflow/.local/lib/python3.12/site-packages/airflow/example_dags/example_external_task_marker_dag.py
[2024-12-09T13:18:44.643+0000] {processor.py:914} INFO - Processing file /home/airflow/.local/lib/python3.12/site-packages/airflow/example_dags/example_external_task_marker_dag.py for tasks to queue
[2024-12-09T13:18:44.645+0000] {logging_mixin.py:190} INFO - [2024-12-09T13:18:44.644+0000] {dagbag.py:588} INFO - Filling up the DagBag from /home/airflow/.local/lib/python3.12/site-packages/airflow/example_dags/example_external_task_marker_dag.py
[2024-12-09T13:18:44.650+0000] {processor.py:925} INFO - DAG(s) 'example_external_task_marker_parent', 'example_external_task_marker_child' retrieved from /home/airflow/.local/lib/python3.12/site-packages/airflow/example_dags/example_external_task_marker_dag.py
[2024-12-09T13:18:44.669+0000] {logging_mixin.py:190} INFO - [2024-12-09T13:18:44.669+0000] {dag.py:3239} INFO - Sync 2 DAGs
[2024-12-09T13:18:44.681+0000] {logging_mixin.py:190} INFO - [2024-12-09T13:18:44.681+0000] {dag.py:4180} INFO - Setting next_dagrun for example_external_task_marker_child to None, run_after=None
[2024-12-09T13:18:44.685+0000] {logging_mixin.py:190} INFO - [2024-12-09T13:18:44.684+0000] {dag.py:4180} INFO - Setting next_dagrun for example_external_task_marker_parent to None, run_after=None
[2024-12-09T13:18:44.701+0000] {processor.py:208} INFO - Processing /home/airflow/.local/lib/python3.12/site-packages/airflow/example_dags/example_external_task_marker_dag.py took 0.063 seconds
[2024-12-09T13:19:15.504+0000] {processor.py:186} INFO - Started process (PID=510) to work on /home/airflow/.local/lib/python3.12/site-packages/airflow/example_dags/example_external_task_marker_dag.py
[2024-12-09T13:19:15.505+0000] {processor.py:914} INFO - Processing file /home/airflow/.local/lib/python3.12/site-packages/airflow/example_dags/example_external_task_marker_dag.py for tasks to queue
[2024-12-09T13:19:15.507+0000] {logging_mixin.py:190} INFO - [2024-12-09T13:19:15.507+0000] {dagbag.py:588} INFO - Filling up the DagBag from /home/airflow/.local/lib/python3.12/site-packages/airflow/example_dags/example_external_task_marker_dag.py
[2024-12-09T13:19:15.514+0000] {processor.py:925} INFO - DAG(s) 'example_external_task_marker_parent', 'example_external_task_marker_child' retrieved from /home/airflow/.local/lib/python3.12/site-packages/airflow/example_dags/example_external_task_marker_dag.py
[2024-12-09T13:19:15.535+0000] {logging_mixin.py:190} INFO - [2024-12-09T13:19:15.535+0000] {dag.py:3239} INFO - Sync 2 DAGs
[2024-12-09T13:19:15.549+0000] {logging_mixin.py:190} INFO - [2024-12-09T13:19:15.549+0000] {dag.py:4180} INFO - Setting next_dagrun for example_external_task_marker_child to None, run_after=None
[2024-12-09T13:19:15.553+0000] {logging_mixin.py:190} INFO - [2024-12-09T13:19:15.553+0000] {dag.py:4180} INFO - Setting next_dagrun for example_external_task_marker_parent to None, run_after=None
[2024-12-09T13:19:15.567+0000] {processor.py:208} INFO - Processing /home/airflow/.local/lib/python3.12/site-packages/airflow/example_dags/example_external_task_marker_dag.py took 0.068 seconds
[2024-12-09T13:19:46.497+0000] {processor.py:186} INFO - Started process (PID=573) to work on /home/airflow/.local/lib/python3.12/site-packages/airflow/example_dags/example_external_task_marker_dag.py
[2024-12-09T13:19:46.498+0000] {processor.py:914} INFO - Processing file /home/airflow/.local/lib/python3.12/site-packages/airflow/example_dags/example_external_task_marker_dag.py for tasks to queue
[2024-12-09T13:19:46.500+0000] {logging_mixin.py:190} INFO - [2024-12-09T13:19:46.499+0000] {dagbag.py:588} INFO - Filling up the DagBag from /home/airflow/.local/lib/python3.12/site-packages/airflow/example_dags/example_external_task_marker_dag.py
[2024-12-09T13:19:46.506+0000] {processor.py:925} INFO - DAG(s) 'example_external_task_marker_parent', 'example_external_task_marker_child' retrieved from /home/airflow/.local/lib/python3.12/site-packages/airflow/example_dags/example_external_task_marker_dag.py
[2024-12-09T13:19:46.525+0000] {logging_mixin.py:190} INFO - [2024-12-09T13:19:46.525+0000] {dag.py:3239} INFO - Sync 2 DAGs
[2024-12-09T13:19:46.539+0000] {logging_mixin.py:190} INFO - [2024-12-09T13:19:46.538+0000] {dag.py:4180} INFO - Setting next_dagrun for example_external_task_marker_child to None, run_after=None
[2024-12-09T13:19:46.543+0000] {logging_mixin.py:190} INFO - [2024-12-09T13:19:46.543+0000] {dag.py:4180} INFO - Setting next_dagrun for example_external_task_marker_parent to None, run_after=None
[2024-12-09T13:19:46.556+0000] {processor.py:208} INFO - Processing /home/airflow/.local/lib/python3.12/site-packages/airflow/example_dags/example_external_task_marker_dag.py took 0.063 seconds
[2024-12-09T13:20:16.995+0000] {processor.py:186} INFO - Started process (PID=636) to work on /home/airflow/.local/lib/python3.12/site-packages/airflow/example_dags/example_external_task_marker_dag.py
[2024-12-09T13:20:16.996+0000] {processor.py:914} INFO - Processing file /home/airflow/.local/lib/python3.12/site-packages/airflow/example_dags/example_external_task_marker_dag.py for tasks to queue
[2024-12-09T13:20:16.998+0000] {logging_mixin.py:190} INFO - [2024-12-09T13:20:16.997+0000] {dagbag.py:588} INFO - Filling up the DagBag from /home/airflow/.local/lib/python3.12/site-packages/airflow/example_dags/example_external_task_marker_dag.py
[2024-12-09T13:20:17.008+0000] {processor.py:925} INFO - DAG(s) 'example_external_task_marker_parent', 'example_external_task_marker_child' retrieved from /home/airflow/.local/lib/python3.12/site-packages/airflow/example_dags/example_external_task_marker_dag.py
[2024-12-09T13:20:17.030+0000] {logging_mixin.py:190} INFO - [2024-12-09T13:20:17.030+0000] {dag.py:3239} INFO - Sync 2 DAGs
[2024-12-09T13:20:17.044+0000] {logging_mixin.py:190} INFO - [2024-12-09T13:20:17.044+0000] {dag.py:4180} INFO - Setting next_dagrun for example_external_task_marker_child to None, run_after=None
[2024-12-09T13:20:17.048+0000] {logging_mixin.py:190} INFO - [2024-12-09T13:20:17.048+0000] {dag.py:4180} INFO - Setting next_dagrun for example_external_task_marker_parent to None, run_after=None
[2024-12-09T13:20:17.063+0000] {processor.py:208} INFO - Processing /home/airflow/.local/lib/python3.12/site-packages/airflow/example_dags/example_external_task_marker_dag.py took 0.074 seconds
[2024-12-09T13:20:47.782+0000] {processor.py:186} INFO - Started process (PID=699) to work on /home/airflow/.local/lib/python3.12/site-packages/airflow/example_dags/example_external_task_marker_dag.py
[2024-12-09T13:20:47.783+0000] {processor.py:914} INFO - Processing file /home/airflow/.local/lib/python3.12/site-packages/airflow/example_dags/example_external_task_marker_dag.py for tasks to queue
[2024-12-09T13:20:47.785+0000] {logging_mixin.py:190} INFO - [2024-12-09T13:20:47.785+0000] {dagbag.py:588} INFO - Filling up the DagBag from /home/airflow/.local/lib/python3.12/site-packages/airflow/example_dags/example_external_task_marker_dag.py
[2024-12-09T13:20:47.791+0000] {processor.py:925} INFO - DAG(s) 'example_external_task_marker_parent', 'example_external_task_marker_child' retrieved from /home/airflow/.local/lib/python3.12/site-packages/airflow/example_dags/example_external_task_marker_dag.py
[2024-12-09T13:20:47.808+0000] {logging_mixin.py:190} INFO - [2024-12-09T13:20:47.808+0000] {dag.py:3239} INFO - Sync 2 DAGs
[2024-12-09T13:20:47.821+0000] {logging_mixin.py:190} INFO - [2024-12-09T13:20:47.821+0000] {dag.py:4180} INFO - Setting next_dagrun for example_external_task_marker_child to None, run_after=None
[2024-12-09T13:20:47.825+0000] {logging_mixin.py:190} INFO - [2024-12-09T13:20:47.825+0000] {dag.py:4180} INFO - Setting next_dagrun for example_external_task_marker_parent to None, run_after=None
[2024-12-09T13:20:47.839+0000] {processor.py:208} INFO - Processing /home/airflow/.local/lib/python3.12/site-packages/airflow/example_dags/example_external_task_marker_dag.py took 0.061 seconds
[2024-12-09T13:21:18.134+0000] {processor.py:186} INFO - Started process (PID=762) to work on /home/airflow/.local/lib/python3.12/site-packages/airflow/example_dags/example_external_task_marker_dag.py
[2024-12-09T13:21:18.135+0000] {processor.py:914} INFO - Processing file /home/airflow/.local/lib/python3.12/site-packages/airflow/example_dags/example_external_task_marker_dag.py for tasks to queue
[2024-12-09T13:21:18.136+0000] {logging_mixin.py:190} INFO - [2024-12-09T13:21:18.136+0000] {dagbag.py:588} INFO - Filling up the DagBag from /home/airflow/.local/lib/python3.12/site-packages/airflow/example_dags/example_external_task_marker_dag.py
[2024-12-09T13:21:18.144+0000] {processor.py:925} INFO - DAG(s) 'example_external_task_marker_child', 'example_external_task_marker_parent' retrieved from /home/airflow/.local/lib/python3.12/site-packages/airflow/example_dags/example_external_task_marker_dag.py
[2024-12-09T13:21:18.162+0000] {logging_mixin.py:190} INFO - [2024-12-09T13:21:18.162+0000] {dag.py:3239} INFO - Sync 2 DAGs
[2024-12-09T13:21:18.174+0000] {logging_mixin.py:190} INFO - [2024-12-09T13:21:18.174+0000] {dag.py:4180} INFO - Setting next_dagrun for example_external_task_marker_child to None, run_after=None
[2024-12-09T13:21:18.177+0000] {logging_mixin.py:190} INFO - [2024-12-09T13:21:18.177+0000] {dag.py:4180} INFO - Setting next_dagrun for example_external_task_marker_parent to None, run_after=None
[2024-12-09T13:21:18.190+0000] {processor.py:208} INFO - Processing /home/airflow/.local/lib/python3.12/site-packages/airflow/example_dags/example_external_task_marker_dag.py took 0.061 seconds
[2024-12-09T13:21:50.348+0000] {processor.py:186} INFO - Started process (PID=825) to work on /home/airflow/.local/lib/python3.12/site-packages/airflow/example_dags/example_external_task_marker_dag.py
[2024-12-09T13:21:50.349+0000] {processor.py:914} INFO - Processing file /home/airflow/.local/lib/python3.12/site-packages/airflow/example_dags/example_external_task_marker_dag.py for tasks to queue
[2024-12-09T13:21:50.351+0000] {logging_mixin.py:190} INFO - [2024-12-09T13:21:50.351+0000] {dagbag.py:588} INFO - Filling up the DagBag from /home/airflow/.local/lib/python3.12/site-packages/airflow/example_dags/example_external_task_marker_dag.py
[2024-12-09T13:21:50.358+0000] {processor.py:925} INFO - DAG(s) 'example_external_task_marker_parent', 'example_external_task_marker_child' retrieved from /home/airflow/.local/lib/python3.12/site-packages/airflow/example_dags/example_external_task_marker_dag.py
[2024-12-09T13:21:50.376+0000] {logging_mixin.py:190} INFO - [2024-12-09T13:21:50.376+0000] {dag.py:3239} INFO - Sync 2 DAGs
[2024-12-09T13:21:50.388+0000] {logging_mixin.py:190} INFO - [2024-12-09T13:21:50.388+0000] {dag.py:4180} INFO - Setting next_dagrun for example_external_task_marker_child to None, run_after=None
[2024-12-09T13:21:50.392+0000] {logging_mixin.py:190} INFO - [2024-12-09T13:21:50.391+0000] {dag.py:4180} INFO - Setting next_dagrun for example_external_task_marker_parent to None, run_after=None
[2024-12-09T13:21:50.404+0000] {processor.py:208} INFO - Processing /home/airflow/.local/lib/python3.12/site-packages/airflow/example_dags/example_external_task_marker_dag.py took 0.060 seconds
[2024-12-09T13:22:21.297+0000] {processor.py:186} INFO - Started process (PID=855) to work on /home/airflow/.local/lib/python3.12/site-packages/airflow/example_dags/example_external_task_marker_dag.py
[2024-12-09T13:22:21.298+0000] {processor.py:914} INFO - Processing file /home/airflow/.local/lib/python3.12/site-packages/airflow/example_dags/example_external_task_marker_dag.py for tasks to queue
[2024-12-09T13:22:21.300+0000] {logging_mixin.py:190} INFO - [2024-12-09T13:22:21.299+0000] {dagbag.py:588} INFO - Filling up the DagBag from /home/airflow/.local/lib/python3.12/site-packages/airflow/example_dags/example_external_task_marker_dag.py
[2024-12-09T13:22:21.306+0000] {processor.py:925} INFO - DAG(s) 'example_external_task_marker_child', 'example_external_task_marker_parent' retrieved from /home/airflow/.local/lib/python3.12/site-packages/airflow/example_dags/example_external_task_marker_dag.py
[2024-12-09T13:22:21.324+0000] {logging_mixin.py:190} INFO - [2024-12-09T13:22:21.324+0000] {dag.py:3239} INFO - Sync 2 DAGs
[2024-12-09T13:22:21.336+0000] {logging_mixin.py:190} INFO - [2024-12-09T13:22:21.336+0000] {dag.py:4180} INFO - Setting next_dagrun for example_external_task_marker_child to None, run_after=None
[2024-12-09T13:22:21.339+0000] {logging_mixin.py:190} INFO - [2024-12-09T13:22:21.339+0000] {dag.py:4180} INFO - Setting next_dagrun for example_external_task_marker_parent to None, run_after=None
[2024-12-09T13:22:21.353+0000] {processor.py:208} INFO - Processing /home/airflow/.local/lib/python3.12/site-packages/airflow/example_dags/example_external_task_marker_dag.py took 0.060 seconds
[2024-12-09T13:22:53.498+0000] {processor.py:186} INFO - Started process (PID=918) to work on /home/airflow/.local/lib/python3.12/site-packages/airflow/example_dags/example_external_task_marker_dag.py
[2024-12-09T13:22:53.499+0000] {processor.py:914} INFO - Processing file /home/airflow/.local/lib/python3.12/site-packages/airflow/example_dags/example_external_task_marker_dag.py for tasks to queue
[2024-12-09T13:22:53.501+0000] {logging_mixin.py:190} INFO - [2024-12-09T13:22:53.501+0000] {dagbag.py:588} INFO - Filling up the DagBag from /home/airflow/.local/lib/python3.12/site-packages/airflow/example_dags/example_external_task_marker_dag.py
[2024-12-09T13:22:53.508+0000] {processor.py:925} INFO - DAG(s) 'example_external_task_marker_child', 'example_external_task_marker_parent' retrieved from /home/airflow/.local/lib/python3.12/site-packages/airflow/example_dags/example_external_task_marker_dag.py
[2024-12-09T13:22:53.527+0000] {logging_mixin.py:190} INFO - [2024-12-09T13:22:53.527+0000] {dag.py:3239} INFO - Sync 2 DAGs
[2024-12-09T13:22:53.539+0000] {logging_mixin.py:190} INFO - [2024-12-09T13:22:53.539+0000] {dag.py:4180} INFO - Setting next_dagrun for example_external_task_marker_child to None, run_after=None
[2024-12-09T13:22:53.542+0000] {logging_mixin.py:190} INFO - [2024-12-09T13:22:53.542+0000] {dag.py:4180} INFO - Setting next_dagrun for example_external_task_marker_parent to None, run_after=None
[2024-12-09T13:22:53.554+0000] {processor.py:208} INFO - Processing /home/airflow/.local/lib/python3.12/site-packages/airflow/example_dags/example_external_task_marker_dag.py took 0.060 seconds
[2024-12-09T13:23:26.358+0000] {processor.py:186} INFO - Started process (PID=981) to work on /home/airflow/.local/lib/python3.12/site-packages/airflow/example_dags/example_external_task_marker_dag.py
[2024-12-09T13:23:26.359+0000] {processor.py:914} INFO - Processing file /home/airflow/.local/lib/python3.12/site-packages/airflow/example_dags/example_external_task_marker_dag.py for tasks to queue
[2024-12-09T13:23:26.360+0000] {logging_mixin.py:190} INFO - [2024-12-09T13:23:26.360+0000] {dagbag.py:588} INFO - Filling up the DagBag from /home/airflow/.local/lib/python3.12/site-packages/airflow/example_dags/example_external_task_marker_dag.py
[2024-12-09T13:23:26.367+0000] {processor.py:925} INFO - DAG(s) 'example_external_task_marker_parent', 'example_external_task_marker_child' retrieved from /home/airflow/.local/lib/python3.12/site-packages/airflow/example_dags/example_external_task_marker_dag.py
[2024-12-09T13:23:26.385+0000] {logging_mixin.py:190} INFO - [2024-12-09T13:23:26.385+0000] {dag.py:3239} INFO - Sync 2 DAGs
[2024-12-09T13:23:26.397+0000] {logging_mixin.py:190} INFO - [2024-12-09T13:23:26.397+0000] {dag.py:4180} INFO - Setting next_dagrun for example_external_task_marker_child to None, run_after=None
[2024-12-09T13:23:26.400+0000] {logging_mixin.py:190} INFO - [2024-12-09T13:23:26.400+0000] {dag.py:4180} INFO - Setting next_dagrun for example_external_task_marker_parent to None, run_after=None
[2024-12-09T13:23:26.412+0000] {processor.py:208} INFO - Processing /home/airflow/.local/lib/python3.12/site-packages/airflow/example_dags/example_external_task_marker_dag.py took 0.058 seconds
[2024-12-09T13:23:58.864+0000] {processor.py:186} INFO - Started process (PID=1044) to work on /home/airflow/.local/lib/python3.12/site-packages/airflow/example_dags/example_external_task_marker_dag.py
[2024-12-09T13:23:58.865+0000] {processor.py:914} INFO - Processing file /home/airflow/.local/lib/python3.12/site-packages/airflow/example_dags/example_external_task_marker_dag.py for tasks to queue
[2024-12-09T13:23:58.867+0000] {logging_mixin.py:190} INFO - [2024-12-09T13:23:58.867+0000] {dagbag.py:588} INFO - Filling up the DagBag from /home/airflow/.local/lib/python3.12/site-packages/airflow/example_dags/example_external_task_marker_dag.py
[2024-12-09T13:23:58.873+0000] {processor.py:925} INFO - DAG(s) 'example_external_task_marker_parent', 'example_external_task_marker_child' retrieved from /home/airflow/.local/lib/python3.12/site-packages/airflow/example_dags/example_external_task_marker_dag.py
[2024-12-09T13:23:58.892+0000] {logging_mixin.py:190} INFO - [2024-12-09T13:23:58.892+0000] {dag.py:3239} INFO - Sync 2 DAGs
[2024-12-09T13:23:58.905+0000] {logging_mixin.py:190} INFO - [2024-12-09T13:23:58.905+0000] {dag.py:4180} INFO - Setting next_dagrun for example_external_task_marker_child to None, run_after=None
[2024-12-09T13:23:58.908+0000] {logging_mixin.py:190} INFO - [2024-12-09T13:23:58.908+0000] {dag.py:4180} INFO - Setting next_dagrun for example_external_task_marker_parent to None, run_after=None
[2024-12-09T13:23:58.923+0000] {processor.py:208} INFO - Processing /home/airflow/.local/lib/python3.12/site-packages/airflow/example_dags/example_external_task_marker_dag.py took 0.063 seconds
[2024-12-09T13:24:31.919+0000] {processor.py:186} INFO - Started process (PID=1107) to work on /home/airflow/.local/lib/python3.12/site-packages/airflow/example_dags/example_external_task_marker_dag.py
[2024-12-09T13:24:31.920+0000] {processor.py:914} INFO - Processing file /home/airflow/.local/lib/python3.12/site-packages/airflow/example_dags/example_external_task_marker_dag.py for tasks to queue
[2024-12-09T13:24:31.921+0000] {logging_mixin.py:190} INFO - [2024-12-09T13:24:31.921+0000] {dagbag.py:588} INFO - Filling up the DagBag from /home/airflow/.local/lib/python3.12/site-packages/airflow/example_dags/example_external_task_marker_dag.py
[2024-12-09T13:24:31.928+0000] {processor.py:925} INFO - DAG(s) 'example_external_task_marker_parent', 'example_external_task_marker_child' retrieved from /home/airflow/.local/lib/python3.12/site-packages/airflow/example_dags/example_external_task_marker_dag.py
[2024-12-09T13:24:31.946+0000] {logging_mixin.py:190} INFO - [2024-12-09T13:24:31.946+0000] {dag.py:3239} INFO - Sync 2 DAGs
[2024-12-09T13:24:31.957+0000] {logging_mixin.py:190} INFO - [2024-12-09T13:24:31.957+0000] {dag.py:4180} INFO - Setting next_dagrun for example_external_task_marker_child to None, run_after=None
[2024-12-09T13:24:31.961+0000] {logging_mixin.py:190} INFO - [2024-12-09T13:24:31.961+0000] {dag.py:4180} INFO - Setting next_dagrun for example_external_task_marker_parent to None, run_after=None
[2024-12-09T13:24:31.973+0000] {processor.py:208} INFO - Processing /home/airflow/.local/lib/python3.12/site-packages/airflow/example_dags/example_external_task_marker_dag.py took 0.058 seconds
[2024-12-09T13:25:04.594+0000] {processor.py:186} INFO - Started process (PID=1170) to work on /home/airflow/.local/lib/python3.12/site-packages/airflow/example_dags/example_external_task_marker_dag.py
[2024-12-09T13:25:04.595+0000] {processor.py:914} INFO - Processing file /home/airflow/.local/lib/python3.12/site-packages/airflow/example_dags/example_external_task_marker_dag.py for tasks to queue
[2024-12-09T13:25:04.597+0000] {logging_mixin.py:190} INFO - [2024-12-09T13:25:04.597+0000] {dagbag.py:588} INFO - Filling up the DagBag from /home/airflow/.local/lib/python3.12/site-packages/airflow/example_dags/example_external_task_marker_dag.py
[2024-12-09T13:25:04.603+0000] {processor.py:925} INFO - DAG(s) 'example_external_task_marker_parent', 'example_external_task_marker_child' retrieved from /home/airflow/.local/lib/python3.12/site-packages/airflow/example_dags/example_external_task_marker_dag.py
[2024-12-09T13:25:04.621+0000] {logging_mixin.py:190} INFO - [2024-12-09T13:25:04.621+0000] {dag.py:3239} INFO - Sync 2 DAGs
[2024-12-09T13:25:04.636+0000] {logging_mixin.py:190} INFO - [2024-12-09T13:25:04.635+0000] {dag.py:4180} INFO - Setting next_dagrun for example_external_task_marker_child to None, run_after=None
[2024-12-09T13:25:04.639+0000] {logging_mixin.py:190} INFO - [2024-12-09T13:25:04.639+0000] {dag.py:4180} INFO - Setting next_dagrun for example_external_task_marker_parent to None, run_after=None
[2024-12-09T13:25:04.651+0000] {processor.py:208} INFO - Processing /home/airflow/.local/lib/python3.12/site-packages/airflow/example_dags/example_external_task_marker_dag.py took 0.062 seconds
[2024-12-09T13:25:37.121+0000] {processor.py:186} INFO - Started process (PID=1233) to work on /home/airflow/.local/lib/python3.12/site-packages/airflow/example_dags/example_external_task_marker_dag.py
[2024-12-09T13:25:37.122+0000] {processor.py:914} INFO - Processing file /home/airflow/.local/lib/python3.12/site-packages/airflow/example_dags/example_external_task_marker_dag.py for tasks to queue
[2024-12-09T13:25:37.124+0000] {logging_mixin.py:190} INFO - [2024-12-09T13:25:37.124+0000] {dagbag.py:588} INFO - Filling up the DagBag from /home/airflow/.local/lib/python3.12/site-packages/airflow/example_dags/example_external_task_marker_dag.py
[2024-12-09T13:25:37.130+0000] {processor.py:925} INFO - DAG(s) 'example_external_task_marker_child', 'example_external_task_marker_parent' retrieved from /home/airflow/.local/lib/python3.12/site-packages/airflow/example_dags/example_external_task_marker_dag.py
[2024-12-09T13:25:37.148+0000] {logging_mixin.py:190} INFO - [2024-12-09T13:25:37.148+0000] {dag.py:3239} INFO - Sync 2 DAGs
[2024-12-09T13:25:37.160+0000] {logging_mixin.py:190} INFO - [2024-12-09T13:25:37.160+0000] {dag.py:4180} INFO - Setting next_dagrun for example_external_task_marker_child to None, run_after=None
[2024-12-09T13:25:37.163+0000] {logging_mixin.py:190} INFO - [2024-12-09T13:25:37.163+0000] {dag.py:4180} INFO - Setting next_dagrun for example_external_task_marker_parent to None, run_after=None
[2024-12-09T13:25:37.178+0000] {processor.py:208} INFO - Processing /home/airflow/.local/lib/python3.12/site-packages/airflow/example_dags/example_external_task_marker_dag.py took 0.062 seconds
[2024-12-09T13:26:10.326+0000] {processor.py:186} INFO - Started process (PID=1296) to work on /home/airflow/.local/lib/python3.12/site-packages/airflow/example_dags/example_external_task_marker_dag.py
[2024-12-09T13:26:10.327+0000] {processor.py:914} INFO - Processing file /home/airflow/.local/lib/python3.12/site-packages/airflow/example_dags/example_external_task_marker_dag.py for tasks to queue
[2024-12-09T13:26:10.328+0000] {logging_mixin.py:190} INFO - [2024-12-09T13:26:10.328+0000] {dagbag.py:588} INFO - Filling up the DagBag from /home/airflow/.local/lib/python3.12/site-packages/airflow/example_dags/example_external_task_marker_dag.py
[2024-12-09T13:26:10.334+0000] {processor.py:925} INFO - DAG(s) 'example_external_task_marker_parent', 'example_external_task_marker_child' retrieved from /home/airflow/.local/lib/python3.12/site-packages/airflow/example_dags/example_external_task_marker_dag.py
[2024-12-09T13:26:10.352+0000] {logging_mixin.py:190} INFO - [2024-12-09T13:26:10.352+0000] {dag.py:3239} INFO - Sync 2 DAGs
[2024-12-09T13:26:10.364+0000] {logging_mixin.py:190} INFO - [2024-12-09T13:26:10.364+0000] {dag.py:4180} INFO - Setting next_dagrun for example_external_task_marker_child to None, run_after=None
[2024-12-09T13:26:10.368+0000] {logging_mixin.py:190} INFO - [2024-12-09T13:26:10.367+0000] {dag.py:4180} INFO - Setting next_dagrun for example_external_task_marker_parent to None, run_after=None
[2024-12-09T13:26:10.381+0000] {processor.py:208} INFO - Processing /home/airflow/.local/lib/python3.12/site-packages/airflow/example_dags/example_external_task_marker_dag.py took 0.059 seconds
[2024-12-09T13:26:42.583+0000] {processor.py:186} INFO - Started process (PID=1359) to work on /home/airflow/.local/lib/python3.12/site-packages/airflow/example_dags/example_external_task_marker_dag.py
[2024-12-09T13:26:42.584+0000] {processor.py:914} INFO - Processing file /home/airflow/.local/lib/python3.12/site-packages/airflow/example_dags/example_external_task_marker_dag.py for tasks to queue
[2024-12-09T13:26:42.585+0000] {logging_mixin.py:190} INFO - [2024-12-09T13:26:42.585+0000] {dagbag.py:588} INFO - Filling up the DagBag from /home/airflow/.local/lib/python3.12/site-packages/airflow/example_dags/example_external_task_marker_dag.py
[2024-12-09T13:26:42.591+0000] {processor.py:925} INFO - DAG(s) 'example_external_task_marker_child', 'example_external_task_marker_parent' retrieved from /home/airflow/.local/lib/python3.12/site-packages/airflow/example_dags/example_external_task_marker_dag.py
[2024-12-09T13:26:42.609+0000] {logging_mixin.py:190} INFO - [2024-12-09T13:26:42.609+0000] {dag.py:3239} INFO - Sync 2 DAGs
[2024-12-09T13:26:42.621+0000] {logging_mixin.py:190} INFO - [2024-12-09T13:26:42.621+0000] {dag.py:4180} INFO - Setting next_dagrun for example_external_task_marker_child to None, run_after=None
[2024-12-09T13:26:42.624+0000] {logging_mixin.py:190} INFO - [2024-12-09T13:26:42.624+0000] {dag.py:4180} INFO - Setting next_dagrun for example_external_task_marker_parent to None, run_after=None
[2024-12-09T13:26:42.637+0000] {processor.py:208} INFO - Processing /home/airflow/.local/lib/python3.12/site-packages/airflow/example_dags/example_external_task_marker_dag.py took 0.058 seconds
[2024-12-09T13:27:15.175+0000] {processor.py:186} INFO - Started process (PID=1422) to work on /home/airflow/.local/lib/python3.12/site-packages/airflow/example_dags/example_external_task_marker_dag.py
[2024-12-09T13:27:15.176+0000] {processor.py:914} INFO - Processing file /home/airflow/.local/lib/python3.12/site-packages/airflow/example_dags/example_external_task_marker_dag.py for tasks to queue
[2024-12-09T13:27:15.177+0000] {logging_mixin.py:190} INFO - [2024-12-09T13:27:15.177+0000] {dagbag.py:588} INFO - Filling up the DagBag from /home/airflow/.local/lib/python3.12/site-packages/airflow/example_dags/example_external_task_marker_dag.py
[2024-12-09T13:27:15.183+0000] {processor.py:925} INFO - DAG(s) 'example_external_task_marker_child', 'example_external_task_marker_parent' retrieved from /home/airflow/.local/lib/python3.12/site-packages/airflow/example_dags/example_external_task_marker_dag.py
[2024-12-09T13:27:15.202+0000] {logging_mixin.py:190} INFO - [2024-12-09T13:27:15.202+0000] {dag.py:3239} INFO - Sync 2 DAGs
[2024-12-09T13:27:15.214+0000] {logging_mixin.py:190} INFO - [2024-12-09T13:27:15.214+0000] {dag.py:4180} INFO - Setting next_dagrun for example_external_task_marker_child to None, run_after=None
[2024-12-09T13:27:15.217+0000] {logging_mixin.py:190} INFO - [2024-12-09T13:27:15.217+0000] {dag.py:4180} INFO - Setting next_dagrun for example_external_task_marker_parent to None, run_after=None
[2024-12-09T13:27:15.230+0000] {processor.py:208} INFO - Processing /home/airflow/.local/lib/python3.12/site-packages/airflow/example_dags/example_external_task_marker_dag.py took 0.059 seconds
