[2024-12-09T13:15:43.079+0000] {processor.py:186} INFO - Started process (PID=89) to work on /home/airflow/.local/lib/python3.12/site-packages/airflow/example_dags/example_sla_dag.py
[2024-12-09T13:15:43.080+0000] {processor.py:914} INFO - Processing file /home/airflow/.local/lib/python3.12/site-packages/airflow/example_dags/example_sla_dag.py for tasks to queue
[2024-12-09T13:15:43.082+0000] {logging_mixin.py:190} INFO - [2024-12-09T13:15:43.082+0000] {dagbag.py:588} INFO - Filling up the DagBag from /home/airflow/.local/lib/python3.12/site-packages/airflow/example_dags/example_sla_dag.py
[2024-12-09T13:15:43.093+0000] {processor.py:925} INFO - DAG(s) 'example_sla_dag' retrieved from /home/airflow/.local/lib/python3.12/site-packages/airflow/example_dags/example_sla_dag.py
[2024-12-09T13:15:43.180+0000] {logging_mixin.py:190} INFO - [2024-12-09T13:15:43.180+0000] {override.py:1911} INFO - Created Permission View: can delete on DAG:example_sla_dag
[2024-12-09T13:15:43.188+0000] {logging_mixin.py:190} INFO - [2024-12-09T13:15:43.188+0000] {override.py:1911} INFO - Created Permission View: can edit on DAG:example_sla_dag
[2024-12-09T13:15:43.194+0000] {logging_mixin.py:190} INFO - [2024-12-09T13:15:43.194+0000] {override.py:1911} INFO - Created Permission View: can read on DAG:example_sla_dag
[2024-12-09T13:15:43.201+0000] {logging_mixin.py:190} INFO - [2024-12-09T13:15:43.200+0000] {override.py:1911} INFO - Created Permission View: menu access on DAG Run:example_sla_dag
[2024-12-09T13:15:43.206+0000] {logging_mixin.py:190} INFO - [2024-12-09T13:15:43.206+0000] {override.py:1911} INFO - Created Permission View: can create on DAG Run:example_sla_dag
[2024-12-09T13:15:43.213+0000] {logging_mixin.py:190} INFO - [2024-12-09T13:15:43.212+0000] {override.py:1911} INFO - Created Permission View: can delete on DAG Run:example_sla_dag
[2024-12-09T13:15:43.218+0000] {logging_mixin.py:190} INFO - [2024-12-09T13:15:43.218+0000] {override.py:1911} INFO - Created Permission View: can read on DAG Run:example_sla_dag
[2024-12-09T13:15:43.219+0000] {logging_mixin.py:190} INFO - [2024-12-09T13:15:43.219+0000] {dag.py:3239} INFO - Sync 1 DAGs
[2024-12-09T13:15:43.231+0000] {logging_mixin.py:190} INFO - [2024-12-09T13:15:43.230+0000] {dag.py:3262} INFO - Creating ORM DAG for example_sla_dag
[2024-12-09T13:15:43.241+0000] {logging_mixin.py:190} INFO - [2024-12-09T13:15:43.241+0000] {dag.py:4180} INFO - Setting next_dagrun for example_sla_dag to 2024-12-09 13:12:00+00:00, run_after=2024-12-09 13:14:00+00:00
[2024-12-09T13:15:43.254+0000] {processor.py:208} INFO - Processing /home/airflow/.local/lib/python3.12/site-packages/airflow/example_dags/example_sla_dag.py took 0.180 seconds
[2024-12-09T13:16:13.616+0000] {processor.py:186} INFO - Started process (PID=145) to work on /home/airflow/.local/lib/python3.12/site-packages/airflow/example_dags/example_sla_dag.py
[2024-12-09T13:16:13.617+0000] {processor.py:914} INFO - Processing file /home/airflow/.local/lib/python3.12/site-packages/airflow/example_dags/example_sla_dag.py for tasks to queue
[2024-12-09T13:16:13.619+0000] {logging_mixin.py:190} INFO - [2024-12-09T13:16:13.619+0000] {dagbag.py:588} INFO - Filling up the DagBag from /home/airflow/.local/lib/python3.12/site-packages/airflow/example_dags/example_sla_dag.py
[2024-12-09T13:16:13.627+0000] {processor.py:925} INFO - DAG(s) 'example_sla_dag' retrieved from /home/airflow/.local/lib/python3.12/site-packages/airflow/example_dags/example_sla_dag.py
[2024-12-09T13:16:13.643+0000] {logging_mixin.py:190} INFO - [2024-12-09T13:16:13.643+0000] {dag.py:3239} INFO - Sync 1 DAGs
[2024-12-09T13:16:13.667+0000] {logging_mixin.py:190} INFO - [2024-12-09T13:16:13.666+0000] {dag.py:4180} INFO - Setting next_dagrun for example_sla_dag to 2024-12-09 13:14:00+00:00, run_after=2024-12-09 13:16:00+00:00
[2024-12-09T13:16:13.683+0000] {processor.py:208} INFO - Processing /home/airflow/.local/lib/python3.12/site-packages/airflow/example_dags/example_sla_dag.py took 0.071 seconds
[2024-12-09T13:16:44.849+0000] {processor.py:186} INFO - Started process (PID=208) to work on /home/airflow/.local/lib/python3.12/site-packages/airflow/example_dags/example_sla_dag.py
[2024-12-09T13:16:44.850+0000] {processor.py:914} INFO - Processing file /home/airflow/.local/lib/python3.12/site-packages/airflow/example_dags/example_sla_dag.py for tasks to queue
[2024-12-09T13:16:44.852+0000] {logging_mixin.py:190} INFO - [2024-12-09T13:16:44.851+0000] {dagbag.py:588} INFO - Filling up the DagBag from /home/airflow/.local/lib/python3.12/site-packages/airflow/example_dags/example_sla_dag.py
[2024-12-09T13:16:44.860+0000] {processor.py:925} INFO - DAG(s) 'example_sla_dag' retrieved from /home/airflow/.local/lib/python3.12/site-packages/airflow/example_dags/example_sla_dag.py
[2024-12-09T13:16:44.881+0000] {logging_mixin.py:190} INFO - [2024-12-09T13:16:44.880+0000] {dag.py:3239} INFO - Sync 1 DAGs
[2024-12-09T13:16:44.907+0000] {logging_mixin.py:190} INFO - [2024-12-09T13:16:44.907+0000] {dag.py:4180} INFO - Setting next_dagrun for example_sla_dag to 2024-12-09 13:14:00+00:00, run_after=2024-12-09 13:16:00+00:00
[2024-12-09T13:16:44.925+0000] {processor.py:208} INFO - Processing /home/airflow/.local/lib/python3.12/site-packages/airflow/example_dags/example_sla_dag.py took 0.081 seconds
[2024-12-09T13:17:15.824+0000] {processor.py:186} INFO - Started process (PID=272) to work on /home/airflow/.local/lib/python3.12/site-packages/airflow/example_dags/example_sla_dag.py
[2024-12-09T13:17:15.825+0000] {processor.py:914} INFO - Processing file /home/airflow/.local/lib/python3.12/site-packages/airflow/example_dags/example_sla_dag.py for tasks to queue
[2024-12-09T13:17:15.826+0000] {logging_mixin.py:190} INFO - [2024-12-09T13:17:15.826+0000] {dagbag.py:588} INFO - Filling up the DagBag from /home/airflow/.local/lib/python3.12/site-packages/airflow/example_dags/example_sla_dag.py
[2024-12-09T13:17:15.834+0000] {processor.py:925} INFO - DAG(s) 'example_sla_dag' retrieved from /home/airflow/.local/lib/python3.12/site-packages/airflow/example_dags/example_sla_dag.py
[2024-12-09T13:17:15.850+0000] {logging_mixin.py:190} INFO - [2024-12-09T13:17:15.850+0000] {dag.py:3239} INFO - Sync 1 DAGs
[2024-12-09T13:17:15.871+0000] {logging_mixin.py:190} INFO - [2024-12-09T13:17:15.871+0000] {dag.py:4180} INFO - Setting next_dagrun for example_sla_dag to 2024-12-09 13:14:00+00:00, run_after=2024-12-09 13:16:00+00:00
[2024-12-09T13:17:15.885+0000] {processor.py:208} INFO - Processing /home/airflow/.local/lib/python3.12/site-packages/airflow/example_dags/example_sla_dag.py took 0.066 seconds
[2024-12-09T13:17:46.855+0000] {processor.py:186} INFO - Started process (PID=335) to work on /home/airflow/.local/lib/python3.12/site-packages/airflow/example_dags/example_sla_dag.py
[2024-12-09T13:17:46.856+0000] {processor.py:914} INFO - Processing file /home/airflow/.local/lib/python3.12/site-packages/airflow/example_dags/example_sla_dag.py for tasks to queue
[2024-12-09T13:17:46.858+0000] {logging_mixin.py:190} INFO - [2024-12-09T13:17:46.858+0000] {dagbag.py:588} INFO - Filling up the DagBag from /home/airflow/.local/lib/python3.12/site-packages/airflow/example_dags/example_sla_dag.py
[2024-12-09T13:17:46.866+0000] {processor.py:925} INFO - DAG(s) 'example_sla_dag' retrieved from /home/airflow/.local/lib/python3.12/site-packages/airflow/example_dags/example_sla_dag.py
[2024-12-09T13:17:46.884+0000] {logging_mixin.py:190} INFO - [2024-12-09T13:17:46.884+0000] {dag.py:3239} INFO - Sync 1 DAGs
[2024-12-09T13:17:46.909+0000] {logging_mixin.py:190} INFO - [2024-12-09T13:17:46.909+0000] {dag.py:4180} INFO - Setting next_dagrun for example_sla_dag to 2024-12-09 13:14:00+00:00, run_after=2024-12-09 13:16:00+00:00
[2024-12-09T13:17:46.929+0000] {processor.py:208} INFO - Processing /home/airflow/.local/lib/python3.12/site-packages/airflow/example_dags/example_sla_dag.py took 0.079 seconds
[2024-12-09T13:18:17.884+0000] {processor.py:186} INFO - Started process (PID=397) to work on /home/airflow/.local/lib/python3.12/site-packages/airflow/example_dags/example_sla_dag.py
[2024-12-09T13:18:17.885+0000] {processor.py:914} INFO - Processing file /home/airflow/.local/lib/python3.12/site-packages/airflow/example_dags/example_sla_dag.py for tasks to queue
[2024-12-09T13:18:17.886+0000] {logging_mixin.py:190} INFO - [2024-12-09T13:18:17.886+0000] {dagbag.py:588} INFO - Filling up the DagBag from /home/airflow/.local/lib/python3.12/site-packages/airflow/example_dags/example_sla_dag.py
[2024-12-09T13:18:17.894+0000] {processor.py:925} INFO - DAG(s) 'example_sla_dag' retrieved from /home/airflow/.local/lib/python3.12/site-packages/airflow/example_dags/example_sla_dag.py
[2024-12-09T13:18:17.910+0000] {logging_mixin.py:190} INFO - [2024-12-09T13:18:17.909+0000] {dag.py:3239} INFO - Sync 1 DAGs
[2024-12-09T13:18:17.929+0000] {logging_mixin.py:190} INFO - [2024-12-09T13:18:17.929+0000] {dag.py:4180} INFO - Setting next_dagrun for example_sla_dag to 2024-12-09 13:16:00+00:00, run_after=2024-12-09 13:18:00+00:00
[2024-12-09T13:18:17.944+0000] {processor.py:208} INFO - Processing /home/airflow/.local/lib/python3.12/site-packages/airflow/example_dags/example_sla_dag.py took 0.064 seconds
[2024-12-09T13:18:48.867+0000] {processor.py:186} INFO - Started process (PID=459) to work on /home/airflow/.local/lib/python3.12/site-packages/airflow/example_dags/example_sla_dag.py
[2024-12-09T13:18:48.868+0000] {processor.py:914} INFO - Processing file /home/airflow/.local/lib/python3.12/site-packages/airflow/example_dags/example_sla_dag.py for tasks to queue
[2024-12-09T13:18:48.870+0000] {logging_mixin.py:190} INFO - [2024-12-09T13:18:48.869+0000] {dagbag.py:588} INFO - Filling up the DagBag from /home/airflow/.local/lib/python3.12/site-packages/airflow/example_dags/example_sla_dag.py
[2024-12-09T13:18:48.877+0000] {processor.py:925} INFO - DAG(s) 'example_sla_dag' retrieved from /home/airflow/.local/lib/python3.12/site-packages/airflow/example_dags/example_sla_dag.py
[2024-12-09T13:18:48.893+0000] {logging_mixin.py:190} INFO - [2024-12-09T13:18:48.893+0000] {dag.py:3239} INFO - Sync 1 DAGs
[2024-12-09T13:18:48.913+0000] {logging_mixin.py:190} INFO - [2024-12-09T13:18:48.913+0000] {dag.py:4180} INFO - Setting next_dagrun for example_sla_dag to 2024-12-09 13:16:00+00:00, run_after=2024-12-09 13:18:00+00:00
[2024-12-09T13:18:48.927+0000] {processor.py:208} INFO - Processing /home/airflow/.local/lib/python3.12/site-packages/airflow/example_dags/example_sla_dag.py took 0.064 seconds
[2024-12-09T13:19:19.753+0000] {processor.py:186} INFO - Started process (PID=522) to work on /home/airflow/.local/lib/python3.12/site-packages/airflow/example_dags/example_sla_dag.py
[2024-12-09T13:19:19.753+0000] {processor.py:914} INFO - Processing file /home/airflow/.local/lib/python3.12/site-packages/airflow/example_dags/example_sla_dag.py for tasks to queue
[2024-12-09T13:19:19.756+0000] {logging_mixin.py:190} INFO - [2024-12-09T13:19:19.756+0000] {dagbag.py:588} INFO - Filling up the DagBag from /home/airflow/.local/lib/python3.12/site-packages/airflow/example_dags/example_sla_dag.py
[2024-12-09T13:19:19.765+0000] {processor.py:925} INFO - DAG(s) 'example_sla_dag' retrieved from /home/airflow/.local/lib/python3.12/site-packages/airflow/example_dags/example_sla_dag.py
[2024-12-09T13:19:19.782+0000] {logging_mixin.py:190} INFO - [2024-12-09T13:19:19.781+0000] {dag.py:3239} INFO - Sync 1 DAGs
[2024-12-09T13:19:19.805+0000] {logging_mixin.py:190} INFO - [2024-12-09T13:19:19.805+0000] {dag.py:4180} INFO - Setting next_dagrun for example_sla_dag to 2024-12-09 13:16:00+00:00, run_after=2024-12-09 13:18:00+00:00
[2024-12-09T13:19:19.822+0000] {processor.py:208} INFO - Processing /home/airflow/.local/lib/python3.12/site-packages/airflow/example_dags/example_sla_dag.py took 0.075 seconds
[2024-12-09T13:19:50.828+0000] {processor.py:186} INFO - Started process (PID=585) to work on /home/airflow/.local/lib/python3.12/site-packages/airflow/example_dags/example_sla_dag.py
[2024-12-09T13:19:50.829+0000] {processor.py:914} INFO - Processing file /home/airflow/.local/lib/python3.12/site-packages/airflow/example_dags/example_sla_dag.py for tasks to queue
[2024-12-09T13:19:50.831+0000] {logging_mixin.py:190} INFO - [2024-12-09T13:19:50.831+0000] {dagbag.py:588} INFO - Filling up the DagBag from /home/airflow/.local/lib/python3.12/site-packages/airflow/example_dags/example_sla_dag.py
[2024-12-09T13:19:50.839+0000] {processor.py:925} INFO - DAG(s) 'example_sla_dag' retrieved from /home/airflow/.local/lib/python3.12/site-packages/airflow/example_dags/example_sla_dag.py
[2024-12-09T13:19:50.856+0000] {logging_mixin.py:190} INFO - [2024-12-09T13:19:50.856+0000] {dag.py:3239} INFO - Sync 1 DAGs
[2024-12-09T13:19:50.880+0000] {logging_mixin.py:190} INFO - [2024-12-09T13:19:50.879+0000] {dag.py:4180} INFO - Setting next_dagrun for example_sla_dag to 2024-12-09 13:16:00+00:00, run_after=2024-12-09 13:18:00+00:00
[2024-12-09T13:19:50.896+0000] {processor.py:208} INFO - Processing /home/airflow/.local/lib/python3.12/site-packages/airflow/example_dags/example_sla_dag.py took 0.073 seconds
[2024-12-09T13:20:22.477+0000] {processor.py:186} INFO - Started process (PID=649) to work on /home/airflow/.local/lib/python3.12/site-packages/airflow/example_dags/example_sla_dag.py
[2024-12-09T13:20:22.478+0000] {processor.py:914} INFO - Processing file /home/airflow/.local/lib/python3.12/site-packages/airflow/example_dags/example_sla_dag.py for tasks to queue
[2024-12-09T13:20:22.480+0000] {logging_mixin.py:190} INFO - [2024-12-09T13:20:22.480+0000] {dagbag.py:588} INFO - Filling up the DagBag from /home/airflow/.local/lib/python3.12/site-packages/airflow/example_dags/example_sla_dag.py
[2024-12-09T13:20:22.488+0000] {processor.py:925} INFO - DAG(s) 'example_sla_dag' retrieved from /home/airflow/.local/lib/python3.12/site-packages/airflow/example_dags/example_sla_dag.py
[2024-12-09T13:20:22.503+0000] {logging_mixin.py:190} INFO - [2024-12-09T13:20:22.503+0000] {dag.py:3239} INFO - Sync 1 DAGs
[2024-12-09T13:20:22.524+0000] {logging_mixin.py:190} INFO - [2024-12-09T13:20:22.524+0000] {dag.py:4180} INFO - Setting next_dagrun for example_sla_dag to 2024-12-09 13:18:00+00:00, run_after=2024-12-09 13:20:00+00:00
[2024-12-09T13:20:22.542+0000] {processor.py:208} INFO - Processing /home/airflow/.local/lib/python3.12/site-packages/airflow/example_dags/example_sla_dag.py took 0.069 seconds
[2024-12-09T13:20:53.000+0000] {processor.py:186} INFO - Started process (PID=712) to work on /home/airflow/.local/lib/python3.12/site-packages/airflow/example_dags/example_sla_dag.py
[2024-12-09T13:20:53.001+0000] {processor.py:914} INFO - Processing file /home/airflow/.local/lib/python3.12/site-packages/airflow/example_dags/example_sla_dag.py for tasks to queue
[2024-12-09T13:20:53.003+0000] {logging_mixin.py:190} INFO - [2024-12-09T13:20:53.002+0000] {dagbag.py:588} INFO - Filling up the DagBag from /home/airflow/.local/lib/python3.12/site-packages/airflow/example_dags/example_sla_dag.py
[2024-12-09T13:20:53.011+0000] {processor.py:925} INFO - DAG(s) 'example_sla_dag' retrieved from /home/airflow/.local/lib/python3.12/site-packages/airflow/example_dags/example_sla_dag.py
[2024-12-09T13:20:53.026+0000] {logging_mixin.py:190} INFO - [2024-12-09T13:20:53.026+0000] {dag.py:3239} INFO - Sync 1 DAGs
[2024-12-09T13:20:53.047+0000] {logging_mixin.py:190} INFO - [2024-12-09T13:20:53.047+0000] {dag.py:4180} INFO - Setting next_dagrun for example_sla_dag to 2024-12-09 13:18:00+00:00, run_after=2024-12-09 13:20:00+00:00
[2024-12-09T13:20:53.062+0000] {processor.py:208} INFO - Processing /home/airflow/.local/lib/python3.12/site-packages/airflow/example_dags/example_sla_dag.py took 0.067 seconds
[2024-12-09T13:21:24.250+0000] {processor.py:186} INFO - Started process (PID=775) to work on /home/airflow/.local/lib/python3.12/site-packages/airflow/example_dags/example_sla_dag.py
[2024-12-09T13:21:24.251+0000] {processor.py:914} INFO - Processing file /home/airflow/.local/lib/python3.12/site-packages/airflow/example_dags/example_sla_dag.py for tasks to queue
[2024-12-09T13:21:24.253+0000] {logging_mixin.py:190} INFO - [2024-12-09T13:21:24.253+0000] {dagbag.py:588} INFO - Filling up the DagBag from /home/airflow/.local/lib/python3.12/site-packages/airflow/example_dags/example_sla_dag.py
[2024-12-09T13:21:24.261+0000] {processor.py:925} INFO - DAG(s) 'example_sla_dag' retrieved from /home/airflow/.local/lib/python3.12/site-packages/airflow/example_dags/example_sla_dag.py
[2024-12-09T13:21:24.276+0000] {logging_mixin.py:190} INFO - [2024-12-09T13:21:24.275+0000] {dag.py:3239} INFO - Sync 1 DAGs
[2024-12-09T13:21:24.295+0000] {logging_mixin.py:190} INFO - [2024-12-09T13:21:24.295+0000] {dag.py:4180} INFO - Setting next_dagrun for example_sla_dag to 2024-12-09 13:18:00+00:00, run_after=2024-12-09 13:20:00+00:00
[2024-12-09T13:21:24.308+0000] {processor.py:208} INFO - Processing /home/airflow/.local/lib/python3.12/site-packages/airflow/example_dags/example_sla_dag.py took 0.062 seconds
[2024-12-09T13:21:55.421+0000] {processor.py:186} INFO - Started process (PID=838) to work on /home/airflow/.local/lib/python3.12/site-packages/airflow/example_dags/example_sla_dag.py
[2024-12-09T13:21:55.422+0000] {processor.py:914} INFO - Processing file /home/airflow/.local/lib/python3.12/site-packages/airflow/example_dags/example_sla_dag.py for tasks to queue
[2024-12-09T13:21:55.424+0000] {logging_mixin.py:190} INFO - [2024-12-09T13:21:55.423+0000] {dagbag.py:588} INFO - Filling up the DagBag from /home/airflow/.local/lib/python3.12/site-packages/airflow/example_dags/example_sla_dag.py
[2024-12-09T13:21:55.434+0000] {processor.py:925} INFO - DAG(s) 'example_sla_dag' retrieved from /home/airflow/.local/lib/python3.12/site-packages/airflow/example_dags/example_sla_dag.py
[2024-12-09T13:21:55.450+0000] {logging_mixin.py:190} INFO - [2024-12-09T13:21:55.450+0000] {dag.py:3239} INFO - Sync 1 DAGs
[2024-12-09T13:21:55.471+0000] {logging_mixin.py:190} INFO - [2024-12-09T13:21:55.471+0000] {dag.py:4180} INFO - Setting next_dagrun for example_sla_dag to 2024-12-09 13:18:00+00:00, run_after=2024-12-09 13:20:00+00:00
[2024-12-09T13:21:55.486+0000] {processor.py:208} INFO - Processing /home/airflow/.local/lib/python3.12/site-packages/airflow/example_dags/example_sla_dag.py took 0.070 seconds
[2024-12-09T13:22:26.420+0000] {processor.py:186} INFO - Started process (PID=902) to work on /home/airflow/.local/lib/python3.12/site-packages/airflow/example_dags/example_sla_dag.py
[2024-12-09T13:22:26.420+0000] {processor.py:914} INFO - Processing file /home/airflow/.local/lib/python3.12/site-packages/airflow/example_dags/example_sla_dag.py for tasks to queue
[2024-12-09T13:22:26.422+0000] {logging_mixin.py:190} INFO - [2024-12-09T13:22:26.422+0000] {dagbag.py:588} INFO - Filling up the DagBag from /home/airflow/.local/lib/python3.12/site-packages/airflow/example_dags/example_sla_dag.py
[2024-12-09T13:22:26.430+0000] {processor.py:925} INFO - DAG(s) 'example_sla_dag' retrieved from /home/airflow/.local/lib/python3.12/site-packages/airflow/example_dags/example_sla_dag.py
[2024-12-09T13:22:26.449+0000] {logging_mixin.py:190} INFO - [2024-12-09T13:22:26.448+0000] {dag.py:3239} INFO - Sync 1 DAGs
[2024-12-09T13:22:26.473+0000] {logging_mixin.py:190} INFO - [2024-12-09T13:22:26.473+0000] {dag.py:4180} INFO - Setting next_dagrun for example_sla_dag to 2024-12-09 13:20:00+00:00, run_after=2024-12-09 13:22:00+00:00
[2024-12-09T13:22:26.490+0000] {processor.py:208} INFO - Processing /home/airflow/.local/lib/python3.12/site-packages/airflow/example_dags/example_sla_dag.py took 0.075 seconds
[2024-12-09T13:22:57.561+0000] {processor.py:186} INFO - Started process (PID=964) to work on /home/airflow/.local/lib/python3.12/site-packages/airflow/example_dags/example_sla_dag.py
[2024-12-09T13:22:57.562+0000] {processor.py:914} INFO - Processing file /home/airflow/.local/lib/python3.12/site-packages/airflow/example_dags/example_sla_dag.py for tasks to queue
[2024-12-09T13:22:57.564+0000] {logging_mixin.py:190} INFO - [2024-12-09T13:22:57.563+0000] {dagbag.py:588} INFO - Filling up the DagBag from /home/airflow/.local/lib/python3.12/site-packages/airflow/example_dags/example_sla_dag.py
[2024-12-09T13:22:57.574+0000] {processor.py:925} INFO - DAG(s) 'example_sla_dag' retrieved from /home/airflow/.local/lib/python3.12/site-packages/airflow/example_dags/example_sla_dag.py
[2024-12-09T13:22:57.589+0000] {logging_mixin.py:190} INFO - [2024-12-09T13:22:57.589+0000] {dag.py:3239} INFO - Sync 1 DAGs
[2024-12-09T13:22:57.609+0000] {logging_mixin.py:190} INFO - [2024-12-09T13:22:57.609+0000] {dag.py:4180} INFO - Setting next_dagrun for example_sla_dag to 2024-12-09 13:20:00+00:00, run_after=2024-12-09 13:22:00+00:00
[2024-12-09T13:22:57.622+0000] {processor.py:208} INFO - Processing /home/airflow/.local/lib/python3.12/site-packages/airflow/example_dags/example_sla_dag.py took 0.065 seconds
[2024-12-09T13:23:29.343+0000] {processor.py:186} INFO - Started process (PID=1028) to work on /home/airflow/.local/lib/python3.12/site-packages/airflow/example_dags/example_sla_dag.py
[2024-12-09T13:23:29.344+0000] {processor.py:914} INFO - Processing file /home/airflow/.local/lib/python3.12/site-packages/airflow/example_dags/example_sla_dag.py for tasks to queue
[2024-12-09T13:23:29.346+0000] {logging_mixin.py:190} INFO - [2024-12-09T13:23:29.346+0000] {dagbag.py:588} INFO - Filling up the DagBag from /home/airflow/.local/lib/python3.12/site-packages/airflow/example_dags/example_sla_dag.py
[2024-12-09T13:23:29.354+0000] {processor.py:925} INFO - DAG(s) 'example_sla_dag' retrieved from /home/airflow/.local/lib/python3.12/site-packages/airflow/example_dags/example_sla_dag.py
[2024-12-09T13:23:29.369+0000] {logging_mixin.py:190} INFO - [2024-12-09T13:23:29.369+0000] {dag.py:3239} INFO - Sync 1 DAGs
[2024-12-09T13:23:29.390+0000] {logging_mixin.py:190} INFO - [2024-12-09T13:23:29.390+0000] {dag.py:4180} INFO - Setting next_dagrun for example_sla_dag to 2024-12-09 13:20:00+00:00, run_after=2024-12-09 13:22:00+00:00
[2024-12-09T13:23:29.404+0000] {processor.py:208} INFO - Processing /home/airflow/.local/lib/python3.12/site-packages/airflow/example_dags/example_sla_dag.py took 0.065 seconds
[2024-12-09T13:24:02.482+0000] {processor.py:186} INFO - Started process (PID=1091) to work on /home/airflow/.local/lib/python3.12/site-packages/airflow/example_dags/example_sla_dag.py
[2024-12-09T13:24:02.483+0000] {processor.py:914} INFO - Processing file /home/airflow/.local/lib/python3.12/site-packages/airflow/example_dags/example_sla_dag.py for tasks to queue
[2024-12-09T13:24:02.484+0000] {logging_mixin.py:190} INFO - [2024-12-09T13:24:02.484+0000] {dagbag.py:588} INFO - Filling up the DagBag from /home/airflow/.local/lib/python3.12/site-packages/airflow/example_dags/example_sla_dag.py
[2024-12-09T13:24:02.494+0000] {processor.py:925} INFO - DAG(s) 'example_sla_dag' retrieved from /home/airflow/.local/lib/python3.12/site-packages/airflow/example_dags/example_sla_dag.py
[2024-12-09T13:24:02.510+0000] {logging_mixin.py:190} INFO - [2024-12-09T13:24:02.509+0000] {dag.py:3239} INFO - Sync 1 DAGs
[2024-12-09T13:24:02.532+0000] {logging_mixin.py:190} INFO - [2024-12-09T13:24:02.532+0000] {dag.py:4180} INFO - Setting next_dagrun for example_sla_dag to 2024-12-09 13:22:00+00:00, run_after=2024-12-09 13:24:00+00:00
[2024-12-09T13:24:02.550+0000] {processor.py:208} INFO - Processing /home/airflow/.local/lib/python3.12/site-packages/airflow/example_dags/example_sla_dag.py took 0.074 seconds
[2024-12-09T13:24:36.055+0000] {processor.py:186} INFO - Started process (PID=1154) to work on /home/airflow/.local/lib/python3.12/site-packages/airflow/example_dags/example_sla_dag.py
[2024-12-09T13:24:36.056+0000] {processor.py:914} INFO - Processing file /home/airflow/.local/lib/python3.12/site-packages/airflow/example_dags/example_sla_dag.py for tasks to queue
[2024-12-09T13:24:36.058+0000] {logging_mixin.py:190} INFO - [2024-12-09T13:24:36.057+0000] {dagbag.py:588} INFO - Filling up the DagBag from /home/airflow/.local/lib/python3.12/site-packages/airflow/example_dags/example_sla_dag.py
[2024-12-09T13:24:36.065+0000] {processor.py:925} INFO - DAG(s) 'example_sla_dag' retrieved from /home/airflow/.local/lib/python3.12/site-packages/airflow/example_dags/example_sla_dag.py
[2024-12-09T13:24:36.081+0000] {logging_mixin.py:190} INFO - [2024-12-09T13:24:36.081+0000] {dag.py:3239} INFO - Sync 1 DAGs
[2024-12-09T13:24:36.102+0000] {logging_mixin.py:190} INFO - [2024-12-09T13:24:36.101+0000] {dag.py:4180} INFO - Setting next_dagrun for example_sla_dag to 2024-12-09 13:22:00+00:00, run_after=2024-12-09 13:24:00+00:00
[2024-12-09T13:24:36.117+0000] {processor.py:208} INFO - Processing /home/airflow/.local/lib/python3.12/site-packages/airflow/example_dags/example_sla_dag.py took 0.067 seconds
[2024-12-09T13:25:07.360+0000] {processor.py:186} INFO - Started process (PID=1209) to work on /home/airflow/.local/lib/python3.12/site-packages/airflow/example_dags/example_sla_dag.py
[2024-12-09T13:25:07.361+0000] {processor.py:914} INFO - Processing file /home/airflow/.local/lib/python3.12/site-packages/airflow/example_dags/example_sla_dag.py for tasks to queue
[2024-12-09T13:25:07.363+0000] {logging_mixin.py:190} INFO - [2024-12-09T13:25:07.362+0000] {dagbag.py:588} INFO - Filling up the DagBag from /home/airflow/.local/lib/python3.12/site-packages/airflow/example_dags/example_sla_dag.py
[2024-12-09T13:25:07.371+0000] {processor.py:925} INFO - DAG(s) 'example_sla_dag' retrieved from /home/airflow/.local/lib/python3.12/site-packages/airflow/example_dags/example_sla_dag.py
[2024-12-09T13:25:07.386+0000] {logging_mixin.py:190} INFO - [2024-12-09T13:25:07.386+0000] {dag.py:3239} INFO - Sync 1 DAGs
[2024-12-09T13:25:07.406+0000] {logging_mixin.py:190} INFO - [2024-12-09T13:25:07.406+0000] {dag.py:4180} INFO - Setting next_dagrun for example_sla_dag to 2024-12-09 13:22:00+00:00, run_after=2024-12-09 13:24:00+00:00
[2024-12-09T13:25:07.419+0000] {processor.py:208} INFO - Processing /home/airflow/.local/lib/python3.12/site-packages/airflow/example_dags/example_sla_dag.py took 0.064 seconds
[2024-12-09T13:25:40.372+0000] {processor.py:186} INFO - Started process (PID=1272) to work on /home/airflow/.local/lib/python3.12/site-packages/airflow/example_dags/example_sla_dag.py
[2024-12-09T13:25:40.373+0000] {processor.py:914} INFO - Processing file /home/airflow/.local/lib/python3.12/site-packages/airflow/example_dags/example_sla_dag.py for tasks to queue
[2024-12-09T13:25:40.375+0000] {logging_mixin.py:190} INFO - [2024-12-09T13:25:40.374+0000] {dagbag.py:588} INFO - Filling up the DagBag from /home/airflow/.local/lib/python3.12/site-packages/airflow/example_dags/example_sla_dag.py
[2024-12-09T13:25:40.382+0000] {processor.py:925} INFO - DAG(s) 'example_sla_dag' retrieved from /home/airflow/.local/lib/python3.12/site-packages/airflow/example_dags/example_sla_dag.py
[2024-12-09T13:25:40.398+0000] {logging_mixin.py:190} INFO - [2024-12-09T13:25:40.398+0000] {dag.py:3239} INFO - Sync 1 DAGs
[2024-12-09T13:25:40.418+0000] {logging_mixin.py:190} INFO - [2024-12-09T13:25:40.418+0000] {dag.py:4180} INFO - Setting next_dagrun for example_sla_dag to 2024-12-09 13:22:00+00:00, run_after=2024-12-09 13:24:00+00:00
[2024-12-09T13:25:40.432+0000] {processor.py:208} INFO - Processing /home/airflow/.local/lib/python3.12/site-packages/airflow/example_dags/example_sla_dag.py took 0.064 seconds
[2024-12-09T13:26:13.628+0000] {processor.py:186} INFO - Started process (PID=1335) to work on /home/airflow/.local/lib/python3.12/site-packages/airflow/example_dags/example_sla_dag.py
[2024-12-09T13:26:13.629+0000] {processor.py:914} INFO - Processing file /home/airflow/.local/lib/python3.12/site-packages/airflow/example_dags/example_sla_dag.py for tasks to queue
[2024-12-09T13:26:13.631+0000] {logging_mixin.py:190} INFO - [2024-12-09T13:26:13.631+0000] {dagbag.py:588} INFO - Filling up the DagBag from /home/airflow/.local/lib/python3.12/site-packages/airflow/example_dags/example_sla_dag.py
[2024-12-09T13:26:13.640+0000] {processor.py:925} INFO - DAG(s) 'example_sla_dag' retrieved from /home/airflow/.local/lib/python3.12/site-packages/airflow/example_dags/example_sla_dag.py
[2024-12-09T13:26:13.657+0000] {logging_mixin.py:190} INFO - [2024-12-09T13:26:13.656+0000] {dag.py:3239} INFO - Sync 1 DAGs
[2024-12-09T13:26:13.682+0000] {logging_mixin.py:190} INFO - [2024-12-09T13:26:13.682+0000] {dag.py:4180} INFO - Setting next_dagrun for example_sla_dag to 2024-12-09 13:24:00+00:00, run_after=2024-12-09 13:26:00+00:00
[2024-12-09T13:26:13.701+0000] {processor.py:208} INFO - Processing /home/airflow/.local/lib/python3.12/site-packages/airflow/example_dags/example_sla_dag.py took 0.077 seconds
[2024-12-09T13:26:45.022+0000] {processor.py:186} INFO - Started process (PID=1388) to work on /home/airflow/.local/lib/python3.12/site-packages/airflow/example_dags/example_sla_dag.py
[2024-12-09T13:26:45.022+0000] {processor.py:914} INFO - Processing file /home/airflow/.local/lib/python3.12/site-packages/airflow/example_dags/example_sla_dag.py for tasks to queue
[2024-12-09T13:26:45.024+0000] {logging_mixin.py:190} INFO - [2024-12-09T13:26:45.024+0000] {dagbag.py:588} INFO - Filling up the DagBag from /home/airflow/.local/lib/python3.12/site-packages/airflow/example_dags/example_sla_dag.py
[2024-12-09T13:26:45.032+0000] {processor.py:925} INFO - DAG(s) 'example_sla_dag' retrieved from /home/airflow/.local/lib/python3.12/site-packages/airflow/example_dags/example_sla_dag.py
[2024-12-09T13:26:45.047+0000] {logging_mixin.py:190} INFO - [2024-12-09T13:26:45.046+0000] {dag.py:3239} INFO - Sync 1 DAGs
[2024-12-09T13:26:45.069+0000] {logging_mixin.py:190} INFO - [2024-12-09T13:26:45.068+0000] {dag.py:4180} INFO - Setting next_dagrun for example_sla_dag to 2024-12-09 13:24:00+00:00, run_after=2024-12-09 13:26:00+00:00
[2024-12-09T13:26:45.082+0000] {processor.py:208} INFO - Processing /home/airflow/.local/lib/python3.12/site-packages/airflow/example_dags/example_sla_dag.py took 0.065 seconds
[2024-12-09T13:27:18.022+0000] {processor.py:186} INFO - Started process (PID=1451) to work on /home/airflow/.local/lib/python3.12/site-packages/airflow/example_dags/example_sla_dag.py
[2024-12-09T13:27:18.023+0000] {processor.py:914} INFO - Processing file /home/airflow/.local/lib/python3.12/site-packages/airflow/example_dags/example_sla_dag.py for tasks to queue
[2024-12-09T13:27:18.025+0000] {logging_mixin.py:190} INFO - [2024-12-09T13:27:18.024+0000] {dagbag.py:588} INFO - Filling up the DagBag from /home/airflow/.local/lib/python3.12/site-packages/airflow/example_dags/example_sla_dag.py
[2024-12-09T13:27:18.033+0000] {processor.py:925} INFO - DAG(s) 'example_sla_dag' retrieved from /home/airflow/.local/lib/python3.12/site-packages/airflow/example_dags/example_sla_dag.py
[2024-12-09T13:27:18.048+0000] {logging_mixin.py:190} INFO - [2024-12-09T13:27:18.048+0000] {dag.py:3239} INFO - Sync 1 DAGs
[2024-12-09T13:27:18.067+0000] {logging_mixin.py:190} INFO - [2024-12-09T13:27:18.067+0000] {dag.py:4180} INFO - Setting next_dagrun for example_sla_dag to 2024-12-09 13:24:00+00:00, run_after=2024-12-09 13:26:00+00:00
[2024-12-09T13:27:18.081+0000] {processor.py:208} INFO - Processing /home/airflow/.local/lib/python3.12/site-packages/airflow/example_dags/example_sla_dag.py took 0.064 seconds
