[2024-12-09T13:15:50.380+0000] {processor.py:186} INFO - Started process (PID=119) to work on /home/airflow/.local/lib/python3.12/site-packages/airflow/example_dags/example_branch_labels.py
[2024-12-09T13:15:50.381+0000] {processor.py:914} INFO - Processing file /home/airflow/.local/lib/python3.12/site-packages/airflow/example_dags/example_branch_labels.py for tasks to queue
[2024-12-09T13:15:50.383+0000] {logging_mixin.py:190} INFO - [2024-12-09T13:15:50.383+0000] {dagbag.py:588} INFO - Filling up the DagBag from /home/airflow/.local/lib/python3.12/site-packages/airflow/example_dags/example_branch_labels.py
[2024-12-09T13:15:50.392+0000] {processor.py:925} INFO - DAG(s) 'example_branch_labels' retrieved from /home/airflow/.local/lib/python3.12/site-packages/airflow/example_dags/example_branch_labels.py
[2024-12-09T13:15:50.479+0000] {logging_mixin.py:190} INFO - [2024-12-09T13:15:50.478+0000] {override.py:1911} INFO - Created Permission View: can delete on DAG:example_branch_labels
[2024-12-09T13:15:50.489+0000] {logging_mixin.py:190} INFO - [2024-12-09T13:15:50.488+0000] {override.py:1911} INFO - Created Permission View: can edit on DAG:example_branch_labels
[2024-12-09T13:15:50.513+0000] {logging_mixin.py:190} INFO - [2024-12-09T13:15:50.513+0000] {override.py:1911} INFO - Created Permission View: can read on DAG:example_branch_labels
[2024-12-09T13:15:50.524+0000] {logging_mixin.py:190} INFO - [2024-12-09T13:15:50.524+0000] {override.py:1911} INFO - Created Permission View: menu access on DAG Run:example_branch_labels
[2024-12-09T13:15:50.533+0000] {logging_mixin.py:190} INFO - [2024-12-09T13:15:50.533+0000] {override.py:1911} INFO - Created Permission View: can create on DAG Run:example_branch_labels
[2024-12-09T13:15:50.540+0000] {logging_mixin.py:190} INFO - [2024-12-09T13:15:50.540+0000] {override.py:1911} INFO - Created Permission View: can delete on DAG Run:example_branch_labels
[2024-12-09T13:15:50.545+0000] {logging_mixin.py:190} INFO - [2024-12-09T13:15:50.545+0000] {override.py:1911} INFO - Created Permission View: can read on DAG Run:example_branch_labels
[2024-12-09T13:15:50.546+0000] {logging_mixin.py:190} INFO - [2024-12-09T13:15:50.546+0000] {dag.py:3239} INFO - Sync 1 DAGs
[2024-12-09T13:15:50.557+0000] {logging_mixin.py:190} INFO - [2024-12-09T13:15:50.557+0000] {dag.py:3262} INFO - Creating ORM DAG for example_branch_labels
[2024-12-09T13:15:50.566+0000] {logging_mixin.py:190} INFO - [2024-12-09T13:15:50.566+0000] {dag.py:4180} INFO - Setting next_dagrun for example_branch_labels to 2024-12-08 00:00:00+00:00, run_after=2024-12-09 00:00:00+00:00
[2024-12-09T13:15:50.578+0000] {processor.py:208} INFO - Processing /home/airflow/.local/lib/python3.12/site-packages/airflow/example_dags/example_branch_labels.py took 0.202 seconds
[2024-12-09T13:16:21.813+0000] {processor.py:186} INFO - Started process (PID=182) to work on /home/airflow/.local/lib/python3.12/site-packages/airflow/example_dags/example_branch_labels.py
[2024-12-09T13:16:21.814+0000] {processor.py:914} INFO - Processing file /home/airflow/.local/lib/python3.12/site-packages/airflow/example_dags/example_branch_labels.py for tasks to queue
[2024-12-09T13:16:21.816+0000] {logging_mixin.py:190} INFO - [2024-12-09T13:16:21.816+0000] {dagbag.py:588} INFO - Filling up the DagBag from /home/airflow/.local/lib/python3.12/site-packages/airflow/example_dags/example_branch_labels.py
[2024-12-09T13:16:21.824+0000] {processor.py:925} INFO - DAG(s) 'example_branch_labels' retrieved from /home/airflow/.local/lib/python3.12/site-packages/airflow/example_dags/example_branch_labels.py
[2024-12-09T13:16:21.841+0000] {logging_mixin.py:190} INFO - [2024-12-09T13:16:21.840+0000] {dag.py:3239} INFO - Sync 1 DAGs
[2024-12-09T13:16:21.861+0000] {logging_mixin.py:190} INFO - [2024-12-09T13:16:21.861+0000] {dag.py:4180} INFO - Setting next_dagrun for example_branch_labels to 2024-12-08 00:00:00+00:00, run_after=2024-12-09 00:00:00+00:00
[2024-12-09T13:16:21.875+0000] {processor.py:208} INFO - Processing /home/airflow/.local/lib/python3.12/site-packages/airflow/example_dags/example_branch_labels.py took 0.066 seconds
[2024-12-09T13:16:54.845+0000] {processor.py:186} INFO - Started process (PID=245) to work on /home/airflow/.local/lib/python3.12/site-packages/airflow/example_dags/example_branch_labels.py
[2024-12-09T13:16:54.846+0000] {processor.py:914} INFO - Processing file /home/airflow/.local/lib/python3.12/site-packages/airflow/example_dags/example_branch_labels.py for tasks to queue
[2024-12-09T13:16:54.848+0000] {logging_mixin.py:190} INFO - [2024-12-09T13:16:54.847+0000] {dagbag.py:588} INFO - Filling up the DagBag from /home/airflow/.local/lib/python3.12/site-packages/airflow/example_dags/example_branch_labels.py
[2024-12-09T13:16:54.855+0000] {processor.py:925} INFO - DAG(s) 'example_branch_labels' retrieved from /home/airflow/.local/lib/python3.12/site-packages/airflow/example_dags/example_branch_labels.py
[2024-12-09T13:16:54.875+0000] {logging_mixin.py:190} INFO - [2024-12-09T13:16:54.875+0000] {dag.py:3239} INFO - Sync 1 DAGs
[2024-12-09T13:16:54.899+0000] {logging_mixin.py:190} INFO - [2024-12-09T13:16:54.899+0000] {dag.py:4180} INFO - Setting next_dagrun for example_branch_labels to 2024-12-08 00:00:00+00:00, run_after=2024-12-09 00:00:00+00:00
[2024-12-09T13:16:54.916+0000] {processor.py:208} INFO - Processing /home/airflow/.local/lib/python3.12/site-packages/airflow/example_dags/example_branch_labels.py took 0.076 seconds
[2024-12-09T13:17:27.791+0000] {processor.py:186} INFO - Started process (PID=308) to work on /home/airflow/.local/lib/python3.12/site-packages/airflow/example_dags/example_branch_labels.py
[2024-12-09T13:17:27.792+0000] {processor.py:914} INFO - Processing file /home/airflow/.local/lib/python3.12/site-packages/airflow/example_dags/example_branch_labels.py for tasks to queue
[2024-12-09T13:17:27.794+0000] {logging_mixin.py:190} INFO - [2024-12-09T13:17:27.794+0000] {dagbag.py:588} INFO - Filling up the DagBag from /home/airflow/.local/lib/python3.12/site-packages/airflow/example_dags/example_branch_labels.py
[2024-12-09T13:17:27.802+0000] {processor.py:925} INFO - DAG(s) 'example_branch_labels' retrieved from /home/airflow/.local/lib/python3.12/site-packages/airflow/example_dags/example_branch_labels.py
[2024-12-09T13:17:27.819+0000] {logging_mixin.py:190} INFO - [2024-12-09T13:17:27.819+0000] {dag.py:3239} INFO - Sync 1 DAGs
[2024-12-09T13:17:27.839+0000] {logging_mixin.py:190} INFO - [2024-12-09T13:17:27.839+0000] {dag.py:4180} INFO - Setting next_dagrun for example_branch_labels to 2024-12-08 00:00:00+00:00, run_after=2024-12-09 00:00:00+00:00
[2024-12-09T13:17:27.853+0000] {processor.py:208} INFO - Processing /home/airflow/.local/lib/python3.12/site-packages/airflow/example_dags/example_branch_labels.py took 0.066 seconds
[2024-12-09T13:18:00.004+0000] {processor.py:186} INFO - Started process (PID=371) to work on /home/airflow/.local/lib/python3.12/site-packages/airflow/example_dags/example_branch_labels.py
[2024-12-09T13:18:00.004+0000] {processor.py:914} INFO - Processing file /home/airflow/.local/lib/python3.12/site-packages/airflow/example_dags/example_branch_labels.py for tasks to queue
[2024-12-09T13:18:00.006+0000] {logging_mixin.py:190} INFO - [2024-12-09T13:18:00.006+0000] {dagbag.py:588} INFO - Filling up the DagBag from /home/airflow/.local/lib/python3.12/site-packages/airflow/example_dags/example_branch_labels.py
[2024-12-09T13:18:00.014+0000] {processor.py:925} INFO - DAG(s) 'example_branch_labels' retrieved from /home/airflow/.local/lib/python3.12/site-packages/airflow/example_dags/example_branch_labels.py
[2024-12-09T13:18:00.031+0000] {logging_mixin.py:190} INFO - [2024-12-09T13:18:00.031+0000] {dag.py:3239} INFO - Sync 1 DAGs
[2024-12-09T13:18:00.050+0000] {logging_mixin.py:190} INFO - [2024-12-09T13:18:00.050+0000] {dag.py:4180} INFO - Setting next_dagrun for example_branch_labels to 2024-12-08 00:00:00+00:00, run_after=2024-12-09 00:00:00+00:00
[2024-12-09T13:18:00.064+0000] {processor.py:208} INFO - Processing /home/airflow/.local/lib/python3.12/site-packages/airflow/example_dags/example_branch_labels.py took 0.065 seconds
[2024-12-09T13:18:33.018+0000] {processor.py:186} INFO - Started process (PID=434) to work on /home/airflow/.local/lib/python3.12/site-packages/airflow/example_dags/example_branch_labels.py
[2024-12-09T13:18:33.019+0000] {processor.py:914} INFO - Processing file /home/airflow/.local/lib/python3.12/site-packages/airflow/example_dags/example_branch_labels.py for tasks to queue
[2024-12-09T13:18:33.021+0000] {logging_mixin.py:190} INFO - [2024-12-09T13:18:33.021+0000] {dagbag.py:588} INFO - Filling up the DagBag from /home/airflow/.local/lib/python3.12/site-packages/airflow/example_dags/example_branch_labels.py
[2024-12-09T13:18:33.031+0000] {processor.py:925} INFO - DAG(s) 'example_branch_labels' retrieved from /home/airflow/.local/lib/python3.12/site-packages/airflow/example_dags/example_branch_labels.py
[2024-12-09T13:18:33.054+0000] {logging_mixin.py:190} INFO - [2024-12-09T13:18:33.053+0000] {dag.py:3239} INFO - Sync 1 DAGs
[2024-12-09T13:18:33.078+0000] {logging_mixin.py:190} INFO - [2024-12-09T13:18:33.077+0000] {dag.py:4180} INFO - Setting next_dagrun for example_branch_labels to 2024-12-08 00:00:00+00:00, run_after=2024-12-09 00:00:00+00:00
[2024-12-09T13:18:33.096+0000] {processor.py:208} INFO - Processing /home/airflow/.local/lib/python3.12/site-packages/airflow/example_dags/example_branch_labels.py took 0.083 seconds
[2024-12-09T13:19:05.865+0000] {processor.py:186} INFO - Started process (PID=497) to work on /home/airflow/.local/lib/python3.12/site-packages/airflow/example_dags/example_branch_labels.py
[2024-12-09T13:19:05.866+0000] {processor.py:914} INFO - Processing file /home/airflow/.local/lib/python3.12/site-packages/airflow/example_dags/example_branch_labels.py for tasks to queue
[2024-12-09T13:19:05.868+0000] {logging_mixin.py:190} INFO - [2024-12-09T13:19:05.867+0000] {dagbag.py:588} INFO - Filling up the DagBag from /home/airflow/.local/lib/python3.12/site-packages/airflow/example_dags/example_branch_labels.py
[2024-12-09T13:19:05.877+0000] {processor.py:925} INFO - DAG(s) 'example_branch_labels' retrieved from /home/airflow/.local/lib/python3.12/site-packages/airflow/example_dags/example_branch_labels.py
[2024-12-09T13:19:05.895+0000] {logging_mixin.py:190} INFO - [2024-12-09T13:19:05.894+0000] {dag.py:3239} INFO - Sync 1 DAGs
[2024-12-09T13:19:05.916+0000] {logging_mixin.py:190} INFO - [2024-12-09T13:19:05.916+0000] {dag.py:4180} INFO - Setting next_dagrun for example_branch_labels to 2024-12-08 00:00:00+00:00, run_after=2024-12-09 00:00:00+00:00
[2024-12-09T13:19:05.936+0000] {processor.py:208} INFO - Processing /home/airflow/.local/lib/python3.12/site-packages/airflow/example_dags/example_branch_labels.py took 0.077 seconds
[2024-12-09T13:19:38.908+0000] {processor.py:186} INFO - Started process (PID=560) to work on /home/airflow/.local/lib/python3.12/site-packages/airflow/example_dags/example_branch_labels.py
[2024-12-09T13:19:38.909+0000] {processor.py:914} INFO - Processing file /home/airflow/.local/lib/python3.12/site-packages/airflow/example_dags/example_branch_labels.py for tasks to queue
[2024-12-09T13:19:38.911+0000] {logging_mixin.py:190} INFO - [2024-12-09T13:19:38.910+0000] {dagbag.py:588} INFO - Filling up the DagBag from /home/airflow/.local/lib/python3.12/site-packages/airflow/example_dags/example_branch_labels.py
[2024-12-09T13:19:38.918+0000] {processor.py:925} INFO - DAG(s) 'example_branch_labels' retrieved from /home/airflow/.local/lib/python3.12/site-packages/airflow/example_dags/example_branch_labels.py
[2024-12-09T13:19:38.935+0000] {logging_mixin.py:190} INFO - [2024-12-09T13:19:38.935+0000] {dag.py:3239} INFO - Sync 1 DAGs
[2024-12-09T13:19:38.957+0000] {logging_mixin.py:190} INFO - [2024-12-09T13:19:38.957+0000] {dag.py:4180} INFO - Setting next_dagrun for example_branch_labels to 2024-12-08 00:00:00+00:00, run_after=2024-12-09 00:00:00+00:00
[2024-12-09T13:19:38.972+0000] {processor.py:208} INFO - Processing /home/airflow/.local/lib/python3.12/site-packages/airflow/example_dags/example_branch_labels.py took 0.069 seconds
[2024-12-09T13:20:11.357+0000] {processor.py:186} INFO - Started process (PID=623) to work on /home/airflow/.local/lib/python3.12/site-packages/airflow/example_dags/example_branch_labels.py
[2024-12-09T13:20:11.358+0000] {processor.py:914} INFO - Processing file /home/airflow/.local/lib/python3.12/site-packages/airflow/example_dags/example_branch_labels.py for tasks to queue
[2024-12-09T13:20:11.360+0000] {logging_mixin.py:190} INFO - [2024-12-09T13:20:11.359+0000] {dagbag.py:588} INFO - Filling up the DagBag from /home/airflow/.local/lib/python3.12/site-packages/airflow/example_dags/example_branch_labels.py
[2024-12-09T13:20:11.368+0000] {processor.py:925} INFO - DAG(s) 'example_branch_labels' retrieved from /home/airflow/.local/lib/python3.12/site-packages/airflow/example_dags/example_branch_labels.py
[2024-12-09T13:20:11.385+0000] {logging_mixin.py:190} INFO - [2024-12-09T13:20:11.385+0000] {dag.py:3239} INFO - Sync 1 DAGs
[2024-12-09T13:20:11.405+0000] {logging_mixin.py:190} INFO - [2024-12-09T13:20:11.404+0000] {dag.py:4180} INFO - Setting next_dagrun for example_branch_labels to 2024-12-08 00:00:00+00:00, run_after=2024-12-09 00:00:00+00:00
[2024-12-09T13:20:11.420+0000] {processor.py:208} INFO - Processing /home/airflow/.local/lib/python3.12/site-packages/airflow/example_dags/example_branch_labels.py took 0.067 seconds
[2024-12-09T13:20:44.216+0000] {processor.py:186} INFO - Started process (PID=686) to work on /home/airflow/.local/lib/python3.12/site-packages/airflow/example_dags/example_branch_labels.py
[2024-12-09T13:20:44.216+0000] {processor.py:914} INFO - Processing file /home/airflow/.local/lib/python3.12/site-packages/airflow/example_dags/example_branch_labels.py for tasks to queue
[2024-12-09T13:20:44.218+0000] {logging_mixin.py:190} INFO - [2024-12-09T13:20:44.218+0000] {dagbag.py:588} INFO - Filling up the DagBag from /home/airflow/.local/lib/python3.12/site-packages/airflow/example_dags/example_branch_labels.py
[2024-12-09T13:20:44.226+0000] {processor.py:925} INFO - DAG(s) 'example_branch_labels' retrieved from /home/airflow/.local/lib/python3.12/site-packages/airflow/example_dags/example_branch_labels.py
[2024-12-09T13:20:44.247+0000] {logging_mixin.py:190} INFO - [2024-12-09T13:20:44.247+0000] {dag.py:3239} INFO - Sync 1 DAGs
[2024-12-09T13:20:44.267+0000] {logging_mixin.py:190} INFO - [2024-12-09T13:20:44.267+0000] {dag.py:4180} INFO - Setting next_dagrun for example_branch_labels to 2024-12-08 00:00:00+00:00, run_after=2024-12-09 00:00:00+00:00
[2024-12-09T13:20:44.283+0000] {processor.py:208} INFO - Processing /home/airflow/.local/lib/python3.12/site-packages/airflow/example_dags/example_branch_labels.py took 0.071 seconds
[2024-12-09T13:21:16.570+0000] {processor.py:186} INFO - Started process (PID=749) to work on /home/airflow/.local/lib/python3.12/site-packages/airflow/example_dags/example_branch_labels.py
[2024-12-09T13:21:16.570+0000] {processor.py:914} INFO - Processing file /home/airflow/.local/lib/python3.12/site-packages/airflow/example_dags/example_branch_labels.py for tasks to queue
[2024-12-09T13:21:16.572+0000] {logging_mixin.py:190} INFO - [2024-12-09T13:21:16.572+0000] {dagbag.py:588} INFO - Filling up the DagBag from /home/airflow/.local/lib/python3.12/site-packages/airflow/example_dags/example_branch_labels.py
[2024-12-09T13:21:16.580+0000] {processor.py:925} INFO - DAG(s) 'example_branch_labels' retrieved from /home/airflow/.local/lib/python3.12/site-packages/airflow/example_dags/example_branch_labels.py
[2024-12-09T13:21:16.597+0000] {logging_mixin.py:190} INFO - [2024-12-09T13:21:16.597+0000] {dag.py:3239} INFO - Sync 1 DAGs
[2024-12-09T13:21:16.616+0000] {logging_mixin.py:190} INFO - [2024-12-09T13:21:16.616+0000] {dag.py:4180} INFO - Setting next_dagrun for example_branch_labels to 2024-12-08 00:00:00+00:00, run_after=2024-12-09 00:00:00+00:00
[2024-12-09T13:21:16.631+0000] {processor.py:208} INFO - Processing /home/airflow/.local/lib/python3.12/site-packages/airflow/example_dags/example_branch_labels.py took 0.066 seconds
[2024-12-09T13:21:49.883+0000] {processor.py:186} INFO - Started process (PID=814) to work on /home/airflow/.local/lib/python3.12/site-packages/airflow/example_dags/example_branch_labels.py
[2024-12-09T13:21:49.884+0000] {processor.py:914} INFO - Processing file /home/airflow/.local/lib/python3.12/site-packages/airflow/example_dags/example_branch_labels.py for tasks to queue
[2024-12-09T13:21:49.886+0000] {logging_mixin.py:190} INFO - [2024-12-09T13:21:49.885+0000] {dagbag.py:588} INFO - Filling up the DagBag from /home/airflow/.local/lib/python3.12/site-packages/airflow/example_dags/example_branch_labels.py
[2024-12-09T13:21:49.896+0000] {processor.py:925} INFO - DAG(s) 'example_branch_labels' retrieved from /home/airflow/.local/lib/python3.12/site-packages/airflow/example_dags/example_branch_labels.py
[2024-12-09T13:21:49.915+0000] {logging_mixin.py:190} INFO - [2024-12-09T13:21:49.914+0000] {dag.py:3239} INFO - Sync 1 DAGs
[2024-12-09T13:21:49.934+0000] {logging_mixin.py:190} INFO - [2024-12-09T13:21:49.934+0000] {dag.py:4180} INFO - Setting next_dagrun for example_branch_labels to 2024-12-08 00:00:00+00:00, run_after=2024-12-09 00:00:00+00:00
[2024-12-09T13:21:49.949+0000] {processor.py:208} INFO - Processing /home/airflow/.local/lib/python3.12/site-packages/airflow/example_dags/example_branch_labels.py took 0.071 seconds
[2024-12-09T13:22:23.143+0000] {processor.py:186} INFO - Started process (PID=886) to work on /home/airflow/.local/lib/python3.12/site-packages/airflow/example_dags/example_branch_labels.py
[2024-12-09T13:22:23.144+0000] {processor.py:914} INFO - Processing file /home/airflow/.local/lib/python3.12/site-packages/airflow/example_dags/example_branch_labels.py for tasks to queue
[2024-12-09T13:22:23.147+0000] {logging_mixin.py:190} INFO - [2024-12-09T13:22:23.146+0000] {dagbag.py:588} INFO - Filling up the DagBag from /home/airflow/.local/lib/python3.12/site-packages/airflow/example_dags/example_branch_labels.py
[2024-12-09T13:22:23.156+0000] {processor.py:925} INFO - DAG(s) 'example_branch_labels' retrieved from /home/airflow/.local/lib/python3.12/site-packages/airflow/example_dags/example_branch_labels.py
[2024-12-09T13:22:23.178+0000] {logging_mixin.py:190} INFO - [2024-12-09T13:22:23.178+0000] {dag.py:3239} INFO - Sync 1 DAGs
[2024-12-09T13:22:23.201+0000] {logging_mixin.py:190} INFO - [2024-12-09T13:22:23.200+0000] {dag.py:4180} INFO - Setting next_dagrun for example_branch_labels to 2024-12-08 00:00:00+00:00, run_after=2024-12-09 00:00:00+00:00
[2024-12-09T13:22:23.216+0000] {processor.py:208} INFO - Processing /home/airflow/.local/lib/python3.12/site-packages/airflow/example_dags/example_branch_labels.py took 0.078 seconds
[2024-12-09T13:22:55.222+0000] {processor.py:186} INFO - Started process (PID=949) to work on /home/airflow/.local/lib/python3.12/site-packages/airflow/example_dags/example_branch_labels.py
[2024-12-09T13:22:55.223+0000] {processor.py:914} INFO - Processing file /home/airflow/.local/lib/python3.12/site-packages/airflow/example_dags/example_branch_labels.py for tasks to queue
[2024-12-09T13:22:55.225+0000] {logging_mixin.py:190} INFO - [2024-12-09T13:22:55.224+0000] {dagbag.py:588} INFO - Filling up the DagBag from /home/airflow/.local/lib/python3.12/site-packages/airflow/example_dags/example_branch_labels.py
[2024-12-09T13:22:55.232+0000] {processor.py:925} INFO - DAG(s) 'example_branch_labels' retrieved from /home/airflow/.local/lib/python3.12/site-packages/airflow/example_dags/example_branch_labels.py
[2024-12-09T13:22:55.249+0000] {logging_mixin.py:190} INFO - [2024-12-09T13:22:55.248+0000] {dag.py:3239} INFO - Sync 1 DAGs
[2024-12-09T13:22:55.270+0000] {logging_mixin.py:190} INFO - [2024-12-09T13:22:55.270+0000] {dag.py:4180} INFO - Setting next_dagrun for example_branch_labels to 2024-12-08 00:00:00+00:00, run_after=2024-12-09 00:00:00+00:00
[2024-12-09T13:22:55.286+0000] {processor.py:208} INFO - Processing /home/airflow/.local/lib/python3.12/site-packages/airflow/example_dags/example_branch_labels.py took 0.069 seconds
[2024-12-09T13:23:28.069+0000] {processor.py:186} INFO - Started process (PID=1012) to work on /home/airflow/.local/lib/python3.12/site-packages/airflow/example_dags/example_branch_labels.py
[2024-12-09T13:23:28.070+0000] {processor.py:914} INFO - Processing file /home/airflow/.local/lib/python3.12/site-packages/airflow/example_dags/example_branch_labels.py for tasks to queue
[2024-12-09T13:23:28.072+0000] {logging_mixin.py:190} INFO - [2024-12-09T13:23:28.071+0000] {dagbag.py:588} INFO - Filling up the DagBag from /home/airflow/.local/lib/python3.12/site-packages/airflow/example_dags/example_branch_labels.py
[2024-12-09T13:23:28.079+0000] {processor.py:925} INFO - DAG(s) 'example_branch_labels' retrieved from /home/airflow/.local/lib/python3.12/site-packages/airflow/example_dags/example_branch_labels.py
[2024-12-09T13:23:28.099+0000] {logging_mixin.py:190} INFO - [2024-12-09T13:23:28.099+0000] {dag.py:3239} INFO - Sync 1 DAGs
[2024-12-09T13:23:28.123+0000] {logging_mixin.py:190} INFO - [2024-12-09T13:23:28.123+0000] {dag.py:4180} INFO - Setting next_dagrun for example_branch_labels to 2024-12-08 00:00:00+00:00, run_after=2024-12-09 00:00:00+00:00
[2024-12-09T13:23:28.140+0000] {processor.py:208} INFO - Processing /home/airflow/.local/lib/python3.12/site-packages/airflow/example_dags/example_branch_labels.py took 0.075 seconds
[2024-12-09T13:24:00.739+0000] {processor.py:186} INFO - Started process (PID=1075) to work on /home/airflow/.local/lib/python3.12/site-packages/airflow/example_dags/example_branch_labels.py
[2024-12-09T13:24:00.740+0000] {processor.py:914} INFO - Processing file /home/airflow/.local/lib/python3.12/site-packages/airflow/example_dags/example_branch_labels.py for tasks to queue
[2024-12-09T13:24:00.742+0000] {logging_mixin.py:190} INFO - [2024-12-09T13:24:00.741+0000] {dagbag.py:588} INFO - Filling up the DagBag from /home/airflow/.local/lib/python3.12/site-packages/airflow/example_dags/example_branch_labels.py
[2024-12-09T13:24:00.750+0000] {processor.py:925} INFO - DAG(s) 'example_branch_labels' retrieved from /home/airflow/.local/lib/python3.12/site-packages/airflow/example_dags/example_branch_labels.py
[2024-12-09T13:24:00.767+0000] {logging_mixin.py:190} INFO - [2024-12-09T13:24:00.767+0000] {dag.py:3239} INFO - Sync 1 DAGs
[2024-12-09T13:24:00.787+0000] {logging_mixin.py:190} INFO - [2024-12-09T13:24:00.787+0000] {dag.py:4180} INFO - Setting next_dagrun for example_branch_labels to 2024-12-08 00:00:00+00:00, run_after=2024-12-09 00:00:00+00:00
[2024-12-09T13:24:00.802+0000] {processor.py:208} INFO - Processing /home/airflow/.local/lib/python3.12/site-packages/airflow/example_dags/example_branch_labels.py took 0.068 seconds
[2024-12-09T13:24:34.219+0000] {processor.py:186} INFO - Started process (PID=1138) to work on /home/airflow/.local/lib/python3.12/site-packages/airflow/example_dags/example_branch_labels.py
[2024-12-09T13:24:34.220+0000] {processor.py:914} INFO - Processing file /home/airflow/.local/lib/python3.12/site-packages/airflow/example_dags/example_branch_labels.py for tasks to queue
[2024-12-09T13:24:34.222+0000] {logging_mixin.py:190} INFO - [2024-12-09T13:24:34.222+0000] {dagbag.py:588} INFO - Filling up the DagBag from /home/airflow/.local/lib/python3.12/site-packages/airflow/example_dags/example_branch_labels.py
[2024-12-09T13:24:34.230+0000] {processor.py:925} INFO - DAG(s) 'example_branch_labels' retrieved from /home/airflow/.local/lib/python3.12/site-packages/airflow/example_dags/example_branch_labels.py
[2024-12-09T13:24:34.247+0000] {logging_mixin.py:190} INFO - [2024-12-09T13:24:34.246+0000] {dag.py:3239} INFO - Sync 1 DAGs
[2024-12-09T13:24:34.265+0000] {logging_mixin.py:190} INFO - [2024-12-09T13:24:34.265+0000] {dag.py:4180} INFO - Setting next_dagrun for example_branch_labels to 2024-12-08 00:00:00+00:00, run_after=2024-12-09 00:00:00+00:00
[2024-12-09T13:24:34.279+0000] {processor.py:208} INFO - Processing /home/airflow/.local/lib/python3.12/site-packages/airflow/example_dags/example_branch_labels.py took 0.064 seconds
[2024-12-09T13:25:06.383+0000] {processor.py:186} INFO - Started process (PID=1201) to work on /home/airflow/.local/lib/python3.12/site-packages/airflow/example_dags/example_branch_labels.py
[2024-12-09T13:25:06.384+0000] {processor.py:914} INFO - Processing file /home/airflow/.local/lib/python3.12/site-packages/airflow/example_dags/example_branch_labels.py for tasks to queue
[2024-12-09T13:25:06.386+0000] {logging_mixin.py:190} INFO - [2024-12-09T13:25:06.385+0000] {dagbag.py:588} INFO - Filling up the DagBag from /home/airflow/.local/lib/python3.12/site-packages/airflow/example_dags/example_branch_labels.py
[2024-12-09T13:25:06.393+0000] {processor.py:925} INFO - DAG(s) 'example_branch_labels' retrieved from /home/airflow/.local/lib/python3.12/site-packages/airflow/example_dags/example_branch_labels.py
[2024-12-09T13:25:06.411+0000] {logging_mixin.py:190} INFO - [2024-12-09T13:25:06.410+0000] {dag.py:3239} INFO - Sync 1 DAGs
[2024-12-09T13:25:06.430+0000] {logging_mixin.py:190} INFO - [2024-12-09T13:25:06.430+0000] {dag.py:4180} INFO - Setting next_dagrun for example_branch_labels to 2024-12-08 00:00:00+00:00, run_after=2024-12-09 00:00:00+00:00
[2024-12-09T13:25:06.444+0000] {processor.py:208} INFO - Processing /home/airflow/.local/lib/python3.12/site-packages/airflow/example_dags/example_branch_labels.py took 0.065 seconds
[2024-12-09T13:25:38.910+0000] {processor.py:186} INFO - Started process (PID=1264) to work on /home/airflow/.local/lib/python3.12/site-packages/airflow/example_dags/example_branch_labels.py
[2024-12-09T13:25:38.910+0000] {processor.py:914} INFO - Processing file /home/airflow/.local/lib/python3.12/site-packages/airflow/example_dags/example_branch_labels.py for tasks to queue
[2024-12-09T13:25:38.912+0000] {logging_mixin.py:190} INFO - [2024-12-09T13:25:38.912+0000] {dagbag.py:588} INFO - Filling up the DagBag from /home/airflow/.local/lib/python3.12/site-packages/airflow/example_dags/example_branch_labels.py
[2024-12-09T13:25:38.920+0000] {processor.py:925} INFO - DAG(s) 'example_branch_labels' retrieved from /home/airflow/.local/lib/python3.12/site-packages/airflow/example_dags/example_branch_labels.py
[2024-12-09T13:25:38.938+0000] {logging_mixin.py:190} INFO - [2024-12-09T13:25:38.938+0000] {dag.py:3239} INFO - Sync 1 DAGs
[2024-12-09T13:25:38.960+0000] {logging_mixin.py:190} INFO - [2024-12-09T13:25:38.959+0000] {dag.py:4180} INFO - Setting next_dagrun for example_branch_labels to 2024-12-08 00:00:00+00:00, run_after=2024-12-09 00:00:00+00:00
[2024-12-09T13:25:38.975+0000] {processor.py:208} INFO - Processing /home/airflow/.local/lib/python3.12/site-packages/airflow/example_dags/example_branch_labels.py took 0.071 seconds
[2024-12-09T13:26:12.878+0000] {processor.py:186} INFO - Started process (PID=1331) to work on /home/airflow/.local/lib/python3.12/site-packages/airflow/example_dags/example_branch_labels.py
[2024-12-09T13:26:12.879+0000] {processor.py:914} INFO - Processing file /home/airflow/.local/lib/python3.12/site-packages/airflow/example_dags/example_branch_labels.py for tasks to queue
[2024-12-09T13:26:12.880+0000] {logging_mixin.py:190} INFO - [2024-12-09T13:26:12.880+0000] {dagbag.py:588} INFO - Filling up the DagBag from /home/airflow/.local/lib/python3.12/site-packages/airflow/example_dags/example_branch_labels.py
[2024-12-09T13:26:12.888+0000] {processor.py:925} INFO - DAG(s) 'example_branch_labels' retrieved from /home/airflow/.local/lib/python3.12/site-packages/airflow/example_dags/example_branch_labels.py
[2024-12-09T13:26:12.905+0000] {logging_mixin.py:190} INFO - [2024-12-09T13:26:12.905+0000] {dag.py:3239} INFO - Sync 1 DAGs
[2024-12-09T13:26:12.928+0000] {logging_mixin.py:190} INFO - [2024-12-09T13:26:12.928+0000] {dag.py:4180} INFO - Setting next_dagrun for example_branch_labels to 2024-12-08 00:00:00+00:00, run_after=2024-12-09 00:00:00+00:00
[2024-12-09T13:26:12.941+0000] {processor.py:208} INFO - Processing /home/airflow/.local/lib/python3.12/site-packages/airflow/example_dags/example_branch_labels.py took 0.068 seconds
[2024-12-09T13:26:45.706+0000] {processor.py:186} INFO - Started process (PID=1402) to work on /home/airflow/.local/lib/python3.12/site-packages/airflow/example_dags/example_branch_labels.py
[2024-12-09T13:26:45.707+0000] {processor.py:914} INFO - Processing file /home/airflow/.local/lib/python3.12/site-packages/airflow/example_dags/example_branch_labels.py for tasks to queue
[2024-12-09T13:26:45.709+0000] {logging_mixin.py:190} INFO - [2024-12-09T13:26:45.708+0000] {dagbag.py:588} INFO - Filling up the DagBag from /home/airflow/.local/lib/python3.12/site-packages/airflow/example_dags/example_branch_labels.py
[2024-12-09T13:26:45.717+0000] {processor.py:925} INFO - DAG(s) 'example_branch_labels' retrieved from /home/airflow/.local/lib/python3.12/site-packages/airflow/example_dags/example_branch_labels.py
[2024-12-09T13:26:45.734+0000] {logging_mixin.py:190} INFO - [2024-12-09T13:26:45.733+0000] {dag.py:3239} INFO - Sync 1 DAGs
[2024-12-09T13:26:45.753+0000] {logging_mixin.py:190} INFO - [2024-12-09T13:26:45.752+0000] {dag.py:4180} INFO - Setting next_dagrun for example_branch_labels to 2024-12-08 00:00:00+00:00, run_after=2024-12-09 00:00:00+00:00
[2024-12-09T13:26:45.766+0000] {processor.py:208} INFO - Processing /home/airflow/.local/lib/python3.12/site-packages/airflow/example_dags/example_branch_labels.py took 0.065 seconds
[2024-12-09T13:27:18.979+0000] {processor.py:186} INFO - Started process (PID=1466) to work on /home/airflow/.local/lib/python3.12/site-packages/airflow/example_dags/example_branch_labels.py
[2024-12-09T13:27:18.980+0000] {processor.py:914} INFO - Processing file /home/airflow/.local/lib/python3.12/site-packages/airflow/example_dags/example_branch_labels.py for tasks to queue
[2024-12-09T13:27:18.982+0000] {logging_mixin.py:190} INFO - [2024-12-09T13:27:18.982+0000] {dagbag.py:588} INFO - Filling up the DagBag from /home/airflow/.local/lib/python3.12/site-packages/airflow/example_dags/example_branch_labels.py
[2024-12-09T13:27:18.992+0000] {processor.py:925} INFO - DAG(s) 'example_branch_labels' retrieved from /home/airflow/.local/lib/python3.12/site-packages/airflow/example_dags/example_branch_labels.py
[2024-12-09T13:27:19.012+0000] {logging_mixin.py:190} INFO - [2024-12-09T13:27:19.012+0000] {dag.py:3239} INFO - Sync 1 DAGs
[2024-12-09T13:27:19.035+0000] {logging_mixin.py:190} INFO - [2024-12-09T13:27:19.035+0000] {dag.py:4180} INFO - Setting next_dagrun for example_branch_labels to 2024-12-08 00:00:00+00:00, run_after=2024-12-09 00:00:00+00:00
[2024-12-09T13:27:19.051+0000] {processor.py:208} INFO - Processing /home/airflow/.local/lib/python3.12/site-packages/airflow/example_dags/example_branch_labels.py took 0.078 seconds
