[2024-12-09T13:15:39.903+0000] {processor.py:186} INFO - Started process (PID=72) to work on /home/airflow/.local/lib/python3.12/site-packages/airflow/example_dags/example_skip_dag.py
[2024-12-09T13:15:39.904+0000] {processor.py:914} INFO - Processing file /home/airflow/.local/lib/python3.12/site-packages/airflow/example_dags/example_skip_dag.py for tasks to queue
[2024-12-09T13:15:39.906+0000] {logging_mixin.py:190} INFO - [2024-12-09T13:15:39.906+0000] {dagbag.py:588} INFO - Filling up the DagBag from /home/airflow/.local/lib/python3.12/site-packages/airflow/example_dags/example_skip_dag.py
[2024-12-09T13:15:39.913+0000] {processor.py:925} INFO - DAG(s) 'example_skip_dag' retrieved from /home/airflow/.local/lib/python3.12/site-packages/airflow/example_dags/example_skip_dag.py
[2024-12-09T13:15:40.005+0000] {logging_mixin.py:190} INFO - [2024-12-09T13:15:40.005+0000] {override.py:1911} INFO - Created Permission View: can delete on DAG:example_skip_dag
[2024-12-09T13:15:40.013+0000] {logging_mixin.py:190} INFO - [2024-12-09T13:15:40.013+0000] {override.py:1911} INFO - Created Permission View: can edit on DAG:example_skip_dag
[2024-12-09T13:15:40.019+0000] {logging_mixin.py:190} INFO - [2024-12-09T13:15:40.018+0000] {override.py:1911} INFO - Created Permission View: can read on DAG:example_skip_dag
[2024-12-09T13:15:40.025+0000] {logging_mixin.py:190} INFO - [2024-12-09T13:15:40.024+0000] {override.py:1911} INFO - Created Permission View: menu access on DAG Run:example_skip_dag
[2024-12-09T13:15:40.030+0000] {logging_mixin.py:190} INFO - [2024-12-09T13:15:40.030+0000] {override.py:1911} INFO - Created Permission View: can create on DAG Run:example_skip_dag
[2024-12-09T13:15:40.035+0000] {logging_mixin.py:190} INFO - [2024-12-09T13:15:40.035+0000] {override.py:1911} INFO - Created Permission View: can delete on DAG Run:example_skip_dag
[2024-12-09T13:15:40.041+0000] {logging_mixin.py:190} INFO - [2024-12-09T13:15:40.040+0000] {override.py:1911} INFO - Created Permission View: can read on DAG Run:example_skip_dag
[2024-12-09T13:15:40.041+0000] {logging_mixin.py:190} INFO - [2024-12-09T13:15:40.041+0000] {dag.py:3239} INFO - Sync 1 DAGs
[2024-12-09T13:15:40.052+0000] {logging_mixin.py:190} INFO - [2024-12-09T13:15:40.051+0000] {dag.py:3262} INFO - Creating ORM DAG for example_skip_dag
[2024-12-09T13:15:40.062+0000] {logging_mixin.py:190} INFO - [2024-12-09T13:15:40.061+0000] {dag.py:4180} INFO - Setting next_dagrun for example_skip_dag to 2024-12-08 00:00:00+00:00, run_after=2024-12-09 00:00:00+00:00
[2024-12-09T13:15:40.076+0000] {processor.py:208} INFO - Processing /home/airflow/.local/lib/python3.12/site-packages/airflow/example_dags/example_skip_dag.py took 0.178 seconds
[2024-12-09T13:16:10.557+0000] {processor.py:186} INFO - Started process (PID=135) to work on /home/airflow/.local/lib/python3.12/site-packages/airflow/example_dags/example_skip_dag.py
[2024-12-09T13:16:10.559+0000] {processor.py:914} INFO - Processing file /home/airflow/.local/lib/python3.12/site-packages/airflow/example_dags/example_skip_dag.py for tasks to queue
[2024-12-09T13:16:10.562+0000] {logging_mixin.py:190} INFO - [2024-12-09T13:16:10.561+0000] {dagbag.py:588} INFO - Filling up the DagBag from /home/airflow/.local/lib/python3.12/site-packages/airflow/example_dags/example_skip_dag.py
[2024-12-09T13:16:10.573+0000] {processor.py:925} INFO - DAG(s) 'example_skip_dag' retrieved from /home/airflow/.local/lib/python3.12/site-packages/airflow/example_dags/example_skip_dag.py
[2024-12-09T13:16:10.597+0000] {logging_mixin.py:190} INFO - [2024-12-09T13:16:10.597+0000] {dag.py:3239} INFO - Sync 1 DAGs
[2024-12-09T13:16:10.617+0000] {logging_mixin.py:190} INFO - [2024-12-09T13:16:10.617+0000] {dag.py:4180} INFO - Setting next_dagrun for example_skip_dag to 2024-12-08 00:00:00+00:00, run_after=2024-12-09 00:00:00+00:00
[2024-12-09T13:16:10.633+0000] {processor.py:208} INFO - Processing /home/airflow/.local/lib/python3.12/site-packages/airflow/example_dags/example_skip_dag.py took 0.086 seconds
[2024-12-09T13:16:41.651+0000] {processor.py:186} INFO - Started process (PID=198) to work on /home/airflow/.local/lib/python3.12/site-packages/airflow/example_dags/example_skip_dag.py
[2024-12-09T13:16:41.652+0000] {processor.py:914} INFO - Processing file /home/airflow/.local/lib/python3.12/site-packages/airflow/example_dags/example_skip_dag.py for tasks to queue
[2024-12-09T13:16:41.654+0000] {logging_mixin.py:190} INFO - [2024-12-09T13:16:41.654+0000] {dagbag.py:588} INFO - Filling up the DagBag from /home/airflow/.local/lib/python3.12/site-packages/airflow/example_dags/example_skip_dag.py
[2024-12-09T13:16:41.660+0000] {processor.py:925} INFO - DAG(s) 'example_skip_dag' retrieved from /home/airflow/.local/lib/python3.12/site-packages/airflow/example_dags/example_skip_dag.py
[2024-12-09T13:16:41.678+0000] {logging_mixin.py:190} INFO - [2024-12-09T13:16:41.678+0000] {dag.py:3239} INFO - Sync 1 DAGs
[2024-12-09T13:16:41.696+0000] {logging_mixin.py:190} INFO - [2024-12-09T13:16:41.696+0000] {dag.py:4180} INFO - Setting next_dagrun for example_skip_dag to 2024-12-08 00:00:00+00:00, run_after=2024-12-09 00:00:00+00:00
[2024-12-09T13:16:41.710+0000] {processor.py:208} INFO - Processing /home/airflow/.local/lib/python3.12/site-packages/airflow/example_dags/example_skip_dag.py took 0.063 seconds
[2024-12-09T13:17:12.689+0000] {processor.py:186} INFO - Started process (PID=261) to work on /home/airflow/.local/lib/python3.12/site-packages/airflow/example_dags/example_skip_dag.py
[2024-12-09T13:17:12.690+0000] {processor.py:914} INFO - Processing file /home/airflow/.local/lib/python3.12/site-packages/airflow/example_dags/example_skip_dag.py for tasks to queue
[2024-12-09T13:17:12.692+0000] {logging_mixin.py:190} INFO - [2024-12-09T13:17:12.691+0000] {dagbag.py:588} INFO - Filling up the DagBag from /home/airflow/.local/lib/python3.12/site-packages/airflow/example_dags/example_skip_dag.py
[2024-12-09T13:17:12.698+0000] {processor.py:925} INFO - DAG(s) 'example_skip_dag' retrieved from /home/airflow/.local/lib/python3.12/site-packages/airflow/example_dags/example_skip_dag.py
[2024-12-09T13:17:12.715+0000] {logging_mixin.py:190} INFO - [2024-12-09T13:17:12.715+0000] {dag.py:3239} INFO - Sync 1 DAGs
[2024-12-09T13:17:12.733+0000] {logging_mixin.py:190} INFO - [2024-12-09T13:17:12.733+0000] {dag.py:4180} INFO - Setting next_dagrun for example_skip_dag to 2024-12-08 00:00:00+00:00, run_after=2024-12-09 00:00:00+00:00
[2024-12-09T13:17:12.747+0000] {processor.py:208} INFO - Processing /home/airflow/.local/lib/python3.12/site-packages/airflow/example_dags/example_skip_dag.py took 0.063 seconds
[2024-12-09T13:17:43.667+0000] {processor.py:186} INFO - Started process (PID=324) to work on /home/airflow/.local/lib/python3.12/site-packages/airflow/example_dags/example_skip_dag.py
[2024-12-09T13:17:43.668+0000] {processor.py:914} INFO - Processing file /home/airflow/.local/lib/python3.12/site-packages/airflow/example_dags/example_skip_dag.py for tasks to queue
[2024-12-09T13:17:43.670+0000] {logging_mixin.py:190} INFO - [2024-12-09T13:17:43.670+0000] {dagbag.py:588} INFO - Filling up the DagBag from /home/airflow/.local/lib/python3.12/site-packages/airflow/example_dags/example_skip_dag.py
[2024-12-09T13:17:43.676+0000] {processor.py:925} INFO - DAG(s) 'example_skip_dag' retrieved from /home/airflow/.local/lib/python3.12/site-packages/airflow/example_dags/example_skip_dag.py
[2024-12-09T13:17:43.698+0000] {logging_mixin.py:190} INFO - [2024-12-09T13:17:43.698+0000] {dag.py:3239} INFO - Sync 1 DAGs
[2024-12-09T13:17:43.720+0000] {logging_mixin.py:190} INFO - [2024-12-09T13:17:43.720+0000] {dag.py:4180} INFO - Setting next_dagrun for example_skip_dag to 2024-12-08 00:00:00+00:00, run_after=2024-12-09 00:00:00+00:00
[2024-12-09T13:17:43.736+0000] {processor.py:208} INFO - Processing /home/airflow/.local/lib/python3.12/site-packages/airflow/example_dags/example_skip_dag.py took 0.074 seconds
[2024-12-09T13:18:13.878+0000] {processor.py:186} INFO - Started process (PID=387) to work on /home/airflow/.local/lib/python3.12/site-packages/airflow/example_dags/example_skip_dag.py
[2024-12-09T13:18:13.879+0000] {processor.py:914} INFO - Processing file /home/airflow/.local/lib/python3.12/site-packages/airflow/example_dags/example_skip_dag.py for tasks to queue
[2024-12-09T13:18:13.881+0000] {logging_mixin.py:190} INFO - [2024-12-09T13:18:13.880+0000] {dagbag.py:588} INFO - Filling up the DagBag from /home/airflow/.local/lib/python3.12/site-packages/airflow/example_dags/example_skip_dag.py
[2024-12-09T13:18:13.887+0000] {processor.py:925} INFO - DAG(s) 'example_skip_dag' retrieved from /home/airflow/.local/lib/python3.12/site-packages/airflow/example_dags/example_skip_dag.py
[2024-12-09T13:18:13.904+0000] {logging_mixin.py:190} INFO - [2024-12-09T13:18:13.904+0000] {dag.py:3239} INFO - Sync 1 DAGs
[2024-12-09T13:18:13.923+0000] {logging_mixin.py:190} INFO - [2024-12-09T13:18:13.923+0000] {dag.py:4180} INFO - Setting next_dagrun for example_skip_dag to 2024-12-08 00:00:00+00:00, run_after=2024-12-09 00:00:00+00:00
[2024-12-09T13:18:13.937+0000] {processor.py:208} INFO - Processing /home/airflow/.local/lib/python3.12/site-packages/airflow/example_dags/example_skip_dag.py took 0.063 seconds
[2024-12-09T13:18:44.833+0000] {processor.py:186} INFO - Started process (PID=450) to work on /home/airflow/.local/lib/python3.12/site-packages/airflow/example_dags/example_skip_dag.py
[2024-12-09T13:18:44.834+0000] {processor.py:914} INFO - Processing file /home/airflow/.local/lib/python3.12/site-packages/airflow/example_dags/example_skip_dag.py for tasks to queue
[2024-12-09T13:18:44.835+0000] {logging_mixin.py:190} INFO - [2024-12-09T13:18:44.835+0000] {dagbag.py:588} INFO - Filling up the DagBag from /home/airflow/.local/lib/python3.12/site-packages/airflow/example_dags/example_skip_dag.py
[2024-12-09T13:18:44.841+0000] {processor.py:925} INFO - DAG(s) 'example_skip_dag' retrieved from /home/airflow/.local/lib/python3.12/site-packages/airflow/example_dags/example_skip_dag.py
[2024-12-09T13:18:44.859+0000] {logging_mixin.py:190} INFO - [2024-12-09T13:18:44.859+0000] {dag.py:3239} INFO - Sync 1 DAGs
[2024-12-09T13:18:44.878+0000] {logging_mixin.py:190} INFO - [2024-12-09T13:18:44.878+0000] {dag.py:4180} INFO - Setting next_dagrun for example_skip_dag to 2024-12-08 00:00:00+00:00, run_after=2024-12-09 00:00:00+00:00
[2024-12-09T13:18:44.892+0000] {processor.py:208} INFO - Processing /home/airflow/.local/lib/python3.12/site-packages/airflow/example_dags/example_skip_dag.py took 0.064 seconds
[2024-12-09T13:19:15.708+0000] {processor.py:186} INFO - Started process (PID=513) to work on /home/airflow/.local/lib/python3.12/site-packages/airflow/example_dags/example_skip_dag.py
[2024-12-09T13:19:15.709+0000] {processor.py:914} INFO - Processing file /home/airflow/.local/lib/python3.12/site-packages/airflow/example_dags/example_skip_dag.py for tasks to queue
[2024-12-09T13:19:15.711+0000] {logging_mixin.py:190} INFO - [2024-12-09T13:19:15.711+0000] {dagbag.py:588} INFO - Filling up the DagBag from /home/airflow/.local/lib/python3.12/site-packages/airflow/example_dags/example_skip_dag.py
[2024-12-09T13:19:15.718+0000] {processor.py:925} INFO - DAG(s) 'example_skip_dag' retrieved from /home/airflow/.local/lib/python3.12/site-packages/airflow/example_dags/example_skip_dag.py
[2024-12-09T13:19:15.740+0000] {logging_mixin.py:190} INFO - [2024-12-09T13:19:15.740+0000] {dag.py:3239} INFO - Sync 1 DAGs
[2024-12-09T13:19:15.766+0000] {logging_mixin.py:190} INFO - [2024-12-09T13:19:15.766+0000] {dag.py:4180} INFO - Setting next_dagrun for example_skip_dag to 2024-12-08 00:00:00+00:00, run_after=2024-12-09 00:00:00+00:00
[2024-12-09T13:19:15.782+0000] {processor.py:208} INFO - Processing /home/airflow/.local/lib/python3.12/site-packages/airflow/example_dags/example_skip_dag.py took 0.079 seconds
[2024-12-09T13:19:46.684+0000] {processor.py:186} INFO - Started process (PID=576) to work on /home/airflow/.local/lib/python3.12/site-packages/airflow/example_dags/example_skip_dag.py
[2024-12-09T13:19:46.685+0000] {processor.py:914} INFO - Processing file /home/airflow/.local/lib/python3.12/site-packages/airflow/example_dags/example_skip_dag.py for tasks to queue
[2024-12-09T13:19:46.686+0000] {logging_mixin.py:190} INFO - [2024-12-09T13:19:46.686+0000] {dagbag.py:588} INFO - Filling up the DagBag from /home/airflow/.local/lib/python3.12/site-packages/airflow/example_dags/example_skip_dag.py
[2024-12-09T13:19:46.693+0000] {processor.py:925} INFO - DAG(s) 'example_skip_dag' retrieved from /home/airflow/.local/lib/python3.12/site-packages/airflow/example_dags/example_skip_dag.py
[2024-12-09T13:19:46.711+0000] {logging_mixin.py:190} INFO - [2024-12-09T13:19:46.711+0000] {dag.py:3239} INFO - Sync 1 DAGs
[2024-12-09T13:19:46.730+0000] {logging_mixin.py:190} INFO - [2024-12-09T13:19:46.729+0000] {dag.py:4180} INFO - Setting next_dagrun for example_skip_dag to 2024-12-08 00:00:00+00:00, run_after=2024-12-09 00:00:00+00:00
[2024-12-09T13:19:46.744+0000] {processor.py:208} INFO - Processing /home/airflow/.local/lib/python3.12/site-packages/airflow/example_dags/example_skip_dag.py took 0.064 seconds
[2024-12-09T13:20:17.201+0000] {processor.py:186} INFO - Started process (PID=639) to work on /home/airflow/.local/lib/python3.12/site-packages/airflow/example_dags/example_skip_dag.py
[2024-12-09T13:20:17.202+0000] {processor.py:914} INFO - Processing file /home/airflow/.local/lib/python3.12/site-packages/airflow/example_dags/example_skip_dag.py for tasks to queue
[2024-12-09T13:20:17.204+0000] {logging_mixin.py:190} INFO - [2024-12-09T13:20:17.204+0000] {dagbag.py:588} INFO - Filling up the DagBag from /home/airflow/.local/lib/python3.12/site-packages/airflow/example_dags/example_skip_dag.py
[2024-12-09T13:20:17.210+0000] {processor.py:925} INFO - DAG(s) 'example_skip_dag' retrieved from /home/airflow/.local/lib/python3.12/site-packages/airflow/example_dags/example_skip_dag.py
[2024-12-09T13:20:17.227+0000] {logging_mixin.py:190} INFO - [2024-12-09T13:20:17.227+0000] {dag.py:3239} INFO - Sync 1 DAGs
[2024-12-09T13:20:17.246+0000] {logging_mixin.py:190} INFO - [2024-12-09T13:20:17.246+0000] {dag.py:4180} INFO - Setting next_dagrun for example_skip_dag to 2024-12-08 00:00:00+00:00, run_after=2024-12-09 00:00:00+00:00
[2024-12-09T13:20:17.263+0000] {processor.py:208} INFO - Processing /home/airflow/.local/lib/python3.12/site-packages/airflow/example_dags/example_skip_dag.py took 0.066 seconds
[2024-12-09T13:20:47.974+0000] {processor.py:186} INFO - Started process (PID=702) to work on /home/airflow/.local/lib/python3.12/site-packages/airflow/example_dags/example_skip_dag.py
[2024-12-09T13:20:47.975+0000] {processor.py:914} INFO - Processing file /home/airflow/.local/lib/python3.12/site-packages/airflow/example_dags/example_skip_dag.py for tasks to queue
[2024-12-09T13:20:47.977+0000] {logging_mixin.py:190} INFO - [2024-12-09T13:20:47.977+0000] {dagbag.py:588} INFO - Filling up the DagBag from /home/airflow/.local/lib/python3.12/site-packages/airflow/example_dags/example_skip_dag.py
[2024-12-09T13:20:47.983+0000] {processor.py:925} INFO - DAG(s) 'example_skip_dag' retrieved from /home/airflow/.local/lib/python3.12/site-packages/airflow/example_dags/example_skip_dag.py
[2024-12-09T13:20:48.000+0000] {logging_mixin.py:190} INFO - [2024-12-09T13:20:48.000+0000] {dag.py:3239} INFO - Sync 1 DAGs
[2024-12-09T13:20:48.018+0000] {logging_mixin.py:190} INFO - [2024-12-09T13:20:48.017+0000] {dag.py:4180} INFO - Setting next_dagrun for example_skip_dag to 2024-12-08 00:00:00+00:00, run_after=2024-12-09 00:00:00+00:00
[2024-12-09T13:20:48.032+0000] {processor.py:208} INFO - Processing /home/airflow/.local/lib/python3.12/site-packages/airflow/example_dags/example_skip_dag.py took 0.062 seconds
[2024-12-09T13:21:18.311+0000] {processor.py:186} INFO - Started process (PID=765) to work on /home/airflow/.local/lib/python3.12/site-packages/airflow/example_dags/example_skip_dag.py
[2024-12-09T13:21:18.312+0000] {processor.py:914} INFO - Processing file /home/airflow/.local/lib/python3.12/site-packages/airflow/example_dags/example_skip_dag.py for tasks to queue
[2024-12-09T13:21:18.314+0000] {logging_mixin.py:190} INFO - [2024-12-09T13:21:18.314+0000] {dagbag.py:588} INFO - Filling up the DagBag from /home/airflow/.local/lib/python3.12/site-packages/airflow/example_dags/example_skip_dag.py
[2024-12-09T13:21:18.320+0000] {processor.py:925} INFO - DAG(s) 'example_skip_dag' retrieved from /home/airflow/.local/lib/python3.12/site-packages/airflow/example_dags/example_skip_dag.py
[2024-12-09T13:21:18.338+0000] {logging_mixin.py:190} INFO - [2024-12-09T13:21:18.338+0000] {dag.py:3239} INFO - Sync 1 DAGs
[2024-12-09T13:21:18.356+0000] {logging_mixin.py:190} INFO - [2024-12-09T13:21:18.356+0000] {dag.py:4180} INFO - Setting next_dagrun for example_skip_dag to 2024-12-08 00:00:00+00:00, run_after=2024-12-09 00:00:00+00:00
[2024-12-09T13:21:18.370+0000] {processor.py:208} INFO - Processing /home/airflow/.local/lib/python3.12/site-packages/airflow/example_dags/example_skip_dag.py took 0.064 seconds
[2024-12-09T13:21:50.448+0000] {processor.py:186} INFO - Started process (PID=828) to work on /home/airflow/.local/lib/python3.12/site-packages/airflow/example_dags/example_skip_dag.py
[2024-12-09T13:21:50.449+0000] {processor.py:914} INFO - Processing file /home/airflow/.local/lib/python3.12/site-packages/airflow/example_dags/example_skip_dag.py for tasks to queue
[2024-12-09T13:21:50.451+0000] {logging_mixin.py:190} INFO - [2024-12-09T13:21:50.450+0000] {dagbag.py:588} INFO - Filling up the DagBag from /home/airflow/.local/lib/python3.12/site-packages/airflow/example_dags/example_skip_dag.py
[2024-12-09T13:21:50.457+0000] {processor.py:925} INFO - DAG(s) 'example_skip_dag' retrieved from /home/airflow/.local/lib/python3.12/site-packages/airflow/example_dags/example_skip_dag.py
[2024-12-09T13:21:50.475+0000] {logging_mixin.py:190} INFO - [2024-12-09T13:21:50.474+0000] {dag.py:3239} INFO - Sync 1 DAGs
[2024-12-09T13:21:50.493+0000] {logging_mixin.py:190} INFO - [2024-12-09T13:21:50.492+0000] {dag.py:4180} INFO - Setting next_dagrun for example_skip_dag to 2024-12-08 00:00:00+00:00, run_after=2024-12-09 00:00:00+00:00
[2024-12-09T13:21:50.508+0000] {processor.py:208} INFO - Processing /home/airflow/.local/lib/python3.12/site-packages/airflow/example_dags/example_skip_dag.py took 0.064 seconds
[2024-12-09T13:22:21.474+0000] {processor.py:186} INFO - Started process (PID=858) to work on /home/airflow/.local/lib/python3.12/site-packages/airflow/example_dags/example_skip_dag.py
[2024-12-09T13:22:21.475+0000] {processor.py:914} INFO - Processing file /home/airflow/.local/lib/python3.12/site-packages/airflow/example_dags/example_skip_dag.py for tasks to queue
[2024-12-09T13:22:21.476+0000] {logging_mixin.py:190} INFO - [2024-12-09T13:22:21.476+0000] {dagbag.py:588} INFO - Filling up the DagBag from /home/airflow/.local/lib/python3.12/site-packages/airflow/example_dags/example_skip_dag.py
[2024-12-09T13:22:21.482+0000] {processor.py:925} INFO - DAG(s) 'example_skip_dag' retrieved from /home/airflow/.local/lib/python3.12/site-packages/airflow/example_dags/example_skip_dag.py
[2024-12-09T13:22:21.499+0000] {logging_mixin.py:190} INFO - [2024-12-09T13:22:21.499+0000] {dag.py:3239} INFO - Sync 1 DAGs
[2024-12-09T13:22:21.517+0000] {logging_mixin.py:190} INFO - [2024-12-09T13:22:21.517+0000] {dag.py:4180} INFO - Setting next_dagrun for example_skip_dag to 2024-12-08 00:00:00+00:00, run_after=2024-12-09 00:00:00+00:00
[2024-12-09T13:22:21.531+0000] {processor.py:208} INFO - Processing /home/airflow/.local/lib/python3.12/site-packages/airflow/example_dags/example_skip_dag.py took 0.061 seconds
[2024-12-09T13:22:53.672+0000] {processor.py:186} INFO - Started process (PID=921) to work on /home/airflow/.local/lib/python3.12/site-packages/airflow/example_dags/example_skip_dag.py
[2024-12-09T13:22:53.673+0000] {processor.py:914} INFO - Processing file /home/airflow/.local/lib/python3.12/site-packages/airflow/example_dags/example_skip_dag.py for tasks to queue
[2024-12-09T13:22:53.675+0000] {logging_mixin.py:190} INFO - [2024-12-09T13:22:53.675+0000] {dagbag.py:588} INFO - Filling up the DagBag from /home/airflow/.local/lib/python3.12/site-packages/airflow/example_dags/example_skip_dag.py
[2024-12-09T13:22:53.682+0000] {processor.py:925} INFO - DAG(s) 'example_skip_dag' retrieved from /home/airflow/.local/lib/python3.12/site-packages/airflow/example_dags/example_skip_dag.py
[2024-12-09T13:22:53.699+0000] {logging_mixin.py:190} INFO - [2024-12-09T13:22:53.699+0000] {dag.py:3239} INFO - Sync 1 DAGs
[2024-12-09T13:22:53.717+0000] {logging_mixin.py:190} INFO - [2024-12-09T13:22:53.717+0000] {dag.py:4180} INFO - Setting next_dagrun for example_skip_dag to 2024-12-08 00:00:00+00:00, run_after=2024-12-09 00:00:00+00:00
[2024-12-09T13:22:53.729+0000] {processor.py:208} INFO - Processing /home/airflow/.local/lib/python3.12/site-packages/airflow/example_dags/example_skip_dag.py took 0.062 seconds
[2024-12-09T13:23:26.531+0000] {processor.py:186} INFO - Started process (PID=984) to work on /home/airflow/.local/lib/python3.12/site-packages/airflow/example_dags/example_skip_dag.py
[2024-12-09T13:23:26.532+0000] {processor.py:914} INFO - Processing file /home/airflow/.local/lib/python3.12/site-packages/airflow/example_dags/example_skip_dag.py for tasks to queue
[2024-12-09T13:23:26.534+0000] {logging_mixin.py:190} INFO - [2024-12-09T13:23:26.534+0000] {dagbag.py:588} INFO - Filling up the DagBag from /home/airflow/.local/lib/python3.12/site-packages/airflow/example_dags/example_skip_dag.py
[2024-12-09T13:23:26.541+0000] {processor.py:925} INFO - DAG(s) 'example_skip_dag' retrieved from /home/airflow/.local/lib/python3.12/site-packages/airflow/example_dags/example_skip_dag.py
[2024-12-09T13:23:26.558+0000] {logging_mixin.py:190} INFO - [2024-12-09T13:23:26.557+0000] {dag.py:3239} INFO - Sync 1 DAGs
[2024-12-09T13:23:26.576+0000] {logging_mixin.py:190} INFO - [2024-12-09T13:23:26.576+0000] {dag.py:4180} INFO - Setting next_dagrun for example_skip_dag to 2024-12-08 00:00:00+00:00, run_after=2024-12-09 00:00:00+00:00
[2024-12-09T13:23:26.589+0000] {processor.py:208} INFO - Processing /home/airflow/.local/lib/python3.12/site-packages/airflow/example_dags/example_skip_dag.py took 0.062 seconds
[2024-12-09T13:23:59.049+0000] {processor.py:186} INFO - Started process (PID=1047) to work on /home/airflow/.local/lib/python3.12/site-packages/airflow/example_dags/example_skip_dag.py
[2024-12-09T13:23:59.049+0000] {processor.py:914} INFO - Processing file /home/airflow/.local/lib/python3.12/site-packages/airflow/example_dags/example_skip_dag.py for tasks to queue
[2024-12-09T13:23:59.051+0000] {logging_mixin.py:190} INFO - [2024-12-09T13:23:59.051+0000] {dagbag.py:588} INFO - Filling up the DagBag from /home/airflow/.local/lib/python3.12/site-packages/airflow/example_dags/example_skip_dag.py
[2024-12-09T13:23:59.057+0000] {processor.py:925} INFO - DAG(s) 'example_skip_dag' retrieved from /home/airflow/.local/lib/python3.12/site-packages/airflow/example_dags/example_skip_dag.py
[2024-12-09T13:23:59.074+0000] {logging_mixin.py:190} INFO - [2024-12-09T13:23:59.074+0000] {dag.py:3239} INFO - Sync 1 DAGs
[2024-12-09T13:23:59.092+0000] {logging_mixin.py:190} INFO - [2024-12-09T13:23:59.092+0000] {dag.py:4180} INFO - Setting next_dagrun for example_skip_dag to 2024-12-08 00:00:00+00:00, run_after=2024-12-09 00:00:00+00:00
[2024-12-09T13:23:59.107+0000] {processor.py:208} INFO - Processing /home/airflow/.local/lib/python3.12/site-packages/airflow/example_dags/example_skip_dag.py took 0.063 seconds
[2024-12-09T13:24:32.093+0000] {processor.py:186} INFO - Started process (PID=1110) to work on /home/airflow/.local/lib/python3.12/site-packages/airflow/example_dags/example_skip_dag.py
[2024-12-09T13:24:32.094+0000] {processor.py:914} INFO - Processing file /home/airflow/.local/lib/python3.12/site-packages/airflow/example_dags/example_skip_dag.py for tasks to queue
[2024-12-09T13:24:32.096+0000] {logging_mixin.py:190} INFO - [2024-12-09T13:24:32.096+0000] {dagbag.py:588} INFO - Filling up the DagBag from /home/airflow/.local/lib/python3.12/site-packages/airflow/example_dags/example_skip_dag.py
[2024-12-09T13:24:32.102+0000] {processor.py:925} INFO - DAG(s) 'example_skip_dag' retrieved from /home/airflow/.local/lib/python3.12/site-packages/airflow/example_dags/example_skip_dag.py
[2024-12-09T13:24:32.119+0000] {logging_mixin.py:190} INFO - [2024-12-09T13:24:32.119+0000] {dag.py:3239} INFO - Sync 1 DAGs
[2024-12-09T13:24:32.136+0000] {logging_mixin.py:190} INFO - [2024-12-09T13:24:32.136+0000] {dag.py:4180} INFO - Setting next_dagrun for example_skip_dag to 2024-12-08 00:00:00+00:00, run_after=2024-12-09 00:00:00+00:00
[2024-12-09T13:24:32.150+0000] {processor.py:208} INFO - Processing /home/airflow/.local/lib/python3.12/site-packages/airflow/example_dags/example_skip_dag.py took 0.061 seconds
[2024-12-09T13:25:04.771+0000] {processor.py:186} INFO - Started process (PID=1173) to work on /home/airflow/.local/lib/python3.12/site-packages/airflow/example_dags/example_skip_dag.py
[2024-12-09T13:25:04.772+0000] {processor.py:914} INFO - Processing file /home/airflow/.local/lib/python3.12/site-packages/airflow/example_dags/example_skip_dag.py for tasks to queue
[2024-12-09T13:25:04.774+0000] {logging_mixin.py:190} INFO - [2024-12-09T13:25:04.773+0000] {dagbag.py:588} INFO - Filling up the DagBag from /home/airflow/.local/lib/python3.12/site-packages/airflow/example_dags/example_skip_dag.py
[2024-12-09T13:25:04.780+0000] {processor.py:925} INFO - DAG(s) 'example_skip_dag' retrieved from /home/airflow/.local/lib/python3.12/site-packages/airflow/example_dags/example_skip_dag.py
[2024-12-09T13:25:04.798+0000] {logging_mixin.py:190} INFO - [2024-12-09T13:25:04.797+0000] {dag.py:3239} INFO - Sync 1 DAGs
[2024-12-09T13:25:04.817+0000] {logging_mixin.py:190} INFO - [2024-12-09T13:25:04.816+0000] {dag.py:4180} INFO - Setting next_dagrun for example_skip_dag to 2024-12-08 00:00:00+00:00, run_after=2024-12-09 00:00:00+00:00
[2024-12-09T13:25:04.830+0000] {processor.py:208} INFO - Processing /home/airflow/.local/lib/python3.12/site-packages/airflow/example_dags/example_skip_dag.py took 0.063 seconds
[2024-12-09T13:25:37.302+0000] {processor.py:186} INFO - Started process (PID=1236) to work on /home/airflow/.local/lib/python3.12/site-packages/airflow/example_dags/example_skip_dag.py
[2024-12-09T13:25:37.302+0000] {processor.py:914} INFO - Processing file /home/airflow/.local/lib/python3.12/site-packages/airflow/example_dags/example_skip_dag.py for tasks to queue
[2024-12-09T13:25:37.304+0000] {logging_mixin.py:190} INFO - [2024-12-09T13:25:37.304+0000] {dagbag.py:588} INFO - Filling up the DagBag from /home/airflow/.local/lib/python3.12/site-packages/airflow/example_dags/example_skip_dag.py
[2024-12-09T13:25:37.311+0000] {processor.py:925} INFO - DAG(s) 'example_skip_dag' retrieved from /home/airflow/.local/lib/python3.12/site-packages/airflow/example_dags/example_skip_dag.py
[2024-12-09T13:25:37.328+0000] {logging_mixin.py:190} INFO - [2024-12-09T13:25:37.328+0000] {dag.py:3239} INFO - Sync 1 DAGs
[2024-12-09T13:25:37.348+0000] {logging_mixin.py:190} INFO - [2024-12-09T13:25:37.347+0000] {dag.py:4180} INFO - Setting next_dagrun for example_skip_dag to 2024-12-08 00:00:00+00:00, run_after=2024-12-09 00:00:00+00:00
[2024-12-09T13:25:37.361+0000] {processor.py:208} INFO - Processing /home/airflow/.local/lib/python3.12/site-packages/airflow/example_dags/example_skip_dag.py took 0.064 seconds
[2024-12-09T13:26:10.502+0000] {processor.py:186} INFO - Started process (PID=1299) to work on /home/airflow/.local/lib/python3.12/site-packages/airflow/example_dags/example_skip_dag.py
[2024-12-09T13:26:10.503+0000] {processor.py:914} INFO - Processing file /home/airflow/.local/lib/python3.12/site-packages/airflow/example_dags/example_skip_dag.py for tasks to queue
[2024-12-09T13:26:10.504+0000] {logging_mixin.py:190} INFO - [2024-12-09T13:26:10.504+0000] {dagbag.py:588} INFO - Filling up the DagBag from /home/airflow/.local/lib/python3.12/site-packages/airflow/example_dags/example_skip_dag.py
[2024-12-09T13:26:10.510+0000] {processor.py:925} INFO - DAG(s) 'example_skip_dag' retrieved from /home/airflow/.local/lib/python3.12/site-packages/airflow/example_dags/example_skip_dag.py
[2024-12-09T13:26:10.527+0000] {logging_mixin.py:190} INFO - [2024-12-09T13:26:10.527+0000] {dag.py:3239} INFO - Sync 1 DAGs
[2024-12-09T13:26:10.546+0000] {logging_mixin.py:190} INFO - [2024-12-09T13:26:10.546+0000] {dag.py:4180} INFO - Setting next_dagrun for example_skip_dag to 2024-12-08 00:00:00+00:00, run_after=2024-12-09 00:00:00+00:00
[2024-12-09T13:26:10.559+0000] {processor.py:208} INFO - Processing /home/airflow/.local/lib/python3.12/site-packages/airflow/example_dags/example_skip_dag.py took 0.062 seconds
[2024-12-09T13:26:42.759+0000] {processor.py:186} INFO - Started process (PID=1362) to work on /home/airflow/.local/lib/python3.12/site-packages/airflow/example_dags/example_skip_dag.py
[2024-12-09T13:26:42.760+0000] {processor.py:914} INFO - Processing file /home/airflow/.local/lib/python3.12/site-packages/airflow/example_dags/example_skip_dag.py for tasks to queue
[2024-12-09T13:26:42.762+0000] {logging_mixin.py:190} INFO - [2024-12-09T13:26:42.761+0000] {dagbag.py:588} INFO - Filling up the DagBag from /home/airflow/.local/lib/python3.12/site-packages/airflow/example_dags/example_skip_dag.py
[2024-12-09T13:26:42.767+0000] {processor.py:925} INFO - DAG(s) 'example_skip_dag' retrieved from /home/airflow/.local/lib/python3.12/site-packages/airflow/example_dags/example_skip_dag.py
[2024-12-09T13:26:42.784+0000] {logging_mixin.py:190} INFO - [2024-12-09T13:26:42.784+0000] {dag.py:3239} INFO - Sync 1 DAGs
[2024-12-09T13:26:42.802+0000] {logging_mixin.py:190} INFO - [2024-12-09T13:26:42.802+0000] {dag.py:4180} INFO - Setting next_dagrun for example_skip_dag to 2024-12-08 00:00:00+00:00, run_after=2024-12-09 00:00:00+00:00
[2024-12-09T13:26:42.815+0000] {processor.py:208} INFO - Processing /home/airflow/.local/lib/python3.12/site-packages/airflow/example_dags/example_skip_dag.py took 0.061 seconds
[2024-12-09T13:27:15.350+0000] {processor.py:186} INFO - Started process (PID=1425) to work on /home/airflow/.local/lib/python3.12/site-packages/airflow/example_dags/example_skip_dag.py
[2024-12-09T13:27:15.351+0000] {processor.py:914} INFO - Processing file /home/airflow/.local/lib/python3.12/site-packages/airflow/example_dags/example_skip_dag.py for tasks to queue
[2024-12-09T13:27:15.353+0000] {logging_mixin.py:190} INFO - [2024-12-09T13:27:15.352+0000] {dagbag.py:588} INFO - Filling up the DagBag from /home/airflow/.local/lib/python3.12/site-packages/airflow/example_dags/example_skip_dag.py
[2024-12-09T13:27:15.359+0000] {processor.py:925} INFO - DAG(s) 'example_skip_dag' retrieved from /home/airflow/.local/lib/python3.12/site-packages/airflow/example_dags/example_skip_dag.py
[2024-12-09T13:27:15.376+0000] {logging_mixin.py:190} INFO - [2024-12-09T13:27:15.376+0000] {dag.py:3239} INFO - Sync 1 DAGs
[2024-12-09T13:27:15.394+0000] {logging_mixin.py:190} INFO - [2024-12-09T13:27:15.393+0000] {dag.py:4180} INFO - Setting next_dagrun for example_skip_dag to 2024-12-08 00:00:00+00:00, run_after=2024-12-09 00:00:00+00:00
[2024-12-09T13:27:15.408+0000] {processor.py:208} INFO - Processing /home/airflow/.local/lib/python3.12/site-packages/airflow/example_dags/example_skip_dag.py took 0.062 seconds
