[2024-12-09T13:15:47.854+0000] {processor.py:186} INFO - Started process (PID=98) to work on /home/airflow/.local/lib/python3.12/site-packages/airflow/example_dags/tutorial.py
[2024-12-09T13:15:47.854+0000] {processor.py:914} INFO - Processing file /home/airflow/.local/lib/python3.12/site-packages/airflow/example_dags/tutorial.py for tasks to queue
[2024-12-09T13:15:47.856+0000] {logging_mixin.py:190} INFO - [2024-12-09T13:15:47.856+0000] {dagbag.py:588} INFO - Filling up the DagBag from /home/airflow/.local/lib/python3.12/site-packages/airflow/example_dags/tutorial.py
[2024-12-09T13:15:47.863+0000] {processor.py:925} INFO - DAG(s) 'tutorial' retrieved from /home/airflow/.local/lib/python3.12/site-packages/airflow/example_dags/tutorial.py
[2024-12-09T13:15:47.951+0000] {logging_mixin.py:190} INFO - [2024-12-09T13:15:47.951+0000] {override.py:1911} INFO - Created Permission View: can delete on DAG:tutorial
[2024-12-09T13:15:47.960+0000] {logging_mixin.py:190} INFO - [2024-12-09T13:15:47.959+0000] {override.py:1911} INFO - Created Permission View: can edit on DAG:tutorial
[2024-12-09T13:15:47.965+0000] {logging_mixin.py:190} INFO - [2024-12-09T13:15:47.965+0000] {override.py:1911} INFO - Created Permission View: can read on DAG:tutorial
[2024-12-09T13:15:47.971+0000] {logging_mixin.py:190} INFO - [2024-12-09T13:15:47.971+0000] {override.py:1911} INFO - Created Permission View: menu access on DAG Run:tutorial
[2024-12-09T13:15:47.977+0000] {logging_mixin.py:190} INFO - [2024-12-09T13:15:47.977+0000] {override.py:1911} INFO - Created Permission View: can create on DAG Run:tutorial
[2024-12-09T13:15:47.983+0000] {logging_mixin.py:190} INFO - [2024-12-09T13:15:47.983+0000] {override.py:1911} INFO - Created Permission View: can delete on DAG Run:tutorial
[2024-12-09T13:15:47.989+0000] {logging_mixin.py:190} INFO - [2024-12-09T13:15:47.988+0000] {override.py:1911} INFO - Created Permission View: can read on DAG Run:tutorial
[2024-12-09T13:15:47.989+0000] {logging_mixin.py:190} INFO - [2024-12-09T13:15:47.989+0000] {dag.py:3239} INFO - Sync 1 DAGs
[2024-12-09T13:15:48.000+0000] {logging_mixin.py:190} INFO - [2024-12-09T13:15:48.000+0000] {dag.py:3262} INFO - Creating ORM DAG for tutorial
[2024-12-09T13:15:48.009+0000] {logging_mixin.py:190} INFO - [2024-12-09T13:15:48.009+0000] {dag.py:4180} INFO - Setting next_dagrun for tutorial to 2024-12-08 00:00:00+00:00, run_after=2024-12-09 00:00:00+00:00
[2024-12-09T13:15:48.023+0000] {processor.py:208} INFO - Processing /home/airflow/.local/lib/python3.12/site-packages/airflow/example_dags/tutorial.py took 0.174 seconds
[2024-12-09T13:16:20.577+0000] {processor.py:186} INFO - Started process (PID=161) to work on /home/airflow/.local/lib/python3.12/site-packages/airflow/example_dags/tutorial.py
[2024-12-09T13:16:20.578+0000] {processor.py:914} INFO - Processing file /home/airflow/.local/lib/python3.12/site-packages/airflow/example_dags/tutorial.py for tasks to queue
[2024-12-09T13:16:20.580+0000] {logging_mixin.py:190} INFO - [2024-12-09T13:16:20.579+0000] {dagbag.py:588} INFO - Filling up the DagBag from /home/airflow/.local/lib/python3.12/site-packages/airflow/example_dags/tutorial.py
[2024-12-09T13:16:20.586+0000] {processor.py:925} INFO - DAG(s) 'tutorial' retrieved from /home/airflow/.local/lib/python3.12/site-packages/airflow/example_dags/tutorial.py
[2024-12-09T13:16:20.603+0000] {logging_mixin.py:190} INFO - [2024-12-09T13:16:20.602+0000] {dag.py:3239} INFO - Sync 1 DAGs
[2024-12-09T13:16:20.624+0000] {logging_mixin.py:190} INFO - [2024-12-09T13:16:20.624+0000] {dag.py:4180} INFO - Setting next_dagrun for tutorial to 2024-12-08 00:00:00+00:00, run_after=2024-12-09 00:00:00+00:00
[2024-12-09T13:16:20.640+0000] {processor.py:208} INFO - Processing /home/airflow/.local/lib/python3.12/site-packages/airflow/example_dags/tutorial.py took 0.067 seconds
[2024-12-09T13:16:53.459+0000] {processor.py:186} INFO - Started process (PID=224) to work on /home/airflow/.local/lib/python3.12/site-packages/airflow/example_dags/tutorial.py
[2024-12-09T13:16:53.460+0000] {processor.py:914} INFO - Processing file /home/airflow/.local/lib/python3.12/site-packages/airflow/example_dags/tutorial.py for tasks to queue
[2024-12-09T13:16:53.461+0000] {logging_mixin.py:190} INFO - [2024-12-09T13:16:53.461+0000] {dagbag.py:588} INFO - Filling up the DagBag from /home/airflow/.local/lib/python3.12/site-packages/airflow/example_dags/tutorial.py
[2024-12-09T13:16:53.467+0000] {processor.py:925} INFO - DAG(s) 'tutorial' retrieved from /home/airflow/.local/lib/python3.12/site-packages/airflow/example_dags/tutorial.py
[2024-12-09T13:16:53.483+0000] {logging_mixin.py:190} INFO - [2024-12-09T13:16:53.483+0000] {dag.py:3239} INFO - Sync 1 DAGs
[2024-12-09T13:16:53.502+0000] {logging_mixin.py:190} INFO - [2024-12-09T13:16:53.502+0000] {dag.py:4180} INFO - Setting next_dagrun for tutorial to 2024-12-08 00:00:00+00:00, run_after=2024-12-09 00:00:00+00:00
[2024-12-09T13:16:53.517+0000] {processor.py:208} INFO - Processing /home/airflow/.local/lib/python3.12/site-packages/airflow/example_dags/tutorial.py took 0.063 seconds
[2024-12-09T13:17:26.459+0000] {processor.py:186} INFO - Started process (PID=287) to work on /home/airflow/.local/lib/python3.12/site-packages/airflow/example_dags/tutorial.py
[2024-12-09T13:17:26.460+0000] {processor.py:914} INFO - Processing file /home/airflow/.local/lib/python3.12/site-packages/airflow/example_dags/tutorial.py for tasks to queue
[2024-12-09T13:17:26.462+0000] {logging_mixin.py:190} INFO - [2024-12-09T13:17:26.462+0000] {dagbag.py:588} INFO - Filling up the DagBag from /home/airflow/.local/lib/python3.12/site-packages/airflow/example_dags/tutorial.py
[2024-12-09T13:17:26.468+0000] {processor.py:925} INFO - DAG(s) 'tutorial' retrieved from /home/airflow/.local/lib/python3.12/site-packages/airflow/example_dags/tutorial.py
[2024-12-09T13:17:26.484+0000] {logging_mixin.py:190} INFO - [2024-12-09T13:17:26.484+0000] {dag.py:3239} INFO - Sync 1 DAGs
[2024-12-09T13:17:26.504+0000] {logging_mixin.py:190} INFO - [2024-12-09T13:17:26.504+0000] {dag.py:4180} INFO - Setting next_dagrun for tutorial to 2024-12-08 00:00:00+00:00, run_after=2024-12-09 00:00:00+00:00
[2024-12-09T13:17:26.522+0000] {processor.py:208} INFO - Processing /home/airflow/.local/lib/python3.12/site-packages/airflow/example_dags/tutorial.py took 0.067 seconds
[2024-12-09T13:17:58.812+0000] {processor.py:186} INFO - Started process (PID=350) to work on /home/airflow/.local/lib/python3.12/site-packages/airflow/example_dags/tutorial.py
[2024-12-09T13:17:58.812+0000] {processor.py:914} INFO - Processing file /home/airflow/.local/lib/python3.12/site-packages/airflow/example_dags/tutorial.py for tasks to queue
[2024-12-09T13:17:58.815+0000] {logging_mixin.py:190} INFO - [2024-12-09T13:17:58.814+0000] {dagbag.py:588} INFO - Filling up the DagBag from /home/airflow/.local/lib/python3.12/site-packages/airflow/example_dags/tutorial.py
[2024-12-09T13:17:58.821+0000] {processor.py:925} INFO - DAG(s) 'tutorial' retrieved from /home/airflow/.local/lib/python3.12/site-packages/airflow/example_dags/tutorial.py
[2024-12-09T13:17:58.837+0000] {logging_mixin.py:190} INFO - [2024-12-09T13:17:58.837+0000] {dag.py:3239} INFO - Sync 1 DAGs
[2024-12-09T13:17:58.856+0000] {logging_mixin.py:190} INFO - [2024-12-09T13:17:58.856+0000] {dag.py:4180} INFO - Setting next_dagrun for tutorial to 2024-12-08 00:00:00+00:00, run_after=2024-12-09 00:00:00+00:00
[2024-12-09T13:17:58.871+0000] {processor.py:208} INFO - Processing /home/airflow/.local/lib/python3.12/site-packages/airflow/example_dags/tutorial.py took 0.064 seconds
[2024-12-09T13:18:31.748+0000] {processor.py:186} INFO - Started process (PID=413) to work on /home/airflow/.local/lib/python3.12/site-packages/airflow/example_dags/tutorial.py
[2024-12-09T13:18:31.749+0000] {processor.py:914} INFO - Processing file /home/airflow/.local/lib/python3.12/site-packages/airflow/example_dags/tutorial.py for tasks to queue
[2024-12-09T13:18:31.750+0000] {logging_mixin.py:190} INFO - [2024-12-09T13:18:31.750+0000] {dagbag.py:588} INFO - Filling up the DagBag from /home/airflow/.local/lib/python3.12/site-packages/airflow/example_dags/tutorial.py
[2024-12-09T13:18:31.757+0000] {processor.py:925} INFO - DAG(s) 'tutorial' retrieved from /home/airflow/.local/lib/python3.12/site-packages/airflow/example_dags/tutorial.py
[2024-12-09T13:18:31.773+0000] {logging_mixin.py:190} INFO - [2024-12-09T13:18:31.773+0000] {dag.py:3239} INFO - Sync 1 DAGs
[2024-12-09T13:18:31.794+0000] {logging_mixin.py:190} INFO - [2024-12-09T13:18:31.794+0000] {dag.py:4180} INFO - Setting next_dagrun for tutorial to 2024-12-08 00:00:00+00:00, run_after=2024-12-09 00:00:00+00:00
[2024-12-09T13:18:31.809+0000] {processor.py:208} INFO - Processing /home/airflow/.local/lib/python3.12/site-packages/airflow/example_dags/tutorial.py took 0.066 seconds
[2024-12-09T13:19:04.665+0000] {processor.py:186} INFO - Started process (PID=476) to work on /home/airflow/.local/lib/python3.12/site-packages/airflow/example_dags/tutorial.py
[2024-12-09T13:19:04.666+0000] {processor.py:914} INFO - Processing file /home/airflow/.local/lib/python3.12/site-packages/airflow/example_dags/tutorial.py for tasks to queue
[2024-12-09T13:19:04.668+0000] {logging_mixin.py:190} INFO - [2024-12-09T13:19:04.668+0000] {dagbag.py:588} INFO - Filling up the DagBag from /home/airflow/.local/lib/python3.12/site-packages/airflow/example_dags/tutorial.py
[2024-12-09T13:19:04.674+0000] {processor.py:925} INFO - DAG(s) 'tutorial' retrieved from /home/airflow/.local/lib/python3.12/site-packages/airflow/example_dags/tutorial.py
[2024-12-09T13:19:04.690+0000] {logging_mixin.py:190} INFO - [2024-12-09T13:19:04.690+0000] {dag.py:3239} INFO - Sync 1 DAGs
[2024-12-09T13:19:04.710+0000] {logging_mixin.py:190} INFO - [2024-12-09T13:19:04.710+0000] {dag.py:4180} INFO - Setting next_dagrun for tutorial to 2024-12-08 00:00:00+00:00, run_after=2024-12-09 00:00:00+00:00
[2024-12-09T13:19:04.725+0000] {processor.py:208} INFO - Processing /home/airflow/.local/lib/python3.12/site-packages/airflow/example_dags/tutorial.py took 0.065 seconds
[2024-12-09T13:19:37.682+0000] {processor.py:186} INFO - Started process (PID=539) to work on /home/airflow/.local/lib/python3.12/site-packages/airflow/example_dags/tutorial.py
[2024-12-09T13:19:37.682+0000] {processor.py:914} INFO - Processing file /home/airflow/.local/lib/python3.12/site-packages/airflow/example_dags/tutorial.py for tasks to queue
[2024-12-09T13:19:37.684+0000] {logging_mixin.py:190} INFO - [2024-12-09T13:19:37.684+0000] {dagbag.py:588} INFO - Filling up the DagBag from /home/airflow/.local/lib/python3.12/site-packages/airflow/example_dags/tutorial.py
[2024-12-09T13:19:37.690+0000] {processor.py:925} INFO - DAG(s) 'tutorial' retrieved from /home/airflow/.local/lib/python3.12/site-packages/airflow/example_dags/tutorial.py
[2024-12-09T13:19:37.707+0000] {logging_mixin.py:190} INFO - [2024-12-09T13:19:37.707+0000] {dag.py:3239} INFO - Sync 1 DAGs
[2024-12-09T13:19:37.728+0000] {logging_mixin.py:190} INFO - [2024-12-09T13:19:37.728+0000] {dag.py:4180} INFO - Setting next_dagrun for tutorial to 2024-12-08 00:00:00+00:00, run_after=2024-12-09 00:00:00+00:00
[2024-12-09T13:19:37.744+0000] {processor.py:208} INFO - Processing /home/airflow/.local/lib/python3.12/site-packages/airflow/example_dags/tutorial.py took 0.067 seconds
[2024-12-09T13:20:10.109+0000] {processor.py:186} INFO - Started process (PID=602) to work on /home/airflow/.local/lib/python3.12/site-packages/airflow/example_dags/tutorial.py
[2024-12-09T13:20:10.110+0000] {processor.py:914} INFO - Processing file /home/airflow/.local/lib/python3.12/site-packages/airflow/example_dags/tutorial.py for tasks to queue
[2024-12-09T13:20:10.112+0000] {logging_mixin.py:190} INFO - [2024-12-09T13:20:10.112+0000] {dagbag.py:588} INFO - Filling up the DagBag from /home/airflow/.local/lib/python3.12/site-packages/airflow/example_dags/tutorial.py
[2024-12-09T13:20:10.119+0000] {processor.py:925} INFO - DAG(s) 'tutorial' retrieved from /home/airflow/.local/lib/python3.12/site-packages/airflow/example_dags/tutorial.py
[2024-12-09T13:20:10.135+0000] {logging_mixin.py:190} INFO - [2024-12-09T13:20:10.135+0000] {dag.py:3239} INFO - Sync 1 DAGs
[2024-12-09T13:20:10.155+0000] {logging_mixin.py:190} INFO - [2024-12-09T13:20:10.155+0000] {dag.py:4180} INFO - Setting next_dagrun for tutorial to 2024-12-08 00:00:00+00:00, run_after=2024-12-09 00:00:00+00:00
[2024-12-09T13:20:10.170+0000] {processor.py:208} INFO - Processing /home/airflow/.local/lib/python3.12/site-packages/airflow/example_dags/tutorial.py took 0.065 seconds
[2024-12-09T13:20:42.905+0000] {processor.py:186} INFO - Started process (PID=665) to work on /home/airflow/.local/lib/python3.12/site-packages/airflow/example_dags/tutorial.py
[2024-12-09T13:20:42.906+0000] {processor.py:914} INFO - Processing file /home/airflow/.local/lib/python3.12/site-packages/airflow/example_dags/tutorial.py for tasks to queue
[2024-12-09T13:20:42.908+0000] {logging_mixin.py:190} INFO - [2024-12-09T13:20:42.908+0000] {dagbag.py:588} INFO - Filling up the DagBag from /home/airflow/.local/lib/python3.12/site-packages/airflow/example_dags/tutorial.py
[2024-12-09T13:20:42.914+0000] {processor.py:925} INFO - DAG(s) 'tutorial' retrieved from /home/airflow/.local/lib/python3.12/site-packages/airflow/example_dags/tutorial.py
[2024-12-09T13:20:42.930+0000] {logging_mixin.py:190} INFO - [2024-12-09T13:20:42.930+0000] {dag.py:3239} INFO - Sync 1 DAGs
[2024-12-09T13:20:42.949+0000] {logging_mixin.py:190} INFO - [2024-12-09T13:20:42.948+0000] {dag.py:4180} INFO - Setting next_dagrun for tutorial to 2024-12-08 00:00:00+00:00, run_after=2024-12-09 00:00:00+00:00
[2024-12-09T13:20:42.963+0000] {processor.py:208} INFO - Processing /home/airflow/.local/lib/python3.12/site-packages/airflow/example_dags/tutorial.py took 0.062 seconds
[2024-12-09T13:21:15.394+0000] {processor.py:186} INFO - Started process (PID=728) to work on /home/airflow/.local/lib/python3.12/site-packages/airflow/example_dags/tutorial.py
[2024-12-09T13:21:15.395+0000] {processor.py:914} INFO - Processing file /home/airflow/.local/lib/python3.12/site-packages/airflow/example_dags/tutorial.py for tasks to queue
[2024-12-09T13:21:15.396+0000] {logging_mixin.py:190} INFO - [2024-12-09T13:21:15.396+0000] {dagbag.py:588} INFO - Filling up the DagBag from /home/airflow/.local/lib/python3.12/site-packages/airflow/example_dags/tutorial.py
[2024-12-09T13:21:15.402+0000] {processor.py:925} INFO - DAG(s) 'tutorial' retrieved from /home/airflow/.local/lib/python3.12/site-packages/airflow/example_dags/tutorial.py
[2024-12-09T13:21:15.418+0000] {logging_mixin.py:190} INFO - [2024-12-09T13:21:15.418+0000] {dag.py:3239} INFO - Sync 1 DAGs
[2024-12-09T13:21:15.438+0000] {logging_mixin.py:190} INFO - [2024-12-09T13:21:15.438+0000] {dag.py:4180} INFO - Setting next_dagrun for tutorial to 2024-12-08 00:00:00+00:00, run_after=2024-12-09 00:00:00+00:00
[2024-12-09T13:21:15.451+0000] {processor.py:208} INFO - Processing /home/airflow/.local/lib/python3.12/site-packages/airflow/example_dags/tutorial.py took 0.062 seconds
[2024-12-09T13:21:48.905+0000] {processor.py:186} INFO - Started process (PID=793) to work on /home/airflow/.local/lib/python3.12/site-packages/airflow/example_dags/tutorial.py
[2024-12-09T13:21:48.906+0000] {processor.py:914} INFO - Processing file /home/airflow/.local/lib/python3.12/site-packages/airflow/example_dags/tutorial.py for tasks to queue
[2024-12-09T13:21:48.908+0000] {logging_mixin.py:190} INFO - [2024-12-09T13:21:48.907+0000] {dagbag.py:588} INFO - Filling up the DagBag from /home/airflow/.local/lib/python3.12/site-packages/airflow/example_dags/tutorial.py
[2024-12-09T13:21:48.914+0000] {processor.py:925} INFO - DAG(s) 'tutorial' retrieved from /home/airflow/.local/lib/python3.12/site-packages/airflow/example_dags/tutorial.py
[2024-12-09T13:21:48.930+0000] {logging_mixin.py:190} INFO - [2024-12-09T13:21:48.929+0000] {dag.py:3239} INFO - Sync 1 DAGs
[2024-12-09T13:21:48.948+0000] {logging_mixin.py:190} INFO - [2024-12-09T13:21:48.948+0000] {dag.py:4180} INFO - Setting next_dagrun for tutorial to 2024-12-08 00:00:00+00:00, run_after=2024-12-09 00:00:00+00:00
[2024-12-09T13:21:48.962+0000] {processor.py:208} INFO - Processing /home/airflow/.local/lib/python3.12/site-packages/airflow/example_dags/tutorial.py took 0.062 seconds
[2024-12-09T13:22:21.934+0000] {processor.py:186} INFO - Started process (PID=865) to work on /home/airflow/.local/lib/python3.12/site-packages/airflow/example_dags/tutorial.py
[2024-12-09T13:22:21.935+0000] {processor.py:914} INFO - Processing file /home/airflow/.local/lib/python3.12/site-packages/airflow/example_dags/tutorial.py for tasks to queue
[2024-12-09T13:22:21.937+0000] {logging_mixin.py:190} INFO - [2024-12-09T13:22:21.937+0000] {dagbag.py:588} INFO - Filling up the DagBag from /home/airflow/.local/lib/python3.12/site-packages/airflow/example_dags/tutorial.py
[2024-12-09T13:22:21.943+0000] {processor.py:925} INFO - DAG(s) 'tutorial' retrieved from /home/airflow/.local/lib/python3.12/site-packages/airflow/example_dags/tutorial.py
[2024-12-09T13:22:21.959+0000] {logging_mixin.py:190} INFO - [2024-12-09T13:22:21.959+0000] {dag.py:3239} INFO - Sync 1 DAGs
[2024-12-09T13:22:21.979+0000] {logging_mixin.py:190} INFO - [2024-12-09T13:22:21.979+0000] {dag.py:4180} INFO - Setting next_dagrun for tutorial to 2024-12-08 00:00:00+00:00, run_after=2024-12-09 00:00:00+00:00
[2024-12-09T13:22:21.994+0000] {processor.py:208} INFO - Processing /home/airflow/.local/lib/python3.12/site-packages/airflow/example_dags/tutorial.py took 0.064 seconds
[2024-12-09T13:22:54.121+0000] {processor.py:186} INFO - Started process (PID=928) to work on /home/airflow/.local/lib/python3.12/site-packages/airflow/example_dags/tutorial.py
[2024-12-09T13:22:54.122+0000] {processor.py:914} INFO - Processing file /home/airflow/.local/lib/python3.12/site-packages/airflow/example_dags/tutorial.py for tasks to queue
[2024-12-09T13:22:54.124+0000] {logging_mixin.py:190} INFO - [2024-12-09T13:22:54.124+0000] {dagbag.py:588} INFO - Filling up the DagBag from /home/airflow/.local/lib/python3.12/site-packages/airflow/example_dags/tutorial.py
[2024-12-09T13:22:54.131+0000] {processor.py:925} INFO - DAG(s) 'tutorial' retrieved from /home/airflow/.local/lib/python3.12/site-packages/airflow/example_dags/tutorial.py
[2024-12-09T13:22:54.149+0000] {logging_mixin.py:190} INFO - [2024-12-09T13:22:54.149+0000] {dag.py:3239} INFO - Sync 1 DAGs
[2024-12-09T13:22:54.169+0000] {logging_mixin.py:190} INFO - [2024-12-09T13:22:54.169+0000] {dag.py:4180} INFO - Setting next_dagrun for tutorial to 2024-12-08 00:00:00+00:00, run_after=2024-12-09 00:00:00+00:00
[2024-12-09T13:22:54.184+0000] {processor.py:208} INFO - Processing /home/airflow/.local/lib/python3.12/site-packages/airflow/example_dags/tutorial.py took 0.069 seconds
[2024-12-09T13:23:26.973+0000] {processor.py:186} INFO - Started process (PID=991) to work on /home/airflow/.local/lib/python3.12/site-packages/airflow/example_dags/tutorial.py
[2024-12-09T13:23:26.973+0000] {processor.py:914} INFO - Processing file /home/airflow/.local/lib/python3.12/site-packages/airflow/example_dags/tutorial.py for tasks to queue
[2024-12-09T13:23:26.975+0000] {logging_mixin.py:190} INFO - [2024-12-09T13:23:26.975+0000] {dagbag.py:588} INFO - Filling up the DagBag from /home/airflow/.local/lib/python3.12/site-packages/airflow/example_dags/tutorial.py
[2024-12-09T13:23:26.982+0000] {processor.py:925} INFO - DAG(s) 'tutorial' retrieved from /home/airflow/.local/lib/python3.12/site-packages/airflow/example_dags/tutorial.py
[2024-12-09T13:23:26.998+0000] {logging_mixin.py:190} INFO - [2024-12-09T13:23:26.998+0000] {dag.py:3239} INFO - Sync 1 DAGs
[2024-12-09T13:23:27.017+0000] {logging_mixin.py:190} INFO - [2024-12-09T13:23:27.017+0000] {dag.py:4180} INFO - Setting next_dagrun for tutorial to 2024-12-08 00:00:00+00:00, run_after=2024-12-09 00:00:00+00:00
[2024-12-09T13:23:27.033+0000] {processor.py:208} INFO - Processing /home/airflow/.local/lib/python3.12/site-packages/airflow/example_dags/tutorial.py took 0.065 seconds
[2024-12-09T13:23:59.502+0000] {processor.py:186} INFO - Started process (PID=1054) to work on /home/airflow/.local/lib/python3.12/site-packages/airflow/example_dags/tutorial.py
[2024-12-09T13:23:59.503+0000] {processor.py:914} INFO - Processing file /home/airflow/.local/lib/python3.12/site-packages/airflow/example_dags/tutorial.py for tasks to queue
[2024-12-09T13:23:59.505+0000] {logging_mixin.py:190} INFO - [2024-12-09T13:23:59.505+0000] {dagbag.py:588} INFO - Filling up the DagBag from /home/airflow/.local/lib/python3.12/site-packages/airflow/example_dags/tutorial.py
[2024-12-09T13:23:59.511+0000] {processor.py:925} INFO - DAG(s) 'tutorial' retrieved from /home/airflow/.local/lib/python3.12/site-packages/airflow/example_dags/tutorial.py
[2024-12-09T13:23:59.528+0000] {logging_mixin.py:190} INFO - [2024-12-09T13:23:59.528+0000] {dag.py:3239} INFO - Sync 1 DAGs
[2024-12-09T13:23:59.547+0000] {logging_mixin.py:190} INFO - [2024-12-09T13:23:59.547+0000] {dag.py:4180} INFO - Setting next_dagrun for tutorial to 2024-12-08 00:00:00+00:00, run_after=2024-12-09 00:00:00+00:00
[2024-12-09T13:23:59.562+0000] {processor.py:208} INFO - Processing /home/airflow/.local/lib/python3.12/site-packages/airflow/example_dags/tutorial.py took 0.064 seconds
[2024-12-09T13:24:33.066+0000] {processor.py:186} INFO - Started process (PID=1117) to work on /home/airflow/.local/lib/python3.12/site-packages/airflow/example_dags/tutorial.py
[2024-12-09T13:24:33.067+0000] {processor.py:914} INFO - Processing file /home/airflow/.local/lib/python3.12/site-packages/airflow/example_dags/tutorial.py for tasks to queue
[2024-12-09T13:24:33.068+0000] {logging_mixin.py:190} INFO - [2024-12-09T13:24:33.068+0000] {dagbag.py:588} INFO - Filling up the DagBag from /home/airflow/.local/lib/python3.12/site-packages/airflow/example_dags/tutorial.py
[2024-12-09T13:24:33.074+0000] {processor.py:925} INFO - DAG(s) 'tutorial' retrieved from /home/airflow/.local/lib/python3.12/site-packages/airflow/example_dags/tutorial.py
[2024-12-09T13:24:33.089+0000] {logging_mixin.py:190} INFO - [2024-12-09T13:24:33.089+0000] {dag.py:3239} INFO - Sync 1 DAGs
[2024-12-09T13:24:33.107+0000] {logging_mixin.py:190} INFO - [2024-12-09T13:24:33.107+0000] {dag.py:4180} INFO - Setting next_dagrun for tutorial to 2024-12-08 00:00:00+00:00, run_after=2024-12-09 00:00:00+00:00
[2024-12-09T13:24:33.121+0000] {processor.py:208} INFO - Processing /home/airflow/.local/lib/python3.12/site-packages/airflow/example_dags/tutorial.py took 0.060 seconds
[2024-12-09T13:25:05.240+0000] {processor.py:186} INFO - Started process (PID=1180) to work on /home/airflow/.local/lib/python3.12/site-packages/airflow/example_dags/tutorial.py
[2024-12-09T13:25:05.241+0000] {processor.py:914} INFO - Processing file /home/airflow/.local/lib/python3.12/site-packages/airflow/example_dags/tutorial.py for tasks to queue
[2024-12-09T13:25:05.244+0000] {logging_mixin.py:190} INFO - [2024-12-09T13:25:05.243+0000] {dagbag.py:588} INFO - Filling up the DagBag from /home/airflow/.local/lib/python3.12/site-packages/airflow/example_dags/tutorial.py
[2024-12-09T13:25:05.250+0000] {processor.py:925} INFO - DAG(s) 'tutorial' retrieved from /home/airflow/.local/lib/python3.12/site-packages/airflow/example_dags/tutorial.py
[2024-12-09T13:25:05.272+0000] {logging_mixin.py:190} INFO - [2024-12-09T13:25:05.272+0000] {dag.py:3239} INFO - Sync 1 DAGs
[2024-12-09T13:25:05.291+0000] {logging_mixin.py:190} INFO - [2024-12-09T13:25:05.290+0000] {dag.py:4180} INFO - Setting next_dagrun for tutorial to 2024-12-08 00:00:00+00:00, run_after=2024-12-09 00:00:00+00:00
[2024-12-09T13:25:05.305+0000] {processor.py:208} INFO - Processing /home/airflow/.local/lib/python3.12/site-packages/airflow/example_dags/tutorial.py took 0.069 seconds
[2024-12-09T13:25:37.768+0000] {processor.py:186} INFO - Started process (PID=1243) to work on /home/airflow/.local/lib/python3.12/site-packages/airflow/example_dags/tutorial.py
[2024-12-09T13:25:37.769+0000] {processor.py:914} INFO - Processing file /home/airflow/.local/lib/python3.12/site-packages/airflow/example_dags/tutorial.py for tasks to queue
[2024-12-09T13:25:37.771+0000] {logging_mixin.py:190} INFO - [2024-12-09T13:25:37.770+0000] {dagbag.py:588} INFO - Filling up the DagBag from /home/airflow/.local/lib/python3.12/site-packages/airflow/example_dags/tutorial.py
[2024-12-09T13:25:37.777+0000] {processor.py:925} INFO - DAG(s) 'tutorial' retrieved from /home/airflow/.local/lib/python3.12/site-packages/airflow/example_dags/tutorial.py
[2024-12-09T13:25:37.793+0000] {logging_mixin.py:190} INFO - [2024-12-09T13:25:37.793+0000] {dag.py:3239} INFO - Sync 1 DAGs
[2024-12-09T13:25:37.813+0000] {logging_mixin.py:190} INFO - [2024-12-09T13:25:37.813+0000] {dag.py:4180} INFO - Setting next_dagrun for tutorial to 2024-12-08 00:00:00+00:00, run_after=2024-12-09 00:00:00+00:00
[2024-12-09T13:25:37.828+0000] {processor.py:208} INFO - Processing /home/airflow/.local/lib/python3.12/site-packages/airflow/example_dags/tutorial.py took 0.065 seconds
[2024-12-09T13:26:11.486+0000] {processor.py:186} INFO - Started process (PID=1310) to work on /home/airflow/.local/lib/python3.12/site-packages/airflow/example_dags/tutorial.py
[2024-12-09T13:26:11.487+0000] {processor.py:914} INFO - Processing file /home/airflow/.local/lib/python3.12/site-packages/airflow/example_dags/tutorial.py for tasks to queue
[2024-12-09T13:26:11.488+0000] {logging_mixin.py:190} INFO - [2024-12-09T13:26:11.488+0000] {dagbag.py:588} INFO - Filling up the DagBag from /home/airflow/.local/lib/python3.12/site-packages/airflow/example_dags/tutorial.py
[2024-12-09T13:26:11.495+0000] {processor.py:925} INFO - DAG(s) 'tutorial' retrieved from /home/airflow/.local/lib/python3.12/site-packages/airflow/example_dags/tutorial.py
[2024-12-09T13:26:11.511+0000] {logging_mixin.py:190} INFO - [2024-12-09T13:26:11.510+0000] {dag.py:3239} INFO - Sync 1 DAGs
[2024-12-09T13:26:11.529+0000] {logging_mixin.py:190} INFO - [2024-12-09T13:26:11.529+0000] {dag.py:4180} INFO - Setting next_dagrun for tutorial to 2024-12-08 00:00:00+00:00, run_after=2024-12-09 00:00:00+00:00
[2024-12-09T13:26:11.545+0000] {processor.py:208} INFO - Processing /home/airflow/.local/lib/python3.12/site-packages/airflow/example_dags/tutorial.py took 0.063 seconds
[2024-12-09T13:26:43.792+0000] {processor.py:186} INFO - Started process (PID=1373) to work on /home/airflow/.local/lib/python3.12/site-packages/airflow/example_dags/tutorial.py
[2024-12-09T13:26:43.793+0000] {processor.py:914} INFO - Processing file /home/airflow/.local/lib/python3.12/site-packages/airflow/example_dags/tutorial.py for tasks to queue
[2024-12-09T13:26:43.795+0000] {logging_mixin.py:190} INFO - [2024-12-09T13:26:43.794+0000] {dagbag.py:588} INFO - Filling up the DagBag from /home/airflow/.local/lib/python3.12/site-packages/airflow/example_dags/tutorial.py
[2024-12-09T13:26:43.801+0000] {processor.py:925} INFO - DAG(s) 'tutorial' retrieved from /home/airflow/.local/lib/python3.12/site-packages/airflow/example_dags/tutorial.py
[2024-12-09T13:26:43.818+0000] {logging_mixin.py:190} INFO - [2024-12-09T13:26:43.818+0000] {dag.py:3239} INFO - Sync 1 DAGs
[2024-12-09T13:26:43.837+0000] {logging_mixin.py:190} INFO - [2024-12-09T13:26:43.837+0000] {dag.py:4180} INFO - Setting next_dagrun for tutorial to 2024-12-08 00:00:00+00:00, run_after=2024-12-09 00:00:00+00:00
[2024-12-09T13:26:43.852+0000] {processor.py:208} INFO - Processing /home/airflow/.local/lib/python3.12/site-packages/airflow/example_dags/tutorial.py took 0.064 seconds
[2024-12-09T13:27:16.354+0000] {processor.py:186} INFO - Started process (PID=1436) to work on /home/airflow/.local/lib/python3.12/site-packages/airflow/example_dags/tutorial.py
[2024-12-09T13:27:16.355+0000] {processor.py:914} INFO - Processing file /home/airflow/.local/lib/python3.12/site-packages/airflow/example_dags/tutorial.py for tasks to queue
[2024-12-09T13:27:16.357+0000] {logging_mixin.py:190} INFO - [2024-12-09T13:27:16.357+0000] {dagbag.py:588} INFO - Filling up the DagBag from /home/airflow/.local/lib/python3.12/site-packages/airflow/example_dags/tutorial.py
[2024-12-09T13:27:16.363+0000] {processor.py:925} INFO - DAG(s) 'tutorial' retrieved from /home/airflow/.local/lib/python3.12/site-packages/airflow/example_dags/tutorial.py
[2024-12-09T13:27:16.380+0000] {logging_mixin.py:190} INFO - [2024-12-09T13:27:16.379+0000] {dag.py:3239} INFO - Sync 1 DAGs
[2024-12-09T13:27:16.399+0000] {logging_mixin.py:190} INFO - [2024-12-09T13:27:16.398+0000] {dag.py:4180} INFO - Setting next_dagrun for tutorial to 2024-12-08 00:00:00+00:00, run_after=2024-12-09 00:00:00+00:00
[2024-12-09T13:27:16.414+0000] {processor.py:208} INFO - Processing /home/airflow/.local/lib/python3.12/site-packages/airflow/example_dags/tutorial.py took 0.064 seconds
