[2024-12-11T21:23:30.015+0000] {local_task_job_runner.py:123} INFO - ::group::Pre task execution logs
[2024-12-11T21:23:30.032+0000] {taskinstance.py:2613} INFO - Dependencies all met for dep_context=non-requeueable deps ti=<TaskInstance: fetch_and_store_google_books.fetch_book_data scheduled__2024-09-24T00:00:00+00:00 [queued]>
[2024-12-11T21:23:30.041+0000] {taskinstance.py:2613} INFO - Dependencies all met for dep_context=requeueable deps ti=<TaskInstance: fetch_and_store_google_books.fetch_book_data scheduled__2024-09-24T00:00:00+00:00 [queued]>
[2024-12-11T21:23:30.042+0000] {taskinstance.py:2866} INFO - Starting attempt 1 of 2
[2024-12-11T21:23:30.056+0000] {taskinstance.py:2889} INFO - Executing <Task(PythonOperator): fetch_book_data> on 2024-09-24 00:00:00+00:00
[2024-12-11T21:23:30.065+0000] {warnings.py:112} WARNING - /home/***/.local/lib/python3.12/site-packages/***/task/task_runner/standard_task_runner.py:70: DeprecationWarning: This process (pid=1442) is multi-threaded, use of fork() may lead to deadlocks in the child.
  pid = os.fork()

[2024-12-11T21:23:30.067+0000] {standard_task_runner.py:72} INFO - Started process 1446 to run task
[2024-12-11T21:23:30.067+0000] {standard_task_runner.py:104} INFO - Running: ['***', 'tasks', 'run', 'fetch_and_store_google_books', 'fetch_book_data', 'scheduled__2024-09-24T00:00:00+00:00', '--job-id', '964', '--raw', '--subdir', 'DAGS_FOLDER/dag2.py', '--cfg-path', '/tmp/tmpgggwmcub']
[2024-12-11T21:23:30.068+0000] {standard_task_runner.py:105} INFO - Job 964: Subtask fetch_book_data
[2024-12-11T21:23:30.111+0000] {task_command.py:467} INFO - Running <TaskInstance: fetch_and_store_google_books.fetch_book_data scheduled__2024-09-24T00:00:00+00:00 [running]> on host bb74d1700244
[2024-12-11T21:23:30.200+0000] {taskinstance.py:3132} INFO - Exporting env vars: AIRFLOW_CTX_DAG_OWNER='***' AIRFLOW_CTX_DAG_ID='fetch_and_store_google_books' AIRFLOW_CTX_TASK_ID='fetch_book_data' AIRFLOW_CTX_EXECUTION_DATE='2024-09-24T00:00:00+00:00' AIRFLOW_CTX_TRY_NUMBER='1' AIRFLOW_CTX_DAG_RUN_ID='scheduled__2024-09-24T00:00:00+00:00'
[2024-12-11T21:23:30.201+0000] {logging_mixin.py:190} INFO - Task instance is in running state
[2024-12-11T21:23:30.202+0000] {logging_mixin.py:190} INFO -  Previous state of the Task instance: queued
[2024-12-11T21:23:30.202+0000] {logging_mixin.py:190} INFO - Current task name:fetch_book_data state:running start_date:2024-12-11 21:23:30.033145+00:00
[2024-12-11T21:23:30.203+0000] {logging_mixin.py:190} INFO - Dag name:fetch_and_store_google_books and current dag run status:running
[2024-12-11T21:23:30.203+0000] {taskinstance.py:731} INFO - ::endgroup::
[2024-12-11T21:23:35.539+0000] {python.py:240} INFO - Done. Returned value was: None
[2024-12-11T21:23:35.549+0000] {taskinstance.py:340} INFO - ::group::Post task execution logs
[2024-12-11T21:23:35.549+0000] {taskinstance.py:352} INFO - Marking task as SUCCESS. dag_id=fetch_and_store_google_books, task_id=fetch_book_data, run_id=scheduled__2024-09-24T00:00:00+00:00, execution_date=20240924T000000, start_date=20241211T212330, end_date=20241211T212335
[2024-12-11T21:23:35.603+0000] {logging_mixin.py:190} INFO - Task instance in success state
[2024-12-11T21:23:35.603+0000] {logging_mixin.py:190} INFO -  Previous state of the Task instance: running
[2024-12-11T21:23:35.604+0000] {logging_mixin.py:190} INFO - Dag name:fetch_and_store_google_books queued_at:2024-12-11 21:23:27.805154+00:00
[2024-12-11T21:23:35.604+0000] {logging_mixin.py:190} INFO - Task hostname:bb74d1700244 operator:PythonOperator
[2024-12-11T21:23:35.650+0000] {local_task_job_runner.py:266} INFO - Task exited with return code 0
[2024-12-11T21:23:35.673+0000] {taskinstance.py:3895} INFO - 1 downstream tasks scheduled from follow-on schedule check
[2024-12-11T21:23:35.675+0000] {local_task_job_runner.py:245} INFO - ::endgroup::
