[2024-12-11T21:12:25.886+0000] {local_task_job_runner.py:123} INFO - ::group::Pre task execution logs
[2024-12-11T21:12:25.965+0000] {taskinstance.py:2613} INFO - Dependencies all met for dep_context=non-requeueable deps ti=<TaskInstance: fetch_and_store_google_books.fetch_book_data scheduled__2024-06-21T00:00:00+00:00 [queued]>
[2024-12-11T21:12:25.982+0000] {taskinstance.py:2613} INFO - Dependencies all met for dep_context=requeueable deps ti=<TaskInstance: fetch_and_store_google_books.fetch_book_data scheduled__2024-06-21T00:00:00+00:00 [queued]>
[2024-12-11T21:12:25.983+0000] {taskinstance.py:2866} INFO - Starting attempt 1 of 2
[2024-12-11T21:12:26.022+0000] {taskinstance.py:2889} INFO - Executing <Task(PythonOperator): fetch_book_data> on 2024-06-21 00:00:00+00:00
[2024-12-11T21:12:26.093+0000] {warnings.py:112} WARNING - /home/***/.local/lib/python3.12/site-packages/***/task/task_runner/standard_task_runner.py:70: DeprecationWarning: This process (pid=90) is multi-threaded, use of fork() may lead to deadlocks in the child.
  pid = os.fork()

[2024-12-11T21:12:26.100+0000] {standard_task_runner.py:104} INFO - Running: ['***', 'tasks', 'run', 'fetch_and_store_google_books', 'fetch_book_data', 'scheduled__2024-06-21T00:00:00+00:00', '--job-id', '666', '--raw', '--subdir', 'DAGS_FOLDER/dag2.py', '--cfg-path', '/tmp/tmpbom0wwpi']
[2024-12-11T21:12:26.102+0000] {standard_task_runner.py:105} INFO - Job 666: Subtask fetch_book_data
[2024-12-11T21:12:26.104+0000] {standard_task_runner.py:72} INFO - Started process 134 to run task
[2024-12-11T21:12:26.334+0000] {task_command.py:467} INFO - Running <TaskInstance: fetch_and_store_google_books.fetch_book_data scheduled__2024-06-21T00:00:00+00:00 [running]> on host bb74d1700244
[2024-12-11T21:12:26.715+0000] {taskinstance.py:3132} INFO - Exporting env vars: AIRFLOW_CTX_DAG_OWNER='***' AIRFLOW_CTX_DAG_ID='fetch_and_store_google_books' AIRFLOW_CTX_TASK_ID='fetch_book_data' AIRFLOW_CTX_EXECUTION_DATE='2024-06-21T00:00:00+00:00' AIRFLOW_CTX_TRY_NUMBER='1' AIRFLOW_CTX_DAG_RUN_ID='scheduled__2024-06-21T00:00:00+00:00'
[2024-12-11T21:12:26.717+0000] {logging_mixin.py:190} INFO - Task instance is in running state
[2024-12-11T21:12:26.719+0000] {logging_mixin.py:190} INFO -  Previous state of the Task instance: queued
[2024-12-11T21:12:26.721+0000] {logging_mixin.py:190} INFO - Current task name:fetch_book_data state:running start_date:2024-12-11 21:12:25.966857+00:00
[2024-12-11T21:12:26.723+0000] {logging_mixin.py:190} INFO - Dag name:fetch_and_store_google_books and current dag run status:running
[2024-12-11T21:12:26.727+0000] {taskinstance.py:731} INFO - ::endgroup::
[2024-12-11T21:12:37.215+0000] {python.py:240} INFO - Done. Returned value was: None
[2024-12-11T21:12:37.228+0000] {taskinstance.py:340} INFO - ::group::Post task execution logs
[2024-12-11T21:12:37.229+0000] {taskinstance.py:352} INFO - Marking task as SUCCESS. dag_id=fetch_and_store_google_books, task_id=fetch_book_data, run_id=scheduled__2024-06-21T00:00:00+00:00, execution_date=20240621T000000, start_date=20241211T211225, end_date=20241211T211237
[2024-12-11T21:12:37.248+0000] {logging_mixin.py:190} INFO - Task instance in success state
[2024-12-11T21:12:37.249+0000] {logging_mixin.py:190} INFO -  Previous state of the Task instance: running
[2024-12-11T21:12:37.249+0000] {logging_mixin.py:190} INFO - Dag name:fetch_and_store_google_books queued_at:2024-12-11 21:12:15.149850+00:00
[2024-12-11T21:12:37.250+0000] {logging_mixin.py:190} INFO - Task hostname:bb74d1700244 operator:PythonOperator
[2024-12-11T21:12:37.295+0000] {local_task_job_runner.py:266} INFO - Task exited with return code 0
[2024-12-11T21:12:37.329+0000] {taskinstance.py:3895} INFO - 1 downstream tasks scheduled from follow-on schedule check
[2024-12-11T21:12:37.331+0000] {local_task_job_runner.py:245} INFO - ::endgroup::
