[2024-12-11T21:22:11.171+0000] {local_task_job_runner.py:123} INFO - ::group::Pre task execution logs
[2024-12-11T21:22:11.186+0000] {taskinstance.py:2613} INFO - Dependencies all met for dep_context=non-requeueable deps ti=<TaskInstance: fetch_and_store_google_books.create_table scheduled__2024-09-12T00:00:00+00:00 [queued]>
[2024-12-11T21:22:11.193+0000] {taskinstance.py:2613} INFO - Dependencies all met for dep_context=requeueable deps ti=<TaskInstance: fetch_and_store_google_books.create_table scheduled__2024-09-12T00:00:00+00:00 [queued]>
[2024-12-11T21:22:11.194+0000] {taskinstance.py:2866} INFO - Starting attempt 1 of 2
[2024-12-11T21:22:11.206+0000] {taskinstance.py:2889} INFO - Executing <Task(PostgresOperator): create_table> on 2024-09-12 00:00:00+00:00
[2024-12-11T21:22:11.214+0000] {warnings.py:112} WARNING - /home/***/.local/lib/python3.12/site-packages/***/task/task_runner/standard_task_runner.py:70: DeprecationWarning: This process (pid=1295) is multi-threaded, use of fork() may lead to deadlocks in the child.
  pid = os.fork()

[2024-12-11T21:22:11.216+0000] {standard_task_runner.py:72} INFO - Started process 1297 to run task
[2024-12-11T21:22:11.216+0000] {standard_task_runner.py:104} INFO - Running: ['***', 'tasks', 'run', 'fetch_and_store_google_books', 'create_table', 'scheduled__2024-09-12T00:00:00+00:00', '--job-id', '932', '--raw', '--subdir', 'DAGS_FOLDER/dag2.py', '--cfg-path', '/tmp/tmpioopn82i']
[2024-12-11T21:22:11.217+0000] {standard_task_runner.py:105} INFO - Job 932: Subtask create_table
[2024-12-11T21:22:11.257+0000] {task_command.py:467} INFO - Running <TaskInstance: fetch_and_store_google_books.create_table scheduled__2024-09-12T00:00:00+00:00 [running]> on host bb74d1700244
[2024-12-11T21:22:11.342+0000] {taskinstance.py:3132} INFO - Exporting env vars: AIRFLOW_CTX_DAG_OWNER='***' AIRFLOW_CTX_DAG_ID='fetch_and_store_google_books' AIRFLOW_CTX_TASK_ID='create_table' AIRFLOW_CTX_EXECUTION_DATE='2024-09-12T00:00:00+00:00' AIRFLOW_CTX_TRY_NUMBER='1' AIRFLOW_CTX_DAG_RUN_ID='scheduled__2024-09-12T00:00:00+00:00'
[2024-12-11T21:22:11.343+0000] {logging_mixin.py:190} INFO - Task instance is in running state
[2024-12-11T21:22:11.343+0000] {logging_mixin.py:190} INFO -  Previous state of the Task instance: queued
[2024-12-11T21:22:11.344+0000] {logging_mixin.py:190} INFO - Current task name:create_table state:running start_date:2024-12-11 21:22:11.187193+00:00
[2024-12-11T21:22:11.344+0000] {logging_mixin.py:190} INFO - Dag name:fetch_and_store_google_books and current dag run status:running
[2024-12-11T21:22:11.345+0000] {taskinstance.py:731} INFO - ::endgroup::
[2024-12-11T21:22:11.345+0000] {sql.py:278} INFO - Executing:  
        CREATE TABLE IF NOT EXISTS google_books (
            id SERIAL PRIMARY KEY,
            title TEXT NOT NULL,
            authors TEXT,
            price TEXT,
            rating TEXT,
            link TEXT
        );
        
[2024-12-11T21:22:11.354+0000] {base.py:84} INFO - Retrieving connection 'books_connection2'
[2024-12-11T21:22:11.361+0000] {base.py:84} INFO - Retrieving connection 'books_connection2'
[2024-12-11T21:22:11.365+0000] {sql.py:544} INFO - Running statement:  
        CREATE TABLE IF NOT EXISTS google_books (
            id SERIAL PRIMARY KEY,
            title TEXT NOT NULL,
            authors TEXT,
            price TEXT,
            rating TEXT,
            link TEXT
        );
        , parameters: None
[2024-12-11T21:22:11.375+0000] {taskinstance.py:340} INFO - ::group::Post task execution logs
[2024-12-11T21:22:11.376+0000] {taskinstance.py:352} INFO - Marking task as SUCCESS. dag_id=fetch_and_store_google_books, task_id=create_table, run_id=scheduled__2024-09-12T00:00:00+00:00, execution_date=20240912T000000, start_date=20241211T212211, end_date=20241211T212211
[2024-12-11T21:22:11.385+0000] {logging_mixin.py:190} INFO - Task instance in success state
[2024-12-11T21:22:11.385+0000] {logging_mixin.py:190} INFO -  Previous state of the Task instance: running
[2024-12-11T21:22:11.386+0000] {logging_mixin.py:190} INFO - Dag name:fetch_and_store_google_books queued_at:2024-12-11 21:22:02.024881+00:00
[2024-12-11T21:22:11.386+0000] {logging_mixin.py:190} INFO - Task hostname:bb74d1700244 operator:PostgresOperator
[2024-12-11T21:22:11.430+0000] {local_task_job_runner.py:266} INFO - Task exited with return code 0
[2024-12-11T21:22:11.449+0000] {taskinstance.py:3895} INFO - 1 downstream tasks scheduled from follow-on schedule check
[2024-12-11T21:22:11.451+0000] {local_task_job_runner.py:245} INFO - ::endgroup::
