[2024-12-11T21:03:21.211+0000] {local_task_job_runner.py:123} INFO - ::group::Pre task execution logs
[2024-12-11T21:03:21.228+0000] {taskinstance.py:2613} INFO - Dependencies all met for dep_context=non-requeueable deps ti=<TaskInstance: fetch_and_store_amazon_books.create_table manual__2024-12-11T21:03:15.850067+00:00 [queued]>
[2024-12-11T21:03:21.377+0000] {taskinstance.py:2613} INFO - Dependencies all met for dep_context=requeueable deps ti=<TaskInstance: fetch_and_store_amazon_books.create_table manual__2024-12-11T21:03:15.850067+00:00 [queued]>
[2024-12-11T21:03:21.378+0000] {taskinstance.py:2866} INFO - Starting attempt 1 of 2
[2024-12-11T21:03:21.389+0000] {taskinstance.py:2889} INFO - Executing <Task(PostgresOperator): create_table> on 2024-12-11 21:03:15.850067+00:00
[2024-12-11T21:03:21.398+0000] {warnings.py:112} WARNING - /home/***/.local/lib/python3.12/site-packages/***/task/task_runner/standard_task_runner.py:70: DeprecationWarning: This process (pid=3727) is multi-threaded, use of fork() may lead to deadlocks in the child.
  pid = os.fork()

[2024-12-11T21:03:21.399+0000] {standard_task_runner.py:72} INFO - Started process 3729 to run task
[2024-12-11T21:03:21.400+0000] {standard_task_runner.py:104} INFO - Running: ['***', 'tasks', 'run', 'fetch_and_store_amazon_books', 'create_table', 'manual__2024-12-11T21:03:15.850067+00:00', '--job-id', '650', '--raw', '--subdir', 'DAGS_FOLDER/app.py', '--cfg-path', '/tmp/tmpv2zw6tmz']
[2024-12-11T21:03:21.400+0000] {standard_task_runner.py:105} INFO - Job 650: Subtask create_table
[2024-12-11T21:03:21.443+0000] {task_command.py:467} INFO - Running <TaskInstance: fetch_and_store_amazon_books.create_table manual__2024-12-11T21:03:15.850067+00:00 [running]> on host aaf3c4c4d810
[2024-12-11T21:03:21.513+0000] {taskinstance.py:3132} INFO - Exporting env vars: AIRFLOW_CTX_DAG_OWNER='***' AIRFLOW_CTX_DAG_ID='fetch_and_store_amazon_books' AIRFLOW_CTX_TASK_ID='create_table' AIRFLOW_CTX_EXECUTION_DATE='2024-12-11T21:03:15.850067+00:00' AIRFLOW_CTX_TRY_NUMBER='1' AIRFLOW_CTX_DAG_RUN_ID='manual__2024-12-11T21:03:15.850067+00:00'
[2024-12-11T21:03:21.514+0000] {logging_mixin.py:190} INFO - Task instance is in running state
[2024-12-11T21:03:21.515+0000] {logging_mixin.py:190} INFO -  Previous state of the Task instance: queued
[2024-12-11T21:03:21.515+0000] {logging_mixin.py:190} INFO - Current task name:create_table state:running start_date:2024-12-11 21:03:21.229294+00:00
[2024-12-11T21:03:21.516+0000] {logging_mixin.py:190} INFO - Dag name:fetch_and_store_amazon_books and current dag run status:running
[2024-12-11T21:03:21.516+0000] {taskinstance.py:731} INFO - ::endgroup::
[2024-12-11T21:03:21.517+0000] {sql.py:278} INFO - Executing:  
        CREATE TABLE IF NOT EXISTS books (
            id SERIAL PRIMARY KEY,
            title TEXT NOT NULL,
            authors TEXT,
            price TEXT,
            rating TEXT
        );
        
[2024-12-11T21:03:21.524+0000] {base.py:84} INFO - Retrieving connection 'books_connection'
[2024-12-11T21:03:21.533+0000] {base.py:84} INFO - Retrieving connection 'books_connection'
[2024-12-11T21:03:21.537+0000] {sql.py:544} INFO - Running statement:  
        CREATE TABLE IF NOT EXISTS books (
            id SERIAL PRIMARY KEY,
            title TEXT NOT NULL,
            authors TEXT,
            price TEXT,
            rating TEXT
        );
        , parameters: None
[2024-12-11T21:03:21.553+0000] {taskinstance.py:340} INFO - ::group::Post task execution logs
[2024-12-11T21:03:21.554+0000] {taskinstance.py:352} INFO - Marking task as SUCCESS. dag_id=fetch_and_store_amazon_books, task_id=create_table, run_id=manual__2024-12-11T21:03:15.850067+00:00, execution_date=20241211T210315, start_date=20241211T210321, end_date=20241211T210321
[2024-12-11T21:03:21.563+0000] {logging_mixin.py:190} INFO - Task instance in success state
[2024-12-11T21:03:21.564+0000] {logging_mixin.py:190} INFO -  Previous state of the Task instance: running
[2024-12-11T21:03:21.564+0000] {logging_mixin.py:190} INFO - Dag name:fetch_and_store_amazon_books queued_at:2024-12-11 21:03:15.857557+00:00
[2024-12-11T21:03:21.565+0000] {logging_mixin.py:190} INFO - Task hostname:aaf3c4c4d810 operator:PostgresOperator
[2024-12-11T21:03:21.613+0000] {local_task_job_runner.py:266} INFO - Task exited with return code 0
[2024-12-11T21:03:21.638+0000] {taskinstance.py:3895} INFO - 1 downstream tasks scheduled from follow-on schedule check
[2024-12-11T21:03:21.640+0000] {local_task_job_runner.py:245} INFO - ::endgroup::
