[2024-12-11T20:31:06.632+0000] {local_task_job_runner.py:123} INFO - ::group::Pre task execution logs
[2024-12-11T20:31:06.659+0000] {taskinstance.py:2613} INFO - Dependencies all met for dep_context=non-requeueable deps ti=<TaskInstance: fetch_and_store_amazon_books.create_table scheduled__2024-09-27T00:00:00+00:00 [queued]>
[2024-12-11T20:31:06.670+0000] {taskinstance.py:2613} INFO - Dependencies all met for dep_context=requeueable deps ti=<TaskInstance: fetch_and_store_amazon_books.create_table scheduled__2024-09-27T00:00:00+00:00 [queued]>
[2024-12-11T20:31:06.671+0000] {taskinstance.py:2866} INFO - Starting attempt 1 of 2
[2024-12-11T20:31:06.695+0000] {taskinstance.py:2889} INFO - Executing <Task(PostgresOperator): create_table> on 2024-09-27 00:00:00+00:00
[2024-12-11T20:31:06.707+0000] {warnings.py:112} WARNING - /home/***/.local/lib/python3.12/site-packages/***/task/task_runner/standard_task_runner.py:70: DeprecationWarning: This process (pid=2110) is multi-threaded, use of fork() may lead to deadlocks in the child.
  pid = os.fork()

[2024-12-11T20:31:06.709+0000] {standard_task_runner.py:72} INFO - Started process 2148 to run task
[2024-12-11T20:31:06.747+0000] {standard_task_runner.py:104} INFO - Running: ['***', 'tasks', 'run', 'fetch_and_store_amazon_books', 'create_table', 'scheduled__2024-09-27T00:00:00+00:00', '--job-id', '344', '--raw', '--subdir', 'DAGS_FOLDER/app.py', '--cfg-path', '/tmp/tmpghyld4sn']
[2024-12-11T20:31:06.749+0000] {standard_task_runner.py:105} INFO - Job 344: Subtask create_table
[2024-12-11T20:31:06.848+0000] {task_command.py:467} INFO - Running <TaskInstance: fetch_and_store_amazon_books.create_table scheduled__2024-09-27T00:00:00+00:00 [running]> on host aaf3c4c4d810
[2024-12-11T20:31:06.980+0000] {taskinstance.py:3132} INFO - Exporting env vars: AIRFLOW_CTX_DAG_OWNER='***' AIRFLOW_CTX_DAG_ID='fetch_and_store_amazon_books' AIRFLOW_CTX_TASK_ID='create_table' AIRFLOW_CTX_EXECUTION_DATE='2024-09-27T00:00:00+00:00' AIRFLOW_CTX_TRY_NUMBER='1' AIRFLOW_CTX_DAG_RUN_ID='scheduled__2024-09-27T00:00:00+00:00'
[2024-12-11T20:31:06.983+0000] {logging_mixin.py:190} INFO - Task instance is in running state
[2024-12-11T20:31:06.983+0000] {logging_mixin.py:190} INFO -  Previous state of the Task instance: queued
[2024-12-11T20:31:06.984+0000] {logging_mixin.py:190} INFO - Current task name:create_table state:running start_date:2024-12-11 20:31:06.660141+00:00
[2024-12-11T20:31:06.985+0000] {logging_mixin.py:190} INFO - Dag name:fetch_and_store_amazon_books and current dag run status:running
[2024-12-11T20:31:06.986+0000] {taskinstance.py:731} INFO - ::endgroup::
[2024-12-11T20:31:06.988+0000] {sql.py:278} INFO - Executing: 
    CREATE TABLE IF NOT EXISTS books (
        id SERIAL PRIMARY KEY,
        title TEXT NOT NULL,
        authors TEXT,
        price TEXT,
        rating TEXT
    );
    
[2024-12-11T20:31:07.005+0000] {base.py:84} INFO - Retrieving connection 'books_connection'
[2024-12-11T20:31:07.028+0000] {base.py:84} INFO - Retrieving connection 'books_connection'
[2024-12-11T20:31:07.043+0000] {sql.py:544} INFO - Running statement: 
    CREATE TABLE IF NOT EXISTS books (
        id SERIAL PRIMARY KEY,
        title TEXT NOT NULL,
        authors TEXT,
        price TEXT,
        rating TEXT
    );
    , parameters: None
[2024-12-11T20:31:07.073+0000] {taskinstance.py:340} INFO - ::group::Post task execution logs
[2024-12-11T20:31:07.074+0000] {taskinstance.py:352} INFO - Marking task as SUCCESS. dag_id=fetch_and_store_amazon_books, task_id=create_table, run_id=scheduled__2024-09-27T00:00:00+00:00, execution_date=20240927T000000, start_date=20241211T203106, end_date=20241211T203107
[2024-12-11T20:31:07.097+0000] {logging_mixin.py:190} INFO - Task instance in success state
[2024-12-11T20:31:07.099+0000] {logging_mixin.py:190} INFO -  Previous state of the Task instance: running
[2024-12-11T20:31:07.101+0000] {logging_mixin.py:190} INFO - Dag name:fetch_and_store_amazon_books queued_at:2024-12-11 20:30:56.495612+00:00
[2024-12-11T20:31:07.101+0000] {logging_mixin.py:190} INFO - Task hostname:aaf3c4c4d810 operator:PostgresOperator
[2024-12-11T20:31:07.140+0000] {local_task_job_runner.py:266} INFO - Task exited with return code 0
[2024-12-11T20:31:07.176+0000] {taskinstance.py:3895} INFO - 1 downstream tasks scheduled from follow-on schedule check
[2024-12-11T20:31:07.183+0000] {local_task_job_runner.py:245} INFO - ::endgroup::
