[2024-12-11T21:26:02.524+0000] {local_task_job_runner.py:123} INFO - ::group::Pre task execution logs
[2024-12-11T21:26:02.539+0000] {taskinstance.py:2613} INFO - Dependencies all met for dep_context=non-requeueable deps ti=<TaskInstance: fetch_and_store_google_books.fetch_book_data scheduled__2024-11-11T00:00:00+00:00 [queued]>
[2024-12-11T21:26:02.547+0000] {taskinstance.py:2613} INFO - Dependencies all met for dep_context=requeueable deps ti=<TaskInstance: fetch_and_store_google_books.fetch_book_data scheduled__2024-11-11T00:00:00+00:00 [queued]>
[2024-12-11T21:26:02.548+0000] {taskinstance.py:2866} INFO - Starting attempt 1 of 2
[2024-12-11T21:26:02.559+0000] {taskinstance.py:2889} INFO - Executing <Task(PythonOperator): fetch_book_data> on 2024-11-11 00:00:00+00:00
[2024-12-11T21:26:02.568+0000] {warnings.py:112} WARNING - /home/***/.local/lib/python3.12/site-packages/***/task/task_runner/standard_task_runner.py:70: DeprecationWarning: This process (pid=2071) is multi-threaded, use of fork() may lead to deadlocks in the child.
  pid = os.fork()

[2024-12-11T21:26:02.569+0000] {standard_task_runner.py:72} INFO - Started process 2085 to run task
[2024-12-11T21:26:02.570+0000] {standard_task_runner.py:104} INFO - Running: ['***', 'tasks', 'run', 'fetch_and_store_google_books', 'fetch_book_data', 'scheduled__2024-11-11T00:00:00+00:00', '--job-id', '1116', '--raw', '--subdir', 'DAGS_FOLDER/dag2.py', '--cfg-path', '/tmp/tmpy3aai59f']
[2024-12-11T21:26:02.571+0000] {standard_task_runner.py:105} INFO - Job 1116: Subtask fetch_book_data
[2024-12-11T21:26:02.615+0000] {task_command.py:467} INFO - Running <TaskInstance: fetch_and_store_google_books.fetch_book_data scheduled__2024-11-11T00:00:00+00:00 [running]> on host bb74d1700244
[2024-12-11T21:26:02.694+0000] {taskinstance.py:3132} INFO - Exporting env vars: AIRFLOW_CTX_DAG_OWNER='***' AIRFLOW_CTX_DAG_ID='fetch_and_store_google_books' AIRFLOW_CTX_TASK_ID='fetch_book_data' AIRFLOW_CTX_EXECUTION_DATE='2024-11-11T00:00:00+00:00' AIRFLOW_CTX_TRY_NUMBER='1' AIRFLOW_CTX_DAG_RUN_ID='scheduled__2024-11-11T00:00:00+00:00'
[2024-12-11T21:26:02.696+0000] {logging_mixin.py:190} INFO - Task instance is in running state
[2024-12-11T21:26:02.696+0000] {logging_mixin.py:190} INFO -  Previous state of the Task instance: queued
[2024-12-11T21:26:02.696+0000] {logging_mixin.py:190} INFO - Current task name:fetch_book_data state:running start_date:2024-12-11 21:26:02.540343+00:00
[2024-12-11T21:26:02.697+0000] {logging_mixin.py:190} INFO - Dag name:fetch_and_store_google_books and current dag run status:running
[2024-12-11T21:26:02.697+0000] {taskinstance.py:731} INFO - ::endgroup::
[2024-12-11T21:26:08.459+0000] {python.py:240} INFO - Done. Returned value was: None
[2024-12-11T21:26:08.476+0000] {taskinstance.py:340} INFO - ::group::Post task execution logs
[2024-12-11T21:26:08.478+0000] {taskinstance.py:352} INFO - Marking task as SUCCESS. dag_id=fetch_and_store_google_books, task_id=fetch_book_data, run_id=scheduled__2024-11-11T00:00:00+00:00, execution_date=20241111T000000, start_date=20241211T212602, end_date=20241211T212608
[2024-12-11T21:26:08.613+0000] {logging_mixin.py:190} INFO - Task instance in success state
[2024-12-11T21:26:08.614+0000] {logging_mixin.py:190} INFO -  Previous state of the Task instance: running
[2024-12-11T21:26:08.616+0000] {logging_mixin.py:190} INFO - Dag name:fetch_and_store_google_books queued_at:2024-12-11 21:26:00.085574+00:00
[2024-12-11T21:26:08.619+0000] {logging_mixin.py:190} INFO - Task hostname:bb74d1700244 operator:PythonOperator
[2024-12-11T21:26:08.657+0000] {local_task_job_runner.py:266} INFO - Task exited with return code 0
[2024-12-11T21:26:08.713+0000] {taskinstance.py:3895} INFO - 1 downstream tasks scheduled from follow-on schedule check
[2024-12-11T21:26:08.715+0000] {local_task_job_runner.py:245} INFO - ::endgroup::
