[2024-12-11T21:25:46.375+0000] {local_task_job_runner.py:123} INFO - ::group::Pre task execution logs
[2024-12-11T21:25:46.426+0000] {taskinstance.py:2613} INFO - Dependencies all met for dep_context=non-requeueable deps ti=<TaskInstance: fetch_and_store_google_books.create_table scheduled__2024-10-31T00:00:00+00:00 [queued]>
[2024-12-11T21:25:46.440+0000] {taskinstance.py:2613} INFO - Dependencies all met for dep_context=requeueable deps ti=<TaskInstance: fetch_and_store_google_books.create_table scheduled__2024-10-31T00:00:00+00:00 [queued]>
[2024-12-11T21:25:46.442+0000] {taskinstance.py:2866} INFO - Starting attempt 1 of 2
[2024-12-11T21:25:46.473+0000] {taskinstance.py:2889} INFO - Executing <Task(PostgresOperator): create_table> on 2024-10-31 00:00:00+00:00
[2024-12-11T21:25:46.490+0000] {warnings.py:112} WARNING - /home/***/.local/lib/python3.12/site-packages/***/task/task_runner/standard_task_runner.py:70: DeprecationWarning: This process (pid=1942) is multi-threaded, use of fork() may lead to deadlocks in the child.
  pid = os.fork()

[2024-12-11T21:25:46.492+0000] {standard_task_runner.py:72} INFO - Started process 1974 to run task
[2024-12-11T21:25:46.499+0000] {standard_task_runner.py:104} INFO - Running: ['***', 'tasks', 'run', 'fetch_and_store_google_books', 'create_table', 'scheduled__2024-10-31T00:00:00+00:00', '--job-id', '1085', '--raw', '--subdir', 'DAGS_FOLDER/dag2.py', '--cfg-path', '/tmp/tmpjebwxd_7']
[2024-12-11T21:25:46.501+0000] {standard_task_runner.py:105} INFO - Job 1085: Subtask create_table
[2024-12-11T21:25:46.626+0000] {task_command.py:467} INFO - Running <TaskInstance: fetch_and_store_google_books.create_table scheduled__2024-10-31T00:00:00+00:00 [running]> on host bb74d1700244
[2024-12-11T21:25:46.910+0000] {taskinstance.py:3132} INFO - Exporting env vars: AIRFLOW_CTX_DAG_OWNER='***' AIRFLOW_CTX_DAG_ID='fetch_and_store_google_books' AIRFLOW_CTX_TASK_ID='create_table' AIRFLOW_CTX_EXECUTION_DATE='2024-10-31T00:00:00+00:00' AIRFLOW_CTX_TRY_NUMBER='1' AIRFLOW_CTX_DAG_RUN_ID='scheduled__2024-10-31T00:00:00+00:00'
[2024-12-11T21:25:46.915+0000] {logging_mixin.py:190} INFO - Task instance is in running state
[2024-12-11T21:25:46.917+0000] {logging_mixin.py:190} INFO -  Previous state of the Task instance: queued
[2024-12-11T21:25:46.917+0000] {logging_mixin.py:190} INFO - Current task name:create_table state:running start_date:2024-12-11 21:25:46.427326+00:00
[2024-12-11T21:25:46.918+0000] {logging_mixin.py:190} INFO - Dag name:fetch_and_store_google_books and current dag run status:running
[2024-12-11T21:25:46.918+0000] {taskinstance.py:731} INFO - ::endgroup::
[2024-12-11T21:25:46.920+0000] {sql.py:278} INFO - Executing:  
        CREATE TABLE IF NOT EXISTS google_books (
            id SERIAL PRIMARY KEY,
            title TEXT NOT NULL,
            authors TEXT,
            price TEXT,
            rating TEXT,
            link TEXT
        );
        
[2024-12-11T21:25:46.949+0000] {base.py:84} INFO - Retrieving connection 'books_connection2'
[2024-12-11T21:25:46.984+0000] {base.py:84} INFO - Retrieving connection 'books_connection2'
[2024-12-11T21:25:47.016+0000] {sql.py:544} INFO - Running statement:  
        CREATE TABLE IF NOT EXISTS google_books (
            id SERIAL PRIMARY KEY,
            title TEXT NOT NULL,
            authors TEXT,
            price TEXT,
            rating TEXT,
            link TEXT
        );
        , parameters: None
[2024-12-11T21:25:47.078+0000] {taskinstance.py:340} INFO - ::group::Post task execution logs
[2024-12-11T21:25:47.080+0000] {taskinstance.py:352} INFO - Marking task as SUCCESS. dag_id=fetch_and_store_google_books, task_id=create_table, run_id=scheduled__2024-10-31T00:00:00+00:00, execution_date=20241031T000000, start_date=20241211T212546, end_date=20241211T212547
[2024-12-11T21:25:47.096+0000] {logging_mixin.py:190} INFO - Task instance in success state
[2024-12-11T21:25:47.100+0000] {logging_mixin.py:190} INFO -  Previous state of the Task instance: running
[2024-12-11T21:25:47.101+0000] {logging_mixin.py:190} INFO - Dag name:fetch_and_store_google_books queued_at:2024-12-11 21:25:29.244262+00:00
[2024-12-11T21:25:47.102+0000] {logging_mixin.py:190} INFO - Task hostname:bb74d1700244 operator:PostgresOperator
[2024-12-11T21:25:47.170+0000] {local_task_job_runner.py:266} INFO - Task exited with return code 0
[2024-12-11T21:25:47.227+0000] {taskinstance.py:3895} INFO - 1 downstream tasks scheduled from follow-on schedule check
[2024-12-11T21:25:47.245+0000] {local_task_job_runner.py:245} INFO - ::endgroup::
