[2024-12-11T20:29:58.507+0000] {local_task_job_runner.py:123} INFO - ::group::Pre task execution logs
[2024-12-11T20:29:58.529+0000] {taskinstance.py:2613} INFO - Dependencies all met for dep_context=non-requeueable deps ti=<TaskInstance: fetch_and_store_amazon_books.create_table scheduled__2024-09-15T00:00:00+00:00 [queued]>
[2024-12-11T20:29:58.539+0000] {taskinstance.py:2613} INFO - Dependencies all met for dep_context=requeueable deps ti=<TaskInstance: fetch_and_store_amazon_books.create_table scheduled__2024-09-15T00:00:00+00:00 [queued]>
[2024-12-11T20:29:58.540+0000] {taskinstance.py:2866} INFO - Starting attempt 2 of 2
[2024-12-11T20:29:58.555+0000] {taskinstance.py:2889} INFO - Executing <Task(PostgresOperator): create_table> on 2024-09-15 00:00:00+00:00
[2024-12-11T20:29:58.565+0000] {warnings.py:112} WARNING - /home/***/.local/lib/python3.12/site-packages/***/task/task_runner/standard_task_runner.py:70: DeprecationWarning: This process (pid=1988) is multi-threaded, use of fork() may lead to deadlocks in the child.
  pid = os.fork()

[2024-12-11T20:29:58.567+0000] {standard_task_runner.py:72} INFO - Started process 1996 to run task
[2024-12-11T20:29:58.568+0000] {standard_task_runner.py:104} INFO - Running: ['***', 'tasks', 'run', 'fetch_and_store_amazon_books', 'create_table', 'scheduled__2024-09-15T00:00:00+00:00', '--job-id', '317', '--raw', '--subdir', 'DAGS_FOLDER/app.py', '--cfg-path', '/tmp/tmpmrpaz8q9']
[2024-12-11T20:29:58.569+0000] {standard_task_runner.py:105} INFO - Job 317: Subtask create_table
[2024-12-11T20:29:58.635+0000] {task_command.py:467} INFO - Running <TaskInstance: fetch_and_store_amazon_books.create_table scheduled__2024-09-15T00:00:00+00:00 [running]> on host aaf3c4c4d810
[2024-12-11T20:29:58.738+0000] {taskinstance.py:3132} INFO - Exporting env vars: AIRFLOW_CTX_DAG_OWNER='***' AIRFLOW_CTX_DAG_ID='fetch_and_store_amazon_books' AIRFLOW_CTX_TASK_ID='create_table' AIRFLOW_CTX_EXECUTION_DATE='2024-09-15T00:00:00+00:00' AIRFLOW_CTX_TRY_NUMBER='2' AIRFLOW_CTX_DAG_RUN_ID='scheduled__2024-09-15T00:00:00+00:00'
[2024-12-11T20:29:58.740+0000] {logging_mixin.py:190} INFO - Task instance is in running state
[2024-12-11T20:29:58.740+0000] {logging_mixin.py:190} INFO -  Previous state of the Task instance: queued
[2024-12-11T20:29:58.741+0000] {logging_mixin.py:190} INFO - Current task name:create_table state:running start_date:2024-12-11 20:29:58.530075+00:00
[2024-12-11T20:29:58.741+0000] {logging_mixin.py:190} INFO - Dag name:fetch_and_store_amazon_books and current dag run status:running
[2024-12-11T20:29:58.741+0000] {taskinstance.py:731} INFO - ::endgroup::
[2024-12-11T20:29:58.742+0000] {sql.py:278} INFO - Executing: 
    CREATE TABLE IF NOT EXISTS books (
        id SERIAL PRIMARY KEY,
        title TEXT NOT NULL,
        authors TEXT,
        price TEXT,
        rating TEXT
    );
    
[2024-12-11T20:29:58.752+0000] {base.py:84} INFO - Retrieving connection 'books_connection'
[2024-12-11T20:29:58.763+0000] {base.py:84} INFO - Retrieving connection 'books_connection'
[2024-12-11T20:29:58.767+0000] {sql.py:544} INFO - Running statement: 
    CREATE TABLE IF NOT EXISTS books (
        id SERIAL PRIMARY KEY,
        title TEXT NOT NULL,
        authors TEXT,
        price TEXT,
        rating TEXT
    );
    , parameters: None
[2024-12-11T20:29:58.777+0000] {taskinstance.py:340} INFO - ::group::Post task execution logs
[2024-12-11T20:29:58.778+0000] {taskinstance.py:352} INFO - Marking task as SUCCESS. dag_id=fetch_and_store_amazon_books, task_id=create_table, run_id=scheduled__2024-09-15T00:00:00+00:00, execution_date=20240915T000000, start_date=20241211T202958, end_date=20241211T202958
[2024-12-11T20:29:58.787+0000] {logging_mixin.py:190} INFO - Task instance in success state
[2024-12-11T20:29:58.787+0000] {logging_mixin.py:190} INFO -  Previous state of the Task instance: running
[2024-12-11T20:29:58.788+0000] {logging_mixin.py:190} INFO - Dag name:fetch_and_store_amazon_books queued_at:2024-12-11 20:24:50.840551+00:00
[2024-12-11T20:29:58.788+0000] {logging_mixin.py:190} INFO - Task hostname:aaf3c4c4d810 operator:PostgresOperator
[2024-12-11T20:29:58.822+0000] {local_task_job_runner.py:266} INFO - Task exited with return code 0
[2024-12-11T20:29:58.849+0000] {taskinstance.py:3895} INFO - 1 downstream tasks scheduled from follow-on schedule check
[2024-12-11T20:29:58.852+0000] {local_task_job_runner.py:245} INFO - ::endgroup::
