[2024-12-11T21:26:40.494+0000] {local_task_job_runner.py:123} INFO - ::group::Pre task execution logs
[2024-12-11T21:26:40.515+0000] {taskinstance.py:2613} INFO - Dependencies all met for dep_context=non-requeueable deps ti=<TaskInstance: fetch_and_store_google_books.create_table scheduled__2024-11-29T00:00:00+00:00 [queued]>
[2024-12-11T21:26:40.526+0000] {taskinstance.py:2613} INFO - Dependencies all met for dep_context=requeueable deps ti=<TaskInstance: fetch_and_store_google_books.create_table scheduled__2024-11-29T00:00:00+00:00 [queued]>
[2024-12-11T21:26:40.527+0000] {taskinstance.py:2866} INFO - Starting attempt 1 of 2
[2024-12-11T21:26:40.545+0000] {taskinstance.py:2889} INFO - Executing <Task(PostgresOperator): create_table> on 2024-11-29 00:00:00+00:00
[2024-12-11T21:26:40.558+0000] {warnings.py:112} WARNING - /home/***/.local/lib/python3.12/site-packages/***/task/task_runner/standard_task_runner.py:70: DeprecationWarning: This process (pid=2308) is multi-threaded, use of fork() may lead to deadlocks in the child.
  pid = os.fork()

[2024-12-11T21:26:40.560+0000] {standard_task_runner.py:72} INFO - Started process 2332 to run task
[2024-12-11T21:26:40.561+0000] {standard_task_runner.py:104} INFO - Running: ['***', 'tasks', 'run', 'fetch_and_store_google_books', 'create_table', 'scheduled__2024-11-29T00:00:00+00:00', '--job-id', '1176', '--raw', '--subdir', 'DAGS_FOLDER/dag2.py', '--cfg-path', '/tmp/tmppm2sp9m_']
[2024-12-11T21:26:40.562+0000] {standard_task_runner.py:105} INFO - Job 1176: Subtask create_table
[2024-12-11T21:26:40.617+0000] {task_command.py:467} INFO - Running <TaskInstance: fetch_and_store_google_books.create_table scheduled__2024-11-29T00:00:00+00:00 [running]> on host bb74d1700244
[2024-12-11T21:26:40.757+0000] {taskinstance.py:3132} INFO - Exporting env vars: AIRFLOW_CTX_DAG_OWNER='***' AIRFLOW_CTX_DAG_ID='fetch_and_store_google_books' AIRFLOW_CTX_TASK_ID='create_table' AIRFLOW_CTX_EXECUTION_DATE='2024-11-29T00:00:00+00:00' AIRFLOW_CTX_TRY_NUMBER='1' AIRFLOW_CTX_DAG_RUN_ID='scheduled__2024-11-29T00:00:00+00:00'
[2024-12-11T21:26:40.759+0000] {logging_mixin.py:190} INFO - Task instance is in running state
[2024-12-11T21:26:40.760+0000] {logging_mixin.py:190} INFO -  Previous state of the Task instance: queued
[2024-12-11T21:26:40.760+0000] {logging_mixin.py:190} INFO - Current task name:create_table state:running start_date:2024-12-11 21:26:40.516441+00:00
[2024-12-11T21:26:40.761+0000] {logging_mixin.py:190} INFO - Dag name:fetch_and_store_google_books and current dag run status:running
[2024-12-11T21:26:40.761+0000] {taskinstance.py:731} INFO - ::endgroup::
[2024-12-11T21:26:40.762+0000] {sql.py:278} INFO - Executing:  
        CREATE TABLE IF NOT EXISTS google_books (
            id SERIAL PRIMARY KEY,
            title TEXT NOT NULL,
            authors TEXT,
            price TEXT,
            rating TEXT,
            link TEXT
        );
        
[2024-12-11T21:26:40.771+0000] {base.py:84} INFO - Retrieving connection 'books_connection2'
[2024-12-11T21:26:40.779+0000] {base.py:84} INFO - Retrieving connection 'books_connection2'
[2024-12-11T21:26:40.783+0000] {sql.py:544} INFO - Running statement:  
        CREATE TABLE IF NOT EXISTS google_books (
            id SERIAL PRIMARY KEY,
            title TEXT NOT NULL,
            authors TEXT,
            price TEXT,
            rating TEXT,
            link TEXT
        );
        , parameters: None
[2024-12-11T21:26:40.794+0000] {taskinstance.py:340} INFO - ::group::Post task execution logs
[2024-12-11T21:26:40.795+0000] {taskinstance.py:352} INFO - Marking task as SUCCESS. dag_id=fetch_and_store_google_books, task_id=create_table, run_id=scheduled__2024-11-29T00:00:00+00:00, execution_date=20241129T000000, start_date=20241211T212640, end_date=20241211T212640
[2024-12-11T21:26:40.804+0000] {logging_mixin.py:190} INFO - Task instance in success state
[2024-12-11T21:26:40.804+0000] {logging_mixin.py:190} INFO -  Previous state of the Task instance: running
[2024-12-11T21:26:40.804+0000] {logging_mixin.py:190} INFO - Dag name:fetch_and_store_google_books queued_at:2024-12-11 21:26:28.645371+00:00
[2024-12-11T21:26:40.805+0000] {logging_mixin.py:190} INFO - Task hostname:bb74d1700244 operator:PostgresOperator
[2024-12-11T21:26:40.856+0000] {local_task_job_runner.py:266} INFO - Task exited with return code 0
[2024-12-11T21:26:40.876+0000] {taskinstance.py:3895} INFO - 1 downstream tasks scheduled from follow-on schedule check
[2024-12-11T21:26:40.878+0000] {local_task_job_runner.py:245} INFO - ::endgroup::
