[2024-12-14T09:13:02.725+0000] {local_task_job_runner.py:123} INFO - ::group::Pre task execution logs
[2024-12-14T09:13:02.770+0000] {taskinstance.py:2613} INFO - Dependencies all met for dep_context=non-requeueable deps ti=<TaskInstance: fetch_and_store_google_books.fetch_book_data scheduled__2024-12-13T00:00:00+00:00 [queued]>
[2024-12-14T09:13:02.791+0000] {taskinstance.py:2613} INFO - Dependencies all met for dep_context=requeueable deps ti=<TaskInstance: fetch_and_store_google_books.fetch_book_data scheduled__2024-12-13T00:00:00+00:00 [queued]>
[2024-12-14T09:13:02.792+0000] {taskinstance.py:2866} INFO - Starting attempt 1 of 2
[2024-12-14T09:13:02.824+0000] {taskinstance.py:2889} INFO - Executing <Task(PythonOperator): fetch_book_data> on 2024-12-13 00:00:00+00:00
[2024-12-14T09:13:02.845+0000] {warnings.py:112} WARNING - /home/***/.local/lib/python3.12/site-packages/***/task/task_runner/standard_task_runner.py:70: DeprecationWarning: This process (pid=11973) is multi-threaded, use of fork() may lead to deadlocks in the child.
  pid = os.fork()

[2024-12-14T09:13:02.849+0000] {standard_task_runner.py:72} INFO - Started process 11979 to run task
[2024-12-14T09:13:02.848+0000] {standard_task_runner.py:104} INFO - Running: ['***', 'tasks', 'run', 'fetch_and_store_google_books', 'fetch_book_data', 'scheduled__2024-12-13T00:00:00+00:00', '--job-id', '1235', '--raw', '--subdir', 'DAGS_FOLDER/dag2.py', '--cfg-path', '/tmp/tmpa8135lzj']
[2024-12-14T09:13:02.851+0000] {standard_task_runner.py:105} INFO - Job 1235: Subtask fetch_book_data
[2024-12-14T09:13:02.943+0000] {task_command.py:467} INFO - Running <TaskInstance: fetch_and_store_google_books.fetch_book_data scheduled__2024-12-13T00:00:00+00:00 [running]> on host bb74d1700244
[2024-12-14T09:13:03.174+0000] {taskinstance.py:3132} INFO - Exporting env vars: AIRFLOW_CTX_DAG_OWNER='***' AIRFLOW_CTX_DAG_ID='fetch_and_store_google_books' AIRFLOW_CTX_TASK_ID='fetch_book_data' AIRFLOW_CTX_EXECUTION_DATE='2024-12-13T00:00:00+00:00' AIRFLOW_CTX_TRY_NUMBER='1' AIRFLOW_CTX_DAG_RUN_ID='scheduled__2024-12-13T00:00:00+00:00'
[2024-12-14T09:13:03.178+0000] {logging_mixin.py:190} INFO - Task instance is in running state
[2024-12-14T09:13:03.179+0000] {logging_mixin.py:190} INFO -  Previous state of the Task instance: queued
[2024-12-14T09:13:03.180+0000] {logging_mixin.py:190} INFO - Current task name:fetch_book_data state:running start_date:2024-12-14 09:13:02.771953+00:00
[2024-12-14T09:13:03.181+0000] {logging_mixin.py:190} INFO - Dag name:fetch_and_store_google_books and current dag run status:running
[2024-12-14T09:13:03.182+0000] {taskinstance.py:731} INFO - ::endgroup::
[2024-12-14T09:13:10.975+0000] {python.py:240} INFO - Done. Returned value was: None
[2024-12-14T09:13:11.006+0000] {taskinstance.py:340} INFO - ::group::Post task execution logs
[2024-12-14T09:13:11.007+0000] {taskinstance.py:352} INFO - Marking task as SUCCESS. dag_id=fetch_and_store_google_books, task_id=fetch_book_data, run_id=scheduled__2024-12-13T00:00:00+00:00, execution_date=20241213T000000, start_date=20241214T091302, end_date=20241214T091311
[2024-12-14T09:13:11.023+0000] {logging_mixin.py:190} INFO - Task instance in success state
[2024-12-14T09:13:11.024+0000] {logging_mixin.py:190} INFO -  Previous state of the Task instance: running
[2024-12-14T09:13:11.025+0000] {logging_mixin.py:190} INFO - Dag name:fetch_and_store_google_books queued_at:2024-12-14 09:12:51.859340+00:00
[2024-12-14T09:13:11.025+0000] {logging_mixin.py:190} INFO - Task hostname:bb74d1700244 operator:PythonOperator
[2024-12-14T09:13:11.049+0000] {local_task_job_runner.py:266} INFO - Task exited with return code 0
[2024-12-14T09:13:11.082+0000] {taskinstance.py:3895} INFO - 1 downstream tasks scheduled from follow-on schedule check
[2024-12-14T09:13:11.085+0000] {local_task_job_runner.py:245} INFO - ::endgroup::
